<?xml version="1.0" encoding="UTF-8"?>
<testsuite name="Базовые тесты Rambler" tests="2" skipped="0" failures="1" errors="0" timestamp="2022-02-03T20:04:09" hostname="Ivans-MacBook-Air.local" time="133.792">
  <properties/>
  <testcase name="Открытие профиля" classname="web.simple.RamblerTest" time="48.341">
    <failure message="org.openqa.selenium.ElementClickInterceptedException: element click intercepted: Element is not clickable at point (470, -159)&#10;  (Session info: chrome=97.0.4692.99)&#10;Build info: version: '4.0.0-beta-1', revision: '9c03156c2b'&#10;System info: host: 'Ivans-MacBook-Air.local', ip: 'fe80:0:0:0:1078:5bba:8804:9462%en0', os.name: 'Mac OS X', os.arch: 'x86_64', os.version: '10.16', java.version: '1.8.0_241'&#10;Driver info: org.openqa.selenium.chrome.ChromeDriver&#10;Command: [944c5d7d3bf48ce3eae830b6e3ff061b, clickElement {id=5cc72b35-9c47-4a75-b062-9a04d2bcb029}]&#10;Capabilities {acceptInsecureCerts: false, browserName: chrome, browserVersion: 97.0.4692.99, chrome: {chromedriverVersion: 97.0.4692.71 (adefa7837d02a..., userDataDir: /var/folders/z9/0ccbxqr90rb...}, goog:chromeOptions: {debuggerAddress: localhost:56235}, javascriptEnabled: true, networkConnectionEnabled: false, pageLoadStrategy: normal, platform: MAC, platformName: MAC, proxy: Proxy(), setWindowRect: true, strictFileInteractability: false, timeouts: {implicit: 0, pageLoad: 300000, script: 30000}, unhandledPromptBehavior: dismiss and notify, webauthn:extension:credBlob: true, webauthn:extension:largeBlob: true, webauthn:virtualAuthenticators: true}&#10;Element: [[ChromeDriver: chrome on MAC (944c5d7d3bf48ce3eae830b6e3ff061b)] -&gt; xpath: //*[text()='Войти']]&#10;Session ID: 944c5d7d3bf48ce3eae830b6e3ff061b" type="org.openqa.selenium.ElementClickInterceptedException">org.openqa.selenium.ElementClickInterceptedException: element click intercepted: Element is not clickable at point (470, -159)
  (Session info: chrome=97.0.4692.99)
Build info: version: '4.0.0-beta-1', revision: '9c03156c2b'
System info: host: 'Ivans-MacBook-Air.local', ip: 'fe80:0:0:0:1078:5bba:8804:9462%en0', os.name: 'Mac OS X', os.arch: 'x86_64', os.version: '10.16', java.version: '1.8.0_241'
Driver info: org.openqa.selenium.chrome.ChromeDriver
Command: [944c5d7d3bf48ce3eae830b6e3ff061b, clickElement {id=5cc72b35-9c47-4a75-b062-9a04d2bcb029}]
Capabilities {acceptInsecureCerts: false, browserName: chrome, browserVersion: 97.0.4692.99, chrome: {chromedriverVersion: 97.0.4692.71 (adefa7837d02a..., userDataDir: /var/folders/z9/0ccbxqr90rb...}, goog:chromeOptions: {debuggerAddress: localhost:56235}, javascriptEnabled: true, networkConnectionEnabled: false, pageLoadStrategy: normal, platform: MAC, platformName: MAC, proxy: Proxy(), setWindowRect: true, strictFileInteractability: false, timeouts: {implicit: 0, pageLoad: 300000, script: 30000}, unhandledPromptBehavior: dismiss and notify, webauthn:extension:credBlob: true, webauthn:extension:largeBlob: true, webauthn:virtualAuthenticators: true}
Element: [[ChromeDriver: chrome on MAC (944c5d7d3bf48ce3eae830b6e3ff061b)] -&gt; xpath: //*[text()='Войти']]
Session ID: 944c5d7d3bf48ce3eae830b6e3ff061b
	at sun.reflect.NativeConstructorAccessorImpl.newInstance0(Native Method)
	at sun.reflect.NativeConstructorAccessorImpl.newInstance(NativeConstructorAccessorImpl.java:62)
	at sun.reflect.DelegatingConstructorAccessorImpl.newInstance(DelegatingConstructorAccessorImpl.java:45)
	at java.lang.reflect.Constructor.newInstance(Constructor.java:423)
	at org.openqa.selenium.remote.codec.w3c.W3CHttpResponseCodec.createException(W3CHttpResponseCodec.java:195)
	at org.openqa.selenium.remote.codec.w3c.W3CHttpResponseCodec.decode(W3CHttpResponseCodec.java:128)
	at org.openqa.selenium.remote.codec.w3c.W3CHttpResponseCodec.decode(W3CHttpResponseCodec.java:52)
	at org.openqa.selenium.remote.HttpCommandExecutor.execute(HttpCommandExecutor.java:181)
	at org.openqa.selenium.remote.service.DriverCommandExecutor.invokeExecute(DriverCommandExecutor.java:153)
	at org.openqa.selenium.remote.service.DriverCommandExecutor.execute(DriverCommandExecutor.java:128)
	at org.openqa.selenium.remote.RemoteWebDriver.execute(RemoteWebDriver.java:620)
	at org.openqa.selenium.remote.RemoteWebElement.execute(RemoteWebElement.java:239)
	at org.openqa.selenium.remote.RemoteWebElement.click(RemoteWebElement.java:77)
	at web.simple.page.LoginPage.clickLogin(LoginPage.java:40)
	at web.simple.page.LoginPage.loginAs(LoginPage.java:49)
	at web.simple.RamblerTest.openProfile(RamblerTest.java:46)
	at sun.reflect.NativeMethodAccessorImpl.invoke0(Native Method)
	at sun.reflect.NativeMethodAccessorImpl.invoke(NativeMethodAccessorImpl.java:62)
	at sun.reflect.DelegatingMethodAccessorImpl.invoke(DelegatingMethodAccessorImpl.java:43)
	at java.lang.reflect.Method.invoke(Method.java:498)
	at org.junit.platform.commons.util.ReflectionUtils.invokeMethod(ReflectionUtils.java:688)
	at org.junit.jupiter.engine.execution.MethodInvocation.proceed(MethodInvocation.java:60)
	at org.junit.jupiter.engine.execution.InvocationInterceptorChain$ValidatingInvocation.proceed(InvocationInterceptorChain.java:131)
	at org.junit.jupiter.api.extension.InvocationInterceptor.interceptTestMethod(InvocationInterceptor.java:117)
	at org.junit.jupiter.engine.execution.ExecutableInvoker$ReflectiveInterceptorCall.lambda$ofVoidMethod$0(ExecutableInvoker.java:115)
	at org.junit.jupiter.engine.execution.ExecutableInvoker.lambda$invoke$0(ExecutableInvoker.java:105)
	at org.junit.jupiter.engine.execution.InvocationInterceptorChain$InterceptedInvocation.proceed(InvocationInterceptorChain.java:106)
	at org.junit.jupiter.engine.extension.TimeoutExtension.intercept(TimeoutExtension.java:149)
	at org.junit.jupiter.engine.extension.TimeoutExtension.interceptTestableMethod(TimeoutExtension.java:140)
	at org.junit.jupiter.engine.extension.TimeoutExtension.interceptTestMethod(TimeoutExtension.java:84)
	at org.junit.jupiter.engine.execution.ExecutableInvoker$ReflectiveInterceptorCall.lambda$ofVoidMethod$0(ExecutableInvoker.java:115)
	at org.junit.jupiter.engine.execution.ExecutableInvoker.lambda$invoke$0(ExecutableInvoker.java:105)
	at org.junit.jupiter.engine.execution.InvocationInterceptorChain$InterceptedInvocation.proceed(InvocationInterceptorChain.java:106)
	at org.junit.jupiter.engine.execution.InvocationInterceptorChain.proceed(InvocationInterceptorChain.java:64)
	at org.junit.jupiter.engine.execution.InvocationInterceptorChain.chainAndInvoke(InvocationInterceptorChain.java:45)
	at org.junit.jupiter.engine.execution.InvocationInterceptorChain.invoke(InvocationInterceptorChain.java:37)
	at org.junit.jupiter.engine.execution.ExecutableInvoker.invoke(ExecutableInvoker.java:104)
	at org.junit.jupiter.engine.execution.ExecutableInvoker.invoke(ExecutableInvoker.java:98)
	at org.junit.jupiter.engine.descriptor.TestMethodTestDescriptor.lambda$invokeTestMethod$6(TestMethodTestDescriptor.java:210)
	at org.junit.platform.engine.support.hierarchical.ThrowableCollector.execute(ThrowableCollector.java:73)
	at org.junit.jupiter.engine.descriptor.TestMethodTestDescriptor.invokeTestMethod(TestMethodTestDescriptor.java:206)
	at org.junit.jupiter.engine.descriptor.TestMethodTestDescriptor.execute(TestMethodTestDescriptor.java:131)
	at org.junit.jupiter.engine.descriptor.TestMethodTestDescriptor.execute(TestMethodTestDescriptor.java:65)
	at org.junit.platform.engine.support.hierarchical.NodeTestTask.lambda$executeRecursively$5(NodeTestTask.java:139)
	at org.junit.platform.engine.support.hierarchical.ThrowableCollector.execute(ThrowableCollector.java:73)
	at org.junit.platform.engine.support.hierarchical.NodeTestTask.lambda$executeRecursively$7(NodeTestTask.java:129)
	at org.junit.platform.engine.support.hierarchical.Node.around(Node.java:137)
	at org.junit.platform.engine.support.hierarchical.NodeTestTask.lambda$executeRecursively$8(NodeTestTask.java:127)
	at org.junit.platform.engine.support.hierarchical.ThrowableCollector.execute(ThrowableCollector.java:73)
	at org.junit.platform.engine.support.hierarchical.NodeTestTask.executeRecursively(NodeTestTask.java:126)
	at org.junit.platform.engine.support.hierarchical.NodeTestTask.execute(NodeTestTask.java:84)
	at java.util.ArrayList.forEach(ArrayList.java:1257)
	at org.junit.platform.engine.support.hierarchical.SameThreadHierarchicalTestExecutorService.invokeAll(SameThreadHierarchicalTestExecutorService.java:38)
	at org.junit.platform.engine.support.hierarchical.NodeTestTask.lambda$executeRecursively$5(NodeTestTask.java:143)
	at org.junit.platform.engine.support.hierarchical.ThrowableCollector.execute(ThrowableCollector.java:73)
	at org.junit.platform.engine.support.hierarchical.NodeTestTask.lambda$executeRecursively$7(NodeTestTask.java:129)
	at org.junit.platform.engine.support.hierarchical.Node.around(Node.java:137)
	at org.junit.platform.engine.support.hierarchical.NodeTestTask.lambda$executeRecursively$8(NodeTestTask.java:127)
	at org.junit.platform.engine.support.hierarchical.ThrowableCollector.execute(ThrowableCollector.java:73)
	at org.junit.platform.engine.support.hierarchical.NodeTestTask.executeRecursively(NodeTestTask.java:126)
	at org.junit.platform.engine.support.hierarchical.NodeTestTask.execute(NodeTestTask.java:84)
	at java.util.ArrayList.forEach(ArrayList.java:1257)
	at org.junit.platform.engine.support.hierarchical.SameThreadHierarchicalTestExecutorService.invokeAll(SameThreadHierarchicalTestExecutorService.java:38)
	at org.junit.platform.engine.support.hierarchical.NodeTestTask.lambda$executeRecursively$5(NodeTestTask.java:143)
	at org.junit.platform.engine.support.hierarchical.ThrowableCollector.execute(ThrowableCollector.java:73)
	at org.junit.platform.engine.support.hierarchical.NodeTestTask.lambda$executeRecursively$7(NodeTestTask.java:129)
	at org.junit.platform.engine.support.hierarchical.Node.around(Node.java:137)
	at org.junit.platform.engine.support.hierarchical.NodeTestTask.lambda$executeRecursively$8(NodeTestTask.java:127)
	at org.junit.platform.engine.support.hierarchical.ThrowableCollector.execute(ThrowableCollector.java:73)
	at org.junit.platform.engine.support.hierarchical.NodeTestTask.executeRecursively(NodeTestTask.java:126)
	at org.junit.platform.engine.support.hierarchical.NodeTestTask.execute(NodeTestTask.java:84)
	at org.junit.platform.engine.support.hierarchical.SameThreadHierarchicalTestExecutorService.submit(SameThreadHierarchicalTestExecutorService.java:32)
	at org.junit.platform.engine.support.hierarchical.HierarchicalTestExecutor.execute(HierarchicalTestExecutor.java:57)
	at org.junit.platform.engine.support.hierarchical.HierarchicalTestEngine.execute(HierarchicalTestEngine.java:51)
	at org.junit.platform.launcher.core.EngineExecutionOrchestrator.execute(EngineExecutionOrchestrator.java:108)
	at org.junit.platform.launcher.core.EngineExecutionOrchestrator.execute(EngineExecutionOrchestrator.java:88)
	at org.junit.platform.launcher.core.EngineExecutionOrchestrator.lambda$execute$0(EngineExecutionOrchestrator.java:54)
	at org.junit.platform.launcher.core.EngineExecutionOrchestrator.withInterceptedStreams(EngineExecutionOrchestrator.java:67)
	at org.junit.platform.launcher.core.EngineExecutionOrchestrator.execute(EngineExecutionOrchestrator.java:52)
	at org.junit.platform.launcher.core.DefaultLauncher.execute(DefaultLauncher.java:96)
	at org.junit.platform.launcher.core.DefaultLauncher.execute(DefaultLauncher.java:75)
	at org.gradle.api.internal.tasks.testing.junitplatform.JUnitPlatformTestClassProcessor$CollectAllTestClassesExecutor.processAllTestClasses(JUnitPlatformTestClassProcessor.java:99)
	at org.gradle.api.internal.tasks.testing.junitplatform.JUnitPlatformTestClassProcessor$CollectAllTestClassesExecutor.access$000(JUnitPlatformTestClassProcessor.java:79)
	at org.gradle.api.internal.tasks.testing.junitplatform.JUnitPlatformTestClassProcessor.stop(JUnitPlatformTestClassProcessor.java:75)
	at org.gradle.api.internal.tasks.testing.SuiteTestClassProcessor.stop(SuiteTestClassProcessor.java:61)
	at sun.reflect.NativeMethodAccessorImpl.invoke0(Native Method)
	at sun.reflect.NativeMethodAccessorImpl.invoke(NativeMethodAccessorImpl.java:62)
	at sun.reflect.DelegatingMethodAccessorImpl.invoke(DelegatingMethodAccessorImpl.java:43)
	at java.lang.reflect.Method.invoke(Method.java:498)
	at org.gradle.internal.dispatch.ReflectionDispatch.dispatch(ReflectionDispatch.java:36)
	at org.gradle.internal.dispatch.ReflectionDispatch.dispatch(ReflectionDispatch.java:24)
	at org.gradle.internal.dispatch.ContextClassLoaderDispatch.dispatch(ContextClassLoaderDispatch.java:33)
	at org.gradle.internal.dispatch.ProxyDispatchAdapter$DispatchingInvocationHandler.invoke(ProxyDispatchAdapter.java:94)
	at com.sun.proxy.$Proxy2.stop(Unknown Source)
	at org.gradle.api.internal.tasks.testing.worker.TestWorker.stop(TestWorker.java:133)
	at sun.reflect.NativeMethodAccessorImpl.invoke0(Native Method)
	at sun.reflect.NativeMethodAccessorImpl.invoke(NativeMethodAccessorImpl.java:62)
	at sun.reflect.DelegatingMethodAccessorImpl.invoke(DelegatingMethodAccessorImpl.java:43)
	at java.lang.reflect.Method.invoke(Method.java:498)
	at org.gradle.internal.dispatch.ReflectionDispatch.dispatch(ReflectionDispatch.java:36)
	at org.gradle.internal.dispatch.ReflectionDispatch.dispatch(ReflectionDispatch.java:24)
	at org.gradle.internal.remote.internal.hub.MessageHubBackedObjectConnection$DispatchWrapper.dispatch(MessageHubBackedObjectConnection.java:182)
	at org.gradle.internal.remote.internal.hub.MessageHubBackedObjectConnection$DispatchWrapper.dispatch(MessageHubBackedObjectConnection.java:164)
	at org.gradle.internal.remote.internal.hub.MessageHub$Handler.run(MessageHub.java:414)
	at org.gradle.internal.concurrent.ExecutorPolicy$CatchAndRecordFailures.onExecute(ExecutorPolicy.java:64)
	at org.gradle.internal.concurrent.ManagedExecutorImpl$1.run(ManagedExecutorImpl.java:48)
	at java.util.concurrent.ThreadPoolExecutor.runWorker(ThreadPoolExecutor.java:1149)
	at java.util.concurrent.ThreadPoolExecutor$Worker.run(ThreadPoolExecutor.java:624)
	at org.gradle.internal.concurrent.ThreadFactoryImpl$ManagedThreadRunnable.run(ThreadFactoryImpl.java:56)
	at java.lang.Thread.run(Thread.java:748)
</failure>
  </testcase>
  <testcase name="Проверка логина" classname="web.simple.RamblerTest" time="85.418"/>
  <system-out><![CDATA[]]></system-out>
  <system-err><![CDATA[Starting ChromeDriver 97.0.4692.71 (adefa7837d02a07a604c1e6eff0b3a09422ab88d-refs/branch-heads/4692@{#1247}) on port 18325
Only local connections are allowed.
Please see https://chromedriver.chromium.org/security-considerations for suggestions on keeping ChromeDriver safe.
ChromeDriver was started successfully.
[1643918654.678][INFO]: [944c5d7d3bf48ce3eae830b6e3ff061b] COMMAND InitSession {
   "capabilities": {
      "firstMatch": [ {
         "browserName": "chrome",
         "goog:chromeOptions": {
            "args": [  ],
            "extensions": [  ]
         }
      } ]
   },
   "desiredCapabilities": {
      "browserName": "chrome",
      "goog:chromeOptions": {
         "args": [  ],
         "extensions": [  ]
      }
   }
}
[1643918654.680][INFO]: Populating Preferences file: {
   "alternate_error_pages": {
      "enabled": false
   },
   "autofill": {
      "enabled": false
   },
   "browser": {
      "check_default_browser": false
   },
   "distribution": {
      "import_bookmarks": false,
      "import_history": false,
      "import_search_engine": false,
      "make_chrome_default_for_user": false,
      "skip_first_run_ui": true
   },
   "dns_prefetching": {
      "enabled": false
   },
   "profile": {
      "content_settings": {
         "pattern_pairs": {
            "https://*,*": {
               "media-stream": {
                  "audio": "Default",
                  "video": "Default"
               }
            }
         }
      },
      "default_content_setting_values": {
         "geolocation": 1
      },
      "default_content_settings": {
         "geolocation": 1,
         "mouselock": 1,
         "notifications": 1,
         "popups": 1,
         "ppapi-broker": 1
      },
      "password_manager_enabled": false
   },
   "safebrowsing": {
      "enabled": false
   },
   "search": {
      "suggest_enabled": false
   },
   "translate": {
      "enabled": false
   }
}
[1643918654.680][INFO]: Populating Local State file: {
   "background_mode": {
      "enabled": false
   },
   "ssl": {
      "rev_checking": {
         "enabled": false
      }
   }
}
[1643918654.681][INFO]: Launching chrome: /Applications/Google Chrome.app/Contents/MacOS/Google Chrome --allow-pre-commit-input --disable-background-networking --disable-client-side-phishing-detection --disable-default-apps --disable-hang-monitor --disable-popup-blocking --disable-prompt-on-repost --disable-sync --enable-automation --enable-blink-features=ShadowDOMV0 --enable-logging --log-level=0 --no-first-run --no-service-autorun --password-store=basic --remote-debugging-port=0 --test-type=webdriver --use-mock-keychain --user-data-dir=/var/folders/z9/0ccbxqr90rb3kcdy5ldw50g80000gn/T/.com.google.Chrome.HBqxl1 data:,

DevTools listening on ws://127.0.0.1:56235/devtools/browser/ac1cf912-306f-44e9-a5f4-1e4b1993155b
[1643918656.058][DEBUG]: DevTools HTTP Request: http://localhost:56235/json/version
[1643918662.123][DEBUG]: DevTools HTTP Response: {
   "Browser": "Chrome/97.0.4692.99",
   "Protocol-Version": "1.3",
   "User-Agent": "Mozilla/5.0 (Macintosh; Intel Mac OS X 10_15_7) AppleWebKit/537.36 (KHTML, like Gecko) Chrome/97.0.4692.99 Safari/537.36",
   "V8-Version": "9.7.106.19",
   "WebKit-Version": "537.36 (@d740da257583289dbebd2eb37e8668928fac5ead)",
   "webSocketDebuggerUrl": "ws://localhost:56235/devtools/browser/ac1cf912-306f-44e9-a5f4-1e4b1993155b"
}

[1643918662.123][DEBUG]: DevTools HTTP Request: http://localhost:56235/json/list
[1643918662.194][DEBUG]: DevTools HTTP Response: [ {
   "description": "",
   "devtoolsFrontendUrl": "/devtools/inspector.html?ws=localhost:56235/devtools/page/9C078928568725D01EE14579089CEF80",
   "id": "9C078928568725D01EE14579089CEF80",
   "title": "",
   "type": "page",
   "url": "data:,",
   "webSocketDebuggerUrl": "ws://localhost:56235/devtools/page/9C078928568725D01EE14579089CEF80"
} ]

[1643918662.194][DEBUG]: DevTools HTTP Request: http://localhost:56235/json/list
[1643918662.199][DEBUG]: DevTools HTTP Response: [ {
   "description": "",
   "devtoolsFrontendUrl": "/devtools/inspector.html?ws=localhost:56235/devtools/page/9C078928568725D01EE14579089CEF80",
   "id": "9C078928568725D01EE14579089CEF80",
   "title": "",
   "type": "page",
   "url": "data:,",
   "webSocketDebuggerUrl": "ws://localhost:56235/devtools/page/9C078928568725D01EE14579089CEF80"
} ]

[1643918662.205][INFO]: resolved localhost to ["127.0.0.1","::1"]
[1643918662.258][DEBUG]: DevTools WebSocket Command: Page.addScriptToEvaluateOnNewDocument (id=1) 9C078928568725D01EE14579089CEF80 {
   "source": "(function () {window.cdc_adoQpoasnfa76pfcZLmcfl_Array = window.Array;window.cdc_adoQpoasnfa76pfcZLmcfl_Promise = window.Promise;window.cdc_adoQpoasnfa76pfcZLmcfl_Symbol = window.Symbol;}) ();"
}
[1643918662.259][DEBUG]: DevTools WebSocket Command: Runtime.evaluate (id=2) 9C078928568725D01EE14579089CEF80 {
   "expression": "(function () {window.cdc_adoQpoasnfa76pfcZLmcfl_Array = window.Array;window.cdc_adoQpoasnfa76pfcZLmcfl_Promise = window.Promise;window.cdc_adoQpoasnfa76pfcZLmcfl_Symbol = window.Symbol;}) ();"
}
[1643918662.260][DEBUG]: DevTools WebSocket Command: Log.enable (id=3) 9C078928568725D01EE14579089CEF80 {

}
[1643918662.261][DEBUG]: DevTools WebSocket Command: DOM.getDocument (id=4) 9C078928568725D01EE14579089CEF80 {

}
[1643918662.261][DEBUG]: DevTools WebSocket Command: Target.setAutoAttach (id=5) 9C078928568725D01EE14579089CEF80 {
   "autoAttach": true,
   "flatten": true,
   "waitForDebuggerOnStart": false
}
[1643918662.261][DEBUG]: DevTools WebSocket Command: Page.enable (id=6) 9C078928568725D01EE14579089CEF80 {

}
[1643918662.262][DEBUG]: DevTools WebSocket Command: Page.enable (id=7) 9C078928568725D01EE14579089CEF80 {

}
[1643918662.462][DEBUG]: DevTools WebSocket Response: Page.addScriptToEvaluateOnNewDocument (id=1) 9C078928568725D01EE14579089CEF80 {
   "identifier": "1"
}
[1643918662.462][DEBUG]: DevTools WebSocket Response: Runtime.evaluate (id=2) 9C078928568725D01EE14579089CEF80 {
   "result": {
      "type": "undefined"
   }
}
[1643918662.462][DEBUG]: DevTools WebSocket Response: Log.enable (id=3) 9C078928568725D01EE14579089CEF80 {

}
[1643918662.462][DEBUG]: DevTools WebSocket Response: DOM.getDocument (id=4) 9C078928568725D01EE14579089CEF80 {
   "root": {
      "backendNodeId": 1,
      "baseURL": "data:,",
      "childNodeCount": 0,
      "children": [  ],
      "compatibilityMode": "NoQuirksMode",
      "documentURL": "data:,",
      "localName": "",
      "nodeId": 1,
      "nodeName": "#document",
      "nodeType": 9,
      "nodeValue": "",
      "xmlVersion": ""
   }
}
[1643918662.462][DEBUG]: DevTools WebSocket Response: Target.setAutoAttach (id=5) 9C078928568725D01EE14579089CEF80 {

}
[1643918662.462][DEBUG]: DevTools WebSocket Response: Page.enable (id=6) 9C078928568725D01EE14579089CEF80 {

}
[1643918662.472][DEBUG]: DevTools WebSocket Response: Page.enable (id=7) 9C078928568725D01EE14579089CEF80 {

}
[1643918662.472][DEBUG]: DevTools WebSocket Command: Runtime.enable (id=8) 9C078928568725D01EE14579089CEF80 {

}
[1643918662.483][DEBUG]: DevTools WebSocket Event: DOM.childNodeInserted 9C078928568725D01EE14579089CEF80 {
   "node": {
      "attributes": [  ],
      "backendNodeId": 2,
      "childNodeCount": 0,
      "frameId": "9C078928568725D01EE14579089CEF80",
      "localName": "html",
      "nodeId": 2,
      "nodeName": "HTML",
      "nodeType": 1,
      "nodeValue": ""
   },
   "parentNodeId": 1,
   "previousNodeId": 0
}
[1643918662.483][DEBUG]: DevTools WebSocket Event: DOM.childNodeCountUpdated 9C078928568725D01EE14579089CEF80 {
   "childNodeCount": 1,
   "nodeId": 2
}
[1643918662.483][DEBUG]: DevTools WebSocket Event: DOM.childNodeCountUpdated 9C078928568725D01EE14579089CEF80 {
   "childNodeCount": 2,
   "nodeId": 2
}
[1643918662.483][DEBUG]: DevTools WebSocket Event: Page.loadEventFired 9C078928568725D01EE14579089CEF80 {
   "timestamp": 588011.893878
}
[1643918662.483][DEBUG]: DevTools WebSocket Command: Runtime.evaluate (id=9) 9C078928568725D01EE14579089CEF80 {
   "awaitPromise": false,
   "expression": "document.readyState",
   "returnByValue": true
}
[1643918662.483][DEBUG]: DevTools WebSocket Event: Page.frameStoppedLoading 9C078928568725D01EE14579089CEF80 {
   "frameId": "9C078928568725D01EE14579089CEF80"
}
[1643918662.483][DEBUG]: DevTools WebSocket Event: DOM.documentUpdated 9C078928568725D01EE14579089CEF80 {

}
[1643918662.483][DEBUG]: DevTools WebSocket Command: DOM.getDocument (id=10) 9C078928568725D01EE14579089CEF80 {

}
[1643918662.483][DEBUG]: DevTools WebSocket Event: Page.domContentEventFired 9C078928568725D01EE14579089CEF80 {
   "timestamp": 588011.894523
}
[1643918662.555][DEBUG]: DevTools WebSocket Event: Runtime.executionContextCreated 9C078928568725D01EE14579089CEF80 {
   "context": {
      "auxData": {
         "frameId": "9C078928568725D01EE14579089CEF80",
         "isDefault": true,
         "type": "default"
      },
      "id": 1,
      "name": "",
      "origin": "://",
      "uniqueId": "6857704687934706421.4470403554418942284"
   }
}
[1643918662.555][DEBUG]: DevTools WebSocket Response: Runtime.enable (id=8) 9C078928568725D01EE14579089CEF80 {

}
[1643918662.555][DEBUG]: DevTools WebSocket Response: Runtime.evaluate (id=9) 9C078928568725D01EE14579089CEF80 {
   "result": {
      "type": "string",
      "value": "complete"
   }
}
[1643918662.555][DEBUG]: DevTools WebSocket Command: Page.enable (id=11) 9C078928568725D01EE14579089CEF80 {

}
[1643918662.556][DEBUG]: DevTools WebSocket Response: DOM.getDocument (id=10) 9C078928568725D01EE14579089CEF80 {
   "root": {
      "backendNodeId": 1,
      "baseURL": "data:,",
      "childNodeCount": 1,
      "children": [ {
         "attributes": [  ],
         "backendNodeId": 2,
         "childNodeCount": 2,
         "children": [ {
            "attributes": [  ],
            "backendNodeId": 3,
            "childNodeCount": 0,
            "localName": "head",
            "nodeId": 5,
            "nodeName": "HEAD",
            "nodeType": 1,
            "nodeValue": "",
            "parentId": 4
         }, {
            "attributes": [  ],
            "backendNodeId": 4,
            "childNodeCount": 0,
            "localName": "body",
            "nodeId": 6,
            "nodeName": "BODY",
            "nodeType": 1,
            "nodeValue": "",
            "parentId": 4
         } ],
         "frameId": "9C078928568725D01EE14579089CEF80",
         "localName": "html",
         "nodeId": 4,
         "nodeName": "HTML",
         "nodeType": 1,
         "nodeValue": "",
         "parentId": 3
      } ],
      "compatibilityMode": "NoQuirksMode",
      "documentURL": "data:,",
      "localName": "",
      "nodeId": 3,
      "nodeName": "#document",
      "nodeType": 9,
      "nodeValue": "",
      "xmlVersion": ""
   }
}
[1643918662.621][DEBUG]: DevTools WebSocket Response: Page.enable (id=11) 9C078928568725D01EE14579089CEF80 {

}
[1643918662.621][DEBUG]: DevTools WebSocket Command: Runtime.enable (id=12) 9C078928568725D01EE14579089CEF80 {

}
[1643918662.624][DEBUG]: DevTools WebSocket Response: Runtime.enable (id=12) 9C078928568725D01EE14579089CEF80 {

}
[1643918662.625][DEBUG]: DevTools WebSocket Command: Runtime.evaluate (id=13) 9C078928568725D01EE14579089CEF80 {
   "awaitPromise": true,
   "expression": "(function() { // Copyright (c) 2012 The Chromium Authors. All rights reserved.\n// Use of this source code is governed by a BSD-style license that can be\n// found in the LICENSE file.\n\n/**\n * Enum f...",
   "returnByValue": true
}
[1643918662.644][DEBUG]: DevTools WebSocket Response: Runtime.evaluate (id=13) 9C078928568725D01EE14579089CEF80 {
   "result": {
      "type": "object",
      "value": {
         "status": 0,
         "value": 1
      }
   }
}
[1643918662.645][INFO]: [944c5d7d3bf48ce3eae830b6e3ff061b] RESPONSE InitSession {
   "capabilities": {
      "acceptInsecureCerts": false,
      "browserName": "chrome",
      "browserVersion": "97.0.4692.99",
      "chrome": {
         "chromedriverVersion": "97.0.4692.71 (adefa7837d02a07a604c1e6eff0b3a09422ab88d-refs/branch-heads/4692@{#1247})",
         "userDataDir": "/var/folders/z9/0ccbxqr90rb3kcdy5ldw50g80000gn/T/.com.google.Chrome.HBqxl1"
      },
      "goog:chromeOptions": {
         "debuggerAddress": "localhost:56235"
      },
      "networkConnectionEnabled": false,
      "pageLoadStrategy": "normal",
      "platformName": "mac os x",
      "proxy": {

      },
      "setWindowRect": true,
      "strictFileInteractability": false,
      "timeouts": {
         "implicit": 0,
         "pageLoad": 300000,
         "script": 30000
      },
      "unhandledPromptBehavior": "dismiss and notify",
      "webauthn:extension:credBlob": true,
      "webauthn:extension:largeBlob": true,
      "webauthn:virtualAuthenticators": true
   },
   "sessionId": "944c5d7d3bf48ce3eae830b6e3ff061b"
}
Feb 04, 2022 12:04:24 AM org.openqa.selenium.remote.ProtocolHandshake createSession
INFO: Detected dialect: W3C
Feb 04, 2022 12:04:26 AM org.openqa.selenium.devtools.CdpVersionFinder findNearestMatch
WARNING: Unable to find an exact match for CDP version 97, so returning the closest version found: a no-op implementation
Feb 04, 2022 12:04:26 AM org.openqa.selenium.devtools.CdpVersionFinder findNearestMatch
INFO: Unable to find CDP implementation matching 97.
Feb 04, 2022 12:04:26 AM org.openqa.selenium.chromium.ChromiumDriver lambda$new$0
WARNING: Unable to find version of CDP to use for . You may need to include a dependency on a specific version of the CDP using something similar to `org.seleniumhq.selenium:selenium-devtools-v86:4.0.0-beta-1` where the version ("v86") matches the version of the chromium-based browser you're using and the version number of the artifact is the same as Selenium's.
[1643918666.782][INFO]: [944c5d7d3bf48ce3eae830b6e3ff061b] COMMAND SetTimeouts {
   "pageLoad": 300000
}
[1643918666.782][INFO]: [944c5d7d3bf48ce3eae830b6e3ff061b] RESPONSE SetTimeouts
[1643918666.818][INFO]: [944c5d7d3bf48ce3eae830b6e3ff061b] COMMAND Navigate {
   "url": "https://www.rambler.ru"
}
[1643918666.818][INFO]: Waiting for pending navigations...
[1643918666.818][DEBUG]: DevTools WebSocket Command: Runtime.evaluate (id=14) 9C078928568725D01EE14579089CEF80 {
   "expression": "1"
}
[1643918666.819][DEBUG]: DevTools WebSocket Response: Runtime.evaluate (id=14) 9C078928568725D01EE14579089CEF80 {
   "result": {
      "description": "1",
      "type": "number",
      "value": 1
   }
}
[1643918666.819][INFO]: Done waiting for pending navigations. Status: ok
[1643918666.819][DEBUG]: DevTools WebSocket Command: Page.navigate (id=15) 9C078928568725D01EE14579089CEF80 {
   "url": "https://www.rambler.ru"
}
[66090:113415:0204/000430.745910:ERROR:chrome_browser_main_extra_parts_metrics.cc(227)] START: ReportBluetoothAvailability(). If you don't see the END: message, this is crbug.com/1216328.
[66090:113415:0204/000430.746245:ERROR:chrome_browser_main_extra_parts_metrics.cc(230)] END: ReportBluetoothAvailability()
[66090:113415:0204/000430.746336:ERROR:chrome_browser_main_extra_parts_metrics.cc(235)] START: GetDefaultBrowser(). If you don't see the END: message, this is crbug.com/1216328.
[66090:113415:0204/000430.746989:ERROR:chrome_browser_main_extra_parts_metrics.cc(239)] END: GetDefaultBrowser()
[1643918672.760][DEBUG]: DevTools WebSocket Response: Page.navigate (id=15) 9C078928568725D01EE14579089CEF80 {
   "frameId": "9C078928568725D01EE14579089CEF80",
   "loaderId": "6292CB1900EA22A03489E83F7406C06A"
}
[1643918672.760][DEBUG]: DevTools WebSocket Command: Runtime.evaluate (id=16) 9C078928568725D01EE14579089CEF80 {
   "expression": "document.URL"
}
[1643918672.775][DEBUG]: DevTools WebSocket Event: Runtime.executionContextsCleared 9C078928568725D01EE14579089CEF80 {

}
[1643918672.778][DEBUG]: DevTools WebSocket Event: Page.frameStartedLoading 9C078928568725D01EE14579089CEF80 {
   "frameId": "9C078928568725D01EE14579089CEF80"
}
[1643918672.838][DEBUG]: DevTools WebSocket Event: Runtime.executionContextsCleared 9C078928568725D01EE14579089CEF80 {

}
[1643918672.838][DEBUG]: DevTools WebSocket Event: Page.frameNavigated 9C078928568725D01EE14579089CEF80 {
   "frame": {
      "adFrameStatus": {
         "adFrameType": "none"
      },
      "crossOriginIsolatedContextType": "NotIsolated",
      "domainAndRegistry": "rambler.ru",
      "gatedAPIFeatures": [  ],
      "id": "9C078928568725D01EE14579089CEF80",
      "loaderId": "6292CB1900EA22A03489E83F7406C06A",
      "mimeType": "text/html",
      "secureContextType": "Secure",
      "securityOrigin": "https://www.rambler.ru",
      "url": "https://www.rambler.ru/"
   },
   "type": "Navigation"
}
[1643918672.838][DEBUG]: DevTools WebSocket Event: Runtime.executionContextCreated 9C078928568725D01EE14579089CEF80 {
   "context": {
      "auxData": {
         "frameId": "9C078928568725D01EE14579089CEF80",
         "isDefault": true,
         "type": "default"
      },
      "id": 1,
      "name": "",
      "origin": "https://www.rambler.ru",
      "uniqueId": "-4108832188633224823.236331767376464568"
   }
}
[1643918672.838][DEBUG]: DevTools WebSocket Event: DOM.documentUpdated 9C078928568725D01EE14579089CEF80 {

}
[1643918672.838][DEBUG]: DevTools WebSocket Command: DOM.getDocument (id=17) 9C078928568725D01EE14579089CEF80 {

}
[1643918672.864][DEBUG]: DevTools WebSocket Response: Runtime.evaluate (id=16) 9C078928568725D01EE14579089CEF80 {
   "result": {
      "type": "string",
      "value": "https://www.rambler.ru/"
   }
}
[1643918672.864][INFO]: Waiting for pending navigations...
[1643918672.864][DEBUG]: DevTools WebSocket Command: Runtime.evaluate (id=18) 9C078928568725D01EE14579089CEF80 {
   "expression": "1"
}
[1643918672.874][DEBUG]: DevTools WebSocket Response: DOM.getDocument (id=17) 9C078928568725D01EE14579089CEF80 {
   "root": {
      "backendNodeId": 1,
      "baseURL": "https://www.rambler.ru/",
      "childNodeCount": 0,
      "children": [  ],
      "compatibilityMode": "NoQuirksMode",
      "documentURL": "https://www.rambler.ru/",
      "localName": "",
      "nodeId": 1,
      "nodeName": "#document",
      "nodeType": 9,
      "nodeValue": "",
      "xmlVersion": ""
   }
}
[1643918672.875][DEBUG]: DevTools WebSocket Response: Runtime.evaluate (id=18) 9C078928568725D01EE14579089CEF80 {
   "result": {
      "description": "1",
      "type": "number",
      "value": 1
   }
}
[1643918672.915][DEBUG]: DevTools WebSocket Event: DOM.childNodeInserted 9C078928568725D01EE14579089CEF80 {
   "node": {
      "backendNodeId": 2,
      "localName": "",
      "nodeId": 2,
      "nodeName": "html",
      "nodeType": 10,
      "nodeValue": "",
      "publicId": "",
      "systemId": ""
   },
   "parentNodeId": 1,
   "previousNodeId": 0
}
[1643918672.915][DEBUG]: DevTools WebSocket Event: DOM.childNodeInserted 9C078928568725D01EE14579089CEF80 {
   "node": {
      "backendNodeId": 3,
      "localName": "",
      "nodeId": 3,
      "nodeName": "#comment",
      "nodeType": 8,
      "nodeValue": " Hello, stranger! ¯\\_( ͡° ͜ʖ ͡°)_/¯ "
   },
   "parentNodeId": 1,
   "previousNodeId": 2
}
[1643918672.915][DEBUG]: DevTools WebSocket Event: DOM.childNodeInserted 9C078928568725D01EE14579089CEF80 {
   "node": {
      "attributes": [ "class", "no-js", "lang", "ru", "prefix", "og: http://ogp.me/ns#" ],
      "backendNodeId": 4,
      "childNodeCount": 0,
      "frameId": "9C078928568725D01EE14579089CEF80",
      "localName": "html",
      "nodeId": 4,
      "nodeName": "HTML",
      "nodeType": 1,
      "nodeValue": ""
   },
   "parentNodeId": 1,
   "previousNodeId": 3
}
[1643918672.915][DEBUG]: DevTools WebSocket Event: DOM.childNodeCountUpdated 9C078928568725D01EE14579089CEF80 {
   "childNodeCount": 1,
   "nodeId": 4
}
[1643918672.915][DEBUG]: DevTools WebSocket Command: Runtime.evaluate (id=19) 9C078928568725D01EE14579089CEF80 {
   "expression": "1"
}
[1643918672.926][DEBUG]: DevTools WebSocket Response: Runtime.evaluate (id=19) 9C078928568725D01EE14579089CEF80 {
   "result": {
      "description": "1",
      "type": "number",
      "value": 1
   }
}
[1643918673.012][DEBUG]: DevTools WebSocket Event: Page.frameResized 9C078928568725D01EE14579089CEF80 {

}
[1643918673.012][DEBUG]: DevTools WebSocket Command: Runtime.evaluate (id=20) 9C078928568725D01EE14579089CEF80 {
   "expression": "1"
}
[1643918673.021][DEBUG]: DevTools WebSocket Response: Runtime.evaluate (id=20) 9C078928568725D01EE14579089CEF80 {
   "result": {
      "description": "1",
      "type": "number",
      "value": 1
   }
}
[1643918673.354][DEBUG]: DevTools WebSocket Event: DOM.childNodeCountUpdated 9C078928568725D01EE14579089CEF80 {
   "childNodeCount": 2,
   "nodeId": 4
}
[1643918673.354][DEBUG]: DevTools WebSocket Command: Runtime.evaluate (id=21) 9C078928568725D01EE14579089CEF80 {
   "expression": "1"
}
[1643918673.385][DEBUG]: DevTools WebSocket Response: Runtime.evaluate (id=21) 9C078928568725D01EE14579089CEF80 {
   "result": {
      "description": "1",
      "type": "number",
      "value": 1
   }
}
[1643918673.886][DEBUG]: DevTools WebSocket Command: Runtime.evaluate (id=22) 9C078928568725D01EE14579089CEF80 {
   "expression": "1"
}
[1643918673.908][DEBUG]: DevTools WebSocket Event: DOM.documentUpdated 9C078928568725D01EE14579089CEF80 {

}
[1643918673.908][DEBUG]: DevTools WebSocket Command: DOM.getDocument (id=23) 9C078928568725D01EE14579089CEF80 {

}
[1643918673.910][DEBUG]: DevTools WebSocket Event: Page.domContentEventFired 9C078928568725D01EE14579089CEF80 {
   "timestamp": 588023.323986
}
[1643918673.965][DEBUG]: DevTools WebSocket Response: Runtime.evaluate (id=22) 9C078928568725D01EE14579089CEF80 {
   "result": {
      "description": "1",
      "type": "number",
      "value": 1
   }
}
[1643918673.967][DEBUG]: DevTools WebSocket Response: DOM.getDocument (id=23) 9C078928568725D01EE14579089CEF80 {
   "root": {
      "backendNodeId": 1,
      "baseURL": "https://www.rambler.ru/",
      "childNodeCount": 3,
      "children": [ {
         "backendNodeId": 2,
         "localName": "",
         "nodeId": 6,
         "nodeName": "html",
         "nodeType": 10,
         "nodeValue": "",
         "parentId": 5,
         "publicId": "",
         "systemId": ""
      }, {
         "backendNodeId": 3,
         "localName": "",
         "nodeId": 7,
         "nodeName": "#comment",
         "nodeType": 8,
         "nodeValue": " Hello, stranger! ¯\\_( ͡° ͜ʖ ͡°)_/¯ ",
         "parentId": 5
      }, {
         "attributes": [ "class", "no-js", "lang", "ru", "prefix", "og: http://ogp.me/ns#" ],
         "backendNodeId": 4,
         "childNodeCount": 2,
         "children": [ {
            "attributes": [  ],
            "backendNodeId": 5,
            "childNodeCount": 92,
            "localName": "head",
            "nodeId": 9,
            "nodeName": "HEAD",
            "nodeType": 1,
            "nodeValue": "",
            "parentId": 8
         }, {
            "attributes": [  ],
            "backendNodeId": 6,
            "childNodeCount": 19,
            "localName": "body",
            "nodeId": 10,
            "nodeName": "BODY",
            "nodeType": 1,
            "nodeValue": "",
            "parentId": 8
         } ],
         "frameId": "9C078928568725D01EE14579089CEF80",
         "localName": "html",
         "nodeId": 8,
         "nodeName": "HTML",
         "nodeType": 1,
         "nodeValue": "",
         "parentId": 5
      } ],
      "compatibilityMode": "NoQuirksMode",
      "documentURL": "https://www.rambler.ru/",
      "localName": "",
      "nodeId": 5,
      "nodeName": "#document",
      "nodeType": 9,
      "nodeValue": "",
      "xmlVersion": ""
   }
}
[1643918673.967][DEBUG]: DevTools WebSocket Command: Runtime.evaluate (id=24) 9C078928568725D01EE14579089CEF80 {
   "expression": "1"
}
[1643918674.001][DEBUG]: DevTools WebSocket Event: DOM.childNodeCountUpdated 9C078928568725D01EE14579089CEF80 {
   "childNodeCount": 93,
   "nodeId": 9
}
[1643918674.003][DEBUG]: DevTools WebSocket Event: DOM.childNodeCountUpdated 9C078928568725D01EE14579089CEF80 {
   "childNodeCount": 94,
   "nodeId": 9
}
[1643918674.212][DEBUG]: DevTools WebSocket Event: DOM.childNodeCountUpdated 9C078928568725D01EE14579089CEF80 {
   "childNodeCount": 95,
   "nodeId": 9
}
[1643918674.212][DEBUG]: DevTools WebSocket Event: Page.frameAttached 9C078928568725D01EE14579089CEF80 {
   "frameId": "F104A39EE0EA4569C5CC841D3A167543",
   "parentFrameId": "9C078928568725D01EE14579089CEF80",
   "stack": {
      "callFrames": [ {
         "columnNumber": 305096,
         "functionName": "",
         "lineNumber": 0,
         "scriptId": "36",
         "url": "https://www.rambler.ru/assets/desktopVendor.30391685.chunk.js"
      }, {
         "columnNumber": 305315,
         "functionName": "",
         "lineNumber": 0,
         "scriptId": "36",
         "url": "https://www.rambler.ru/assets/desktopVendor.30391685.chunk.js"
      }, {
         "columnNumber": 306789,
         "functionName": "lt",
         "lineNumber": 0,
         "scriptId": "36",
         "url": "https://www.rambler.ru/assets/desktopVendor.30391685.chunk.js"
      }, {
         "columnNumber": 308832,
         "functionName": "t.setupOnce",
         "lineNumber": 0,
         "scriptId": "36",
         "url": "https://www.rambler.ru/assets/desktopVendor.30391685.chunk.js"
      }, {
         "columnNumber": 282432,
         "functionName": "",
         "lineNumber": 0,
         "scriptId": "36",
         "url": "https://www.rambler.ru/assets/desktopVendor.30391685.chunk.js"
      }, {
         "columnNumber": 282509,
         "functionName": "",
         "lineNumber": 0,
         "scriptId": "36",
         "url": "https://www.rambler.ru/assets/desktopVendor.30391685.chunk.js"
      }, {
         "columnNumber": 282360,
         "functionName": "t.setupIntegrations",
         "lineNumber": 0,
         "scriptId": "36",
         "url": "https://www.rambler.ru/assets/desktopVendor.30391685.chunk.js"
      }, {
         "columnNumber": 270268,
         "functionName": "t.bindClient",
         "lineNumber": 0,
         "scriptId": "36",
         "url": "https://www.rambler.ru/assets/desktopVendor.30391685.chunk.js"
      }, {
         "columnNumber": 319691,
         "functionName": "",
         "lineNumber": 0,
         "scriptId": "36",
         "url": "https://www.rambler.ru/assets/desktopVendor.30391685.chunk.js"
      }, {
         "columnNumber": 319705,
         "functionName": "It",
         "lineNumber": 0,
         "scriptId": "36",
         "url": "https://www.rambler.ru/assets/desktopVendor.30391685.chunk.js"
      }, {
         "columnNumber": 57335,
         "functionName": "685",
         "lineNumber": 0,
         "scriptId": "25",
         "url": "https://www.rambler.ru/assets/desk_magnesium.720d5a28.chunk.js"
      }, {
         "columnNumber": 570,
         "functionName": "i",
         "lineNumber": 0,
         "scriptId": "20",
         "url": "https://www.rambler.ru/assets/desk_magnesiumWebpackRuntime.103be4a5.js"
      }, {
         "columnNumber": 429,
         "functionName": "r",
         "lineNumber": 0,
         "scriptId": "20",
         "url": "https://www.rambler.ru/assets/desk_magnesiumWebpackRuntime.103be4a5.js"
      }, {
         "columnNumber": 292,
         "functionName": "t",
         "lineNumber": 0,
         "scriptId": "20",
         "url": "https://www.rambler.ru/assets/desk_magnesiumWebpackRuntime.103be4a5.js"
      }, {
         "columnNumber": 46,
         "functionName": "",
         "lineNumber": 0,
         "scriptId": "36",
         "url": "https://www.rambler.ru/assets/desktopVendor.30391685.chunk.js"
      } ]
   }
}
[1643918674.233][DEBUG]: DevTools WebSocket Event: Page.frameStartedLoading 9C078928568725D01EE14579089CEF80 {
   "frameId": "F104A39EE0EA4569C5CC841D3A167543"
}
[1643918674.356][DEBUG]: DevTools WebSocket Event: Page.frameNavigated 9C078928568725D01EE14579089CEF80 {
   "frame": {
      "adFrameStatus": {
         "adFrameType": "none",
         "explanations": [  ]
      },
      "crossOriginIsolatedContextType": "NotIsolated",
      "domainAndRegistry": "",
      "gatedAPIFeatures": [  ],
      "id": "F104A39EE0EA4569C5CC841D3A167543",
      "loaderId": "26FB3D7466566450689D35693FD0B99E",
      "mimeType": "text/html",
      "name": "",
      "parentId": "9C078928568725D01EE14579089CEF80",
      "secureContextType": "Secure",
      "securityOrigin": "://",
      "url": "about:blank"
   },
   "type": "Navigation"
}
[1643918674.356][DEBUG]: DevTools WebSocket Event: Runtime.executionContextCreated 9C078928568725D01EE14579089CEF80 {
   "context": {
      "auxData": {
         "frameId": "F104A39EE0EA4569C5CC841D3A167543",
         "isDefault": true,
         "type": "default"
      },
      "id": 2,
      "name": "",
      "origin": "https://www.rambler.ru",
      "uniqueId": "6683824266118753304.6669547953173721084"
   }
}
[1643918674.356][DEBUG]: DevTools WebSocket Event: Page.frameStoppedLoading 9C078928568725D01EE14579089CEF80 {
   "frameId": "F104A39EE0EA4569C5CC841D3A167543"
}
[1643918674.392][DEBUG]: DevTools WebSocket Event: DOM.childNodeCountUpdated 9C078928568725D01EE14579089CEF80 {
   "childNodeCount": 94,
   "nodeId": 9
}
[1643918674.392][DEBUG]: DevTools WebSocket Event: Page.frameDetached 9C078928568725D01EE14579089CEF80 {
   "frameId": "F104A39EE0EA4569C5CC841D3A167543",
   "reason": "remove"
}
[1643918674.404][DEBUG]: DevTools WebSocket Response: Runtime.evaluate (id=24) 9C078928568725D01EE14579089CEF80 {
   "result": {
      "description": "1",
      "type": "number",
      "value": 1
   }
}
[1643918674.434][DEBUG]: DevTools WebSocket Event: DOM.childNodeCountUpdated 9C078928568725D01EE14579089CEF80 {
   "childNodeCount": 20,
   "nodeId": 10
}
[1643918674.434][DEBUG]: DevTools WebSocket Event: Page.frameAttached 9C078928568725D01EE14579089CEF80 {
   "frameId": "2DE8BF6456C029C212318B28334E94C3",
   "parentFrameId": "9C078928568725D01EE14579089CEF80",
   "stack": {
      "callFrames": [ {
         "columnNumber": 11499,
         "functionName": "e.install",
         "lineNumber": 0,
         "scriptId": "56",
         "url": "https://id.rambler.ru/rambler-id-helper/auth_events.js"
      }, {
         "columnNumber": 10450,
         "functionName": "e",
         "lineNumber": 0,
         "scriptId": "56",
         "url": "https://id.rambler.ru/rambler-id-helper/auth_events.js"
      }, {
         "columnNumber": 25804,
         "functionName": "e",
         "lineNumber": 0,
         "scriptId": "56",
         "url": "https://id.rambler.ru/rambler-id-helper/auth_events.js"
      }, {
         "columnNumber": 37519,
         "functionName": "Ct",
         "lineNumber": 0,
         "scriptId": "56",
         "url": "https://id.rambler.ru/rambler-id-helper/auth_events.js"
      }, {
         "columnNumber": 37579,
         "functionName": "",
         "lineNumber": 0,
         "scriptId": "56",
         "url": "https://id.rambler.ru/rambler-id-helper/auth_events.js"
      }, {
         "columnNumber": 37636,
         "functionName": "",
         "lineNumber": 0,
         "scriptId": "56",
         "url": "https://id.rambler.ru/rambler-id-helper/auth_events.js"
      }, {
         "columnNumber": 37639,
         "functionName": "",
         "lineNumber": 0,
         "scriptId": "56",
         "url": "https://id.rambler.ru/rambler-id-helper/auth_events.js"
      } ]
   }
}
[1643918674.434][DEBUG]: DevTools WebSocket Command: Runtime.evaluate (id=25) 9C078928568725D01EE14579089CEF80 {
   "expression": "1"
}
[1643918674.441][DEBUG]: DevTools WebSocket Event: Page.frameStartedLoading 9C078928568725D01EE14579089CEF80 {
   "frameId": "2DE8BF6456C029C212318B28334E94C3"
}
[1643918674.518][DEBUG]: DevTools WebSocket Response: Runtime.evaluate (id=25) 9C078928568725D01EE14579089CEF80 {
   "result": {
      "description": "1",
      "type": "number",
      "value": 1
   }
}
[1643918674.539][DEBUG]: DevTools WebSocket Event: Page.frameNavigated 9C078928568725D01EE14579089CEF80 {
   "frame": {
      "adFrameStatus": {
         "adFrameType": "none",
         "explanations": [  ]
      },
      "crossOriginIsolatedContextType": "NotIsolatedFeatureDisabled",
      "domainAndRegistry": "rambler.ru",
      "gatedAPIFeatures": [  ],
      "id": "2DE8BF6456C029C212318B28334E94C3",
      "loaderId": "EADE2B01744D2563487085AABF7B96A4",
      "mimeType": "text/html",
      "name": "",
      "parentId": "9C078928568725D01EE14579089CEF80",
      "secureContextType": "Secure",
      "securityOrigin": "https://id.rambler.ru",
      "url": "https://id.rambler.ru/rambler-id-helper/1.5.27/storage.html"
   },
   "type": "Navigation"
}
[1643918674.539][DEBUG]: DevTools WebSocket Event: Runtime.executionContextCreated 9C078928568725D01EE14579089CEF80 {
   "context": {
      "auxData": {
         "frameId": "2DE8BF6456C029C212318B28334E94C3",
         "isDefault": true,
         "type": "default"
      },
      "id": 3,
      "name": "",
      "origin": "https://id.rambler.ru",
      "uniqueId": "8781164586767092503.-7979447494565460649"
   }
}
[1643918674.539][DEBUG]: DevTools WebSocket Command: Runtime.evaluate (id=26) 9C078928568725D01EE14579089CEF80 {
   "expression": "1"
}
[1643918674.574][DEBUG]: DevTools WebSocket Response: Runtime.evaluate (id=26) 9C078928568725D01EE14579089CEF80 {
   "result": {
      "description": "1",
      "type": "number",
      "value": 1
   }
}
[1643918674.616][DEBUG]: DevTools WebSocket Event: Page.frameStoppedLoading 9C078928568725D01EE14579089CEF80 {
   "frameId": "2DE8BF6456C029C212318B28334E94C3"
}
[1643918674.616][DEBUG]: DevTools WebSocket Command: Runtime.evaluate (id=27) 9C078928568725D01EE14579089CEF80 {
   "expression": "1"
}
[1643918674.620][DEBUG]: DevTools WebSocket Response: Runtime.evaluate (id=27) 9C078928568725D01EE14579089CEF80 {
   "result": {
      "description": "1",
      "type": "number",
      "value": 1
   }
}
[1643918675.121][DEBUG]: DevTools WebSocket Command: Runtime.evaluate (id=28) 9C078928568725D01EE14579089CEF80 {
   "expression": "1"
}
[1643918675.177][DEBUG]: DevTools WebSocket Event: DOM.childNodeCountUpdated 9C078928568725D01EE14579089CEF80 {
   "childNodeCount": 95,
   "nodeId": 9
}
[1643918675.188][DEBUG]: DevTools WebSocket Response: Runtime.evaluate (id=28) 9C078928568725D01EE14579089CEF80 {
   "result": {
      "description": "1",
      "type": "number",
      "value": 1
   }
}
[1643918675.195][DEBUG]: DevTools WebSocket Event: DOM.childNodeCountUpdated 9C078928568725D01EE14579089CEF80 {
   "childNodeCount": 21,
   "nodeId": 10
}
[1643918675.195][DEBUG]: DevTools WebSocket Command: Runtime.evaluate (id=29) 9C078928568725D01EE14579089CEF80 {
   "expression": "1"
}
[1643918675.260][DEBUG]: DevTools WebSocket Response: Runtime.evaluate (id=29) 9C078928568725D01EE14579089CEF80 {
   "result": {
      "description": "1",
      "type": "number",
      "value": 1
   }
}
[1643918675.416][DEBUG]: DevTools WebSocket Event: DOM.childNodeCountUpdated 9C078928568725D01EE14579089CEF80 {
   "childNodeCount": 96,
   "nodeId": 9
}
[1643918675.416][DEBUG]: DevTools WebSocket Event: DOM.childNodeCountUpdated 9C078928568725D01EE14579089CEF80 {
   "childNodeCount": 97,
   "nodeId": 9
}
[1643918675.416][DEBUG]: DevTools WebSocket Command: Runtime.evaluate (id=30) 9C078928568725D01EE14579089CEF80 {
   "expression": "1"
}
[1643918675.418][DEBUG]: DevTools WebSocket Event: DOM.childNodeCountUpdated 9C078928568725D01EE14579089CEF80 {
   "childNodeCount": 98,
   "nodeId": 9
}
[1643918675.418][DEBUG]: DevTools WebSocket Event: DOM.childNodeCountUpdated 9C078928568725D01EE14579089CEF80 {
   "childNodeCount": 99,
   "nodeId": 9
}
[1643918675.418][DEBUG]: DevTools WebSocket Event: DOM.childNodeCountUpdated 9C078928568725D01EE14579089CEF80 {
   "childNodeCount": 100,
   "nodeId": 9
}
[1643918675.418][DEBUG]: DevTools WebSocket Event: DOM.childNodeCountUpdated 9C078928568725D01EE14579089CEF80 {
   "childNodeCount": 22,
   "nodeId": 10
}
[1643918675.424][DEBUG]: DevTools WebSocket Response: Runtime.evaluate (id=30) 9C078928568725D01EE14579089CEF80 {
   "result": {
      "description": "1",
      "type": "number",
      "value": 1
   }
}
[1643918675.725][DEBUG]: DevTools WebSocket Event: DOM.childNodeCountUpdated 9C078928568725D01EE14579089CEF80 {
   "childNodeCount": 21,
   "nodeId": 10
}
[1643918675.725][DEBUG]: DevTools WebSocket Event: DOM.childNodeCountUpdated 9C078928568725D01EE14579089CEF80 {
   "childNodeCount": 22,
   "nodeId": 10
}
[1643918675.725][DEBUG]: DevTools WebSocket Event: DOM.childNodeCountUpdated 9C078928568725D01EE14579089CEF80 {
   "childNodeCount": 21,
   "nodeId": 10
}
[1643918675.725][DEBUG]: DevTools WebSocket Event: DOM.childNodeCountUpdated 9C078928568725D01EE14579089CEF80 {
   "childNodeCount": 22,
   "nodeId": 10
}
[1643918675.725][DEBUG]: DevTools WebSocket Event: DOM.childNodeCountUpdated 9C078928568725D01EE14579089CEF80 {
   "childNodeCount": 23,
   "nodeId": 10
}
[1643918675.725][DEBUG]: DevTools WebSocket Event: DOM.childNodeCountUpdated 9C078928568725D01EE14579089CEF80 {
   "childNodeCount": 24,
   "nodeId": 10
}
[1643918675.725][DEBUG]: DevTools WebSocket Event: DOM.childNodeCountUpdated 9C078928568725D01EE14579089CEF80 {
   "childNodeCount": 25,
   "nodeId": 10
}
[1643918675.725][DEBUG]: DevTools WebSocket Event: DOM.childNodeCountUpdated 9C078928568725D01EE14579089CEF80 {
   "childNodeCount": 24,
   "nodeId": 10
}
[1643918675.725][DEBUG]: DevTools WebSocket Event: DOM.childNodeCountUpdated 9C078928568725D01EE14579089CEF80 {
   "childNodeCount": 25,
   "nodeId": 10
}
[1643918675.725][DEBUG]: DevTools WebSocket Event: DOM.childNodeCountUpdated 9C078928568725D01EE14579089CEF80 {
   "childNodeCount": 101,
   "nodeId": 9
}
[1643918675.725][DEBUG]: DevTools WebSocket Event: DOM.childNodeCountUpdated 9C078928568725D01EE14579089CEF80 {
   "childNodeCount": 102,
   "nodeId": 9
}
[1643918675.725][DEBUG]: DevTools WebSocket Command: Runtime.evaluate (id=31) 9C078928568725D01EE14579089CEF80 {
   "expression": "1"
}
[1643918675.736][DEBUG]: DevTools WebSocket Event: Runtime.executionContextDestroyed 9C078928568725D01EE14579089CEF80 {
   "executionContextId": 2
}
[1643918675.739][DEBUG]: DevTools WebSocket Response: Runtime.evaluate (id=31) 9C078928568725D01EE14579089CEF80 {
   "result": {
      "description": "1",
      "type": "number",
      "value": 1
   }
}
[1643918675.913][DEBUG]: DevTools WebSocket Event: DOM.childNodeCountUpdated 9C078928568725D01EE14579089CEF80 {
   "childNodeCount": 24,
   "nodeId": 10
}
[1643918675.914][DEBUG]: DevTools WebSocket Event: DOM.childNodeCountUpdated 9C078928568725D01EE14579089CEF80 {
   "childNodeCount": 25,
   "nodeId": 10
}
[1643918675.914][DEBUG]: DevTools WebSocket Command: Runtime.evaluate (id=32) 9C078928568725D01EE14579089CEF80 {
   "expression": "1"
}
[1643918675.914][DEBUG]: DevTools WebSocket Event: DOM.childNodeCountUpdated 9C078928568725D01EE14579089CEF80 {
   "childNodeCount": 24,
   "nodeId": 10
}
[1643918675.915][DEBUG]: DevTools WebSocket Event: DOM.childNodeCountUpdated 9C078928568725D01EE14579089CEF80 {
   "childNodeCount": 25,
   "nodeId": 10
}
[1643918675.915][DEBUG]: DevTools WebSocket Event: DOM.childNodeCountUpdated 9C078928568725D01EE14579089CEF80 {
   "childNodeCount": 103,
   "nodeId": 9
}
[1643918675.923][DEBUG]: DevTools WebSocket Event: DOM.childNodeCountUpdated 9C078928568725D01EE14579089CEF80 {
   "childNodeCount": 104,
   "nodeId": 9
}
[1643918675.930][DEBUG]: DevTools WebSocket Response: Runtime.evaluate (id=32) 9C078928568725D01EE14579089CEF80 {
   "result": {
      "description": "1",
      "type": "number",
      "value": 1
   }
}
[1643918675.992][DEBUG]: DevTools WebSocket Event: DOM.childNodeCountUpdated 9C078928568725D01EE14579089CEF80 {
   "childNodeCount": 103,
   "nodeId": 9
}
[1643918675.992][DEBUG]: DevTools WebSocket Command: Runtime.evaluate (id=33) 9C078928568725D01EE14579089CEF80 {
   "expression": "1"
}
[1643918676.145][DEBUG]: DevTools WebSocket Event: Page.frameAttached 9C078928568725D01EE14579089CEF80 {
   "frameId": "FEEF2B4CD67286B21B9FB664D73F4E9C",
   "parentFrameId": "9C078928568725D01EE14579089CEF80",
   "stack": {
      "callFrames": [ {
         "columnNumber": 317474,
         "functionName": "e._insertNonTextBlock",
         "lineNumber": 0,
         "scriptId": "62",
         "url": "https://ssp.rambler.ru/capirs_async.js"
      }, {
         "columnNumber": 315400,
         "functionName": "",
         "lineNumber": 0,
         "scriptId": "62",
         "url": "https://ssp.rambler.ru/capirs_async.js"
      }, {
         "columnNumber": 313925,
         "functionName": "",
         "lineNumber": 0,
         "scriptId": "62",
         "url": "https://ssp.rambler.ru/capirs_async.js"
      }, {
         "columnNumber": 314030,
         "functionName": "",
         "lineNumber": 0,
         "scriptId": "62",
         "url": "https://ssp.rambler.ru/capirs_async.js"
      }, {
         "columnNumber": 312767,
         "functionName": "a",
         "lineNumber": 0,
         "scriptId": "62",
         "url": "https://ssp.rambler.ru/capirs_async.js"
      } ]
   }
}
[1643918676.158][DEBUG]: DevTools WebSocket Event: Page.frameStartedLoading 9C078928568725D01EE14579089CEF80 {
   "frameId": "FEEF2B4CD67286B21B9FB664D73F4E9C"
}
[1643918676.187][DEBUG]: DevTools WebSocket Response: Runtime.evaluate (id=33) 9C078928568725D01EE14579089CEF80 {
   "result": {
      "description": "1",
      "type": "number",
      "value": 1
   }
}
[1643918676.358][DEBUG]: DevTools WebSocket Event: Target.attachedToTarget 9C078928568725D01EE14579089CEF80 {
   "sessionId": "2C23E10D83FDB72F67F086BD06112AE6",
   "targetInfo": {
      "attached": true,
      "browserContextId": "C1BA552A7CCC61B93D47D283FD934518",
      "canAccessOpener": false,
      "targetId": "FEEF2B4CD67286B21B9FB664D73F4E9C",
      "title": "",
      "type": "iframe",
      "url": ""
   },
   "waitingForDebugger": false
}
[1643918676.359][DEBUG]: DevTools WebSocket Command: Page.addScriptToEvaluateOnNewDocument (id=1) 2C23E10D83FDB72F67F086BD06112AE6 {
   "source": "(function () {window.cdc_adoQpoasnfa76pfcZLmcfl_Array = window.Array;window.cdc_adoQpoasnfa76pfcZLmcfl_Promise = window.Promise;window.cdc_adoQpoasnfa76pfcZLmcfl_Symbol = window.Symbol;}) ();"
}
[1643918676.361][DEBUG]: DevTools WebSocket Command: Runtime.evaluate (id=2) 2C23E10D83FDB72F67F086BD06112AE6 {
   "expression": "(function () {window.cdc_adoQpoasnfa76pfcZLmcfl_Array = window.Array;window.cdc_adoQpoasnfa76pfcZLmcfl_Promise = window.Promise;window.cdc_adoQpoasnfa76pfcZLmcfl_Symbol = window.Symbol;}) ();"
}
[1643918676.366][DEBUG]: DevTools WebSocket Command: DOM.getDocument (id=3) 2C23E10D83FDB72F67F086BD06112AE6 {

}
[1643918676.369][DEBUG]: DevTools WebSocket Command: Target.setAutoAttach (id=4) 2C23E10D83FDB72F67F086BD06112AE6 {
   "autoAttach": true,
   "flatten": true,
   "waitForDebuggerOnStart": false
}
[1643918676.372][DEBUG]: DevTools WebSocket Command: Page.enable (id=5) 2C23E10D83FDB72F67F086BD06112AE6 {

}
[1643918676.375][DEBUG]: DevTools WebSocket Command: Page.enable (id=34) 9C078928568725D01EE14579089CEF80 {

}
[1643918676.381][DEBUG]: DevTools WebSocket Response: Page.addScriptToEvaluateOnNewDocument (id=1) 2C23E10D83FDB72F67F086BD06112AE6 {
   "identifier": "1"
}
[1643918676.381][DEBUG]: DevTools WebSocket Response: Runtime.evaluate (id=2) 2C23E10D83FDB72F67F086BD06112AE6 {
   "result": {
      "type": "undefined"
   }
}
[1643918676.382][DEBUG]: DevTools WebSocket Response: DOM.getDocument (id=3) 2C23E10D83FDB72F67F086BD06112AE6 {
   "root": {
      "backendNodeId": 1,
      "baseURL": "https://dsp-rambler.ru/imp/631292055/?url=*kEl8cE*vkXFzieYIFGPG4deMF9Et3N1Ki6-zsuqjnPdPqpV9LM31-B29TnMjuzpx1VGxTAuvxbvuuTzirYd6JMNhi1SgWdc53pOLkrFKlUPIHXtjFGppgX7iOkAcQ3jbKD1dImtId1m8uJsYHZFlV7gYIm...",
      "childNodeCount": 0,
      "children": [  ],
      "compatibilityMode": "NoQuirksMode",
      "documentURL": "https://dsp-rambler.ru/imp/631292055/?url=*kEl8cE*vkXFzieYIFGPG4deMF9Et3N1Ki6-zsuqjnPdPqpV9LM31-B29TnMjuzpx1VGxTAuvxbvuuTzirYd6JMNhi1SgWdc53pOLkrFKlUPIHXtjFGppgX7iOkAcQ3jbKD1dImtId1m8uJsYHZFlV7gYIm...",
      "localName": "",
      "nodeId": 1,
      "nodeName": "#document",
      "nodeType": 9,
      "nodeValue": "",
      "xmlVersion": ""
   }
}
[1643918676.389][DEBUG]: DevTools WebSocket Response: Target.setAutoAttach (id=4) 2C23E10D83FDB72F67F086BD06112AE6 {

}
[1643918676.389][DEBUG]: DevTools WebSocket Response: Page.enable (id=5) 2C23E10D83FDB72F67F086BD06112AE6 {

}
[1643918676.390][DEBUG]: DevTools WebSocket Event: DOM.childNodeInserted 2C23E10D83FDB72F67F086BD06112AE6 {
   "node": {
      "backendNodeId": 2,
      "localName": "",
      "nodeId": 2,
      "nodeName": "#comment",
      "nodeType": 8,
      "nodeValue": "kzgkriay-djjtuatudlf"
   },
   "parentNodeId": 1,
   "previousNodeId": 0
}
[1643918676.390][DEBUG]: DevTools WebSocket Event: DOM.childNodeInserted 2C23E10D83FDB72F67F086BD06112AE6 {
   "node": {
      "backendNodeId": 3,
      "localName": "",
      "nodeId": 3,
      "nodeName": "html",
      "nodeType": 10,
      "nodeValue": "",
      "publicId": "",
      "systemId": ""
   },
   "parentNodeId": 1,
   "previousNodeId": 2
}
[1643918676.390][DEBUG]: DevTools WebSocket Event: DOM.childNodeInserted 2C23E10D83FDB72F67F086BD06112AE6 {
   "node": {
      "attributes": [ "lang", "en" ],
      "backendNodeId": 4,
      "childNodeCount": 0,
      "frameId": "FEEF2B4CD67286B21B9FB664D73F4E9C",
      "localName": "html",
      "nodeId": 4,
      "nodeName": "HTML",
      "nodeType": 1,
      "nodeValue": ""
   },
   "parentNodeId": 1,
   "previousNodeId": 3
}
[1643918676.390][DEBUG]: DevTools WebSocket Event: DOM.childNodeCountUpdated 2C23E10D83FDB72F67F086BD06112AE6 {
   "childNodeCount": 1,
   "nodeId": 4
}
[1643918676.390][DEBUG]: DevTools WebSocket Event: DOM.childNodeCountUpdated 2C23E10D83FDB72F67F086BD06112AE6 {
   "childNodeCount": 2,
   "nodeId": 4
}
[1643918676.393][DEBUG]: DevTools WebSocket Event: DOM.documentUpdated 2C23E10D83FDB72F67F086BD06112AE6 {

}
[1643918676.393][DEBUG]: DevTools WebSocket Command: DOM.getDocument (id=6) 2C23E10D83FDB72F67F086BD06112AE6 {

}
[1643918676.394][DEBUG]: DevTools WebSocket Event: Page.domContentEventFired 2C23E10D83FDB72F67F086BD06112AE6 {
   "timestamp": 588025.810027
}
[1643918676.397][DEBUG]: DevTools WebSocket Response: DOM.getDocument (id=6) 2C23E10D83FDB72F67F086BD06112AE6 {
   "root": {
      "backendNodeId": 1,
      "baseURL": "https://dsp-rambler.ru/imp/631292055/?url=*kEl8cE*vkXFzieYIFGPG4deMF9Et3N1Ki6-zsuqjnPdPqpV9LM31-B29TnMjuzpx1VGxTAuvxbvuuTzirYd6JMNhi1SgWdc53pOLkrFKlUPIHXtjFGppgX7iOkAcQ3jbKD1dImtId1m8uJsYHZFlV7gYIm...",
      "childNodeCount": 3,
      "children": [ {
         "backendNodeId": 2,
         "localName": "",
         "nodeId": 6,
         "nodeName": "#comment",
         "nodeType": 8,
         "nodeValue": "kzgkriay-djjtuatudlf",
         "parentId": 5
      }, {
         "backendNodeId": 3,
         "localName": "",
         "nodeId": 7,
         "nodeName": "html",
         "nodeType": 10,
         "nodeValue": "",
         "parentId": 5,
         "publicId": "",
         "systemId": ""
      }, {
         "attributes": [ "lang", "en" ],
         "backendNodeId": 4,
         "childNodeCount": 2,
         "children": [ {
            "attributes": [  ],
            "backendNodeId": 5,
            "childNodeCount": 8,
            "localName": "head",
            "nodeId": 9,
            "nodeName": "HEAD",
            "nodeType": 1,
            "nodeValue": "",
            "parentId": 8
         }, {
            "attributes": [ "marginwidth", "0", "marginheight", "0" ],
            "backendNodeId": 6,
            "childNodeCount": 1,
            "localName": "body",
            "nodeId": 10,
            "nodeName": "BODY",
            "nodeType": 1,
            "nodeValue": "",
            "parentId": 8
         } ],
         "frameId": "FEEF2B4CD67286B21B9FB664D73F4E9C",
         "localName": "html",
         "nodeId": 8,
         "nodeName": "HTML",
         "nodeType": 1,
         "nodeValue": "",
         "parentId": 5
      } ],
      "compatibilityMode": "NoQuirksMode",
      "documentURL": "https://dsp-rambler.ru/imp/631292055/?url=*kEl8cE*vkXFzieYIFGPG4deMF9Et3N1Ki6-zsuqjnPdPqpV9LM31-B29TnMjuzpx1VGxTAuvxbvuuTzirYd6JMNhi1SgWdc53pOLkrFKlUPIHXtjFGppgX7iOkAcQ3jbKD1dImtId1m8uJsYHZFlV7gYIm...",
      "localName": "",
      "nodeId": 5,
      "nodeName": "#document",
      "nodeType": 9,
      "nodeValue": "",
      "xmlVersion": ""
   }
}
[1643918676.647][DEBUG]: DevTools WebSocket Event: DOM.childNodeCountUpdated 2C23E10D83FDB72F67F086BD06112AE6 {
   "childNodeCount": 2,
   "nodeId": 10
}
[1643918676.657][DEBUG]: DevTools WebSocket Event: Page.frameAttached 9C078928568725D01EE14579089CEF80 {
   "frameId": "70EB427164028DB87EC43A598B62B33F",
   "parentFrameId": "9C078928568725D01EE14579089CEF80",
   "stack": {
      "callFrames": [ {
         "columnNumber": 317474,
         "functionName": "e._insertNonTextBlock",
         "lineNumber": 0,
         "scriptId": "62",
         "url": "https://ssp.rambler.ru/capirs_async.js"
      }, {
         "columnNumber": 315400,
         "functionName": "",
         "lineNumber": 0,
         "scriptId": "62",
         "url": "https://ssp.rambler.ru/capirs_async.js"
      }, {
         "columnNumber": 313925,
         "functionName": "",
         "lineNumber": 0,
         "scriptId": "62",
         "url": "https://ssp.rambler.ru/capirs_async.js"
      }, {
         "columnNumber": 314030,
         "functionName": "",
         "lineNumber": 0,
         "scriptId": "62",
         "url": "https://ssp.rambler.ru/capirs_async.js"
      }, {
         "columnNumber": 312767,
         "functionName": "a",
         "lineNumber": 0,
         "scriptId": "62",
         "url": "https://ssp.rambler.ru/capirs_async.js"
      } ]
   }
}
[1643918676.659][DEBUG]: DevTools WebSocket Event: Page.frameStartedLoading 9C078928568725D01EE14579089CEF80 {
   "frameId": "70EB427164028DB87EC43A598B62B33F"
}
[1643918676.672][DEBUG]: DevTools WebSocket Event: Page.frameNavigated 9C078928568725D01EE14579089CEF80 {
   "frame": {
      "adFrameStatus": {
         "adFrameType": "none",
         "explanations": [  ]
      },
      "crossOriginIsolatedContextType": "NotIsolated",
      "domainAndRegistry": "",
      "gatedAPIFeatures": [  ],
      "id": "70EB427164028DB87EC43A598B62B33F",
      "loaderId": "854290C7554C83D7D42AE91AE93FA6F3",
      "mimeType": "text/html",
      "name": "axhtml-61fcf-35505-f104e",
      "parentId": "9C078928568725D01EE14579089CEF80",
      "secureContextType": "Secure",
      "securityOrigin": "://",
      "url": "about:blank"
   },
   "type": "Navigation"
}
[1643918676.674][DEBUG]: DevTools WebSocket Event: Runtime.executionContextCreated 9C078928568725D01EE14579089CEF80 {
   "context": {
      "auxData": {
         "frameId": "70EB427164028DB87EC43A598B62B33F",
         "isDefault": true,
         "type": "default"
      },
      "id": 4,
      "name": "",
      "origin": "https://www.rambler.ru",
      "uniqueId": "5832166910422515368.4544568980076314775"
   }
}
[1643918676.674][DEBUG]: DevTools WebSocket Event: Page.frameStoppedLoading 9C078928568725D01EE14579089CEF80 {
   "frameId": "70EB427164028DB87EC43A598B62B33F"
}
[1643918676.689][DEBUG]: DevTools WebSocket Event: Page.frameStoppedLoading 9C078928568725D01EE14579089CEF80 {
   "frameId": "FEEF2B4CD67286B21B9FB664D73F4E9C"
}
[1643918676.694][DEBUG]: DevTools WebSocket Event: Page.frameDetached 9C078928568725D01EE14579089CEF80 {
   "frameId": "FEEF2B4CD67286B21B9FB664D73F4E9C",
   "reason": "swap"
}
[1643918676.697][DEBUG]: DevTools WebSocket Response: Page.enable (id=34) 9C078928568725D01EE14579089CEF80 {

}
[1643918676.697][DEBUG]: DevTools WebSocket Command: Runtime.enable (id=7) 2C23E10D83FDB72F67F086BD06112AE6 {

}
[1643918676.699][DEBUG]: DevTools WebSocket Event: Runtime.executionContextCreated 2C23E10D83FDB72F67F086BD06112AE6 {
   "context": {
      "auxData": {
         "frameId": "FEEF2B4CD67286B21B9FB664D73F4E9C",
         "isDefault": true,
         "type": "default"
      },
      "id": 1,
      "name": "",
      "origin": "https://dsp-rambler.ru",
      "uniqueId": "2516810204102935717.-1180366385925580052"
   }
}
[1643918676.699][DEBUG]: DevTools WebSocket Response: Runtime.enable (id=7) 2C23E10D83FDB72F67F086BD06112AE6 {

}
[1643918676.699][DEBUG]: DevTools WebSocket Command: Page.enable (id=8) 2C23E10D83FDB72F67F086BD06112AE6 {

}
[1643918676.704][DEBUG]: DevTools WebSocket Response: Page.enable (id=8) 2C23E10D83FDB72F67F086BD06112AE6 {

}
[1643918676.704][DEBUG]: DevTools WebSocket Command: Runtime.evaluate (id=35) 9C078928568725D01EE14579089CEF80 {
   "expression": "1"
}
[1643918676.797][DEBUG]: DevTools WebSocket Event: DOM.childNodeCountUpdated 9C078928568725D01EE14579089CEF80 {
   "childNodeCount": 102,
   "nodeId": 9
}
[1643918676.813][DEBUG]: DevTools WebSocket Event: DOM.childNodeCountUpdated 9C078928568725D01EE14579089CEF80 {
   "childNodeCount": 103,
   "nodeId": 9
}
[1643918676.813][DEBUG]: DevTools WebSocket Event: DOM.childNodeCountUpdated 9C078928568725D01EE14579089CEF80 {
   "childNodeCount": 104,
   "nodeId": 9
}
[1643918676.814][DEBUG]: DevTools WebSocket Event: Page.documentOpened 9C078928568725D01EE14579089CEF80 {
   "frame": {
      "adFrameStatus": {
         "adFrameType": "none",
         "explanations": [  ]
      },
      "crossOriginIsolatedContextType": "NotIsolated",
      "domainAndRegistry": "rambler.ru",
      "gatedAPIFeatures": [  ],
      "id": "70EB427164028DB87EC43A598B62B33F",
      "loaderId": "854290C7554C83D7D42AE91AE93FA6F3",
      "mimeType": "text/html",
      "name": "axhtml-61fcf-35505-f104e",
      "parentId": "9C078928568725D01EE14579089CEF80",
      "secureContextType": "Secure",
      "securityOrigin": "https://www.rambler.ru",
      "url": "https://www.rambler.ru/"
   }
}
[1643918676.814][DEBUG]: DevTools WebSocket Event: Page.frameStartedLoading 9C078928568725D01EE14579089CEF80 {
   "frameId": "70EB427164028DB87EC43A598B62B33F"
}
[1643918677.078][DEBUG]: DevTools WebSocket Event: Page.loadEventFired 2C23E10D83FDB72F67F086BD06112AE6 {
   "timestamp": 588026.450274
}
[1643918677.078][DEBUG]: DevTools WebSocket Event: Page.frameStoppedLoading 2C23E10D83FDB72F67F086BD06112AE6 {
   "frameId": "FEEF2B4CD67286B21B9FB664D73F4E9C"
}
[1643918677.080][DEBUG]: DevTools WebSocket Event: DOM.childNodeCountUpdated 9C078928568725D01EE14579089CEF80 {
   "childNodeCount": 105,
   "nodeId": 9
}
[1643918677.080][DEBUG]: DevTools WebSocket Event: DOM.childNodeCountUpdated 9C078928568725D01EE14579089CEF80 {
   "childNodeCount": 106,
   "nodeId": 9
}
[1643918677.080][DEBUG]: DevTools WebSocket Event: DOM.childNodeCountUpdated 9C078928568725D01EE14579089CEF80 {
   "childNodeCount": 107,
   "nodeId": 9
}
[1643918677.080][DEBUG]: DevTools WebSocket Event: DOM.childNodeCountUpdated 9C078928568725D01EE14579089CEF80 {
   "childNodeCount": 108,
   "nodeId": 9
}
[1643918677.080][DEBUG]: DevTools WebSocket Event: DOM.childNodeCountUpdated 9C078928568725D01EE14579089CEF80 {
   "childNodeCount": 109,
   "nodeId": 9
}
[1643918677.080][DEBUG]: DevTools WebSocket Response: Runtime.evaluate (id=35) 9C078928568725D01EE14579089CEF80 {
   "result": {
      "description": "1",
      "type": "number",
      "value": 1
   }
}
[1643918677.080][DEBUG]: DevTools WebSocket Command: DOM.getDocument (id=36) 9C078928568725D01EE14579089CEF80 {

}
[1643918677.095][DEBUG]: DevTools WebSocket Event: Page.frameAttached 9C078928568725D01EE14579089CEF80 {
   "frameId": "D8B0E668B3907B425B0BD20C6DD53787",
   "parentFrameId": "9C078928568725D01EE14579089CEF80",
   "stack": {
      "callFrames": [ {
         "columnNumber": 317474,
         "functionName": "e._insertNonTextBlock",
         "lineNumber": 0,
         "scriptId": "62",
         "url": "https://ssp.rambler.ru/capirs_async.js"
      }, {
         "columnNumber": 315400,
         "functionName": "",
         "lineNumber": 0,
         "scriptId": "62",
         "url": "https://ssp.rambler.ru/capirs_async.js"
      }, {
         "columnNumber": 313925,
         "functionName": "",
         "lineNumber": 0,
         "scriptId": "62",
         "url": "https://ssp.rambler.ru/capirs_async.js"
      }, {
         "columnNumber": 314030,
         "functionName": "",
         "lineNumber": 0,
         "scriptId": "62",
         "url": "https://ssp.rambler.ru/capirs_async.js"
      }, {
         "columnNumber": 312767,
         "functionName": "a",
         "lineNumber": 0,
         "scriptId": "62",
         "url": "https://ssp.rambler.ru/capirs_async.js"
      } ]
   }
}
[1643918677.095][DEBUG]: DevTools WebSocket Event: Page.frameStartedLoading 9C078928568725D01EE14579089CEF80 {
   "frameId": "D8B0E668B3907B425B0BD20C6DD53787"
}
[1643918677.095][DEBUG]: DevTools WebSocket Event: Page.frameNavigated 9C078928568725D01EE14579089CEF80 {
   "frame": {
      "adFrameStatus": {
         "adFrameType": "none",
         "explanations": [  ]
      },
      "crossOriginIsolatedContextType": "NotIsolated",
      "domainAndRegistry": "",
      "gatedAPIFeatures": [  ],
      "id": "D8B0E668B3907B425B0BD20C6DD53787",
      "loaderId": "76942236EF286A6104993854E5343FB7",
      "mimeType": "text/html",
      "name": "axhtml-61fc8-35507-31892",
      "parentId": "9C078928568725D01EE14579089CEF80",
      "secureContextType": "Secure",
      "securityOrigin": "://",
      "url": "about:blank"
   },
   "type": "Navigation"
}
[1643918677.095][DEBUG]: DevTools WebSocket Event: Runtime.executionContextCreated 9C078928568725D01EE14579089CEF80 {
   "context": {
      "auxData": {
         "frameId": "D8B0E668B3907B425B0BD20C6DD53787",
         "isDefault": true,
         "type": "default"
      },
      "id": 5,
      "name": "",
      "origin": "https://www.rambler.ru",
      "uniqueId": "-3455468566179313531.-2086594242929652999"
   }
}
[1643918677.095][DEBUG]: DevTools WebSocket Event: Page.frameStoppedLoading 9C078928568725D01EE14579089CEF80 {
   "frameId": "D8B0E668B3907B425B0BD20C6DD53787"
}
[1643918677.116][DEBUG]: DevTools WebSocket Event: Page.frameAttached 9C078928568725D01EE14579089CEF80 {
   "frameId": "C51BA0D9EE0E98ABC5EB17633CE6CC55",
   "parentFrameId": "9C078928568725D01EE14579089CEF80",
   "stack": {
      "callFrames": [ {
         "columnNumber": 317474,
         "functionName": "e._insertNonTextBlock",
         "lineNumber": 0,
         "scriptId": "62",
         "url": "https://ssp.rambler.ru/capirs_async.js"
      }, {
         "columnNumber": 315400,
         "functionName": "",
         "lineNumber": 0,
         "scriptId": "62",
         "url": "https://ssp.rambler.ru/capirs_async.js"
      }, {
         "columnNumber": 313925,
         "functionName": "",
         "lineNumber": 0,
         "scriptId": "62",
         "url": "https://ssp.rambler.ru/capirs_async.js"
      }, {
         "columnNumber": 314030,
         "functionName": "",
         "lineNumber": 0,
         "scriptId": "62",
         "url": "https://ssp.rambler.ru/capirs_async.js"
      }, {
         "columnNumber": 312767,
         "functionName": "a",
         "lineNumber": 0,
         "scriptId": "62",
         "url": "https://ssp.rambler.ru/capirs_async.js"
      } ]
   }
}
[1643918677.117][DEBUG]: DevTools WebSocket Event: Page.frameStartedLoading 9C078928568725D01EE14579089CEF80 {
   "frameId": "C51BA0D9EE0E98ABC5EB17633CE6CC55"
}
[1643918677.145][DEBUG]: DevTools WebSocket Event: Page.frameNavigated 9C078928568725D01EE14579089CEF80 {
   "frame": {
      "adFrameStatus": {
         "adFrameType": "none",
         "explanations": [  ]
      },
      "crossOriginIsolatedContextType": "NotIsolated",
      "domainAndRegistry": "",
      "gatedAPIFeatures": [  ],
      "id": "C51BA0D9EE0E98ABC5EB17633CE6CC55",
      "loaderId": "5858A9A638CF6982B3CDB6F75048D8AD",
      "mimeType": "text/html",
      "name": "axhtml-61fc9-35505-889d6",
      "parentId": "9C078928568725D01EE14579089CEF80",
      "secureContextType": "Secure",
      "securityOrigin": "://",
      "url": "about:blank"
   },
   "type": "Navigation"
}
[1643918677.145][DEBUG]: DevTools WebSocket Event: Runtime.executionContextCreated 9C078928568725D01EE14579089CEF80 {
   "context": {
      "auxData": {
         "frameId": "C51BA0D9EE0E98ABC5EB17633CE6CC55",
         "isDefault": true,
         "type": "default"
      },
      "id": 6,
      "name": "",
      "origin": "https://www.rambler.ru",
      "uniqueId": "7528649502822944237.6400494426403511486"
   }
}
[1643918677.145][DEBUG]: DevTools WebSocket Event: Page.frameStoppedLoading 9C078928568725D01EE14579089CEF80 {
   "frameId": "C51BA0D9EE0E98ABC5EB17633CE6CC55"
}
[1643918677.286][DEBUG]: DevTools WebSocket Event: Page.documentOpened 9C078928568725D01EE14579089CEF80 {
   "frame": {
      "adFrameStatus": {
         "adFrameType": "none",
         "explanations": [  ]
      },
      "crossOriginIsolatedContextType": "NotIsolated",
      "domainAndRegistry": "rambler.ru",
      "gatedAPIFeatures": [  ],
      "id": "D8B0E668B3907B425B0BD20C6DD53787",
      "loaderId": "76942236EF286A6104993854E5343FB7",
      "mimeType": "text/html",
      "name": "axhtml-61fc8-35507-31892",
      "parentId": "9C078928568725D01EE14579089CEF80",
      "secureContextType": "Secure",
      "securityOrigin": "https://www.rambler.ru",
      "url": "https://www.rambler.ru/"
   }
}
[1643918677.286][DEBUG]: DevTools WebSocket Event: Page.frameStartedLoading 9C078928568725D01EE14579089CEF80 {
   "frameId": "D8B0E668B3907B425B0BD20C6DD53787"
}
[1643918677.286][DEBUG]: DevTools WebSocket Response: DOM.getDocument (id=36) 9C078928568725D01EE14579089CEF80 {
   "root": {
      "backendNodeId": 1,
      "baseURL": "https://www.rambler.ru/",
      "childNodeCount": 3,
      "children": [ {
         "backendNodeId": 2,
         "localName": "",
         "nodeId": 12,
         "nodeName": "html",
         "nodeType": 10,
         "nodeValue": "",
         "parentId": 11,
         "publicId": "",
         "systemId": ""
      }, {
         "backendNodeId": 3,
         "localName": "",
         "nodeId": 13,
         "nodeName": "#comment",
         "nodeType": 8,
         "nodeValue": " Hello, stranger! ¯\\_( ͡° ͜ʖ ͡°)_/¯ ",
         "parentId": 11
      }, {
         "attributes": [ "class", "no-js", "lang", "ru", "prefix", "og: http://ogp.me/ns#" ],
         "backendNodeId": 4,
         "childNodeCount": 2,
         "children": [ {
            "attributes": [  ],
            "backendNodeId": 5,
            "childNodeCount": 109,
            "localName": "head",
            "nodeId": 15,
            "nodeName": "HEAD",
            "nodeType": 1,
            "nodeValue": "",
            "parentId": 14
         }, {
            "attributes": [  ],
            "backendNodeId": 6,
            "childNodeCount": 25,
            "localName": "body",
            "nodeId": 16,
            "nodeName": "BODY",
            "nodeType": 1,
            "nodeValue": "",
            "parentId": 14
         } ],
         "frameId": "9C078928568725D01EE14579089CEF80",
         "localName": "html",
         "nodeId": 14,
         "nodeName": "HTML",
         "nodeType": 1,
         "nodeValue": "",
         "parentId": 11
      } ],
      "compatibilityMode": "NoQuirksMode",
      "documentURL": "https://www.rambler.ru/",
      "localName": "",
      "nodeId": 11,
      "nodeName": "#document",
      "nodeType": 9,
      "nodeValue": "",
      "xmlVersion": ""
   }
}
[1643918677.286][DEBUG]: DevTools WebSocket Command: Runtime.evaluate (id=37) 9C078928568725D01EE14579089CEF80 {
   "awaitPromise": false,
   "expression": "document.readyState",
   "returnByValue": true
}
[1643918677.303][DEBUG]: DevTools WebSocket Event: Page.documentOpened 9C078928568725D01EE14579089CEF80 {
   "frame": {
      "adFrameStatus": {
         "adFrameType": "none",
         "explanations": [  ]
      },
      "crossOriginIsolatedContextType": "NotIsolated",
      "domainAndRegistry": "rambler.ru",
      "gatedAPIFeatures": [  ],
      "id": "C51BA0D9EE0E98ABC5EB17633CE6CC55",
      "loaderId": "5858A9A638CF6982B3CDB6F75048D8AD",
      "mimeType": "text/html",
      "name": "axhtml-61fc9-35505-889d6",
      "parentId": "9C078928568725D01EE14579089CEF80",
      "secureContextType": "Secure",
      "securityOrigin": "https://www.rambler.ru",
      "url": "https://www.rambler.ru/"
   }
}
[1643918677.303][DEBUG]: DevTools WebSocket Event: Page.frameStartedLoading 9C078928568725D01EE14579089CEF80 {
   "frameId": "C51BA0D9EE0E98ABC5EB17633CE6CC55"
}
[1643918677.303][DEBUG]: DevTools WebSocket Event: Page.frameStoppedLoading 9C078928568725D01EE14579089CEF80 {
   "frameId": "D8B0E668B3907B425B0BD20C6DD53787"
}
[1643918677.345][DEBUG]: DevTools WebSocket Event: Runtime.consoleAPICalled 9C078928568725D01EE14579089CEF80 {
   "args": [ {
      "type": "string",
      "value": "rcm logger disabled"
   } ],
   "executionContextId": 1,
   "stackTrace": {
      "callFrames": [ {
         "columnNumber": 302680,
         "functionName": "",
         "lineNumber": 0,
         "scriptId": "36",
         "url": "https://www.rambler.ru/assets/desktopVendor.30391685.chunk.js"
      }, {
         "columnNumber": 221,
         "functionName": "",
         "lineNumber": 0,
         "scriptId": "78",
         "url": "https://rcmjs.rambler.ru/static/recommender.js"
      }, {
         "columnNumber": 317,
         "functionName": "176",
         "lineNumber": 0,
         "scriptId": "78",
         "url": "https://rcmjs.rambler.ru/static/recommender.js"
      }, {
         "columnNumber": 591,
         "functionName": "r",
         "lineNumber": 0,
         "scriptId": "78",
         "url": "https://rcmjs.rambler.ru/static/recommender.js"
      }, {
         "columnNumber": 2742,
         "functionName": "",
         "lineNumber": 0,
         "scriptId": "78",
         "url": "https://rcmjs.rambler.ru/static/recommender.js"
      }, {
         "columnNumber": 22933,
         "functionName": "",
         "lineNumber": 0,
         "scriptId": "78",
         "url": "https://rcmjs.rambler.ru/static/recommender.js"
      }, {
         "columnNumber": 22936,
         "functionName": "",
         "lineNumber": 0,
         "scriptId": "78",
         "url": "https://rcmjs.rambler.ru/static/recommender.js"
      } ]
   },
   "timestamp": 1.643918677282006e+12,
   "type": "log"
}
[1643918677.345][DEBUG]: DevTools WebSocket Event: Page.frameStoppedLoading 9C078928568725D01EE14579089CEF80 {
   "frameId": "C51BA0D9EE0E98ABC5EB17633CE6CC55"
}
[1643918677.353][DEBUG]: DevTools WebSocket Event: DOM.childNodeCountUpdated 9C078928568725D01EE14579089CEF80 {
   "childNodeCount": 108,
   "nodeId": 15
}
[1643918677.392][DEBUG]: DevTools WebSocket Event: DOM.childNodeCountUpdated 9C078928568725D01EE14579089CEF80 {
   "childNodeCount": 109,
   "nodeId": 15
}
[1643918677.392][DEBUG]: DevTools WebSocket Event: DOM.childNodeCountUpdated 9C078928568725D01EE14579089CEF80 {
   "childNodeCount": 110,
   "nodeId": 15
}
[1643918677.392][DEBUG]: DevTools WebSocket Event: DOM.childNodeCountUpdated 9C078928568725D01EE14579089CEF80 {
   "childNodeCount": 111,
   "nodeId": 15
}
[1643918677.392][DEBUG]: DevTools WebSocket Event: DOM.childNodeCountUpdated 9C078928568725D01EE14579089CEF80 {
   "childNodeCount": 112,
   "nodeId": 15
}
[1643918677.393][DEBUG]: DevTools WebSocket Event: DOM.childNodeCountUpdated 9C078928568725D01EE14579089CEF80 {
   "childNodeCount": 113,
   "nodeId": 15
}
[1643918677.393][DEBUG]: DevTools WebSocket Event: DOM.childNodeCountUpdated 9C078928568725D01EE14579089CEF80 {
   "childNodeCount": 114,
   "nodeId": 15
}
[1643918677.393][DEBUG]: DevTools WebSocket Event: DOM.childNodeCountUpdated 9C078928568725D01EE14579089CEF80 {
   "childNodeCount": 115,
   "nodeId": 15
}
[1643918677.393][DEBUG]: DevTools WebSocket Event: DOM.childNodeCountUpdated 9C078928568725D01EE14579089CEF80 {
   "childNodeCount": 116,
   "nodeId": 15
}
[1643918677.393][DEBUG]: DevTools WebSocket Event: DOM.childNodeCountUpdated 9C078928568725D01EE14579089CEF80 {
   "childNodeCount": 117,
   "nodeId": 15
}
[1643918677.529][DEBUG]: DevTools WebSocket Response: Runtime.evaluate (id=37) 9C078928568725D01EE14579089CEF80 {
   "result": {
      "type": "string",
      "value": "interactive"
   }
}
[1643918677.844][DEBUG]: DevTools WebSocket Event: Runtime.consoleAPICalled 9C078928568725D01EE14579089CEF80 {
   "args": [ {
      "type": "string",
      "value": "The googletag.pubads().definePassback function has been deprecated. The function may break in certain contexts, see https://developers.google.com/publisher-tag/guides/passback-tags#construct_passba..."
   } ],
   "executionContextId": 4,
   "stackTrace": {
      "callFrames": [ {
         "columnNumber": 27767,
         "functionName": "ns",
         "lineNumber": 9,
         "scriptId": "126",
         "url": "https://securepubads.g.doubleclick.net/gpt/pubads_impl_2022020101.js?31064711"
      }, {
         "columnNumber": 156440,
         "functionName": "",
         "lineNumber": 9,
         "scriptId": "126",
         "url": "https://securepubads.g.doubleclick.net/gpt/pubads_impl_2022020101.js?31064711"
      }, {
         "columnNumber": 752,
         "functionName": "",
         "lineNumber": 9,
         "scriptId": "126",
         "url": "https://securepubads.g.doubleclick.net/gpt/pubads_impl_2022020101.js?31064711"
      }, {
         "columnNumber": 157019,
         "functionName": "vj.add",
         "lineNumber": 9,
         "scriptId": "126",
         "url": "https://securepubads.g.doubleclick.net/gpt/pubads_impl_2022020101.js?31064711"
      }, {
         "columnNumber": 157723,
         "functionName": "vm",
         "lineNumber": 9,
         "scriptId": "126",
         "url": "https://securepubads.g.doubleclick.net/gpt/pubads_impl_2022020101.js?31064711"
      }, {
         "columnNumber": 59093,
         "functionName": "xm",
         "lineNumber": 5,
         "scriptId": "126",
         "url": "https://securepubads.g.doubleclick.net/gpt/pubads_impl_2022020101.js?31064711"
      }, {
         "columnNumber": 79617,
         "functionName": "",
         "lineNumber": 17,
         "scriptId": "126",
         "url": "https://securepubads.g.doubleclick.net/gpt/pubads_impl_2022020101.js?31064711"
      }, {
         "columnNumber": 23648,
         "functionName": "",
         "lineNumber": 5,
         "scriptId": "126",
         "url": "https://securepubads.g.doubleclick.net/gpt/pubads_impl_2022020101.js?31064711"
      }, {
         "columnNumber": 21,
         "functionName": "",
         "lineNumber": 1,
         "scriptId": "148",
         "url": ""
      }, {
         "columnNumber": 61460,
         "functionName": "Rm",
         "lineNumber": 5,
         "scriptId": "126",
         "url": "https://securepubads.g.doubleclick.net/gpt/pubads_impl_2022020101.js?31064711"
      }, {
         "columnNumber": 100175,
         "functionName": "",
         "lineNumber": 17,
         "scriptId": "126",
         "url": "https://securepubads.g.doubleclick.net/gpt/pubads_impl_2022020101.js?31064711"
      }, {
         "columnNumber": 100937,
         "functionName": "",
         "lineNumber": 17,
         "scriptId": "126",
         "url": "https://securepubads.g.doubleclick.net/gpt/pubads_impl_2022020101.js?31064711"
      }, {
         "columnNumber": 101093,
         "functionName": "",
         "lineNumber": 17,
         "scriptId": "126",
         "url": "https://securepubads.g.doubleclick.net/gpt/pubads_impl_2022020101.js?31064711"
      } ]
   },
   "timestamp": 1.643918677781342e+12,
   "type": "warning"
}
[1643918677.845][DEBUG]: DevTools WebSocket Command: Runtime.evaluate (id=38) 9C078928568725D01EE14579089CEF80 {
   "expression": "1"
}
[1643918677.941][DEBUG]: DevTools WebSocket Event: Page.frameAttached 9C078928568725D01EE14579089CEF80 {
   "frameId": "11F4CC6E02054BF80A1295744255AB15",
   "parentFrameId": "70EB427164028DB87EC43A598B62B33F",
   "stack": {
      "callFrames": [ {
         "columnNumber": 56487,
         "functionName": "vI.j",
         "lineNumber": 17,
         "scriptId": "126",
         "url": "https://securepubads.g.doubleclick.net/gpt/pubads_impl_2022020101.js?31064711"
      }, {
         "columnNumber": 57953,
         "functionName": "",
         "lineNumber": 9,
         "scriptId": "126",
         "url": "https://securepubads.g.doubleclick.net/gpt/pubads_impl_2022020101.js?31064711"
      }, {
         "columnNumber": 66963,
         "functionName": "On",
         "lineNumber": 5,
         "scriptId": "126",
         "url": "https://securepubads.g.doubleclick.net/gpt/pubads_impl_2022020101.js?31064711"
      }, {
         "columnNumber": 67255,
         "functionName": "Qn.next",
         "lineNumber": 5,
         "scriptId": "126",
         "url": "https://securepubads.g.doubleclick.net/gpt/pubads_impl_2022020101.js?31064711"
      }, {
         "columnNumber": 67504,
         "functionName": "b",
         "lineNumber": 5,
         "scriptId": "126",
         "url": "https://securepubads.g.doubleclick.net/gpt/pubads_impl_2022020101.js?31064711"
      } ]
   }
}
[1643918677.946][DEBUG]: DevTools WebSocket Event: Page.frameStartedLoading 9C078928568725D01EE14579089CEF80 {
   "frameId": "11F4CC6E02054BF80A1295744255AB15"
}
[1643918678.024][DEBUG]: DevTools WebSocket Response: Runtime.evaluate (id=38) 9C078928568725D01EE14579089CEF80 {
   "result": {
      "description": "1",
      "type": "number",
      "value": 1
   }
}
[1643918678.046][DEBUG]: DevTools WebSocket Event: DOM.childNodeCountUpdated 9C078928568725D01EE14579089CEF80 {
   "childNodeCount": 118,
   "nodeId": 15
}
[1643918678.046][DEBUG]: DevTools WebSocket Event: DOM.childNodeCountUpdated 9C078928568725D01EE14579089CEF80 {
   "childNodeCount": 26,
   "nodeId": 16
}
[1643918678.046][DEBUG]: DevTools WebSocket Event: Page.frameAttached 9C078928568725D01EE14579089CEF80 {
   "frameId": "5097928AF39CECA762A9A093CEEBFECA",
   "parentFrameId": "9C078928568725D01EE14579089CEF80",
   "stack": {
      "callFrames": [ {
         "columnNumber": 18,
         "functionName": "addframe",
         "lineNumber": 503,
         "scriptId": "143",
         "url": "https://gamd.hit.gemius.pl/xgemius.js"
      }, {
         "columnNumber": 19,
         "functionName": "load_lsdata",
         "lineNumber": 926,
         "scriptId": "143",
         "url": "https://gamd.hit.gemius.pl/xgemius.js"
      }, {
         "columnNumber": 20,
         "functionName": "init",
         "lineNumber": 1010,
         "scriptId": "143",
         "url": "https://gamd.hit.gemius.pl/xgemius.js"
      }, {
         "columnNumber": 15,
         "functionName": "",
         "lineNumber": 1035,
         "scriptId": "143",
         "url": "https://gamd.hit.gemius.pl/xgemius.js"
      } ]
   }
}
[1643918678.046][DEBUG]: DevTools WebSocket Command: Runtime.evaluate (id=39) 9C078928568725D01EE14579089CEF80 {
   "expression": "1"
}
[1643918678.063][DEBUG]: DevTools WebSocket Event: Page.frameStartedLoading 9C078928568725D01EE14579089CEF80 {
   "frameId": "5097928AF39CECA762A9A093CEEBFECA"
}
[1643918678.075][DEBUG]: DevTools WebSocket Event: Page.frameNavigated 9C078928568725D01EE14579089CEF80 {
   "frame": {
      "adFrameStatus": {
         "adFrameType": "none",
         "explanations": [  ]
      },
      "crossOriginIsolatedContextType": "NotIsolated",
      "domainAndRegistry": "",
      "gatedAPIFeatures": [  ],
      "id": "5097928AF39CECA762A9A093CEEBFECA",
      "loaderId": "95685657C381223D90EC6A12B48BB98F",
      "mimeType": "text/html",
      "name": "lsgetframe",
      "parentId": "9C078928568725D01EE14579089CEF80",
      "secureContextType": "Secure",
      "securityOrigin": "://",
      "url": "about:blank"
   },
   "type": "Navigation"
}
[1643918678.075][DEBUG]: DevTools WebSocket Event: Runtime.executionContextCreated 9C078928568725D01EE14579089CEF80 {
   "context": {
      "auxData": {
         "frameId": "5097928AF39CECA762A9A093CEEBFECA",
         "isDefault": true,
         "type": "default"
      },
      "id": 7,
      "name": "",
      "origin": "https://www.rambler.ru",
      "uniqueId": "2132244798105784524.7604286683329282620"
   }
}
[1643918678.075][DEBUG]: DevTools WebSocket Event: Page.frameStoppedLoading 9C078928568725D01EE14579089CEF80 {
   "frameId": "5097928AF39CECA762A9A093CEEBFECA"
}
[1643918678.080][DEBUG]: DevTools WebSocket Event: Page.frameScheduledNavigation 9C078928568725D01EE14579089CEF80 {
   "delay": 0,
   "frameId": "5097928AF39CECA762A9A093CEEBFECA",
   "reason": "scriptInitiated",
   "url": "https://ls.hit.gemius.pl/lsget.html"
}
[1643918678.081][DEBUG]: DevTools WebSocket Event: Page.frameRequestedNavigation 9C078928568725D01EE14579089CEF80 {
   "disposition": "currentTab",
   "frameId": "5097928AF39CECA762A9A093CEEBFECA",
   "reason": "scriptInitiated",
   "url": "https://ls.hit.gemius.pl/lsget.html"
}
[1643918678.081][DEBUG]: DevTools WebSocket Event: Page.frameStartedLoading 9C078928568725D01EE14579089CEF80 {
   "frameId": "5097928AF39CECA762A9A093CEEBFECA"
}
[1643918678.085][DEBUG]: DevTools WebSocket Event: Page.frameClearedScheduledNavigation 9C078928568725D01EE14579089CEF80 {
   "frameId": "5097928AF39CECA762A9A093CEEBFECA"
}
[1643918678.123][DEBUG]: DevTools WebSocket Response: Runtime.evaluate (id=39) 9C078928568725D01EE14579089CEF80 {
   "result": {
      "description": "1",
      "type": "number",
      "value": 1
   }
}
[1643918678.228][DEBUG]: DevTools WebSocket Event: Target.attachedToTarget 9C078928568725D01EE14579089CEF80 {
   "sessionId": "86AA8E66E23CF702EF240AFC9DFD5E3D",
   "targetInfo": {
      "attached": true,
      "browserContextId": "C1BA552A7CCC61B93D47D283FD934518",
      "canAccessOpener": false,
      "targetId": "11F4CC6E02054BF80A1295744255AB15",
      "title": "",
      "type": "iframe",
      "url": ""
   },
   "waitingForDebugger": false
}
[1643918678.228][DEBUG]: DevTools WebSocket Command: Page.addScriptToEvaluateOnNewDocument (id=1) 86AA8E66E23CF702EF240AFC9DFD5E3D {
   "source": "(function () {window.cdc_adoQpoasnfa76pfcZLmcfl_Array = window.Array;window.cdc_adoQpoasnfa76pfcZLmcfl_Promise = window.Promise;window.cdc_adoQpoasnfa76pfcZLmcfl_Symbol = window.Symbol;}) ();"
}
[1643918678.229][DEBUG]: DevTools WebSocket Command: Runtime.evaluate (id=2) 86AA8E66E23CF702EF240AFC9DFD5E3D {
   "expression": "(function () {window.cdc_adoQpoasnfa76pfcZLmcfl_Array = window.Array;window.cdc_adoQpoasnfa76pfcZLmcfl_Promise = window.Promise;window.cdc_adoQpoasnfa76pfcZLmcfl_Symbol = window.Symbol;}) ();"
}
[1643918678.229][DEBUG]: DevTools WebSocket Command: DOM.getDocument (id=3) 86AA8E66E23CF702EF240AFC9DFD5E3D {

}
[1643918678.229][DEBUG]: DevTools WebSocket Command: Target.setAutoAttach (id=4) 86AA8E66E23CF702EF240AFC9DFD5E3D {
   "autoAttach": true,
   "flatten": true,
   "waitForDebuggerOnStart": false
}
[1643918678.229][DEBUG]: DevTools WebSocket Command: Page.enable (id=5) 86AA8E66E23CF702EF240AFC9DFD5E3D {

}
[1643918678.230][DEBUG]: DevTools WebSocket Command: Page.enable (id=40) 9C078928568725D01EE14579089CEF80 {

}
[1643918678.244][DEBUG]: DevTools WebSocket Response: Page.addScriptToEvaluateOnNewDocument (id=1) 86AA8E66E23CF702EF240AFC9DFD5E3D {
   "identifier": "1"
}
[1643918678.244][DEBUG]: DevTools WebSocket Response: Runtime.evaluate (id=2) 86AA8E66E23CF702EF240AFC9DFD5E3D {
   "result": {
      "type": "undefined"
   }
}
[1643918678.244][DEBUG]: DevTools WebSocket Response: DOM.getDocument (id=3) 86AA8E66E23CF702EF240AFC9DFD5E3D {
   "root": {
      "backendNodeId": 1,
      "baseURL": "https://47b15d8a5cda5a7897d2890f4c129a8f.safeframe.googlesyndication.com/safeframe/1-0-38/html/container.html?n=1",
      "childNodeCount": 0,
      "children": [  ],
      "compatibilityMode": "NoQuirksMode",
      "documentURL": "https://47b15d8a5cda5a7897d2890f4c129a8f.safeframe.googlesyndication.com/safeframe/1-0-38/html/container.html?n=1",
      "localName": "",
      "nodeId": 1,
      "nodeName": "#document",
      "nodeType": 9,
      "nodeValue": "",
      "xmlVersion": ""
   }
}
[1643918678.244][DEBUG]: DevTools WebSocket Response: Target.setAutoAttach (id=4) 86AA8E66E23CF702EF240AFC9DFD5E3D {

}
[1643918678.244][DEBUG]: DevTools WebSocket Response: Page.enable (id=5) 86AA8E66E23CF702EF240AFC9DFD5E3D {

}
[1643918678.249][DEBUG]: DevTools WebSocket Event: DOM.childNodeInserted 86AA8E66E23CF702EF240AFC9DFD5E3D {
   "node": {
      "backendNodeId": 2,
      "localName": "",
      "nodeId": 2,
      "nodeName": "html",
      "nodeType": 10,
      "nodeValue": "",
      "publicId": "",
      "systemId": ""
   },
   "parentNodeId": 1,
   "previousNodeId": 0
}
[1643918678.249][DEBUG]: DevTools WebSocket Event: DOM.childNodeInserted 86AA8E66E23CF702EF240AFC9DFD5E3D {
   "node": {
      "attributes": [  ],
      "backendNodeId": 3,
      "childNodeCount": 0,
      "frameId": "11F4CC6E02054BF80A1295744255AB15",
      "localName": "html",
      "nodeId": 3,
      "nodeName": "HTML",
      "nodeType": 1,
      "nodeValue": ""
   },
   "parentNodeId": 1,
   "previousNodeId": 2
}
[1643918678.249][DEBUG]: DevTools WebSocket Event: DOM.childNodeCountUpdated 86AA8E66E23CF702EF240AFC9DFD5E3D {
   "childNodeCount": 1,
   "nodeId": 3
}
[1643918678.249][DEBUG]: DevTools WebSocket Event: DOM.childNodeCountUpdated 86AA8E66E23CF702EF240AFC9DFD5E3D {
   "childNodeCount": 2,
   "nodeId": 3
}
[1643918678.257][DEBUG]: DevTools WebSocket Event: Page.loadEventFired 86AA8E66E23CF702EF240AFC9DFD5E3D {
   "timestamp": 588027.669435
}
[1643918678.257][DEBUG]: DevTools WebSocket Event: Page.frameStoppedLoading 86AA8E66E23CF702EF240AFC9DFD5E3D {
   "frameId": "11F4CC6E02054BF80A1295744255AB15"
}
[1643918678.257][DEBUG]: DevTools WebSocket Event: DOM.documentUpdated 86AA8E66E23CF702EF240AFC9DFD5E3D {

}
[1643918678.257][DEBUG]: DevTools WebSocket Command: DOM.getDocument (id=6) 86AA8E66E23CF702EF240AFC9DFD5E3D {

}
[1643918678.257][DEBUG]: DevTools WebSocket Event: Page.domContentEventFired 86AA8E66E23CF702EF240AFC9DFD5E3D {
   "timestamp": 588027.671347
}
[1643918678.258][DEBUG]: DevTools WebSocket Response: DOM.getDocument (id=6) 86AA8E66E23CF702EF240AFC9DFD5E3D {
   "root": {
      "backendNodeId": 1,
      "baseURL": "https://47b15d8a5cda5a7897d2890f4c129a8f.safeframe.googlesyndication.com/safeframe/1-0-38/html/container.html?n=1",
      "childNodeCount": 2,
      "children": [ {
         "backendNodeId": 2,
         "localName": "",
         "nodeId": 5,
         "nodeName": "html",
         "nodeType": 10,
         "nodeValue": "",
         "parentId": 4,
         "publicId": "",
         "systemId": ""
      }, {
         "attributes": [  ],
         "backendNodeId": 3,
         "childNodeCount": 2,
         "children": [ {
            "attributes": [  ],
            "backendNodeId": 4,
            "childNodeCount": 3,
            "localName": "head",
            "nodeId": 7,
            "nodeName": "HEAD",
            "nodeType": 1,
            "nodeValue": "",
            "parentId": 6
         }, {
            "attributes": [  ],
            "backendNodeId": 5,
            "childNodeCount": 0,
            "children": [ {
               "backendNodeId": 6,
               "localName": "",
               "nodeId": 9,
               "nodeName": "#text",
               "nodeType": 3,
               "nodeValue": "\n  \n\n",
               "parentId": 8
            } ],
            "localName": "body",
            "nodeId": 8,
            "nodeName": "BODY",
            "nodeType": 1,
            "nodeValue": "",
            "parentId": 6
         } ],
         "frameId": "11F4CC6E02054BF80A1295744255AB15",
         "localName": "html",
         "nodeId": 6,
         "nodeName": "HTML",
         "nodeType": 1,
         "nodeValue": "",
         "parentId": 4
      } ],
      "compatibilityMode": "NoQuirksMode",
      "documentURL": "https://47b15d8a5cda5a7897d2890f4c129a8f.safeframe.googlesyndication.com/safeframe/1-0-38/html/container.html?n=1",
      "localName": "",
      "nodeId": 4,
      "nodeName": "#document",
      "nodeType": 9,
      "nodeValue": "",
      "xmlVersion": ""
   }
}
[1643918678.304][DEBUG]: DevTools WebSocket Response: Page.enable (id=40) 9C078928568725D01EE14579089CEF80 {

}
[1643918678.305][DEBUG]: DevTools WebSocket Command: Runtime.enable (id=7) 86AA8E66E23CF702EF240AFC9DFD5E3D {

}
[1643918678.306][DEBUG]: DevTools WebSocket Event: Runtime.executionContextCreated 86AA8E66E23CF702EF240AFC9DFD5E3D {
   "context": {
      "auxData": {
         "frameId": "11F4CC6E02054BF80A1295744255AB15",
         "isDefault": true,
         "type": "default"
      },
      "id": 1,
      "name": "",
      "origin": "https://47b15d8a5cda5a7897d2890f4c129a8f.safeframe.googlesyndication.com",
      "uniqueId": "-6443672385013409083.-2033624659112289932"
   }
}
[1643918678.306][DEBUG]: DevTools WebSocket Response: Runtime.enable (id=7) 86AA8E66E23CF702EF240AFC9DFD5E3D {

}
[1643918678.306][DEBUG]: DevTools WebSocket Command: Page.enable (id=8) 86AA8E66E23CF702EF240AFC9DFD5E3D {

}
[1643918678.307][DEBUG]: DevTools WebSocket Response: Page.enable (id=8) 86AA8E66E23CF702EF240AFC9DFD5E3D {

}
[1643918678.307][DEBUG]: DevTools WebSocket Command: Runtime.evaluate (id=41) 9C078928568725D01EE14579089CEF80 {
   "expression": "1"
}
[1643918678.310][DEBUG]: DevTools WebSocket Event: Page.frameStoppedLoading 9C078928568725D01EE14579089CEF80 {
   "frameId": "11F4CC6E02054BF80A1295744255AB15"
}
[1643918678.311][DEBUG]: DevTools WebSocket Event: Page.frameDetached 9C078928568725D01EE14579089CEF80 {
   "frameId": "11F4CC6E02054BF80A1295744255AB15",
   "reason": "swap"
}
[1643918678.316][DEBUG]: DevTools WebSocket Event: Page.frameStoppedLoading 9C078928568725D01EE14579089CEF80 {
   "frameId": "70EB427164028DB87EC43A598B62B33F"
}
[1643918678.327][DEBUG]: DevTools WebSocket Response: Runtime.evaluate (id=41) 9C078928568725D01EE14579089CEF80 {
   "result": {
      "description": "1",
      "type": "number",
      "value": 1
   }
}
[1643918678.327][DEBUG]: DevTools WebSocket Command: DOM.getDocument (id=42) 9C078928568725D01EE14579089CEF80 {

}
[1643918678.376][DEBUG]: DevTools WebSocket Event: Target.attachedToTarget 9C078928568725D01EE14579089CEF80 {
   "sessionId": "7B81A989380B253E8407117E59D0433E",
   "targetInfo": {
      "attached": true,
      "browserContextId": "C1BA552A7CCC61B93D47D283FD934518",
      "canAccessOpener": false,
      "targetId": "5097928AF39CECA762A9A093CEEBFECA",
      "title": "",
      "type": "iframe",
      "url": ""
   },
   "waitingForDebugger": false
}
[1643918678.376][DEBUG]: DevTools WebSocket Command: Page.addScriptToEvaluateOnNewDocument (id=1) 7B81A989380B253E8407117E59D0433E {
   "source": "(function () {window.cdc_adoQpoasnfa76pfcZLmcfl_Array = window.Array;window.cdc_adoQpoasnfa76pfcZLmcfl_Promise = window.Promise;window.cdc_adoQpoasnfa76pfcZLmcfl_Symbol = window.Symbol;}) ();"
}
[1643918678.376][DEBUG]: DevTools WebSocket Command: Runtime.evaluate (id=2) 7B81A989380B253E8407117E59D0433E {
   "expression": "(function () {window.cdc_adoQpoasnfa76pfcZLmcfl_Array = window.Array;window.cdc_adoQpoasnfa76pfcZLmcfl_Promise = window.Promise;window.cdc_adoQpoasnfa76pfcZLmcfl_Symbol = window.Symbol;}) ();"
}
[1643918678.376][DEBUG]: DevTools WebSocket Command: DOM.getDocument (id=3) 7B81A989380B253E8407117E59D0433E {

}
[1643918678.376][DEBUG]: DevTools WebSocket Command: Target.setAutoAttach (id=4) 7B81A989380B253E8407117E59D0433E {
   "autoAttach": true,
   "flatten": true,
   "waitForDebuggerOnStart": false
}
[1643918678.377][DEBUG]: DevTools WebSocket Command: Page.enable (id=5) 7B81A989380B253E8407117E59D0433E {

}
[1643918678.377][DEBUG]: DevTools WebSocket Command: Page.enable (id=43) 9C078928568725D01EE14579089CEF80 {

}
[1643918678.444][DEBUG]: DevTools WebSocket Event: Page.frameAttached 9C078928568725D01EE14579089CEF80 {
   "frameId": "9DEA6BA77A8D061A2CF06D5E52C6C522",
   "parentFrameId": "70EB427164028DB87EC43A598B62B33F",
   "stack": {
      "callFrames": [ {
         "columnNumber": 171361,
         "functionName": "IG",
         "lineNumber": 9,
         "scriptId": "126",
         "url": "https://securepubads.g.doubleclick.net/gpt/pubads_impl_2022020101.js?31064711"
      }, {
         "columnNumber": 171745,
         "functionName": "Xj.l",
         "lineNumber": 9,
         "scriptId": "126",
         "url": "https://securepubads.g.doubleclick.net/gpt/pubads_impl_2022020101.js?31064711"
      }, {
         "columnNumber": 169116,
         "functionName": "FG.render",
         "lineNumber": 9,
         "scriptId": "126",
         "url": "https://securepubads.g.doubleclick.net/gpt/pubads_impl_2022020101.js?31064711"
      }, {
         "columnNumber": 2437,
         "functionName": "Lk.j",
         "lineNumber": 17,
         "scriptId": "126",
         "url": "https://securepubads.g.doubleclick.net/gpt/pubads_impl_2022020101.js?31064711"
      }, {
         "columnNumber": 57953,
         "functionName": "",
         "lineNumber": 9,
         "scriptId": "126",
         "url": "https://securepubads.g.doubleclick.net/gpt/pubads_impl_2022020101.js?31064711"
      }, {
         "columnNumber": 66963,
         "functionName": "On",
         "lineNumber": 5,
         "scriptId": "126",
         "url": "https://securepubads.g.doubleclick.net/gpt/pubads_impl_2022020101.js?31064711"
      }, {
         "columnNumber": 67255,
         "functionName": "Qn.next",
         "lineNumber": 5,
         "scriptId": "126",
         "url": "https://securepubads.g.doubleclick.net/gpt/pubads_impl_2022020101.js?31064711"
      }, {
         "columnNumber": 67504,
         "functionName": "b",
         "lineNumber": 5,
         "scriptId": "126",
         "url": "https://securepubads.g.doubleclick.net/gpt/pubads_impl_2022020101.js?31064711"
      } ]
   }
}
[1643918678.448][DEBUG]: DevTools WebSocket Event: Page.frameStartedLoading 9C078928568725D01EE14579089CEF80 {
   "frameId": "9DEA6BA77A8D061A2CF06D5E52C6C522"
}
[1643918678.470][DEBUG]: DevTools WebSocket Event: Runtime.executionContextCreated 9C078928568725D01EE14579089CEF80 {
   "context": {
      "auxData": {
         "frameId": "9DEA6BA77A8D061A2CF06D5E52C6C522",
         "isDefault": true,
         "type": "default"
      },
      "id": 8,
      "name": "",
      "origin": "https://www.rambler.ru",
      "uniqueId": "-6702507565188832030.-6821529336894074255"
   }
}
[1643918678.470][DEBUG]: DevTools WebSocket Event: Page.frameStoppedLoading 9C078928568725D01EE14579089CEF80 {
   "frameId": "9DEA6BA77A8D061A2CF06D5E52C6C522"
}
[1643918678.480][DEBUG]: DevTools WebSocket Event: Target.detachedFromTarget 9C078928568725D01EE14579089CEF80 {
   "sessionId": "86AA8E66E23CF702EF240AFC9DFD5E3D",
   "targetId": "11F4CC6E02054BF80A1295744255AB15"
}
[1643918678.499][DEBUG]: DevTools WebSocket Event: Page.documentOpened 9C078928568725D01EE14579089CEF80 {
   "frame": {
      "adFrameStatus": {
         "adFrameType": "none",
         "explanations": [  ]
      },
      "crossOriginIsolatedContextType": "NotIsolated",
      "domainAndRegistry": "rambler.ru",
      "gatedAPIFeatures": [  ],
      "id": "9DEA6BA77A8D061A2CF06D5E52C6C522",
      "loaderId": "EF50EB5912D58B2ECCEE73087977FB9D",
      "mimeType": "text/html",
      "name": "google_ads_iframe_/21758191093/rambler.ru_100x70_9_1",
      "parentId": "70EB427164028DB87EC43A598B62B33F",
      "secureContextType": "Secure",
      "securityOrigin": "https://www.rambler.ru",
      "url": "https://www.rambler.ru/"
   }
}
[1643918678.500][DEBUG]: DevTools WebSocket Event: Page.frameDetached 9C078928568725D01EE14579089CEF80 {
   "frameId": "9DEA6BA77A8D061A2CF06D5E52C6C522",
   "reason": "remove"
}
[1643918678.500][DEBUG]: DevTools WebSocket Event: Page.frameDetached 9C078928568725D01EE14579089CEF80 {
   "frameId": "70EB427164028DB87EC43A598B62B33F",
   "reason": "remove"
}
[1643918678.501][DEBUG]: DevTools WebSocket Response: DOM.getDocument (id=42) 9C078928568725D01EE14579089CEF80 {
   "root": {
      "backendNodeId": 1,
      "baseURL": "https://www.rambler.ru/",
      "childNodeCount": 3,
      "children": [ {
         "backendNodeId": 2,
         "localName": "",
         "nodeId": 18,
         "nodeName": "html",
         "nodeType": 10,
         "nodeValue": "",
         "parentId": 17,
         "publicId": "",
         "systemId": ""
      }, {
         "backendNodeId": 3,
         "localName": "",
         "nodeId": 19,
         "nodeName": "#comment",
         "nodeType": 8,
         "nodeValue": " Hello, stranger! ¯\\_( ͡° ͜ʖ ͡°)_/¯ ",
         "parentId": 17
      }, {
         "attributes": [ "class", "no-js", "lang", "ru", "prefix", "og: http://ogp.me/ns#" ],
         "backendNodeId": 4,
         "childNodeCount": 2,
         "children": [ {
            "attributes": [  ],
            "backendNodeId": 5,
            "childNodeCount": 118,
            "localName": "head",
            "nodeId": 21,
            "nodeName": "HEAD",
            "nodeType": 1,
            "nodeValue": "",
            "parentId": 20
         }, {
            "attributes": [  ],
            "backendNodeId": 6,
            "childNodeCount": 26,
            "localName": "body",
            "nodeId": 22,
            "nodeName": "BODY",
            "nodeType": 1,
            "nodeValue": "",
            "parentId": 20
         } ],
         "frameId": "9C078928568725D01EE14579089CEF80",
         "localName": "html",
         "nodeId": 20,
         "nodeName": "HTML",
         "nodeType": 1,
         "nodeValue": "",
         "parentId": 17
      } ],
      "compatibilityMode": "NoQuirksMode",
      "documentURL": "https://www.rambler.ru/",
      "localName": "",
      "nodeId": 17,
      "nodeName": "#document",
      "nodeType": 9,
      "nodeValue": "",
      "xmlVersion": ""
   }
}
[1643918678.501][DEBUG]: DevTools WebSocket Response: Page.enable (id=43) 9C078928568725D01EE14579089CEF80 {

}
[1643918678.737][DEBUG]: DevTools WebSocket Response: Page.addScriptToEvaluateOnNewDocument (id=1) 7B81A989380B253E8407117E59D0433E {
   "identifier": "1"
}
[1643918678.737][DEBUG]: DevTools WebSocket Response: Runtime.evaluate (id=2) 7B81A989380B253E8407117E59D0433E {
   "result": {
      "type": "undefined"
   }
}
[1643918678.738][DEBUG]: DevTools WebSocket Response: DOM.getDocument (id=3) 7B81A989380B253E8407117E59D0433E {
   "root": {
      "backendNodeId": 1,
      "baseURL": "https://ls.hit.gemius.pl/lsget.html",
      "childNodeCount": 0,
      "children": [  ],
      "compatibilityMode": "NoQuirksMode",
      "documentURL": "https://ls.hit.gemius.pl/lsget.html",
      "localName": "",
      "nodeId": 1,
      "nodeName": "#document",
      "nodeType": 9,
      "nodeValue": "",
      "xmlVersion": ""
   }
}
[1643918678.738][DEBUG]: DevTools WebSocket Response: Target.setAutoAttach (id=4) 7B81A989380B253E8407117E59D0433E {

}
[1643918678.738][DEBUG]: DevTools WebSocket Response: Page.enable (id=5) 7B81A989380B253E8407117E59D0433E {

}
[1643918678.738][DEBUG]: DevTools WebSocket Command: Runtime.enable (id=6) 7B81A989380B253E8407117E59D0433E {

}
[1643918678.740][DEBUG]: DevTools WebSocket Event: Runtime.executionContextCreated 7B81A989380B253E8407117E59D0433E {
   "context": {
      "auxData": {
         "frameId": "5097928AF39CECA762A9A093CEEBFECA",
         "isDefault": true,
         "type": "default"
      },
      "id": 1,
      "name": "",
      "origin": "https://ls.hit.gemius.pl",
      "uniqueId": "-5249951336650456744.-3179874560778158937"
   }
}
[1643918678.740][DEBUG]: DevTools WebSocket Response: Runtime.enable (id=6) 7B81A989380B253E8407117E59D0433E {

}
[1643918678.740][DEBUG]: DevTools WebSocket Command: Page.enable (id=7) 7B81A989380B253E8407117E59D0433E {

}
[1643918678.743][DEBUG]: DevTools WebSocket Response: Page.enable (id=7) 7B81A989380B253E8407117E59D0433E {

}
[1643918678.743][DEBUG]: DevTools WebSocket Command: Runtime.evaluate (id=44) 9C078928568725D01EE14579089CEF80 {
   "awaitPromise": false,
   "expression": "document.readyState",
   "returnByValue": true
}
[1643918678.747][DEBUG]: DevTools WebSocket Event: DOM.childNodeInserted 7B81A989380B253E8407117E59D0433E {
   "node": {
      "backendNodeId": 2,
      "localName": "",
      "nodeId": 2,
      "nodeName": "html",
      "nodeType": 10,
      "nodeValue": "",
      "publicId": "-//W3C//DTD XHTML 1.0 Strict//EN",
      "systemId": "http://www.w3.org/TR/xhtml1/DTD/xhtml1-strict.dtd"
   },
   "parentNodeId": 1,
   "previousNodeId": 0
}
[1643918678.747][DEBUG]: DevTools WebSocket Event: DOM.childNodeInserted 7B81A989380B253E8407117E59D0433E {
   "node": {
      "attributes": [  ],
      "backendNodeId": 3,
      "childNodeCount": 0,
      "frameId": "5097928AF39CECA762A9A093CEEBFECA",
      "localName": "html",
      "nodeId": 3,
      "nodeName": "HTML",
      "nodeType": 1,
      "nodeValue": ""
   },
   "parentNodeId": 1,
   "previousNodeId": 2
}
[1643918678.747][DEBUG]: DevTools WebSocket Event: DOM.childNodeCountUpdated 7B81A989380B253E8407117E59D0433E {
   "childNodeCount": 1,
   "nodeId": 3
}
[1643918678.747][DEBUG]: DevTools WebSocket Event: DOM.childNodeCountUpdated 7B81A989380B253E8407117E59D0433E {
   "childNodeCount": 2,
   "nodeId": 3
}
[1643918678.752][DEBUG]: DevTools WebSocket Event: Page.loadEventFired 7B81A989380B253E8407117E59D0433E {
   "timestamp": 588028.168125
}
[1643918678.752][DEBUG]: DevTools WebSocket Event: Page.frameStoppedLoading 7B81A989380B253E8407117E59D0433E {
   "frameId": "5097928AF39CECA762A9A093CEEBFECA"
}
[1643918678.753][DEBUG]: DevTools WebSocket Event: DOM.documentUpdated 7B81A989380B253E8407117E59D0433E {

}
[1643918678.753][DEBUG]: DevTools WebSocket Command: DOM.getDocument (id=8) 7B81A989380B253E8407117E59D0433E {

}
[1643918678.753][DEBUG]: DevTools WebSocket Event: Page.domContentEventFired 7B81A989380B253E8407117E59D0433E {
   "timestamp": 588028.169079
}
[1643918678.754][DEBUG]: DevTools WebSocket Response: DOM.getDocument (id=8) 7B81A989380B253E8407117E59D0433E {
   "root": {
      "backendNodeId": 1,
      "baseURL": "https://ls.hit.gemius.pl/lsget.html",
      "childNodeCount": 2,
      "children": [ {
         "backendNodeId": 2,
         "localName": "",
         "nodeId": 5,
         "nodeName": "html",
         "nodeType": 10,
         "nodeValue": "",
         "parentId": 4,
         "publicId": "-//W3C//DTD XHTML 1.0 Strict//EN",
         "systemId": "http://www.w3.org/TR/xhtml1/DTD/xhtml1-strict.dtd"
      }, {
         "attributes": [  ],
         "backendNodeId": 3,
         "childNodeCount": 2,
         "children": [ {
            "attributes": [  ],
            "backendNodeId": 4,
            "childNodeCount": 2,
            "localName": "head",
            "nodeId": 7,
            "nodeName": "HEAD",
            "nodeType": 1,
            "nodeValue": "",
            "parentId": 6
         }, {
            "attributes": [  ],
            "backendNodeId": 5,
            "childNodeCount": 1,
            "localName": "body",
            "nodeId": 8,
            "nodeName": "BODY",
            "nodeType": 1,
            "nodeValue": "",
            "parentId": 6
         } ],
         "frameId": "5097928AF39CECA762A9A093CEEBFECA",
         "localName": "html",
         "nodeId": 6,
         "nodeName": "HTML",
         "nodeType": 1,
         "nodeValue": "",
         "parentId": 4
      } ],
      "compatibilityMode": "NoQuirksMode",
      "documentURL": "https://ls.hit.gemius.pl/lsget.html",
      "localName": "",
      "nodeId": 4,
      "nodeName": "#document",
      "nodeType": 9,
      "nodeValue": "",
      "xmlVersion": ""
   }
}
[1643918679.014][DEBUG]: DevTools WebSocket Event: DOM.childNodeCountUpdated 9C078928568725D01EE14579089CEF80 {
   "childNodeCount": 119,
   "nodeId": 21
}
[1643918679.014][DEBUG]: DevTools WebSocket Event: DOM.childNodeCountUpdated 9C078928568725D01EE14579089CEF80 {
   "childNodeCount": 120,
   "nodeId": 21
}
[1643918679.014][DEBUG]: DevTools WebSocket Event: DOM.childNodeCountUpdated 9C078928568725D01EE14579089CEF80 {
   "childNodeCount": 121,
   "nodeId": 21
}
[1643918679.014][DEBUG]: DevTools WebSocket Event: DOM.childNodeCountUpdated 9C078928568725D01EE14579089CEF80 {
   "childNodeCount": 122,
   "nodeId": 21
}
[1643918679.014][DEBUG]: DevTools WebSocket Event: DOM.childNodeCountUpdated 9C078928568725D01EE14579089CEF80 {
   "childNodeCount": 123,
   "nodeId": 21
}
[1643918679.014][DEBUG]: DevTools WebSocket Event: DOM.childNodeCountUpdated 9C078928568725D01EE14579089CEF80 {
   "childNodeCount": 124,
   "nodeId": 21
}
[1643918679.014][DEBUG]: DevTools WebSocket Event: DOM.childNodeCountUpdated 9C078928568725D01EE14579089CEF80 {
   "childNodeCount": 125,
   "nodeId": 21
}
[1643918679.015][DEBUG]: DevTools WebSocket Event: DOM.childNodeCountUpdated 9C078928568725D01EE14579089CEF80 {
   "childNodeCount": 126,
   "nodeId": 21
}
[1643918679.015][DEBUG]: DevTools WebSocket Event: DOM.childNodeCountUpdated 9C078928568725D01EE14579089CEF80 {
   "childNodeCount": 127,
   "nodeId": 21
}
[1643918679.025][DEBUG]: DevTools WebSocket Event: Page.frameStoppedLoading 9C078928568725D01EE14579089CEF80 {
   "frameId": "5097928AF39CECA762A9A093CEEBFECA"
}
[1643918679.030][DEBUG]: DevTools WebSocket Event: Page.frameDetached 9C078928568725D01EE14579089CEF80 {
   "frameId": "5097928AF39CECA762A9A093CEEBFECA",
   "reason": "swap"
}
[1643918679.031][DEBUG]: DevTools WebSocket Event: Runtime.executionContextDestroyed 9C078928568725D01EE14579089CEF80 {
   "executionContextId": 7
}
[1643918679.035][DEBUG]: DevTools WebSocket Response: Runtime.evaluate (id=44) 9C078928568725D01EE14579089CEF80 {
   "result": {
      "type": "string",
      "value": "interactive"
   }
}
[1643918679.045][DEBUG]: DevTools WebSocket Event: DOM.childNodeCountUpdated 9C078928568725D01EE14579089CEF80 {
   "childNodeCount": 128,
   "nodeId": 21
}
[1643918679.045][DEBUG]: DevTools WebSocket Event: DOM.childNodeCountUpdated 9C078928568725D01EE14579089CEF80 {
   "childNodeCount": 129,
   "nodeId": 21
}
[1643918679.045][DEBUG]: DevTools WebSocket Command: Runtime.evaluate (id=45) 9C078928568725D01EE14579089CEF80 {
   "expression": "1"
}
[1643918679.062][DEBUG]: DevTools WebSocket Response: Runtime.evaluate (id=45) 9C078928568725D01EE14579089CEF80 {
   "result": {
      "description": "1",
      "type": "number",
      "value": 1
   }
}
[1643918679.199][DEBUG]: DevTools WebSocket Event: Page.frameDetached 9C078928568725D01EE14579089CEF80 {
   "frameId": "D8B0E668B3907B425B0BD20C6DD53787",
   "reason": "remove"
}
[1643918679.199][DEBUG]: DevTools WebSocket Command: Runtime.evaluate (id=46) 9C078928568725D01EE14579089CEF80 {
   "expression": "1"
}
[1643918679.228][DEBUG]: DevTools WebSocket Event: Page.frameDetached 9C078928568725D01EE14579089CEF80 {
   "frameId": "C51BA0D9EE0E98ABC5EB17633CE6CC55",
   "reason": "remove"
}
[1643918679.243][DEBUG]: DevTools WebSocket Response: Runtime.evaluate (id=46) 9C078928568725D01EE14579089CEF80 {
   "result": {
      "description": "1",
      "type": "number",
      "value": 1
   }
}
[1643918679.489][DEBUG]: DevTools WebSocket Event: DOM.childNodeCountUpdated 9C078928568725D01EE14579089CEF80 {
   "childNodeCount": 130,
   "nodeId": 21
}
[1643918679.489][DEBUG]: DevTools WebSocket Command: Runtime.evaluate (id=47) 9C078928568725D01EE14579089CEF80 {
   "expression": "1"
}
[1643918679.513][DEBUG]: DevTools WebSocket Response: Runtime.evaluate (id=47) 9C078928568725D01EE14579089CEF80 {
   "result": {
      "description": "1",
      "type": "number",
      "value": 1
   }
}
[1643918679.740][DEBUG]: DevTools WebSocket Event: DOM.childNodeCountUpdated 9C078928568725D01EE14579089CEF80 {
   "childNodeCount": 131,
   "nodeId": 21
}
[1643918679.740][DEBUG]: DevTools WebSocket Command: Runtime.evaluate (id=48) 9C078928568725D01EE14579089CEF80 {
   "expression": "1"
}
[1643918679.742][DEBUG]: DevTools WebSocket Event: DOM.childNodeCountUpdated 9C078928568725D01EE14579089CEF80 {
   "childNodeCount": 132,
   "nodeId": 21
}
[1643918679.742][DEBUG]: DevTools WebSocket Event: DOM.childNodeCountUpdated 9C078928568725D01EE14579089CEF80 {
   "childNodeCount": 133,
   "nodeId": 21
}
[1643918679.743][DEBUG]: DevTools WebSocket Event: DOM.childNodeCountUpdated 9C078928568725D01EE14579089CEF80 {
   "childNodeCount": 134,
   "nodeId": 21
}
[1643918679.744][DEBUG]: DevTools WebSocket Event: DOM.childNodeCountUpdated 9C078928568725D01EE14579089CEF80 {
   "childNodeCount": 27,
   "nodeId": 22
}
[1643918679.744][DEBUG]: DevTools WebSocket Event: Page.frameAttached 9C078928568725D01EE14579089CEF80 {
   "frameId": "146A255B73C4DCB288EBD78F8AA43FF1",
   "parentFrameId": "9C078928568725D01EE14579089CEF80",
   "stack": {
      "callFrames": [ {
         "columnNumber": 56487,
         "functionName": "vI.j",
         "lineNumber": 17,
         "scriptId": "183",
         "url": "https://securepubads.g.doubleclick.net/gpt/pubads_impl_2022020101.js?31064711"
      }, {
         "columnNumber": 57953,
         "functionName": "",
         "lineNumber": 9,
         "scriptId": "183",
         "url": "https://securepubads.g.doubleclick.net/gpt/pubads_impl_2022020101.js?31064711"
      }, {
         "columnNumber": 66963,
         "functionName": "On",
         "lineNumber": 5,
         "scriptId": "183",
         "url": "https://securepubads.g.doubleclick.net/gpt/pubads_impl_2022020101.js?31064711"
      }, {
         "columnNumber": 67255,
         "functionName": "Qn.next",
         "lineNumber": 5,
         "scriptId": "183",
         "url": "https://securepubads.g.doubleclick.net/gpt/pubads_impl_2022020101.js?31064711"
      }, {
         "columnNumber": 67504,
         "functionName": "b",
         "lineNumber": 5,
         "scriptId": "183",
         "url": "https://securepubads.g.doubleclick.net/gpt/pubads_impl_2022020101.js?31064711"
      } ]
   }
}
[1643918679.748][DEBUG]: DevTools WebSocket Event: Page.frameStartedLoading 9C078928568725D01EE14579089CEF80 {
   "frameId": "146A255B73C4DCB288EBD78F8AA43FF1"
}
[1643918679.970][DEBUG]: DevTools WebSocket Response: Runtime.evaluate (id=48) 9C078928568725D01EE14579089CEF80 {
   "result": {
      "description": "1",
      "type": "number",
      "value": 1
   }
}
[1643918680.001][DEBUG]: DevTools WebSocket Event: Target.attachedToTarget 9C078928568725D01EE14579089CEF80 {
   "sessionId": "185C7D43A1F5AD84BE5EC2F3BC2F5EEF",
   "targetInfo": {
      "attached": true,
      "browserContextId": "C1BA552A7CCC61B93D47D283FD934518",
      "canAccessOpener": false,
      "targetId": "146A255B73C4DCB288EBD78F8AA43FF1",
      "title": "",
      "type": "iframe",
      "url": ""
   },
   "waitingForDebugger": false
}
[1643918680.001][DEBUG]: DevTools WebSocket Command: Page.addScriptToEvaluateOnNewDocument (id=1) 185C7D43A1F5AD84BE5EC2F3BC2F5EEF {
   "source": "(function () {window.cdc_adoQpoasnfa76pfcZLmcfl_Array = window.Array;window.cdc_adoQpoasnfa76pfcZLmcfl_Promise = window.Promise;window.cdc_adoQpoasnfa76pfcZLmcfl_Symbol = window.Symbol;}) ();"
}
[1643918680.002][DEBUG]: DevTools WebSocket Command: Runtime.evaluate (id=2) 185C7D43A1F5AD84BE5EC2F3BC2F5EEF {
   "expression": "(function () {window.cdc_adoQpoasnfa76pfcZLmcfl_Array = window.Array;window.cdc_adoQpoasnfa76pfcZLmcfl_Promise = window.Promise;window.cdc_adoQpoasnfa76pfcZLmcfl_Symbol = window.Symbol;}) ();"
}
[1643918680.002][DEBUG]: DevTools WebSocket Command: DOM.getDocument (id=3) 185C7D43A1F5AD84BE5EC2F3BC2F5EEF {

}
[1643918680.003][DEBUG]: DevTools WebSocket Command: Target.setAutoAttach (id=4) 185C7D43A1F5AD84BE5EC2F3BC2F5EEF {
   "autoAttach": true,
   "flatten": true,
   "waitForDebuggerOnStart": false
}
[1643918680.003][DEBUG]: DevTools WebSocket Command: Page.enable (id=5) 185C7D43A1F5AD84BE5EC2F3BC2F5EEF {

}
[1643918680.004][DEBUG]: DevTools WebSocket Command: Page.enable (id=49) 9C078928568725D01EE14579089CEF80 {

}
[1643918680.012][DEBUG]: DevTools WebSocket Response: Page.addScriptToEvaluateOnNewDocument (id=1) 185C7D43A1F5AD84BE5EC2F3BC2F5EEF {
   "identifier": "1"
}
[1643918680.012][DEBUG]: DevTools WebSocket Response: Runtime.evaluate (id=2) 185C7D43A1F5AD84BE5EC2F3BC2F5EEF {
   "result": {
      "type": "undefined"
   }
}
[1643918680.012][DEBUG]: DevTools WebSocket Response: DOM.getDocument (id=3) 185C7D43A1F5AD84BE5EC2F3BC2F5EEF {
   "root": {
      "backendNodeId": 1,
      "baseURL": "https://bef3316a56e3713a0ae02acc827c63e5.safeframe.googlesyndication.com/safeframe/1-0-38/html/container.html",
      "childNodeCount": 0,
      "children": [  ],
      "compatibilityMode": "NoQuirksMode",
      "documentURL": "https://bef3316a56e3713a0ae02acc827c63e5.safeframe.googlesyndication.com/safeframe/1-0-38/html/container.html",
      "localName": "",
      "nodeId": 1,
      "nodeName": "#document",
      "nodeType": 9,
      "nodeValue": "",
      "xmlVersion": ""
   }
}
[1643918680.012][DEBUG]: DevTools WebSocket Response: Target.setAutoAttach (id=4) 185C7D43A1F5AD84BE5EC2F3BC2F5EEF {

}
[1643918680.012][DEBUG]: DevTools WebSocket Response: Page.enable (id=5) 185C7D43A1F5AD84BE5EC2F3BC2F5EEF {

}
[1643918680.016][DEBUG]: DevTools WebSocket Event: DOM.childNodeInserted 185C7D43A1F5AD84BE5EC2F3BC2F5EEF {
   "node": {
      "backendNodeId": 2,
      "localName": "",
      "nodeId": 2,
      "nodeName": "html",
      "nodeType": 10,
      "nodeValue": "",
      "publicId": "",
      "systemId": ""
   },
   "parentNodeId": 1,
   "previousNodeId": 0
}
[1643918680.016][DEBUG]: DevTools WebSocket Event: DOM.childNodeInserted 185C7D43A1F5AD84BE5EC2F3BC2F5EEF {
   "node": {
      "attributes": [  ],
      "backendNodeId": 3,
      "childNodeCount": 0,
      "frameId": "146A255B73C4DCB288EBD78F8AA43FF1",
      "localName": "html",
      "nodeId": 3,
      "nodeName": "HTML",
      "nodeType": 1,
      "nodeValue": ""
   },
   "parentNodeId": 1,
   "previousNodeId": 2
}
[1643918680.016][DEBUG]: DevTools WebSocket Event: DOM.childNodeCountUpdated 185C7D43A1F5AD84BE5EC2F3BC2F5EEF {
   "childNodeCount": 1,
   "nodeId": 3
}
[1643918680.016][DEBUG]: DevTools WebSocket Event: DOM.childNodeCountUpdated 185C7D43A1F5AD84BE5EC2F3BC2F5EEF {
   "childNodeCount": 2,
   "nodeId": 3
}
[1643918680.022][DEBUG]: DevTools WebSocket Event: Page.loadEventFired 185C7D43A1F5AD84BE5EC2F3BC2F5EEF {
   "timestamp": 588029.436381
}
[1643918680.022][DEBUG]: DevTools WebSocket Event: Page.frameStoppedLoading 185C7D43A1F5AD84BE5EC2F3BC2F5EEF {
   "frameId": "146A255B73C4DCB288EBD78F8AA43FF1"
}
[1643918680.022][DEBUG]: DevTools WebSocket Event: DOM.documentUpdated 185C7D43A1F5AD84BE5EC2F3BC2F5EEF {

}
[1643918680.022][DEBUG]: DevTools WebSocket Command: DOM.getDocument (id=6) 185C7D43A1F5AD84BE5EC2F3BC2F5EEF {

}
[1643918680.023][DEBUG]: DevTools WebSocket Event: Page.domContentEventFired 185C7D43A1F5AD84BE5EC2F3BC2F5EEF {
   "timestamp": 588029.438294
}
[1643918680.024][DEBUG]: DevTools WebSocket Response: DOM.getDocument (id=6) 185C7D43A1F5AD84BE5EC2F3BC2F5EEF {
   "root": {
      "backendNodeId": 1,
      "baseURL": "https://bef3316a56e3713a0ae02acc827c63e5.safeframe.googlesyndication.com/safeframe/1-0-38/html/container.html",
      "childNodeCount": 2,
      "children": [ {
         "backendNodeId": 2,
         "localName": "",
         "nodeId": 5,
         "nodeName": "html",
         "nodeType": 10,
         "nodeValue": "",
         "parentId": 4,
         "publicId": "",
         "systemId": ""
      }, {
         "attributes": [  ],
         "backendNodeId": 3,
         "childNodeCount": 2,
         "children": [ {
            "attributes": [  ],
            "backendNodeId": 4,
            "childNodeCount": 3,
            "localName": "head",
            "nodeId": 7,
            "nodeName": "HEAD",
            "nodeType": 1,
            "nodeValue": "",
            "parentId": 6
         }, {
            "attributes": [  ],
            "backendNodeId": 5,
            "childNodeCount": 0,
            "children": [ {
               "backendNodeId": 6,
               "localName": "",
               "nodeId": 9,
               "nodeName": "#text",
               "nodeType": 3,
               "nodeValue": "\n  \n\n",
               "parentId": 8
            } ],
            "localName": "body",
            "nodeId": 8,
            "nodeName": "BODY",
            "nodeType": 1,
            "nodeValue": "",
            "parentId": 6
         } ],
         "frameId": "146A255B73C4DCB288EBD78F8AA43FF1",
         "localName": "html",
         "nodeId": 6,
         "nodeName": "HTML",
         "nodeType": 1,
         "nodeValue": "",
         "parentId": 4
      } ],
      "compatibilityMode": "NoQuirksMode",
      "documentURL": "https://bef3316a56e3713a0ae02acc827c63e5.safeframe.googlesyndication.com/safeframe/1-0-38/html/container.html",
      "localName": "",
      "nodeId": 4,
      "nodeName": "#document",
      "nodeType": 9,
      "nodeValue": "",
      "xmlVersion": ""
   }
}
[1643918680.030][DEBUG]: DevTools WebSocket Event: Page.frameAttached 9C078928568725D01EE14579089CEF80 {
   "frameId": "84F74F95ABB169E76F925C53BDEDA918",
   "parentFrameId": "9C078928568725D01EE14579089CEF80",
   "stack": {
      "callFrames": [ {
         "columnNumber": 171361,
         "functionName": "IG",
         "lineNumber": 9,
         "scriptId": "183",
         "url": "https://securepubads.g.doubleclick.net/gpt/pubads_impl_2022020101.js?31064711"
      }, {
         "columnNumber": 171745,
         "functionName": "Xj.l",
         "lineNumber": 9,
         "scriptId": "183",
         "url": "https://securepubads.g.doubleclick.net/gpt/pubads_impl_2022020101.js?31064711"
      }, {
         "columnNumber": 169116,
         "functionName": "FG.render",
         "lineNumber": 9,
         "scriptId": "183",
         "url": "https://securepubads.g.doubleclick.net/gpt/pubads_impl_2022020101.js?31064711"
      }, {
         "columnNumber": 2437,
         "functionName": "Lk.j",
         "lineNumber": 17,
         "scriptId": "183",
         "url": "https://securepubads.g.doubleclick.net/gpt/pubads_impl_2022020101.js?31064711"
      }, {
         "columnNumber": 57953,
         "functionName": "",
         "lineNumber": 9,
         "scriptId": "183",
         "url": "https://securepubads.g.doubleclick.net/gpt/pubads_impl_2022020101.js?31064711"
      }, {
         "columnNumber": 66963,
         "functionName": "On",
         "lineNumber": 5,
         "scriptId": "183",
         "url": "https://securepubads.g.doubleclick.net/gpt/pubads_impl_2022020101.js?31064711"
      }, {
         "columnNumber": 67255,
         "functionName": "Qn.next",
         "lineNumber": 5,
         "scriptId": "183",
         "url": "https://securepubads.g.doubleclick.net/gpt/pubads_impl_2022020101.js?31064711"
      }, {
         "columnNumber": 67504,
         "functionName": "b",
         "lineNumber": 5,
         "scriptId": "183",
         "url": "https://securepubads.g.doubleclick.net/gpt/pubads_impl_2022020101.js?31064711"
      } ]
   }
}
[1643918680.041][DEBUG]: DevTools WebSocket Event: Page.frameStartedLoading 9C078928568725D01EE14579089CEF80 {
   "frameId": "84F74F95ABB169E76F925C53BDEDA918"
}
[1643918680.057][DEBUG]: DevTools WebSocket Event: Runtime.executionContextCreated 9C078928568725D01EE14579089CEF80 {
   "context": {
      "auxData": {
         "frameId": "84F74F95ABB169E76F925C53BDEDA918",
         "isDefault": true,
         "type": "default"
      },
      "id": 9,
      "name": "",
      "origin": "https://www.rambler.ru",
      "uniqueId": "7239956165118446137.376123953813845344"
   }
}
[1643918680.057][DEBUG]: DevTools WebSocket Event: Page.frameStoppedLoading 9C078928568725D01EE14579089CEF80 {
   "frameId": "84F74F95ABB169E76F925C53BDEDA918"
}
[1643918680.058][DEBUG]: DevTools WebSocket Event: Page.documentOpened 9C078928568725D01EE14579089CEF80 {
   "frame": {
      "adFrameStatus": {
         "adFrameType": "none",
         "explanations": [  ]
      },
      "crossOriginIsolatedContextType": "NotIsolated",
      "domainAndRegistry": "rambler.ru",
      "gatedAPIFeatures": [  ],
      "id": "84F74F95ABB169E76F925C53BDEDA918",
      "loaderId": "B0DE8461790C0705035137E4813A4677",
      "mimeType": "text/html",
      "name": "google_ads_iframe_/21758191093/rambler.ru//Billboard//PMP_0",
      "parentId": "9C078928568725D01EE14579089CEF80",
      "secureContextType": "Secure",
      "securityOrigin": "https://www.rambler.ru",
      "url": "https://www.rambler.ru/"
   }
}
[1643918680.058][DEBUG]: DevTools WebSocket Event: Page.frameStartedLoading 9C078928568725D01EE14579089CEF80 {
   "frameId": "84F74F95ABB169E76F925C53BDEDA918"
}
[1643918680.065][DEBUG]: DevTools WebSocket Event: Page.frameStoppedLoading 9C078928568725D01EE14579089CEF80 {
   "frameId": "84F74F95ABB169E76F925C53BDEDA918"
}
[1643918680.081][DEBUG]: DevTools WebSocket Event: Page.frameDetached 9C078928568725D01EE14579089CEF80 {
   "frameId": "84F74F95ABB169E76F925C53BDEDA918",
   "reason": "remove"
}
[1643918680.129][DEBUG]: DevTools WebSocket Event: DOM.childNodeCountUpdated 9C078928568725D01EE14579089CEF80 {
   "childNodeCount": 135,
   "nodeId": 21
}
[1643918680.129][DEBUG]: DevTools WebSocket Event: DOM.childNodeCountUpdated 9C078928568725D01EE14579089CEF80 {
   "childNodeCount": 134,
   "nodeId": 21
}
[1643918680.137][DEBUG]: DevTools WebSocket Response: Page.enable (id=49) 9C078928568725D01EE14579089CEF80 {

}
[1643918680.137][DEBUG]: DevTools WebSocket Command: Runtime.enable (id=7) 185C7D43A1F5AD84BE5EC2F3BC2F5EEF {

}
[1643918680.138][DEBUG]: DevTools WebSocket Event: Runtime.executionContextCreated 185C7D43A1F5AD84BE5EC2F3BC2F5EEF {
   "context": {
      "auxData": {
         "frameId": "146A255B73C4DCB288EBD78F8AA43FF1",
         "isDefault": true,
         "type": "default"
      },
      "id": 1,
      "name": "",
      "origin": "https://bef3316a56e3713a0ae02acc827c63e5.safeframe.googlesyndication.com",
      "uniqueId": "5101890608093620533.7204092235305432843"
   }
}
[1643918680.138][DEBUG]: DevTools WebSocket Response: Runtime.enable (id=7) 185C7D43A1F5AD84BE5EC2F3BC2F5EEF {

}
[1643918680.138][DEBUG]: DevTools WebSocket Command: Page.enable (id=8) 185C7D43A1F5AD84BE5EC2F3BC2F5EEF {

}
[1643918680.139][DEBUG]: DevTools WebSocket Response: Page.enable (id=8) 185C7D43A1F5AD84BE5EC2F3BC2F5EEF {

}
[1643918680.139][DEBUG]: DevTools WebSocket Command: Runtime.evaluate (id=50) 9C078928568725D01EE14579089CEF80 {
   "expression": "1"
}
[1643918680.142][DEBUG]: DevTools WebSocket Event: Page.frameStoppedLoading 9C078928568725D01EE14579089CEF80 {
   "frameId": "146A255B73C4DCB288EBD78F8AA43FF1"
}
[1643918680.143][DEBUG]: DevTools WebSocket Event: Page.frameDetached 9C078928568725D01EE14579089CEF80 {
   "frameId": "146A255B73C4DCB288EBD78F8AA43FF1",
   "reason": "swap"
}
[1643918680.155][DEBUG]: DevTools WebSocket Response: Runtime.evaluate (id=50) 9C078928568725D01EE14579089CEF80 {
   "result": {
      "description": "1",
      "type": "number",
      "value": 1
   }
}
[1643918680.155][DEBUG]: DevTools WebSocket Command: DOM.getDocument (id=51) 9C078928568725D01EE14579089CEF80 {

}
[1643918680.201][DEBUG]: DevTools WebSocket Event: Page.frameAttached 9C078928568725D01EE14579089CEF80 {
   "frameId": "27DA58D252A7FC073D0A8245B9936934",
   "parentFrameId": "9C078928568725D01EE14579089CEF80",
   "stack": {
      "callFrames": [ {
         "columnNumber": 317474,
         "functionName": "e._insertNonTextBlock",
         "lineNumber": 0,
         "scriptId": "62",
         "url": "https://ssp.rambler.ru/capirs_async.js"
      }, {
         "columnNumber": 315400,
         "functionName": "",
         "lineNumber": 0,
         "scriptId": "62",
         "url": "https://ssp.rambler.ru/capirs_async.js"
      }, {
         "columnNumber": 313925,
         "functionName": "",
         "lineNumber": 0,
         "scriptId": "62",
         "url": "https://ssp.rambler.ru/capirs_async.js"
      }, {
         "columnNumber": 314030,
         "functionName": "",
         "lineNumber": 0,
         "scriptId": "62",
         "url": "https://ssp.rambler.ru/capirs_async.js"
      }, {
         "columnNumber": 312767,
         "functionName": "a",
         "lineNumber": 0,
         "scriptId": "62",
         "url": "https://ssp.rambler.ru/capirs_async.js"
      } ]
   }
}
[1643918680.209][DEBUG]: DevTools WebSocket Event: Page.frameStartedLoading 9C078928568725D01EE14579089CEF80 {
   "frameId": "27DA58D252A7FC073D0A8245B9936934"
}
[1643918680.214][DEBUG]: DevTools WebSocket Event: Page.frameNavigated 9C078928568725D01EE14579089CEF80 {
   "frame": {
      "adFrameStatus": {
         "adFrameType": "none",
         "explanations": [  ]
      },
      "crossOriginIsolatedContextType": "NotIsolated",
      "domainAndRegistry": "",
      "gatedAPIFeatures": [  ],
      "id": "27DA58D252A7FC073D0A8245B9936934",
      "loaderId": "C521D060E1EDDA2F6665215D64D6603D",
      "mimeType": "text/html",
      "name": "axhtml-61fc5-3550a-27068",
      "parentId": "9C078928568725D01EE14579089CEF80",
      "secureContextType": "Secure",
      "securityOrigin": "://",
      "url": "about:blank"
   },
   "type": "Navigation"
}
[1643918680.215][DEBUG]: DevTools WebSocket Event: Runtime.executionContextCreated 9C078928568725D01EE14579089CEF80 {
   "context": {
      "auxData": {
         "frameId": "27DA58D252A7FC073D0A8245B9936934",
         "isDefault": true,
         "type": "default"
      },
      "id": 10,
      "name": "",
      "origin": "https://www.rambler.ru",
      "uniqueId": "5348937753074056216.2924248041648837961"
   }
}
[1643918680.215][DEBUG]: DevTools WebSocket Event: Page.frameStoppedLoading 9C078928568725D01EE14579089CEF80 {
   "frameId": "27DA58D252A7FC073D0A8245B9936934"
}
[1643918680.218][DEBUG]: DevTools WebSocket Response: DOM.getDocument (id=51) 9C078928568725D01EE14579089CEF80 {
   "root": {
      "backendNodeId": 1,
      "baseURL": "https://www.rambler.ru/",
      "childNodeCount": 3,
      "children": [ {
         "backendNodeId": 2,
         "localName": "",
         "nodeId": 24,
         "nodeName": "html",
         "nodeType": 10,
         "nodeValue": "",
         "parentId": 23,
         "publicId": "",
         "systemId": ""
      }, {
         "backendNodeId": 3,
         "localName": "",
         "nodeId": 25,
         "nodeName": "#comment",
         "nodeType": 8,
         "nodeValue": " Hello, stranger! ¯\\_( ͡° ͜ʖ ͡°)_/¯ ",
         "parentId": 23
      }, {
         "attributes": [ "class", "no-js", "lang", "ru", "prefix", "og: http://ogp.me/ns#" ],
         "backendNodeId": 4,
         "childNodeCount": 2,
         "children": [ {
            "attributes": [  ],
            "backendNodeId": 5,
            "childNodeCount": 134,
            "localName": "head",
            "nodeId": 27,
            "nodeName": "HEAD",
            "nodeType": 1,
            "nodeValue": "",
            "parentId": 26
         }, {
            "attributes": [  ],
            "backendNodeId": 6,
            "childNodeCount": 27,
            "localName": "body",
            "nodeId": 28,
            "nodeName": "BODY",
            "nodeType": 1,
            "nodeValue": "",
            "parentId": 26
         } ],
         "frameId": "9C078928568725D01EE14579089CEF80",
         "localName": "html",
         "nodeId": 26,
         "nodeName": "HTML",
         "nodeType": 1,
         "nodeValue": "",
         "parentId": 23
      } ],
      "compatibilityMode": "NoQuirksMode",
      "documentURL": "https://www.rambler.ru/",
      "localName": "",
      "nodeId": 23,
      "nodeName": "#document",
      "nodeType": 9,
      "nodeValue": "",
      "xmlVersion": ""
   }
}
[1643918680.218][DEBUG]: DevTools WebSocket Command: Runtime.evaluate (id=52) 9C078928568725D01EE14579089CEF80 {
   "awaitPromise": false,
   "expression": "document.readyState",
   "returnByValue": true
}
[1643918680.229][DEBUG]: DevTools WebSocket Event: Page.documentOpened 9C078928568725D01EE14579089CEF80 {
   "frame": {
      "adFrameStatus": {
         "adFrameType": "none",
         "explanations": [  ]
      },
      "crossOriginIsolatedContextType": "NotIsolated",
      "domainAndRegistry": "rambler.ru",
      "gatedAPIFeatures": [  ],
      "id": "27DA58D252A7FC073D0A8245B9936934",
      "loaderId": "C521D060E1EDDA2F6665215D64D6603D",
      "mimeType": "text/html",
      "name": "axhtml-61fc5-3550a-27068",
      "parentId": "9C078928568725D01EE14579089CEF80",
      "secureContextType": "Secure",
      "securityOrigin": "https://www.rambler.ru",
      "url": "https://www.rambler.ru/"
   }
}
[1643918680.229][DEBUG]: DevTools WebSocket Event: Page.frameStartedLoading 9C078928568725D01EE14579089CEF80 {
   "frameId": "27DA58D252A7FC073D0A8245B9936934"
}
[1643918680.381][DEBUG]: DevTools WebSocket Response: Runtime.evaluate (id=52) 9C078928568725D01EE14579089CEF80 {
   "result": {
      "type": "string",
      "value": "interactive"
   }
}
[1643918680.383][DEBUG]: DevTools WebSocket Event: Runtime.executionContextDestroyed 9C078928568725D01EE14579089CEF80 {
   "executionContextId": 8
}
[1643918680.383][DEBUG]: DevTools WebSocket Event: Runtime.executionContextDestroyed 9C078928568725D01EE14579089CEF80 {
   "executionContextId": 9
}
[1643918680.383][DEBUG]: DevTools WebSocket Command: Runtime.evaluate (id=53) 9C078928568725D01EE14579089CEF80 {
   "expression": "1"
}
[1643918680.399][DEBUG]: DevTools WebSocket Event: Runtime.consoleAPICalled 9C078928568725D01EE14579089CEF80 {
   "args": [ {
      "type": "string",
      "value": "The googletag.pubads().definePassback function has been deprecated. The function may break in certain contexts, see https://developers.google.com/publisher-tag/guides/passback-tags#construct_passba..."
   } ],
   "executionContextId": 10,
   "stackTrace": {
      "callFrames": [ {
         "columnNumber": 27767,
         "functionName": "ns",
         "lineNumber": 9,
         "scriptId": "126",
         "url": "https://securepubads.g.doubleclick.net/gpt/pubads_impl_2022020101.js?31064711"
      }, {
         "columnNumber": 156440,
         "functionName": "",
         "lineNumber": 9,
         "scriptId": "126",
         "url": "https://securepubads.g.doubleclick.net/gpt/pubads_impl_2022020101.js?31064711"
      }, {
         "columnNumber": 752,
         "functionName": "",
         "lineNumber": 9,
         "scriptId": "126",
         "url": "https://securepubads.g.doubleclick.net/gpt/pubads_impl_2022020101.js?31064711"
      }, {
         "columnNumber": 157019,
         "functionName": "vj.add",
         "lineNumber": 9,
         "scriptId": "126",
         "url": "https://securepubads.g.doubleclick.net/gpt/pubads_impl_2022020101.js?31064711"
      }, {
         "columnNumber": 157723,
         "functionName": "vm",
         "lineNumber": 9,
         "scriptId": "126",
         "url": "https://securepubads.g.doubleclick.net/gpt/pubads_impl_2022020101.js?31064711"
      }, {
         "columnNumber": 59093,
         "functionName": "xm",
         "lineNumber": 5,
         "scriptId": "126",
         "url": "https://securepubads.g.doubleclick.net/gpt/pubads_impl_2022020101.js?31064711"
      }, {
         "columnNumber": 79617,
         "functionName": "",
         "lineNumber": 17,
         "scriptId": "126",
         "url": "https://securepubads.g.doubleclick.net/gpt/pubads_impl_2022020101.js?31064711"
      }, {
         "columnNumber": 23648,
         "functionName": "",
         "lineNumber": 5,
         "scriptId": "126",
         "url": "https://securepubads.g.doubleclick.net/gpt/pubads_impl_2022020101.js?31064711"
      }, {
         "columnNumber": 21,
         "functionName": "",
         "lineNumber": 1,
         "scriptId": "205",
         "url": ""
      }, {
         "columnNumber": 61460,
         "functionName": "Rm",
         "lineNumber": 5,
         "scriptId": "126",
         "url": "https://securepubads.g.doubleclick.net/gpt/pubads_impl_2022020101.js?31064711"
      }, {
         "columnNumber": 100175,
         "functionName": "",
         "lineNumber": 17,
         "scriptId": "126",
         "url": "https://securepubads.g.doubleclick.net/gpt/pubads_impl_2022020101.js?31064711"
      }, {
         "columnNumber": 100937,
         "functionName": "",
         "lineNumber": 17,
         "scriptId": "126",
         "url": "https://securepubads.g.doubleclick.net/gpt/pubads_impl_2022020101.js?31064711"
      }, {
         "columnNumber": 101093,
         "functionName": "",
         "lineNumber": 17,
         "scriptId": "126",
         "url": "https://securepubads.g.doubleclick.net/gpt/pubads_impl_2022020101.js?31064711"
      } ]
   },
   "timestamp": 1.64391868039817e+12,
   "type": "warning"
}
[1643918680.427][DEBUG]: DevTools WebSocket Event: Page.frameAttached 9C078928568725D01EE14579089CEF80 {
   "frameId": "0CB6B14A045752C203E294991601E3B7",
   "parentFrameId": "27DA58D252A7FC073D0A8245B9936934",
   "stack": {
      "callFrames": [ {
         "columnNumber": 56487,
         "functionName": "vI.j",
         "lineNumber": 17,
         "scriptId": "126",
         "url": "https://securepubads.g.doubleclick.net/gpt/pubads_impl_2022020101.js?31064711"
      }, {
         "columnNumber": 57953,
         "functionName": "",
         "lineNumber": 9,
         "scriptId": "126",
         "url": "https://securepubads.g.doubleclick.net/gpt/pubads_impl_2022020101.js?31064711"
      }, {
         "columnNumber": 66963,
         "functionName": "On",
         "lineNumber": 5,
         "scriptId": "126",
         "url": "https://securepubads.g.doubleclick.net/gpt/pubads_impl_2022020101.js?31064711"
      }, {
         "columnNumber": 67255,
         "functionName": "Qn.next",
         "lineNumber": 5,
         "scriptId": "126",
         "url": "https://securepubads.g.doubleclick.net/gpt/pubads_impl_2022020101.js?31064711"
      }, {
         "columnNumber": 67504,
         "functionName": "b",
         "lineNumber": 5,
         "scriptId": "126",
         "url": "https://securepubads.g.doubleclick.net/gpt/pubads_impl_2022020101.js?31064711"
      } ]
   }
}
[1643918680.427][DEBUG]: DevTools WebSocket Event: Page.frameStartedLoading 9C078928568725D01EE14579089CEF80 {
   "frameId": "0CB6B14A045752C203E294991601E3B7"
}
[1643918680.431][DEBUG]: DevTools WebSocket Response: Runtime.evaluate (id=53) 9C078928568725D01EE14579089CEF80 {
   "result": {
      "description": "1",
      "type": "number",
      "value": 1
   }
}
[1643918680.590][DEBUG]: DevTools WebSocket Event: Target.attachedToTarget 9C078928568725D01EE14579089CEF80 {
   "sessionId": "F036F1DBC76043B2825EBB3DE20B2286",
   "targetInfo": {
      "attached": true,
      "browserContextId": "C1BA552A7CCC61B93D47D283FD934518",
      "canAccessOpener": false,
      "targetId": "0CB6B14A045752C203E294991601E3B7",
      "title": "",
      "type": "iframe",
      "url": ""
   },
   "waitingForDebugger": false
}
[1643918680.590][DEBUG]: DevTools WebSocket Command: Page.addScriptToEvaluateOnNewDocument (id=1) F036F1DBC76043B2825EBB3DE20B2286 {
   "source": "(function () {window.cdc_adoQpoasnfa76pfcZLmcfl_Array = window.Array;window.cdc_adoQpoasnfa76pfcZLmcfl_Promise = window.Promise;window.cdc_adoQpoasnfa76pfcZLmcfl_Symbol = window.Symbol;}) ();"
}
[1643918680.590][DEBUG]: DevTools WebSocket Command: Runtime.evaluate (id=2) F036F1DBC76043B2825EBB3DE20B2286 {
   "expression": "(function () {window.cdc_adoQpoasnfa76pfcZLmcfl_Array = window.Array;window.cdc_adoQpoasnfa76pfcZLmcfl_Promise = window.Promise;window.cdc_adoQpoasnfa76pfcZLmcfl_Symbol = window.Symbol;}) ();"
}
[1643918680.591][DEBUG]: DevTools WebSocket Command: DOM.getDocument (id=3) F036F1DBC76043B2825EBB3DE20B2286 {

}
[1643918680.591][DEBUG]: DevTools WebSocket Command: Target.setAutoAttach (id=4) F036F1DBC76043B2825EBB3DE20B2286 {
   "autoAttach": true,
   "flatten": true,
   "waitForDebuggerOnStart": false
}
[1643918680.592][DEBUG]: DevTools WebSocket Command: Page.enable (id=5) F036F1DBC76043B2825EBB3DE20B2286 {

}
[1643918680.593][DEBUG]: DevTools WebSocket Command: Page.enable (id=54) 9C078928568725D01EE14579089CEF80 {

}
[1643918680.603][DEBUG]: DevTools WebSocket Response: Page.addScriptToEvaluateOnNewDocument (id=1) F036F1DBC76043B2825EBB3DE20B2286 {
   "identifier": "1"
}
[1643918680.603][DEBUG]: DevTools WebSocket Response: Runtime.evaluate (id=2) F036F1DBC76043B2825EBB3DE20B2286 {
   "result": {
      "type": "undefined"
   }
}
[1643918680.603][DEBUG]: DevTools WebSocket Response: DOM.getDocument (id=3) F036F1DBC76043B2825EBB3DE20B2286 {
   "root": {
      "backendNodeId": 7,
      "baseURL": "https://174e4cbda9d7e015a3fa2918e6b39ebd.safeframe.googlesyndication.com/safeframe/1-0-38/html/container.html?n=1",
      "childNodeCount": 0,
      "children": [  ],
      "compatibilityMode": "NoQuirksMode",
      "documentURL": "https://174e4cbda9d7e015a3fa2918e6b39ebd.safeframe.googlesyndication.com/safeframe/1-0-38/html/container.html?n=1",
      "localName": "",
      "nodeId": 1,
      "nodeName": "#document",
      "nodeType": 9,
      "nodeValue": "",
      "xmlVersion": ""
   }
}
[1643918680.603][DEBUG]: DevTools WebSocket Response: Target.setAutoAttach (id=4) F036F1DBC76043B2825EBB3DE20B2286 {

}
[1643918680.603][DEBUG]: DevTools WebSocket Response: Page.enable (id=5) F036F1DBC76043B2825EBB3DE20B2286 {

}
[1643918680.604][DEBUG]: DevTools WebSocket Event: DOM.childNodeInserted F036F1DBC76043B2825EBB3DE20B2286 {
   "node": {
      "backendNodeId": 8,
      "localName": "",
      "nodeId": 2,
      "nodeName": "html",
      "nodeType": 10,
      "nodeValue": "",
      "publicId": "",
      "systemId": ""
   },
   "parentNodeId": 1,
   "previousNodeId": 0
}
[1643918680.604][DEBUG]: DevTools WebSocket Event: DOM.childNodeInserted F036F1DBC76043B2825EBB3DE20B2286 {
   "node": {
      "attributes": [  ],
      "backendNodeId": 9,
      "childNodeCount": 0,
      "frameId": "0CB6B14A045752C203E294991601E3B7",
      "localName": "html",
      "nodeId": 3,
      "nodeName": "HTML",
      "nodeType": 1,
      "nodeValue": ""
   },
   "parentNodeId": 1,
   "previousNodeId": 2
}
[1643918680.604][DEBUG]: DevTools WebSocket Event: DOM.childNodeCountUpdated F036F1DBC76043B2825EBB3DE20B2286 {
   "childNodeCount": 1,
   "nodeId": 3
}
[1643918680.605][DEBUG]: DevTools WebSocket Event: DOM.childNodeCountUpdated F036F1DBC76043B2825EBB3DE20B2286 {
   "childNodeCount": 2,
   "nodeId": 3
}
[1643918680.606][DEBUG]: DevTools WebSocket Event: Page.loadEventFired F036F1DBC76043B2825EBB3DE20B2286 {
   "timestamp": 588030.022245
}
[1643918680.606][DEBUG]: DevTools WebSocket Event: Page.frameStoppedLoading F036F1DBC76043B2825EBB3DE20B2286 {
   "frameId": "0CB6B14A045752C203E294991601E3B7"
}
[1643918680.606][DEBUG]: DevTools WebSocket Event: DOM.documentUpdated F036F1DBC76043B2825EBB3DE20B2286 {

}
[1643918680.606][DEBUG]: DevTools WebSocket Command: DOM.getDocument (id=6) F036F1DBC76043B2825EBB3DE20B2286 {

}
[1643918680.607][DEBUG]: DevTools WebSocket Event: Page.domContentEventFired F036F1DBC76043B2825EBB3DE20B2286 {
   "timestamp": 588030.022639
}
[1643918680.607][DEBUG]: DevTools WebSocket Response: DOM.getDocument (id=6) F036F1DBC76043B2825EBB3DE20B2286 {
   "root": {
      "backendNodeId": 7,
      "baseURL": "https://174e4cbda9d7e015a3fa2918e6b39ebd.safeframe.googlesyndication.com/safeframe/1-0-38/html/container.html?n=1",
      "childNodeCount": 2,
      "children": [ {
         "backendNodeId": 8,
         "localName": "",
         "nodeId": 5,
         "nodeName": "html",
         "nodeType": 10,
         "nodeValue": "",
         "parentId": 4,
         "publicId": "",
         "systemId": ""
      }, {
         "attributes": [  ],
         "backendNodeId": 9,
         "childNodeCount": 2,
         "children": [ {
            "attributes": [  ],
            "backendNodeId": 10,
            "childNodeCount": 3,
            "localName": "head",
            "nodeId": 7,
            "nodeName": "HEAD",
            "nodeType": 1,
            "nodeValue": "",
            "parentId": 6
         }, {
            "attributes": [  ],
            "backendNodeId": 11,
            "childNodeCount": 0,
            "children": [ {
               "backendNodeId": 12,
               "localName": "",
               "nodeId": 9,
               "nodeName": "#text",
               "nodeType": 3,
               "nodeValue": "\n  \n\n",
               "parentId": 8
            } ],
            "localName": "body",
            "nodeId": 8,
            "nodeName": "BODY",
            "nodeType": 1,
            "nodeValue": "",
            "parentId": 6
         } ],
         "frameId": "0CB6B14A045752C203E294991601E3B7",
         "localName": "html",
         "nodeId": 6,
         "nodeName": "HTML",
         "nodeType": 1,
         "nodeValue": "",
         "parentId": 4
      } ],
      "compatibilityMode": "NoQuirksMode",
      "documentURL": "https://174e4cbda9d7e015a3fa2918e6b39ebd.safeframe.googlesyndication.com/safeframe/1-0-38/html/container.html?n=1",
      "localName": "",
      "nodeId": 4,
      "nodeName": "#document",
      "nodeType": 9,
      "nodeValue": "",
      "xmlVersion": ""
   }
}
[1643918680.813][DEBUG]: DevTools WebSocket Event: DOM.childNodeCountUpdated 9C078928568725D01EE14579089CEF80 {
   "childNodeCount": 135,
   "nodeId": 27
}
[1643918680.813][DEBUG]: DevTools WebSocket Event: DOM.childNodeCountUpdated 9C078928568725D01EE14579089CEF80 {
   "childNodeCount": 136,
   "nodeId": 27
}
[1643918680.813][DEBUG]: DevTools WebSocket Event: DOM.childNodeCountUpdated 9C078928568725D01EE14579089CEF80 {
   "childNodeCount": 26,
   "nodeId": 28
}
[1643918680.813][DEBUG]: DevTools WebSocket Event: DOM.childNodeCountUpdated 9C078928568725D01EE14579089CEF80 {
   "childNodeCount": 27,
   "nodeId": 28
}
[1643918680.813][DEBUG]: DevTools WebSocket Event: DOM.childNodeCountUpdated 9C078928568725D01EE14579089CEF80 {
   "childNodeCount": 137,
   "nodeId": 27
}
[1643918680.813][DEBUG]: DevTools WebSocket Event: DOM.childNodeCountUpdated 9C078928568725D01EE14579089CEF80 {
   "childNodeCount": 138,
   "nodeId": 27
}
[1643918680.813][DEBUG]: DevTools WebSocket Event: DOM.childNodeCountUpdated 9C078928568725D01EE14579089CEF80 {
   "childNodeCount": 26,
   "nodeId": 28
}
[1643918680.813][DEBUG]: DevTools WebSocket Event: DOM.childNodeCountUpdated 9C078928568725D01EE14579089CEF80 {
   "childNodeCount": 27,
   "nodeId": 28
}
[1643918680.813][DEBUG]: DevTools WebSocket Event: DOM.childNodeCountUpdated 9C078928568725D01EE14579089CEF80 {
   "childNodeCount": 26,
   "nodeId": 28
}
[1643918680.813][DEBUG]: DevTools WebSocket Event: DOM.childNodeCountUpdated 9C078928568725D01EE14579089CEF80 {
   "childNodeCount": 27,
   "nodeId": 28
}
[1643918680.814][DEBUG]: DevTools WebSocket Event: DOM.childNodeCountUpdated 9C078928568725D01EE14579089CEF80 {
   "childNodeCount": 26,
   "nodeId": 28
}
[1643918680.814][DEBUG]: DevTools WebSocket Event: DOM.childNodeCountUpdated 9C078928568725D01EE14579089CEF80 {
   "childNodeCount": 27,
   "nodeId": 28
}
[1643918680.814][DEBUG]: DevTools WebSocket Event: DOM.childNodeCountUpdated 9C078928568725D01EE14579089CEF80 {
   "childNodeCount": 26,
   "nodeId": 28
}
[1643918680.814][DEBUG]: DevTools WebSocket Event: DOM.childNodeCountUpdated 9C078928568725D01EE14579089CEF80 {
   "childNodeCount": 27,
   "nodeId": 28
}
[1643918680.826][DEBUG]: DevTools WebSocket Response: Page.enable (id=54) 9C078928568725D01EE14579089CEF80 {

}
[1643918680.826][DEBUG]: DevTools WebSocket Command: Runtime.enable (id=7) F036F1DBC76043B2825EBB3DE20B2286 {

}
[1643918680.827][DEBUG]: DevTools WebSocket Event: Runtime.executionContextCreated F036F1DBC76043B2825EBB3DE20B2286 {
   "context": {
      "auxData": {
         "frameId": "0CB6B14A045752C203E294991601E3B7",
         "isDefault": true,
         "type": "default"
      },
      "id": 2,
      "name": "",
      "origin": "https://174e4cbda9d7e015a3fa2918e6b39ebd.safeframe.googlesyndication.com",
      "uniqueId": "6668907495242312888.3563470479194909646"
   }
}
[1643918680.827][DEBUG]: DevTools WebSocket Response: Runtime.enable (id=7) F036F1DBC76043B2825EBB3DE20B2286 {

}
[1643918680.827][DEBUG]: DevTools WebSocket Command: Page.enable (id=8) F036F1DBC76043B2825EBB3DE20B2286 {

}
[1643918680.828][DEBUG]: DevTools WebSocket Response: Page.enable (id=8) F036F1DBC76043B2825EBB3DE20B2286 {

}
[1643918680.829][DEBUG]: DevTools WebSocket Command: Runtime.evaluate (id=55) 9C078928568725D01EE14579089CEF80 {
   "expression": "1"
}
[1643918680.956][DEBUG]: DevTools WebSocket Event: Page.frameStoppedLoading 9C078928568725D01EE14579089CEF80 {
   "frameId": "0CB6B14A045752C203E294991601E3B7"
}
[1643918680.958][DEBUG]: DevTools WebSocket Event: Page.frameDetached 9C078928568725D01EE14579089CEF80 {
   "frameId": "0CB6B14A045752C203E294991601E3B7",
   "reason": "swap"
}
[1643918680.983][DEBUG]: DevTools WebSocket Event: DOM.childNodeCountUpdated 9C078928568725D01EE14579089CEF80 {
   "childNodeCount": 28,
   "nodeId": 28
}
[1643918680.983][DEBUG]: DevTools WebSocket Event: Page.frameAttached 9C078928568725D01EE14579089CEF80 {
   "frameId": "53121D82DF48193CF560EBD16C07A900",
   "parentFrameId": "9C078928568725D01EE14579089CEF80",
   "stack": {
      "callFrames": [ {
         "columnNumber": 283753,
         "functionName": "e.parseLinks",
         "lineNumber": 0,
         "scriptId": "62",
         "url": "https://ssp.rambler.ru/capirs_async.js"
      }, {
         "columnNumber": 318292,
         "functionName": "",
         "lineNumber": 0,
         "scriptId": "62",
         "url": "https://ssp.rambler.ru/capirs_async.js"
      }, {
         "columnNumber": 301436,
         "functionName": "r",
         "lineNumber": 0,
         "scriptId": "36",
         "url": "https://www.rambler.ru/assets/desktopVendor.30391685.chunk.js"
      } ]
   }
}
[1643918680.984][DEBUG]: DevTools WebSocket Event: Page.frameStartedLoading 9C078928568725D01EE14579089CEF80 {
   "frameId": "53121D82DF48193CF560EBD16C07A900"
}
[1643918681.004][DEBUG]: DevTools WebSocket Event: Page.frameStoppedLoading 9C078928568725D01EE14579089CEF80 {
   "frameId": "27DA58D252A7FC073D0A8245B9936934"
}
[1643918681.025][DEBUG]: DevTools WebSocket Response: Runtime.evaluate (id=55) 9C078928568725D01EE14579089CEF80 {
   "result": {
      "description": "1",
      "type": "number",
      "value": 1
   }
}
[1643918681.025][DEBUG]: DevTools WebSocket Command: DOM.getDocument (id=56) 9C078928568725D01EE14579089CEF80 {

}
[1643918681.065][DEBUG]: DevTools WebSocket Event: Page.frameAttached 9C078928568725D01EE14579089CEF80 {
   "frameId": "D7CAF589BD1040925AF8DDD101560B12",
   "parentFrameId": "27DA58D252A7FC073D0A8245B9936934",
   "stack": {
      "callFrames": [ {
         "columnNumber": 115620,
         "functionName": "JC",
         "lineNumber": 9,
         "scriptId": "126",
         "url": "https://securepubads.g.doubleclick.net/gpt/pubads_impl_2022020101.js?31064711"
      }, {
         "columnNumber": 112690,
         "functionName": "LC",
         "lineNumber": 9,
         "scriptId": "126",
         "url": "https://securepubads.g.doubleclick.net/gpt/pubads_impl_2022020101.js?31064711"
      }, {
         "columnNumber": 170551,
         "functionName": "GG",
         "lineNumber": 9,
         "scriptId": "126",
         "url": "https://securepubads.g.doubleclick.net/gpt/pubads_impl_2022020101.js?31064711"
      }, {
         "columnNumber": 169632,
         "functionName": "FG.o",
         "lineNumber": 9,
         "scriptId": "126",
         "url": "https://securepubads.g.doubleclick.net/gpt/pubads_impl_2022020101.js?31064711"
      }, {
         "columnNumber": 171026,
         "functionName": "Yj.l",
         "lineNumber": 9,
         "scriptId": "126",
         "url": "https://securepubads.g.doubleclick.net/gpt/pubads_impl_2022020101.js?31064711"
      }, {
         "columnNumber": 169116,
         "functionName": "FG.render",
         "lineNumber": 9,
         "scriptId": "126",
         "url": "https://securepubads.g.doubleclick.net/gpt/pubads_impl_2022020101.js?31064711"
      }, {
         "columnNumber": 2437,
         "functionName": "Lk.j",
         "lineNumber": 17,
         "scriptId": "126",
         "url": "https://securepubads.g.doubleclick.net/gpt/pubads_impl_2022020101.js?31064711"
      }, {
         "columnNumber": 57953,
         "functionName": "",
         "lineNumber": 9,
         "scriptId": "126",
         "url": "https://securepubads.g.doubleclick.net/gpt/pubads_impl_2022020101.js?31064711"
      }, {
         "columnNumber": 66963,
         "functionName": "On",
         "lineNumber": 5,
         "scriptId": "126",
         "url": "https://securepubads.g.doubleclick.net/gpt/pubads_impl_2022020101.js?31064711"
      }, {
         "columnNumber": 67255,
         "functionName": "Qn.next",
         "lineNumber": 5,
         "scriptId": "126",
         "url": "https://securepubads.g.doubleclick.net/gpt/pubads_impl_2022020101.js?31064711"
      }, {
         "columnNumber": 67504,
         "functionName": "b",
         "lineNumber": 5,
         "scriptId": "126",
         "url": "https://securepubads.g.doubleclick.net/gpt/pubads_impl_2022020101.js?31064711"
      } ]
   }
}
[1643918681.066][DEBUG]: DevTools WebSocket Event: Page.frameStartedLoading 9C078928568725D01EE14579089CEF80 {
   "frameId": "D7CAF589BD1040925AF8DDD101560B12"
}
[1643918681.088][DEBUG]: DevTools WebSocket Event: Runtime.executionContextCreated 9C078928568725D01EE14579089CEF80 {
   "context": {
      "auxData": {
         "frameId": "D7CAF589BD1040925AF8DDD101560B12",
         "isDefault": true,
         "type": "default"
      },
      "id": 11,
      "name": "",
      "origin": "https://www.rambler.ru",
      "uniqueId": "-7528480623769920277.8656914565975816678"
   }
}
[1643918681.096][DEBUG]: DevTools WebSocket Event: Page.frameNavigated 9C078928568725D01EE14579089CEF80 {
   "frame": {
      "adFrameStatus": {
         "adFrameType": "none",
         "explanations": [  ]
      },
      "crossOriginIsolatedContextType": "NotIsolatedFeatureDisabled",
      "domainAndRegistry": "rambler.ru",
      "gatedAPIFeatures": [  ],
      "id": "53121D82DF48193CF560EBD16C07A900",
      "loaderId": "E45032255BCAE3C416F4CB245A57C03D",
      "mimeType": "text/html",
      "name": "",
      "parentId": "9C078928568725D01EE14579089CEF80",
      "secureContextType": "Secure",
      "securityOrigin": "https://profile.ssp.rambler.ru",
      "url": "https://profile.ssp.rambler.ru/sandbox?img=MXUKQsBJk9Ik*PEV*IG5YLuOTi4yoZKq201tEN8ZNAiqMckSxCu-qX7OqlGntinsnRx6mTAfGQy8hTyRCMtBb07oUO1W4jLBJoeAWH8I*ZDPQFQhq7KaIWfj7RFh1VMWAgAAALrcvAoAAAAA&img=5Colc..."
   },
   "type": "Navigation"
}
[1643918681.096][DEBUG]: DevTools WebSocket Event: Runtime.executionContextCreated 9C078928568725D01EE14579089CEF80 {
   "context": {
      "auxData": {
         "frameId": "53121D82DF48193CF560EBD16C07A900",
         "isDefault": true,
         "type": "default"
      },
      "id": 12,
      "name": "",
      "origin": "https://profile.ssp.rambler.ru",
      "uniqueId": "-6046091708663566177.-1277007803466267723"
   }
}
[1643918681.099][DEBUG]: DevTools WebSocket Response: DOM.getDocument (id=56) 9C078928568725D01EE14579089CEF80 {
   "root": {
      "backendNodeId": 1,
      "baseURL": "https://www.rambler.ru/",
      "childNodeCount": 3,
      "children": [ {
         "backendNodeId": 2,
         "localName": "",
         "nodeId": 30,
         "nodeName": "html",
         "nodeType": 10,
         "nodeValue": "",
         "parentId": 29,
         "publicId": "",
         "systemId": ""
      }, {
         "backendNodeId": 3,
         "localName": "",
         "nodeId": 31,
         "nodeName": "#comment",
         "nodeType": 8,
         "nodeValue": " Hello, stranger! ¯\\_( ͡° ͜ʖ ͡°)_/¯ ",
         "parentId": 29
      }, {
         "attributes": [ "class", "no-js", "lang", "ru", "prefix", "og: http://ogp.me/ns#" ],
         "backendNodeId": 4,
         "childNodeCount": 2,
         "children": [ {
            "attributes": [  ],
            "backendNodeId": 5,
            "childNodeCount": 138,
            "localName": "head",
            "nodeId": 33,
            "nodeName": "HEAD",
            "nodeType": 1,
            "nodeValue": "",
            "parentId": 32
         }, {
            "attributes": [  ],
            "backendNodeId": 6,
            "childNodeCount": 28,
            "localName": "body",
            "nodeId": 34,
            "nodeName": "BODY",
            "nodeType": 1,
            "nodeValue": "",
            "parentId": 32
         } ],
         "frameId": "9C078928568725D01EE14579089CEF80",
         "localName": "html",
         "nodeId": 32,
         "nodeName": "HTML",
         "nodeType": 1,
         "nodeValue": "",
         "parentId": 29
      } ],
      "compatibilityMode": "NoQuirksMode",
      "documentURL": "https://www.rambler.ru/",
      "localName": "",
      "nodeId": 29,
      "nodeName": "#document",
      "nodeType": 9,
      "nodeValue": "",
      "xmlVersion": ""
   }
}
[1643918681.099][DEBUG]: DevTools WebSocket Command: Runtime.evaluate (id=57) 9C078928568725D01EE14579089CEF80 {
   "awaitPromise": false,
   "expression": "document.readyState",
   "returnByValue": true
}
[1643918681.113][DEBUG]: DevTools WebSocket Event: Target.attachedToTarget 9C078928568725D01EE14579089CEF80 {
   "sessionId": "B90B56FBDCAC1375D78145D582B45A15",
   "targetInfo": {
      "attached": true,
      "browserContextId": "C1BA552A7CCC61B93D47D283FD934518",
      "canAccessOpener": false,
      "targetId": "D7CAF589BD1040925AF8DDD101560B12",
      "title": "",
      "type": "iframe",
      "url": ""
   },
   "waitingForDebugger": false
}
[1643918681.113][DEBUG]: DevTools WebSocket Command: Page.addScriptToEvaluateOnNewDocument (id=1) B90B56FBDCAC1375D78145D582B45A15 {
   "source": "(function () {window.cdc_adoQpoasnfa76pfcZLmcfl_Array = window.Array;window.cdc_adoQpoasnfa76pfcZLmcfl_Promise = window.Promise;window.cdc_adoQpoasnfa76pfcZLmcfl_Symbol = window.Symbol;}) ();"
}
[1643918681.113][DEBUG]: DevTools WebSocket Command: Runtime.evaluate (id=2) B90B56FBDCAC1375D78145D582B45A15 {
   "expression": "(function () {window.cdc_adoQpoasnfa76pfcZLmcfl_Array = window.Array;window.cdc_adoQpoasnfa76pfcZLmcfl_Promise = window.Promise;window.cdc_adoQpoasnfa76pfcZLmcfl_Symbol = window.Symbol;}) ();"
}
[1643918681.113][DEBUG]: DevTools WebSocket Command: DOM.getDocument (id=3) B90B56FBDCAC1375D78145D582B45A15 {

}
[1643918681.114][DEBUG]: DevTools WebSocket Command: Target.setAutoAttach (id=4) B90B56FBDCAC1375D78145D582B45A15 {
   "autoAttach": true,
   "flatten": true,
   "waitForDebuggerOnStart": false
}
[1643918681.114][DEBUG]: DevTools WebSocket Command: Page.enable (id=5) B90B56FBDCAC1375D78145D582B45A15 {

}
[1643918681.114][DEBUG]: DevTools WebSocket Command: Page.enable (id=58) 9C078928568725D01EE14579089CEF80 {

}
[1643918681.123][DEBUG]: DevTools WebSocket Response: Page.addScriptToEvaluateOnNewDocument (id=1) B90B56FBDCAC1375D78145D582B45A15 {
   "identifier": "1"
}
[1643918681.123][DEBUG]: DevTools WebSocket Response: Runtime.evaluate (id=2) B90B56FBDCAC1375D78145D582B45A15 {
   "result": {
      "type": "undefined"
   }
}
[1643918681.124][DEBUG]: DevTools WebSocket Response: DOM.getDocument (id=3) B90B56FBDCAC1375D78145D582B45A15 {
   "root": {
      "backendNodeId": 13,
      "baseURL": "https://174e4cbda9d7e015a3fa2918e6b39ebd.safeframe.googlesyndication.com/safeframe/1-0-38/html/container.html?n=1",
      "childNodeCount": 0,
      "children": [  ],
      "compatibilityMode": "NoQuirksMode",
      "documentURL": "https://174e4cbda9d7e015a3fa2918e6b39ebd.safeframe.googlesyndication.com/safeframe/1-0-38/html/container.html?n=1",
      "localName": "",
      "nodeId": 1,
      "nodeName": "#document",
      "nodeType": 9,
      "nodeValue": "",
      "xmlVersion": ""
   }
}
[1643918681.124][DEBUG]: DevTools WebSocket Response: Target.setAutoAttach (id=4) B90B56FBDCAC1375D78145D582B45A15 {

}
[1643918681.124][DEBUG]: DevTools WebSocket Response: Page.enable (id=5) B90B56FBDCAC1375D78145D582B45A15 {

}
[1643918681.145][DEBUG]: DevTools WebSocket Event: DOM.childNodeInserted B90B56FBDCAC1375D78145D582B45A15 {
   "node": {
      "backendNodeId": 14,
      "localName": "",
      "nodeId": 2,
      "nodeName": "html",
      "nodeType": 10,
      "nodeValue": "",
      "publicId": "",
      "systemId": ""
   },
   "parentNodeId": 1,
   "previousNodeId": 0
}
[1643918681.146][DEBUG]: DevTools WebSocket Event: DOM.childNodeInserted B90B56FBDCAC1375D78145D582B45A15 {
   "node": {
      "attributes": [  ],
      "backendNodeId": 15,
      "childNodeCount": 0,
      "frameId": "D7CAF589BD1040925AF8DDD101560B12",
      "localName": "html",
      "nodeId": 3,
      "nodeName": "HTML",
      "nodeType": 1,
      "nodeValue": ""
   },
   "parentNodeId": 1,
   "previousNodeId": 2
}
[1643918681.146][DEBUG]: DevTools WebSocket Event: DOM.childNodeCountUpdated B90B56FBDCAC1375D78145D582B45A15 {
   "childNodeCount": 1,
   "nodeId": 3
}
[1643918681.146][DEBUG]: DevTools WebSocket Event: DOM.attributeModified B90B56FBDCAC1375D78145D582B45A15 {
   "name": "lang",
   "nodeId": 3,
   "value": "ru"
}
[1643918681.146][DEBUG]: DevTools WebSocket Event: DOM.childNodeCountUpdated B90B56FBDCAC1375D78145D582B45A15 {
   "childNodeCount": 2,
   "nodeId": 3
}
[1643918681.147][DEBUG]: DevTools WebSocket Event: DOM.childNodeCountUpdated 9C078928568725D01EE14579089CEF80 {
   "childNodeCount": 137,
   "nodeId": 33
}
[1643918681.159][DEBUG]: DevTools WebSocket Response: Runtime.evaluate (id=57) 9C078928568725D01EE14579089CEF80 {
   "result": {
      "type": "string",
      "value": "interactive"
   }
}
[1643918681.159][DEBUG]: DevTools WebSocket Response: Page.enable (id=58) 9C078928568725D01EE14579089CEF80 {

}
[1643918681.159][DEBUG]: DevTools WebSocket Command: Runtime.enable (id=6) B90B56FBDCAC1375D78145D582B45A15 {

}
[1643918681.160][DEBUG]: DevTools WebSocket Event: Page.frameStoppedLoading 9C078928568725D01EE14579089CEF80 {
   "frameId": "D7CAF589BD1040925AF8DDD101560B12"
}
[1643918681.162][DEBUG]: DevTools WebSocket Event: Runtime.executionContextCreated B90B56FBDCAC1375D78145D582B45A15 {
   "context": {
      "auxData": {
         "frameId": "D7CAF589BD1040925AF8DDD101560B12",
         "isDefault": true,
         "type": "default"
      },
      "id": 3,
      "name": "",
      "origin": "https://174e4cbda9d7e015a3fa2918e6b39ebd.safeframe.googlesyndication.com",
      "uniqueId": "-7023531826459533438.640396030646190062"
   }
}
[1643918681.162][DEBUG]: DevTools WebSocket Response: Runtime.enable (id=6) B90B56FBDCAC1375D78145D582B45A15 {

}
[1643918681.162][DEBUG]: DevTools WebSocket Command: Page.enable (id=7) B90B56FBDCAC1375D78145D582B45A15 {

}
[1643918681.163][DEBUG]: DevTools WebSocket Response: Page.enable (id=7) B90B56FBDCAC1375D78145D582B45A15 {

}
[1643918681.173][DEBUG]: DevTools WebSocket Event: Page.frameDetached 9C078928568725D01EE14579089CEF80 {
   "frameId": "D7CAF589BD1040925AF8DDD101560B12",
   "reason": "swap"
}
[1643918681.173][DEBUG]: DevTools WebSocket Command: Runtime.evaluate (id=59) 9C078928568725D01EE14579089CEF80 {
   "expression": "1"
}
[1643918681.174][DEBUG]: DevTools WebSocket Event: Runtime.executionContextDestroyed 9C078928568725D01EE14579089CEF80 {
   "executionContextId": 11
}
[1643918681.178][DEBUG]: DevTools WebSocket Response: Runtime.evaluate (id=59) 9C078928568725D01EE14579089CEF80 {
   "result": {
      "description": "1",
      "type": "number",
      "value": 1
   }
}
[1643918681.216][DEBUG]: DevTools WebSocket Event: Page.frameStoppedLoading 9C078928568725D01EE14579089CEF80 {
   "frameId": "53121D82DF48193CF560EBD16C07A900"
}
[1643918681.216][DEBUG]: DevTools WebSocket Command: Runtime.evaluate (id=60) 9C078928568725D01EE14579089CEF80 {
   "expression": "1"
}
[1643918681.223][DEBUG]: DevTools WebSocket Response: Runtime.evaluate (id=60) 9C078928568725D01EE14579089CEF80 {
   "result": {
      "description": "1",
      "type": "number",
      "value": 1
   }
}
[1643918681.363][DEBUG]: DevTools WebSocket Event: Page.frameAttached 9C078928568725D01EE14579089CEF80 {
   "frameId": "FAC675737C830CDCF27E4E4C944EB37D",
   "parentFrameId": "27DA58D252A7FC073D0A8245B9936934",
   "stack": {
      "callFrames": [ {
         "columnNumber": 245,
         "functionName": "",
         "lineNumber": 31,
         "scriptId": "213",
         "url": "https://tpc.googlesyndication.com/sodar/sodar2.js"
      }, {
         "columnNumber": 37,
         "functionName": "va",
         "lineNumber": 31,
         "scriptId": "213",
         "url": "https://tpc.googlesyndication.com/sodar/sodar2.js"
      }, {
         "columnNumber": 149,
         "functionName": "",
         "lineNumber": 41,
         "scriptId": "213",
         "url": "https://tpc.googlesyndication.com/sodar/sodar2.js"
      }, {
         "columnNumber": 293,
         "functionName": "G",
         "lineNumber": 14,
         "scriptId": "213",
         "url": "https://tpc.googlesyndication.com/sodar/sodar2.js"
      }, {
         "columnNumber": 88,
         "functionName": "next",
         "lineNumber": 15,
         "scriptId": "213",
         "url": "https://tpc.googlesyndication.com/sodar/sodar2.js"
      }, {
         "columnNumber": 487,
         "functionName": "",
         "lineNumber": 15,
         "scriptId": "213",
         "url": "https://tpc.googlesyndication.com/sodar/sodar2.js"
      }, {
         "columnNumber": 376,
         "functionName": "ma",
         "lineNumber": 15,
         "scriptId": "213",
         "url": "https://tpc.googlesyndication.com/sodar/sodar2.js"
      }, {
         "columnNumber": 21,
         "functionName": "H",
         "lineNumber": 16,
         "scriptId": "213",
         "url": "https://tpc.googlesyndication.com/sodar/sodar2.js"
      }, {
         "columnNumber": 32,
         "functionName": "Ta",
         "lineNumber": 41,
         "scriptId": "213",
         "url": "https://tpc.googlesyndication.com/sodar/sodar2.js"
      }, {
         "columnNumber": 72,
         "functionName": "",
         "lineNumber": 37,
         "scriptId": "213",
         "url": "https://tpc.googlesyndication.com/sodar/sodar2.js"
      }, {
         "columnNumber": 293,
         "functionName": "G",
         "lineNumber": 14,
         "scriptId": "213",
         "url": "https://tpc.googlesyndication.com/sodar/sodar2.js"
      }, {
         "columnNumber": 88,
         "functionName": "next",
         "lineNumber": 15,
         "scriptId": "213",
         "url": "https://tpc.googlesyndication.com/sodar/sodar2.js"
      }, {
         "columnNumber": 487,
         "functionName": "",
         "lineNumber": 15,
         "scriptId": "213",
         "url": "https://tpc.googlesyndication.com/sodar/sodar2.js"
      }, {
         "columnNumber": 376,
         "functionName": "ma",
         "lineNumber": 15,
         "scriptId": "213",
         "url": "https://tpc.googlesyndication.com/sodar/sodar2.js"
      }, {
         "columnNumber": 21,
         "functionName": "H",
         "lineNumber": 16,
         "scriptId": "213",
         "url": "https://tpc.googlesyndication.com/sodar/sodar2.js"
      }, {
         "columnNumber": 28,
         "functionName": "Sa",
         "lineNumber": 37,
         "scriptId": "213",
         "url": "https://tpc.googlesyndication.com/sodar/sodar2.js"
      }, {
         "columnNumber": 396,
         "functionName": "",
         "lineNumber": 39,
         "scriptId": "213",
         "url": "https://tpc.googlesyndication.com/sodar/sodar2.js"
      }, {
         "columnNumber": 293,
         "functionName": "G",
         "lineNumber": 14,
         "scriptId": "213",
         "url": "https://tpc.googlesyndication.com/sodar/sodar2.js"
      }, {
         "columnNumber": 88,
         "functionName": "next",
         "lineNumber": 15,
         "scriptId": "213",
         "url": "https://tpc.googlesyndication.com/sodar/sodar2.js"
      }, "..." ]
   }
}
[1643918681.364][DEBUG]: DevTools WebSocket Command: Runtime.evaluate (id=61) 9C078928568725D01EE14579089CEF80 {
   "expression": "1"
}
[1643918681.365][DEBUG]: DevTools WebSocket Event: Page.frameStartedLoading 9C078928568725D01EE14579089CEF80 {
   "frameId": "FAC675737C830CDCF27E4E4C944EB37D"
}
[1643918681.390][DEBUG]: DevTools WebSocket Event: Page.frameAttached 9C078928568725D01EE14579089CEF80 {
   "frameId": "8BE777819431BB0FC8195D1153B3A8C0",
   "parentFrameId": "27DA58D252A7FC073D0A8245B9936934",
   "stack": {
      "callFrames": [ {
         "columnNumber": 245,
         "functionName": "",
         "lineNumber": 31,
         "scriptId": "213",
         "url": "https://tpc.googlesyndication.com/sodar/sodar2.js"
      }, {
         "columnNumber": 37,
         "functionName": "va",
         "lineNumber": 31,
         "scriptId": "213",
         "url": "https://tpc.googlesyndication.com/sodar/sodar2.js"
      }, {
         "columnNumber": 202,
         "functionName": "",
         "lineNumber": 39,
         "scriptId": "213",
         "url": "https://tpc.googlesyndication.com/sodar/sodar2.js"
      }, {
         "columnNumber": 293,
         "functionName": "G",
         "lineNumber": 14,
         "scriptId": "213",
         "url": "https://tpc.googlesyndication.com/sodar/sodar2.js"
      }, {
         "columnNumber": 88,
         "functionName": "next",
         "lineNumber": 15,
         "scriptId": "213",
         "url": "https://tpc.googlesyndication.com/sodar/sodar2.js"
      }, {
         "columnNumber": 487,
         "functionName": "",
         "lineNumber": 15,
         "scriptId": "213",
         "url": "https://tpc.googlesyndication.com/sodar/sodar2.js"
      }, {
         "columnNumber": 376,
         "functionName": "ma",
         "lineNumber": 15,
         "scriptId": "213",
         "url": "https://tpc.googlesyndication.com/sodar/sodar2.js"
      }, {
         "columnNumber": 21,
         "functionName": "H",
         "lineNumber": 16,
         "scriptId": "213",
         "url": "https://tpc.googlesyndication.com/sodar/sodar2.js"
      }, {
         "columnNumber": 36,
         "functionName": "Va",
         "lineNumber": 39,
         "scriptId": "213",
         "url": "https://tpc.googlesyndication.com/sodar/sodar2.js"
      }, {
         "columnNumber": 402,
         "functionName": "",
         "lineNumber": 39,
         "scriptId": "213",
         "url": "https://tpc.googlesyndication.com/sodar/sodar2.js"
      }, {
         "columnNumber": 293,
         "functionName": "G",
         "lineNumber": 14,
         "scriptId": "213",
         "url": "https://tpc.googlesyndication.com/sodar/sodar2.js"
      }, {
         "columnNumber": 88,
         "functionName": "next",
         "lineNumber": 15,
         "scriptId": "213",
         "url": "https://tpc.googlesyndication.com/sodar/sodar2.js"
      }, {
         "columnNumber": 487,
         "functionName": "",
         "lineNumber": 15,
         "scriptId": "213",
         "url": "https://tpc.googlesyndication.com/sodar/sodar2.js"
      }, {
         "columnNumber": 376,
         "functionName": "ma",
         "lineNumber": 15,
         "scriptId": "213",
         "url": "https://tpc.googlesyndication.com/sodar/sodar2.js"
      }, {
         "columnNumber": 21,
         "functionName": "H",
         "lineNumber": 16,
         "scriptId": "213",
         "url": "https://tpc.googlesyndication.com/sodar/sodar2.js"
      }, {
         "columnNumber": 329,
         "functionName": "Wa",
         "lineNumber": 39,
         "scriptId": "213",
         "url": "https://tpc.googlesyndication.com/sodar/sodar2.js"
      }, {
         "columnNumber": 528,
         "functionName": "",
         "lineNumber": 42,
         "scriptId": "213",
         "url": "https://tpc.googlesyndication.com/sodar/sodar2.js"
      }, {
         "columnNumber": 293,
         "functionName": "G",
         "lineNumber": 14,
         "scriptId": "213",
         "url": "https://tpc.googlesyndication.com/sodar/sodar2.js"
      }, {
         "columnNumber": 88,
         "functionName": "next",
         "lineNumber": 15,
         "scriptId": "213",
         "url": "https://tpc.googlesyndication.com/sodar/sodar2.js"
      }, "..." ]
   }
}
[1643918681.395][DEBUG]: DevTools WebSocket Event: Page.frameStartedLoading 9C078928568725D01EE14579089CEF80 {
   "frameId": "8BE777819431BB0FC8195D1153B3A8C0"
}
[1643918681.432][DEBUG]: DevTools WebSocket Response: Runtime.evaluate (id=61) 9C078928568725D01EE14579089CEF80 {
   "result": {
      "description": "1",
      "type": "number",
      "value": 1
   }
}
[1643918681.508][DEBUG]: DevTools WebSocket Event: Target.attachedToTarget 9C078928568725D01EE14579089CEF80 {
   "sessionId": "126605CA2BBF75F5C5EC66BBF46DF85A",
   "targetInfo": {
      "attached": true,
      "browserContextId": "C1BA552A7CCC61B93D47D283FD934518",
      "canAccessOpener": false,
      "targetId": "FAC675737C830CDCF27E4E4C944EB37D",
      "title": "",
      "type": "iframe",
      "url": ""
   },
   "waitingForDebugger": false
}
[1643918681.508][DEBUG]: DevTools WebSocket Command: Page.addScriptToEvaluateOnNewDocument (id=1) 126605CA2BBF75F5C5EC66BBF46DF85A {
   "source": "(function () {window.cdc_adoQpoasnfa76pfcZLmcfl_Array = window.Array;window.cdc_adoQpoasnfa76pfcZLmcfl_Promise = window.Promise;window.cdc_adoQpoasnfa76pfcZLmcfl_Symbol = window.Symbol;}) ();"
}
[1643918681.508][DEBUG]: DevTools WebSocket Command: Runtime.evaluate (id=2) 126605CA2BBF75F5C5EC66BBF46DF85A {
   "expression": "(function () {window.cdc_adoQpoasnfa76pfcZLmcfl_Array = window.Array;window.cdc_adoQpoasnfa76pfcZLmcfl_Promise = window.Promise;window.cdc_adoQpoasnfa76pfcZLmcfl_Symbol = window.Symbol;}) ();"
}
[1643918681.508][DEBUG]: DevTools WebSocket Command: DOM.getDocument (id=3) 126605CA2BBF75F5C5EC66BBF46DF85A {

}
[1643918681.508][DEBUG]: DevTools WebSocket Command: Target.setAutoAttach (id=4) 126605CA2BBF75F5C5EC66BBF46DF85A {
   "autoAttach": true,
   "flatten": true,
   "waitForDebuggerOnStart": false
}
[1643918681.509][DEBUG]: DevTools WebSocket Command: Page.enable (id=5) 126605CA2BBF75F5C5EC66BBF46DF85A {

}
[1643918681.509][DEBUG]: DevTools WebSocket Command: Page.enable (id=62) 9C078928568725D01EE14579089CEF80 {

}
[1643918681.520][DEBUG]: DevTools WebSocket Response: Page.addScriptToEvaluateOnNewDocument (id=1) 126605CA2BBF75F5C5EC66BBF46DF85A {
   "identifier": "1"
}
[1643918681.520][DEBUG]: DevTools WebSocket Response: Runtime.evaluate (id=2) 126605CA2BBF75F5C5EC66BBF46DF85A {
   "result": {
      "type": "undefined"
   }
}
[1643918681.520][DEBUG]: DevTools WebSocket Response: DOM.getDocument (id=3) 126605CA2BBF75F5C5EC66BBF46DF85A {
   "root": {
      "backendNodeId": 16,
      "baseURL": "https://tpc.googlesyndication.com/sodar/sodar2/225/runner.html",
      "childNodeCount": 0,
      "children": [  ],
      "compatibilityMode": "NoQuirksMode",
      "documentURL": "https://tpc.googlesyndication.com/sodar/sodar2/225/runner.html",
      "localName": "",
      "nodeId": 1,
      "nodeName": "#document",
      "nodeType": 9,
      "nodeValue": "",
      "xmlVersion": ""
   }
}
[1643918681.520][DEBUG]: DevTools WebSocket Response: Target.setAutoAttach (id=4) 126605CA2BBF75F5C5EC66BBF46DF85A {

}
[1643918681.520][DEBUG]: DevTools WebSocket Response: Page.enable (id=5) 126605CA2BBF75F5C5EC66BBF46DF85A {

}
[1643918681.527][DEBUG]: DevTools WebSocket Event: Page.frameAttached B90B56FBDCAC1375D78145D582B45A15 {
   "frameId": "61A2FCCD49AC21AE59518DF4AD3CE257",
   "parentFrameId": "D7CAF589BD1040925AF8DDD101560B12"
}
[1643918681.531][DEBUG]: DevTools WebSocket Event: Page.frameStartedLoading B90B56FBDCAC1375D78145D582B45A15 {
   "frameId": "61A2FCCD49AC21AE59518DF4AD3CE257"
}
[1643918681.601][DEBUG]: DevTools WebSocket Response: Page.enable (id=62) 9C078928568725D01EE14579089CEF80 {

}
[1643918681.602][DEBUG]: DevTools WebSocket Command: Runtime.enable (id=6) 126605CA2BBF75F5C5EC66BBF46DF85A {

}
[1643918681.602][DEBUG]: DevTools WebSocket Event: Page.frameStoppedLoading 9C078928568725D01EE14579089CEF80 {
   "frameId": "FAC675737C830CDCF27E4E4C944EB37D"
}
[1643918681.607][DEBUG]: DevTools WebSocket Event: Page.frameDetached 9C078928568725D01EE14579089CEF80 {
   "frameId": "FAC675737C830CDCF27E4E4C944EB37D",
   "reason": "swap"
}
[1643918681.623][DEBUG]: DevTools WebSocket Event: Target.attachedToTarget 9C078928568725D01EE14579089CEF80 {
   "sessionId": "7A4CE0586884A22A0ED4894163B5EA59",
   "targetInfo": {
      "attached": true,
      "browserContextId": "C1BA552A7CCC61B93D47D283FD934518",
      "canAccessOpener": false,
      "targetId": "8BE777819431BB0FC8195D1153B3A8C0",
      "title": "",
      "type": "iframe",
      "url": ""
   },
   "waitingForDebugger": false
}
[1643918681.623][DEBUG]: DevTools WebSocket Command: Page.addScriptToEvaluateOnNewDocument (id=1) 7A4CE0586884A22A0ED4894163B5EA59 {
   "source": "(function () {window.cdc_adoQpoasnfa76pfcZLmcfl_Array = window.Array;window.cdc_adoQpoasnfa76pfcZLmcfl_Promise = window.Promise;window.cdc_adoQpoasnfa76pfcZLmcfl_Symbol = window.Symbol;}) ();"
}
[1643918681.623][DEBUG]: DevTools WebSocket Command: Runtime.evaluate (id=2) 7A4CE0586884A22A0ED4894163B5EA59 {
   "expression": "(function () {window.cdc_adoQpoasnfa76pfcZLmcfl_Array = window.Array;window.cdc_adoQpoasnfa76pfcZLmcfl_Promise = window.Promise;window.cdc_adoQpoasnfa76pfcZLmcfl_Symbol = window.Symbol;}) ();"
}
[1643918681.624][DEBUG]: DevTools WebSocket Command: DOM.getDocument (id=3) 7A4CE0586884A22A0ED4894163B5EA59 {

}
[1643918681.624][DEBUG]: DevTools WebSocket Command: Target.setAutoAttach (id=4) 7A4CE0586884A22A0ED4894163B5EA59 {
   "autoAttach": true,
   "flatten": true,
   "waitForDebuggerOnStart": false
}
[1643918681.624][DEBUG]: DevTools WebSocket Command: Page.enable (id=5) 7A4CE0586884A22A0ED4894163B5EA59 {

}
[1643918681.624][DEBUG]: DevTools WebSocket Command: Page.enable (id=63) 9C078928568725D01EE14579089CEF80 {

}
[1643918681.639][DEBUG]: DevTools WebSocket Response: Page.addScriptToEvaluateOnNewDocument (id=1) 7A4CE0586884A22A0ED4894163B5EA59 {
   "identifier": "1"
}
[1643918681.639][DEBUG]: DevTools WebSocket Response: Runtime.evaluate (id=2) 7A4CE0586884A22A0ED4894163B5EA59 {
   "result": {
      "type": "undefined"
   }
}
[1643918681.639][DEBUG]: DevTools WebSocket Response: DOM.getDocument (id=3) 7A4CE0586884A22A0ED4894163B5EA59 {
   "root": {
      "backendNodeId": 1,
      "baseURL": "https://www.google.com/recaptcha/api2/aframe",
      "childNodeCount": 0,
      "children": [  ],
      "compatibilityMode": "NoQuirksMode",
      "documentURL": "https://www.google.com/recaptcha/api2/aframe",
      "localName": "",
      "nodeId": 1,
      "nodeName": "#document",
      "nodeType": 9,
      "nodeValue": "",
      "xmlVersion": ""
   }
}
[1643918681.639][DEBUG]: DevTools WebSocket Response: Target.setAutoAttach (id=4) 7A4CE0586884A22A0ED4894163B5EA59 {

}
[1643918681.639][DEBUG]: DevTools WebSocket Response: Page.enable (id=5) 7A4CE0586884A22A0ED4894163B5EA59 {

}
[1643918681.642][DEBUG]: DevTools WebSocket Event: DOM.childNodeInserted 7A4CE0586884A22A0ED4894163B5EA59 {
   "node": {
      "backendNodeId": 2,
      "localName": "",
      "nodeId": 2,
      "nodeName": "html",
      "nodeType": 10,
      "nodeValue": "",
      "publicId": "",
      "systemId": ""
   },
   "parentNodeId": 1,
   "previousNodeId": 0
}
[1643918681.642][DEBUG]: DevTools WebSocket Event: DOM.childNodeInserted 7A4CE0586884A22A0ED4894163B5EA59 {
   "node": {
      "attributes": [  ],
      "backendNodeId": 3,
      "childNodeCount": 0,
      "frameId": "8BE777819431BB0FC8195D1153B3A8C0",
      "localName": "html",
      "nodeId": 3,
      "nodeName": "HTML",
      "nodeType": 1,
      "nodeValue": ""
   },
   "parentNodeId": 1,
   "previousNodeId": 2
}
[1643918681.642][DEBUG]: DevTools WebSocket Event: DOM.childNodeCountUpdated 7A4CE0586884A22A0ED4894163B5EA59 {
   "childNodeCount": 1,
   "nodeId": 3
}
[1643918681.642][DEBUG]: DevTools WebSocket Event: DOM.childNodeCountUpdated 7A4CE0586884A22A0ED4894163B5EA59 {
   "childNodeCount": 2,
   "nodeId": 3
}
[1643918681.645][DEBUG]: DevTools WebSocket Response: Page.enable (id=63) 9C078928568725D01EE14579089CEF80 {

}
[1643918681.645][DEBUG]: DevTools WebSocket Command: Runtime.enable (id=6) 7A4CE0586884A22A0ED4894163B5EA59 {

}
[1643918681.645][DEBUG]: DevTools WebSocket Event: Page.frameStoppedLoading 9C078928568725D01EE14579089CEF80 {
   "frameId": "8BE777819431BB0FC8195D1153B3A8C0"
}
[1643918681.651][DEBUG]: DevTools WebSocket Event: Page.frameDetached 9C078928568725D01EE14579089CEF80 {
   "frameId": "8BE777819431BB0FC8195D1153B3A8C0",
   "reason": "swap"
}
[1643918681.666][DEBUG]: DevTools WebSocket Event: Page.loadEventFired 7A4CE0586884A22A0ED4894163B5EA59 {
   "timestamp": 588031.064955
}
[1643918681.666][DEBUG]: DevTools WebSocket Event: Page.frameStoppedLoading 7A4CE0586884A22A0ED4894163B5EA59 {
   "frameId": "8BE777819431BB0FC8195D1153B3A8C0"
}
[1643918681.666][DEBUG]: DevTools WebSocket Event: DOM.documentUpdated 7A4CE0586884A22A0ED4894163B5EA59 {

}
[1643918681.666][DEBUG]: DevTools WebSocket Command: DOM.getDocument (id=7) 7A4CE0586884A22A0ED4894163B5EA59 {

}
[1643918681.666][DEBUG]: DevTools WebSocket Event: Page.domContentEventFired 7A4CE0586884A22A0ED4894163B5EA59 {
   "timestamp": 588031.06752
}
[1643918681.666][DEBUG]: DevTools WebSocket Event: Runtime.executionContextCreated 7A4CE0586884A22A0ED4894163B5EA59 {
   "context": {
      "auxData": {
         "frameId": "8BE777819431BB0FC8195D1153B3A8C0",
         "isDefault": true,
         "type": "default"
      },
      "id": 1,
      "name": "",
      "origin": "https://www.google.com",
      "uniqueId": "-7126860500528085599.8309624859564872752"
   }
}
[1643918681.666][DEBUG]: DevTools WebSocket Response: Runtime.enable (id=6) 7A4CE0586884A22A0ED4894163B5EA59 {

}
[1643918681.666][DEBUG]: DevTools WebSocket Command: Page.enable (id=8) 7A4CE0586884A22A0ED4894163B5EA59 {

}
[1643918681.669][DEBUG]: DevTools WebSocket Response: DOM.getDocument (id=7) 7A4CE0586884A22A0ED4894163B5EA59 {
   "root": {
      "backendNodeId": 1,
      "baseURL": "https://www.google.com/recaptcha/api2/aframe",
      "childNodeCount": 2,
      "children": [ {
         "backendNodeId": 2,
         "localName": "",
         "nodeId": 5,
         "nodeName": "html",
         "nodeType": 10,
         "nodeValue": "",
         "parentId": 4,
         "publicId": "",
         "systemId": ""
      }, {
         "attributes": [  ],
         "backendNodeId": 3,
         "childNodeCount": 2,
         "children": [ {
            "attributes": [  ],
            "backendNodeId": 4,
            "childNodeCount": 1,
            "localName": "head",
            "nodeId": 7,
            "nodeName": "HEAD",
            "nodeType": 1,
            "nodeValue": "",
            "parentId": 6
         }, {
            "attributes": [  ],
            "backendNodeId": 5,
            "childNodeCount": 1,
            "localName": "body",
            "nodeId": 8,
            "nodeName": "BODY",
            "nodeType": 1,
            "nodeValue": "",
            "parentId": 6
         } ],
         "frameId": "8BE777819431BB0FC8195D1153B3A8C0",
         "localName": "html",
         "nodeId": 6,
         "nodeName": "HTML",
         "nodeType": 1,
         "nodeValue": "",
         "parentId": 4
      } ],
      "compatibilityMode": "NoQuirksMode",
      "documentURL": "https://www.google.com/recaptcha/api2/aframe",
      "localName": "",
      "nodeId": 4,
      "nodeName": "#document",
      "nodeType": 9,
      "nodeValue": "",
      "xmlVersion": ""
   }
}
[1643918681.669][DEBUG]: DevTools WebSocket Response: Page.enable (id=8) 7A4CE0586884A22A0ED4894163B5EA59 {

}
[1643918681.682][DEBUG]: DevTools WebSocket Event: DOM.childNodeCountUpdated 7A4CE0586884A22A0ED4894163B5EA59 {
   "childNodeCount": 2,
   "nodeId": 8
}
[1643918682.057][DEBUG]: DevTools WebSocket Event: DOM.childNodeInserted 126605CA2BBF75F5C5EC66BBF46DF85A {
   "node": {
      "backendNodeId": 17,
      "localName": "",
      "nodeId": 2,
      "nodeName": "html",
      "nodeType": 10,
      "nodeValue": "",
      "publicId": "",
      "systemId": ""
   },
   "parentNodeId": 1,
   "previousNodeId": 0
}
[1643918682.065][DEBUG]: DevTools WebSocket Event: DOM.childNodeInserted 126605CA2BBF75F5C5EC66BBF46DF85A {
   "node": {
      "attributes": [  ],
      "backendNodeId": 18,
      "childNodeCount": 0,
      "frameId": "FAC675737C830CDCF27E4E4C944EB37D",
      "localName": "html",
      "nodeId": 3,
      "nodeName": "HTML",
      "nodeType": 1,
      "nodeValue": ""
   },
   "parentNodeId": 1,
   "previousNodeId": 2
}
[1643918682.066][DEBUG]: DevTools WebSocket Event: DOM.childNodeCountUpdated 126605CA2BBF75F5C5EC66BBF46DF85A {
   "childNodeCount": 1,
   "nodeId": 3
}
[1643918682.089][DEBUG]: DevTools WebSocket Event: Runtime.executionContextCreated 126605CA2BBF75F5C5EC66BBF46DF85A {
   "context": {
      "auxData": {
         "frameId": "FAC675737C830CDCF27E4E4C944EB37D",
         "isDefault": true,
         "type": "default"
      },
      "id": 4,
      "name": "",
      "origin": "https://tpc.googlesyndication.com",
      "uniqueId": "8374754108760484226.3577931478635111216"
   }
}
[1643918682.089][DEBUG]: DevTools WebSocket Response: Runtime.enable (id=6) 126605CA2BBF75F5C5EC66BBF46DF85A {

}
[1643918682.089][DEBUG]: DevTools WebSocket Command: Page.enable (id=7) 126605CA2BBF75F5C5EC66BBF46DF85A {

}
[1643918682.159][DEBUG]: DevTools WebSocket Event: Page.frameNavigated B90B56FBDCAC1375D78145D582B45A15 {
   "frame": {
      "adFrameStatus": {
         "adFrameType": "none",
         "explanations": [  ]
      },
      "crossOriginIsolatedContextType": "NotIsolatedFeatureDisabled",
      "domainAndRegistry": "googlesyndication.com",
      "gatedAPIFeatures": [  ],
      "id": "61A2FCCD49AC21AE59518DF4AD3CE257",
      "loaderId": "D28C70A9119571F991C41AB59A6159A8",
      "mimeType": "text/html",
      "name": "",
      "parentId": "D7CAF589BD1040925AF8DDD101560B12",
      "secureContextType": "Secure",
      "securityOrigin": "https://pagead2.googlesyndication.com",
      "url": "https://pagead2.googlesyndication.com/pagead/s/cookie_push_onload.html",
      "urlFragment": "#aHR0cHM6Ly9wbS53NTVjLm5ldC9waW5nX21hdGNoLmdpZj9laT1HT09HTEUmcnVybD1odHRwcyUzQSUyRiUyRmNtLmcuZG91YmxlY2xpY2submV0JTJGcGl4ZWwlM0Znb29nbGVfbmlkJTNEOTY3NTMwOSUyNmdvb2dsZV9obSUzRF93Zml2ZWZpdmVjNjRlc2Nf..."
   },
   "type": "Navigation"
}
[1643918682.159][DEBUG]: DevTools WebSocket Event: Runtime.executionContextCreated B90B56FBDCAC1375D78145D582B45A15 {
   "context": {
      "auxData": {
         "frameId": "61A2FCCD49AC21AE59518DF4AD3CE257",
         "isDefault": true,
         "type": "default"
      },
      "id": 5,
      "name": "",
      "origin": "https://pagead2.googlesyndication.com",
      "uniqueId": "-8399759796086459909.-8697802567226933685"
   }
}
[1643918682.217][DEBUG]: DevTools WebSocket Event: DOM.documentUpdated B90B56FBDCAC1375D78145D582B45A15 {

}
[1643918682.217][DEBUG]: DevTools WebSocket Command: DOM.getDocument (id=8) B90B56FBDCAC1375D78145D582B45A15 {

}
[1643918682.219][DEBUG]: DevTools WebSocket Event: Page.domContentEventFired B90B56FBDCAC1375D78145D582B45A15 {
   "timestamp": 588031.633478
}
[1643918682.223][DEBUG]: DevTools WebSocket Response: Page.enable (id=7) 126605CA2BBF75F5C5EC66BBF46DF85A {

}
[1643918682.223][DEBUG]: DevTools WebSocket Command: Runtime.evaluate (id=64) 9C078928568725D01EE14579089CEF80 {
   "expression": "1"
}
[1643918682.266][DEBUG]: DevTools WebSocket Response: Runtime.evaluate (id=64) 9C078928568725D01EE14579089CEF80 {
   "result": {
      "description": "1",
      "type": "number",
      "value": 1
   }
}
[1643918682.266][DEBUG]: DevTools WebSocket Command: DOM.getDocument (id=65) 9C078928568725D01EE14579089CEF80 {

}
[1643918682.269][DEBUG]: DevTools WebSocket Response: DOM.getDocument (id=65) 9C078928568725D01EE14579089CEF80 {
   "root": {
      "backendNodeId": 1,
      "baseURL": "https://www.rambler.ru/",
      "childNodeCount": 3,
      "children": [ {
         "backendNodeId": 2,
         "localName": "",
         "nodeId": 36,
         "nodeName": "html",
         "nodeType": 10,
         "nodeValue": "",
         "parentId": 35,
         "publicId": "",
         "systemId": ""
      }, {
         "backendNodeId": 3,
         "localName": "",
         "nodeId": 37,
         "nodeName": "#comment",
         "nodeType": 8,
         "nodeValue": " Hello, stranger! ¯\\_( ͡° ͜ʖ ͡°)_/¯ ",
         "parentId": 35
      }, {
         "attributes": [ "class", "no-js", "lang", "ru", "prefix", "og: http://ogp.me/ns#" ],
         "backendNodeId": 4,
         "childNodeCount": 2,
         "children": [ {
            "attributes": [  ],
            "backendNodeId": 5,
            "childNodeCount": 137,
            "localName": "head",
            "nodeId": 39,
            "nodeName": "HEAD",
            "nodeType": 1,
            "nodeValue": "",
            "parentId": 38
         }, {
            "attributes": [  ],
            "backendNodeId": 6,
            "childNodeCount": 28,
            "localName": "body",
            "nodeId": 40,
            "nodeName": "BODY",
            "nodeType": 1,
            "nodeValue": "",
            "parentId": 38
         } ],
         "frameId": "9C078928568725D01EE14579089CEF80",
         "localName": "html",
         "nodeId": 38,
         "nodeName": "HTML",
         "nodeType": 1,
         "nodeValue": "",
         "parentId": 35
      } ],
      "compatibilityMode": "NoQuirksMode",
      "documentURL": "https://www.rambler.ru/",
      "localName": "",
      "nodeId": 35,
      "nodeName": "#document",
      "nodeType": 9,
      "nodeValue": "",
      "xmlVersion": ""
   }
}
[1643918682.270][DEBUG]: DevTools WebSocket Command: Runtime.evaluate (id=66) 9C078928568725D01EE14579089CEF80 {
   "awaitPromise": false,
   "expression": "document.readyState",
   "returnByValue": true
}
[1643918682.276][DEBUG]: DevTools WebSocket Event: DOM.childNodeCountUpdated 126605CA2BBF75F5C5EC66BBF46DF85A {
   "childNodeCount": 2,
   "nodeId": 3
}
[1643918682.277][DEBUG]: DevTools WebSocket Event: Page.loadEventFired 126605CA2BBF75F5C5EC66BBF46DF85A {
   "timestamp": 588031.691715
}
[1643918682.277][DEBUG]: DevTools WebSocket Event: Page.frameStoppedLoading 126605CA2BBF75F5C5EC66BBF46DF85A {
   "frameId": "FAC675737C830CDCF27E4E4C944EB37D"
}
[1643918682.278][DEBUG]: DevTools WebSocket Response: Runtime.evaluate (id=66) 9C078928568725D01EE14579089CEF80 {
   "result": {
      "type": "string",
      "value": "interactive"
   }
}
[1643918682.281][DEBUG]: DevTools WebSocket Event: DOM.documentUpdated 126605CA2BBF75F5C5EC66BBF46DF85A {

}
[1643918682.281][DEBUG]: DevTools WebSocket Command: DOM.getDocument (id=8) 126605CA2BBF75F5C5EC66BBF46DF85A {

}
[1643918682.281][DEBUG]: DevTools WebSocket Event: Page.domContentEventFired 126605CA2BBF75F5C5EC66BBF46DF85A {
   "timestamp": 588031.697737
}
[1643918682.281][DEBUG]: DevTools WebSocket Command: Runtime.evaluate (id=67) 9C078928568725D01EE14579089CEF80 {
   "expression": "1"
}
[1643918682.282][DEBUG]: DevTools WebSocket Response: Runtime.evaluate (id=67) 9C078928568725D01EE14579089CEF80 {
   "result": {
      "description": "1",
      "type": "number",
      "value": 1
   }
}
[1643918682.284][DEBUG]: DevTools WebSocket Response: DOM.getDocument (id=8) B90B56FBDCAC1375D78145D582B45A15 {
   "root": {
      "backendNodeId": 13,
      "baseURL": "https://174e4cbda9d7e015a3fa2918e6b39ebd.safeframe.googlesyndication.com/safeframe/1-0-38/html/container.html?n=1",
      "childNodeCount": 2,
      "children": [ {
         "backendNodeId": 14,
         "localName": "",
         "nodeId": 5,
         "nodeName": "html",
         "nodeType": 10,
         "nodeValue": "",
         "parentId": 4,
         "publicId": "",
         "systemId": ""
      }, {
         "attributes": [ "lang", "ru" ],
         "backendNodeId": 15,
         "childNodeCount": 2,
         "children": [ {
            "attributes": [  ],
            "backendNodeId": 19,
            "childNodeCount": 17,
            "localName": "head",
            "nodeId": 7,
            "nodeName": "HEAD",
            "nodeType": 1,
            "nodeValue": "",
            "parentId": 6
         }, {
            "attributes": [ "marginwidth", "0", "marginheight", "0" ],
            "backendNodeId": 20,
            "childNodeCount": 20,
            "localName": "body",
            "nodeId": 8,
            "nodeName": "BODY",
            "nodeType": 1,
            "nodeValue": "",
            "parentId": 6
         } ],
         "frameId": "D7CAF589BD1040925AF8DDD101560B12",
         "localName": "html",
         "nodeId": 6,
         "nodeName": "HTML",
         "nodeType": 1,
         "nodeValue": "",
         "parentId": 4
      } ],
      "compatibilityMode": "NoQuirksMode",
      "documentURL": "https://174e4cbda9d7e015a3fa2918e6b39ebd.safeframe.googlesyndication.com/safeframe/1-0-38/html/container.html?n=1",
      "localName": "",
      "nodeId": 4,
      "nodeName": "#document",
      "nodeType": 9,
      "nodeValue": "",
      "xmlVersion": ""
   }
}
[1643918682.284][DEBUG]: DevTools WebSocket Command: Runtime.evaluate (id=68) 9C078928568725D01EE14579089CEF80 {
   "expression": "1"
}
[1643918682.285][DEBUG]: DevTools WebSocket Response: Runtime.evaluate (id=68) 9C078928568725D01EE14579089CEF80 {
   "result": {
      "description": "1",
      "type": "number",
      "value": 1
   }
}
[1643918682.289][DEBUG]: DevTools WebSocket Response: DOM.getDocument (id=8) 126605CA2BBF75F5C5EC66BBF46DF85A {
   "root": {
      "backendNodeId": 16,
      "baseURL": "https://tpc.googlesyndication.com/sodar/sodar2/225/runner.html",
      "childNodeCount": 2,
      "children": [ {
         "backendNodeId": 17,
         "localName": "",
         "nodeId": 5,
         "nodeName": "html",
         "nodeType": 10,
         "nodeValue": "",
         "parentId": 4,
         "publicId": "",
         "systemId": ""
      }, {
         "attributes": [  ],
         "backendNodeId": 18,
         "childNodeCount": 2,
         "children": [ {
            "attributes": [  ],
            "backendNodeId": 21,
            "childNodeCount": 2,
            "localName": "head",
            "nodeId": 7,
            "nodeName": "HEAD",
            "nodeType": 1,
            "nodeValue": "",
            "parentId": 6
         }, {
            "attributes": [  ],
            "backendNodeId": 22,
            "childNodeCount": 0,
            "localName": "body",
            "nodeId": 8,
            "nodeName": "BODY",
            "nodeType": 1,
            "nodeValue": "",
            "parentId": 6
         } ],
         "frameId": "FAC675737C830CDCF27E4E4C944EB37D",
         "localName": "html",
         "nodeId": 6,
         "nodeName": "HTML",
         "nodeType": 1,
         "nodeValue": "",
         "parentId": 4
      } ],
      "compatibilityMode": "NoQuirksMode",
      "documentURL": "https://tpc.googlesyndication.com/sodar/sodar2/225/runner.html",
      "localName": "",
      "nodeId": 4,
      "nodeName": "#document",
      "nodeType": 9,
      "nodeValue": "",
      "xmlVersion": ""
   }
}
[1643918682.289][DEBUG]: DevTools WebSocket Command: Runtime.evaluate (id=69) 9C078928568725D01EE14579089CEF80 {
   "expression": "1"
}
[1643918682.291][DEBUG]: DevTools WebSocket Response: Runtime.evaluate (id=69) 9C078928568725D01EE14579089CEF80 {
   "result": {
      "description": "1",
      "type": "number",
      "value": 1
   }
}
[1643918682.295][DEBUG]: DevTools WebSocket Event: DOM.childNodeCountUpdated 126605CA2BBF75F5C5EC66BBF46DF85A {
   "childNodeCount": 1,
   "nodeId": 8
}
[1643918682.295][DEBUG]: DevTools WebSocket Command: Runtime.evaluate (id=70) 9C078928568725D01EE14579089CEF80 {
   "expression": "1"
}
[1643918682.296][DEBUG]: DevTools WebSocket Response: Runtime.evaluate (id=70) 9C078928568725D01EE14579089CEF80 {
   "result": {
      "description": "1",
      "type": "number",
      "value": 1
   }
}
[1643918682.431][DEBUG]: DevTools WebSocket Event: Page.frameStoppedLoading B90B56FBDCAC1375D78145D582B45A15 {
   "frameId": "61A2FCCD49AC21AE59518DF4AD3CE257"
}
[1643918682.431][DEBUG]: DevTools WebSocket Command: Runtime.evaluate (id=71) 9C078928568725D01EE14579089CEF80 {
   "expression": "1"
}
[1643918682.444][DEBUG]: DevTools WebSocket Response: Runtime.evaluate (id=71) 9C078928568725D01EE14579089CEF80 {
   "result": {
      "description": "1",
      "type": "number",
      "value": 1
   }
}
[1643918682.552][DEBUG]: DevTools WebSocket Event: DOM.childNodeCountUpdated 126605CA2BBF75F5C5EC66BBF46DF85A {
   "childNodeCount": 0,
   "nodeId": 8
}
[1643918682.552][DEBUG]: DevTools WebSocket Event: DOM.childNodeCountUpdated 126605CA2BBF75F5C5EC66BBF46DF85A {
   "childNodeCount": 1,
   "nodeId": 8
}
[1643918682.553][DEBUG]: DevTools WebSocket Command: Runtime.evaluate (id=72) 9C078928568725D01EE14579089CEF80 {
   "expression": "1"
}
[1643918682.554][DEBUG]: DevTools WebSocket Event: Page.frameAttached 126605CA2BBF75F5C5EC66BBF46DF85A {
   "frameId": "74ACA66BF55CB15888ADF85CEA2578ED",
   "parentFrameId": "FAC675737C830CDCF27E4E4C944EB37D",
   "stack": {
      "callFrames": [ {
         "columnNumber": 31017,
         "functionName": "eval",
         "lineNumber": 683,
         "scriptId": "33",
         "url": ""
      }, {
         "columnNumber": 32177,
         "functionName": "b5",
         "lineNumber": 683,
         "scriptId": "33",
         "url": ""
      }, {
         "columnNumber": 33142,
         "functionName": "eval",
         "lineNumber": 683,
         "scriptId": "33",
         "url": ""
      }, {
         "columnNumber": 26726,
         "functionName": "Jt",
         "lineNumber": 683,
         "scriptId": "33",
         "url": ""
      }, {
         "columnNumber": 34304,
         "functionName": "l5",
         "lineNumber": 683,
         "scriptId": "33",
         "url": ""
      }, {
         "columnNumber": 34818,
         "functionName": "tt",
         "lineNumber": 683,
         "scriptId": "33",
         "url": ""
      }, {
         "columnNumber": 31669,
         "functionName": "sP",
         "lineNumber": 683,
         "scriptId": "33",
         "url": ""
      }, {
         "columnNumber": 12692,
         "functionName": "n",
         "lineNumber": 683,
         "scriptId": "33",
         "url": ""
      }, {
         "columnNumber": 35315,
         "functionName": "D.PSb_",
         "lineNumber": 683,
         "scriptId": "33",
         "url": ""
      }, {
         "columnNumber": 6533,
         "functionName": "Pm",
         "lineNumber": 683,
         "scriptId": "33",
         "url": ""
      }, {
         "columnNumber": 12451,
         "functionName": "rt",
         "lineNumber": 683,
         "scriptId": "33",
         "url": ""
      }, {
         "columnNumber": 9699,
         "functionName": "SO",
         "lineNumber": 683,
         "scriptId": "33",
         "url": ""
      }, {
         "columnNumber": 12382,
         "functionName": "M6",
         "lineNumber": 683,
         "scriptId": "33",
         "url": ""
      }, {
         "columnNumber": 190,
         "functionName": "",
         "lineNumber": 26,
         "scriptId": "23",
         "url": "https://tpc.googlesyndication.com/sodar/sodar2/225/runner.html"
      }, {
         "columnNumber": 128,
         "functionName": "va",
         "lineNumber": 26,
         "scriptId": "23",
         "url": "https://tpc.googlesyndication.com/sodar/sodar2/225/runner.html"
      }, {
         "columnNumber": 435,
         "functionName": "",
         "lineNumber": 25,
         "scriptId": "23",
         "url": "https://tpc.googlesyndication.com/sodar/sodar2/225/runner.html"
      }, {
         "columnNumber": 38,
         "functionName": "J",
         "lineNumber": 15,
         "scriptId": "23",
         "url": "https://tpc.googlesyndication.com/sodar/sodar2/225/runner.html"
      }, {
         "columnNumber": 88,
         "functionName": "next",
         "lineNumber": 16,
         "scriptId": "23",
         "url": "https://tpc.googlesyndication.com/sodar/sodar2/225/runner.html"
      }, {
         "columnNumber": 286,
         "functionName": "k",
         "lineNumber": 23,
         "scriptId": "23",
         "url": "https://tpc.googlesyndication.com/sodar/sodar2/225/runner.html"
      } ]
   }
}
[1643918682.554][DEBUG]: DevTools WebSocket Response: Runtime.evaluate (id=72) 9C078928568725D01EE14579089CEF80 {
   "result": {
      "description": "1",
      "type": "number",
      "value": 1
   }
}
[1643918682.562][DEBUG]: DevTools WebSocket Event: Page.frameStartedLoading 126605CA2BBF75F5C5EC66BBF46DF85A {
   "frameId": "74ACA66BF55CB15888ADF85CEA2578ED"
}
[1643918682.562][DEBUG]: DevTools WebSocket Command: Runtime.evaluate (id=73) 9C078928568725D01EE14579089CEF80 {
   "expression": "1"
}
[1643918682.563][DEBUG]: DevTools WebSocket Response: Runtime.evaluate (id=73) 9C078928568725D01EE14579089CEF80 {
   "result": {
      "description": "1",
      "type": "number",
      "value": 1
   }
}
[1643918682.584][DEBUG]: DevTools WebSocket Event: Page.frameNavigated 126605CA2BBF75F5C5EC66BBF46DF85A {
   "frame": {
      "adFrameStatus": {
         "adFrameType": "none",
         "explanations": [  ]
      },
      "crossOriginIsolatedContextType": "NotIsolatedFeatureDisabled",
      "domainAndRegistry": "",
      "gatedAPIFeatures": [  ],
      "id": "74ACA66BF55CB15888ADF85CEA2578ED",
      "loaderId": "E639F44F9C0FDB7F128A7E23EEE26C65",
      "mimeType": "text/html",
      "name": "",
      "parentId": "FAC675737C830CDCF27E4E4C944EB37D",
      "secureContextType": "Secure",
      "securityOrigin": "://",
      "url": "about:blank"
   },
   "type": "Navigation"
}
[1643918682.584][DEBUG]: DevTools WebSocket Command: Runtime.evaluate (id=74) 9C078928568725D01EE14579089CEF80 {
   "expression": "1"
}
[1643918682.589][DEBUG]: DevTools WebSocket Event: Runtime.executionContextCreated 126605CA2BBF75F5C5EC66BBF46DF85A {
   "context": {
      "auxData": {
         "frameId": "74ACA66BF55CB15888ADF85CEA2578ED",
         "isDefault": true,
         "type": "default"
      },
      "id": 6,
      "name": "",
      "origin": "https://tpc.googlesyndication.com",
      "uniqueId": "-1976936174105210778.7488740525744100622"
   }
}
[1643918682.589][DEBUG]: DevTools WebSocket Response: Runtime.evaluate (id=74) 9C078928568725D01EE14579089CEF80 {
   "result": {
      "description": "1",
      "type": "number",
      "value": 1
   }
}
[1643918682.589][DEBUG]: DevTools WebSocket Event: Page.frameStoppedLoading 126605CA2BBF75F5C5EC66BBF46DF85A {
   "frameId": "74ACA66BF55CB15888ADF85CEA2578ED"
}
[1643918682.589][DEBUG]: DevTools WebSocket Command: Runtime.evaluate (id=75) 9C078928568725D01EE14579089CEF80 {
   "expression": "1"
}
[1643918682.592][DEBUG]: DevTools WebSocket Response: Runtime.evaluate (id=75) 9C078928568725D01EE14579089CEF80 {
   "result": {
      "description": "1",
      "type": "number",
      "value": 1
   }
}
[1643918683.093][DEBUG]: DevTools WebSocket Command: Runtime.evaluate (id=76) 9C078928568725D01EE14579089CEF80 {
   "expression": "1"
}
[1643918683.094][DEBUG]: DevTools WebSocket Response: Runtime.evaluate (id=76) 9C078928568725D01EE14579089CEF80 {
   "result": {
      "description": "1",
      "type": "number",
      "value": 1
   }
}
[1643918683.141][DEBUG]: DevTools WebSocket Event: DOM.childNodeCountUpdated 126605CA2BBF75F5C5EC66BBF46DF85A {
   "childNodeCount": 0,
   "nodeId": 8
}
[1643918683.141][DEBUG]: DevTools WebSocket Event: Page.frameDetached 126605CA2BBF75F5C5EC66BBF46DF85A {
   "frameId": "74ACA66BF55CB15888ADF85CEA2578ED",
   "reason": "remove"
}
[1643918683.141][DEBUG]: DevTools WebSocket Command: Runtime.evaluate (id=77) 9C078928568725D01EE14579089CEF80 {
   "expression": "1"
}
[1643918683.153][DEBUG]: DevTools WebSocket Event: DOM.attributeModified B90B56FBDCAC1375D78145D582B45A15 {
   "name": "class",
   "nodeId": 8,
   "value": "jar"
}
[1643918683.173][DEBUG]: DevTools WebSocket Response: Runtime.evaluate (id=77) 9C078928568725D01EE14579089CEF80 {
   "result": {
      "description": "1",
      "type": "number",
      "value": 1
   }
}
[1643918683.217][DEBUG]: DevTools WebSocket Event: Target.detachedFromTarget 9C078928568725D01EE14579089CEF80 {
   "sessionId": "126605CA2BBF75F5C5EC66BBF46DF85A",
   "targetId": "FAC675737C830CDCF27E4E4C944EB37D"
}
[1643918683.217][DEBUG]: DevTools WebSocket Command: Runtime.evaluate (id=78) 9C078928568725D01EE14579089CEF80 {
   "expression": "1"
}
[1643918683.229][DEBUG]: DevTools WebSocket Response: Runtime.evaluate (id=78) 9C078928568725D01EE14579089CEF80 {
   "result": {
      "description": "1",
      "type": "number",
      "value": 1
   }
}
[1643918683.626][DEBUG]: DevTools WebSocket Event: Page.loadEventFired B90B56FBDCAC1375D78145D582B45A15 {
   "timestamp": 588033.041446
}
[1643918683.626][DEBUG]: DevTools WebSocket Event: Page.frameStoppedLoading B90B56FBDCAC1375D78145D582B45A15 {
   "frameId": "D7CAF589BD1040925AF8DDD101560B12"
}
[1643918683.626][DEBUG]: DevTools WebSocket Command: Runtime.evaluate (id=79) 9C078928568725D01EE14579089CEF80 {
   "expression": "1"
}
[1643918683.631][DEBUG]: DevTools WebSocket Event: Target.attachedToTarget 9C078928568725D01EE14579089CEF80 {
   "sessionId": "1209ECA363356F48260172D076627B41",
   "targetInfo": {
      "attached": true,
      "browserContextId": "C1BA552A7CCC61B93D47D283FD934518",
      "canAccessOpener": false,
      "targetId": "9EAED995FCE931EF7DC437E0E2FE9014",
      "title": "Service Worker https://www.rambler.ru/sw-desktop.js",
      "type": "service_worker",
      "url": "https://www.rambler.ru/sw-desktop.js"
   },
   "waitingForDebugger": false
}
[1643918683.642][DEBUG]: DevTools WebSocket Event: Page.loadEventFired 9C078928568725D01EE14579089CEF80 {
   "timestamp": 588033.05369
}
[1643918683.642][DEBUG]: DevTools WebSocket Command: Runtime.evaluate (id=80) 9C078928568725D01EE14579089CEF80 {
   "awaitPromise": false,
   "expression": "document.readyState",
   "returnByValue": true
}
[1643918683.643][DEBUG]: DevTools WebSocket Event: Page.frameStoppedLoading 9C078928568725D01EE14579089CEF80 {
   "frameId": "9C078928568725D01EE14579089CEF80"
}
[1643918683.643][DEBUG]: DevTools WebSocket Response: Runtime.evaluate (id=79) 9C078928568725D01EE14579089CEF80 {
   "result": {
      "description": "1",
      "type": "number",
      "value": 1
   }
}
[1643918683.647][DEBUG]: DevTools WebSocket Response: Runtime.evaluate (id=80) 9C078928568725D01EE14579089CEF80 {
   "result": {
      "type": "string",
      "value": "complete"
   }
}
[1643918683.648][INFO]: Done waiting for pending navigations. Status: ok
[1643918683.648][INFO]: [944c5d7d3bf48ce3eae830b6e3ff061b] RESPONSE Navigate
[1643918683.752][INFO]: [944c5d7d3bf48ce3eae830b6e3ff061b] COMMAND FindElement {
   "using": "xpath",
   "value": "//*[text()='Вход']"
}
[1643918683.752][INFO]: Waiting for pending navigations...
[1643918683.752][DEBUG]: DevTools WebSocket Command: Runtime.evaluate (id=81) 9C078928568725D01EE14579089CEF80 {
   "expression": "1"
}
[1643918683.754][DEBUG]: DevTools WebSocket Response: Runtime.evaluate (id=81) 9C078928568725D01EE14579089CEF80 {
   "result": {
      "description": "1",
      "type": "number",
      "value": 1
   }
}
[1643918683.755][INFO]: Done waiting for pending navigations. Status: ok
[1643918683.757][DEBUG]: DevTools WebSocket Command: Runtime.evaluate (id=82) 9C078928568725D01EE14579089CEF80 {
   "awaitPromise": true,
   "expression": "(function() { // Copyright (c) 2012 The Chromium Authors. All rights reserved.\n// Use of this source code is governed by a BSD-style license that can be\n// found in the LICENSE file.\n\n/**\n * Enum f...",
   "returnByValue": true
}
[1643918683.786][DEBUG]: DevTools WebSocket Response: Runtime.evaluate (id=82) 9C078928568725D01EE14579089CEF80 {
   "result": {
      "type": "object",
      "value": {
         "status": 0,
         "value": {
            "element-6066-11e4-a52e-4f735466cecf": "b91ad84c-feb2-4c11-8a96-14bc6d11feb2"
         }
      }
   }
}
[1643918683.786][INFO]: Waiting for pending navigations...
[1643918683.786][DEBUG]: DevTools WebSocket Command: Runtime.evaluate (id=83) 9C078928568725D01EE14579089CEF80 {
   "expression": "1"
}
[1643918683.811][DEBUG]: DevTools WebSocket Event: DOM.childNodeCountUpdated 9C078928568725D01EE14579089CEF80 {
   "childNodeCount": 29,
   "nodeId": 40
}
[1643918683.811][DEBUG]: DevTools WebSocket Response: Runtime.evaluate (id=83) 9C078928568725D01EE14579089CEF80 {
   "result": {
      "description": "1",
      "type": "number",
      "value": 1
   }
}
[1643918683.811][INFO]: Done waiting for pending navigations. Status: ok
[1643918683.811][INFO]: [944c5d7d3bf48ce3eae830b6e3ff061b] RESPONSE FindElement {
   "element-6066-11e4-a52e-4f735466cecf": "b91ad84c-feb2-4c11-8a96-14bc6d11feb2"
}
[1643918684.004][INFO]: [944c5d7d3bf48ce3eae830b6e3ff061b] COMMAND ExecuteScript {
   "args": [ {
      "element-6066-11e4-a52e-4f735466cecf": "b91ad84c-feb2-4c11-8a96-14bc6d11feb2"
   } ],
   "script": "return (function(){return (function(){var k=this||self;function aa(a){return\"string\"==typeof a}function ba(a,b){a=a.split(\".\");var c=k;a[0]in c||\"undefined\"==typeof c.execScript||c.execScript(\"var \"+a[0]);for(var d;a.length&&(d=a.shift());)a.length||void 0===b?c[d]&&c[d]!==Object.prototype[d]?c=c[d]:c=c[d]={}:c[d]=b}\nfunction ca(a){var b=typeof a;if(\"object\"==b)if(a){if(a instanceof Array)return\"array\";if(a instanceof Object)return b;var c=Object.prototype.toString.call(a);if(\"[object Window]\"==c)return\"object\";if(\"[object Array]\"==c||\"number\"==typeof a.length&&\"undefined\"!=typeof a.splice&&\"undefined\"!=typeof a.propertyIsEnumerable&&!a.propertyIsEnumerable(\"splice\"))return\"array\";if(\"[object Function]\"==c||\"undefined\"!=typeof a.call&&\"undefined\"!=typeof a.propertyIsEnumerable&&!a.propertyIsEnumerable(\"call\"))return\"function\"}else return\"null\";\nelse if(\"function\"==b&&\"undefined\"==typeof a.call)return\"object\";return b}function da(a,b,c){return a.call.apply(a.bind,arguments)}function ea(a,b,c){if(!a)throw Error();if(2\u003Carguments.length){var d=Array.prototype.slice.call(arguments,2);return function(){var e=Array.prototype.slice.call(arguments);Array.prototype.unshift.apply(e,d);return a.apply(b,e)}}return function(){return a.apply(b,arguments)}}\nfunction fa(a,b,c){Function.prototype.bind&&-1!=Function.prototype.bind.toString().indexOf(\"native code\")?fa=da:fa=ea;return fa.apply(null,arguments)}function ha(a,b){var c=Array.prototype.slice.call(arguments,1);return function(){var d=c.slice();d.push.apply(d,arguments);return a.apply(this,d)}}function l(a,b){function c(){}c.prototype=b.prototype;a.prototype=new c;a.prototype.constructor=a};/*\n\n The MIT License\n\n Copyright (c) 2007 Cybozu Labs, Inc.\n Copyright (c) 2012 Google Inc.\n\n Permission is hereby granted, free of charge, to any person obtaining a copy\n of this software and associated documentation files (the \"Software\"), to\n deal in the Software without restriction, including without limitation the\n rights to use, copy, modify, merge, publish, distribute, sublicense, and/or\n sell copies of the Software, and to permit persons to whom the Software is\n furnished to do so, subject to the following conditions:\n\n The above copyright notice and this permission notice shall be included in\n all copies or substantial portions of the Software.\n\n THE SOFTWARE IS PROVIDED \"AS IS\", WITHOUT WARRANTY OF ANY KIND, EXPRESS OR\n IMPLIED, INCLUDING BUT NOT LIMITED TO THE WARRANTIES OF MERCHANTABILITY,\n FITNESS FOR A PARTICULAR PURPOSE AND NONINFRINGEMENT. IN NO EVENT SHALL THE\n AUTHORS OR COPYRIGHT HOLDERS BE LIABLE FOR ANY CLAIM, DAMAGES OR OTHER\n LIABILITY, WHETHER IN AN ACTION OF CONTRACT, TORT OR OTHERWISE, ARISING\n FROM, OUT OF OR IN CONNECTION WITH THE SOFTWARE OR THE USE OR OTHER DEALINGS\n IN THE SOFTWARE.\n*/\nfunction ia(a,b,c){this.a=a;this.b=b||1;this.f=c||1};var ja=Array.prototype.indexOf?function(a,b){return Array.prototype.indexOf.call(a,b,void 0)}:function(a,b){if(\"string\"===typeof a)return\"string\"!==typeof b||1!=b.length?-1:a.indexOf(b,0);for(var c=0;c\u003Ca.length;c++)if(c in a&&a[c]===b)return c;return-1},n=Array.prototype.forEach?function(a,b){Array.prototype.forEach.call(a,b,void 0)}:function(a,b){for(var c=a.length,d=\"string\"===typeof a?a.split(\"\"):a,e=0;e\u003Cc;e++)e in d&&b.call(void 0,d[e],e,a)},ka=Array.prototype.filter?function(a,b){return Array.prototype.filter.call(a,\nb,void 0)}:function(a,b){for(var c=a.length,d=[],e=0,f=\"string\"===typeof a?a.split(\"\"):a,g=0;g\u003Cc;g++)if(g in f){var h=f[g];b.call(void 0,h,g,a)&&(d[e++]=h)}return d},la=Array.prototype.reduce?function(a,b,c){return Array.prototype.reduce.call(a,b,c)}:function(a,b,c){var d=c;n(a,function(e,f){d=b.call(void 0,d,e,f,a)});return d},ma=Array.prototype.some?function(a,b){return Array.prototype.some.call(a,b,void 0)}:function(a,b){for(var c=a.length,d=\"string\"===typeof a?a.split(\"\"):a,e=0;e\u003Cc;e++)if(e in\nd&&b.call(void 0,d[e],e,a))return!0;return!1},na=Array.prototype.every?function(a,b){return Array.prototype.every.call(a,b,void 0)}:function(a,b){for(var c=a.length,d=\"string\"===typeof a?a.split(\"\"):a,e=0;e\u003Cc;e++)if(e in d&&!b.call(void 0,d[e],e,a))return!1;return!0};function oa(a,b){a:{for(var c=a.length,d=\"string\"===typeof a?a.split(\"\"):a,e=0;e\u003Cc;e++)if(e in d&&b.call(void 0,d[e],e,a)){b=e;break a}b=-1}return 0>b?null:\"string\"===typeof a?a.charAt(b):a[b]}\nfunction pa(a){return Array.prototype.concat.apply([],arguments)}function qa(a,b,c){return 2>=arguments.length?Array.prototype.slice.call(a,b):Array.prototype.slice.call(a,b,c)};var ra=String.prototype.trim?function(a){return a.trim()}:function(a){return/^[\\s\\xa0]*([\\s\\S]*?)[\\s\\xa0]*$/.exec(a)[1]};function sa(a,b){return a\u003Cb?-1:a>b?1:0};var t;a:{var ta=k.navigator;if(ta){var ua=ta.userAgent;if(ua){t=ua;break a}}t=\"\"}function u(a){return-1!=t.indexOf(a)};function va(){return u(\"Firefox\")||u(\"FxiOS\")}function wa(){return(u(\"Chrome\")||u(\"CriOS\"))&&!u(\"Edge\")};function xa(a){return String(a).replace(/\\-([a-z])/g,function(b,c){return c.toUpperCase()})};function ya(){return u(\"iPhone\")&&!u(\"iPod\")&&!u(\"iPad\")};function za(a,b){var c=Aa;return Object.prototype.hasOwnProperty.call(c,a)?c[a]:c[a]=b(a)};var Ba=u(\"Opera\"),v=u(\"Trident\")||u(\"MSIE\"),Ca=u(\"Edge\"),Da=u(\"Gecko\")&&!(-1!=t.toLowerCase().indexOf(\"webkit\")&&!u(\"Edge\"))&&!(u(\"Trident\")||u(\"MSIE\"))&&!u(\"Edge\"),Ea=-1!=t.toLowerCase().indexOf(\"webkit\")&&!u(\"Edge\");function Fa(){var a=k.document;return a?a.documentMode:void 0}var Ga;\na:{var Ha=\"\",Ia=function(){var a=t;if(Da)return/rv:([^\\);]+)(\\)|;)/.exec(a);if(Ca)return/Edge\\/([\\d\\.]+)/.exec(a);if(v)return/\\b(?:MSIE|rv)[: ]([^\\);]+)(\\)|;)/.exec(a);if(Ea)return/WebKit\\/(\\S+)/.exec(a);if(Ba)return/(?:Version)[ \\/]?(\\S+)/.exec(a)}();Ia&&(Ha=Ia?Ia[1]:\"\");if(v){var Ja=Fa();if(null!=Ja&&Ja>parseFloat(Ha)){Ga=String(Ja);break a}}Ga=Ha}var Aa={};\nfunction Ka(a){return za(a,function(){for(var b=0,c=ra(String(Ga)).split(\".\"),d=ra(String(a)).split(\".\"),e=Math.max(c.length,d.length),f=0;0==b&&f\u003Ce;f++){var g=c[f]||\"\",h=d[f]||\"\";do{g=/(\\d*)(\\D*)(.*)/.exec(g)||[\"\",\"\",\"\",\"\"];h=/(\\d*)(\\D*)(.*)/.exec(h)||[\"\",\"\",\"\",\"\"];if(0==g[0].length&&0==h[0].length)break;b=sa(0==g[1].length?0:parseInt(g[1],10),0==h[1].length?0:parseInt(h[1],10))||sa(0==g[2].length,0==h[2].length)||sa(g[2],h[2]);g=g[3];h=h[3]}while(0==b)}return 0\u003C=b})}var La;\nLa=k.document&&v?Fa():void 0;var x=v&&!(9\u003C=Number(La)),Ma=v&&!(8\u003C=Number(La));function Na(a,b,c,d){this.a=a;this.nodeName=c;this.nodeValue=d;this.nodeType=2;this.parentNode=this.ownerElement=b}function Oa(a,b){var c=Ma&&\"href\"==b.nodeName?a.getAttribute(b.nodeName,2):b.nodeValue;return new Na(b,a,b.nodeName,c)};function Pa(a){this.b=a;this.a=0}function Qa(a){a=a.match(Ra);for(var b=0;b\u003Ca.length;b++)Sa.test(a[b])&&a.splice(b,1);return new Pa(a)}var Ra=/\\$?(?:(?![0-9-\\.])(?:\\*|[\\w-\\.]+):)?(?![0-9-\\.])(?:\\*|[\\w-\\.]+)|\\/\\/|\\.\\.|::|\\d+(?:\\.\\d*)?|\\.\\d+|\"[^\"]*\"|'[^']*'|[!\u003C>]=|\\s+|./g,Sa=/^\\s/;function y(a,b){return a.b[a.a+(b||0)]}function z(a){return a.b[a.a++]}function Ta(a){return a.b.length\u003C=a.a};function Ua(a,b){this.x=void 0!==a?a:0;this.y=void 0!==b?b:0}Ua.prototype.ceil=function(){this.x=Math.ceil(this.x);this.y=Math.ceil(this.y);return this};Ua.prototype.floor=function(){this.x=Math.floor(this.x);this.y=Math.floor(this.y);return this};Ua.prototype.round=function(){this.x=Math.round(this.x);this.y=Math.round(this.y);return this};function Va(a,b){this.width=a;this.height=b}Va.prototype.aspectRatio=function(){return this.width/this.height};Va.prototype.ceil=function(){this.width=Math.ceil(this.width);this.height=Math.ceil(this.height);return this};Va.prototype.floor=function(){this.width=Math.floor(this.width);this.height=Math.floor(this.height);return this};Va.prototype.round=function(){this.width=Math.round(this.width);this.height=Math.round(this.height);return this};function Wa(a,b){if(!a||!b)return!1;if(a.contains&&1==b.nodeType)return a==b||a.contains(b);if(\"undefined\"!=typeof a.compareDocumentPosition)return a==b||!!(a.compareDocumentPosition(b)&16);for(;b&&a!=b;)b=b.parentNode;return b==a}\nfunction Xa(a,b){if(a==b)return 0;if(a.compareDocumentPosition)return a.compareDocumentPosition(b)&2?1:-1;if(v&&!(9\u003C=Number(La))){if(9==a.nodeType)return-1;if(9==b.nodeType)return 1}if(\"sourceIndex\"in a||a.parentNode&&\"sourceIndex\"in a.parentNode){var c=1==a.nodeType,d=1==b.nodeType;if(c&&d)return a.sourceIndex-b.sourceIndex;var e=a.parentNode,f=b.parentNode;return e==f?Ya(a,b):!c&&Wa(e,b)?-1*Za(a,b):!d&&Wa(f,a)?Za(b,a):(c?a.sourceIndex:e.sourceIndex)-(d?b.sourceIndex:f.sourceIndex)}d=A(a);c=d.createRange();\nc.selectNode(a);c.collapse(!0);a=d.createRange();a.selectNode(b);a.collapse(!0);return c.compareBoundaryPoints(k.Range.START_TO_END,a)}function Za(a,b){var c=a.parentNode;if(c==b)return-1;for(;b.parentNode!=c;)b=b.parentNode;return Ya(b,a)}function Ya(a,b){for(;b=b.previousSibling;)if(b==a)return-1;return 1}function A(a){return 9==a.nodeType?a:a.ownerDocument||a.document}function $a(a,b){a&&(a=a.parentNode);for(var c=0;a;){if(b(a))return a;a=a.parentNode;c++}return null}\nfunction ab(a){this.a=a||k.document||document}ab.prototype.getElementsByTagName=function(a,b){return(b||this.a).getElementsByTagName(String(a))};function B(a){var b=null,c=a.nodeType;1==c&&(b=a.textContent,b=void 0==b||null==b?a.innerText:b,b=void 0==b||null==b?\"\":b);if(\"string\"!=typeof b)if(x&&\"title\"==a.nodeName.toLowerCase()&&1==c)b=a.text;else if(9==c||1==c){a=9==c?a.documentElement:a.firstChild;c=0;var d=[];for(b=\"\";a;){do 1!=a.nodeType&&(b+=a.nodeValue),x&&\"title\"==a.nodeName.toLowerCase()&&(b+=a.text),d[c++]=a;while(a=a.firstChild);for(;c&&!(a=d[--c].nextSibling););}}else b=a.nodeValue;return b}\nfunction C(a,b,c){if(null===b)return!0;try{if(!a.getAttribute)return!1}catch(d){return!1}Ma&&\"class\"==b&&(b=\"className\");return null==c?!!a.getAttribute(b):a.getAttribute(b,2)==c}function bb(a,b,c,d,e){return(x?cb:db).call(null,a,b,aa(c)?c:null,aa(d)?d:null,e||new E)}\nfunction cb(a,b,c,d,e){if(a instanceof F||8==a.b||c&&null===a.b){var f=b.all;if(!f)return e;a=eb(a);if(\"*\"!=a&&(f=b.getElementsByTagName(a),!f))return e;if(c){for(var g=[],h=0;b=f[h++];)C(b,c,d)&&g.push(b);f=g}for(h=0;b=f[h++];)\"*\"==a&&\"!\"==b.tagName||e.add(b);return e}fb(a,b,c,d,e);return e}\nfunction db(a,b,c,d,e){b.getElementsByName&&d&&\"name\"==c&&!v?(b=b.getElementsByName(d),n(b,function(f){a.a(f)&&e.add(f)})):b.getElementsByClassName&&d&&\"class\"==c?(b=b.getElementsByClassName(d),n(b,function(f){f.className==d&&a.a(f)&&e.add(f)})):a instanceof G?fb(a,b,c,d,e):b.getElementsByTagName&&(b=b.getElementsByTagName(a.f()),n(b,function(f){C(f,c,d)&&e.add(f)}));return e}\nfunction gb(a,b,c,d,e){var f;if((a instanceof F||8==a.b||c&&null===a.b)&&(f=b.childNodes)){var g=eb(a);if(\"*\"!=g&&(f=ka(f,function(h){return h.tagName&&h.tagName.toLowerCase()==g}),!f))return e;c&&(f=ka(f,function(h){return C(h,c,d)}));n(f,function(h){\"*\"==g&&(\"!\"==h.tagName||\"*\"==g&&1!=h.nodeType)||e.add(h)});return e}return hb(a,b,c,d,e)}function hb(a,b,c,d,e){for(b=b.firstChild;b;b=b.nextSibling)C(b,c,d)&&a.a(b)&&e.add(b);return e}\nfunction fb(a,b,c,d,e){for(b=b.firstChild;b;b=b.nextSibling)C(b,c,d)&&a.a(b)&&e.add(b),fb(a,b,c,d,e)}function eb(a){if(a instanceof G){if(8==a.b)return\"!\";if(null===a.b)return\"*\"}return a.f()};function E(){this.b=this.a=null;this.l=0}function ib(a){this.f=a;this.a=this.b=null}function kb(a,b){if(!a.a)return b;if(!b.a)return a;var c=a.a;b=b.a;for(var d=null,e,f=0;c&&b;){e=c.f;var g=b.f;e==g||e instanceof Na&&g instanceof Na&&e.a==g.a?(e=c,c=c.a,b=b.a):0\u003CXa(c.f,b.f)?(e=b,b=b.a):(e=c,c=c.a);(e.b=d)?d.a=e:a.a=e;d=e;f++}for(e=c||b;e;)e.b=d,d=d.a=e,f++,e=e.a;a.b=d;a.l=f;return a}function lb(a,b){b=new ib(b);b.a=a.a;a.b?a.a.b=b:a.a=a.b=b;a.a=b;a.l++}\nE.prototype.add=function(a){a=new ib(a);a.b=this.b;this.a?this.b.a=a:this.a=this.b=a;this.b=a;this.l++};function mb(a){return(a=a.a)?a.f:null}function nb(a){return(a=mb(a))?B(a):\"\"}function H(a,b){return new ob(a,!!b)}function ob(a,b){this.f=a;this.b=(this.s=b)?a.b:a.a;this.a=null}function I(a){var b=a.b;if(null==b)return null;var c=a.a=b;a.b=a.s?b.b:b.a;return c.f};function J(a){this.i=a;this.b=this.g=!1;this.f=null}function K(a){return\"\\n  \"+a.toString().split(\"\\n\").join(\"\\n  \")}function pb(a,b){a.g=b}function qb(a,b){a.b=b}function N(a,b){a=a.a(b);return a instanceof E?+nb(a):+a}function O(a,b){a=a.a(b);return a instanceof E?nb(a):\"\"+a}function rb(a,b){a=a.a(b);return a instanceof E?!!a.l:!!a};function sb(a,b,c){J.call(this,a.i);this.c=a;this.h=b;this.o=c;this.g=b.g||c.g;this.b=b.b||c.b;this.c==tb&&(c.b||c.g||4==c.i||0==c.i||!b.f?b.b||b.g||4==b.i||0==b.i||!c.f||(this.f={name:c.f.name,u:b}):this.f={name:b.f.name,u:c})}l(sb,J);\nfunction ub(a,b,c,d,e){b=b.a(d);c=c.a(d);var f;if(b instanceof E&&c instanceof E){b=H(b);for(d=I(b);d;d=I(b))for(e=H(c),f=I(e);f;f=I(e))if(a(B(d),B(f)))return!0;return!1}if(b instanceof E||c instanceof E){b instanceof E?(e=b,d=c):(e=c,d=b);f=H(e);for(var g=typeof d,h=I(f);h;h=I(f)){switch(g){case \"number\":h=+B(h);break;case \"boolean\":h=!!B(h);break;case \"string\":h=B(h);break;default:throw Error(\"Illegal primitive type for comparison.\");}if(e==b&&a(h,d)||e==c&&a(d,h))return!0}return!1}return e?\"boolean\"==\ntypeof b||\"boolean\"==typeof c?a(!!b,!!c):\"number\"==typeof b||\"number\"==typeof c?a(+b,+c):a(b,c):a(+b,+c)}sb.prototype.a=function(a){return this.c.m(this.h,this.o,a)};sb.prototype.toString=function(){var a=\"Binary Expression: \"+this.c;a+=K(this.h);return a+=K(this.o)};function vb(a,b,c,d){this.I=a;this.D=b;this.i=c;this.m=d}vb.prototype.toString=function(){return this.I};var wb={};\nfunction P(a,b,c,d){if(wb.hasOwnProperty(a))throw Error(\"Binary operator already created: \"+a);a=new vb(a,b,c,d);return wb[a.toString()]=a}P(\"div\",6,1,function(a,b,c){return N(a,c)/N(b,c)});P(\"mod\",6,1,function(a,b,c){return N(a,c)%N(b,c)});P(\"*\",6,1,function(a,b,c){return N(a,c)*N(b,c)});P(\"+\",5,1,function(a,b,c){return N(a,c)+N(b,c)});P(\"-\",5,1,function(a,b,c){return N(a,c)-N(b,c)});P(\"\u003C\",4,2,function(a,b,c){return ub(function(d,e){return d\u003Ce},a,b,c)});\nP(\">\",4,2,function(a,b,c){return ub(function(d,e){return d>e},a,b,c)});P(\"\u003C=\",4,2,function(a,b,c){return ub(function(d,e){return d\u003C=e},a,b,c)});P(\">=\",4,2,function(a,b,c){return ub(function(d,e){return d>=e},a,b,c)});var tb=P(\"=\",3,2,function(a,b,c){return ub(function(d,e){return d==e},a,b,c,!0)});P(\"!=\",3,2,function(a,b,c){return ub(function(d,e){return d!=e},a,b,c,!0)});P(\"and\",2,2,function(a,b,c){return rb(a,c)&&rb(b,c)});P(\"or\",1,2,function(a,b,c){return rb(a,c)||rb(b,c)});function xb(a,b){if(b.a.length&&4!=a.i)throw Error(\"Primary expression must evaluate to nodeset if filter has predicate(s).\");J.call(this,a.i);this.c=a;this.h=b;this.g=a.g;this.b=a.b}l(xb,J);xb.prototype.a=function(a){a=this.c.a(a);return yb(this.h,a)};xb.prototype.toString=function(){var a=\"Filter:\"+K(this.c);return a+=K(this.h)};function zb(a,b){if(b.length\u003Ca.C)throw Error(\"Function \"+a.j+\" expects at least\"+a.C+\" arguments, \"+b.length+\" given\");if(null!==a.B&&b.length>a.B)throw Error(\"Function \"+a.j+\" expects at most \"+a.B+\" arguments, \"+b.length+\" given\");a.H&&n(b,function(c,d){if(4!=c.i)throw Error(\"Argument \"+d+\" to function \"+a.j+\" is not of type Nodeset: \"+c);});J.call(this,a.i);this.v=a;this.c=b;pb(this,a.g||ma(b,function(c){return c.g}));qb(this,a.G&&!b.length||a.F&&!!b.length||ma(b,function(c){return c.b}))}\nl(zb,J);zb.prototype.a=function(a){return this.v.m.apply(null,pa(a,this.c))};zb.prototype.toString=function(){var a=\"Function: \"+this.v;if(this.c.length){var b=la(this.c,function(c,d){return c+K(d)},\"Arguments:\");a+=K(b)}return a};function Ab(a,b,c,d,e,f,g,h){this.j=a;this.i=b;this.g=c;this.G=d;this.F=!1;this.m=e;this.C=f;this.B=void 0!==g?g:f;this.H=!!h}Ab.prototype.toString=function(){return this.j};var Bb={};\nfunction Q(a,b,c,d,e,f,g,h){if(Bb.hasOwnProperty(a))throw Error(\"Function already created: \"+a+\".\");Bb[a]=new Ab(a,b,c,d,e,f,g,h)}Q(\"boolean\",2,!1,!1,function(a,b){return rb(b,a)},1);Q(\"ceiling\",1,!1,!1,function(a,b){return Math.ceil(N(b,a))},1);Q(\"concat\",3,!1,!1,function(a,b){return la(qa(arguments,1),function(c,d){return c+O(d,a)},\"\")},2,null);Q(\"contains\",2,!1,!1,function(a,b,c){b=O(b,a);a=O(c,a);return-1!=b.indexOf(a)},2);Q(\"count\",1,!1,!1,function(a,b){return b.a(a).l},1,1,!0);\nQ(\"false\",2,!1,!1,function(){return!1},0);Q(\"floor\",1,!1,!1,function(a,b){return Math.floor(N(b,a))},1);Q(\"id\",4,!1,!1,function(a,b){function c(h){if(x){var m=e.all[h];if(m){if(m.nodeType&&h==m.id)return m;if(m.length)return oa(m,function(w){return h==w.id})}return null}return e.getElementById(h)}var d=a.a,e=9==d.nodeType?d:d.ownerDocument;a=O(b,a).split(/\\s+/);var f=[];n(a,function(h){h=c(h);!h||0\u003C=ja(f,h)||f.push(h)});f.sort(Xa);var g=new E;n(f,function(h){g.add(h)});return g},1);\nQ(\"lang\",2,!1,!1,function(){return!1},1);Q(\"last\",1,!0,!1,function(a){if(1!=arguments.length)throw Error(\"Function last expects ()\");return a.f},0);Q(\"local-name\",3,!1,!0,function(a,b){return(a=b?mb(b.a(a)):a.a)?a.localName||a.nodeName.toLowerCase():\"\"},0,1,!0);Q(\"name\",3,!1,!0,function(a,b){return(a=b?mb(b.a(a)):a.a)?a.nodeName.toLowerCase():\"\"},0,1,!0);Q(\"namespace-uri\",3,!0,!1,function(){return\"\"},0,1,!0);\nQ(\"normalize-space\",3,!1,!0,function(a,b){return(b?O(b,a):B(a.a)).replace(/[\\s\\xa0]+/g,\" \").replace(/^\\s+|\\s+$/g,\"\")},0,1);Q(\"not\",2,!1,!1,function(a,b){return!rb(b,a)},1);Q(\"number\",1,!1,!0,function(a,b){return b?N(b,a):+B(a.a)},0,1);Q(\"position\",1,!0,!1,function(a){return a.b},0);Q(\"round\",1,!1,!1,function(a,b){return Math.round(N(b,a))},1);Q(\"starts-with\",2,!1,!1,function(a,b,c){b=O(b,a);a=O(c,a);return 0==b.lastIndexOf(a,0)},2);Q(\"string\",3,!1,!0,function(a,b){return b?O(b,a):B(a.a)},0,1);\nQ(\"string-length\",1,!1,!0,function(a,b){return(b?O(b,a):B(a.a)).length},0,1);Q(\"substring\",3,!1,!1,function(a,b,c,d){c=N(c,a);if(isNaN(c)||Infinity==c||-Infinity==c)return\"\";d=d?N(d,a):Infinity;if(isNaN(d)||-Infinity===d)return\"\";c=Math.round(c)-1;var e=Math.max(c,0);a=O(b,a);return Infinity==d?a.substring(e):a.substring(e,c+Math.round(d))},2,3);Q(\"substring-after\",3,!1,!1,function(a,b,c){b=O(b,a);a=O(c,a);c=b.indexOf(a);return-1==c?\"\":b.substring(c+a.length)},2);\nQ(\"substring-before\",3,!1,!1,function(a,b,c){b=O(b,a);a=O(c,a);a=b.indexOf(a);return-1==a?\"\":b.substring(0,a)},2);Q(\"sum\",1,!1,!1,function(a,b){a=H(b.a(a));b=0;for(var c=I(a);c;c=I(a))b+=+B(c);return b},1,1,!0);Q(\"translate\",3,!1,!1,function(a,b,c,d){b=O(b,a);c=O(c,a);var e=O(d,a);a={};for(d=0;d\u003Cc.length;d++){var f=c.charAt(d);f in a||(a[f]=e.charAt(d))}c=\"\";for(d=0;d\u003Cb.length;d++)f=b.charAt(d),c+=f in a?a[f]:f;return c},3);Q(\"true\",2,!1,!1,function(){return!0},0);function G(a,b){this.h=a;this.c=void 0!==b?b:null;this.b=null;switch(a){case \"comment\":this.b=8;break;case \"text\":this.b=3;break;case \"processing-instruction\":this.b=7;break;case \"node\":break;default:throw Error(\"Unexpected argument\");}}function Cb(a){return\"comment\"==a||\"text\"==a||\"processing-instruction\"==a||\"node\"==a}G.prototype.a=function(a){return null===this.b||this.b==a.nodeType};G.prototype.f=function(){return this.h};\nG.prototype.toString=function(){var a=\"Kind Test: \"+this.h;null===this.c||(a+=K(this.c));return a};function Db(a){J.call(this,3);this.c=a.substring(1,a.length-1)}l(Db,J);Db.prototype.a=function(){return this.c};Db.prototype.toString=function(){return\"Literal: \"+this.c};function F(a,b){this.j=a.toLowerCase();a=\"*\"==this.j?\"*\":\"http://www.w3.org/1999/xhtml\";this.c=b?b.toLowerCase():a}F.prototype.a=function(a){var b=a.nodeType;if(1!=b&&2!=b)return!1;b=void 0!==a.localName?a.localName:a.nodeName;return\"*\"!=this.j&&this.j!=b.toLowerCase()?!1:\"*\"==this.c?!0:this.c==(a.namespaceURI?a.namespaceURI.toLowerCase():\"http://www.w3.org/1999/xhtml\")};F.prototype.f=function(){return this.j};\nF.prototype.toString=function(){return\"Name Test: \"+(\"http://www.w3.org/1999/xhtml\"==this.c?\"\":this.c+\":\")+this.j};function Eb(a){J.call(this,1);this.c=a}l(Eb,J);Eb.prototype.a=function(){return this.c};Eb.prototype.toString=function(){return\"Number: \"+this.c};function Fb(a,b){J.call(this,a.i);this.h=a;this.c=b;this.g=a.g;this.b=a.b;1==this.c.length&&(a=this.c[0],a.A||a.c!=Gb||(a=a.o,\"*\"!=a.f()&&(this.f={name:a.f(),u:null})))}l(Fb,J);function Hb(){J.call(this,4)}l(Hb,J);Hb.prototype.a=function(a){var b=new E;a=a.a;9==a.nodeType?b.add(a):b.add(a.ownerDocument);return b};Hb.prototype.toString=function(){return\"Root Helper Expression\"};function Ib(){J.call(this,4)}l(Ib,J);Ib.prototype.a=function(a){var b=new E;b.add(a.a);return b};Ib.prototype.toString=function(){return\"Context Helper Expression\"};\nfunction Jb(a){return\"/\"==a||\"//\"==a}Fb.prototype.a=function(a){var b=this.h.a(a);if(!(b instanceof E))throw Error(\"Filter expression must evaluate to nodeset.\");a=this.c;for(var c=0,d=a.length;c\u003Cd&&b.l;c++){var e=a[c],f=H(b,e.c.s);if(e.g||e.c!=Kb)if(e.g||e.c!=Lb){var g=I(f);for(b=e.a(new ia(g));null!=(g=I(f));)g=e.a(new ia(g)),b=kb(b,g)}else g=I(f),b=e.a(new ia(g));else{for(g=I(f);(b=I(f))&&(!g.contains||g.contains(b))&&b.compareDocumentPosition(g)&8;g=b);b=e.a(new ia(g))}}return b};\nFb.prototype.toString=function(){var a=\"Path Expression:\"+K(this.h);if(this.c.length){var b=la(this.c,function(c,d){return c+K(d)},\"Steps:\");a+=K(b)}return a};function Mb(a,b){this.a=a;this.s=!!b}\nfunction yb(a,b,c){for(c=c||0;c\u003Ca.a.length;c++)for(var d=a.a[c],e=H(b),f=b.l,g,h=0;g=I(e);h++){var m=a.s?f-h:h+1;g=d.a(new ia(g,m,f));if(\"number\"==typeof g)m=m==g;else if(\"string\"==typeof g||\"boolean\"==typeof g)m=!!g;else if(g instanceof E)m=0\u003Cg.l;else throw Error(\"Predicate.evaluate returned an unexpected type.\");if(!m){m=e;g=m.f;var w=m.a;if(!w)throw Error(\"Next must be called at least once before remove.\");var r=w.b;w=w.a;r?r.a=w:g.a=w;w?w.b=r:g.b=r;g.l--;m.a=null}}return b}\nMb.prototype.toString=function(){return la(this.a,function(a,b){return a+K(b)},\"Predicates:\")};function R(a,b,c,d){J.call(this,4);this.c=a;this.o=b;this.h=c||new Mb([]);this.A=!!d;b=this.h;b=0\u003Cb.a.length?b.a[0].f:null;a.J&&b&&(a=b.name,a=x?a.toLowerCase():a,this.f={name:a,u:b.u});a:{a=this.h;for(b=0;b\u003Ca.a.length;b++)if(c=a.a[b],c.g||1==c.i||0==c.i){a=!0;break a}a=!1}this.g=a}l(R,J);\nR.prototype.a=function(a){var b=a.a,c=this.f,d=null,e=null,f=0;c&&(d=c.name,e=c.u?O(c.u,a):null,f=1);if(this.A)if(this.g||this.c!=Nb)if(b=H((new R(Ob,new G(\"node\"))).a(a)),c=I(b))for(a=this.m(c,d,e,f);null!=(c=I(b));)a=kb(a,this.m(c,d,e,f));else a=new E;else a=bb(this.o,b,d,e),a=yb(this.h,a,f);else a=this.m(a.a,d,e,f);return a};R.prototype.m=function(a,b,c,d){a=this.c.v(this.o,a,b,c);return a=yb(this.h,a,d)};\nR.prototype.toString=function(){var a=\"Step:\"+K(\"Operator: \"+(this.A?\"//\":\"/\"));this.c.j&&(a+=K(\"Axis: \"+this.c));a+=K(this.o);if(this.h.a.length){var b=la(this.h.a,function(c,d){return c+K(d)},\"Predicates:\");a+=K(b)}return a};function Pb(a,b,c,d){this.j=a;this.v=b;this.s=c;this.J=d}Pb.prototype.toString=function(){return this.j};var Qb={};function S(a,b,c,d){if(Qb.hasOwnProperty(a))throw Error(\"Axis already created: \"+a);b=new Pb(a,b,c,!!d);return Qb[a]=b}\nS(\"ancestor\",function(a,b){for(var c=new E;b=b.parentNode;)a.a(b)&&lb(c,b);return c},!0);S(\"ancestor-or-self\",function(a,b){var c=new E;do a.a(b)&&lb(c,b);while(b=b.parentNode);return c},!0);\nvar Gb=S(\"attribute\",function(a,b){var c=new E,d=a.f();if(\"style\"==d&&x&&b.style)return c.add(new Na(b.style,b,\"style\",b.style.cssText)),c;var e=b.attributes;if(e)if(a instanceof G&&null===a.b||\"*\"==d)for(a=0;d=e[a];a++)x?d.nodeValue&&c.add(Oa(b,d)):c.add(d);else(d=e.getNamedItem(d))&&(x?d.nodeValue&&c.add(Oa(b,d)):c.add(d));return c},!1),Nb=S(\"child\",function(a,b,c,d,e){return(x?gb:hb).call(null,a,b,aa(c)?c:null,aa(d)?d:null,e||new E)},!1,!0);S(\"descendant\",bb,!1,!0);\nvar Ob=S(\"descendant-or-self\",function(a,b,c,d){var e=new E;C(b,c,d)&&a.a(b)&&e.add(b);return bb(a,b,c,d,e)},!1,!0),Kb=S(\"following\",function(a,b,c,d){var e=new E;do for(var f=b;f=f.nextSibling;)C(f,c,d)&&a.a(f)&&e.add(f),e=bb(a,f,c,d,e);while(b=b.parentNode);return e},!1,!0);S(\"following-sibling\",function(a,b){for(var c=new E;b=b.nextSibling;)a.a(b)&&c.add(b);return c},!1);S(\"namespace\",function(){return new E},!1);\nvar Rb=S(\"parent\",function(a,b){var c=new E;if(9==b.nodeType)return c;if(2==b.nodeType)return c.add(b.ownerElement),c;b=b.parentNode;a.a(b)&&c.add(b);return c},!1),Lb=S(\"preceding\",function(a,b,c,d){var e=new E,f=[];do f.unshift(b);while(b=b.parentNode);for(var g=1,h=f.length;g\u003Ch;g++){var m=[];for(b=f[g];b=b.previousSibling;)m.unshift(b);for(var w=0,r=m.length;w\u003Cr;w++)b=m[w],C(b,c,d)&&a.a(b)&&e.add(b),e=bb(a,b,c,d,e)}return e},!0,!0);\nS(\"preceding-sibling\",function(a,b){for(var c=new E;b=b.previousSibling;)a.a(b)&&lb(c,b);return c},!0);var Sb=S(\"self\",function(a,b){var c=new E;a.a(b)&&c.add(b);return c},!1);function Tb(a){J.call(this,1);this.c=a;this.g=a.g;this.b=a.b}l(Tb,J);Tb.prototype.a=function(a){return-N(this.c,a)};Tb.prototype.toString=function(){return\"Unary Expression: -\"+K(this.c)};function Ub(a){J.call(this,4);this.c=a;pb(this,ma(this.c,function(b){return b.g}));qb(this,ma(this.c,function(b){return b.b}))}l(Ub,J);Ub.prototype.a=function(a){var b=new E;n(this.c,function(c){c=c.a(a);if(!(c instanceof E))throw Error(\"Path expression must evaluate to NodeSet.\");b=kb(b,c)});return b};Ub.prototype.toString=function(){return la(this.c,function(a,b){return a+K(b)},\"Union Expression:\")};function Vb(a,b){this.a=a;this.b=b}function Wb(a){for(var b,c=[];;){T(a,\"Missing right hand side of binary expression.\");b=Xb(a);var d=z(a.a);if(!d)break;var e=(d=wb[d]||null)&&d.D;if(!e){a.a.a--;break}for(;c.length&&e\u003C=c[c.length-1].D;)b=new sb(c.pop(),c.pop(),b);c.push(b,d)}for(;c.length;)b=new sb(c.pop(),c.pop(),b);return b}function T(a,b){if(Ta(a.a))throw Error(b);}function Yb(a,b){a=z(a.a);if(a!=b)throw Error(\"Bad token, expected: \"+b+\" got: \"+a);}\nfunction ac(a){a=z(a.a);if(\")\"!=a)throw Error(\"Bad token: \"+a);}function bc(a){a=z(a.a);if(2>a.length)throw Error(\"Unclosed literal string\");return new Db(a)}\nfunction cc(a){var b=[];if(Jb(y(a.a))){var c=z(a.a);var d=y(a.a);if(\"/\"==c&&(Ta(a.a)||\".\"!=d&&\"..\"!=d&&\"@\"!=d&&\"*\"!=d&&!/(?![0-9])[\\w]/.test(d)))return new Hb;d=new Hb;T(a,\"Missing next location step.\");c=dc(a,c);b.push(c)}else{a:{c=y(a.a);d=c.charAt(0);switch(d){case \"$\":throw Error(\"Variable reference not allowed in HTML XPath\");case \"(\":z(a.a);c=Wb(a);T(a,'unclosed \"(\"');Yb(a,\")\");break;case '\"':case \"'\":c=bc(a);break;default:if(isNaN(+c))if(!Cb(c)&&/(?![0-9])[\\w]/.test(d)&&\"(\"==y(a.a,1)){c=z(a.a);\nc=Bb[c]||null;z(a.a);for(d=[];\")\"!=y(a.a);){T(a,\"Missing function argument list.\");d.push(Wb(a));if(\",\"!=y(a.a))break;z(a.a)}T(a,\"Unclosed function argument list.\");ac(a);c=new zb(c,d)}else{c=null;break a}else c=new Eb(+z(a.a))}\"[\"==y(a.a)&&(d=new Mb(ec(a)),c=new xb(c,d))}if(c)if(Jb(y(a.a)))d=c;else return c;else c=dc(a,\"/\"),d=new Ib,b.push(c)}for(;Jb(y(a.a));)c=z(a.a),T(a,\"Missing next location step.\"),c=dc(a,c),b.push(c);return new Fb(d,b)}\nfunction dc(a,b){if(\"/\"!=b&&\"//\"!=b)throw Error('Step op should be \"/\" or \"//\"');if(\".\"==y(a.a)){var c=new R(Sb,new G(\"node\"));z(a.a);return c}if(\"..\"==y(a.a))return c=new R(Rb,new G(\"node\")),z(a.a),c;if(\"@\"==y(a.a)){var d=Gb;z(a.a);T(a,\"Missing attribute name\")}else if(\"::\"==y(a.a,1)){if(!/(?![0-9])[\\w]/.test(y(a.a).charAt(0)))throw Error(\"Bad token: \"+z(a.a));var e=z(a.a);d=Qb[e]||null;if(!d)throw Error(\"No axis with name: \"+e);z(a.a);T(a,\"Missing node name\")}else d=Nb;e=y(a.a);if(/(?![0-9])[\\w\\*]/.test(e.charAt(0)))if(\"(\"==\ny(a.a,1)){if(!Cb(e))throw Error(\"Invalid node type: \"+e);e=z(a.a);if(!Cb(e))throw Error(\"Invalid type name: \"+e);Yb(a,\"(\");T(a,\"Bad nodetype\");var f=y(a.a).charAt(0),g=null;if('\"'==f||\"'\"==f)g=bc(a);T(a,\"Bad nodetype\");ac(a);e=new G(e,g)}else if(e=z(a.a),f=e.indexOf(\":\"),-1==f)e=new F(e);else{g=e.substring(0,f);if(\"*\"==g)var h=\"*\";else if(h=a.b(g),!h)throw Error(\"Namespace prefix not declared: \"+g);e=e.substr(f+1);e=new F(e,h)}else throw Error(\"Bad token: \"+z(a.a));a=new Mb(ec(a),d.s);return c||new R(d,\ne,a,\"//\"==b)}function ec(a){for(var b=[];\"[\"==y(a.a);){z(a.a);T(a,\"Missing predicate expression.\");var c=Wb(a);b.push(c);T(a,\"Unclosed predicate expression.\");Yb(a,\"]\")}return b}function Xb(a){if(\"-\"==y(a.a))return z(a.a),new Tb(Xb(a));var b=cc(a);if(\"|\"!=y(a.a))a=b;else{for(b=[b];\"|\"==z(a.a);)T(a,\"Missing next union location path.\"),b.push(cc(a));a.a.a--;a=new Ub(b)}return a};function fc(a){switch(a.nodeType){case 1:return ha(gc,a);case 9:return fc(a.documentElement);case 11:case 10:case 6:case 12:return hc;default:return a.parentNode?fc(a.parentNode):hc}}function hc(){return null}function gc(a,b){if(a.prefix==b)return a.namespaceURI||\"http://www.w3.org/1999/xhtml\";var c=a.getAttributeNode(\"xmlns:\"+b);return c&&c.specified?c.value||null:a.parentNode&&9!=a.parentNode.nodeType?gc(a.parentNode,b):null};function ic(a,b){if(!a.length)throw Error(\"Empty XPath expression.\");a=Qa(a);if(Ta(a))throw Error(\"Invalid XPath expression.\");b?\"function\"==ca(b)||(b=fa(b.lookupNamespaceURI,b)):b=function(){return null};var c=Wb(new Vb(a,b));if(!Ta(a))throw Error(\"Bad token: \"+z(a));this.evaluate=function(d,e){d=c.a(new ia(d));return new U(d,e)}}\nfunction U(a,b){if(0==b)if(a instanceof E)b=4;else if(\"string\"==typeof a)b=2;else if(\"number\"==typeof a)b=1;else if(\"boolean\"==typeof a)b=3;else throw Error(\"Unexpected evaluation result.\");if(2!=b&&1!=b&&3!=b&&!(a instanceof E))throw Error(\"value could not be converted to the specified type\");this.resultType=b;switch(b){case 2:this.stringValue=a instanceof E?nb(a):\"\"+a;break;case 1:this.numberValue=a instanceof E?+nb(a):+a;break;case 3:this.booleanValue=a instanceof E?0\u003Ca.l:!!a;break;case 4:case 5:case 6:case 7:var c=\nH(a);var d=[];for(var e=I(c);e;e=I(c))d.push(e instanceof Na?e.a:e);this.snapshotLength=a.l;this.invalidIteratorState=!1;break;case 8:case 9:a=mb(a);this.singleNodeValue=a instanceof Na?a.a:a;break;default:throw Error(\"Unknown XPathResult type.\");}var f=0;this.iterateNext=function(){if(4!=b&&5!=b)throw Error(\"iterateNext called with wrong result type\");return f>=d.length?null:d[f++]};this.snapshotItem=function(g){if(6!=b&&7!=b)throw Error(\"snapshotItem called with wrong result type\");return g>=d.length||\n0>g?null:d[g]}}U.ANY_TYPE=0;U.NUMBER_TYPE=1;U.STRING_TYPE=2;U.BOOLEAN_TYPE=3;U.UNORDERED_NODE_ITERATOR_TYPE=4;U.ORDERED_NODE_ITERATOR_TYPE=5;U.UNORDERED_NODE_SNAPSHOT_TYPE=6;U.ORDERED_NODE_SNAPSHOT_TYPE=7;U.ANY_UNORDERED_NODE_TYPE=8;U.FIRST_ORDERED_NODE_TYPE=9;function jc(a){this.lookupNamespaceURI=fc(a)}\nfunction kc(a,b){a=a||k;var c=a.Document&&a.Document.prototype||a.document;if(!c.evaluate||b)a.XPathResult=U,c.evaluate=function(d,e,f,g){return(new ic(d,f)).evaluate(e,g)},c.createExpression=function(d,e){return new ic(d,e)},c.createNSResolver=function(d){return new jc(d)}}ba(\"wgxpath.install\",kc);ba(\"wgxpath.install\",kc);var lc={aliceblue:\"#f0f8ff\",antiquewhite:\"#faebd7\",aqua:\"#00ffff\",aquamarine:\"#7fffd4\",azure:\"#f0ffff\",beige:\"#f5f5dc\",bisque:\"#ffe4c4\",black:\"#000000\",blanchedalmond:\"#ffebcd\",blue:\"#0000ff\",blueviolet:\"#8a2be2\",brown:\"#a52a2a\",burlywood:\"#deb887\",cadetblue:\"#5f9ea0\",chartreuse:\"#7fff00\",chocolate:\"#d2691e\",coral:\"#ff7f50\",cornflowerblue:\"#6495ed\",cornsilk:\"#fff8dc\",crimson:\"#dc143c\",cyan:\"#00ffff\",darkblue:\"#00008b\",darkcyan:\"#008b8b\",darkgoldenrod:\"#b8860b\",darkgray:\"#a9a9a9\",darkgreen:\"#006400\",\ndarkgrey:\"#a9a9a9\",darkkhaki:\"#bdb76b\",darkmagenta:\"#8b008b\",darkolivegreen:\"#556b2f\",darkorange:\"#ff8c00\",darkorchid:\"#9932cc\",darkred:\"#8b0000\",darksalmon:\"#e9967a\",darkseagreen:\"#8fbc8f\",darkslateblue:\"#483d8b\",darkslategray:\"#2f4f4f\",darkslategrey:\"#2f4f4f\",darkturquoise:\"#00ced1\",darkviolet:\"#9400d3\",deeppink:\"#ff1493\",deepskyblue:\"#00bfff\",dimgray:\"#696969\",dimgrey:\"#696969\",dodgerblue:\"#1e90ff\",firebrick:\"#b22222\",floralwhite:\"#fffaf0\",forestgreen:\"#228b22\",fuchsia:\"#ff00ff\",gainsboro:\"#dcdcdc\",\nghostwhite:\"#f8f8ff\",gold:\"#ffd700\",goldenrod:\"#daa520\",gray:\"#808080\",green:\"#008000\",greenyellow:\"#adff2f\",grey:\"#808080\",honeydew:\"#f0fff0\",hotpink:\"#ff69b4\",indianred:\"#cd5c5c\",indigo:\"#4b0082\",ivory:\"#fffff0\",khaki:\"#f0e68c\",lavender:\"#e6e6fa\",lavenderblush:\"#fff0f5\",lawngreen:\"#7cfc00\",lemonchiffon:\"#fffacd\",lightblue:\"#add8e6\",lightcoral:\"#f08080\",lightcyan:\"#e0ffff\",lightgoldenrodyellow:\"#fafad2\",lightgray:\"#d3d3d3\",lightgreen:\"#90ee90\",lightgrey:\"#d3d3d3\",lightpink:\"#ffb6c1\",lightsalmon:\"#ffa07a\",\nlightseagreen:\"#20b2aa\",lightskyblue:\"#87cefa\",lightslategray:\"#778899\",lightslategrey:\"#778899\",lightsteelblue:\"#b0c4de\",lightyellow:\"#ffffe0\",lime:\"#00ff00\",limegreen:\"#32cd32\",linen:\"#faf0e6\",magenta:\"#ff00ff\",maroon:\"#800000\",mediumaquamarine:\"#66cdaa\",mediumblue:\"#0000cd\",mediumorchid:\"#ba55d3\",mediumpurple:\"#9370db\",mediumseagreen:\"#3cb371\",mediumslateblue:\"#7b68ee\",mediumspringgreen:\"#00fa9a\",mediumturquoise:\"#48d1cc\",mediumvioletred:\"#c71585\",midnightblue:\"#191970\",mintcream:\"#f5fffa\",mistyrose:\"#ffe4e1\",\nmoccasin:\"#ffe4b5\",navajowhite:\"#ffdead\",navy:\"#000080\",oldlace:\"#fdf5e6\",olive:\"#808000\",olivedrab:\"#6b8e23\",orange:\"#ffa500\",orangered:\"#ff4500\",orchid:\"#da70d6\",palegoldenrod:\"#eee8aa\",palegreen:\"#98fb98\",paleturquoise:\"#afeeee\",palevioletred:\"#db7093\",papayawhip:\"#ffefd5\",peachpuff:\"#ffdab9\",peru:\"#cd853f\",pink:\"#ffc0cb\",plum:\"#dda0dd\",powderblue:\"#b0e0e6\",purple:\"#800080\",red:\"#ff0000\",rosybrown:\"#bc8f8f\",royalblue:\"#4169e1\",saddlebrown:\"#8b4513\",salmon:\"#fa8072\",sandybrown:\"#f4a460\",seagreen:\"#2e8b57\",\nseashell:\"#fff5ee\",sienna:\"#a0522d\",silver:\"#c0c0c0\",skyblue:\"#87ceeb\",slateblue:\"#6a5acd\",slategray:\"#708090\",slategrey:\"#708090\",snow:\"#fffafa\",springgreen:\"#00ff7f\",steelblue:\"#4682b4\",tan:\"#d2b48c\",teal:\"#008080\",thistle:\"#d8bfd8\",tomato:\"#ff6347\",turquoise:\"#40e0d0\",violet:\"#ee82ee\",wheat:\"#f5deb3\",white:\"#ffffff\",whitesmoke:\"#f5f5f5\",yellow:\"#ffff00\",yellowgreen:\"#9acd32\"};var mc=\"backgroundColor borderTopColor borderRightColor borderBottomColor borderLeftColor color outlineColor\".split(\" \"),nc=/#([0-9a-fA-F])([0-9a-fA-F])([0-9a-fA-F])/,oc=/^#(?:[0-9a-f]{3}){1,2}$/i,pc=/^(?:rgba)?\\((\\d{1,3}),\\s?(\\d{1,3}),\\s?(\\d{1,3}),\\s?(0|1|0\\.\\d*)\\)$/i,qc=/^(?:rgb)?\\((0|[1-9]\\d{0,2}),\\s?(0|[1-9]\\d{0,2}),\\s?(0|[1-9]\\d{0,2})\\)$/i;function rc(a,b){this.code=a;this.a=V[a]||sc;this.message=b||\"\";a=this.a.replace(/((?:^|\\s+)[a-z])/g,function(c){return c.toUpperCase().replace(/^[\\s\\xa0]+/g,\"\")});b=a.length-5;if(0>b||a.indexOf(\"Error\",b)!=b)a+=\"Error\";this.name=a;a=Error(this.message);a.name=this.name;this.stack=a.stack||\"\"}l(rc,Error);var sc=\"unknown error\",V={15:\"element not selectable\",11:\"element not visible\"};V[31]=sc;V[30]=sc;V[24]=\"invalid cookie domain\";V[29]=\"invalid element coordinates\";V[12]=\"invalid element state\";\nV[32]=\"invalid selector\";V[51]=\"invalid selector\";V[52]=\"invalid selector\";V[17]=\"javascript error\";V[405]=\"unsupported operation\";V[34]=\"move target out of bounds\";V[27]=\"no such alert\";V[7]=\"no such element\";V[8]=\"no such frame\";V[23]=\"no such window\";V[28]=\"script timeout\";V[33]=\"session not created\";V[10]=\"stale element reference\";V[21]=\"timeout\";V[25]=\"unable to set cookie\";V[26]=\"unexpected alert open\";V[13]=sc;V[9]=\"unknown command\";var tc=va(),uc=ya()||u(\"iPod\"),vc=u(\"iPad\"),wc=u(\"Android\")&&!(wa()||va()||u(\"Opera\")||u(\"Silk\")),xc=wa(),yc=u(\"Safari\")&&!(wa()||u(\"Coast\")||u(\"Opera\")||u(\"Edge\")||u(\"Edg/\")||u(\"OPR\")||va()||u(\"Silk\")||u(\"Android\"))&&!(ya()||u(\"iPad\")||u(\"iPod\"));function zc(a){return(a=a.exec(t))?a[1]:\"\"}(function(){if(tc)return zc(/Firefox\\/([0-9.]+)/);if(v||Ca||Ba)return Ga;if(xc)return ya()||u(\"iPad\")||u(\"iPod\")?zc(/CriOS\\/([0-9.]+)/):zc(/Chrome\\/([0-9.]+)/);if(yc&&!(ya()||u(\"iPad\")||u(\"iPod\")))return zc(/Version\\/([0-9.]+)/);if(uc||vc){var a=/Version\\/(\\S+).*Mobile\\/(\\S+)/.exec(t);if(a)return a[1]+\".\"+a[2]}else if(wc)return(a=zc(/Android\\s+([0-9.]+)/))?a:zc(/Version\\/([0-9.]+)/);return\"\"})();var Ac,Bc=function(){if(!Da)return!1;var a=k.Components;if(!a)return!1;try{if(!a.classes)return!1}catch(e){return!1}var b=a.classes;a=a.interfaces;var c=b[\"@mozilla.org/xpcom/version-comparator;1\"].getService(a.nsIVersionComparator),d=b[\"@mozilla.org/xre/app-info;1\"].getService(a.nsIXULAppInfo).version;Ac=function(e){c.compare(d,\"\"+e)};return!0}(),Cc=v&&!(9\u003C=Number(La));wc&&Bc&&Ac(2.3);wc&&Bc&&Ac(4);yc&&Bc&&Ac(6);function W(a,b){b&&\"string\"!==typeof b&&(b=b.toString());return!!a&&1==a.nodeType&&(!b||a.tagName.toUpperCase()==b)};var Dc=function(){var a={K:\"http://www.w3.org/2000/svg\"};return function(b){return a[b]||null}}();\nfunction Ec(a,b){var c=A(a);if(!c.documentElement)return null;(v||wc)&&kc(c?c.parentWindow||c.defaultView:window);try{var d=c.createNSResolver?c.createNSResolver(c.documentElement):Dc;if(v&&!Ka(7))return c.evaluate.call(c,b,a,d,9,null);if(!v||9\u003C=Number(La)){for(var e={},f=c.getElementsByTagName(\"*\"),g=0;g\u003Cf.length;++g){var h=f[g],m=h.namespaceURI;if(m&&!e[m]){var w=h.lookupPrefix(m);if(!w){var r=m.match(\".*/(\\\\w+)/?$\");w=r?r[1]:\"xhtml\"}e[m]=w}}var D={},L;for(L in e)D[e[L]]=L;d=function(M){return D[M]||\nnull}}try{return c.evaluate(b,a,d,9,null)}catch(M){if(\"TypeError\"===M.name)return d=c.createNSResolver?c.createNSResolver(c.documentElement):Dc,c.evaluate(b,a,d,9,null);throw M;}}catch(M){if(!Da||\"NS_ERROR_ILLEGAL_VALUE\"!=M.name)throw new rc(32,\"Unable to locate an element with the xpath expression \"+b+\" because of the following error:\\n\"+M);}}\nfunction Fc(a,b){var c=function(){var d=Ec(b,a);return d?d.singleNodeValue||null:b.selectSingleNode?(d=A(b),d.setProperty&&d.setProperty(\"SelectionLanguage\",\"XPath\"),b.selectSingleNode(a)):null}();if(null!==c&&(!c||1!=c.nodeType))throw new rc(32,'The result of the xpath expression \"'+a+'\" is: '+c+\". It should be an element.\");return c};function Gc(a,b,c,d){this.c=a;this.a=b;this.b=c;this.f=d}Gc.prototype.ceil=function(){this.c=Math.ceil(this.c);this.a=Math.ceil(this.a);this.b=Math.ceil(this.b);this.f=Math.ceil(this.f);return this};Gc.prototype.floor=function(){this.c=Math.floor(this.c);this.a=Math.floor(this.a);this.b=Math.floor(this.b);this.f=Math.floor(this.f);return this};Gc.prototype.round=function(){this.c=Math.round(this.c);this.a=Math.round(this.a);this.b=Math.round(this.b);this.f=Math.round(this.f);return this};function X(a,b,c,d){this.a=a;this.b=b;this.width=c;this.height=d}X.prototype.ceil=function(){this.a=Math.ceil(this.a);this.b=Math.ceil(this.b);this.width=Math.ceil(this.width);this.height=Math.ceil(this.height);return this};X.prototype.floor=function(){this.a=Math.floor(this.a);this.b=Math.floor(this.b);this.width=Math.floor(this.width);this.height=Math.floor(this.height);return this};\nX.prototype.round=function(){this.a=Math.round(this.a);this.b=Math.round(this.b);this.width=Math.round(this.width);this.height=Math.round(this.height);return this};var Hc=\"function\"===typeof ShadowRoot;function Ic(a){for(a=a.parentNode;a&&1!=a.nodeType&&9!=a.nodeType&&11!=a.nodeType;)a=a.parentNode;return W(a)?a:null}\nfunction Y(a,b){b=xa(b);if(\"float\"==b||\"cssFloat\"==b||\"styleFloat\"==b)b=Cc?\"styleFloat\":\"cssFloat\";a:{var c=b;var d=A(a);if(d.defaultView&&d.defaultView.getComputedStyle&&(d=d.defaultView.getComputedStyle(a,null))){c=d[c]||d.getPropertyValue(c)||\"\";break a}c=\"\"}a=c||Jc(a,b);if(null===a)a=null;else if(0\u003C=ja(mc,b)){b:{var e=a.match(pc);if(e&&(b=Number(e[1]),c=Number(e[2]),d=Number(e[3]),e=Number(e[4]),0\u003C=b&&255>=b&&0\u003C=c&&255>=c&&0\u003C=d&&255>=d&&0\u003C=e&&1>=e)){b=[b,c,d,e];break b}b=null}if(!b)b:{if(d=a.match(qc))if(b=\nNumber(d[1]),c=Number(d[2]),d=Number(d[3]),0\u003C=b&&255>=b&&0\u003C=c&&255>=c&&0\u003C=d&&255>=d){b=[b,c,d,1];break b}b=null}if(!b)b:{b=a.toLowerCase();c=lc[b.toLowerCase()];if(!c&&(c=\"#\"==b.charAt(0)?b:\"#\"+b,4==c.length&&(c=c.replace(nc,\"#$1$1$2$2$3$3\")),!oc.test(c))){b=null;break b}b=[parseInt(c.substr(1,2),16),parseInt(c.substr(3,2),16),parseInt(c.substr(5,2),16),1]}a=b?\"rgba(\"+b.join(\", \")+\")\":a}return a}\nfunction Jc(a,b){var c=a.currentStyle||a.style,d=c[b];void 0===d&&\"function\"==ca(c.getPropertyValue)&&(d=c.getPropertyValue(b));return\"inherit\"!=d?void 0!==d?d:null:(a=Ic(a))?Jc(a,b):null}\nfunction Kc(a,b,c){function d(g){var h=Lc(g);return 0\u003Ch.height&&0\u003Ch.width?!0:W(g,\"PATH\")&&(0\u003Ch.height||0\u003Ch.width)?(g=Y(g,\"stroke-width\"),!!g&&0\u003CparseInt(g,10)):\"hidden\"!=Y(g,\"overflow\")&&ma(g.childNodes,function(m){return 3==m.nodeType||W(m)&&d(m)})}function e(g){return Mc(g)==Z&&na(g.childNodes,function(h){return!W(h)||e(h)||!d(h)})}if(!W(a))throw Error(\"Argument to isShown must be of type Element\");if(W(a,\"BODY\"))return!0;if(W(a,\"OPTION\")||W(a,\"OPTGROUP\"))return a=$a(a,function(g){return W(g,\"SELECT\")}),\n!!a&&Kc(a,!0,c);var f=Nc(a);if(f)return!!f.image&&0\u003Cf.rect.width&&0\u003Cf.rect.height&&Kc(f.image,b,c);if(W(a,\"INPUT\")&&\"hidden\"==a.type.toLowerCase()||W(a,\"NOSCRIPT\"))return!1;f=Y(a,\"visibility\");return\"collapse\"!=f&&\"hidden\"!=f&&c(a)&&(b||0!=Oc(a))&&d(a)?!e(a):!1}var Z=\"hidden\";\nfunction Mc(a){function b(p){function q(jb){if(jb==g)return!0;var Zb=Y(jb,\"display\");return 0==Zb.lastIndexOf(\"inline\",0)||\"contents\"==Zb||\"absolute\"==$b&&\"static\"==Y(jb,\"position\")?!1:!0}var $b=Y(p,\"position\");if(\"fixed\"==$b)return w=!0,p==g?null:g;for(p=Ic(p);p&&!q(p);)p=Ic(p);return p}function c(p){var q=p;if(\"visible\"==m)if(p==g&&h)q=h;else if(p==h)return{x:\"visible\",y:\"visible\"};q={x:Y(q,\"overflow-x\"),y:Y(q,\"overflow-y\")};p==g&&(q.x=\"visible\"==q.x?\"auto\":q.x,q.y=\"visible\"==q.y?\"auto\":q.y);return q}\nfunction d(p){if(p==g){var q=(new ab(f)).a;p=q.scrollingElement?q.scrollingElement:Ea||\"CSS1Compat\"!=q.compatMode?q.body||q.documentElement:q.documentElement;q=q.parentWindow||q.defaultView;p=v&&Ka(\"10\")&&q.pageYOffset!=p.scrollTop?new Ua(p.scrollLeft,p.scrollTop):new Ua(q.pageXOffset||p.scrollLeft,q.pageYOffset||p.scrollTop)}else p=new Ua(p.scrollLeft,p.scrollTop);return p}var e=Pc(a),f=A(a),g=f.documentElement,h=f.body,m=Y(g,\"overflow\"),w;for(a=b(a);a;a=b(a)){var r=c(a);if(\"visible\"!=r.x||\"visible\"!=\nr.y){var D=Lc(a);if(0==D.width||0==D.height)return Z;var L=e.a\u003CD.a,M=e.b\u003CD.b;if(L&&\"hidden\"==r.x||M&&\"hidden\"==r.y)return Z;if(L&&\"visible\"!=r.x||M&&\"visible\"!=r.y){L=d(a);M=e.b\u003CD.b-L.y;if(e.a\u003CD.a-L.x&&\"visible\"!=r.x||M&&\"visible\"!=r.x)return Z;e=Mc(a);return e==Z?Z:\"scroll\"}L=e.f>=D.a+D.width;D=e.c>=D.b+D.height;if(L&&\"hidden\"==r.x||D&&\"hidden\"==r.y)return Z;if(L&&\"visible\"!=r.x||D&&\"visible\"!=r.y){if(w&&(r=d(a),e.f>=g.scrollWidth-r.x||e.a>=g.scrollHeight-r.y))return Z;e=Mc(a);return e==Z?Z:\"scroll\"}}}return\"none\"}\nfunction Lc(a){var b=Nc(a);if(b)return b.rect;if(W(a,\"HTML\"))return a=A(a),a=((a?a.parentWindow||a.defaultView:window)||window).document,a=\"CSS1Compat\"==a.compatMode?a.documentElement:a.body,a=new Va(a.clientWidth,a.clientHeight),new X(0,0,a.width,a.height);try{var c=a.getBoundingClientRect()}catch(d){return new X(0,0,0,0)}b=new X(c.left,c.top,c.right-c.left,c.bottom-c.top);v&&a.ownerDocument.body&&(a=A(a),b.a-=a.documentElement.clientLeft+a.body.clientLeft,b.b-=a.documentElement.clientTop+a.body.clientTop);\nreturn b}function Nc(a){var b=W(a,\"MAP\");if(!b&&!W(a,\"AREA\"))return null;var c=b?a:W(a.parentNode,\"MAP\")?a.parentNode:null,d=null,e=null;c&&c.name&&(d=Fc('/descendant::*[@usemap = \"#'+c.name+'\"]',A(c)))&&(e=Lc(d),b||\"default\"==a.shape.toLowerCase()||(a=Qc(a),b=Math.min(Math.max(a.a,0),e.width),c=Math.min(Math.max(a.b,0),e.height),e=new X(b+e.a,c+e.b,Math.min(a.width,e.width-b),Math.min(a.height,e.height-c))));return{image:d,rect:e||new X(0,0,0,0)}}\nfunction Qc(a){var b=a.shape.toLowerCase();a=a.coords.split(\",\");if(\"rect\"==b&&4==a.length){b=a[0];var c=a[1];return new X(b,c,a[2]-b,a[3]-c)}if(\"circle\"==b&&3==a.length)return b=a[2],new X(a[0]-b,a[1]-b,2*b,2*b);if(\"poly\"==b&&2\u003Ca.length){b=a[0];c=a[1];for(var d=b,e=c,f=2;f+1\u003Ca.length;f+=2)b=Math.min(b,a[f]),d=Math.max(d,a[f]),c=Math.min(c,a[f+1]),e=Math.max(e,a[f+1]);return new X(b,c,d-b,e-c)}return new X(0,0,0,0)}function Pc(a){a=Lc(a);return new Gc(a.b,a.a+a.width,a.b+a.height,a.a)}\nfunction Oc(a){if(Cc){if(\"relative\"==Y(a,\"position\"))return 1;a=Y(a,\"filter\");return(a=a.match(/^alpha\\(opacity=(\\d*)\\)/)||a.match(/^progid:DXImageTransform.Microsoft.Alpha\\(Opacity=(\\d*)\\)/))?Number(a[1])/100:1}return Rc(a)}function Rc(a){var b=1,c=Y(a,\"opacity\");c&&(b=Number(c));(a=Ic(a))&&(b*=Rc(a));return b};ba(\"_\",function(a,b){function c(d){if(W(d)&&\"none\"==Y(d,\"display\"))return!1;var e;if((e=d.parentNode)&&e.shadowRoot&&void 0!==d.assignedSlot)e=d.assignedSlot?d.assignedSlot.parentNode:null;else if(d.getDestinationInsertionPoints){var f=d.getDestinationInsertionPoints();0\u003Cf.length&&(e=f[f.length-1])}if(Hc&&e instanceof ShadowRoot){if(e.host.shadowRoot!==e)return!1;e=e.host}return!e||9!=e.nodeType&&11!=e.nodeType?e&&W(e,\"DETAILS\")&&!e.open&&!W(d,\"SUMMARY\")?!1:!!e&&c(e):!0}return Kc(a,!!b,c)});; return this._.apply(null,arguments);}).apply({navigator:typeof window!='undefined'?window.navigator:null,document:typeof window!='undefined'?window.document:null}, arguments);}\n).apply(null, arguments);"
}
[1643918684.004][DEBUG]: DevTools WebSocket Event: DOM.childNodeCountUpdated 9C078928568725D01EE14579089CEF80 {
   "childNodeCount": 30,
   "nodeId": 40
}
[1643918684.004][DEBUG]: DevTools WebSocket Event: Page.frameAttached 9C078928568725D01EE14579089CEF80 {
   "frameId": "67EDC652453B84473AD5A5D13E4752AA",
   "parentFrameId": "9C078928568725D01EE14579089CEF80",
   "stack": {
      "callFrames": [ {
         "columnNumber": 245,
         "functionName": "",
         "lineNumber": 31,
         "scriptId": "213",
         "url": "https://tpc.googlesyndication.com/sodar/sodar2.js"
      }, {
         "columnNumber": 37,
         "functionName": "va",
         "lineNumber": 31,
         "scriptId": "213",
         "url": "https://tpc.googlesyndication.com/sodar/sodar2.js"
      }, {
         "columnNumber": 149,
         "functionName": "",
         "lineNumber": 41,
         "scriptId": "213",
         "url": "https://tpc.googlesyndication.com/sodar/sodar2.js"
      }, {
         "columnNumber": 293,
         "functionName": "G",
         "lineNumber": 14,
         "scriptId": "213",
         "url": "https://tpc.googlesyndication.com/sodar/sodar2.js"
      }, {
         "columnNumber": 88,
         "functionName": "next",
         "lineNumber": 15,
         "scriptId": "213",
         "url": "https://tpc.googlesyndication.com/sodar/sodar2.js"
      }, {
         "columnNumber": 487,
         "functionName": "",
         "lineNumber": 15,
         "scriptId": "213",
         "url": "https://tpc.googlesyndication.com/sodar/sodar2.js"
      }, {
         "columnNumber": 376,
         "functionName": "ma",
         "lineNumber": 15,
         "scriptId": "213",
         "url": "https://tpc.googlesyndication.com/sodar/sodar2.js"
      }, {
         "columnNumber": 21,
         "functionName": "H",
         "lineNumber": 16,
         "scriptId": "213",
         "url": "https://tpc.googlesyndication.com/sodar/sodar2.js"
      }, {
         "columnNumber": 32,
         "functionName": "Ta",
         "lineNumber": 41,
         "scriptId": "213",
         "url": "https://tpc.googlesyndication.com/sodar/sodar2.js"
      }, {
         "columnNumber": 72,
         "functionName": "",
         "lineNumber": 37,
         "scriptId": "213",
         "url": "https://tpc.googlesyndication.com/sodar/sodar2.js"
      }, {
         "columnNumber": 293,
         "functionName": "G",
         "lineNumber": 14,
         "scriptId": "213",
         "url": "https://tpc.googlesyndication.com/sodar/sodar2.js"
      }, {
         "columnNumber": 88,
         "functionName": "next",
         "lineNumber": 15,
         "scriptId": "213",
         "url": "https://tpc.googlesyndication.com/sodar/sodar2.js"
      }, {
         "columnNumber": 487,
         "functionName": "",
         "lineNumber": 15,
         "scriptId": "213",
         "url": "https://tpc.googlesyndication.com/sodar/sodar2.js"
      }, {
         "columnNumber": 376,
         "functionName": "ma",
         "lineNumber": 15,
         "scriptId": "213",
         "url": "https://tpc.googlesyndication.com/sodar/sodar2.js"
      }, {
         "columnNumber": 21,
         "functionName": "H",
         "lineNumber": 16,
         "scriptId": "213",
         "url": "https://tpc.googlesyndication.com/sodar/sodar2.js"
      }, {
         "columnNumber": 28,
         "functionName": "Sa",
         "lineNumber": 37,
         "scriptId": "213",
         "url": "https://tpc.googlesyndication.com/sodar/sodar2.js"
      }, {
         "columnNumber": 396,
         "functionName": "",
         "lineNumber": 39,
         "scriptId": "213",
         "url": "https://tpc.googlesyndication.com/sodar/sodar2.js"
      }, {
         "columnNumber": 293,
         "functionName": "G",
         "lineNumber": 14,
         "scriptId": "213",
         "url": "https://tpc.googlesyndication.com/sodar/sodar2.js"
      }, {
         "columnNumber": 88,
         "functionName": "next",
         "lineNumber": 15,
         "scriptId": "213",
         "url": "https://tpc.googlesyndication.com/sodar/sodar2.js"
      }, "..." ]
   }
}
[1643918684.005][DEBUG]: DevTools WebSocket Event: Page.frameStartedLoading 9C078928568725D01EE14579089CEF80 {
   "frameId": "67EDC652453B84473AD5A5D13E4752AA"
}
[1643918684.005][DEBUG]: DevTools WebSocket Event: Target.attachedToTarget 9C078928568725D01EE14579089CEF80 {
   "sessionId": "F85C28AB59D3196A2465BB88CA42AE7A",
   "targetInfo": {
      "attached": true,
      "browserContextId": "C1BA552A7CCC61B93D47D283FD934518",
      "canAccessOpener": false,
      "targetId": "67EDC652453B84473AD5A5D13E4752AA",
      "title": "",
      "type": "iframe",
      "url": ""
   },
   "waitingForDebugger": false
}
[1643918684.005][DEBUG]: DevTools WebSocket Command: Page.addScriptToEvaluateOnNewDocument (id=1) F85C28AB59D3196A2465BB88CA42AE7A {
   "source": "(function () {window.cdc_adoQpoasnfa76pfcZLmcfl_Array = window.Array;window.cdc_adoQpoasnfa76pfcZLmcfl_Promise = window.Promise;window.cdc_adoQpoasnfa76pfcZLmcfl_Symbol = window.Symbol;}) ();"
}
[1643918684.005][DEBUG]: DevTools WebSocket Command: Runtime.evaluate (id=2) F85C28AB59D3196A2465BB88CA42AE7A {
   "expression": "(function () {window.cdc_adoQpoasnfa76pfcZLmcfl_Array = window.Array;window.cdc_adoQpoasnfa76pfcZLmcfl_Promise = window.Promise;window.cdc_adoQpoasnfa76pfcZLmcfl_Symbol = window.Symbol;}) ();"
}
[1643918684.005][DEBUG]: DevTools WebSocket Command: DOM.getDocument (id=3) F85C28AB59D3196A2465BB88CA42AE7A {

}
[1643918684.006][DEBUG]: DevTools WebSocket Command: Target.setAutoAttach (id=4) F85C28AB59D3196A2465BB88CA42AE7A {
   "autoAttach": true,
   "flatten": true,
   "waitForDebuggerOnStart": false
}
[1643918684.006][DEBUG]: DevTools WebSocket Command: Page.enable (id=5) F85C28AB59D3196A2465BB88CA42AE7A {

}
[1643918684.006][DEBUG]: DevTools WebSocket Command: Page.enable (id=84) 9C078928568725D01EE14579089CEF80 {

}
[1643918684.006][DEBUG]: DevTools WebSocket Event: DOM.childNodeCountUpdated 9C078928568725D01EE14579089CEF80 {
   "childNodeCount": 31,
   "nodeId": 40
}
[1643918684.007][DEBUG]: DevTools WebSocket Event: Page.frameAttached 9C078928568725D01EE14579089CEF80 {
   "frameId": "422ADF06D6A4A20EB7C25F7E10E237A1",
   "parentFrameId": "9C078928568725D01EE14579089CEF80",
   "stack": {
      "callFrames": [ {
         "columnNumber": 245,
         "functionName": "",
         "lineNumber": 31,
         "scriptId": "213",
         "url": "https://tpc.googlesyndication.com/sodar/sodar2.js"
      }, {
         "columnNumber": 37,
         "functionName": "va",
         "lineNumber": 31,
         "scriptId": "213",
         "url": "https://tpc.googlesyndication.com/sodar/sodar2.js"
      }, {
         "columnNumber": 202,
         "functionName": "",
         "lineNumber": 39,
         "scriptId": "213",
         "url": "https://tpc.googlesyndication.com/sodar/sodar2.js"
      }, {
         "columnNumber": 293,
         "functionName": "G",
         "lineNumber": 14,
         "scriptId": "213",
         "url": "https://tpc.googlesyndication.com/sodar/sodar2.js"
      }, {
         "columnNumber": 88,
         "functionName": "next",
         "lineNumber": 15,
         "scriptId": "213",
         "url": "https://tpc.googlesyndication.com/sodar/sodar2.js"
      }, {
         "columnNumber": 487,
         "functionName": "",
         "lineNumber": 15,
         "scriptId": "213",
         "url": "https://tpc.googlesyndication.com/sodar/sodar2.js"
      }, {
         "columnNumber": 376,
         "functionName": "ma",
         "lineNumber": 15,
         "scriptId": "213",
         "url": "https://tpc.googlesyndication.com/sodar/sodar2.js"
      }, {
         "columnNumber": 21,
         "functionName": "H",
         "lineNumber": 16,
         "scriptId": "213",
         "url": "https://tpc.googlesyndication.com/sodar/sodar2.js"
      }, {
         "columnNumber": 36,
         "functionName": "Va",
         "lineNumber": 39,
         "scriptId": "213",
         "url": "https://tpc.googlesyndication.com/sodar/sodar2.js"
      }, {
         "columnNumber": 402,
         "functionName": "",
         "lineNumber": 39,
         "scriptId": "213",
         "url": "https://tpc.googlesyndication.com/sodar/sodar2.js"
      }, {
         "columnNumber": 293,
         "functionName": "G",
         "lineNumber": 14,
         "scriptId": "213",
         "url": "https://tpc.googlesyndication.com/sodar/sodar2.js"
      }, {
         "columnNumber": 88,
         "functionName": "next",
         "lineNumber": 15,
         "scriptId": "213",
         "url": "https://tpc.googlesyndication.com/sodar/sodar2.js"
      }, {
         "columnNumber": 487,
         "functionName": "",
         "lineNumber": 15,
         "scriptId": "213",
         "url": "https://tpc.googlesyndication.com/sodar/sodar2.js"
      }, {
         "columnNumber": 376,
         "functionName": "ma",
         "lineNumber": 15,
         "scriptId": "213",
         "url": "https://tpc.googlesyndication.com/sodar/sodar2.js"
      }, {
         "columnNumber": 21,
         "functionName": "H",
         "lineNumber": 16,
         "scriptId": "213",
         "url": "https://tpc.googlesyndication.com/sodar/sodar2.js"
      }, {
         "columnNumber": 329,
         "functionName": "Wa",
         "lineNumber": 39,
         "scriptId": "213",
         "url": "https://tpc.googlesyndication.com/sodar/sodar2.js"
      }, {
         "columnNumber": 528,
         "functionName": "",
         "lineNumber": 42,
         "scriptId": "213",
         "url": "https://tpc.googlesyndication.com/sodar/sodar2.js"
      }, {
         "columnNumber": 293,
         "functionName": "G",
         "lineNumber": 14,
         "scriptId": "213",
         "url": "https://tpc.googlesyndication.com/sodar/sodar2.js"
      }, {
         "columnNumber": 88,
         "functionName": "next",
         "lineNumber": 15,
         "scriptId": "213",
         "url": "https://tpc.googlesyndication.com/sodar/sodar2.js"
      }, "..." ]
   }
}
[1643918684.007][DEBUG]: DevTools WebSocket Event: Page.frameStartedLoading 9C078928568725D01EE14579089CEF80 {
   "frameId": "422ADF06D6A4A20EB7C25F7E10E237A1"
}
[1643918684.007][DEBUG]: DevTools WebSocket Event: Target.attachedToTarget 9C078928568725D01EE14579089CEF80 {
   "sessionId": "2731CB0CF5B5C9AC89353D603B04AC45",
   "targetInfo": {
      "attached": true,
      "browserContextId": "C1BA552A7CCC61B93D47D283FD934518",
      "canAccessOpener": false,
      "targetId": "422ADF06D6A4A20EB7C25F7E10E237A1",
      "title": "",
      "type": "iframe",
      "url": ""
   },
   "waitingForDebugger": false
}
[1643918684.007][DEBUG]: DevTools WebSocket Command: Page.addScriptToEvaluateOnNewDocument (id=1) 2731CB0CF5B5C9AC89353D603B04AC45 {
   "source": "(function () {window.cdc_adoQpoasnfa76pfcZLmcfl_Array = window.Array;window.cdc_adoQpoasnfa76pfcZLmcfl_Promise = window.Promise;window.cdc_adoQpoasnfa76pfcZLmcfl_Symbol = window.Symbol;}) ();"
}
[1643918684.007][DEBUG]: DevTools WebSocket Command: Runtime.evaluate (id=2) 2731CB0CF5B5C9AC89353D603B04AC45 {
   "expression": "(function () {window.cdc_adoQpoasnfa76pfcZLmcfl_Array = window.Array;window.cdc_adoQpoasnfa76pfcZLmcfl_Promise = window.Promise;window.cdc_adoQpoasnfa76pfcZLmcfl_Symbol = window.Symbol;}) ();"
}
[1643918684.007][DEBUG]: DevTools WebSocket Command: DOM.getDocument (id=3) 2731CB0CF5B5C9AC89353D603B04AC45 {

}
[1643918684.007][DEBUG]: DevTools WebSocket Command: Target.setAutoAttach (id=4) 2731CB0CF5B5C9AC89353D603B04AC45 {
   "autoAttach": true,
   "flatten": true,
   "waitForDebuggerOnStart": false
}
[1643918684.007][DEBUG]: DevTools WebSocket Command: Page.enable (id=5) 2731CB0CF5B5C9AC89353D603B04AC45 {

}
[1643918684.008][DEBUG]: DevTools WebSocket Command: Page.enable (id=85) 9C078928568725D01EE14579089CEF80 {

}
[1643918684.008][DEBUG]: DevTools WebSocket Event: DOM.childNodeCountUpdated 9C078928568725D01EE14579089CEF80 {
   "childNodeCount": 30,
   "nodeId": 40
}
[1643918684.008][DEBUG]: DevTools WebSocket Event: Page.frameStoppedLoading 9C078928568725D01EE14579089CEF80 {
   "frameId": "67EDC652453B84473AD5A5D13E4752AA"
}
[1643918684.008][DEBUG]: DevTools WebSocket Event: Page.frameDetached 9C078928568725D01EE14579089CEF80 {
   "frameId": "67EDC652453B84473AD5A5D13E4752AA",
   "reason": "swap"
}
[1643918684.008][DEBUG]: DevTools WebSocket Event: Page.frameStoppedLoading 9C078928568725D01EE14579089CEF80 {
   "frameId": "422ADF06D6A4A20EB7C25F7E10E237A1"
}
[1643918684.008][DEBUG]: DevTools WebSocket Event: Page.frameDetached 9C078928568725D01EE14579089CEF80 {
   "frameId": "422ADF06D6A4A20EB7C25F7E10E237A1",
   "reason": "swap"
}
[1643918684.009][DEBUG]: DevTools WebSocket Response: Page.addScriptToEvaluateOnNewDocument (id=1) 2731CB0CF5B5C9AC89353D603B04AC45 {
   "identifier": "1"
}
[1643918684.009][DEBUG]: DevTools WebSocket Response: Runtime.evaluate (id=2) 2731CB0CF5B5C9AC89353D603B04AC45 {
   "result": {
      "type": "undefined"
   }
}
[1643918684.009][DEBUG]: DevTools WebSocket Response: DOM.getDocument (id=3) 2731CB0CF5B5C9AC89353D603B04AC45 {
   "root": {
      "backendNodeId": 6,
      "baseURL": "https://www.google.com/recaptcha/api2/aframe",
      "childNodeCount": 2,
      "children": [ {
         "backendNodeId": 7,
         "localName": "",
         "nodeId": 2,
         "nodeName": "html",
         "nodeType": 10,
         "nodeValue": "",
         "parentId": 1,
         "publicId": "",
         "systemId": ""
      }, {
         "attributes": [  ],
         "backendNodeId": 8,
         "childNodeCount": 2,
         "children": [ {
            "attributes": [  ],
            "backendNodeId": 9,
            "childNodeCount": 1,
            "localName": "head",
            "nodeId": 4,
            "nodeName": "HEAD",
            "nodeType": 1,
            "nodeValue": "",
            "parentId": 3
         }, {
            "attributes": [  ],
            "backendNodeId": 10,
            "childNodeCount": 2,
            "localName": "body",
            "nodeId": 5,
            "nodeName": "BODY",
            "nodeType": 1,
            "nodeValue": "",
            "parentId": 3
         } ],
         "frameId": "422ADF06D6A4A20EB7C25F7E10E237A1",
         "localName": "html",
         "nodeId": 3,
         "nodeName": "HTML",
         "nodeType": 1,
         "nodeValue": "",
         "parentId": 1
      } ],
      "compatibilityMode": "NoQuirksMode",
      "documentURL": "https://www.google.com/recaptcha/api2/aframe",
      "localName": "",
      "nodeId": 1,
      "nodeName": "#document",
      "nodeType": 9,
      "nodeValue": "",
      "xmlVersion": ""
   }
}
[1643918684.009][DEBUG]: DevTools WebSocket Response: Target.setAutoAttach (id=4) 2731CB0CF5B5C9AC89353D603B04AC45 {

}
[1643918684.009][DEBUG]: DevTools WebSocket Response: Page.enable (id=5) 2731CB0CF5B5C9AC89353D603B04AC45 {

}
[1643918684.065][DEBUG]: DevTools WebSocket Response: Page.enable (id=84) 9C078928568725D01EE14579089CEF80 {

}
[1643918684.065][DEBUG]: DevTools WebSocket Response: Page.enable (id=85) 9C078928568725D01EE14579089CEF80 {

}
[1643918684.065][DEBUG]: DevTools WebSocket Command: Runtime.enable (id=6) 2731CB0CF5B5C9AC89353D603B04AC45 {

}
[1643918684.066][DEBUG]: DevTools WebSocket Event: Runtime.executionContextCreated 2731CB0CF5B5C9AC89353D603B04AC45 {
   "context": {
      "auxData": {
         "frameId": "422ADF06D6A4A20EB7C25F7E10E237A1",
         "isDefault": true,
         "type": "default"
      },
      "id": 2,
      "name": "",
      "origin": "https://www.google.com",
      "uniqueId": "6991008203388592893.3521757844245590961"
   }
}
[1643918684.066][DEBUG]: DevTools WebSocket Response: Runtime.enable (id=6) 2731CB0CF5B5C9AC89353D603B04AC45 {

}
[1643918684.066][DEBUG]: DevTools WebSocket Command: Page.enable (id=7) 2731CB0CF5B5C9AC89353D603B04AC45 {

}
[1643918684.068][DEBUG]: DevTools WebSocket Response: Page.enable (id=7) 2731CB0CF5B5C9AC89353D603B04AC45 {

}
[1643918684.516][DEBUG]: DevTools WebSocket Response: Page.addScriptToEvaluateOnNewDocument (id=1) F85C28AB59D3196A2465BB88CA42AE7A {
   "identifier": "1"
}
[1643918684.519][DEBUG]: DevTools WebSocket Response: Runtime.evaluate (id=2) F85C28AB59D3196A2465BB88CA42AE7A {
   "result": {
      "type": "undefined"
   }
}
[1643918684.521][DEBUG]: DevTools WebSocket Response: DOM.getDocument (id=3) F85C28AB59D3196A2465BB88CA42AE7A {
   "root": {
      "backendNodeId": 23,
      "baseURL": "https://tpc.googlesyndication.com/sodar/sodar2/225/runner.html",
      "childNodeCount": 2,
      "children": [ {
         "backendNodeId": 24,
         "localName": "",
         "nodeId": 2,
         "nodeName": "html",
         "nodeType": 10,
         "nodeValue": "",
         "parentId": 1,
         "publicId": "",
         "systemId": ""
      }, {
         "attributes": [  ],
         "backendNodeId": 25,
         "childNodeCount": 2,
         "children": [ {
            "attributes": [  ],
            "backendNodeId": 26,
            "childNodeCount": 2,
            "localName": "head",
            "nodeId": 4,
            "nodeName": "HEAD",
            "nodeType": 1,
            "nodeValue": "",
            "parentId": 3
         }, {
            "attributes": [  ],
            "backendNodeId": 27,
            "childNodeCount": 0,
            "localName": "body",
            "nodeId": 5,
            "nodeName": "BODY",
            "nodeType": 1,
            "nodeValue": "",
            "parentId": 3
         } ],
         "frameId": "67EDC652453B84473AD5A5D13E4752AA",
         "localName": "html",
         "nodeId": 3,
         "nodeName": "HTML",
         "nodeType": 1,
         "nodeValue": "",
         "parentId": 1
      } ],
      "compatibilityMode": "NoQuirksMode",
      "documentURL": "https://tpc.googlesyndication.com/sodar/sodar2/225/runner.html",
      "localName": "",
      "nodeId": 1,
      "nodeName": "#document",
      "nodeType": 9,
      "nodeValue": "",
      "xmlVersion": ""
   }
}
[1643918684.522][DEBUG]: DevTools WebSocket Response: Target.setAutoAttach (id=4) F85C28AB59D3196A2465BB88CA42AE7A {

}
[1643918684.523][DEBUG]: DevTools WebSocket Response: Page.enable (id=5) F85C28AB59D3196A2465BB88CA42AE7A {

}
[1643918684.523][DEBUG]: DevTools WebSocket Command: Runtime.enable (id=6) F85C28AB59D3196A2465BB88CA42AE7A {

}
[1643918684.545][DEBUG]: DevTools WebSocket Event: Runtime.executionContextCreated F85C28AB59D3196A2465BB88CA42AE7A {
   "context": {
      "auxData": {
         "frameId": "02649441F14280194100C9FF36F2A3A9",
         "isDefault": true,
         "type": "default"
      },
      "id": 8,
      "name": "",
      "origin": "https://tpc.googlesyndication.com",
      "uniqueId": "-3191513814939467521.-8955746259320327574"
   }
}
[1643918684.545][DEBUG]: DevTools WebSocket Event: Runtime.executionContextCreated F85C28AB59D3196A2465BB88CA42AE7A {
   "context": {
      "auxData": {
         "frameId": "67EDC652453B84473AD5A5D13E4752AA",
         "isDefault": true,
         "type": "default"
      },
      "id": 7,
      "name": "",
      "origin": "https://tpc.googlesyndication.com",
      "uniqueId": "-5540526685933744056.4113138370156827276"
   }
}
[1643918684.548][DEBUG]: DevTools WebSocket Response: Runtime.enable (id=6) F85C28AB59D3196A2465BB88CA42AE7A {

}
[1643918684.548][DEBUG]: DevTools WebSocket Command: Page.enable (id=7) F85C28AB59D3196A2465BB88CA42AE7A {

}
[1643918684.554][DEBUG]: DevTools WebSocket Response: Page.enable (id=7) F85C28AB59D3196A2465BB88CA42AE7A {

}
[1643918684.554][INFO]: Waiting for pending navigations...
[1643918684.554][DEBUG]: DevTools WebSocket Command: Runtime.evaluate (id=86) 9C078928568725D01EE14579089CEF80 {
   "expression": "1"
}
[1643918684.555][DEBUG]: DevTools WebSocket Response: Runtime.evaluate (id=86) 9C078928568725D01EE14579089CEF80 {
   "result": {
      "description": "1",
      "type": "number",
      "value": 1
   }
}
[1643918684.555][DEBUG]: DevTools WebSocket Command: DOM.getDocument (id=87) 9C078928568725D01EE14579089CEF80 {

}
[1643918684.557][DEBUG]: DevTools WebSocket Response: DOM.getDocument (id=87) 9C078928568725D01EE14579089CEF80 {
   "root": {
      "backendNodeId": 1,
      "baseURL": "https://www.rambler.ru/",
      "childNodeCount": 3,
      "children": [ {
         "backendNodeId": 2,
         "localName": "",
         "nodeId": 42,
         "nodeName": "html",
         "nodeType": 10,
         "nodeValue": "",
         "parentId": 41,
         "publicId": "",
         "systemId": ""
      }, {
         "backendNodeId": 3,
         "localName": "",
         "nodeId": 43,
         "nodeName": "#comment",
         "nodeType": 8,
         "nodeValue": " Hello, stranger! ¯\\_( ͡° ͜ʖ ͡°)_/¯ ",
         "parentId": 41
      }, {
         "attributes": [ "class", "no-js", "lang", "ru", "prefix", "og: http://ogp.me/ns#" ],
         "backendNodeId": 4,
         "childNodeCount": 2,
         "children": [ {
            "attributes": [  ],
            "backendNodeId": 5,
            "childNodeCount": 137,
            "localName": "head",
            "nodeId": 45,
            "nodeName": "HEAD",
            "nodeType": 1,
            "nodeValue": "",
            "parentId": 44
         }, {
            "attributes": [  ],
            "backendNodeId": 6,
            "childNodeCount": 30,
            "localName": "body",
            "nodeId": 46,
            "nodeName": "BODY",
            "nodeType": 1,
            "nodeValue": "",
            "parentId": 44
         } ],
         "frameId": "9C078928568725D01EE14579089CEF80",
         "localName": "html",
         "nodeId": 44,
         "nodeName": "HTML",
         "nodeType": 1,
         "nodeValue": "",
         "parentId": 41
      } ],
      "compatibilityMode": "NoQuirksMode",
      "documentURL": "https://www.rambler.ru/",
      "localName": "",
      "nodeId": 41,
      "nodeName": "#document",
      "nodeType": 9,
      "nodeValue": "",
      "xmlVersion": ""
   }
}
[1643918684.557][DEBUG]: DevTools WebSocket Command: Runtime.evaluate (id=88) 9C078928568725D01EE14579089CEF80 {
   "awaitPromise": false,
   "expression": "document.readyState",
   "returnByValue": true
}
[1643918684.558][DEBUG]: DevTools WebSocket Response: Runtime.evaluate (id=88) 9C078928568725D01EE14579089CEF80 {
   "result": {
      "type": "string",
      "value": "complete"
   }
}
[1643918684.558][INFO]: Done waiting for pending navigations. Status: ok
[1643918684.562][DEBUG]: DevTools WebSocket Command: Runtime.evaluate (id=89) 9C078928568725D01EE14579089CEF80 {
   "awaitPromise": true,
   "expression": "(function() { // Copyright (c) 2012 The Chromium Authors. All rights reserved.\n// Use of this source code is governed by a BSD-style license that can be\n// found in the LICENSE file.\n\n/**\n * Enum f...",
   "returnByValue": true
}
[1643918684.566][DEBUG]: DevTools WebSocket Event: DOM.childNodeCountUpdated 9C078928568725D01EE14579089CEF80 {
   "childNodeCount": 29,
   "nodeId": 46
}
[1643918684.577][DEBUG]: DevTools WebSocket Response: Runtime.evaluate (id=89) 9C078928568725D01EE14579089CEF80 {
   "result": {
      "type": "object",
      "value": {
         "status": 0,
         "value": true
      }
   }
}
[1643918684.578][INFO]: Waiting for pending navigations...
[1643918684.578][DEBUG]: DevTools WebSocket Command: Runtime.evaluate (id=90) 9C078928568725D01EE14579089CEF80 {
   "expression": "1"
}
[1643918684.579][DEBUG]: DevTools WebSocket Response: Runtime.evaluate (id=90) 9C078928568725D01EE14579089CEF80 {
   "result": {
      "description": "1",
      "type": "number",
      "value": 1
   }
}
[1643918684.579][INFO]: Done waiting for pending navigations. Status: ok
[1643918684.579][INFO]: [944c5d7d3bf48ce3eae830b6e3ff061b] RESPONSE ExecuteScript true
[1643918684.585][INFO]: [944c5d7d3bf48ce3eae830b6e3ff061b] COMMAND IsElementEnabled {
   "id": "b91ad84c-feb2-4c11-8a96-14bc6d11feb2"
}
[1643918684.585][INFO]: Waiting for pending navigations...
[1643918684.585][DEBUG]: DevTools WebSocket Command: Runtime.evaluate (id=91) 9C078928568725D01EE14579089CEF80 {
   "expression": "1"
}
[1643918684.636][DEBUG]: DevTools WebSocket Response: Runtime.evaluate (id=91) 9C078928568725D01EE14579089CEF80 {
   "result": {
      "description": "1",
      "type": "number",
      "value": 1
   }
}
[1643918684.636][INFO]: Done waiting for pending navigations. Status: ok
[1643918684.636][DEBUG]: DevTools WebSocket Command: Runtime.evaluate (id=92) 9C078928568725D01EE14579089CEF80 {
   "awaitPromise": false,
   "expression": "document.contentType",
   "returnByValue": true
}
[1643918684.642][DEBUG]: DevTools WebSocket Event: Target.detachedFromTarget 9C078928568725D01EE14579089CEF80 {
   "sessionId": "F85C28AB59D3196A2465BB88CA42AE7A",
   "targetId": "67EDC652453B84473AD5A5D13E4752AA"
}
[1643918684.648][DEBUG]: DevTools WebSocket Response: Runtime.evaluate (id=92) 9C078928568725D01EE14579089CEF80 {
   "result": {
      "type": "string",
      "value": "text/html"
   }
}
[1643918684.651][DEBUG]: DevTools WebSocket Command: Runtime.evaluate (id=93) 9C078928568725D01EE14579089CEF80 {
   "awaitPromise": true,
   "expression": "(function() { // Copyright (c) 2012 The Chromium Authors. All rights reserved.\n// Use of this source code is governed by a BSD-style license that can be\n// found in the LICENSE file.\n\n/**\n * Enum f...",
   "returnByValue": true
}
[1643918684.657][DEBUG]: DevTools WebSocket Response: Runtime.evaluate (id=93) 9C078928568725D01EE14579089CEF80 {
   "result": {
      "type": "object",
      "value": {
         "status": 0,
         "value": true
      }
   }
}
[1643918684.657][INFO]: Waiting for pending navigations...
[1643918684.657][DEBUG]: DevTools WebSocket Command: Runtime.evaluate (id=94) 9C078928568725D01EE14579089CEF80 {
   "expression": "1"
}
[1643918684.659][DEBUG]: DevTools WebSocket Response: Runtime.evaluate (id=94) 9C078928568725D01EE14579089CEF80 {
   "result": {
      "description": "1",
      "type": "number",
      "value": 1
   }
}
[1643918684.659][INFO]: Done waiting for pending navigations. Status: ok
[1643918684.659][INFO]: [944c5d7d3bf48ce3eae830b6e3ff061b] RESPONSE IsElementEnabled true
[1643918684.664][INFO]: [944c5d7d3bf48ce3eae830b6e3ff061b] COMMAND ClickElement {
   "id": "b91ad84c-feb2-4c11-8a96-14bc6d11feb2"
}
[1643918684.664][INFO]: Waiting for pending navigations...
[1643918684.664][DEBUG]: DevTools WebSocket Command: Runtime.evaluate (id=95) 9C078928568725D01EE14579089CEF80 {
   "expression": "1"
}
[1643918684.666][DEBUG]: DevTools WebSocket Response: Runtime.evaluate (id=95) 9C078928568725D01EE14579089CEF80 {
   "result": {
      "description": "1",
      "type": "number",
      "value": 1
   }
}
[1643918684.666][INFO]: Done waiting for pending navigations. Status: ok
[1643918684.667][DEBUG]: DevTools WebSocket Command: Runtime.evaluate (id=96) 9C078928568725D01EE14579089CEF80 {
   "awaitPromise": true,
   "expression": "(function() { // Copyright (c) 2012 The Chromium Authors. All rights reserved.\n// Use of this source code is governed by a BSD-style license that can be\n// found in the LICENSE file.\n\n/**\n * Enum f...",
   "returnByValue": true
}
[1643918684.671][DEBUG]: DevTools WebSocket Response: Runtime.evaluate (id=96) 9C078928568725D01EE14579089CEF80 {
   "result": {
      "type": "object",
      "value": {
         "status": 0,
         "value": "span"
      }
   }
}
[1643918684.672][DEBUG]: DevTools WebSocket Command: Runtime.evaluate (id=97) 9C078928568725D01EE14579089CEF80 {
   "awaitPromise": true,
   "expression": "(function() { // Copyright (c) 2012 The Chromium Authors. All rights reserved.\n// Use of this source code is governed by a BSD-style license that can be\n// found in the LICENSE file.\n\n/**\n * Enum f...",
   "returnByValue": true
}
[1643918684.674][DEBUG]: DevTools WebSocket Response: Runtime.evaluate (id=97) 9C078928568725D01EE14579089CEF80 {
   "result": {
      "type": "object",
      "value": {
         "status": 0,
         "value": "span"
      }
   }
}
[1643918684.677][DEBUG]: DevTools WebSocket Command: Runtime.evaluate (id=98) 9C078928568725D01EE14579089CEF80 {
   "awaitPromise": true,
   "expression": "(function() { // Copyright (c) 2012 The Chromium Authors. All rights reserved.\n// Use of this source code is governed by a BSD-style license that can be\n// found in the LICENSE file.\n\n/**\n * Enum f...",
   "returnByValue": true
}
[1643918684.688][DEBUG]: DevTools WebSocket Response: Runtime.evaluate (id=98) 9C078928568725D01EE14579089CEF80 {
   "result": {
      "type": "object",
      "value": {
         "status": 0,
         "value": true
      }
   }
}
[1643918684.689][DEBUG]: DevTools WebSocket Command: Runtime.evaluate (id=99) 9C078928568725D01EE14579089CEF80 {
   "awaitPromise": true,
   "expression": "(function() { // Copyright (c) 2012 The Chromium Authors. All rights reserved.\n// Use of this source code is governed by a BSD-style license that can be\n// found in the LICENSE file.\n\n/**\n * Enum f...",
   "returnByValue": true
}
[1643918684.693][DEBUG]: DevTools WebSocket Response: Runtime.evaluate (id=99) 9C078928568725D01EE14579089CEF80 {
   "result": {
      "type": "object",
      "value": {
         "status": 0,
         "value": {
            "height": 20,
            "left": 0,
            "top": 0,
            "width": 36.609375
         }
      }
   }
}
[1643918684.695][DEBUG]: DevTools WebSocket Command: Runtime.evaluate (id=100) 9C078928568725D01EE14579089CEF80 {
   "awaitPromise": true,
   "expression": "(function() { // Copyright (c) 2012 The Chromium Authors. All rights reserved.\n// Use of this source code is governed by a BSD-style license that can be\n// found in the LICENSE file.\n\n/**\n * Enum f...",
   "returnByValue": true
}
[1643918684.715][DEBUG]: DevTools WebSocket Response: Runtime.evaluate (id=100) 9C078928568725D01EE14579089CEF80 {
   "result": {
      "type": "object",
      "value": {
         "status": 0,
         "value": {
            "ceil": {

            },
            "clone": {

            },
            "floor": {

            },
            "round": {

            },
            "scale": {

            },
            "translate": {

            },
            "x": 1143.390625,
            "y": 15
         }
      }
   }
}
[1643918684.716][DEBUG]: DevTools WebSocket Command: Runtime.evaluate (id=101) 9C078928568725D01EE14579089CEF80 {
   "awaitPromise": true,
   "expression": "(function() { // Copyright (c) 2012 The Chromium Authors. All rights reserved.\n// Use of this source code is governed by a BSD-style license that can be\n// found in the LICENSE file.\n\n/**\n * Enum f...",
   "returnByValue": true
}
[1643918684.767][DEBUG]: DevTools WebSocket Response: Runtime.evaluate (id=101) 9C078928568725D01EE14579089CEF80 {
   "result": {
      "type": "object",
      "value": {
         "status": 0,
         "value": {
            "clickable": true
         }
      }
   }
}
[1643918684.769][DEBUG]: DevTools WebSocket Command: Input.dispatchMouseEvent (id=102) 9C078928568725D01EE14579089CEF80 {
   "button": "none",
   "buttons": 0,
   "clickCount": 0,
   "force": 0.0,
   "modifiers": 0,
   "pointerType": "mouse",
   "tangentialPressure": 0.0,
   "tiltX": 0,
   "tiltY": 0,
   "twist": 0,
   "type": "mouseMoved",
   "x": 1161,
   "y": 25
}
[1643918684.769][DEBUG]: DevTools WebSocket Command: Input.dispatchMouseEvent (id=103) 9C078928568725D01EE14579089CEF80 {
   "button": "left",
   "buttons": 0,
   "clickCount": 1,
   "force": 0.0,
   "modifiers": 0,
   "pointerType": "mouse",
   "tangentialPressure": 0.0,
   "tiltX": 0,
   "tiltY": 0,
   "twist": 0,
   "type": "mousePressed",
   "x": 1161,
   "y": 25
}
[1643918684.769][DEBUG]: DevTools WebSocket Command: Input.dispatchMouseEvent (id=104) 9C078928568725D01EE14579089CEF80 {
   "button": "left",
   "buttons": 1,
   "clickCount": 1,
   "force": 0.0,
   "modifiers": 0,
   "pointerType": "mouse",
   "tangentialPressure": 0.0,
   "tiltX": 0,
   "tiltY": 0,
   "twist": 0,
   "type": "mouseReleased",
   "x": 1161,
   "y": 25
}
[1643918684.788][DEBUG]: DevTools WebSocket Response: Input.dispatchMouseEvent (id=102) 9C078928568725D01EE14579089CEF80 {

}
[1643918684.810][DEBUG]: DevTools WebSocket Response: Input.dispatchMouseEvent (id=103) 9C078928568725D01EE14579089CEF80 {

}
[1643918684.855][DEBUG]: DevTools WebSocket Event: DOM.childNodeCountUpdated 9C078928568725D01EE14579089CEF80 {
   "childNodeCount": 30,
   "nodeId": 46
}
[1643918684.856][DEBUG]: DevTools WebSocket Event: Page.frameAttached 9C078928568725D01EE14579089CEF80 {
   "frameId": "348A775C6DEA04810E83B2F1154BC6C9",
   "parentFrameId": "9C078928568725D01EE14579089CEF80",
   "stack": {
      "callFrames": [ {
         "columnNumber": 17873,
         "functionName": "e.attach",
         "lineNumber": 0,
         "scriptId": "56",
         "url": "https://id.rambler.ru/rambler-id-helper/auth_events.js"
      }, {
         "columnNumber": 36426,
         "functionName": "e.openAuth",
         "lineNumber": 0,
         "scriptId": "56",
         "url": "https://id.rambler.ru/rambler-id-helper/auth_events.js"
      }, {
         "columnNumber": 13523,
         "functionName": "",
         "lineNumber": 0,
         "scriptId": "35",
         "url": "https://www.rambler.ru/assets/vendors-desk_magnesium-desk_sodium.c43899c5.chunk.js"
      }, {
         "columnNumber": 27114,
         "functionName": "e.push",
         "lineNumber": 0,
         "scriptId": "56",
         "url": "https://id.rambler.ru/rambler-id-helper/auth_events.js"
      }, {
         "columnNumber": 13483,
         "functionName": "",
         "lineNumber": 0,
         "scriptId": "35",
         "url": "https://www.rambler.ru/assets/vendors-desk_magnesium-desk_sodium.c43899c5.chunk.js"
      }, {
         "columnNumber": 7641,
         "functionName": "u",
         "lineNumber": 0,
         "scriptId": "34",
         "url": "https://www.rambler.ru/assets/desktopVendorReact.4d705e37.chunk.js"
      }, {
         "columnNumber": 7796,
         "functionName": "m",
         "lineNumber": 0,
         "scriptId": "34",
         "url": "https://www.rambler.ru/assets/desktopVendorReact.4d705e37.chunk.js"
      }, {
         "columnNumber": 8434,
         "functionName": "",
         "lineNumber": 0,
         "scriptId": "34",
         "url": "https://www.rambler.ru/assets/desktopVendorReact.4d705e37.chunk.js"
      }, {
         "columnNumber": 8523,
         "functionName": "C",
         "lineNumber": 0,
         "scriptId": "34",
         "url": "https://www.rambler.ru/assets/desktopVendorReact.4d705e37.chunk.js"
      }, {
         "columnNumber": 8959,
         "functionName": "O",
         "lineNumber": 0,
         "scriptId": "34",
         "url": "https://www.rambler.ru/assets/desktopVendorReact.4d705e37.chunk.js"
      }, {
         "columnNumber": 8771,
         "functionName": "P",
         "lineNumber": 0,
         "scriptId": "34",
         "url": "https://www.rambler.ru/assets/desktopVendorReact.4d705e37.chunk.js"
      }, {
         "columnNumber": 9858,
         "functionName": "U",
         "lineNumber": 0,
         "scriptId": "34",
         "url": "https://www.rambler.ru/assets/desktopVendorReact.4d705e37.chunk.js"
      }, {
         "columnNumber": 37246,
         "functionName": "En",
         "lineNumber": 0,
         "scriptId": "34",
         "url": "https://www.rambler.ru/assets/desktopVendorReact.4d705e37.chunk.js"
      }, {
         "columnNumber": 105078,
         "functionName": "Sl",
         "lineNumber": 0,
         "scriptId": "34",
         "url": "https://www.rambler.ru/assets/desktopVendorReact.4d705e37.chunk.js"
      }, {
         "columnNumber": 17125,
         "functionName": "Ae",
         "lineNumber": 0,
         "scriptId": "34",
         "url": "https://www.rambler.ru/assets/desktopVendorReact.4d705e37.chunk.js"
      }, {
         "columnNumber": 37726,
         "functionName": "On",
         "lineNumber": 0,
         "scriptId": "34",
         "url": "https://www.rambler.ru/assets/desktopVendorReact.4d705e37.chunk.js"
      }, {
         "columnNumber": 105356,
         "functionName": "",
         "lineNumber": 0,
         "scriptId": "34",
         "url": "https://www.rambler.ru/assets/desktopVendorReact.4d705e37.chunk.js"
      }, {
         "columnNumber": 181562,
         "functionName": "e.unstable_runWithPriority",
         "lineNumber": 0,
         "scriptId": "36",
         "url": "https://www.rambler.ru/assets/desktopVendor.30391685.chunk.js"
      }, {
         "columnNumber": 105280,
         "functionName": "Cl",
         "lineNumber": 0,
         "scriptId": "34",
         "url": "https://www.rambler.ru/assets/desktopVendorReact.4d705e37.chunk.js"
      }, "..." ]
   }
}
[1643918684.887][DEBUG]: DevTools WebSocket Event: Page.frameStartedLoading 9C078928568725D01EE14579089CEF80 {
   "frameId": "348A775C6DEA04810E83B2F1154BC6C9"
}
[1643918684.900][DEBUG]: DevTools WebSocket Response: Input.dispatchMouseEvent (id=104) 9C078928568725D01EE14579089CEF80 {

}
[1643918684.900][INFO]: Waiting for pending navigations...
[1643918684.900][DEBUG]: DevTools WebSocket Command: Runtime.evaluate (id=105) 9C078928568725D01EE14579089CEF80 {
   "expression": "1"
}
[66099:11779:0204/000444.912568:ERROR:ssl_client_socket_impl.cc(996)] handshake failed; returned -1, SSL error code 1, net_error -113
[1643918684.916][DEBUG]: DevTools WebSocket Response: Runtime.evaluate (id=105) 9C078928568725D01EE14579089CEF80 {
   "result": {
      "description": "1",
      "type": "number",
      "value": 1
   }
}
[1643918684.916][INFO]: Done waiting for pending navigations. Status: ok
[1643918684.916][INFO]: [944c5d7d3bf48ce3eae830b6e3ff061b] RESPONSE ClickElement
[1643918684.928][INFO]: [944c5d7d3bf48ce3eae830b6e3ff061b] COMMAND FindElement {
   "using": "xpath",
   "value": "//div[@data-id-frame]/iframe"
}
[1643918684.928][INFO]: Waiting for pending navigations...
[1643918684.929][DEBUG]: DevTools WebSocket Command: Runtime.evaluate (id=106) 9C078928568725D01EE14579089CEF80 {
   "expression": "1"
}
[1643918684.933][DEBUG]: DevTools WebSocket Response: Runtime.evaluate (id=106) 9C078928568725D01EE14579089CEF80 {
   "result": {
      "description": "1",
      "type": "number",
      "value": 1
   }
}
[1643918684.933][INFO]: Done waiting for pending navigations. Status: ok
[1643918684.939][DEBUG]: DevTools WebSocket Command: Runtime.evaluate (id=107) 9C078928568725D01EE14579089CEF80 {
   "awaitPromise": true,
   "expression": "(function() { // Copyright (c) 2012 The Chromium Authors. All rights reserved.\n// Use of this source code is governed by a BSD-style license that can be\n// found in the LICENSE file.\n\n/**\n * Enum f...",
   "returnByValue": true
}
[1643918684.959][DEBUG]: DevTools WebSocket Response: Runtime.evaluate (id=107) 9C078928568725D01EE14579089CEF80 {
   "result": {
      "type": "object",
      "value": {
         "status": 0,
         "value": {
            "element-6066-11e4-a52e-4f735466cecf": "0ea74f25-6ba0-4625-af0d-515c5a98afd3"
         }
      }
   }
}
[1643918684.959][INFO]: Waiting for pending navigations...
[1643918684.959][DEBUG]: DevTools WebSocket Command: Runtime.evaluate (id=108) 9C078928568725D01EE14579089CEF80 {
   "expression": "1"
}
[1643918684.984][DEBUG]: DevTools WebSocket Event: Page.frameNavigated 9C078928568725D01EE14579089CEF80 {
   "frame": {
      "adFrameStatus": {
         "adFrameType": "none",
         "explanations": [  ]
      },
      "crossOriginIsolatedContextType": "NotIsolatedFeatureDisabled",
      "domainAndRegistry": "rambler.ru",
      "gatedAPIFeatures": [  ],
      "id": "348A775C6DEA04810E83B2F1154BC6C9",
      "loaderId": "CBE8DFEF7A00D943E19D1A013DD39057",
      "mimeType": "text/html",
      "name": "",
      "parentId": "9C078928568725D01EE14579089CEF80",
      "secureContextType": "Secure",
      "securityOrigin": "https://id.rambler.ru",
      "url": "https://id.rambler.ru/login-20/login?rname=head&session=false&back=https%3A%2F%2Fwww.rambler.ru%2F&param=iframe&iframeOrigin=https%3A%2F%2Fwww.rambler.ru"
   },
   "type": "Navigation"
}
[1643918684.984][DEBUG]: DevTools WebSocket Event: Runtime.executionContextCreated 9C078928568725D01EE14579089CEF80 {
   "context": {
      "auxData": {
         "frameId": "348A775C6DEA04810E83B2F1154BC6C9",
         "isDefault": true,
         "type": "default"
      },
      "id": 13,
      "name": "",
      "origin": "https://id.rambler.ru",
      "uniqueId": "-8245651862381298277.7730820908281426897"
   }
}
[1643918684.984][DEBUG]: DevTools WebSocket Response: Runtime.evaluate (id=108) 9C078928568725D01EE14579089CEF80 {
   "result": {
      "description": "1",
      "type": "number",
      "value": 1
   }
}
[1643918684.985][INFO]: Done waiting for pending navigations. Status: ok
[1643918684.985][INFO]: [944c5d7d3bf48ce3eae830b6e3ff061b] RESPONSE FindElement {
   "element-6066-11e4-a52e-4f735466cecf": "0ea74f25-6ba0-4625-af0d-515c5a98afd3"
}
[1643918685.010][INFO]: [944c5d7d3bf48ce3eae830b6e3ff061b] COMMAND FindElement {
   "using": "xpath",
   "value": "//div[@data-id-frame]/iframe"
}
[1643918685.010][INFO]: Waiting for pending navigations...
[1643918685.010][DEBUG]: DevTools WebSocket Command: Runtime.evaluate (id=109) 9C078928568725D01EE14579089CEF80 {
   "expression": "1"
}
[66099:11779:0204/000445.087272:ERROR:ssl_client_socket_impl.cc(996)] handshake failed; returned -1, SSL error code 1, net_error -113
[1643918685.095][DEBUG]: DevTools WebSocket Response: Runtime.evaluate (id=109) 9C078928568725D01EE14579089CEF80 {
   "result": {
      "description": "1",
      "type": "number",
      "value": 1
   }
}
[1643918685.095][INFO]: Done waiting for pending navigations. Status: ok
[1643918685.097][DEBUG]: DevTools WebSocket Command: Runtime.evaluate (id=110) 9C078928568725D01EE14579089CEF80 {
   "awaitPromise": true,
   "expression": "(function() { // Copyright (c) 2012 The Chromium Authors. All rights reserved.\n// Use of this source code is governed by a BSD-style license that can be\n// found in the LICENSE file.\n\n/**\n * Enum f...",
   "returnByValue": true
}
[1643918685.125][DEBUG]: DevTools WebSocket Response: Runtime.evaluate (id=110) 9C078928568725D01EE14579089CEF80 {
   "result": {
      "type": "object",
      "value": {
         "status": 0,
         "value": {
            "element-6066-11e4-a52e-4f735466cecf": "0ea74f25-6ba0-4625-af0d-515c5a98afd3"
         }
      }
   }
}
[1643918685.125][INFO]: Waiting for pending navigations...
[1643918685.125][DEBUG]: DevTools WebSocket Command: Runtime.evaluate (id=111) 9C078928568725D01EE14579089CEF80 {
   "expression": "1"
}
[1643918685.128][DEBUG]: DevTools WebSocket Response: Runtime.evaluate (id=111) 9C078928568725D01EE14579089CEF80 {
   "result": {
      "description": "1",
      "type": "number",
      "value": 1
   }
}
[1643918685.128][INFO]: Done waiting for pending navigations. Status: ok
[1643918685.128][INFO]: [944c5d7d3bf48ce3eae830b6e3ff061b] RESPONSE FindElement {
   "element-6066-11e4-a52e-4f735466cecf": "0ea74f25-6ba0-4625-af0d-515c5a98afd3"
}
[1643918685.136][INFO]: [944c5d7d3bf48ce3eae830b6e3ff061b] COMMAND SwitchToFrame {
   "id": {
      "ELEMENT": "0ea74f25-6ba0-4625-af0d-515c5a98afd3",
      "element-6066-11e4-a52e-4f735466cecf": "0ea74f25-6ba0-4625-af0d-515c5a98afd3"
   }
}
[1643918685.136][INFO]: Waiting for pending navigations...
[1643918685.136][DEBUG]: DevTools WebSocket Command: Runtime.evaluate (id=112) 9C078928568725D01EE14579089CEF80 {
   "expression": "1"
}
[1643918685.142][DEBUG]: DevTools WebSocket Response: Runtime.evaluate (id=112) 9C078928568725D01EE14579089CEF80 {
   "result": {
      "description": "1",
      "type": "number",
      "value": 1
   }
}
[1643918685.142][INFO]: Done waiting for pending navigations. Status: ok
[1643918685.144][DEBUG]: DevTools WebSocket Command: Runtime.evaluate (id=113) 9C078928568725D01EE14579089CEF80 {
   "awaitPromise": true,
   "expression": "(function() { // Copyright (c) 2012 The Chromium Authors. All rights reserved.\n// Use of this source code is governed by a BSD-style license that can be\n// found in the LICENSE file.\n\n/**\n * Enum f...",
   "returnByValue": true
}
[1643918685.201][DEBUG]: DevTools WebSocket Response: Runtime.evaluate (id=113) 9C078928568725D01EE14579089CEF80 {
   "result": {
      "type": "object",
      "value": {
         "status": 0,
         "value": false
      }
   }
}
[1643918685.201][DEBUG]: DevTools WebSocket Command: Runtime.evaluate (id=114) 9C078928568725D01EE14579089CEF80 {
   "awaitPromise": true,
   "expression": "(function() { // Copyright (c) 2012 The Chromium Authors. All rights reserved.\n// Use of this source code is governed by a BSD-style license that can be\n// found in the LICENSE file.\n\n/**\n * Enum f...",
   "returnByValue": false
}
[1643918685.208][DEBUG]: DevTools WebSocket Response: Runtime.evaluate (id=114) 9C078928568725D01EE14579089CEF80 {
   "result": {
      "className": "HTMLIFrameElement",
      "description": "iframe",
      "objectId": "-6817820285180056882.1.1",
      "subtype": "node",
      "type": "object"
   }
}
[1643918685.208][DEBUG]: DevTools WebSocket Command: DOM.requestNode (id=115) 9C078928568725D01EE14579089CEF80 {
   "objectId": "-6817820285180056882.1.1"
}
[1643918685.223][DEBUG]: DevTools WebSocket Event: DOM.setChildNodes 9C078928568725D01EE14579089CEF80 {
   "nodes": [ {
      "attributes": [ "id", "app" ],
      "backendNodeId": 11,
      "childNodeCount": 2,
      "localName": "div",
      "nodeId": 47,
      "nodeName": "DIV",
      "nodeType": 1,
      "nodeValue": "",
      "parentId": 46
   }, {
      "attributes": [  ],
      "backendNodeId": 12,
      "childNodeCount": 1,
      "children": [ {
         "backendNodeId": 13,
         "localName": "",
         "nodeId": 49,
         "nodeName": "#text",
         "nodeType": 3,
         "nodeValue": "window.App={\"apiUrl\":\"www.rambler.ru\",\"state\":{\"api\":{\"news\":[{\"clid\":48063813,\"title\":\"Пентагон обвинил Россию в желании «сфабриковать предлог дл...",
         "parentId": 48
      } ],
      "localName": "script",
      "nodeId": 48,
      "nodeName": "SCRIPT",
      "nodeType": 1,
      "nodeValue": "",
      "parentId": 46
   }, {
      "attributes": [  ],
      "backendNodeId": 14,
      "childNodeCount": 1,
      "children": [ {
         "backendNodeId": 15,
         "localName": "",
         "nodeId": 51,
         "nodeName": "#text",
         "nodeType": 3,
         "nodeValue": "\n                window._config_aab = {\n                  puids: {\n                    puid6: 'HEAD_MAIN',\n                  },\n                };\n              ",
         "parentId": 50
      } ],
      "localName": "script",
      "nodeId": 50,
      "nodeName": "SCRIPT",
      "nodeType": 1,
      "nodeValue": "",
      "parentId": 46
   }, {
      "attributes": [ "style", "display:none;position:absolute;left:-999999px" ],
      "backendNodeId": 16,
      "childNodeCount": 8,
      "localName": "div",
      "nodeId": 52,
      "nodeName": "DIV",
      "nodeType": 1,
      "nodeValue": "",
      "parentId": 46
   }, {
      "attributes": [ "src", "/assets/desktopWebpackRuntime.97027476.js", "async", "" ],
      "backendNodeId": 17,
      "childNodeCount": 0,
      "localName": "script",
      "nodeId": 53,
      "nodeName": "SCRIPT",
      "nodeType": 1,
      "nodeValue": "",
      "parentId": 46
   }, {
      "attributes": [ "src", "/assets/desktopVendorReact.4d705e37.chunk.js", "async", "" ],
      "backendNodeId": 18,
      "childNodeCount": 0,
      "localName": "script",
      "nodeId": 54,
      "nodeName": "SCRIPT",
      "nodeType": 1,
      "nodeValue": "",
      "parentId": 46
   }, {
      "attributes": [ "src", "/assets/desktopVendorMediaComponents.7b6942de.chunk.js", "async", "" ],
      "backendNodeId": 19,
      "childNodeCount": 0,
      "localName": "script",
      "nodeId": 55,
      "nodeName": "SCRIPT",
      "nodeType": 1,
      "nodeValue": "",
      "parentId": 46
   }, {
      "attributes": [ "src", "/assets/desktopVendor.30391685.chunk.js", "async", "" ],
      "backendNodeId": 20,
      "childNodeCount": 0,
      "localName": "script",
      "nodeId": 56,
      "nodeName": "SCRIPT",
      "nodeType": 1,
      "nodeValue": "",
      "parentId": 46
   }, {
      "attributes": [ "src", "/assets/desktop.0eec9f56.chunk.js", "async", "" ],
      "backendNodeId": 21,
      "childNodeCount": 0,
      "localName": "script",
      "nodeId": 57,
      "nodeName": "SCRIPT",
      "nodeType": 1,
      "nodeValue": "",
      "parentId": 46
   }, {
      "attributes": [ "src", "/assets/desk_magnesium-desk_sodium-desktop.d1b412a7.chunk.js", "async", "" ],
      "backendNodeId": 22,
      "childNodeCount": 0,
      "localName": "script",
      "nodeId": 58,
      "nodeName": "SCRIPT",
      "nodeType": 1,
      "nodeValue": "",
      "parentId": 46
   }, {
      "attributes": [ "src", "/assets/debugger-desk_magnesium.01de7900.chunk.js", "async", "" ],
      "backendNodeId": 23,
      "childNodeCount": 0,
      "localName": "script",
      "nodeId": 59,
      "nodeName": "SCRIPT",
      "nodeType": 1,
      "nodeValue": "",
      "parentId": 46
   }, {
      "attributes": [ "src", "/assets/desk_magnesium-desk_sodium.f19240da.chunk.js", "async", "" ],
      "backendNodeId": 24,
      "childNodeCount": 0,
      "localName": "script",
      "nodeId": 60,
      "nodeName": "SCRIPT",
      "nodeType": 1,
      "nodeValue": "",
      "parentId": 46
   }, {
      "attributes": [ "src", "/assets/vendors-desk_magnesium-desk_sodium.c43899c5.chunk.js", "async", "" ],
      "backendNodeId": 25,
      "childNodeCount": 0,
      "localName": "script",
      "nodeId": 61,
      "nodeName": "SCRIPT",
      "nodeType": 1,
      "nodeValue": "",
      "parentId": 46
   }, {
      "attributes": [ "src", "/assets/desk_magnesium.720d5a28.chunk.js", "async", "" ],
      "backendNodeId": 26,
      "childNodeCount": 0,
      "localName": "script",
      "nodeId": 62,
      "nodeName": "SCRIPT",
      "nodeType": 1,
      "nodeValue": "",
      "parentId": 46
   }, {
      "attributes": [ "src", "/assets/desk_magnesiumWebpackRuntime.103be4a5.js", "async", "" ],
      "backendNodeId": 27,
      "childNodeCount": 0,
      "localName": "script",
      "nodeId": 63,
      "nodeName": "SCRIPT",
      "nodeType": 1,
      "nodeValue": "",
      "parentId": 46
   }, {
      "attributes": [ "src", "https://www.rambler.ru/test.js" ],
      "backendNodeId": 28,
      "childNodeCount": 1,
      "children": [ {
         "backendNodeId": 29,
         "localName": "",
         "nodeId": 65,
         "nodeName": "#text",
         "nodeType": 3,
         "nodeValue": "!function() {var a=['Numb','_INT','EGER','dec','eURI','mpo','nen','ndo','code','URIC','ompo','deco','ICom','enco','omp','pon','Comp','esc','ape','cap','JSO','oor','pow','roun','rou','createElement'...",
         "parentId": 64
      } ],
      "localName": "script",
      "nodeId": 64,
      "nodeName": "SCRIPT",
      "nodeType": 1,
      "nodeValue": "",
      "parentId": 46
   }, {
      "attributes": [ "id", "c8980c62834072c480df58741f1fd039393df9aaea5446dbb1dd2187750209fe" ],
      "backendNodeId": 30,
      "childNodeCount": 0,
      "localName": "div",
      "nodeId": 66,
      "nodeName": "DIV",
      "nodeType": 1,
      "nodeValue": "",
      "parentId": 46
   }, {
      "attributes": [  ],
      "backendNodeId": 31,
      "childNodeCount": 1,
      "children": [ {
         "backendNodeId": 32,
         "localName": "",
         "nodeId": 68,
         "nodeName": "#text",
         "nodeType": 3,
         "nodeValue": "\n      \u003Cimg src=\"//counter.rambler.ru/top100.cnt?pid=29811\" alt=\"\" />\n      \u003Cimg src=\"//mc.yandex.ru/watch/28161048?ut=noindex\" alt=\"\" />\n      \u003Cimg src=\"//mc.yandex.ru/watch/26649402?ut=noindex\" a...",
         "parentId": 67
      } ],
      "localName": "noscript",
      "nodeId": 67,
      "nodeName": "NOSCRIPT",
      "nodeType": 1,
      "nodeValue": "",
      "parentId": 46
   }, {
      "attributes": [ "src", "https://id.rambler.ru/rambler-id-helper/1.5.27/storage.html", "aria-hidden", "true", "loading", "eager", "style", "width: 0px; height: 0px; border: 0px; position: absolute; left: -9999px;" ],
      "backendNodeId": 33,
      "childNodeCount": 0,
      "contentDocument": {
         "backendNodeId": 9,
         "baseURL": "https://id.rambler.ru/rambler-id-helper/1.5.27/storage.html",
         "childNodeCount": 2,
         "compatibilityMode": "NoQuirksMode",
         "documentURL": "https://id.rambler.ru/rambler-id-helper/1.5.27/storage.html",
         "localName": "",
         "nodeId": 70,
         "nodeName": "#document",
         "nodeType": 9,
         "nodeValue": "",
         "xmlVersion": ""
      },
      "frameId": "2DE8BF6456C029C212318B28334E94C3",
      "localName": "iframe",
      "nodeId": 69,
      "nodeName": "IFRAME",
      "nodeType": 1,
      "nodeValue": "",
      "parentId": 46
   }, "..." ],
   "parentId": 46
}
[1643918685.225][DEBUG]: DevTools WebSocket Event: DOM.setChildNodes 9C078928568725D01EE14579089CEF80 {
   "nodes": [ {
      "attributes": [ "src", "https://id.rambler.ru/login-20/login?rname=head&session=false&back=https%3A%2F%2Fwww.rambler.ru%2F&param=iframe&iframeOrigin=https%3A%2F%2Fwww.rambler.ru", "frameborder", "0", "loading", "eager", "style", "visibility: hidden; width: 100%;" ],
      "backendNodeId": 47,
      "childNodeCount": 0,
      "contentDocument": {
         "backendNodeId": 48,
         "baseURL": "https://id.rambler.ru/login-20/login?rname=head&session=false&back=https%3A%2F%2Fwww.rambler.ru%2F&param=iframe&iframeOrigin=https%3A%2F%2Fwww.rambler.ru",
         "childNodeCount": 2,
         "compatibilityMode": "NoQuirksMode",
         "documentURL": "https://id.rambler.ru/login-20/login?rname=head&session=false&back=https%3A%2F%2Fwww.rambler.ru%2F&param=iframe&iframeOrigin=https%3A%2F%2Fwww.rambler.ru",
         "localName": "",
         "nodeId": 86,
         "nodeName": "#document",
         "nodeType": 9,
         "nodeValue": "",
         "xmlVersion": ""
      },
      "frameId": "348A775C6DEA04810E83B2F1154BC6C9",
      "localName": "iframe",
      "nodeId": 85,
      "nodeName": "IFRAME",
      "nodeType": 1,
      "nodeValue": "",
      "parentId": 84
   } ],
   "parentId": 84
}
[1643918685.225][DEBUG]: DevTools WebSocket Response: DOM.requestNode (id=115) 9C078928568725D01EE14579089CEF80 {
   "nodeId": 85
}
[1643918685.225][DEBUG]: DevTools WebSocket Command: Runtime.releaseObject (id=116) 9C078928568725D01EE14579089CEF80 {
   "objectId": "-6817820285180056882.1.1"
}
[1643918685.227][DEBUG]: DevTools WebSocket Response: Runtime.releaseObject (id=116) 9C078928568725D01EE14579089CEF80 {

}
[1643918685.227][DEBUG]: DevTools WebSocket Command: Runtime.evaluate (id=117) 9C078928568725D01EE14579089CEF80 {
   "awaitPromise": true,
   "expression": "(function() { // Copyright (c) 2012 The Chromium Authors. All rights reserved.\n// Use of this source code is governed by a BSD-style license that can be\n// found in the LICENSE file.\n\n/**\n * Enum f...",
   "returnByValue": true
}
[1643918685.258][DEBUG]: DevTools WebSocket Response: Runtime.evaluate (id=117) 9C078928568725D01EE14579089CEF80 {
   "result": {
      "type": "object",
      "value": {
         "status": 0,
         "value": {
            "element-6066-11e4-a52e-4f735466cecf": "0ea74f25-6ba0-4625-af0d-515c5a98afd3"
         }
      }
   }
}
[1643918685.259][DEBUG]: DevTools WebSocket Command: Runtime.evaluate (id=118) 9C078928568725D01EE14579089CEF80 {
   "awaitPromise": true,
   "expression": "(function() { // Copyright (c) 2012 The Chromium Authors. All rights reserved.\n// Use of this source code is governed by a BSD-style license that can be\n// found in the LICENSE file.\n\n/**\n * Enum f...",
   "returnByValue": true
}
[1643918685.267][DEBUG]: DevTools WebSocket Event: DOM.attributeModified 9C078928568725D01EE14579089CEF80 {
   "name": "cd_frame_id_",
   "nodeId": 85,
   "value": "a7f4cf6972c90b8e7b1eca816f749066"
}
[1643918685.268][DEBUG]: DevTools WebSocket Response: Runtime.evaluate (id=118) 9C078928568725D01EE14579089CEF80 {
   "result": {
      "type": "object",
      "value": {
         "status": 0,
         "value": null
      }
   }
}
[1643918685.268][INFO]: Waiting for pending navigations...
[1643918685.268][DEBUG]: DevTools WebSocket Command: Runtime.evaluate (id=119) 9C078928568725D01EE14579089CEF80 {
   "expression": "1"
}
[1643918685.273][DEBUG]: DevTools WebSocket Response: Runtime.evaluate (id=119) 9C078928568725D01EE14579089CEF80 {
   "result": {
      "description": "1",
      "type": "number",
      "value": 1
   }
}
[1643918685.773][DEBUG]: DevTools WebSocket Command: Runtime.evaluate (id=120) 9C078928568725D01EE14579089CEF80 {
   "expression": "1"
}
[1643918685.851][DEBUG]: DevTools WebSocket Event: Page.navigatedWithinDocument 9C078928568725D01EE14579089CEF80 {
   "frameId": "348A775C6DEA04810E83B2F1154BC6C9",
   "url": "https://id.rambler.ru/login-20/login?rname=head&session=false&back=https%3A%2F%2Fwww.rambler.ru%2F&param=iframe&iframeOrigin=https%3A%2F%2Fwww.rambler.ru"
}
[1643918685.861][DEBUG]: DevTools WebSocket Response: Runtime.evaluate (id=120) 9C078928568725D01EE14579089CEF80 {
   "result": {
      "description": "1",
      "type": "number",
      "value": 1
   }
}
[1643918686.112][DEBUG]: DevTools WebSocket Event: Page.navigatedWithinDocument 9C078928568725D01EE14579089CEF80 {
   "frameId": "348A775C6DEA04810E83B2F1154BC6C9",
   "url": "https://id.rambler.ru/login-20/login?rname=head&session=false&back=https%3A%2F%2Fwww.rambler.ru%2F&param=iframe&iframeOrigin=https%3A%2F%2Fwww.rambler.ru"
}
[1643918686.112][DEBUG]: DevTools WebSocket Command: Runtime.evaluate (id=121) 9C078928568725D01EE14579089CEF80 {
   "expression": "1"
}
[1643918686.365][DEBUG]: DevTools WebSocket Response: Runtime.evaluate (id=121) 9C078928568725D01EE14579089CEF80 {
   "result": {
      "description": "1",
      "type": "number",
      "value": 1
   }
}
[1643918686.458][DEBUG]: DevTools WebSocket Event: Page.frameAttached 9C078928568725D01EE14579089CEF80 {
   "frameId": "FE58C11B050D8DCB7F039F92E815031B",
   "parentFrameId": "348A775C6DEA04810E83B2F1154BC6C9",
   "stack": {
      "callFrames": [ {
         "columnNumber": 11499,
         "functionName": "e.install",
         "lineNumber": 0,
         "scriptId": "262",
         "url": "https://id.rambler.ru/rambler-id-helper/auth_events.js"
      }, {
         "columnNumber": 10450,
         "functionName": "e",
         "lineNumber": 0,
         "scriptId": "262",
         "url": "https://id.rambler.ru/rambler-id-helper/auth_events.js"
      }, {
         "columnNumber": 25804,
         "functionName": "e",
         "lineNumber": 0,
         "scriptId": "262",
         "url": "https://id.rambler.ru/rambler-id-helper/auth_events.js"
      }, {
         "columnNumber": 37519,
         "functionName": "Ct",
         "lineNumber": 0,
         "scriptId": "262",
         "url": "https://id.rambler.ru/rambler-id-helper/auth_events.js"
      }, {
         "columnNumber": 37579,
         "functionName": "",
         "lineNumber": 0,
         "scriptId": "262",
         "url": "https://id.rambler.ru/rambler-id-helper/auth_events.js"
      }, {
         "columnNumber": 37636,
         "functionName": "",
         "lineNumber": 0,
         "scriptId": "262",
         "url": "https://id.rambler.ru/rambler-id-helper/auth_events.js"
      }, {
         "columnNumber": 37639,
         "functionName": "",
         "lineNumber": 0,
         "scriptId": "262",
         "url": "https://id.rambler.ru/rambler-id-helper/auth_events.js"
      } ]
   }
}
[1643918686.458][DEBUG]: DevTools WebSocket Command: Runtime.evaluate (id=122) 9C078928568725D01EE14579089CEF80 {
   "expression": "1"
}
[1643918686.487][DEBUG]: DevTools WebSocket Event: Page.frameStartedLoading 9C078928568725D01EE14579089CEF80 {
   "frameId": "FE58C11B050D8DCB7F039F92E815031B"
}
[1643918686.578][DEBUG]: DevTools WebSocket Response: Runtime.evaluate (id=122) 9C078928568725D01EE14579089CEF80 {
   "result": {
      "description": "1",
      "type": "number",
      "value": 1
   }
}
[1643918686.854][DEBUG]: DevTools WebSocket Event: Page.frameNavigated 9C078928568725D01EE14579089CEF80 {
   "frame": {
      "adFrameStatus": {
         "adFrameType": "none",
         "explanations": [  ]
      },
      "crossOriginIsolatedContextType": "NotIsolatedFeatureDisabled",
      "domainAndRegistry": "rambler.ru",
      "gatedAPIFeatures": [  ],
      "id": "FE58C11B050D8DCB7F039F92E815031B",
      "loaderId": "1C40540F85E5FAC9125E6655237C1729",
      "mimeType": "text/html",
      "name": "",
      "parentId": "348A775C6DEA04810E83B2F1154BC6C9",
      "secureContextType": "Secure",
      "securityOrigin": "https://id.rambler.ru",
      "url": "https://id.rambler.ru/rambler-id-helper/1.5.27/storage.html"
   },
   "type": "Navigation"
}
[1643918686.854][DEBUG]: DevTools WebSocket Event: Runtime.executionContextCreated 9C078928568725D01EE14579089CEF80 {
   "context": {
      "auxData": {
         "frameId": "FE58C11B050D8DCB7F039F92E815031B",
         "isDefault": true,
         "type": "default"
      },
      "id": 14,
      "name": "",
      "origin": "https://id.rambler.ru",
      "uniqueId": "7765221466643703410.-775876205795279751"
   }
}
[1643918686.854][DEBUG]: DevTools WebSocket Command: Runtime.evaluate (id=123) 9C078928568725D01EE14579089CEF80 {
   "expression": "1"
}
[1643918687.058][DEBUG]: DevTools WebSocket Response: Runtime.evaluate (id=123) 9C078928568725D01EE14579089CEF80 {
   "result": {
      "description": "1",
      "type": "number",
      "value": 1
   }
}
[1643918687.559][DEBUG]: DevTools WebSocket Command: Runtime.evaluate (id=124) 9C078928568725D01EE14579089CEF80 {
   "expression": "1"
}
[1643918687.626][DEBUG]: DevTools WebSocket Response: Runtime.evaluate (id=124) 9C078928568725D01EE14579089CEF80 {
   "result": {
      "description": "1",
      "type": "number",
      "value": 1
   }
}
[1643918687.655][DEBUG]: DevTools WebSocket Event: Page.frameStoppedLoading 9C078928568725D01EE14579089CEF80 {
   "frameId": "FE58C11B050D8DCB7F039F92E815031B"
}
[1643918687.655][DEBUG]: DevTools WebSocket Command: Runtime.evaluate (id=125) 9C078928568725D01EE14579089CEF80 {
   "expression": "1"
}
[1643918687.675][DEBUG]: DevTools WebSocket Response: Runtime.evaluate (id=125) 9C078928568725D01EE14579089CEF80 {
   "result": {
      "description": "1",
      "type": "number",
      "value": 1
   }
}
[1643918687.843][DEBUG]: DevTools WebSocket Event: Page.frameAttached 9C078928568725D01EE14579089CEF80 {
   "frameId": "601F22D4F3A0C379496B1921D587DE7D",
   "parentFrameId": "348A775C6DEA04810E83B2F1154BC6C9",
   "stack": {
      "callFrames": [ {
         "columnNumber": 229,
         "functionName": "",
         "lineNumber": 338,
         "scriptId": "275",
         "url": "https://www.gstatic.com/recaptcha/releases/dPctOHA2ifhWm5WzFM_B5TjT/recaptcha__en.js"
      }, {
         "columnNumber": 459,
         "functionName": "dH.render",
         "lineNumber": 700,
         "scriptId": "275",
         "url": "https://www.gstatic.com/recaptcha/releases/dPctOHA2ifhWm5WzFM_B5TjT/recaptcha__en.js"
      }, {
         "columnNumber": 374,
         "functionName": "",
         "lineNumber": 243,
         "scriptId": "275",
         "url": "https://www.gstatic.com/recaptcha/releases/dPctOHA2ifhWm5WzFM_B5TjT/recaptcha__en.js"
      }, {
         "columnNumber": 81,
         "functionName": "",
         "lineNumber": 316,
         "scriptId": "275",
         "url": "https://www.gstatic.com/recaptcha/releases/dPctOHA2ifhWm5WzFM_B5TjT/recaptcha__en.js"
      }, {
         "columnNumber": 290,
         "functionName": "",
         "lineNumber": 20,
         "scriptId": "275",
         "url": "https://www.gstatic.com/recaptcha/releases/dPctOHA2ifhWm5WzFM_B5TjT/recaptcha__en.js"
      }, {
         "columnNumber": 137,
         "functionName": "la",
         "lineNumber": 455,
         "scriptId": "275",
         "url": "https://www.gstatic.com/recaptcha/releases/dPctOHA2ifhWm5WzFM_B5TjT/recaptcha__en.js"
      }, {
         "columnNumber": 202,
         "functionName": "",
         "lineNumber": 97,
         "scriptId": "275",
         "url": "https://www.gstatic.com/recaptcha/releases/dPctOHA2ifhWm5WzFM_B5TjT/recaptcha__en.js"
      }, {
         "columnNumber": 241,
         "functionName": "",
         "lineNumber": 55,
         "scriptId": "275",
         "url": "https://www.gstatic.com/recaptcha/releases/dPctOHA2ifhWm5WzFM_B5TjT/recaptcha__en.js"
      }, {
         "columnNumber": 376,
         "functionName": "",
         "lineNumber": 263,
         "scriptId": "275",
         "url": "https://www.gstatic.com/recaptcha/releases/dPctOHA2ifhWm5WzFM_B5TjT/recaptcha__en.js"
      }, {
         "columnNumber": 357,
         "functionName": "",
         "lineNumber": 337,
         "scriptId": "275",
         "url": "https://www.gstatic.com/recaptcha/releases/dPctOHA2ifhWm5WzFM_B5TjT/recaptcha__en.js"
      }, {
         "columnNumber": 326,
         "functionName": "",
         "lineNumber": 263,
         "scriptId": "275",
         "url": "https://www.gstatic.com/recaptcha/releases/dPctOHA2ifhWm5WzFM_B5TjT/recaptcha__en.js"
      }, {
         "columnNumber": 411,
         "functionName": "",
         "lineNumber": 711,
         "scriptId": "275",
         "url": "https://www.gstatic.com/recaptcha/releases/dPctOHA2ifhWm5WzFM_B5TjT/recaptcha__en.js"
      }, {
         "columnNumber": 3,
         "functionName": "",
         "lineNumber": 735,
         "scriptId": "275",
         "url": "https://www.gstatic.com/recaptcha/releases/dPctOHA2ifhWm5WzFM_B5TjT/recaptcha__en.js"
      } ]
   }
}
[1643918687.843][DEBUG]: DevTools WebSocket Command: Runtime.evaluate (id=126) 9C078928568725D01EE14579089CEF80 {
   "expression": "1"
}
[1643918687.847][DEBUG]: DevTools WebSocket Event: Page.frameStartedLoading 9C078928568725D01EE14579089CEF80 {
   "frameId": "601F22D4F3A0C379496B1921D587DE7D"
}
[1643918687.901][DEBUG]: DevTools WebSocket Event: Target.attachedToTarget 9C078928568725D01EE14579089CEF80 {
   "sessionId": "D2A6CEBFE50A399421386EC578A03C64",
   "targetInfo": {
      "attached": true,
      "browserContextId": "C1BA552A7CCC61B93D47D283FD934518",
      "canAccessOpener": false,
      "targetId": "601F22D4F3A0C379496B1921D587DE7D",
      "title": "",
      "type": "iframe",
      "url": ""
   },
   "waitingForDebugger": false
}
[1643918687.901][DEBUG]: DevTools WebSocket Command: Page.addScriptToEvaluateOnNewDocument (id=1) D2A6CEBFE50A399421386EC578A03C64 {
   "source": "(function () {window.cdc_adoQpoasnfa76pfcZLmcfl_Array = window.Array;window.cdc_adoQpoasnfa76pfcZLmcfl_Promise = window.Promise;window.cdc_adoQpoasnfa76pfcZLmcfl_Symbol = window.Symbol;}) ();"
}
[1643918687.902][DEBUG]: DevTools WebSocket Command: Runtime.evaluate (id=2) D2A6CEBFE50A399421386EC578A03C64 {
   "expression": "(function () {window.cdc_adoQpoasnfa76pfcZLmcfl_Array = window.Array;window.cdc_adoQpoasnfa76pfcZLmcfl_Promise = window.Promise;window.cdc_adoQpoasnfa76pfcZLmcfl_Symbol = window.Symbol;}) ();"
}
[1643918687.902][DEBUG]: DevTools WebSocket Command: DOM.getDocument (id=3) D2A6CEBFE50A399421386EC578A03C64 {

}
[1643918687.902][DEBUG]: DevTools WebSocket Command: Target.setAutoAttach (id=4) D2A6CEBFE50A399421386EC578A03C64 {
   "autoAttach": true,
   "flatten": true,
   "waitForDebuggerOnStart": false
}
[1643918687.902][DEBUG]: DevTools WebSocket Command: Page.enable (id=5) D2A6CEBFE50A399421386EC578A03C64 {

}
[1643918687.902][DEBUG]: DevTools WebSocket Command: Page.enable (id=127) 9C078928568725D01EE14579089CEF80 {

}
[1643918687.914][DEBUG]: DevTools WebSocket Response: Page.addScriptToEvaluateOnNewDocument (id=1) D2A6CEBFE50A399421386EC578A03C64 {
   "identifier": "1"
}
[1643918687.914][DEBUG]: DevTools WebSocket Response: Runtime.evaluate (id=2) D2A6CEBFE50A399421386EC578A03C64 {
   "result": {
      "type": "undefined"
   }
}
[1643918687.914][DEBUG]: DevTools WebSocket Response: DOM.getDocument (id=3) D2A6CEBFE50A399421386EC578A03C64 {
   "root": {
      "backendNodeId": 11,
      "baseURL": "https://www.google.com/recaptcha/api2/anchor?ar=1&k=6LdZq68UAAAAAI-DGymMPzpPNJNjiJQu9pw5wi7m&co=aHR0cHM6Ly9pZC5yYW1ibGVyLnJ1OjQ0Mw..&hl=en&v=dPctOHA2ifhWm5WzFM_B5TjT&size=invisible&cb=1wxsukq90wf6",
      "childNodeCount": 0,
      "children": [  ],
      "compatibilityMode": "NoQuirksMode",
      "documentURL": "https://www.google.com/recaptcha/api2/anchor?ar=1&k=6LdZq68UAAAAAI-DGymMPzpPNJNjiJQu9pw5wi7m&co=aHR0cHM6Ly9pZC5yYW1ibGVyLnJ1OjQ0Mw..&hl=en&v=dPctOHA2ifhWm5WzFM_B5TjT&size=invisible&cb=1wxsukq90wf6",
      "localName": "",
      "nodeId": 1,
      "nodeName": "#document",
      "nodeType": 9,
      "nodeValue": "",
      "xmlVersion": ""
   }
}
[1643918687.914][DEBUG]: DevTools WebSocket Response: Target.setAutoAttach (id=4) D2A6CEBFE50A399421386EC578A03C64 {

}
[1643918687.914][DEBUG]: DevTools WebSocket Response: Page.enable (id=5) D2A6CEBFE50A399421386EC578A03C64 {

}
[1643918687.918][DEBUG]: DevTools WebSocket Event: DOM.childNodeInserted D2A6CEBFE50A399421386EC578A03C64 {
   "node": {
      "backendNodeId": 12,
      "localName": "",
      "nodeId": 2,
      "nodeName": "html",
      "nodeType": 10,
      "nodeValue": "",
      "publicId": "",
      "systemId": ""
   },
   "parentNodeId": 1,
   "previousNodeId": 0
}
[1643918687.918][DEBUG]: DevTools WebSocket Event: DOM.childNodeInserted D2A6CEBFE50A399421386EC578A03C64 {
   "node": {
      "attributes": [ "dir", "ltr", "lang", "en" ],
      "backendNodeId": 13,
      "childNodeCount": 0,
      "frameId": "601F22D4F3A0C379496B1921D587DE7D",
      "localName": "html",
      "nodeId": 3,
      "nodeName": "HTML",
      "nodeType": 1,
      "nodeValue": ""
   },
   "parentNodeId": 1,
   "previousNodeId": 2
}
[1643918687.918][DEBUG]: DevTools WebSocket Event: DOM.childNodeCountUpdated D2A6CEBFE50A399421386EC578A03C64 {
   "childNodeCount": 1,
   "nodeId": 3
}
[1643918688.183][DEBUG]: DevTools WebSocket Response: Runtime.evaluate (id=126) 9C078928568725D01EE14579089CEF80 {
   "result": {
      "description": "1",
      "type": "number",
      "value": 1
   }
}
[1643918688.202][DEBUG]: DevTools WebSocket Response: Page.enable (id=127) 9C078928568725D01EE14579089CEF80 {

}
[1643918688.202][DEBUG]: DevTools WebSocket Command: Runtime.enable (id=6) D2A6CEBFE50A399421386EC578A03C64 {

}
[1643918688.203][DEBUG]: DevTools WebSocket Event: Runtime.executionContextCreated D2A6CEBFE50A399421386EC578A03C64 {
   "context": {
      "auxData": {
         "frameId": "601F22D4F3A0C379496B1921D587DE7D",
         "isDefault": true,
         "type": "default"
      },
      "id": 3,
      "name": "",
      "origin": "https://www.google.com",
      "uniqueId": "-5421689736479361081.7545218755705571466"
   }
}
[1643918688.203][DEBUG]: DevTools WebSocket Response: Runtime.enable (id=6) D2A6CEBFE50A399421386EC578A03C64 {

}
[1643918688.203][DEBUG]: DevTools WebSocket Command: Page.enable (id=7) D2A6CEBFE50A399421386EC578A03C64 {

}
[1643918688.203][DEBUG]: DevTools WebSocket Event: Page.frameStoppedLoading 9C078928568725D01EE14579089CEF80 {
   "frameId": "601F22D4F3A0C379496B1921D587DE7D"
}
[1643918688.204][DEBUG]: DevTools WebSocket Response: Page.enable (id=7) D2A6CEBFE50A399421386EC578A03C64 {

}
[1643918688.204][DEBUG]: DevTools WebSocket Command: DOM.getDocument (id=128) 9C078928568725D01EE14579089CEF80 {

}
[1643918688.208][DEBUG]: DevTools WebSocket Event: Page.frameDetached 9C078928568725D01EE14579089CEF80 {
   "frameId": "601F22D4F3A0C379496B1921D587DE7D",
   "reason": "swap"
}
[1643918688.233][DEBUG]: DevTools WebSocket Response: DOM.getDocument (id=128) 9C078928568725D01EE14579089CEF80 {
   "root": {
      "backendNodeId": 1,
      "baseURL": "https://www.rambler.ru/",
      "childNodeCount": 3,
      "children": [ {
         "backendNodeId": 2,
         "localName": "",
         "nodeId": 88,
         "nodeName": "html",
         "nodeType": 10,
         "nodeValue": "",
         "parentId": 87,
         "publicId": "",
         "systemId": ""
      }, {
         "backendNodeId": 3,
         "localName": "",
         "nodeId": 89,
         "nodeName": "#comment",
         "nodeType": 8,
         "nodeValue": " Hello, stranger! ¯\\_( ͡° ͜ʖ ͡°)_/¯ ",
         "parentId": 87
      }, {
         "attributes": [ "class", "no-js", "lang", "ru", "prefix", "og: http://ogp.me/ns#" ],
         "backendNodeId": 4,
         "childNodeCount": 2,
         "children": [ {
            "attributes": [  ],
            "backendNodeId": 5,
            "childNodeCount": 137,
            "localName": "head",
            "nodeId": 91,
            "nodeName": "HEAD",
            "nodeType": 1,
            "nodeValue": "",
            "parentId": 90
         }, {
            "attributes": [  ],
            "backendNodeId": 6,
            "childNodeCount": 30,
            "localName": "body",
            "nodeId": 92,
            "nodeName": "BODY",
            "nodeType": 1,
            "nodeValue": "",
            "parentId": 90
         } ],
         "frameId": "9C078928568725D01EE14579089CEF80",
         "localName": "html",
         "nodeId": 90,
         "nodeName": "HTML",
         "nodeType": 1,
         "nodeValue": "",
         "parentId": 87
      } ],
      "compatibilityMode": "NoQuirksMode",
      "documentURL": "https://www.rambler.ru/",
      "localName": "",
      "nodeId": 87,
      "nodeName": "#document",
      "nodeType": 9,
      "nodeValue": "",
      "xmlVersion": ""
   }
}
[1643918688.233][DEBUG]: DevTools WebSocket Command: Runtime.evaluate (id=129) 9C078928568725D01EE14579089CEF80 {
   "awaitPromise": false,
   "expression": "document.readyState",
   "returnByValue": true
}
[1643918688.436][DEBUG]: DevTools WebSocket Response: Runtime.evaluate (id=129) 9C078928568725D01EE14579089CEF80 {
   "result": {
      "type": "string",
      "value": "complete"
   }
}
[1643918688.436][INFO]: Done waiting for pending navigations. Status: ok
[1643918688.436][INFO]: [944c5d7d3bf48ce3eae830b6e3ff061b] RESPONSE SwitchToFrame
[1643918688.476][INFO]: [944c5d7d3bf48ce3eae830b6e3ff061b] COMMAND FindElement {
   "using": "css selector",
   "value": "#login"
}
[1643918688.476][INFO]: Waiting for pending navigations...
[1643918688.476][DEBUG]: DevTools WebSocket Command: Runtime.evaluate (id=130) 9C078928568725D01EE14579089CEF80 {
   "expression": "1"
}
[1643918688.556][DEBUG]: DevTools WebSocket Response: Runtime.evaluate (id=130) 9C078928568725D01EE14579089CEF80 {
   "result": {
      "description": "1",
      "type": "number",
      "value": 1
   }
}
[1643918688.556][INFO]: Done waiting for pending navigations. Status: ok
[1643918688.558][DEBUG]: DevTools WebSocket Command: Runtime.evaluate (id=131) 9C078928568725D01EE14579089CEF80 {
   "awaitPromise": true,
   "contextId": 13,
   "expression": "(function() { // Copyright (c) 2012 The Chromium Authors. All rights reserved.\n// Use of this source code is governed by a BSD-style license that can be\n// found in the LICENSE file.\n\n/**\n * Enum f...",
   "returnByValue": true
}
[1643918688.606][DEBUG]: DevTools WebSocket Event: DOM.childNodeCountUpdated D2A6CEBFE50A399421386EC578A03C64 {
   "childNodeCount": 2,
   "nodeId": 3
}
[1643918688.606][DEBUG]: DevTools WebSocket Event: DOM.documentUpdated D2A6CEBFE50A399421386EC578A03C64 {

}
[1643918688.606][DEBUG]: DevTools WebSocket Command: DOM.getDocument (id=8) D2A6CEBFE50A399421386EC578A03C64 {

}
[1643918688.607][DEBUG]: DevTools WebSocket Event: Page.domContentEventFired D2A6CEBFE50A399421386EC578A03C64 {
   "timestamp": 588038.021748
}
[1643918688.636][DEBUG]: DevTools WebSocket Response: DOM.getDocument (id=8) D2A6CEBFE50A399421386EC578A03C64 {
   "root": {
      "backendNodeId": 11,
      "baseURL": "https://www.google.com/recaptcha/api2/anchor?ar=1&k=6LdZq68UAAAAAI-DGymMPzpPNJNjiJQu9pw5wi7m&co=aHR0cHM6Ly9pZC5yYW1ibGVyLnJ1OjQ0Mw..&hl=en&v=dPctOHA2ifhWm5WzFM_B5TjT&size=invisible&cb=1wxsukq90wf6",
      "childNodeCount": 2,
      "children": [ {
         "backendNodeId": 12,
         "localName": "",
         "nodeId": 5,
         "nodeName": "html",
         "nodeType": 10,
         "nodeValue": "",
         "parentId": 4,
         "publicId": "",
         "systemId": ""
      }, {
         "attributes": [ "dir", "ltr", "lang", "en" ],
         "backendNodeId": 13,
         "childNodeCount": 2,
         "children": [ {
            "attributes": [  ],
            "backendNodeId": 14,
            "childNodeCount": 7,
            "localName": "head",
            "nodeId": 7,
            "nodeName": "HEAD",
            "nodeType": 1,
            "nodeValue": "",
            "parentId": 6
         }, {
            "attributes": [  ],
            "backendNodeId": 15,
            "childNodeCount": 4,
            "localName": "body",
            "nodeId": 8,
            "nodeName": "BODY",
            "nodeType": 1,
            "nodeValue": "",
            "parentId": 6
         } ],
         "frameId": "601F22D4F3A0C379496B1921D587DE7D",
         "localName": "html",
         "nodeId": 6,
         "nodeName": "HTML",
         "nodeType": 1,
         "nodeValue": "",
         "parentId": 4
      } ],
      "compatibilityMode": "NoQuirksMode",
      "documentURL": "https://www.google.com/recaptcha/api2/anchor?ar=1&k=6LdZq68UAAAAAI-DGymMPzpPNJNjiJQu9pw5wi7m&co=aHR0cHM6Ly9pZC5yYW1ibGVyLnJ1OjQ0Mw..&hl=en&v=dPctOHA2ifhWm5WzFM_B5TjT&size=invisible&cb=1wxsukq90wf6",
      "localName": "",
      "nodeId": 4,
      "nodeName": "#document",
      "nodeType": 9,
      "nodeValue": "",
      "xmlVersion": ""
   }
}
[1643918688.659][DEBUG]: DevTools WebSocket Response: Runtime.evaluate (id=131) 9C078928568725D01EE14579089CEF80 {
   "result": {
      "type": "object",
      "value": {
         "status": 0,
         "value": {
            "element-6066-11e4-a52e-4f735466cecf": "b8683f4f-a93c-40ef-9b3a-819495cabe0c"
         }
      }
   }
}
[1643918688.659][INFO]: Waiting for pending navigations...
[1643918688.659][DEBUG]: DevTools WebSocket Command: Runtime.evaluate (id=132) 9C078928568725D01EE14579089CEF80 {
   "expression": "1"
}
[1643918688.711][DEBUG]: DevTools WebSocket Response: Runtime.evaluate (id=132) 9C078928568725D01EE14579089CEF80 {
   "result": {
      "description": "1",
      "type": "number",
      "value": 1
   }
}
[1643918688.711][INFO]: Done waiting for pending navigations. Status: ok
[1643918688.711][INFO]: [944c5d7d3bf48ce3eae830b6e3ff061b] RESPONSE FindElement {
   "element-6066-11e4-a52e-4f735466cecf": "b8683f4f-a93c-40ef-9b3a-819495cabe0c"
}
[1643918688.777][INFO]: [944c5d7d3bf48ce3eae830b6e3ff061b] COMMAND ExecuteScript {
   "args": [ {
      "element-6066-11e4-a52e-4f735466cecf": "b8683f4f-a93c-40ef-9b3a-819495cabe0c"
   } ],
   "script": "return (function(){return (function(){var k=this||self;function aa(a){return\"string\"==typeof a}function ba(a,b){a=a.split(\".\");var c=k;a[0]in c||\"undefined\"==typeof c.execScript||c.execScript(\"var \"+a[0]);for(var d;a.length&&(d=a.shift());)a.length||void 0===b?c[d]&&c[d]!==Object.prototype[d]?c=c[d]:c=c[d]={}:c[d]=b}\nfunction ca(a){var b=typeof a;if(\"object\"==b)if(a){if(a instanceof Array)return\"array\";if(a instanceof Object)return b;var c=Object.prototype.toString.call(a);if(\"[object Window]\"==c)return\"object\";if(\"[object Array]\"==c||\"number\"==typeof a.length&&\"undefined\"!=typeof a.splice&&\"undefined\"!=typeof a.propertyIsEnumerable&&!a.propertyIsEnumerable(\"splice\"))return\"array\";if(\"[object Function]\"==c||\"undefined\"!=typeof a.call&&\"undefined\"!=typeof a.propertyIsEnumerable&&!a.propertyIsEnumerable(\"call\"))return\"function\"}else return\"null\";\nelse if(\"function\"==b&&\"undefined\"==typeof a.call)return\"object\";return b}function da(a,b,c){return a.call.apply(a.bind,arguments)}function ea(a,b,c){if(!a)throw Error();if(2\u003Carguments.length){var d=Array.prototype.slice.call(arguments,2);return function(){var e=Array.prototype.slice.call(arguments);Array.prototype.unshift.apply(e,d);return a.apply(b,e)}}return function(){return a.apply(b,arguments)}}\nfunction fa(a,b,c){Function.prototype.bind&&-1!=Function.prototype.bind.toString().indexOf(\"native code\")?fa=da:fa=ea;return fa.apply(null,arguments)}function ha(a,b){var c=Array.prototype.slice.call(arguments,1);return function(){var d=c.slice();d.push.apply(d,arguments);return a.apply(this,d)}}function l(a,b){function c(){}c.prototype=b.prototype;a.prototype=new c;a.prototype.constructor=a};/*\n\n The MIT License\n\n Copyright (c) 2007 Cybozu Labs, Inc.\n Copyright (c) 2012 Google Inc.\n\n Permission is hereby granted, free of charge, to any person obtaining a copy\n of this software and associated documentation files (the \"Software\"), to\n deal in the Software without restriction, including without limitation the\n rights to use, copy, modify, merge, publish, distribute, sublicense, and/or\n sell copies of the Software, and to permit persons to whom the Software is\n furnished to do so, subject to the following conditions:\n\n The above copyright notice and this permission notice shall be included in\n all copies or substantial portions of the Software.\n\n THE SOFTWARE IS PROVIDED \"AS IS\", WITHOUT WARRANTY OF ANY KIND, EXPRESS OR\n IMPLIED, INCLUDING BUT NOT LIMITED TO THE WARRANTIES OF MERCHANTABILITY,\n FITNESS FOR A PARTICULAR PURPOSE AND NONINFRINGEMENT. IN NO EVENT SHALL THE\n AUTHORS OR COPYRIGHT HOLDERS BE LIABLE FOR ANY CLAIM, DAMAGES OR OTHER\n LIABILITY, WHETHER IN AN ACTION OF CONTRACT, TORT OR OTHERWISE, ARISING\n FROM, OUT OF OR IN CONNECTION WITH THE SOFTWARE OR THE USE OR OTHER DEALINGS\n IN THE SOFTWARE.\n*/\nfunction ia(a,b,c){this.a=a;this.b=b||1;this.f=c||1};var ja=Array.prototype.indexOf?function(a,b){return Array.prototype.indexOf.call(a,b,void 0)}:function(a,b){if(\"string\"===typeof a)return\"string\"!==typeof b||1!=b.length?-1:a.indexOf(b,0);for(var c=0;c\u003Ca.length;c++)if(c in a&&a[c]===b)return c;return-1},n=Array.prototype.forEach?function(a,b){Array.prototype.forEach.call(a,b,void 0)}:function(a,b){for(var c=a.length,d=\"string\"===typeof a?a.split(\"\"):a,e=0;e\u003Cc;e++)e in d&&b.call(void 0,d[e],e,a)},ka=Array.prototype.filter?function(a,b){return Array.prototype.filter.call(a,\nb,void 0)}:function(a,b){for(var c=a.length,d=[],e=0,f=\"string\"===typeof a?a.split(\"\"):a,g=0;g\u003Cc;g++)if(g in f){var h=f[g];b.call(void 0,h,g,a)&&(d[e++]=h)}return d},la=Array.prototype.reduce?function(a,b,c){return Array.prototype.reduce.call(a,b,c)}:function(a,b,c){var d=c;n(a,function(e,f){d=b.call(void 0,d,e,f,a)});return d},ma=Array.prototype.some?function(a,b){return Array.prototype.some.call(a,b,void 0)}:function(a,b){for(var c=a.length,d=\"string\"===typeof a?a.split(\"\"):a,e=0;e\u003Cc;e++)if(e in\nd&&b.call(void 0,d[e],e,a))return!0;return!1},na=Array.prototype.every?function(a,b){return Array.prototype.every.call(a,b,void 0)}:function(a,b){for(var c=a.length,d=\"string\"===typeof a?a.split(\"\"):a,e=0;e\u003Cc;e++)if(e in d&&!b.call(void 0,d[e],e,a))return!1;return!0};function oa(a,b){a:{for(var c=a.length,d=\"string\"===typeof a?a.split(\"\"):a,e=0;e\u003Cc;e++)if(e in d&&b.call(void 0,d[e],e,a)){b=e;break a}b=-1}return 0>b?null:\"string\"===typeof a?a.charAt(b):a[b]}\nfunction pa(a){return Array.prototype.concat.apply([],arguments)}function qa(a,b,c){return 2>=arguments.length?Array.prototype.slice.call(a,b):Array.prototype.slice.call(a,b,c)};var ra=String.prototype.trim?function(a){return a.trim()}:function(a){return/^[\\s\\xa0]*([\\s\\S]*?)[\\s\\xa0]*$/.exec(a)[1]};function sa(a,b){return a\u003Cb?-1:a>b?1:0};var t;a:{var ta=k.navigator;if(ta){var ua=ta.userAgent;if(ua){t=ua;break a}}t=\"\"}function u(a){return-1!=t.indexOf(a)};function va(){return u(\"Firefox\")||u(\"FxiOS\")}function wa(){return(u(\"Chrome\")||u(\"CriOS\"))&&!u(\"Edge\")};function xa(a){return String(a).replace(/\\-([a-z])/g,function(b,c){return c.toUpperCase()})};function ya(){return u(\"iPhone\")&&!u(\"iPod\")&&!u(\"iPad\")};function za(a,b){var c=Aa;return Object.prototype.hasOwnProperty.call(c,a)?c[a]:c[a]=b(a)};var Ba=u(\"Opera\"),v=u(\"Trident\")||u(\"MSIE\"),Ca=u(\"Edge\"),Da=u(\"Gecko\")&&!(-1!=t.toLowerCase().indexOf(\"webkit\")&&!u(\"Edge\"))&&!(u(\"Trident\")||u(\"MSIE\"))&&!u(\"Edge\"),Ea=-1!=t.toLowerCase().indexOf(\"webkit\")&&!u(\"Edge\");function Fa(){var a=k.document;return a?a.documentMode:void 0}var Ga;\na:{var Ha=\"\",Ia=function(){var a=t;if(Da)return/rv:([^\\);]+)(\\)|;)/.exec(a);if(Ca)return/Edge\\/([\\d\\.]+)/.exec(a);if(v)return/\\b(?:MSIE|rv)[: ]([^\\);]+)(\\)|;)/.exec(a);if(Ea)return/WebKit\\/(\\S+)/.exec(a);if(Ba)return/(?:Version)[ \\/]?(\\S+)/.exec(a)}();Ia&&(Ha=Ia?Ia[1]:\"\");if(v){var Ja=Fa();if(null!=Ja&&Ja>parseFloat(Ha)){Ga=String(Ja);break a}}Ga=Ha}var Aa={};\nfunction Ka(a){return za(a,function(){for(var b=0,c=ra(String(Ga)).split(\".\"),d=ra(String(a)).split(\".\"),e=Math.max(c.length,d.length),f=0;0==b&&f\u003Ce;f++){var g=c[f]||\"\",h=d[f]||\"\";do{g=/(\\d*)(\\D*)(.*)/.exec(g)||[\"\",\"\",\"\",\"\"];h=/(\\d*)(\\D*)(.*)/.exec(h)||[\"\",\"\",\"\",\"\"];if(0==g[0].length&&0==h[0].length)break;b=sa(0==g[1].length?0:parseInt(g[1],10),0==h[1].length?0:parseInt(h[1],10))||sa(0==g[2].length,0==h[2].length)||sa(g[2],h[2]);g=g[3];h=h[3]}while(0==b)}return 0\u003C=b})}var La;\nLa=k.document&&v?Fa():void 0;var x=v&&!(9\u003C=Number(La)),Ma=v&&!(8\u003C=Number(La));function Na(a,b,c,d){this.a=a;this.nodeName=c;this.nodeValue=d;this.nodeType=2;this.parentNode=this.ownerElement=b}function Oa(a,b){var c=Ma&&\"href\"==b.nodeName?a.getAttribute(b.nodeName,2):b.nodeValue;return new Na(b,a,b.nodeName,c)};function Pa(a){this.b=a;this.a=0}function Qa(a){a=a.match(Ra);for(var b=0;b\u003Ca.length;b++)Sa.test(a[b])&&a.splice(b,1);return new Pa(a)}var Ra=/\\$?(?:(?![0-9-\\.])(?:\\*|[\\w-\\.]+):)?(?![0-9-\\.])(?:\\*|[\\w-\\.]+)|\\/\\/|\\.\\.|::|\\d+(?:\\.\\d*)?|\\.\\d+|\"[^\"]*\"|'[^']*'|[!\u003C>]=|\\s+|./g,Sa=/^\\s/;function y(a,b){return a.b[a.a+(b||0)]}function z(a){return a.b[a.a++]}function Ta(a){return a.b.length\u003C=a.a};function Ua(a,b){this.x=void 0!==a?a:0;this.y=void 0!==b?b:0}Ua.prototype.ceil=function(){this.x=Math.ceil(this.x);this.y=Math.ceil(this.y);return this};Ua.prototype.floor=function(){this.x=Math.floor(this.x);this.y=Math.floor(this.y);return this};Ua.prototype.round=function(){this.x=Math.round(this.x);this.y=Math.round(this.y);return this};function Va(a,b){this.width=a;this.height=b}Va.prototype.aspectRatio=function(){return this.width/this.height};Va.prototype.ceil=function(){this.width=Math.ceil(this.width);this.height=Math.ceil(this.height);return this};Va.prototype.floor=function(){this.width=Math.floor(this.width);this.height=Math.floor(this.height);return this};Va.prototype.round=function(){this.width=Math.round(this.width);this.height=Math.round(this.height);return this};function Wa(a,b){if(!a||!b)return!1;if(a.contains&&1==b.nodeType)return a==b||a.contains(b);if(\"undefined\"!=typeof a.compareDocumentPosition)return a==b||!!(a.compareDocumentPosition(b)&16);for(;b&&a!=b;)b=b.parentNode;return b==a}\nfunction Xa(a,b){if(a==b)return 0;if(a.compareDocumentPosition)return a.compareDocumentPosition(b)&2?1:-1;if(v&&!(9\u003C=Number(La))){if(9==a.nodeType)return-1;if(9==b.nodeType)return 1}if(\"sourceIndex\"in a||a.parentNode&&\"sourceIndex\"in a.parentNode){var c=1==a.nodeType,d=1==b.nodeType;if(c&&d)return a.sourceIndex-b.sourceIndex;var e=a.parentNode,f=b.parentNode;return e==f?Ya(a,b):!c&&Wa(e,b)?-1*Za(a,b):!d&&Wa(f,a)?Za(b,a):(c?a.sourceIndex:e.sourceIndex)-(d?b.sourceIndex:f.sourceIndex)}d=A(a);c=d.createRange();\nc.selectNode(a);c.collapse(!0);a=d.createRange();a.selectNode(b);a.collapse(!0);return c.compareBoundaryPoints(k.Range.START_TO_END,a)}function Za(a,b){var c=a.parentNode;if(c==b)return-1;for(;b.parentNode!=c;)b=b.parentNode;return Ya(b,a)}function Ya(a,b){for(;b=b.previousSibling;)if(b==a)return-1;return 1}function A(a){return 9==a.nodeType?a:a.ownerDocument||a.document}function $a(a,b){a&&(a=a.parentNode);for(var c=0;a;){if(b(a))return a;a=a.parentNode;c++}return null}\nfunction ab(a){this.a=a||k.document||document}ab.prototype.getElementsByTagName=function(a,b){return(b||this.a).getElementsByTagName(String(a))};function B(a){var b=null,c=a.nodeType;1==c&&(b=a.textContent,b=void 0==b||null==b?a.innerText:b,b=void 0==b||null==b?\"\":b);if(\"string\"!=typeof b)if(x&&\"title\"==a.nodeName.toLowerCase()&&1==c)b=a.text;else if(9==c||1==c){a=9==c?a.documentElement:a.firstChild;c=0;var d=[];for(b=\"\";a;){do 1!=a.nodeType&&(b+=a.nodeValue),x&&\"title\"==a.nodeName.toLowerCase()&&(b+=a.text),d[c++]=a;while(a=a.firstChild);for(;c&&!(a=d[--c].nextSibling););}}else b=a.nodeValue;return b}\nfunction C(a,b,c){if(null===b)return!0;try{if(!a.getAttribute)return!1}catch(d){return!1}Ma&&\"class\"==b&&(b=\"className\");return null==c?!!a.getAttribute(b):a.getAttribute(b,2)==c}function bb(a,b,c,d,e){return(x?cb:db).call(null,a,b,aa(c)?c:null,aa(d)?d:null,e||new E)}\nfunction cb(a,b,c,d,e){if(a instanceof F||8==a.b||c&&null===a.b){var f=b.all;if(!f)return e;a=eb(a);if(\"*\"!=a&&(f=b.getElementsByTagName(a),!f))return e;if(c){for(var g=[],h=0;b=f[h++];)C(b,c,d)&&g.push(b);f=g}for(h=0;b=f[h++];)\"*\"==a&&\"!\"==b.tagName||e.add(b);return e}fb(a,b,c,d,e);return e}\nfunction db(a,b,c,d,e){b.getElementsByName&&d&&\"name\"==c&&!v?(b=b.getElementsByName(d),n(b,function(f){a.a(f)&&e.add(f)})):b.getElementsByClassName&&d&&\"class\"==c?(b=b.getElementsByClassName(d),n(b,function(f){f.className==d&&a.a(f)&&e.add(f)})):a instanceof G?fb(a,b,c,d,e):b.getElementsByTagName&&(b=b.getElementsByTagName(a.f()),n(b,function(f){C(f,c,d)&&e.add(f)}));return e}\nfunction gb(a,b,c,d,e){var f;if((a instanceof F||8==a.b||c&&null===a.b)&&(f=b.childNodes)){var g=eb(a);if(\"*\"!=g&&(f=ka(f,function(h){return h.tagName&&h.tagName.toLowerCase()==g}),!f))return e;c&&(f=ka(f,function(h){return C(h,c,d)}));n(f,function(h){\"*\"==g&&(\"!\"==h.tagName||\"*\"==g&&1!=h.nodeType)||e.add(h)});return e}return hb(a,b,c,d,e)}function hb(a,b,c,d,e){for(b=b.firstChild;b;b=b.nextSibling)C(b,c,d)&&a.a(b)&&e.add(b);return e}\nfunction fb(a,b,c,d,e){for(b=b.firstChild;b;b=b.nextSibling)C(b,c,d)&&a.a(b)&&e.add(b),fb(a,b,c,d,e)}function eb(a){if(a instanceof G){if(8==a.b)return\"!\";if(null===a.b)return\"*\"}return a.f()};function E(){this.b=this.a=null;this.l=0}function ib(a){this.f=a;this.a=this.b=null}function kb(a,b){if(!a.a)return b;if(!b.a)return a;var c=a.a;b=b.a;for(var d=null,e,f=0;c&&b;){e=c.f;var g=b.f;e==g||e instanceof Na&&g instanceof Na&&e.a==g.a?(e=c,c=c.a,b=b.a):0\u003CXa(c.f,b.f)?(e=b,b=b.a):(e=c,c=c.a);(e.b=d)?d.a=e:a.a=e;d=e;f++}for(e=c||b;e;)e.b=d,d=d.a=e,f++,e=e.a;a.b=d;a.l=f;return a}function lb(a,b){b=new ib(b);b.a=a.a;a.b?a.a.b=b:a.a=a.b=b;a.a=b;a.l++}\nE.prototype.add=function(a){a=new ib(a);a.b=this.b;this.a?this.b.a=a:this.a=this.b=a;this.b=a;this.l++};function mb(a){return(a=a.a)?a.f:null}function nb(a){return(a=mb(a))?B(a):\"\"}function H(a,b){return new ob(a,!!b)}function ob(a,b){this.f=a;this.b=(this.s=b)?a.b:a.a;this.a=null}function I(a){var b=a.b;if(null==b)return null;var c=a.a=b;a.b=a.s?b.b:b.a;return c.f};function J(a){this.i=a;this.b=this.g=!1;this.f=null}function K(a){return\"\\n  \"+a.toString().split(\"\\n\").join(\"\\n  \")}function pb(a,b){a.g=b}function qb(a,b){a.b=b}function N(a,b){a=a.a(b);return a instanceof E?+nb(a):+a}function O(a,b){a=a.a(b);return a instanceof E?nb(a):\"\"+a}function rb(a,b){a=a.a(b);return a instanceof E?!!a.l:!!a};function sb(a,b,c){J.call(this,a.i);this.c=a;this.h=b;this.o=c;this.g=b.g||c.g;this.b=b.b||c.b;this.c==tb&&(c.b||c.g||4==c.i||0==c.i||!b.f?b.b||b.g||4==b.i||0==b.i||!c.f||(this.f={name:c.f.name,u:b}):this.f={name:b.f.name,u:c})}l(sb,J);\nfunction ub(a,b,c,d,e){b=b.a(d);c=c.a(d);var f;if(b instanceof E&&c instanceof E){b=H(b);for(d=I(b);d;d=I(b))for(e=H(c),f=I(e);f;f=I(e))if(a(B(d),B(f)))return!0;return!1}if(b instanceof E||c instanceof E){b instanceof E?(e=b,d=c):(e=c,d=b);f=H(e);for(var g=typeof d,h=I(f);h;h=I(f)){switch(g){case \"number\":h=+B(h);break;case \"boolean\":h=!!B(h);break;case \"string\":h=B(h);break;default:throw Error(\"Illegal primitive type for comparison.\");}if(e==b&&a(h,d)||e==c&&a(d,h))return!0}return!1}return e?\"boolean\"==\ntypeof b||\"boolean\"==typeof c?a(!!b,!!c):\"number\"==typeof b||\"number\"==typeof c?a(+b,+c):a(b,c):a(+b,+c)}sb.prototype.a=function(a){return this.c.m(this.h,this.o,a)};sb.prototype.toString=function(){var a=\"Binary Expression: \"+this.c;a+=K(this.h);return a+=K(this.o)};function vb(a,b,c,d){this.I=a;this.D=b;this.i=c;this.m=d}vb.prototype.toString=function(){return this.I};var wb={};\nfunction P(a,b,c,d){if(wb.hasOwnProperty(a))throw Error(\"Binary operator already created: \"+a);a=new vb(a,b,c,d);return wb[a.toString()]=a}P(\"div\",6,1,function(a,b,c){return N(a,c)/N(b,c)});P(\"mod\",6,1,function(a,b,c){return N(a,c)%N(b,c)});P(\"*\",6,1,function(a,b,c){return N(a,c)*N(b,c)});P(\"+\",5,1,function(a,b,c){return N(a,c)+N(b,c)});P(\"-\",5,1,function(a,b,c){return N(a,c)-N(b,c)});P(\"\u003C\",4,2,function(a,b,c){return ub(function(d,e){return d\u003Ce},a,b,c)});\nP(\">\",4,2,function(a,b,c){return ub(function(d,e){return d>e},a,b,c)});P(\"\u003C=\",4,2,function(a,b,c){return ub(function(d,e){return d\u003C=e},a,b,c)});P(\">=\",4,2,function(a,b,c){return ub(function(d,e){return d>=e},a,b,c)});var tb=P(\"=\",3,2,function(a,b,c){return ub(function(d,e){return d==e},a,b,c,!0)});P(\"!=\",3,2,function(a,b,c){return ub(function(d,e){return d!=e},a,b,c,!0)});P(\"and\",2,2,function(a,b,c){return rb(a,c)&&rb(b,c)});P(\"or\",1,2,function(a,b,c){return rb(a,c)||rb(b,c)});function xb(a,b){if(b.a.length&&4!=a.i)throw Error(\"Primary expression must evaluate to nodeset if filter has predicate(s).\");J.call(this,a.i);this.c=a;this.h=b;this.g=a.g;this.b=a.b}l(xb,J);xb.prototype.a=function(a){a=this.c.a(a);return yb(this.h,a)};xb.prototype.toString=function(){var a=\"Filter:\"+K(this.c);return a+=K(this.h)};function zb(a,b){if(b.length\u003Ca.C)throw Error(\"Function \"+a.j+\" expects at least\"+a.C+\" arguments, \"+b.length+\" given\");if(null!==a.B&&b.length>a.B)throw Error(\"Function \"+a.j+\" expects at most \"+a.B+\" arguments, \"+b.length+\" given\");a.H&&n(b,function(c,d){if(4!=c.i)throw Error(\"Argument \"+d+\" to function \"+a.j+\" is not of type Nodeset: \"+c);});J.call(this,a.i);this.v=a;this.c=b;pb(this,a.g||ma(b,function(c){return c.g}));qb(this,a.G&&!b.length||a.F&&!!b.length||ma(b,function(c){return c.b}))}\nl(zb,J);zb.prototype.a=function(a){return this.v.m.apply(null,pa(a,this.c))};zb.prototype.toString=function(){var a=\"Function: \"+this.v;if(this.c.length){var b=la(this.c,function(c,d){return c+K(d)},\"Arguments:\");a+=K(b)}return a};function Ab(a,b,c,d,e,f,g,h){this.j=a;this.i=b;this.g=c;this.G=d;this.F=!1;this.m=e;this.C=f;this.B=void 0!==g?g:f;this.H=!!h}Ab.prototype.toString=function(){return this.j};var Bb={};\nfunction Q(a,b,c,d,e,f,g,h){if(Bb.hasOwnProperty(a))throw Error(\"Function already created: \"+a+\".\");Bb[a]=new Ab(a,b,c,d,e,f,g,h)}Q(\"boolean\",2,!1,!1,function(a,b){return rb(b,a)},1);Q(\"ceiling\",1,!1,!1,function(a,b){return Math.ceil(N(b,a))},1);Q(\"concat\",3,!1,!1,function(a,b){return la(qa(arguments,1),function(c,d){return c+O(d,a)},\"\")},2,null);Q(\"contains\",2,!1,!1,function(a,b,c){b=O(b,a);a=O(c,a);return-1!=b.indexOf(a)},2);Q(\"count\",1,!1,!1,function(a,b){return b.a(a).l},1,1,!0);\nQ(\"false\",2,!1,!1,function(){return!1},0);Q(\"floor\",1,!1,!1,function(a,b){return Math.floor(N(b,a))},1);Q(\"id\",4,!1,!1,function(a,b){function c(h){if(x){var m=e.all[h];if(m){if(m.nodeType&&h==m.id)return m;if(m.length)return oa(m,function(w){return h==w.id})}return null}return e.getElementById(h)}var d=a.a,e=9==d.nodeType?d:d.ownerDocument;a=O(b,a).split(/\\s+/);var f=[];n(a,function(h){h=c(h);!h||0\u003C=ja(f,h)||f.push(h)});f.sort(Xa);var g=new E;n(f,function(h){g.add(h)});return g},1);\nQ(\"lang\",2,!1,!1,function(){return!1},1);Q(\"last\",1,!0,!1,function(a){if(1!=arguments.length)throw Error(\"Function last expects ()\");return a.f},0);Q(\"local-name\",3,!1,!0,function(a,b){return(a=b?mb(b.a(a)):a.a)?a.localName||a.nodeName.toLowerCase():\"\"},0,1,!0);Q(\"name\",3,!1,!0,function(a,b){return(a=b?mb(b.a(a)):a.a)?a.nodeName.toLowerCase():\"\"},0,1,!0);Q(\"namespace-uri\",3,!0,!1,function(){return\"\"},0,1,!0);\nQ(\"normalize-space\",3,!1,!0,function(a,b){return(b?O(b,a):B(a.a)).replace(/[\\s\\xa0]+/g,\" \").replace(/^\\s+|\\s+$/g,\"\")},0,1);Q(\"not\",2,!1,!1,function(a,b){return!rb(b,a)},1);Q(\"number\",1,!1,!0,function(a,b){return b?N(b,a):+B(a.a)},0,1);Q(\"position\",1,!0,!1,function(a){return a.b},0);Q(\"round\",1,!1,!1,function(a,b){return Math.round(N(b,a))},1);Q(\"starts-with\",2,!1,!1,function(a,b,c){b=O(b,a);a=O(c,a);return 0==b.lastIndexOf(a,0)},2);Q(\"string\",3,!1,!0,function(a,b){return b?O(b,a):B(a.a)},0,1);\nQ(\"string-length\",1,!1,!0,function(a,b){return(b?O(b,a):B(a.a)).length},0,1);Q(\"substring\",3,!1,!1,function(a,b,c,d){c=N(c,a);if(isNaN(c)||Infinity==c||-Infinity==c)return\"\";d=d?N(d,a):Infinity;if(isNaN(d)||-Infinity===d)return\"\";c=Math.round(c)-1;var e=Math.max(c,0);a=O(b,a);return Infinity==d?a.substring(e):a.substring(e,c+Math.round(d))},2,3);Q(\"substring-after\",3,!1,!1,function(a,b,c){b=O(b,a);a=O(c,a);c=b.indexOf(a);return-1==c?\"\":b.substring(c+a.length)},2);\nQ(\"substring-before\",3,!1,!1,function(a,b,c){b=O(b,a);a=O(c,a);a=b.indexOf(a);return-1==a?\"\":b.substring(0,a)},2);Q(\"sum\",1,!1,!1,function(a,b){a=H(b.a(a));b=0;for(var c=I(a);c;c=I(a))b+=+B(c);return b},1,1,!0);Q(\"translate\",3,!1,!1,function(a,b,c,d){b=O(b,a);c=O(c,a);var e=O(d,a);a={};for(d=0;d\u003Cc.length;d++){var f=c.charAt(d);f in a||(a[f]=e.charAt(d))}c=\"\";for(d=0;d\u003Cb.length;d++)f=b.charAt(d),c+=f in a?a[f]:f;return c},3);Q(\"true\",2,!1,!1,function(){return!0},0);function G(a,b){this.h=a;this.c=void 0!==b?b:null;this.b=null;switch(a){case \"comment\":this.b=8;break;case \"text\":this.b=3;break;case \"processing-instruction\":this.b=7;break;case \"node\":break;default:throw Error(\"Unexpected argument\");}}function Cb(a){return\"comment\"==a||\"text\"==a||\"processing-instruction\"==a||\"node\"==a}G.prototype.a=function(a){return null===this.b||this.b==a.nodeType};G.prototype.f=function(){return this.h};\nG.prototype.toString=function(){var a=\"Kind Test: \"+this.h;null===this.c||(a+=K(this.c));return a};function Db(a){J.call(this,3);this.c=a.substring(1,a.length-1)}l(Db,J);Db.prototype.a=function(){return this.c};Db.prototype.toString=function(){return\"Literal: \"+this.c};function F(a,b){this.j=a.toLowerCase();a=\"*\"==this.j?\"*\":\"http://www.w3.org/1999/xhtml\";this.c=b?b.toLowerCase():a}F.prototype.a=function(a){var b=a.nodeType;if(1!=b&&2!=b)return!1;b=void 0!==a.localName?a.localName:a.nodeName;return\"*\"!=this.j&&this.j!=b.toLowerCase()?!1:\"*\"==this.c?!0:this.c==(a.namespaceURI?a.namespaceURI.toLowerCase():\"http://www.w3.org/1999/xhtml\")};F.prototype.f=function(){return this.j};\nF.prototype.toString=function(){return\"Name Test: \"+(\"http://www.w3.org/1999/xhtml\"==this.c?\"\":this.c+\":\")+this.j};function Eb(a){J.call(this,1);this.c=a}l(Eb,J);Eb.prototype.a=function(){return this.c};Eb.prototype.toString=function(){return\"Number: \"+this.c};function Fb(a,b){J.call(this,a.i);this.h=a;this.c=b;this.g=a.g;this.b=a.b;1==this.c.length&&(a=this.c[0],a.A||a.c!=Gb||(a=a.o,\"*\"!=a.f()&&(this.f={name:a.f(),u:null})))}l(Fb,J);function Hb(){J.call(this,4)}l(Hb,J);Hb.prototype.a=function(a){var b=new E;a=a.a;9==a.nodeType?b.add(a):b.add(a.ownerDocument);return b};Hb.prototype.toString=function(){return\"Root Helper Expression\"};function Ib(){J.call(this,4)}l(Ib,J);Ib.prototype.a=function(a){var b=new E;b.add(a.a);return b};Ib.prototype.toString=function(){return\"Context Helper Expression\"};\nfunction Jb(a){return\"/\"==a||\"//\"==a}Fb.prototype.a=function(a){var b=this.h.a(a);if(!(b instanceof E))throw Error(\"Filter expression must evaluate to nodeset.\");a=this.c;for(var c=0,d=a.length;c\u003Cd&&b.l;c++){var e=a[c],f=H(b,e.c.s);if(e.g||e.c!=Kb)if(e.g||e.c!=Lb){var g=I(f);for(b=e.a(new ia(g));null!=(g=I(f));)g=e.a(new ia(g)),b=kb(b,g)}else g=I(f),b=e.a(new ia(g));else{for(g=I(f);(b=I(f))&&(!g.contains||g.contains(b))&&b.compareDocumentPosition(g)&8;g=b);b=e.a(new ia(g))}}return b};\nFb.prototype.toString=function(){var a=\"Path Expression:\"+K(this.h);if(this.c.length){var b=la(this.c,function(c,d){return c+K(d)},\"Steps:\");a+=K(b)}return a};function Mb(a,b){this.a=a;this.s=!!b}\nfunction yb(a,b,c){for(c=c||0;c\u003Ca.a.length;c++)for(var d=a.a[c],e=H(b),f=b.l,g,h=0;g=I(e);h++){var m=a.s?f-h:h+1;g=d.a(new ia(g,m,f));if(\"number\"==typeof g)m=m==g;else if(\"string\"==typeof g||\"boolean\"==typeof g)m=!!g;else if(g instanceof E)m=0\u003Cg.l;else throw Error(\"Predicate.evaluate returned an unexpected type.\");if(!m){m=e;g=m.f;var w=m.a;if(!w)throw Error(\"Next must be called at least once before remove.\");var r=w.b;w=w.a;r?r.a=w:g.a=w;w?w.b=r:g.b=r;g.l--;m.a=null}}return b}\nMb.prototype.toString=function(){return la(this.a,function(a,b){return a+K(b)},\"Predicates:\")};function R(a,b,c,d){J.call(this,4);this.c=a;this.o=b;this.h=c||new Mb([]);this.A=!!d;b=this.h;b=0\u003Cb.a.length?b.a[0].f:null;a.J&&b&&(a=b.name,a=x?a.toLowerCase():a,this.f={name:a,u:b.u});a:{a=this.h;for(b=0;b\u003Ca.a.length;b++)if(c=a.a[b],c.g||1==c.i||0==c.i){a=!0;break a}a=!1}this.g=a}l(R,J);\nR.prototype.a=function(a){var b=a.a,c=this.f,d=null,e=null,f=0;c&&(d=c.name,e=c.u?O(c.u,a):null,f=1);if(this.A)if(this.g||this.c!=Nb)if(b=H((new R(Ob,new G(\"node\"))).a(a)),c=I(b))for(a=this.m(c,d,e,f);null!=(c=I(b));)a=kb(a,this.m(c,d,e,f));else a=new E;else a=bb(this.o,b,d,e),a=yb(this.h,a,f);else a=this.m(a.a,d,e,f);return a};R.prototype.m=function(a,b,c,d){a=this.c.v(this.o,a,b,c);return a=yb(this.h,a,d)};\nR.prototype.toString=function(){var a=\"Step:\"+K(\"Operator: \"+(this.A?\"//\":\"/\"));this.c.j&&(a+=K(\"Axis: \"+this.c));a+=K(this.o);if(this.h.a.length){var b=la(this.h.a,function(c,d){return c+K(d)},\"Predicates:\");a+=K(b)}return a};function Pb(a,b,c,d){this.j=a;this.v=b;this.s=c;this.J=d}Pb.prototype.toString=function(){return this.j};var Qb={};function S(a,b,c,d){if(Qb.hasOwnProperty(a))throw Error(\"Axis already created: \"+a);b=new Pb(a,b,c,!!d);return Qb[a]=b}\nS(\"ancestor\",function(a,b){for(var c=new E;b=b.parentNode;)a.a(b)&&lb(c,b);return c},!0);S(\"ancestor-or-self\",function(a,b){var c=new E;do a.a(b)&&lb(c,b);while(b=b.parentNode);return c},!0);\nvar Gb=S(\"attribute\",function(a,b){var c=new E,d=a.f();if(\"style\"==d&&x&&b.style)return c.add(new Na(b.style,b,\"style\",b.style.cssText)),c;var e=b.attributes;if(e)if(a instanceof G&&null===a.b||\"*\"==d)for(a=0;d=e[a];a++)x?d.nodeValue&&c.add(Oa(b,d)):c.add(d);else(d=e.getNamedItem(d))&&(x?d.nodeValue&&c.add(Oa(b,d)):c.add(d));return c},!1),Nb=S(\"child\",function(a,b,c,d,e){return(x?gb:hb).call(null,a,b,aa(c)?c:null,aa(d)?d:null,e||new E)},!1,!0);S(\"descendant\",bb,!1,!0);\nvar Ob=S(\"descendant-or-self\",function(a,b,c,d){var e=new E;C(b,c,d)&&a.a(b)&&e.add(b);return bb(a,b,c,d,e)},!1,!0),Kb=S(\"following\",function(a,b,c,d){var e=new E;do for(var f=b;f=f.nextSibling;)C(f,c,d)&&a.a(f)&&e.add(f),e=bb(a,f,c,d,e);while(b=b.parentNode);return e},!1,!0);S(\"following-sibling\",function(a,b){for(var c=new E;b=b.nextSibling;)a.a(b)&&c.add(b);return c},!1);S(\"namespace\",function(){return new E},!1);\nvar Rb=S(\"parent\",function(a,b){var c=new E;if(9==b.nodeType)return c;if(2==b.nodeType)return c.add(b.ownerElement),c;b=b.parentNode;a.a(b)&&c.add(b);return c},!1),Lb=S(\"preceding\",function(a,b,c,d){var e=new E,f=[];do f.unshift(b);while(b=b.parentNode);for(var g=1,h=f.length;g\u003Ch;g++){var m=[];for(b=f[g];b=b.previousSibling;)m.unshift(b);for(var w=0,r=m.length;w\u003Cr;w++)b=m[w],C(b,c,d)&&a.a(b)&&e.add(b),e=bb(a,b,c,d,e)}return e},!0,!0);\nS(\"preceding-sibling\",function(a,b){for(var c=new E;b=b.previousSibling;)a.a(b)&&lb(c,b);return c},!0);var Sb=S(\"self\",function(a,b){var c=new E;a.a(b)&&c.add(b);return c},!1);function Tb(a){J.call(this,1);this.c=a;this.g=a.g;this.b=a.b}l(Tb,J);Tb.prototype.a=function(a){return-N(this.c,a)};Tb.prototype.toString=function(){return\"Unary Expression: -\"+K(this.c)};function Ub(a){J.call(this,4);this.c=a;pb(this,ma(this.c,function(b){return b.g}));qb(this,ma(this.c,function(b){return b.b}))}l(Ub,J);Ub.prototype.a=function(a){var b=new E;n(this.c,function(c){c=c.a(a);if(!(c instanceof E))throw Error(\"Path expression must evaluate to NodeSet.\");b=kb(b,c)});return b};Ub.prototype.toString=function(){return la(this.c,function(a,b){return a+K(b)},\"Union Expression:\")};function Vb(a,b){this.a=a;this.b=b}function Wb(a){for(var b,c=[];;){T(a,\"Missing right hand side of binary expression.\");b=Xb(a);var d=z(a.a);if(!d)break;var e=(d=wb[d]||null)&&d.D;if(!e){a.a.a--;break}for(;c.length&&e\u003C=c[c.length-1].D;)b=new sb(c.pop(),c.pop(),b);c.push(b,d)}for(;c.length;)b=new sb(c.pop(),c.pop(),b);return b}function T(a,b){if(Ta(a.a))throw Error(b);}function Yb(a,b){a=z(a.a);if(a!=b)throw Error(\"Bad token, expected: \"+b+\" got: \"+a);}\nfunction ac(a){a=z(a.a);if(\")\"!=a)throw Error(\"Bad token: \"+a);}function bc(a){a=z(a.a);if(2>a.length)throw Error(\"Unclosed literal string\");return new Db(a)}\nfunction cc(a){var b=[];if(Jb(y(a.a))){var c=z(a.a);var d=y(a.a);if(\"/\"==c&&(Ta(a.a)||\".\"!=d&&\"..\"!=d&&\"@\"!=d&&\"*\"!=d&&!/(?![0-9])[\\w]/.test(d)))return new Hb;d=new Hb;T(a,\"Missing next location step.\");c=dc(a,c);b.push(c)}else{a:{c=y(a.a);d=c.charAt(0);switch(d){case \"$\":throw Error(\"Variable reference not allowed in HTML XPath\");case \"(\":z(a.a);c=Wb(a);T(a,'unclosed \"(\"');Yb(a,\")\");break;case '\"':case \"'\":c=bc(a);break;default:if(isNaN(+c))if(!Cb(c)&&/(?![0-9])[\\w]/.test(d)&&\"(\"==y(a.a,1)){c=z(a.a);\nc=Bb[c]||null;z(a.a);for(d=[];\")\"!=y(a.a);){T(a,\"Missing function argument list.\");d.push(Wb(a));if(\",\"!=y(a.a))break;z(a.a)}T(a,\"Unclosed function argument list.\");ac(a);c=new zb(c,d)}else{c=null;break a}else c=new Eb(+z(a.a))}\"[\"==y(a.a)&&(d=new Mb(ec(a)),c=new xb(c,d))}if(c)if(Jb(y(a.a)))d=c;else return c;else c=dc(a,\"/\"),d=new Ib,b.push(c)}for(;Jb(y(a.a));)c=z(a.a),T(a,\"Missing next location step.\"),c=dc(a,c),b.push(c);return new Fb(d,b)}\nfunction dc(a,b){if(\"/\"!=b&&\"//\"!=b)throw Error('Step op should be \"/\" or \"//\"');if(\".\"==y(a.a)){var c=new R(Sb,new G(\"node\"));z(a.a);return c}if(\"..\"==y(a.a))return c=new R(Rb,new G(\"node\")),z(a.a),c;if(\"@\"==y(a.a)){var d=Gb;z(a.a);T(a,\"Missing attribute name\")}else if(\"::\"==y(a.a,1)){if(!/(?![0-9])[\\w]/.test(y(a.a).charAt(0)))throw Error(\"Bad token: \"+z(a.a));var e=z(a.a);d=Qb[e]||null;if(!d)throw Error(\"No axis with name: \"+e);z(a.a);T(a,\"Missing node name\")}else d=Nb;e=y(a.a);if(/(?![0-9])[\\w\\*]/.test(e.charAt(0)))if(\"(\"==\ny(a.a,1)){if(!Cb(e))throw Error(\"Invalid node type: \"+e);e=z(a.a);if(!Cb(e))throw Error(\"Invalid type name: \"+e);Yb(a,\"(\");T(a,\"Bad nodetype\");var f=y(a.a).charAt(0),g=null;if('\"'==f||\"'\"==f)g=bc(a);T(a,\"Bad nodetype\");ac(a);e=new G(e,g)}else if(e=z(a.a),f=e.indexOf(\":\"),-1==f)e=new F(e);else{g=e.substring(0,f);if(\"*\"==g)var h=\"*\";else if(h=a.b(g),!h)throw Error(\"Namespace prefix not declared: \"+g);e=e.substr(f+1);e=new F(e,h)}else throw Error(\"Bad token: \"+z(a.a));a=new Mb(ec(a),d.s);return c||new R(d,\ne,a,\"//\"==b)}function ec(a){for(var b=[];\"[\"==y(a.a);){z(a.a);T(a,\"Missing predicate expression.\");var c=Wb(a);b.push(c);T(a,\"Unclosed predicate expression.\");Yb(a,\"]\")}return b}function Xb(a){if(\"-\"==y(a.a))return z(a.a),new Tb(Xb(a));var b=cc(a);if(\"|\"!=y(a.a))a=b;else{for(b=[b];\"|\"==z(a.a);)T(a,\"Missing next union location path.\"),b.push(cc(a));a.a.a--;a=new Ub(b)}return a};function fc(a){switch(a.nodeType){case 1:return ha(gc,a);case 9:return fc(a.documentElement);case 11:case 10:case 6:case 12:return hc;default:return a.parentNode?fc(a.parentNode):hc}}function hc(){return null}function gc(a,b){if(a.prefix==b)return a.namespaceURI||\"http://www.w3.org/1999/xhtml\";var c=a.getAttributeNode(\"xmlns:\"+b);return c&&c.specified?c.value||null:a.parentNode&&9!=a.parentNode.nodeType?gc(a.parentNode,b):null};function ic(a,b){if(!a.length)throw Error(\"Empty XPath expression.\");a=Qa(a);if(Ta(a))throw Error(\"Invalid XPath expression.\");b?\"function\"==ca(b)||(b=fa(b.lookupNamespaceURI,b)):b=function(){return null};var c=Wb(new Vb(a,b));if(!Ta(a))throw Error(\"Bad token: \"+z(a));this.evaluate=function(d,e){d=c.a(new ia(d));return new U(d,e)}}\nfunction U(a,b){if(0==b)if(a instanceof E)b=4;else if(\"string\"==typeof a)b=2;else if(\"number\"==typeof a)b=1;else if(\"boolean\"==typeof a)b=3;else throw Error(\"Unexpected evaluation result.\");if(2!=b&&1!=b&&3!=b&&!(a instanceof E))throw Error(\"value could not be converted to the specified type\");this.resultType=b;switch(b){case 2:this.stringValue=a instanceof E?nb(a):\"\"+a;break;case 1:this.numberValue=a instanceof E?+nb(a):+a;break;case 3:this.booleanValue=a instanceof E?0\u003Ca.l:!!a;break;case 4:case 5:case 6:case 7:var c=\nH(a);var d=[];for(var e=I(c);e;e=I(c))d.push(e instanceof Na?e.a:e);this.snapshotLength=a.l;this.invalidIteratorState=!1;break;case 8:case 9:a=mb(a);this.singleNodeValue=a instanceof Na?a.a:a;break;default:throw Error(\"Unknown XPathResult type.\");}var f=0;this.iterateNext=function(){if(4!=b&&5!=b)throw Error(\"iterateNext called with wrong result type\");return f>=d.length?null:d[f++]};this.snapshotItem=function(g){if(6!=b&&7!=b)throw Error(\"snapshotItem called with wrong result type\");return g>=d.length||\n0>g?null:d[g]}}U.ANY_TYPE=0;U.NUMBER_TYPE=1;U.STRING_TYPE=2;U.BOOLEAN_TYPE=3;U.UNORDERED_NODE_ITERATOR_TYPE=4;U.ORDERED_NODE_ITERATOR_TYPE=5;U.UNORDERED_NODE_SNAPSHOT_TYPE=6;U.ORDERED_NODE_SNAPSHOT_TYPE=7;U.ANY_UNORDERED_NODE_TYPE=8;U.FIRST_ORDERED_NODE_TYPE=9;function jc(a){this.lookupNamespaceURI=fc(a)}\nfunction kc(a,b){a=a||k;var c=a.Document&&a.Document.prototype||a.document;if(!c.evaluate||b)a.XPathResult=U,c.evaluate=function(d,e,f,g){return(new ic(d,f)).evaluate(e,g)},c.createExpression=function(d,e){return new ic(d,e)},c.createNSResolver=function(d){return new jc(d)}}ba(\"wgxpath.install\",kc);ba(\"wgxpath.install\",kc);var lc={aliceblue:\"#f0f8ff\",antiquewhite:\"#faebd7\",aqua:\"#00ffff\",aquamarine:\"#7fffd4\",azure:\"#f0ffff\",beige:\"#f5f5dc\",bisque:\"#ffe4c4\",black:\"#000000\",blanchedalmond:\"#ffebcd\",blue:\"#0000ff\",blueviolet:\"#8a2be2\",brown:\"#a52a2a\",burlywood:\"#deb887\",cadetblue:\"#5f9ea0\",chartreuse:\"#7fff00\",chocolate:\"#d2691e\",coral:\"#ff7f50\",cornflowerblue:\"#6495ed\",cornsilk:\"#fff8dc\",crimson:\"#dc143c\",cyan:\"#00ffff\",darkblue:\"#00008b\",darkcyan:\"#008b8b\",darkgoldenrod:\"#b8860b\",darkgray:\"#a9a9a9\",darkgreen:\"#006400\",\ndarkgrey:\"#a9a9a9\",darkkhaki:\"#bdb76b\",darkmagenta:\"#8b008b\",darkolivegreen:\"#556b2f\",darkorange:\"#ff8c00\",darkorchid:\"#9932cc\",darkred:\"#8b0000\",darksalmon:\"#e9967a\",darkseagreen:\"#8fbc8f\",darkslateblue:\"#483d8b\",darkslategray:\"#2f4f4f\",darkslategrey:\"#2f4f4f\",darkturquoise:\"#00ced1\",darkviolet:\"#9400d3\",deeppink:\"#ff1493\",deepskyblue:\"#00bfff\",dimgray:\"#696969\",dimgrey:\"#696969\",dodgerblue:\"#1e90ff\",firebrick:\"#b22222\",floralwhite:\"#fffaf0\",forestgreen:\"#228b22\",fuchsia:\"#ff00ff\",gainsboro:\"#dcdcdc\",\nghostwhite:\"#f8f8ff\",gold:\"#ffd700\",goldenrod:\"#daa520\",gray:\"#808080\",green:\"#008000\",greenyellow:\"#adff2f\",grey:\"#808080\",honeydew:\"#f0fff0\",hotpink:\"#ff69b4\",indianred:\"#cd5c5c\",indigo:\"#4b0082\",ivory:\"#fffff0\",khaki:\"#f0e68c\",lavender:\"#e6e6fa\",lavenderblush:\"#fff0f5\",lawngreen:\"#7cfc00\",lemonchiffon:\"#fffacd\",lightblue:\"#add8e6\",lightcoral:\"#f08080\",lightcyan:\"#e0ffff\",lightgoldenrodyellow:\"#fafad2\",lightgray:\"#d3d3d3\",lightgreen:\"#90ee90\",lightgrey:\"#d3d3d3\",lightpink:\"#ffb6c1\",lightsalmon:\"#ffa07a\",\nlightseagreen:\"#20b2aa\",lightskyblue:\"#87cefa\",lightslategray:\"#778899\",lightslategrey:\"#778899\",lightsteelblue:\"#b0c4de\",lightyellow:\"#ffffe0\",lime:\"#00ff00\",limegreen:\"#32cd32\",linen:\"#faf0e6\",magenta:\"#ff00ff\",maroon:\"#800000\",mediumaquamarine:\"#66cdaa\",mediumblue:\"#0000cd\",mediumorchid:\"#ba55d3\",mediumpurple:\"#9370db\",mediumseagreen:\"#3cb371\",mediumslateblue:\"#7b68ee\",mediumspringgreen:\"#00fa9a\",mediumturquoise:\"#48d1cc\",mediumvioletred:\"#c71585\",midnightblue:\"#191970\",mintcream:\"#f5fffa\",mistyrose:\"#ffe4e1\",\nmoccasin:\"#ffe4b5\",navajowhite:\"#ffdead\",navy:\"#000080\",oldlace:\"#fdf5e6\",olive:\"#808000\",olivedrab:\"#6b8e23\",orange:\"#ffa500\",orangered:\"#ff4500\",orchid:\"#da70d6\",palegoldenrod:\"#eee8aa\",palegreen:\"#98fb98\",paleturquoise:\"#afeeee\",palevioletred:\"#db7093\",papayawhip:\"#ffefd5\",peachpuff:\"#ffdab9\",peru:\"#cd853f\",pink:\"#ffc0cb\",plum:\"#dda0dd\",powderblue:\"#b0e0e6\",purple:\"#800080\",red:\"#ff0000\",rosybrown:\"#bc8f8f\",royalblue:\"#4169e1\",saddlebrown:\"#8b4513\",salmon:\"#fa8072\",sandybrown:\"#f4a460\",seagreen:\"#2e8b57\",\nseashell:\"#fff5ee\",sienna:\"#a0522d\",silver:\"#c0c0c0\",skyblue:\"#87ceeb\",slateblue:\"#6a5acd\",slategray:\"#708090\",slategrey:\"#708090\",snow:\"#fffafa\",springgreen:\"#00ff7f\",steelblue:\"#4682b4\",tan:\"#d2b48c\",teal:\"#008080\",thistle:\"#d8bfd8\",tomato:\"#ff6347\",turquoise:\"#40e0d0\",violet:\"#ee82ee\",wheat:\"#f5deb3\",white:\"#ffffff\",whitesmoke:\"#f5f5f5\",yellow:\"#ffff00\",yellowgreen:\"#9acd32\"};var mc=\"backgroundColor borderTopColor borderRightColor borderBottomColor borderLeftColor color outlineColor\".split(\" \"),nc=/#([0-9a-fA-F])([0-9a-fA-F])([0-9a-fA-F])/,oc=/^#(?:[0-9a-f]{3}){1,2}$/i,pc=/^(?:rgba)?\\((\\d{1,3}),\\s?(\\d{1,3}),\\s?(\\d{1,3}),\\s?(0|1|0\\.\\d*)\\)$/i,qc=/^(?:rgb)?\\((0|[1-9]\\d{0,2}),\\s?(0|[1-9]\\d{0,2}),\\s?(0|[1-9]\\d{0,2})\\)$/i;function rc(a,b){this.code=a;this.a=V[a]||sc;this.message=b||\"\";a=this.a.replace(/((?:^|\\s+)[a-z])/g,function(c){return c.toUpperCase().replace(/^[\\s\\xa0]+/g,\"\")});b=a.length-5;if(0>b||a.indexOf(\"Error\",b)!=b)a+=\"Error\";this.name=a;a=Error(this.message);a.name=this.name;this.stack=a.stack||\"\"}l(rc,Error);var sc=\"unknown error\",V={15:\"element not selectable\",11:\"element not visible\"};V[31]=sc;V[30]=sc;V[24]=\"invalid cookie domain\";V[29]=\"invalid element coordinates\";V[12]=\"invalid element state\";\nV[32]=\"invalid selector\";V[51]=\"invalid selector\";V[52]=\"invalid selector\";V[17]=\"javascript error\";V[405]=\"unsupported operation\";V[34]=\"move target out of bounds\";V[27]=\"no such alert\";V[7]=\"no such element\";V[8]=\"no such frame\";V[23]=\"no such window\";V[28]=\"script timeout\";V[33]=\"session not created\";V[10]=\"stale element reference\";V[21]=\"timeout\";V[25]=\"unable to set cookie\";V[26]=\"unexpected alert open\";V[13]=sc;V[9]=\"unknown command\";var tc=va(),uc=ya()||u(\"iPod\"),vc=u(\"iPad\"),wc=u(\"Android\")&&!(wa()||va()||u(\"Opera\")||u(\"Silk\")),xc=wa(),yc=u(\"Safari\")&&!(wa()||u(\"Coast\")||u(\"Opera\")||u(\"Edge\")||u(\"Edg/\")||u(\"OPR\")||va()||u(\"Silk\")||u(\"Android\"))&&!(ya()||u(\"iPad\")||u(\"iPod\"));function zc(a){return(a=a.exec(t))?a[1]:\"\"}(function(){if(tc)return zc(/Firefox\\/([0-9.]+)/);if(v||Ca||Ba)return Ga;if(xc)return ya()||u(\"iPad\")||u(\"iPod\")?zc(/CriOS\\/([0-9.]+)/):zc(/Chrome\\/([0-9.]+)/);if(yc&&!(ya()||u(\"iPad\")||u(\"iPod\")))return zc(/Version\\/([0-9.]+)/);if(uc||vc){var a=/Version\\/(\\S+).*Mobile\\/(\\S+)/.exec(t);if(a)return a[1]+\".\"+a[2]}else if(wc)return(a=zc(/Android\\s+([0-9.]+)/))?a:zc(/Version\\/([0-9.]+)/);return\"\"})();var Ac,Bc=function(){if(!Da)return!1;var a=k.Components;if(!a)return!1;try{if(!a.classes)return!1}catch(e){return!1}var b=a.classes;a=a.interfaces;var c=b[\"@mozilla.org/xpcom/version-comparator;1\"].getService(a.nsIVersionComparator),d=b[\"@mozilla.org/xre/app-info;1\"].getService(a.nsIXULAppInfo).version;Ac=function(e){c.compare(d,\"\"+e)};return!0}(),Cc=v&&!(9\u003C=Number(La));wc&&Bc&&Ac(2.3);wc&&Bc&&Ac(4);yc&&Bc&&Ac(6);function W(a,b){b&&\"string\"!==typeof b&&(b=b.toString());return!!a&&1==a.nodeType&&(!b||a.tagName.toUpperCase()==b)};var Dc=function(){var a={K:\"http://www.w3.org/2000/svg\"};return function(b){return a[b]||null}}();\nfunction Ec(a,b){var c=A(a);if(!c.documentElement)return null;(v||wc)&&kc(c?c.parentWindow||c.defaultView:window);try{var d=c.createNSResolver?c.createNSResolver(c.documentElement):Dc;if(v&&!Ka(7))return c.evaluate.call(c,b,a,d,9,null);if(!v||9\u003C=Number(La)){for(var e={},f=c.getElementsByTagName(\"*\"),g=0;g\u003Cf.length;++g){var h=f[g],m=h.namespaceURI;if(m&&!e[m]){var w=h.lookupPrefix(m);if(!w){var r=m.match(\".*/(\\\\w+)/?$\");w=r?r[1]:\"xhtml\"}e[m]=w}}var D={},L;for(L in e)D[e[L]]=L;d=function(M){return D[M]||\nnull}}try{return c.evaluate(b,a,d,9,null)}catch(M){if(\"TypeError\"===M.name)return d=c.createNSResolver?c.createNSResolver(c.documentElement):Dc,c.evaluate(b,a,d,9,null);throw M;}}catch(M){if(!Da||\"NS_ERROR_ILLEGAL_VALUE\"!=M.name)throw new rc(32,\"Unable to locate an element with the xpath expression \"+b+\" because of the following error:\\n\"+M);}}\nfunction Fc(a,b){var c=function(){var d=Ec(b,a);return d?d.singleNodeValue||null:b.selectSingleNode?(d=A(b),d.setProperty&&d.setProperty(\"SelectionLanguage\",\"XPath\"),b.selectSingleNode(a)):null}();if(null!==c&&(!c||1!=c.nodeType))throw new rc(32,'The result of the xpath expression \"'+a+'\" is: '+c+\". It should be an element.\");return c};function Gc(a,b,c,d){this.c=a;this.a=b;this.b=c;this.f=d}Gc.prototype.ceil=function(){this.c=Math.ceil(this.c);this.a=Math.ceil(this.a);this.b=Math.ceil(this.b);this.f=Math.ceil(this.f);return this};Gc.prototype.floor=function(){this.c=Math.floor(this.c);this.a=Math.floor(this.a);this.b=Math.floor(this.b);this.f=Math.floor(this.f);return this};Gc.prototype.round=function(){this.c=Math.round(this.c);this.a=Math.round(this.a);this.b=Math.round(this.b);this.f=Math.round(this.f);return this};function X(a,b,c,d){this.a=a;this.b=b;this.width=c;this.height=d}X.prototype.ceil=function(){this.a=Math.ceil(this.a);this.b=Math.ceil(this.b);this.width=Math.ceil(this.width);this.height=Math.ceil(this.height);return this};X.prototype.floor=function(){this.a=Math.floor(this.a);this.b=Math.floor(this.b);this.width=Math.floor(this.width);this.height=Math.floor(this.height);return this};\nX.prototype.round=function(){this.a=Math.round(this.a);this.b=Math.round(this.b);this.width=Math.round(this.width);this.height=Math.round(this.height);return this};var Hc=\"function\"===typeof ShadowRoot;function Ic(a){for(a=a.parentNode;a&&1!=a.nodeType&&9!=a.nodeType&&11!=a.nodeType;)a=a.parentNode;return W(a)?a:null}\nfunction Y(a,b){b=xa(b);if(\"float\"==b||\"cssFloat\"==b||\"styleFloat\"==b)b=Cc?\"styleFloat\":\"cssFloat\";a:{var c=b;var d=A(a);if(d.defaultView&&d.defaultView.getComputedStyle&&(d=d.defaultView.getComputedStyle(a,null))){c=d[c]||d.getPropertyValue(c)||\"\";break a}c=\"\"}a=c||Jc(a,b);if(null===a)a=null;else if(0\u003C=ja(mc,b)){b:{var e=a.match(pc);if(e&&(b=Number(e[1]),c=Number(e[2]),d=Number(e[3]),e=Number(e[4]),0\u003C=b&&255>=b&&0\u003C=c&&255>=c&&0\u003C=d&&255>=d&&0\u003C=e&&1>=e)){b=[b,c,d,e];break b}b=null}if(!b)b:{if(d=a.match(qc))if(b=\nNumber(d[1]),c=Number(d[2]),d=Number(d[3]),0\u003C=b&&255>=b&&0\u003C=c&&255>=c&&0\u003C=d&&255>=d){b=[b,c,d,1];break b}b=null}if(!b)b:{b=a.toLowerCase();c=lc[b.toLowerCase()];if(!c&&(c=\"#\"==b.charAt(0)?b:\"#\"+b,4==c.length&&(c=c.replace(nc,\"#$1$1$2$2$3$3\")),!oc.test(c))){b=null;break b}b=[parseInt(c.substr(1,2),16),parseInt(c.substr(3,2),16),parseInt(c.substr(5,2),16),1]}a=b?\"rgba(\"+b.join(\", \")+\")\":a}return a}\nfunction Jc(a,b){var c=a.currentStyle||a.style,d=c[b];void 0===d&&\"function\"==ca(c.getPropertyValue)&&(d=c.getPropertyValue(b));return\"inherit\"!=d?void 0!==d?d:null:(a=Ic(a))?Jc(a,b):null}\nfunction Kc(a,b,c){function d(g){var h=Lc(g);return 0\u003Ch.height&&0\u003Ch.width?!0:W(g,\"PATH\")&&(0\u003Ch.height||0\u003Ch.width)?(g=Y(g,\"stroke-width\"),!!g&&0\u003CparseInt(g,10)):\"hidden\"!=Y(g,\"overflow\")&&ma(g.childNodes,function(m){return 3==m.nodeType||W(m)&&d(m)})}function e(g){return Mc(g)==Z&&na(g.childNodes,function(h){return!W(h)||e(h)||!d(h)})}if(!W(a))throw Error(\"Argument to isShown must be of type Element\");if(W(a,\"BODY\"))return!0;if(W(a,\"OPTION\")||W(a,\"OPTGROUP\"))return a=$a(a,function(g){return W(g,\"SELECT\")}),\n!!a&&Kc(a,!0,c);var f=Nc(a);if(f)return!!f.image&&0\u003Cf.rect.width&&0\u003Cf.rect.height&&Kc(f.image,b,c);if(W(a,\"INPUT\")&&\"hidden\"==a.type.toLowerCase()||W(a,\"NOSCRIPT\"))return!1;f=Y(a,\"visibility\");return\"collapse\"!=f&&\"hidden\"!=f&&c(a)&&(b||0!=Oc(a))&&d(a)?!e(a):!1}var Z=\"hidden\";\nfunction Mc(a){function b(p){function q(jb){if(jb==g)return!0;var Zb=Y(jb,\"display\");return 0==Zb.lastIndexOf(\"inline\",0)||\"contents\"==Zb||\"absolute\"==$b&&\"static\"==Y(jb,\"position\")?!1:!0}var $b=Y(p,\"position\");if(\"fixed\"==$b)return w=!0,p==g?null:g;for(p=Ic(p);p&&!q(p);)p=Ic(p);return p}function c(p){var q=p;if(\"visible\"==m)if(p==g&&h)q=h;else if(p==h)return{x:\"visible\",y:\"visible\"};q={x:Y(q,\"overflow-x\"),y:Y(q,\"overflow-y\")};p==g&&(q.x=\"visible\"==q.x?\"auto\":q.x,q.y=\"visible\"==q.y?\"auto\":q.y);return q}\nfunction d(p){if(p==g){var q=(new ab(f)).a;p=q.scrollingElement?q.scrollingElement:Ea||\"CSS1Compat\"!=q.compatMode?q.body||q.documentElement:q.documentElement;q=q.parentWindow||q.defaultView;p=v&&Ka(\"10\")&&q.pageYOffset!=p.scrollTop?new Ua(p.scrollLeft,p.scrollTop):new Ua(q.pageXOffset||p.scrollLeft,q.pageYOffset||p.scrollTop)}else p=new Ua(p.scrollLeft,p.scrollTop);return p}var e=Pc(a),f=A(a),g=f.documentElement,h=f.body,m=Y(g,\"overflow\"),w;for(a=b(a);a;a=b(a)){var r=c(a);if(\"visible\"!=r.x||\"visible\"!=\nr.y){var D=Lc(a);if(0==D.width||0==D.height)return Z;var L=e.a\u003CD.a,M=e.b\u003CD.b;if(L&&\"hidden\"==r.x||M&&\"hidden\"==r.y)return Z;if(L&&\"visible\"!=r.x||M&&\"visible\"!=r.y){L=d(a);M=e.b\u003CD.b-L.y;if(e.a\u003CD.a-L.x&&\"visible\"!=r.x||M&&\"visible\"!=r.x)return Z;e=Mc(a);return e==Z?Z:\"scroll\"}L=e.f>=D.a+D.width;D=e.c>=D.b+D.height;if(L&&\"hidden\"==r.x||D&&\"hidden\"==r.y)return Z;if(L&&\"visible\"!=r.x||D&&\"visible\"!=r.y){if(w&&(r=d(a),e.f>=g.scrollWidth-r.x||e.a>=g.scrollHeight-r.y))return Z;e=Mc(a);return e==Z?Z:\"scroll\"}}}return\"none\"}\nfunction Lc(a){var b=Nc(a);if(b)return b.rect;if(W(a,\"HTML\"))return a=A(a),a=((a?a.parentWindow||a.defaultView:window)||window).document,a=\"CSS1Compat\"==a.compatMode?a.documentElement:a.body,a=new Va(a.clientWidth,a.clientHeight),new X(0,0,a.width,a.height);try{var c=a.getBoundingClientRect()}catch(d){return new X(0,0,0,0)}b=new X(c.left,c.top,c.right-c.left,c.bottom-c.top);v&&a.ownerDocument.body&&(a=A(a),b.a-=a.documentElement.clientLeft+a.body.clientLeft,b.b-=a.documentElement.clientTop+a.body.clientTop);\nreturn b}function Nc(a){var b=W(a,\"MAP\");if(!b&&!W(a,\"AREA\"))return null;var c=b?a:W(a.parentNode,\"MAP\")?a.parentNode:null,d=null,e=null;c&&c.name&&(d=Fc('/descendant::*[@usemap = \"#'+c.name+'\"]',A(c)))&&(e=Lc(d),b||\"default\"==a.shape.toLowerCase()||(a=Qc(a),b=Math.min(Math.max(a.a,0),e.width),c=Math.min(Math.max(a.b,0),e.height),e=new X(b+e.a,c+e.b,Math.min(a.width,e.width-b),Math.min(a.height,e.height-c))));return{image:d,rect:e||new X(0,0,0,0)}}\nfunction Qc(a){var b=a.shape.toLowerCase();a=a.coords.split(\",\");if(\"rect\"==b&&4==a.length){b=a[0];var c=a[1];return new X(b,c,a[2]-b,a[3]-c)}if(\"circle\"==b&&3==a.length)return b=a[2],new X(a[0]-b,a[1]-b,2*b,2*b);if(\"poly\"==b&&2\u003Ca.length){b=a[0];c=a[1];for(var d=b,e=c,f=2;f+1\u003Ca.length;f+=2)b=Math.min(b,a[f]),d=Math.max(d,a[f]),c=Math.min(c,a[f+1]),e=Math.max(e,a[f+1]);return new X(b,c,d-b,e-c)}return new X(0,0,0,0)}function Pc(a){a=Lc(a);return new Gc(a.b,a.a+a.width,a.b+a.height,a.a)}\nfunction Oc(a){if(Cc){if(\"relative\"==Y(a,\"position\"))return 1;a=Y(a,\"filter\");return(a=a.match(/^alpha\\(opacity=(\\d*)\\)/)||a.match(/^progid:DXImageTransform.Microsoft.Alpha\\(Opacity=(\\d*)\\)/))?Number(a[1])/100:1}return Rc(a)}function Rc(a){var b=1,c=Y(a,\"opacity\");c&&(b=Number(c));(a=Ic(a))&&(b*=Rc(a));return b};ba(\"_\",function(a,b){function c(d){if(W(d)&&\"none\"==Y(d,\"display\"))return!1;var e;if((e=d.parentNode)&&e.shadowRoot&&void 0!==d.assignedSlot)e=d.assignedSlot?d.assignedSlot.parentNode:null;else if(d.getDestinationInsertionPoints){var f=d.getDestinationInsertionPoints();0\u003Cf.length&&(e=f[f.length-1])}if(Hc&&e instanceof ShadowRoot){if(e.host.shadowRoot!==e)return!1;e=e.host}return!e||9!=e.nodeType&&11!=e.nodeType?e&&W(e,\"DETAILS\")&&!e.open&&!W(d,\"SUMMARY\")?!1:!!e&&c(e):!0}return Kc(a,!!b,c)});; return this._.apply(null,arguments);}).apply({navigator:typeof window!='undefined'?window.navigator:null,document:typeof window!='undefined'?window.document:null}, arguments);}\n).apply(null, arguments);"
}
[1643918688.778][INFO]: Waiting for pending navigations...
[1643918688.778][DEBUG]: DevTools WebSocket Command: Runtime.evaluate (id=133) 9C078928568725D01EE14579089CEF80 {
   "expression": "1"
}
[1643918688.797][DEBUG]: DevTools WebSocket Event: Page.loadEventFired D2A6CEBFE50A399421386EC578A03C64 {
   "timestamp": 588038.210526
}
[1643918688.798][DEBUG]: DevTools WebSocket Event: Page.frameStoppedLoading D2A6CEBFE50A399421386EC578A03C64 {
   "frameId": "601F22D4F3A0C379496B1921D587DE7D"
}
[1643918688.832][DEBUG]: DevTools WebSocket Event: Target.attachedToTarget D2A6CEBFE50A399421386EC578A03C64 {
   "sessionId": "C8E4D5A767E524511CB67EA1411CBBA1",
   "targetInfo": {
      "attached": true,
      "browserContextId": "C1BA552A7CCC61B93D47D283FD934518",
      "canAccessOpener": false,
      "targetId": "B78B94918550017CFEE72951172DAB30",
      "title": "https://www.google.com/recaptcha/api2/webworker.js?hl=en&v=dPctOHA2ifhWm5WzFM_B5TjT",
      "type": "worker",
      "url": "https://www.google.com/recaptcha/api2/webworker.js?hl=en&v=dPctOHA2ifhWm5WzFM_B5TjT"
   },
   "waitingForDebugger": false
}
[1643918688.946][DEBUG]: DevTools WebSocket Event: Page.frameAttached 9C078928568725D01EE14579089CEF80 {
   "frameId": "48F53B0A5FC4517AEF9EECDDEF0A10C2",
   "parentFrameId": "348A775C6DEA04810E83B2F1154BC6C9",
   "stack": {
      "callFrames": [ {
         "columnNumber": 104,
         "functionName": "",
         "lineNumber": 313,
         "scriptId": "275",
         "url": "https://www.gstatic.com/recaptcha/releases/dPctOHA2ifhWm5WzFM_B5TjT/recaptcha__en.js"
      }, {
         "columnNumber": 431,
         "functionName": "",
         "lineNumber": 275,
         "scriptId": "275",
         "url": "https://www.gstatic.com/recaptcha/releases/dPctOHA2ifhWm5WzFM_B5TjT/recaptcha__en.js"
      }, {
         "columnNumber": 15,
         "functionName": "",
         "lineNumber": 211,
         "scriptId": "275",
         "url": "https://www.gstatic.com/recaptcha/releases/dPctOHA2ifhWm5WzFM_B5TjT/recaptcha__en.js"
      }, {
         "columnNumber": 63,
         "functionName": "",
         "lineNumber": 350,
         "scriptId": "275",
         "url": "https://www.gstatic.com/recaptcha/releases/dPctOHA2ifhWm5WzFM_B5TjT/recaptcha__en.js"
      }, {
         "columnNumber": 177,
         "functionName": "Z.next",
         "lineNumber": 295,
         "scriptId": "275",
         "url": "https://www.gstatic.com/recaptcha/releases/dPctOHA2ifhWm5WzFM_B5TjT/recaptcha__en.js"
      }, {
         "columnNumber": 214,
         "functionName": "",
         "lineNumber": 111,
         "scriptId": "275",
         "url": "https://www.gstatic.com/recaptcha/releases/dPctOHA2ifhWm5WzFM_B5TjT/recaptcha__en.js"
      }, {
         "columnNumber": 107,
         "functionName": "",
         "lineNumber": 111,
         "scriptId": "275",
         "url": "https://www.gstatic.com/recaptcha/releases/dPctOHA2ifhWm5WzFM_B5TjT/recaptcha__en.js"
      }, {
         "columnNumber": 411,
         "functionName": "",
         "lineNumber": 30,
         "scriptId": "275",
         "url": "https://www.gstatic.com/recaptcha/releases/dPctOHA2ifhWm5WzFM_B5TjT/recaptcha__en.js"
      }, {
         "columnNumber": 466,
         "functionName": "",
         "lineNumber": 210,
         "scriptId": "275",
         "url": "https://www.gstatic.com/recaptcha/releases/dPctOHA2ifhWm5WzFM_B5TjT/recaptcha__en.js"
      }, {
         "columnNumber": 215,
         "functionName": "",
         "lineNumber": 341,
         "scriptId": "275",
         "url": "https://www.gstatic.com/recaptcha/releases/dPctOHA2ifhWm5WzFM_B5TjT/recaptcha__en.js"
      }, {
         "columnNumber": 63,
         "functionName": "",
         "lineNumber": 350,
         "scriptId": "275",
         "url": "https://www.gstatic.com/recaptcha/releases/dPctOHA2ifhWm5WzFM_B5TjT/recaptcha__en.js"
      }, {
         "columnNumber": 177,
         "functionName": "Z.next",
         "lineNumber": 295,
         "scriptId": "275",
         "url": "https://www.gstatic.com/recaptcha/releases/dPctOHA2ifhWm5WzFM_B5TjT/recaptcha__en.js"
      }, {
         "columnNumber": 214,
         "functionName": "",
         "lineNumber": 111,
         "scriptId": "275",
         "url": "https://www.gstatic.com/recaptcha/releases/dPctOHA2ifhWm5WzFM_B5TjT/recaptcha__en.js"
      }, {
         "columnNumber": 107,
         "functionName": "",
         "lineNumber": 111,
         "scriptId": "275",
         "url": "https://www.gstatic.com/recaptcha/releases/dPctOHA2ifhWm5WzFM_B5TjT/recaptcha__en.js"
      }, {
         "columnNumber": 411,
         "functionName": "",
         "lineNumber": 30,
         "scriptId": "275",
         "url": "https://www.gstatic.com/recaptcha/releases/dPctOHA2ifhWm5WzFM_B5TjT/recaptcha__en.js"
      }, {
         "columnNumber": 117,
         "functionName": "",
         "lineNumber": 341,
         "scriptId": "275",
         "url": "https://www.gstatic.com/recaptcha/releases/dPctOHA2ifhWm5WzFM_B5TjT/recaptcha__en.js"
      }, {
         "columnNumber": 514,
         "functionName": "",
         "lineNumber": 377,
         "scriptId": "275",
         "url": "https://www.gstatic.com/recaptcha/releases/dPctOHA2ifhWm5WzFM_B5TjT/recaptcha__en.js"
      }, {
         "columnNumber": 123,
         "functionName": "ot",
         "lineNumber": 501,
         "scriptId": "275",
         "url": "https://www.gstatic.com/recaptcha/releases/dPctOHA2ifhWm5WzFM_B5TjT/recaptcha__en.js"
      }, {
         "columnNumber": 286,
         "functionName": "b",
         "lineNumber": 63,
         "scriptId": "275",
         "url": "https://www.gstatic.com/recaptcha/releases/dPctOHA2ifhWm5WzFM_B5TjT/recaptcha__en.js"
      }, "..." ]
   }
}
[1643918688.975][DEBUG]: DevTools WebSocket Event: Page.frameStartedLoading 9C078928568725D01EE14579089CEF80 {
   "frameId": "48F53B0A5FC4517AEF9EECDDEF0A10C2"
}
[1643918689.076][DEBUG]: DevTools WebSocket Event: Page.frameNavigated 9C078928568725D01EE14579089CEF80 {
   "frame": {
      "adFrameStatus": {
         "adFrameType": "none",
         "explanations": [  ]
      },
      "crossOriginIsolatedContextType": "NotIsolatedFeatureDisabled",
      "domainAndRegistry": "",
      "gatedAPIFeatures": [  ],
      "id": "48F53B0A5FC4517AEF9EECDDEF0A10C2",
      "loaderId": "6A0199E914E366D58A3F5DDCBA2341A5",
      "mimeType": "text/html",
      "name": "",
      "parentId": "348A775C6DEA04810E83B2F1154BC6C9",
      "secureContextType": "Secure",
      "securityOrigin": "://",
      "url": "about:blank"
   },
   "type": "Navigation"
}
[1643918689.076][DEBUG]: DevTools WebSocket Event: Runtime.executionContextCreated 9C078928568725D01EE14579089CEF80 {
   "context": {
      "auxData": {
         "frameId": "48F53B0A5FC4517AEF9EECDDEF0A10C2",
         "isDefault": true,
         "type": "default"
      },
      "id": 15,
      "name": "",
      "origin": "https://id.rambler.ru",
      "uniqueId": "2368487203377495739.8362284957754070573"
   }
}
[1643918689.076][DEBUG]: DevTools WebSocket Event: Page.frameStoppedLoading 9C078928568725D01EE14579089CEF80 {
   "frameId": "48F53B0A5FC4517AEF9EECDDEF0A10C2"
}
[1643918689.211][DEBUG]: DevTools WebSocket Event: DOM.childNodeCountUpdated D2A6CEBFE50A399421386EC578A03C64 {
   "childNodeCount": 5,
   "nodeId": 8
}
[1643918689.212][DEBUG]: DevTools WebSocket Event: Page.frameAttached D2A6CEBFE50A399421386EC578A03C64 {
   "frameId": "52F85E18659321EC1300AB45CB1EE012",
   "parentFrameId": "601F22D4F3A0C379496B1921D587DE7D",
   "stack": {
      "callFrames": [ {
         "columnNumber": 104,
         "functionName": "",
         "lineNumber": 313,
         "scriptId": "7",
         "url": "https://www.gstatic.com/recaptcha/releases/dPctOHA2ifhWm5WzFM_B5TjT/recaptcha__en.js"
      }, {
         "columnNumber": 34,
         "functionName": "",
         "lineNumber": 595,
         "scriptId": "7",
         "url": "https://www.gstatic.com/recaptcha/releases/dPctOHA2ifhWm5WzFM_B5TjT/recaptcha__en.js"
      }, {
         "columnNumber": 279,
         "functionName": "",
         "lineNumber": 541,
         "scriptId": "7",
         "url": "https://www.gstatic.com/recaptcha/releases/dPctOHA2ifhWm5WzFM_B5TjT/recaptcha__en.js"
      }, {
         "columnNumber": 337,
         "functionName": "",
         "lineNumber": 246,
         "scriptId": "7",
         "url": "https://www.gstatic.com/recaptcha/releases/dPctOHA2ifhWm5WzFM_B5TjT/recaptcha__en.js"
      }, {
         "columnNumber": 142,
         "functionName": "",
         "lineNumber": 541,
         "scriptId": "7",
         "url": "https://www.gstatic.com/recaptcha/releases/dPctOHA2ifhWm5WzFM_B5TjT/recaptcha__en.js"
      }, {
         "columnNumber": 105,
         "functionName": "",
         "lineNumber": 193,
         "scriptId": "7",
         "url": "https://www.gstatic.com/recaptcha/releases/dPctOHA2ifhWm5WzFM_B5TjT/recaptcha__en.js"
      }, {
         "columnNumber": 242,
         "functionName": "",
         "lineNumber": 209,
         "scriptId": "7",
         "url": "https://www.gstatic.com/recaptcha/releases/dPctOHA2ifhWm5WzFM_B5TjT/recaptcha__en.js"
      }, {
         "columnNumber": 257,
         "functionName": "",
         "lineNumber": 204,
         "scriptId": "7",
         "url": "https://www.gstatic.com/recaptcha/releases/dPctOHA2ifhWm5WzFM_B5TjT/recaptcha__en.js"
      }, {
         "columnNumber": 32,
         "functionName": "",
         "lineNumber": 240,
         "scriptId": "7",
         "url": "https://www.gstatic.com/recaptcha/releases/dPctOHA2ifhWm5WzFM_B5TjT/recaptcha__en.js"
      }, {
         "columnNumber": 63,
         "functionName": "",
         "lineNumber": 350,
         "scriptId": "7",
         "url": "https://www.gstatic.com/recaptcha/releases/dPctOHA2ifhWm5WzFM_B5TjT/recaptcha__en.js"
      }, {
         "columnNumber": 177,
         "functionName": "Z.next",
         "lineNumber": 295,
         "scriptId": "7",
         "url": "https://www.gstatic.com/recaptcha/releases/dPctOHA2ifhWm5WzFM_B5TjT/recaptcha__en.js"
      }, {
         "columnNumber": 214,
         "functionName": "",
         "lineNumber": 111,
         "scriptId": "7",
         "url": "https://www.gstatic.com/recaptcha/releases/dPctOHA2ifhWm5WzFM_B5TjT/recaptcha__en.js"
      }, {
         "columnNumber": 107,
         "functionName": "",
         "lineNumber": 111,
         "scriptId": "7",
         "url": "https://www.gstatic.com/recaptcha/releases/dPctOHA2ifhWm5WzFM_B5TjT/recaptcha__en.js"
      }, {
         "columnNumber": 411,
         "functionName": "",
         "lineNumber": 30,
         "scriptId": "7",
         "url": "https://www.gstatic.com/recaptcha/releases/dPctOHA2ifhWm5WzFM_B5TjT/recaptcha__en.js"
      }, {
         "columnNumber": 394,
         "functionName": "E.A",
         "lineNumber": 239,
         "scriptId": "7",
         "url": "https://www.gstatic.com/recaptcha/releases/dPctOHA2ifhWm5WzFM_B5TjT/recaptcha__en.js"
      }, {
         "columnNumber": 274,
         "functionName": "",
         "lineNumber": 209,
         "scriptId": "7",
         "url": "https://www.gstatic.com/recaptcha/releases/dPctOHA2ifhWm5WzFM_B5TjT/recaptcha__en.js"
      }, {
         "columnNumber": 63,
         "functionName": "",
         "lineNumber": 350,
         "scriptId": "7",
         "url": "https://www.gstatic.com/recaptcha/releases/dPctOHA2ifhWm5WzFM_B5TjT/recaptcha__en.js"
      }, {
         "columnNumber": 177,
         "functionName": "Z.next",
         "lineNumber": 295,
         "scriptId": "7",
         "url": "https://www.gstatic.com/recaptcha/releases/dPctOHA2ifhWm5WzFM_B5TjT/recaptcha__en.js"
      }, {
         "columnNumber": 214,
         "functionName": "",
         "lineNumber": 111,
         "scriptId": "7",
         "url": "https://www.gstatic.com/recaptcha/releases/dPctOHA2ifhWm5WzFM_B5TjT/recaptcha__en.js"
      }, "..." ]
   }
}
[1643918689.214][DEBUG]: DevTools WebSocket Event: Page.frameStartedLoading D2A6CEBFE50A399421386EC578A03C64 {
   "frameId": "52F85E18659321EC1300AB45CB1EE012"
}
[1643918689.226][DEBUG]: DevTools WebSocket Event: Page.frameNavigated D2A6CEBFE50A399421386EC578A03C64 {
   "frame": {
      "adFrameStatus": {
         "adFrameType": "none",
         "explanations": [  ]
      },
      "crossOriginIsolatedContextType": "NotIsolatedFeatureDisabled",
      "domainAndRegistry": "",
      "gatedAPIFeatures": [  ],
      "id": "52F85E18659321EC1300AB45CB1EE012",
      "loaderId": "D8A32C12681D9CB4879473A05E21317E",
      "mimeType": "text/html",
      "name": "",
      "parentId": "601F22D4F3A0C379496B1921D587DE7D",
      "secureContextType": "Secure",
      "securityOrigin": "://",
      "url": "about:blank"
   },
   "type": "Navigation"
}
[1643918689.226][DEBUG]: DevTools WebSocket Event: Runtime.executionContextCreated D2A6CEBFE50A399421386EC578A03C64 {
   "context": {
      "auxData": {
         "frameId": "52F85E18659321EC1300AB45CB1EE012",
         "isDefault": true,
         "type": "default"
      },
      "id": 4,
      "name": "",
      "origin": "https://www.google.com",
      "uniqueId": "6531289620686590807.-3123817093117346741"
   }
}
[1643918689.226][DEBUG]: DevTools WebSocket Event: Page.frameStoppedLoading D2A6CEBFE50A399421386EC578A03C64 {
   "frameId": "52F85E18659321EC1300AB45CB1EE012"
}
[1643918689.233][DEBUG]: DevTools WebSocket Response: Runtime.evaluate (id=133) 9C078928568725D01EE14579089CEF80 {
   "result": {
      "description": "1",
      "type": "number",
      "value": 1
   }
}
[1643918689.233][INFO]: Done waiting for pending navigations. Status: ok
[1643918689.236][DEBUG]: DevTools WebSocket Command: Runtime.evaluate (id=134) 9C078928568725D01EE14579089CEF80 {
   "awaitPromise": true,
   "contextId": 13,
   "expression": "(function() { // Copyright (c) 2012 The Chromium Authors. All rights reserved.\n// Use of this source code is governed by a BSD-style license that can be\n// found in the LICENSE file.\n\n/**\n * Enum f...",
   "returnByValue": true
}
[1643918689.505][DEBUG]: DevTools WebSocket Response: Runtime.evaluate (id=134) 9C078928568725D01EE14579089CEF80 {
   "result": {
      "type": "object",
      "value": {
         "status": 0,
         "value": true
      }
   }
}
[1643918689.505][INFO]: Waiting for pending navigations...
[1643918689.505][DEBUG]: DevTools WebSocket Command: Runtime.evaluate (id=135) 9C078928568725D01EE14579089CEF80 {
   "expression": "1"
}
[1643918689.541][DEBUG]: DevTools WebSocket Response: Runtime.evaluate (id=135) 9C078928568725D01EE14579089CEF80 {
   "result": {
      "description": "1",
      "type": "number",
      "value": 1
   }
}
[1643918689.541][INFO]: Done waiting for pending navigations. Status: ok
[1643918689.541][INFO]: [944c5d7d3bf48ce3eae830b6e3ff061b] RESPONSE ExecuteScript true
[1643918689.551][INFO]: [944c5d7d3bf48ce3eae830b6e3ff061b] COMMAND FindElement {
   "using": "css selector",
   "value": "#login"
}
[1643918689.551][INFO]: Waiting for pending navigations...
[1643918689.551][DEBUG]: DevTools WebSocket Command: Runtime.evaluate (id=136) 9C078928568725D01EE14579089CEF80 {
   "expression": "1"
}
[1643918689.561][DEBUG]: DevTools WebSocket Response: Runtime.evaluate (id=136) 9C078928568725D01EE14579089CEF80 {
   "result": {
      "description": "1",
      "type": "number",
      "value": 1
   }
}
[1643918689.561][INFO]: Done waiting for pending navigations. Status: ok
[1643918689.564][DEBUG]: DevTools WebSocket Command: Runtime.evaluate (id=137) 9C078928568725D01EE14579089CEF80 {
   "awaitPromise": true,
   "contextId": 13,
   "expression": "(function() { // Copyright (c) 2012 The Chromium Authors. All rights reserved.\n// Use of this source code is governed by a BSD-style license that can be\n// found in the LICENSE file.\n\n/**\n * Enum f...",
   "returnByValue": true
}
[1643918689.826][DEBUG]: DevTools WebSocket Response: Runtime.evaluate (id=137) 9C078928568725D01EE14579089CEF80 {
   "result": {
      "type": "object",
      "value": {
         "status": 0,
         "value": {
            "element-6066-11e4-a52e-4f735466cecf": "b8683f4f-a93c-40ef-9b3a-819495cabe0c"
         }
      }
   }
}
[1643918689.826][INFO]: Waiting for pending navigations...
[1643918689.826][DEBUG]: DevTools WebSocket Command: Runtime.evaluate (id=138) 9C078928568725D01EE14579089CEF80 {
   "expression": "1"
}
[1643918689.928][DEBUG]: DevTools WebSocket Response: Runtime.evaluate (id=138) 9C078928568725D01EE14579089CEF80 {
   "result": {
      "description": "1",
      "type": "number",
      "value": 1
   }
}
[1643918689.928][INFO]: Done waiting for pending navigations. Status: ok
[1643918689.928][INFO]: [944c5d7d3bf48ce3eae830b6e3ff061b] RESPONSE FindElement {
   "element-6066-11e4-a52e-4f735466cecf": "b8683f4f-a93c-40ef-9b3a-819495cabe0c"
}
[1643918689.945][INFO]: [944c5d7d3bf48ce3eae830b6e3ff061b] COMMAND TypeElement {
   "id": "b8683f4f-a93c-40ef-9b3a-819495cabe0c",
   "text": "simpleautomation@rambler.ru",
   "value": [ "s", "i", "m", "p", "l", "e", "a", "u", "t", "o", "m", "a", "t", "i", "o", "n", "@", "r", "a", "m", "b", "l", "e", "r", ".", "r", "u" ]
}
[1643918689.945][INFO]: Waiting for pending navigations...
[1643918689.945][DEBUG]: DevTools WebSocket Command: Runtime.evaluate (id=139) 9C078928568725D01EE14579089CEF80 {
   "expression": "1"
}
[1643918689.952][DEBUG]: DevTools WebSocket Event: Page.frameAttached 9C078928568725D01EE14579089CEF80 {
   "frameId": "0CE71E1C613BE2378A117FAE8F4AD487",
   "parentFrameId": "53121D82DF48193CF560EBD16C07A900",
   "stack": {
      "callFrames": [ {
         "columnNumber": 283872,
         "functionName": "e.parseLinks",
         "lineNumber": 0,
         "scriptId": "265",
         "url": "https://ssp.rambler.ru/capirs_async.js"
      }, {
         "columnNumber": 318411,
         "functionName": "",
         "lineNumber": 0,
         "scriptId": "265",
         "url": "https://ssp.rambler.ru/capirs_async.js"
      } ]
   }
}
[1643918689.958][DEBUG]: DevTools WebSocket Event: Page.frameStartedLoading 9C078928568725D01EE14579089CEF80 {
   "frameId": "0CE71E1C613BE2378A117FAE8F4AD487"
}
[1643918690.008][DEBUG]: DevTools WebSocket Response: Runtime.evaluate (id=139) 9C078928568725D01EE14579089CEF80 {
   "result": {
      "description": "1",
      "type": "number",
      "value": 1
   }
}
[1643918690.008][INFO]: Done waiting for pending navigations. Status: ok
[1643918690.010][DEBUG]: DevTools WebSocket Command: Runtime.evaluate (id=140) 9C078928568725D01EE14579089CEF80 {
   "awaitPromise": true,
   "contextId": 13,
   "expression": "(function() { // Copyright (c) 2012 The Chromium Authors. All rights reserved.\n// Use of this source code is governed by a BSD-style license that can be\n// found in the LICENSE file.\n\n/**\n * Enum f...",
   "returnByValue": true
}
[1643918690.019][DEBUG]: DevTools WebSocket Event: Page.frameNavigated 9C078928568725D01EE14579089CEF80 {
   "frame": {
      "adFrameStatus": {
         "adFrameType": "none",
         "explanations": [  ]
      },
      "crossOriginIsolatedContextType": "NotIsolatedFeatureDisabled",
      "domainAndRegistry": "rambler.ru",
      "gatedAPIFeatures": [  ],
      "id": "0CE71E1C613BE2378A117FAE8F4AD487",
      "loaderId": "7140A815A8AA81221964F80B116DD4FA",
      "mimeType": "text/html",
      "name": "",
      "parentId": "53121D82DF48193CF560EBD16C07A900",
      "secureContextType": "Secure",
      "securityOrigin": "https://profile.ssp.rambler.ru",
      "url": "https://profile.ssp.rambler.ru/sandbox?img=J-zqOmpdxLUwFTf7kkpVrJnzuDmtmjx2M2JziqPQmDVmwxknCF3ldFVdPb0oxHLI*ygroS1RZI0mvQvtdiMGYEIfbRef6dOG2SlLcWAks0VknfTKDyTMyrRUBx0IVRwenWIJhAo688UevYA6G*lPAk4Nkr..."
   },
   "type": "Navigation"
}
[1643918690.020][DEBUG]: DevTools WebSocket Event: Runtime.executionContextCreated 9C078928568725D01EE14579089CEF80 {
   "context": {
      "auxData": {
         "frameId": "0CE71E1C613BE2378A117FAE8F4AD487",
         "isDefault": true,
         "type": "default"
      },
      "id": 16,
      "name": "",
      "origin": "https://profile.ssp.rambler.ru",
      "uniqueId": "-8486196946141884108.-7932392723196149017"
   }
}
[1643918690.087][DEBUG]: DevTools WebSocket Response: Runtime.evaluate (id=140) 9C078928568725D01EE14579089CEF80 {
   "result": {
      "type": "object",
      "value": {
         "status": 0,
         "value": "INPUT"
      }
   }
}
[1643918690.089][DEBUG]: DevTools WebSocket Command: Runtime.evaluate (id=141) 9C078928568725D01EE14579089CEF80 {
   "awaitPromise": true,
   "contextId": 13,
   "expression": "(function() { // Copyright (c) 2012 The Chromium Authors. All rights reserved.\n// Use of this source code is governed by a BSD-style license that can be\n// found in the LICENSE file.\n\n/**\n * Enum f...",
   "returnByValue": true
}
[1643918690.143][DEBUG]: DevTools WebSocket Response: Runtime.evaluate (id=141) 9C078928568725D01EE14579089CEF80 {
   "result": {
      "type": "object",
      "value": {
         "status": 0,
         "value": "email"
      }
   }
}
[1643918690.144][DEBUG]: DevTools WebSocket Command: Runtime.evaluate (id=142) 9C078928568725D01EE14579089CEF80 {
   "awaitPromise": true,
   "contextId": 13,
   "expression": "(function() { // Copyright (c) 2012 The Chromium Authors. All rights reserved.\n// Use of this source code is governed by a BSD-style license that can be\n// found in the LICENSE file.\n\n/**\n * Enum f...",
   "returnByValue": true
}
[1643918690.147][DEBUG]: DevTools WebSocket Event: Page.frameStoppedLoading 9C078928568725D01EE14579089CEF80 {
   "frameId": "348A775C6DEA04810E83B2F1154BC6C9"
}
[1643918690.157][DEBUG]: DevTools WebSocket Response: Runtime.evaluate (id=142) 9C078928568725D01EE14579089CEF80 {
   "result": {
      "type": "object",
      "value": {
         "status": 0,
         "value": false
      }
   }
}
[1643918690.159][DEBUG]: DevTools WebSocket Command: Runtime.evaluate (id=143) 9C078928568725D01EE14579089CEF80 {
   "awaitPromise": true,
   "contextId": 13,
   "expression": "(function() { // Copyright (c) 2012 The Chromium Authors. All rights reserved.\n// Use of this source code is governed by a BSD-style license that can be\n// found in the LICENSE file.\n\n/**\n * Enum f...",
   "returnByValue": true
}
[1643918690.161][DEBUG]: DevTools WebSocket Event: DOM.inlineStyleInvalidated 9C078928568725D01EE14579089CEF80 {
   "nodeIds": [ 90 ]
}
[1643918690.163][DEBUG]: DevTools WebSocket Response: Runtime.evaluate (id=143) 9C078928568725D01EE14579089CEF80 {
   "result": {
      "type": "object",
      "value": {
         "status": 0,
         "value": "INPUT"
      }
   }
}
[1643918690.163][DEBUG]: DevTools WebSocket Command: Runtime.evaluate (id=144) 9C078928568725D01EE14579089CEF80 {
   "awaitPromise": false,
   "contextId": 13,
   "expression": "document.hasFocus()",
   "returnByValue": true
}
[1643918690.166][DEBUG]: DevTools WebSocket Event: Page.frameStoppedLoading 9C078928568725D01EE14579089CEF80 {
   "frameId": "0CE71E1C613BE2378A117FAE8F4AD487"
}
[1643918690.166][DEBUG]: DevTools WebSocket Response: Runtime.evaluate (id=144) 9C078928568725D01EE14579089CEF80 {
   "result": {
      "type": "boolean",
      "value": true
   }
}
[1643918690.167][DEBUG]: DevTools WebSocket Command: Runtime.evaluate (id=145) 9C078928568725D01EE14579089CEF80 {
   "awaitPromise": true,
   "contextId": 13,
   "expression": "(function() { // Copyright (c) 2012 The Chromium Authors. All rights reserved.\n// Use of this source code is governed by a BSD-style license that can be\n// found in the LICENSE file.\n\n/**\n * Enum f...",
   "returnByValue": true
}
[1643918690.170][DEBUG]: DevTools WebSocket Response: Runtime.evaluate (id=145) 9C078928568725D01EE14579089CEF80 {
   "result": {
      "type": "object",
      "value": {
         "status": 0,
         "value": {
            "element-6066-11e4-a52e-4f735466cecf": "b8683f4f-a93c-40ef-9b3a-819495cabe0c"
         }
      }
   }
}
[1643918690.172][DEBUG]: DevTools WebSocket Command: Runtime.evaluate (id=146) 9C078928568725D01EE14579089CEF80 {
   "awaitPromise": true,
   "contextId": 13,
   "expression": "(function() { // Copyright (c) 2012 The Chromium Authors. All rights reserved.\n// Use of this source code is governed by a BSD-style license that can be\n// found in the LICENSE file.\n\n/**\n * Enum f...",
   "returnByValue": true
}
[1643918690.182][DEBUG]: DevTools WebSocket Response: Runtime.evaluate (id=146) 9C078928568725D01EE14579089CEF80 {
   "result": {
      "type": "object",
      "value": {
         "status": 0,
         "value": true
      }
   }
}
[1643918690.183][DEBUG]: DevTools WebSocket Command: Runtime.evaluate (id=147) 9C078928568725D01EE14579089CEF80 {
   "awaitPromise": true,
   "contextId": 13,
   "expression": "(function() { // Copyright (c) 2012 The Chromium Authors. All rights reserved.\n// Use of this source code is governed by a BSD-style license that can be\n// found in the LICENSE file.\n\n/**\n * Enum f...",
   "returnByValue": true
}
[1643918690.189][DEBUG]: DevTools WebSocket Response: Runtime.evaluate (id=147) 9C078928568725D01EE14579089CEF80 {
   "result": {
      "type": "object",
      "value": {
         "status": 0,
         "value": true
      }
   }
}
[1643918690.189][DEBUG]: DevTools WebSocket Command: Runtime.evaluate (id=148) 9C078928568725D01EE14579089CEF80 {
   "awaitPromise": true,
   "contextId": 13,
   "expression": "(function() { // Copyright (c) 2012 The Chromium Authors. All rights reserved.\n// Use of this source code is governed by a BSD-style license that can be\n// found in the LICENSE file.\n\n/**\n * Enum f...",
   "returnByValue": true
}
[1643918690.192][DEBUG]: DevTools WebSocket Response: Runtime.evaluate (id=148) 9C078928568725D01EE14579089CEF80 {
   "result": {
      "type": "object",
      "value": {
         "status": 0,
         "value": null
      }
   }
}
[1643918690.292][DEBUG]: DevTools WebSocket Command: Input.dispatchKeyEvent (id=149) 9C078928568725D01EE14579089CEF80 {
   "code": "KeyS",
   "key": "s",
   "modifiers": 0,
   "text": "s",
   "type": "rawKeyDown",
   "unmodifiedText": "s",
   "windowsVirtualKeyCode": 83
}
[1643918690.293][DEBUG]: DevTools WebSocket Command: Input.dispatchKeyEvent (id=150) 9C078928568725D01EE14579089CEF80 {
   "code": "KeyS",
   "key": "s",
   "modifiers": 0,
   "text": "s",
   "type": "char",
   "unmodifiedText": "s",
   "windowsVirtualKeyCode": 83
}
[1643918690.293][DEBUG]: DevTools WebSocket Command: Input.dispatchKeyEvent (id=151) 9C078928568725D01EE14579089CEF80 {
   "code": "KeyS",
   "key": "s",
   "modifiers": 0,
   "text": "s",
   "type": "keyUp",
   "unmodifiedText": "s",
   "windowsVirtualKeyCode": 83
}
[1643918690.295][DEBUG]: DevTools WebSocket Command: Input.dispatchKeyEvent (id=152) 9C078928568725D01EE14579089CEF80 {
   "code": "KeyI",
   "key": "i",
   "modifiers": 0,
   "text": "i",
   "type": "rawKeyDown",
   "unmodifiedText": "i",
   "windowsVirtualKeyCode": 73
}
[1643918690.306][DEBUG]: DevTools WebSocket Command: Input.dispatchKeyEvent (id=153) 9C078928568725D01EE14579089CEF80 {
   "code": "KeyI",
   "key": "i",
   "modifiers": 0,
   "text": "i",
   "type": "char",
   "unmodifiedText": "i",
   "windowsVirtualKeyCode": 73
}
[1643918690.306][DEBUG]: DevTools WebSocket Command: Input.dispatchKeyEvent (id=154) 9C078928568725D01EE14579089CEF80 {
   "code": "KeyI",
   "key": "i",
   "modifiers": 0,
   "text": "i",
   "type": "keyUp",
   "unmodifiedText": "i",
   "windowsVirtualKeyCode": 73
}
[1643918690.307][DEBUG]: DevTools WebSocket Command: Input.dispatchKeyEvent (id=155) 9C078928568725D01EE14579089CEF80 {
   "code": "KeyM",
   "key": "m",
   "modifiers": 0,
   "text": "m",
   "type": "rawKeyDown",
   "unmodifiedText": "m",
   "windowsVirtualKeyCode": 77
}
[1643918690.307][DEBUG]: DevTools WebSocket Command: Input.dispatchKeyEvent (id=156) 9C078928568725D01EE14579089CEF80 {
   "code": "KeyM",
   "key": "m",
   "modifiers": 0,
   "text": "m",
   "type": "char",
   "unmodifiedText": "m",
   "windowsVirtualKeyCode": 77
}
[1643918690.308][DEBUG]: DevTools WebSocket Command: Input.dispatchKeyEvent (id=157) 9C078928568725D01EE14579089CEF80 {
   "code": "KeyM",
   "key": "m",
   "modifiers": 0,
   "text": "m",
   "type": "keyUp",
   "unmodifiedText": "m",
   "windowsVirtualKeyCode": 77
}
[1643918690.308][DEBUG]: DevTools WebSocket Command: Input.dispatchKeyEvent (id=158) 9C078928568725D01EE14579089CEF80 {
   "code": "KeyP",
   "key": "p",
   "modifiers": 0,
   "text": "p",
   "type": "rawKeyDown",
   "unmodifiedText": "p",
   "windowsVirtualKeyCode": 80
}
[1643918690.309][DEBUG]: DevTools WebSocket Command: Input.dispatchKeyEvent (id=159) 9C078928568725D01EE14579089CEF80 {
   "code": "KeyP",
   "key": "p",
   "modifiers": 0,
   "text": "p",
   "type": "char",
   "unmodifiedText": "p",
   "windowsVirtualKeyCode": 80
}
[1643918690.310][DEBUG]: DevTools WebSocket Command: Input.dispatchKeyEvent (id=160) 9C078928568725D01EE14579089CEF80 {
   "code": "KeyP",
   "key": "p",
   "modifiers": 0,
   "text": "p",
   "type": "keyUp",
   "unmodifiedText": "p",
   "windowsVirtualKeyCode": 80
}
[1643918690.311][DEBUG]: DevTools WebSocket Command: Input.dispatchKeyEvent (id=161) 9C078928568725D01EE14579089CEF80 {
   "code": "KeyL",
   "key": "l",
   "modifiers": 0,
   "text": "l",
   "type": "rawKeyDown",
   "unmodifiedText": "l",
   "windowsVirtualKeyCode": 76
}
[1643918690.311][DEBUG]: DevTools WebSocket Command: Input.dispatchKeyEvent (id=162) 9C078928568725D01EE14579089CEF80 {
   "code": "KeyL",
   "key": "l",
   "modifiers": 0,
   "text": "l",
   "type": "char",
   "unmodifiedText": "l",
   "windowsVirtualKeyCode": 76
}
[1643918690.312][DEBUG]: DevTools WebSocket Command: Input.dispatchKeyEvent (id=163) 9C078928568725D01EE14579089CEF80 {
   "code": "KeyL",
   "key": "l",
   "modifiers": 0,
   "text": "l",
   "type": "keyUp",
   "unmodifiedText": "l",
   "windowsVirtualKeyCode": 76
}
[1643918690.313][DEBUG]: DevTools WebSocket Command: Input.dispatchKeyEvent (id=164) 9C078928568725D01EE14579089CEF80 {
   "code": "KeyE",
   "key": "e",
   "modifiers": 0,
   "text": "e",
   "type": "rawKeyDown",
   "unmodifiedText": "e",
   "windowsVirtualKeyCode": 69
}
[1643918690.313][DEBUG]: DevTools WebSocket Command: Input.dispatchKeyEvent (id=165) 9C078928568725D01EE14579089CEF80 {
   "code": "KeyE",
   "key": "e",
   "modifiers": 0,
   "text": "e",
   "type": "char",
   "unmodifiedText": "e",
   "windowsVirtualKeyCode": 69
}
[1643918690.314][DEBUG]: DevTools WebSocket Command: Input.dispatchKeyEvent (id=166) 9C078928568725D01EE14579089CEF80 {
   "code": "KeyE",
   "key": "e",
   "modifiers": 0,
   "text": "e",
   "type": "keyUp",
   "unmodifiedText": "e",
   "windowsVirtualKeyCode": 69
}
[1643918690.315][DEBUG]: DevTools WebSocket Command: Input.dispatchKeyEvent (id=167) 9C078928568725D01EE14579089CEF80 {
   "code": "KeyA",
   "key": "a",
   "modifiers": 0,
   "text": "a",
   "type": "rawKeyDown",
   "unmodifiedText": "a",
   "windowsVirtualKeyCode": 65
}
[1643918690.315][DEBUG]: DevTools WebSocket Command: Input.dispatchKeyEvent (id=168) 9C078928568725D01EE14579089CEF80 {
   "code": "KeyA",
   "key": "a",
   "modifiers": 0,
   "text": "a",
   "type": "char",
   "unmodifiedText": "a",
   "windowsVirtualKeyCode": 65
}
[1643918690.316][DEBUG]: DevTools WebSocket Command: Input.dispatchKeyEvent (id=169) 9C078928568725D01EE14579089CEF80 {
   "code": "KeyA",
   "key": "a",
   "modifiers": 0,
   "text": "a",
   "type": "keyUp",
   "unmodifiedText": "a",
   "windowsVirtualKeyCode": 65
}
[1643918690.317][DEBUG]: DevTools WebSocket Command: Input.dispatchKeyEvent (id=170) 9C078928568725D01EE14579089CEF80 {
   "code": "KeyU",
   "key": "u",
   "modifiers": 0,
   "text": "u",
   "type": "rawKeyDown",
   "unmodifiedText": "u",
   "windowsVirtualKeyCode": 85
}
[1643918690.317][DEBUG]: DevTools WebSocket Command: Input.dispatchKeyEvent (id=171) 9C078928568725D01EE14579089CEF80 {
   "code": "KeyU",
   "key": "u",
   "modifiers": 0,
   "text": "u",
   "type": "char",
   "unmodifiedText": "u",
   "windowsVirtualKeyCode": 85
}
[1643918690.318][DEBUG]: DevTools WebSocket Command: Input.dispatchKeyEvent (id=172) 9C078928568725D01EE14579089CEF80 {
   "code": "KeyU",
   "key": "u",
   "modifiers": 0,
   "text": "u",
   "type": "keyUp",
   "unmodifiedText": "u",
   "windowsVirtualKeyCode": 85
}
[1643918690.319][DEBUG]: DevTools WebSocket Command: Input.dispatchKeyEvent (id=173) 9C078928568725D01EE14579089CEF80 {
   "code": "KeyT",
   "key": "t",
   "modifiers": 0,
   "text": "t",
   "type": "rawKeyDown",
   "unmodifiedText": "t",
   "windowsVirtualKeyCode": 84
}
[1643918690.319][DEBUG]: DevTools WebSocket Command: Input.dispatchKeyEvent (id=174) 9C078928568725D01EE14579089CEF80 {
   "code": "KeyT",
   "key": "t",
   "modifiers": 0,
   "text": "t",
   "type": "char",
   "unmodifiedText": "t",
   "windowsVirtualKeyCode": 84
}
[1643918690.321][DEBUG]: DevTools WebSocket Command: Input.dispatchKeyEvent (id=175) 9C078928568725D01EE14579089CEF80 {
   "code": "KeyT",
   "key": "t",
   "modifiers": 0,
   "text": "t",
   "type": "keyUp",
   "unmodifiedText": "t",
   "windowsVirtualKeyCode": 84
}
[1643918690.321][DEBUG]: DevTools WebSocket Command: Input.dispatchKeyEvent (id=176) 9C078928568725D01EE14579089CEF80 {
   "code": "KeyO",
   "key": "o",
   "modifiers": 0,
   "text": "o",
   "type": "rawKeyDown",
   "unmodifiedText": "o",
   "windowsVirtualKeyCode": 79
}
[1643918690.322][DEBUG]: DevTools WebSocket Command: Input.dispatchKeyEvent (id=177) 9C078928568725D01EE14579089CEF80 {
   "code": "KeyO",
   "key": "o",
   "modifiers": 0,
   "text": "o",
   "type": "char",
   "unmodifiedText": "o",
   "windowsVirtualKeyCode": 79
}
[1643918690.322][DEBUG]: DevTools WebSocket Command: Input.dispatchKeyEvent (id=178) 9C078928568725D01EE14579089CEF80 {
   "code": "KeyO",
   "key": "o",
   "modifiers": 0,
   "text": "o",
   "type": "keyUp",
   "unmodifiedText": "o",
   "windowsVirtualKeyCode": 79
}
[1643918690.323][DEBUG]: DevTools WebSocket Command: Input.dispatchKeyEvent (id=179) 9C078928568725D01EE14579089CEF80 {
   "code": "KeyM",
   "key": "m",
   "modifiers": 0,
   "text": "m",
   "type": "rawKeyDown",
   "unmodifiedText": "m",
   "windowsVirtualKeyCode": 77
}
[1643918690.324][DEBUG]: DevTools WebSocket Command: Input.dispatchKeyEvent (id=180) 9C078928568725D01EE14579089CEF80 {
   "code": "KeyM",
   "key": "m",
   "modifiers": 0,
   "text": "m",
   "type": "char",
   "unmodifiedText": "m",
   "windowsVirtualKeyCode": 77
}
[1643918690.324][DEBUG]: DevTools WebSocket Command: Input.dispatchKeyEvent (id=181) 9C078928568725D01EE14579089CEF80 {
   "code": "KeyM",
   "key": "m",
   "modifiers": 0,
   "text": "m",
   "type": "keyUp",
   "unmodifiedText": "m",
   "windowsVirtualKeyCode": 77
}
[1643918690.324][DEBUG]: DevTools WebSocket Command: Input.dispatchKeyEvent (id=182) 9C078928568725D01EE14579089CEF80 {
   "code": "KeyA",
   "key": "a",
   "modifiers": 0,
   "text": "a",
   "type": "rawKeyDown",
   "unmodifiedText": "a",
   "windowsVirtualKeyCode": 65
}
[1643918690.325][DEBUG]: DevTools WebSocket Command: Input.dispatchKeyEvent (id=183) 9C078928568725D01EE14579089CEF80 {
   "code": "KeyA",
   "key": "a",
   "modifiers": 0,
   "text": "a",
   "type": "char",
   "unmodifiedText": "a",
   "windowsVirtualKeyCode": 65
}
[1643918690.326][DEBUG]: DevTools WebSocket Command: Input.dispatchKeyEvent (id=184) 9C078928568725D01EE14579089CEF80 {
   "code": "KeyA",
   "key": "a",
   "modifiers": 0,
   "text": "a",
   "type": "keyUp",
   "unmodifiedText": "a",
   "windowsVirtualKeyCode": 65
}
[1643918690.327][DEBUG]: DevTools WebSocket Command: Input.dispatchKeyEvent (id=185) 9C078928568725D01EE14579089CEF80 {
   "code": "KeyT",
   "key": "t",
   "modifiers": 0,
   "text": "t",
   "type": "rawKeyDown",
   "unmodifiedText": "t",
   "windowsVirtualKeyCode": 84
}
[1643918690.328][DEBUG]: DevTools WebSocket Command: Input.dispatchKeyEvent (id=186) 9C078928568725D01EE14579089CEF80 {
   "code": "KeyT",
   "key": "t",
   "modifiers": 0,
   "text": "t",
   "type": "char",
   "unmodifiedText": "t",
   "windowsVirtualKeyCode": 84
}
[1643918690.328][DEBUG]: DevTools WebSocket Command: Input.dispatchKeyEvent (id=187) 9C078928568725D01EE14579089CEF80 {
   "code": "KeyT",
   "key": "t",
   "modifiers": 0,
   "text": "t",
   "type": "keyUp",
   "unmodifiedText": "t",
   "windowsVirtualKeyCode": 84
}
[1643918690.329][DEBUG]: DevTools WebSocket Command: Input.dispatchKeyEvent (id=188) 9C078928568725D01EE14579089CEF80 {
   "code": "KeyI",
   "key": "i",
   "modifiers": 0,
   "text": "i",
   "type": "rawKeyDown",
   "unmodifiedText": "i",
   "windowsVirtualKeyCode": 73
}
[1643918690.331][DEBUG]: DevTools WebSocket Command: Input.dispatchKeyEvent (id=189) 9C078928568725D01EE14579089CEF80 {
   "code": "KeyI",
   "key": "i",
   "modifiers": 0,
   "text": "i",
   "type": "char",
   "unmodifiedText": "i",
   "windowsVirtualKeyCode": 73
}
[1643918690.331][DEBUG]: DevTools WebSocket Command: Input.dispatchKeyEvent (id=190) 9C078928568725D01EE14579089CEF80 {
   "code": "KeyI",
   "key": "i",
   "modifiers": 0,
   "text": "i",
   "type": "keyUp",
   "unmodifiedText": "i",
   "windowsVirtualKeyCode": 73
}
[1643918690.332][DEBUG]: DevTools WebSocket Command: Input.dispatchKeyEvent (id=191) 9C078928568725D01EE14579089CEF80 {
   "code": "KeyO",
   "key": "o",
   "modifiers": 0,
   "text": "o",
   "type": "rawKeyDown",
   "unmodifiedText": "o",
   "windowsVirtualKeyCode": 79
}
[1643918690.334][DEBUG]: DevTools WebSocket Command: Input.dispatchKeyEvent (id=192) 9C078928568725D01EE14579089CEF80 {
   "code": "KeyO",
   "key": "o",
   "modifiers": 0,
   "text": "o",
   "type": "char",
   "unmodifiedText": "o",
   "windowsVirtualKeyCode": 79
}
[1643918690.334][DEBUG]: DevTools WebSocket Command: Input.dispatchKeyEvent (id=193) 9C078928568725D01EE14579089CEF80 {
   "code": "KeyO",
   "key": "o",
   "modifiers": 0,
   "text": "o",
   "type": "keyUp",
   "unmodifiedText": "o",
   "windowsVirtualKeyCode": 79
}
[1643918690.335][DEBUG]: DevTools WebSocket Command: Input.dispatchKeyEvent (id=194) 9C078928568725D01EE14579089CEF80 {
   "code": "KeyN",
   "key": "n",
   "modifiers": 0,
   "text": "n",
   "type": "rawKeyDown",
   "unmodifiedText": "n",
   "windowsVirtualKeyCode": 78
}
[1643918690.335][DEBUG]: DevTools WebSocket Command: Input.dispatchKeyEvent (id=195) 9C078928568725D01EE14579089CEF80 {
   "code": "KeyN",
   "key": "n",
   "modifiers": 0,
   "text": "n",
   "type": "char",
   "unmodifiedText": "n",
   "windowsVirtualKeyCode": 78
}
[1643918690.336][DEBUG]: DevTools WebSocket Command: Input.dispatchKeyEvent (id=196) 9C078928568725D01EE14579089CEF80 {
   "code": "KeyN",
   "key": "n",
   "modifiers": 0,
   "text": "n",
   "type": "keyUp",
   "unmodifiedText": "n",
   "windowsVirtualKeyCode": 78
}
[1643918690.337][DEBUG]: DevTools WebSocket Command: Input.dispatchKeyEvent (id=197) 9C078928568725D01EE14579089CEF80 {
   "code": "ShiftLeft",
   "key": "Shift",
   "modifiers": 0,
   "text": "",
   "type": "rawKeyDown",
   "unmodifiedText": "",
   "windowsVirtualKeyCode": 16
}
[1643918690.337][DEBUG]: DevTools WebSocket Command: Input.dispatchKeyEvent (id=198) 9C078928568725D01EE14579089CEF80 {
   "code": "Digit2",
   "key": "@",
   "modifiers": 8,
   "text": "@",
   "type": "rawKeyDown",
   "unmodifiedText": "2",
   "windowsVirtualKeyCode": 50
}
[1643918690.338][DEBUG]: DevTools WebSocket Command: Input.dispatchKeyEvent (id=199) 9C078928568725D01EE14579089CEF80 {
   "code": "Digit2",
   "key": "@",
   "modifiers": 8,
   "text": "@",
   "type": "char",
   "unmodifiedText": "2",
   "windowsVirtualKeyCode": 50
}
[1643918690.339][DEBUG]: DevTools WebSocket Command: Input.dispatchKeyEvent (id=200) 9C078928568725D01EE14579089CEF80 {
   "code": "Digit2",
   "key": "@",
   "modifiers": 8,
   "text": "@",
   "type": "keyUp",
   "unmodifiedText": "2",
   "windowsVirtualKeyCode": 50
}
[1643918690.339][DEBUG]: DevTools WebSocket Command: Input.dispatchKeyEvent (id=201) 9C078928568725D01EE14579089CEF80 {
   "code": "ShiftLeft",
   "key": "Shift",
   "modifiers": 0,
   "text": "",
   "type": "keyUp",
   "unmodifiedText": "",
   "windowsVirtualKeyCode": 16
}
[1643918690.340][DEBUG]: DevTools WebSocket Command: Input.dispatchKeyEvent (id=202) 9C078928568725D01EE14579089CEF80 {
   "code": "KeyR",
   "key": "r",
   "modifiers": 0,
   "text": "r",
   "type": "rawKeyDown",
   "unmodifiedText": "r",
   "windowsVirtualKeyCode": 82
}
[1643918690.341][DEBUG]: DevTools WebSocket Command: Input.dispatchKeyEvent (id=203) 9C078928568725D01EE14579089CEF80 {
   "code": "KeyR",
   "key": "r",
   "modifiers": 0,
   "text": "r",
   "type": "char",
   "unmodifiedText": "r",
   "windowsVirtualKeyCode": 82
}
[1643918690.342][DEBUG]: DevTools WebSocket Command: Input.dispatchKeyEvent (id=204) 9C078928568725D01EE14579089CEF80 {
   "code": "KeyR",
   "key": "r",
   "modifiers": 0,
   "text": "r",
   "type": "keyUp",
   "unmodifiedText": "r",
   "windowsVirtualKeyCode": 82
}
[1643918690.342][DEBUG]: DevTools WebSocket Command: Input.dispatchKeyEvent (id=205) 9C078928568725D01EE14579089CEF80 {
   "code": "KeyA",
   "key": "a",
   "modifiers": 0,
   "text": "a",
   "type": "rawKeyDown",
   "unmodifiedText": "a",
   "windowsVirtualKeyCode": 65
}
[1643918690.343][DEBUG]: DevTools WebSocket Command: Input.dispatchKeyEvent (id=206) 9C078928568725D01EE14579089CEF80 {
   "code": "KeyA",
   "key": "a",
   "modifiers": 0,
   "text": "a",
   "type": "char",
   "unmodifiedText": "a",
   "windowsVirtualKeyCode": 65
}
[1643918690.343][DEBUG]: DevTools WebSocket Command: Input.dispatchKeyEvent (id=207) 9C078928568725D01EE14579089CEF80 {
   "code": "KeyA",
   "key": "a",
   "modifiers": 0,
   "text": "a",
   "type": "keyUp",
   "unmodifiedText": "a",
   "windowsVirtualKeyCode": 65
}
[1643918690.344][DEBUG]: DevTools WebSocket Command: Input.dispatchKeyEvent (id=208) 9C078928568725D01EE14579089CEF80 {
   "code": "KeyM",
   "key": "m",
   "modifiers": 0,
   "text": "m",
   "type": "rawKeyDown",
   "unmodifiedText": "m",
   "windowsVirtualKeyCode": 77
}
[1643918690.345][DEBUG]: DevTools WebSocket Command: Input.dispatchKeyEvent (id=209) 9C078928568725D01EE14579089CEF80 {
   "code": "KeyM",
   "key": "m",
   "modifiers": 0,
   "text": "m",
   "type": "char",
   "unmodifiedText": "m",
   "windowsVirtualKeyCode": 77
}
[1643918690.346][DEBUG]: DevTools WebSocket Command: Input.dispatchKeyEvent (id=210) 9C078928568725D01EE14579089CEF80 {
   "code": "KeyM",
   "key": "m",
   "modifiers": 0,
   "text": "m",
   "type": "keyUp",
   "unmodifiedText": "m",
   "windowsVirtualKeyCode": 77
}
[1643918690.346][DEBUG]: DevTools WebSocket Command: Input.dispatchKeyEvent (id=211) 9C078928568725D01EE14579089CEF80 {
   "code": "KeyB",
   "key": "b",
   "modifiers": 0,
   "text": "b",
   "type": "rawKeyDown",
   "unmodifiedText": "b",
   "windowsVirtualKeyCode": 66
}
[1643918690.349][DEBUG]: DevTools WebSocket Command: Input.dispatchKeyEvent (id=212) 9C078928568725D01EE14579089CEF80 {
   "code": "KeyB",
   "key": "b",
   "modifiers": 0,
   "text": "b",
   "type": "char",
   "unmodifiedText": "b",
   "windowsVirtualKeyCode": 66
}
[1643918690.349][DEBUG]: DevTools WebSocket Command: Input.dispatchKeyEvent (id=213) 9C078928568725D01EE14579089CEF80 {
   "code": "KeyB",
   "key": "b",
   "modifiers": 0,
   "text": "b",
   "type": "keyUp",
   "unmodifiedText": "b",
   "windowsVirtualKeyCode": 66
}
[1643918690.351][DEBUG]: DevTools WebSocket Command: Input.dispatchKeyEvent (id=214) 9C078928568725D01EE14579089CEF80 {
   "code": "KeyL",
   "key": "l",
   "modifiers": 0,
   "text": "l",
   "type": "rawKeyDown",
   "unmodifiedText": "l",
   "windowsVirtualKeyCode": 76
}
[1643918690.352][DEBUG]: DevTools WebSocket Command: Input.dispatchKeyEvent (id=215) 9C078928568725D01EE14579089CEF80 {
   "code": "KeyL",
   "key": "l",
   "modifiers": 0,
   "text": "l",
   "type": "char",
   "unmodifiedText": "l",
   "windowsVirtualKeyCode": 76
}
[1643918690.352][DEBUG]: DevTools WebSocket Command: Input.dispatchKeyEvent (id=216) 9C078928568725D01EE14579089CEF80 {
   "code": "KeyL",
   "key": "l",
   "modifiers": 0,
   "text": "l",
   "type": "keyUp",
   "unmodifiedText": "l",
   "windowsVirtualKeyCode": 76
}
[1643918690.353][DEBUG]: DevTools WebSocket Command: Input.dispatchKeyEvent (id=217) 9C078928568725D01EE14579089CEF80 {
   "code": "KeyE",
   "key": "e",
   "modifiers": 0,
   "text": "e",
   "type": "rawKeyDown",
   "unmodifiedText": "e",
   "windowsVirtualKeyCode": 69
}
[1643918690.354][DEBUG]: DevTools WebSocket Command: Input.dispatchKeyEvent (id=218) 9C078928568725D01EE14579089CEF80 {
   "code": "KeyE",
   "key": "e",
   "modifiers": 0,
   "text": "e",
   "type": "char",
   "unmodifiedText": "e",
   "windowsVirtualKeyCode": 69
}
[1643918690.354][DEBUG]: DevTools WebSocket Command: Input.dispatchKeyEvent (id=219) 9C078928568725D01EE14579089CEF80 {
   "code": "KeyE",
   "key": "e",
   "modifiers": 0,
   "text": "e",
   "type": "keyUp",
   "unmodifiedText": "e",
   "windowsVirtualKeyCode": 69
}
[1643918690.355][DEBUG]: DevTools WebSocket Command: Input.dispatchKeyEvent (id=220) 9C078928568725D01EE14579089CEF80 {
   "code": "KeyR",
   "key": "r",
   "modifiers": 0,
   "text": "r",
   "type": "rawKeyDown",
   "unmodifiedText": "r",
   "windowsVirtualKeyCode": 82
}
[1643918690.355][DEBUG]: DevTools WebSocket Command: Input.dispatchKeyEvent (id=221) 9C078928568725D01EE14579089CEF80 {
   "code": "KeyR",
   "key": "r",
   "modifiers": 0,
   "text": "r",
   "type": "char",
   "unmodifiedText": "r",
   "windowsVirtualKeyCode": 82
}
[1643918690.358][DEBUG]: DevTools WebSocket Command: Input.dispatchKeyEvent (id=222) 9C078928568725D01EE14579089CEF80 {
   "code": "KeyR",
   "key": "r",
   "modifiers": 0,
   "text": "r",
   "type": "keyUp",
   "unmodifiedText": "r",
   "windowsVirtualKeyCode": 82
}
[1643918690.359][DEBUG]: DevTools WebSocket Command: Input.dispatchKeyEvent (id=223) 9C078928568725D01EE14579089CEF80 {
   "code": "Period",
   "key": ".",
   "modifiers": 0,
   "text": ".",
   "type": "rawKeyDown",
   "unmodifiedText": ".",
   "windowsVirtualKeyCode": 190
}
[1643918690.360][DEBUG]: DevTools WebSocket Command: Input.dispatchKeyEvent (id=224) 9C078928568725D01EE14579089CEF80 {
   "code": "Period",
   "key": ".",
   "modifiers": 0,
   "text": ".",
   "type": "char",
   "unmodifiedText": ".",
   "windowsVirtualKeyCode": 190
}
[1643918690.362][DEBUG]: DevTools WebSocket Command: Input.dispatchKeyEvent (id=225) 9C078928568725D01EE14579089CEF80 {
   "code": "Period",
   "key": ".",
   "modifiers": 0,
   "text": ".",
   "type": "keyUp",
   "unmodifiedText": ".",
   "windowsVirtualKeyCode": 190
}
[1643918690.363][DEBUG]: DevTools WebSocket Command: Input.dispatchKeyEvent (id=226) 9C078928568725D01EE14579089CEF80 {
   "code": "KeyR",
   "key": "r",
   "modifiers": 0,
   "text": "r",
   "type": "rawKeyDown",
   "unmodifiedText": "r",
   "windowsVirtualKeyCode": 82
}
[1643918690.363][DEBUG]: DevTools WebSocket Command: Input.dispatchKeyEvent (id=227) 9C078928568725D01EE14579089CEF80 {
   "code": "KeyR",
   "key": "r",
   "modifiers": 0,
   "text": "r",
   "type": "char",
   "unmodifiedText": "r",
   "windowsVirtualKeyCode": 82
}
[1643918690.364][DEBUG]: DevTools WebSocket Command: Input.dispatchKeyEvent (id=228) 9C078928568725D01EE14579089CEF80 {
   "code": "KeyR",
   "key": "r",
   "modifiers": 0,
   "text": "r",
   "type": "keyUp",
   "unmodifiedText": "r",
   "windowsVirtualKeyCode": 82
}
[1643918690.364][DEBUG]: DevTools WebSocket Command: Input.dispatchKeyEvent (id=229) 9C078928568725D01EE14579089CEF80 {
   "code": "KeyU",
   "key": "u",
   "modifiers": 0,
   "text": "u",
   "type": "rawKeyDown",
   "unmodifiedText": "u",
   "windowsVirtualKeyCode": 85
}
[1643918690.365][DEBUG]: DevTools WebSocket Command: Input.dispatchKeyEvent (id=230) 9C078928568725D01EE14579089CEF80 {
   "code": "KeyU",
   "key": "u",
   "modifiers": 0,
   "text": "u",
   "type": "char",
   "unmodifiedText": "u",
   "windowsVirtualKeyCode": 85
}
[1643918690.365][DEBUG]: DevTools WebSocket Command: Input.dispatchKeyEvent (id=231) 9C078928568725D01EE14579089CEF80 {
   "code": "KeyU",
   "key": "u",
   "modifiers": 0,
   "text": "u",
   "type": "keyUp",
   "unmodifiedText": "u",
   "windowsVirtualKeyCode": 85
}
[1643918690.372][DEBUG]: DevTools WebSocket Response: Input.dispatchKeyEvent (id=149) 9C078928568725D01EE14579089CEF80 {

}
[1643918690.382][DEBUG]: DevTools WebSocket Response: Input.dispatchKeyEvent (id=150) 9C078928568725D01EE14579089CEF80 {

}
[1643918690.384][DEBUG]: DevTools WebSocket Response: Input.dispatchKeyEvent (id=151) 9C078928568725D01EE14579089CEF80 {

}
[1643918690.384][DEBUG]: DevTools WebSocket Response: Input.dispatchKeyEvent (id=152) 9C078928568725D01EE14579089CEF80 {

}
[1643918690.395][DEBUG]: DevTools WebSocket Response: Input.dispatchKeyEvent (id=153) 9C078928568725D01EE14579089CEF80 {

}
[1643918690.395][DEBUG]: DevTools WebSocket Response: Input.dispatchKeyEvent (id=154) 9C078928568725D01EE14579089CEF80 {

}
[1643918690.395][DEBUG]: DevTools WebSocket Response: Input.dispatchKeyEvent (id=155) 9C078928568725D01EE14579089CEF80 {

}
[1643918690.413][DEBUG]: DevTools WebSocket Response: Input.dispatchKeyEvent (id=156) 9C078928568725D01EE14579089CEF80 {

}
[1643918690.413][DEBUG]: DevTools WebSocket Response: Input.dispatchKeyEvent (id=157) 9C078928568725D01EE14579089CEF80 {

}
[1643918690.413][DEBUG]: DevTools WebSocket Response: Input.dispatchKeyEvent (id=158) 9C078928568725D01EE14579089CEF80 {

}
[1643918690.438][DEBUG]: DevTools WebSocket Response: Input.dispatchKeyEvent (id=159) 9C078928568725D01EE14579089CEF80 {

}
[1643918690.438][DEBUG]: DevTools WebSocket Response: Input.dispatchKeyEvent (id=160) 9C078928568725D01EE14579089CEF80 {

}
[1643918690.438][DEBUG]: DevTools WebSocket Response: Input.dispatchKeyEvent (id=161) 9C078928568725D01EE14579089CEF80 {

}
[1643918690.445][DEBUG]: DevTools WebSocket Response: Input.dispatchKeyEvent (id=162) 9C078928568725D01EE14579089CEF80 {

}
[1643918690.445][DEBUG]: DevTools WebSocket Response: Input.dispatchKeyEvent (id=163) 9C078928568725D01EE14579089CEF80 {

}
[1643918690.445][DEBUG]: DevTools WebSocket Response: Input.dispatchKeyEvent (id=164) 9C078928568725D01EE14579089CEF80 {

}
[1643918690.466][DEBUG]: DevTools WebSocket Response: Input.dispatchKeyEvent (id=165) 9C078928568725D01EE14579089CEF80 {

}
[1643918690.468][DEBUG]: DevTools WebSocket Response: Input.dispatchKeyEvent (id=166) 9C078928568725D01EE14579089CEF80 {

}
[1643918690.474][DEBUG]: DevTools WebSocket Response: Input.dispatchKeyEvent (id=167) 9C078928568725D01EE14579089CEF80 {

}
[1643918690.480][DEBUG]: DevTools WebSocket Response: Input.dispatchKeyEvent (id=168) 9C078928568725D01EE14579089CEF80 {

}
[1643918690.480][DEBUG]: DevTools WebSocket Response: Input.dispatchKeyEvent (id=169) 9C078928568725D01EE14579089CEF80 {

}
[1643918690.480][DEBUG]: DevTools WebSocket Response: Input.dispatchKeyEvent (id=170) 9C078928568725D01EE14579089CEF80 {

}
[1643918690.491][DEBUG]: DevTools WebSocket Response: Input.dispatchKeyEvent (id=171) 9C078928568725D01EE14579089CEF80 {

}
[1643918690.492][DEBUG]: DevTools WebSocket Response: Input.dispatchKeyEvent (id=172) 9C078928568725D01EE14579089CEF80 {

}
[1643918690.494][DEBUG]: DevTools WebSocket Response: Input.dispatchKeyEvent (id=173) 9C078928568725D01EE14579089CEF80 {

}
[1643918690.501][DEBUG]: DevTools WebSocket Response: Input.dispatchKeyEvent (id=174) 9C078928568725D01EE14579089CEF80 {

}
[1643918690.501][DEBUG]: DevTools WebSocket Response: Input.dispatchKeyEvent (id=175) 9C078928568725D01EE14579089CEF80 {

}
[1643918690.503][DEBUG]: DevTools WebSocket Response: Input.dispatchKeyEvent (id=176) 9C078928568725D01EE14579089CEF80 {

}
[1643918690.507][DEBUG]: DevTools WebSocket Response: Input.dispatchKeyEvent (id=177) 9C078928568725D01EE14579089CEF80 {

}
[1643918690.508][DEBUG]: DevTools WebSocket Response: Input.dispatchKeyEvent (id=178) 9C078928568725D01EE14579089CEF80 {

}
[1643918690.509][DEBUG]: DevTools WebSocket Response: Input.dispatchKeyEvent (id=179) 9C078928568725D01EE14579089CEF80 {

}
[1643918690.519][DEBUG]: DevTools WebSocket Response: Input.dispatchKeyEvent (id=180) 9C078928568725D01EE14579089CEF80 {

}
[1643918690.522][DEBUG]: DevTools WebSocket Response: Input.dispatchKeyEvent (id=181) 9C078928568725D01EE14579089CEF80 {

}
[1643918690.523][DEBUG]: DevTools WebSocket Response: Input.dispatchKeyEvent (id=182) 9C078928568725D01EE14579089CEF80 {

}
[1643918690.527][DEBUG]: DevTools WebSocket Response: Input.dispatchKeyEvent (id=183) 9C078928568725D01EE14579089CEF80 {

}
[1643918690.527][DEBUG]: DevTools WebSocket Response: Input.dispatchKeyEvent (id=184) 9C078928568725D01EE14579089CEF80 {

}
[1643918690.529][DEBUG]: DevTools WebSocket Response: Input.dispatchKeyEvent (id=185) 9C078928568725D01EE14579089CEF80 {

}
[1643918690.540][DEBUG]: DevTools WebSocket Response: Input.dispatchKeyEvent (id=186) 9C078928568725D01EE14579089CEF80 {

}
[1643918690.542][DEBUG]: DevTools WebSocket Response: Input.dispatchKeyEvent (id=187) 9C078928568725D01EE14579089CEF80 {

}
[1643918690.543][DEBUG]: DevTools WebSocket Response: Input.dispatchKeyEvent (id=188) 9C078928568725D01EE14579089CEF80 {

}
[1643918690.574][DEBUG]: DevTools WebSocket Response: Input.dispatchKeyEvent (id=189) 9C078928568725D01EE14579089CEF80 {

}
[1643918690.577][DEBUG]: DevTools WebSocket Response: Input.dispatchKeyEvent (id=190) 9C078928568725D01EE14579089CEF80 {

}
[1643918690.578][DEBUG]: DevTools WebSocket Response: Input.dispatchKeyEvent (id=191) 9C078928568725D01EE14579089CEF80 {

}
[1643918690.610][DEBUG]: DevTools WebSocket Response: Input.dispatchKeyEvent (id=192) 9C078928568725D01EE14579089CEF80 {

}
[1643918690.610][DEBUG]: DevTools WebSocket Response: Input.dispatchKeyEvent (id=193) 9C078928568725D01EE14579089CEF80 {

}
[1643918690.610][DEBUG]: DevTools WebSocket Response: Input.dispatchKeyEvent (id=194) 9C078928568725D01EE14579089CEF80 {

}
[1643918690.615][DEBUG]: DevTools WebSocket Response: Input.dispatchKeyEvent (id=195) 9C078928568725D01EE14579089CEF80 {

}
[1643918690.615][DEBUG]: DevTools WebSocket Response: Input.dispatchKeyEvent (id=196) 9C078928568725D01EE14579089CEF80 {

}
[1643918690.621][DEBUG]: DevTools WebSocket Response: Input.dispatchKeyEvent (id=197) 9C078928568725D01EE14579089CEF80 {

}
[1643918690.622][DEBUG]: DevTools WebSocket Response: Input.dispatchKeyEvent (id=198) 9C078928568725D01EE14579089CEF80 {

}
[1643918690.626][DEBUG]: DevTools WebSocket Response: Input.dispatchKeyEvent (id=199) 9C078928568725D01EE14579089CEF80 {

}
[1643918690.626][DEBUG]: DevTools WebSocket Response: Input.dispatchKeyEvent (id=200) 9C078928568725D01EE14579089CEF80 {

}
[1643918690.626][DEBUG]: DevTools WebSocket Response: Input.dispatchKeyEvent (id=201) 9C078928568725D01EE14579089CEF80 {

}
[1643918690.627][DEBUG]: DevTools WebSocket Response: Input.dispatchKeyEvent (id=202) 9C078928568725D01EE14579089CEF80 {

}
[1643918690.631][DEBUG]: DevTools WebSocket Response: Input.dispatchKeyEvent (id=203) 9C078928568725D01EE14579089CEF80 {

}
[1643918690.631][DEBUG]: DevTools WebSocket Response: Input.dispatchKeyEvent (id=204) 9C078928568725D01EE14579089CEF80 {

}
[1643918690.632][DEBUG]: DevTools WebSocket Response: Input.dispatchKeyEvent (id=205) 9C078928568725D01EE14579089CEF80 {

}
[1643918690.639][DEBUG]: DevTools WebSocket Response: Input.dispatchKeyEvent (id=206) 9C078928568725D01EE14579089CEF80 {

}
[1643918690.639][DEBUG]: DevTools WebSocket Response: Input.dispatchKeyEvent (id=207) 9C078928568725D01EE14579089CEF80 {

}
[1643918690.640][DEBUG]: DevTools WebSocket Response: Input.dispatchKeyEvent (id=208) 9C078928568725D01EE14579089CEF80 {

}
[1643918690.644][DEBUG]: DevTools WebSocket Response: Input.dispatchKeyEvent (id=209) 9C078928568725D01EE14579089CEF80 {

}
[1643918690.645][DEBUG]: DevTools WebSocket Response: Input.dispatchKeyEvent (id=210) 9C078928568725D01EE14579089CEF80 {

}
[1643918690.645][DEBUG]: DevTools WebSocket Response: Input.dispatchKeyEvent (id=211) 9C078928568725D01EE14579089CEF80 {

}
[1643918690.670][DEBUG]: DevTools WebSocket Response: Input.dispatchKeyEvent (id=212) 9C078928568725D01EE14579089CEF80 {

}
[1643918690.671][DEBUG]: DevTools WebSocket Response: Input.dispatchKeyEvent (id=213) 9C078928568725D01EE14579089CEF80 {

}
[1643918690.673][DEBUG]: DevTools WebSocket Response: Input.dispatchKeyEvent (id=214) 9C078928568725D01EE14579089CEF80 {

}
[1643918690.677][DEBUG]: DevTools WebSocket Response: Input.dispatchKeyEvent (id=215) 9C078928568725D01EE14579089CEF80 {

}
[1643918690.677][DEBUG]: DevTools WebSocket Response: Input.dispatchKeyEvent (id=216) 9C078928568725D01EE14579089CEF80 {

}
[1643918690.680][DEBUG]: DevTools WebSocket Response: Input.dispatchKeyEvent (id=217) 9C078928568725D01EE14579089CEF80 {

}
[1643918690.683][DEBUG]: DevTools WebSocket Response: Input.dispatchKeyEvent (id=218) 9C078928568725D01EE14579089CEF80 {

}
[1643918690.683][DEBUG]: DevTools WebSocket Response: Input.dispatchKeyEvent (id=219) 9C078928568725D01EE14579089CEF80 {

}
[1643918690.684][DEBUG]: DevTools WebSocket Response: Input.dispatchKeyEvent (id=220) 9C078928568725D01EE14579089CEF80 {

}
[1643918690.689][DEBUG]: DevTools WebSocket Response: Input.dispatchKeyEvent (id=221) 9C078928568725D01EE14579089CEF80 {

}
[1643918690.690][DEBUG]: DevTools WebSocket Response: Input.dispatchKeyEvent (id=222) 9C078928568725D01EE14579089CEF80 {

}
[1643918690.690][DEBUG]: DevTools WebSocket Response: Input.dispatchKeyEvent (id=223) 9C078928568725D01EE14579089CEF80 {

}
[1643918690.694][DEBUG]: DevTools WebSocket Response: Input.dispatchKeyEvent (id=224) 9C078928568725D01EE14579089CEF80 {

}
[1643918690.694][DEBUG]: DevTools WebSocket Response: Input.dispatchKeyEvent (id=225) 9C078928568725D01EE14579089CEF80 {

}
[1643918690.695][DEBUG]: DevTools WebSocket Response: Input.dispatchKeyEvent (id=226) 9C078928568725D01EE14579089CEF80 {

}
[1643918690.704][DEBUG]: DevTools WebSocket Response: Input.dispatchKeyEvent (id=227) 9C078928568725D01EE14579089CEF80 {

}
[1643918690.704][DEBUG]: DevTools WebSocket Response: Input.dispatchKeyEvent (id=228) 9C078928568725D01EE14579089CEF80 {

}
[1643918690.705][DEBUG]: DevTools WebSocket Response: Input.dispatchKeyEvent (id=229) 9C078928568725D01EE14579089CEF80 {

}
[1643918690.709][DEBUG]: DevTools WebSocket Response: Input.dispatchKeyEvent (id=230) 9C078928568725D01EE14579089CEF80 {

}
[1643918690.711][DEBUG]: DevTools WebSocket Response: Input.dispatchKeyEvent (id=231) 9C078928568725D01EE14579089CEF80 {

}
[1643918690.711][INFO]: Waiting for pending navigations...
[1643918690.711][DEBUG]: DevTools WebSocket Command: Runtime.evaluate (id=232) 9C078928568725D01EE14579089CEF80 {
   "expression": "1"
}
[1643918690.742][DEBUG]: DevTools WebSocket Response: Runtime.evaluate (id=232) 9C078928568725D01EE14579089CEF80 {
   "result": {
      "description": "1",
      "type": "number",
      "value": 1
   }
}
[1643918690.742][INFO]: Done waiting for pending navigations. Status: ok
[1643918690.742][INFO]: [944c5d7d3bf48ce3eae830b6e3ff061b] RESPONSE TypeElement
[1643918690.747][INFO]: [944c5d7d3bf48ce3eae830b6e3ff061b] COMMAND FindElement {
   "using": "css selector",
   "value": "#password"
}
[1643918690.747][INFO]: Waiting for pending navigations...
[1643918690.747][DEBUG]: DevTools WebSocket Command: Runtime.evaluate (id=233) 9C078928568725D01EE14579089CEF80 {
   "expression": "1"
}
[1643918690.775][DEBUG]: DevTools WebSocket Response: Runtime.evaluate (id=233) 9C078928568725D01EE14579089CEF80 {
   "result": {
      "description": "1",
      "type": "number",
      "value": 1
   }
}
[1643918690.775][INFO]: Done waiting for pending navigations. Status: ok
[1643918690.777][DEBUG]: DevTools WebSocket Command: Runtime.evaluate (id=234) 9C078928568725D01EE14579089CEF80 {
   "awaitPromise": true,
   "contextId": 13,
   "expression": "(function() { // Copyright (c) 2012 The Chromium Authors. All rights reserved.\n// Use of this source code is governed by a BSD-style license that can be\n// found in the LICENSE file.\n\n/**\n * Enum f...",
   "returnByValue": true
}
[1643918690.786][DEBUG]: DevTools WebSocket Response: Runtime.evaluate (id=234) 9C078928568725D01EE14579089CEF80 {
   "result": {
      "type": "object",
      "value": {
         "status": 0,
         "value": {
            "element-6066-11e4-a52e-4f735466cecf": "2484cd2e-e7f4-4315-bc20-3a7f1d043113"
         }
      }
   }
}
[1643918690.786][INFO]: Waiting for pending navigations...
[1643918690.786][DEBUG]: DevTools WebSocket Command: Runtime.evaluate (id=235) 9C078928568725D01EE14579089CEF80 {
   "expression": "1"
}
[1643918690.787][DEBUG]: DevTools WebSocket Response: Runtime.evaluate (id=235) 9C078928568725D01EE14579089CEF80 {
   "result": {
      "description": "1",
      "type": "number",
      "value": 1
   }
}
[1643918690.787][INFO]: Done waiting for pending navigations. Status: ok
[1643918690.787][INFO]: [944c5d7d3bf48ce3eae830b6e3ff061b] RESPONSE FindElement {
   "element-6066-11e4-a52e-4f735466cecf": "2484cd2e-e7f4-4315-bc20-3a7f1d043113"
}
[1643918690.793][INFO]: [944c5d7d3bf48ce3eae830b6e3ff061b] COMMAND TypeElement {
   "id": "2484cd2e-e7f4-4315-bc20-3a7f1d043113",
   "text": "S1mpl34ut0m4ti0n",
   "value": [ "S", "1", "m", "p", "l", "3", "4", "u", "t", "0", "m", "4", "t", "i", "0", "n" ]
}
[1643918690.793][INFO]: Waiting for pending navigations...
[1643918690.793][DEBUG]: DevTools WebSocket Command: Runtime.evaluate (id=236) 9C078928568725D01EE14579089CEF80 {
   "expression": "1"
}
[1643918690.796][DEBUG]: DevTools WebSocket Response: Runtime.evaluate (id=236) 9C078928568725D01EE14579089CEF80 {
   "result": {
      "description": "1",
      "type": "number",
      "value": 1
   }
}
[1643918690.796][INFO]: Done waiting for pending navigations. Status: ok
[1643918690.797][DEBUG]: DevTools WebSocket Command: Runtime.evaluate (id=237) 9C078928568725D01EE14579089CEF80 {
   "awaitPromise": true,
   "contextId": 13,
   "expression": "(function() { // Copyright (c) 2012 The Chromium Authors. All rights reserved.\n// Use of this source code is governed by a BSD-style license that can be\n// found in the LICENSE file.\n\n/**\n * Enum f...",
   "returnByValue": true
}
[1643918690.807][DEBUG]: DevTools WebSocket Response: Runtime.evaluate (id=237) 9C078928568725D01EE14579089CEF80 {
   "result": {
      "type": "object",
      "value": {
         "status": 0,
         "value": "INPUT"
      }
   }
}
[1643918690.809][DEBUG]: DevTools WebSocket Command: Runtime.evaluate (id=238) 9C078928568725D01EE14579089CEF80 {
   "awaitPromise": true,
   "contextId": 13,
   "expression": "(function() { // Copyright (c) 2012 The Chromium Authors. All rights reserved.\n// Use of this source code is governed by a BSD-style license that can be\n// found in the LICENSE file.\n\n/**\n * Enum f...",
   "returnByValue": true
}
[1643918690.816][DEBUG]: DevTools WebSocket Response: Runtime.evaluate (id=238) 9C078928568725D01EE14579089CEF80 {
   "result": {
      "type": "object",
      "value": {
         "status": 0,
         "value": "password"
      }
   }
}
[1643918690.817][DEBUG]: DevTools WebSocket Command: Runtime.evaluate (id=239) 9C078928568725D01EE14579089CEF80 {
   "awaitPromise": true,
   "contextId": 13,
   "expression": "(function() { // Copyright (c) 2012 The Chromium Authors. All rights reserved.\n// Use of this source code is governed by a BSD-style license that can be\n// found in the LICENSE file.\n\n/**\n * Enum f...",
   "returnByValue": true
}
[1643918690.820][DEBUG]: DevTools WebSocket Response: Runtime.evaluate (id=239) 9C078928568725D01EE14579089CEF80 {
   "result": {
      "type": "object",
      "value": {
         "status": 0,
         "value": false
      }
   }
}
[1643918690.821][DEBUG]: DevTools WebSocket Command: Runtime.evaluate (id=240) 9C078928568725D01EE14579089CEF80 {
   "awaitPromise": true,
   "contextId": 13,
   "expression": "(function() { // Copyright (c) 2012 The Chromium Authors. All rights reserved.\n// Use of this source code is governed by a BSD-style license that can be\n// found in the LICENSE file.\n\n/**\n * Enum f...",
   "returnByValue": true
}
[1643918690.824][DEBUG]: DevTools WebSocket Response: Runtime.evaluate (id=240) 9C078928568725D01EE14579089CEF80 {
   "result": {
      "type": "object",
      "value": {
         "status": 0,
         "value": "INPUT"
      }
   }
}
[1643918690.824][DEBUG]: DevTools WebSocket Command: Runtime.evaluate (id=241) 9C078928568725D01EE14579089CEF80 {
   "awaitPromise": false,
   "contextId": 13,
   "expression": "document.hasFocus()",
   "returnByValue": true
}
[1643918690.825][DEBUG]: DevTools WebSocket Response: Runtime.evaluate (id=241) 9C078928568725D01EE14579089CEF80 {
   "result": {
      "type": "boolean",
      "value": true
   }
}
[1643918690.825][DEBUG]: DevTools WebSocket Command: Runtime.evaluate (id=242) 9C078928568725D01EE14579089CEF80 {
   "awaitPromise": true,
   "contextId": 13,
   "expression": "(function() { // Copyright (c) 2012 The Chromium Authors. All rights reserved.\n// Use of this source code is governed by a BSD-style license that can be\n// found in the LICENSE file.\n\n/**\n * Enum f...",
   "returnByValue": true
}
[1643918690.826][DEBUG]: DevTools WebSocket Response: Runtime.evaluate (id=242) 9C078928568725D01EE14579089CEF80 {
   "result": {
      "type": "object",
      "value": {
         "status": 0,
         "value": {
            "element-6066-11e4-a52e-4f735466cecf": "b8683f4f-a93c-40ef-9b3a-819495cabe0c"
         }
      }
   }
}
[1643918690.828][DEBUG]: DevTools WebSocket Command: Runtime.evaluate (id=243) 9C078928568725D01EE14579089CEF80 {
   "awaitPromise": true,
   "contextId": 13,
   "expression": "(function() { // Copyright (c) 2012 The Chromium Authors. All rights reserved.\n// Use of this source code is governed by a BSD-style license that can be\n// found in the LICENSE file.\n\n/**\n * Enum f...",
   "returnByValue": true
}
[1643918690.837][DEBUG]: DevTools WebSocket Response: Runtime.evaluate (id=243) 9C078928568725D01EE14579089CEF80 {
   "result": {
      "type": "object",
      "value": {
         "status": 0,
         "value": true
      }
   }
}
[1643918690.838][DEBUG]: DevTools WebSocket Command: Runtime.evaluate (id=244) 9C078928568725D01EE14579089CEF80 {
   "awaitPromise": true,
   "contextId": 13,
   "expression": "(function() { // Copyright (c) 2012 The Chromium Authors. All rights reserved.\n// Use of this source code is governed by a BSD-style license that can be\n// found in the LICENSE file.\n\n/**\n * Enum f...",
   "returnByValue": true
}
[1643918690.844][DEBUG]: DevTools WebSocket Response: Runtime.evaluate (id=244) 9C078928568725D01EE14579089CEF80 {
   "result": {
      "type": "object",
      "value": {
         "status": 0,
         "value": true
      }
   }
}
[1643918690.844][DEBUG]: DevTools WebSocket Command: Runtime.evaluate (id=245) 9C078928568725D01EE14579089CEF80 {
   "awaitPromise": true,
   "contextId": 13,
   "expression": "(function() { // Copyright (c) 2012 The Chromium Authors. All rights reserved.\n// Use of this source code is governed by a BSD-style license that can be\n// found in the LICENSE file.\n\n/**\n * Enum f...",
   "returnByValue": true
}
[1643918690.882][DEBUG]: DevTools WebSocket Response: Runtime.evaluate (id=245) 9C078928568725D01EE14579089CEF80 {
   "result": {
      "type": "object",
      "value": {
         "status": 0,
         "value": null
      }
   }
}
[1643918690.883][DEBUG]: DevTools WebSocket Command: Runtime.evaluate (id=246) 9C078928568725D01EE14579089CEF80 {
   "awaitPromise": true,
   "contextId": 13,
   "expression": "(function() { // Copyright (c) 2012 The Chromium Authors. All rights reserved.\n// Use of this source code is governed by a BSD-style license that can be\n// found in the LICENSE file.\n\n/**\n * Enum f...",
   "returnByValue": true
}
[1643918690.892][DEBUG]: DevTools WebSocket Response: Runtime.evaluate (id=246) 9C078928568725D01EE14579089CEF80 {
   "result": {
      "type": "object",
      "value": {
         "status": 0,
         "value": null
      }
   }
}
[1643918690.893][DEBUG]: DevTools WebSocket Command: Input.dispatchKeyEvent (id=247) 9C078928568725D01EE14579089CEF80 {
   "code": "ShiftLeft",
   "key": "Shift",
   "modifiers": 0,
   "text": "",
   "type": "rawKeyDown",
   "unmodifiedText": "",
   "windowsVirtualKeyCode": 16
}
[1643918690.895][DEBUG]: DevTools WebSocket Command: Input.dispatchKeyEvent (id=248) 9C078928568725D01EE14579089CEF80 {
   "code": "KeyS",
   "key": "S",
   "modifiers": 8,
   "text": "S",
   "type": "rawKeyDown",
   "unmodifiedText": "s",
   "windowsVirtualKeyCode": 83
}
[1643918690.895][DEBUG]: DevTools WebSocket Command: Input.dispatchKeyEvent (id=249) 9C078928568725D01EE14579089CEF80 {
   "code": "KeyS",
   "key": "S",
   "modifiers": 8,
   "text": "S",
   "type": "char",
   "unmodifiedText": "s",
   "windowsVirtualKeyCode": 83
}
[1643918690.898][DEBUG]: DevTools WebSocket Command: Input.dispatchKeyEvent (id=250) 9C078928568725D01EE14579089CEF80 {
   "code": "KeyS",
   "key": "S",
   "modifiers": 8,
   "text": "S",
   "type": "keyUp",
   "unmodifiedText": "s",
   "windowsVirtualKeyCode": 83
}
[1643918690.898][DEBUG]: DevTools WebSocket Command: Input.dispatchKeyEvent (id=251) 9C078928568725D01EE14579089CEF80 {
   "code": "ShiftLeft",
   "key": "Shift",
   "modifiers": 0,
   "text": "",
   "type": "keyUp",
   "unmodifiedText": "",
   "windowsVirtualKeyCode": 16
}
[1643918690.901][DEBUG]: DevTools WebSocket Command: Input.dispatchKeyEvent (id=252) 9C078928568725D01EE14579089CEF80 {
   "code": "Digit1",
   "key": "1",
   "modifiers": 0,
   "text": "1",
   "type": "rawKeyDown",
   "unmodifiedText": "1",
   "windowsVirtualKeyCode": 49
}
[1643918690.905][DEBUG]: DevTools WebSocket Command: Input.dispatchKeyEvent (id=253) 9C078928568725D01EE14579089CEF80 {
   "code": "Digit1",
   "key": "1",
   "modifiers": 0,
   "text": "1",
   "type": "char",
   "unmodifiedText": "1",
   "windowsVirtualKeyCode": 49
}
[1643918690.906][DEBUG]: DevTools WebSocket Command: Input.dispatchKeyEvent (id=254) 9C078928568725D01EE14579089CEF80 {
   "code": "Digit1",
   "key": "1",
   "modifiers": 0,
   "text": "1",
   "type": "keyUp",
   "unmodifiedText": "1",
   "windowsVirtualKeyCode": 49
}
[1643918690.906][DEBUG]: DevTools WebSocket Command: Input.dispatchKeyEvent (id=255) 9C078928568725D01EE14579089CEF80 {
   "code": "KeyM",
   "key": "m",
   "modifiers": 0,
   "text": "m",
   "type": "rawKeyDown",
   "unmodifiedText": "m",
   "windowsVirtualKeyCode": 77
}
[1643918690.907][DEBUG]: DevTools WebSocket Command: Input.dispatchKeyEvent (id=256) 9C078928568725D01EE14579089CEF80 {
   "code": "KeyM",
   "key": "m",
   "modifiers": 0,
   "text": "m",
   "type": "char",
   "unmodifiedText": "m",
   "windowsVirtualKeyCode": 77
}
[1643918690.908][DEBUG]: DevTools WebSocket Command: Input.dispatchKeyEvent (id=257) 9C078928568725D01EE14579089CEF80 {
   "code": "KeyM",
   "key": "m",
   "modifiers": 0,
   "text": "m",
   "type": "keyUp",
   "unmodifiedText": "m",
   "windowsVirtualKeyCode": 77
}
[1643918690.908][DEBUG]: DevTools WebSocket Command: Input.dispatchKeyEvent (id=258) 9C078928568725D01EE14579089CEF80 {
   "code": "KeyP",
   "key": "p",
   "modifiers": 0,
   "text": "p",
   "type": "rawKeyDown",
   "unmodifiedText": "p",
   "windowsVirtualKeyCode": 80
}
[1643918690.909][DEBUG]: DevTools WebSocket Command: Input.dispatchKeyEvent (id=259) 9C078928568725D01EE14579089CEF80 {
   "code": "KeyP",
   "key": "p",
   "modifiers": 0,
   "text": "p",
   "type": "char",
   "unmodifiedText": "p",
   "windowsVirtualKeyCode": 80
}
[1643918690.910][DEBUG]: DevTools WebSocket Command: Input.dispatchKeyEvent (id=260) 9C078928568725D01EE14579089CEF80 {
   "code": "KeyP",
   "key": "p",
   "modifiers": 0,
   "text": "p",
   "type": "keyUp",
   "unmodifiedText": "p",
   "windowsVirtualKeyCode": 80
}
[1643918690.911][DEBUG]: DevTools WebSocket Command: Input.dispatchKeyEvent (id=261) 9C078928568725D01EE14579089CEF80 {
   "code": "KeyL",
   "key": "l",
   "modifiers": 0,
   "text": "l",
   "type": "rawKeyDown",
   "unmodifiedText": "l",
   "windowsVirtualKeyCode": 76
}
[1643918690.911][DEBUG]: DevTools WebSocket Command: Input.dispatchKeyEvent (id=262) 9C078928568725D01EE14579089CEF80 {
   "code": "KeyL",
   "key": "l",
   "modifiers": 0,
   "text": "l",
   "type": "char",
   "unmodifiedText": "l",
   "windowsVirtualKeyCode": 76
}
[1643918690.912][DEBUG]: DevTools WebSocket Command: Input.dispatchKeyEvent (id=263) 9C078928568725D01EE14579089CEF80 {
   "code": "KeyL",
   "key": "l",
   "modifiers": 0,
   "text": "l",
   "type": "keyUp",
   "unmodifiedText": "l",
   "windowsVirtualKeyCode": 76
}
[1643918690.913][DEBUG]: DevTools WebSocket Command: Input.dispatchKeyEvent (id=264) 9C078928568725D01EE14579089CEF80 {
   "code": "Digit3",
   "key": "3",
   "modifiers": 0,
   "text": "3",
   "type": "rawKeyDown",
   "unmodifiedText": "3",
   "windowsVirtualKeyCode": 51
}
[1643918690.914][DEBUG]: DevTools WebSocket Command: Input.dispatchKeyEvent (id=265) 9C078928568725D01EE14579089CEF80 {
   "code": "Digit3",
   "key": "3",
   "modifiers": 0,
   "text": "3",
   "type": "char",
   "unmodifiedText": "3",
   "windowsVirtualKeyCode": 51
}
[1643918690.914][DEBUG]: DevTools WebSocket Command: Input.dispatchKeyEvent (id=266) 9C078928568725D01EE14579089CEF80 {
   "code": "Digit3",
   "key": "3",
   "modifiers": 0,
   "text": "3",
   "type": "keyUp",
   "unmodifiedText": "3",
   "windowsVirtualKeyCode": 51
}
[1643918690.915][DEBUG]: DevTools WebSocket Command: Input.dispatchKeyEvent (id=267) 9C078928568725D01EE14579089CEF80 {
   "code": "Digit4",
   "key": "4",
   "modifiers": 0,
   "text": "4",
   "type": "rawKeyDown",
   "unmodifiedText": "4",
   "windowsVirtualKeyCode": 52
}
[1643918690.916][DEBUG]: DevTools WebSocket Command: Input.dispatchKeyEvent (id=268) 9C078928568725D01EE14579089CEF80 {
   "code": "Digit4",
   "key": "4",
   "modifiers": 0,
   "text": "4",
   "type": "char",
   "unmodifiedText": "4",
   "windowsVirtualKeyCode": 52
}
[1643918690.916][DEBUG]: DevTools WebSocket Command: Input.dispatchKeyEvent (id=269) 9C078928568725D01EE14579089CEF80 {
   "code": "Digit4",
   "key": "4",
   "modifiers": 0,
   "text": "4",
   "type": "keyUp",
   "unmodifiedText": "4",
   "windowsVirtualKeyCode": 52
}
[1643918690.918][DEBUG]: DevTools WebSocket Command: Input.dispatchKeyEvent (id=270) 9C078928568725D01EE14579089CEF80 {
   "code": "KeyU",
   "key": "u",
   "modifiers": 0,
   "text": "u",
   "type": "rawKeyDown",
   "unmodifiedText": "u",
   "windowsVirtualKeyCode": 85
}
[1643918690.918][DEBUG]: DevTools WebSocket Command: Input.dispatchKeyEvent (id=271) 9C078928568725D01EE14579089CEF80 {
   "code": "KeyU",
   "key": "u",
   "modifiers": 0,
   "text": "u",
   "type": "char",
   "unmodifiedText": "u",
   "windowsVirtualKeyCode": 85
}
[1643918690.919][DEBUG]: DevTools WebSocket Command: Input.dispatchKeyEvent (id=272) 9C078928568725D01EE14579089CEF80 {
   "code": "KeyU",
   "key": "u",
   "modifiers": 0,
   "text": "u",
   "type": "keyUp",
   "unmodifiedText": "u",
   "windowsVirtualKeyCode": 85
}
[1643918690.921][DEBUG]: DevTools WebSocket Command: Input.dispatchKeyEvent (id=273) 9C078928568725D01EE14579089CEF80 {
   "code": "KeyT",
   "key": "t",
   "modifiers": 0,
   "text": "t",
   "type": "rawKeyDown",
   "unmodifiedText": "t",
   "windowsVirtualKeyCode": 84
}
[1643918690.921][DEBUG]: DevTools WebSocket Command: Input.dispatchKeyEvent (id=274) 9C078928568725D01EE14579089CEF80 {
   "code": "KeyT",
   "key": "t",
   "modifiers": 0,
   "text": "t",
   "type": "char",
   "unmodifiedText": "t",
   "windowsVirtualKeyCode": 84
}
[1643918690.923][DEBUG]: DevTools WebSocket Command: Input.dispatchKeyEvent (id=275) 9C078928568725D01EE14579089CEF80 {
   "code": "KeyT",
   "key": "t",
   "modifiers": 0,
   "text": "t",
   "type": "keyUp",
   "unmodifiedText": "t",
   "windowsVirtualKeyCode": 84
}
[1643918690.925][DEBUG]: DevTools WebSocket Command: Input.dispatchKeyEvent (id=276) 9C078928568725D01EE14579089CEF80 {
   "code": "Digit0",
   "key": "0",
   "modifiers": 0,
   "text": "0",
   "type": "rawKeyDown",
   "unmodifiedText": "0",
   "windowsVirtualKeyCode": 48
}
[1643918690.925][DEBUG]: DevTools WebSocket Command: Input.dispatchKeyEvent (id=277) 9C078928568725D01EE14579089CEF80 {
   "code": "Digit0",
   "key": "0",
   "modifiers": 0,
   "text": "0",
   "type": "char",
   "unmodifiedText": "0",
   "windowsVirtualKeyCode": 48
}
[1643918690.926][DEBUG]: DevTools WebSocket Command: Input.dispatchKeyEvent (id=278) 9C078928568725D01EE14579089CEF80 {
   "code": "Digit0",
   "key": "0",
   "modifiers": 0,
   "text": "0",
   "type": "keyUp",
   "unmodifiedText": "0",
   "windowsVirtualKeyCode": 48
}
[1643918690.926][DEBUG]: DevTools WebSocket Command: Input.dispatchKeyEvent (id=279) 9C078928568725D01EE14579089CEF80 {
   "code": "KeyM",
   "key": "m",
   "modifiers": 0,
   "text": "m",
   "type": "rawKeyDown",
   "unmodifiedText": "m",
   "windowsVirtualKeyCode": 77
}
[1643918690.927][DEBUG]: DevTools WebSocket Command: Input.dispatchKeyEvent (id=280) 9C078928568725D01EE14579089CEF80 {
   "code": "KeyM",
   "key": "m",
   "modifiers": 0,
   "text": "m",
   "type": "char",
   "unmodifiedText": "m",
   "windowsVirtualKeyCode": 77
}
[1643918690.928][DEBUG]: DevTools WebSocket Command: Input.dispatchKeyEvent (id=281) 9C078928568725D01EE14579089CEF80 {
   "code": "KeyM",
   "key": "m",
   "modifiers": 0,
   "text": "m",
   "type": "keyUp",
   "unmodifiedText": "m",
   "windowsVirtualKeyCode": 77
}
[1643918690.929][DEBUG]: DevTools WebSocket Command: Input.dispatchKeyEvent (id=282) 9C078928568725D01EE14579089CEF80 {
   "code": "Digit4",
   "key": "4",
   "modifiers": 0,
   "text": "4",
   "type": "rawKeyDown",
   "unmodifiedText": "4",
   "windowsVirtualKeyCode": 52
}
[1643918690.929][DEBUG]: DevTools WebSocket Command: Input.dispatchKeyEvent (id=283) 9C078928568725D01EE14579089CEF80 {
   "code": "Digit4",
   "key": "4",
   "modifiers": 0,
   "text": "4",
   "type": "char",
   "unmodifiedText": "4",
   "windowsVirtualKeyCode": 52
}
[1643918690.933][DEBUG]: DevTools WebSocket Command: Input.dispatchKeyEvent (id=284) 9C078928568725D01EE14579089CEF80 {
   "code": "Digit4",
   "key": "4",
   "modifiers": 0,
   "text": "4",
   "type": "keyUp",
   "unmodifiedText": "4",
   "windowsVirtualKeyCode": 52
}
[1643918690.937][DEBUG]: DevTools WebSocket Command: Input.dispatchKeyEvent (id=285) 9C078928568725D01EE14579089CEF80 {
   "code": "KeyT",
   "key": "t",
   "modifiers": 0,
   "text": "t",
   "type": "rawKeyDown",
   "unmodifiedText": "t",
   "windowsVirtualKeyCode": 84
}
[1643918690.937][DEBUG]: DevTools WebSocket Command: Input.dispatchKeyEvent (id=286) 9C078928568725D01EE14579089CEF80 {
   "code": "KeyT",
   "key": "t",
   "modifiers": 0,
   "text": "t",
   "type": "char",
   "unmodifiedText": "t",
   "windowsVirtualKeyCode": 84
}
[1643918690.937][DEBUG]: DevTools WebSocket Command: Input.dispatchKeyEvent (id=287) 9C078928568725D01EE14579089CEF80 {
   "code": "KeyT",
   "key": "t",
   "modifiers": 0,
   "text": "t",
   "type": "keyUp",
   "unmodifiedText": "t",
   "windowsVirtualKeyCode": 84
}
[1643918690.939][DEBUG]: DevTools WebSocket Command: Input.dispatchKeyEvent (id=288) 9C078928568725D01EE14579089CEF80 {
   "code": "KeyI",
   "key": "i",
   "modifiers": 0,
   "text": "i",
   "type": "rawKeyDown",
   "unmodifiedText": "i",
   "windowsVirtualKeyCode": 73
}
[1643918690.940][DEBUG]: DevTools WebSocket Command: Input.dispatchKeyEvent (id=289) 9C078928568725D01EE14579089CEF80 {
   "code": "KeyI",
   "key": "i",
   "modifiers": 0,
   "text": "i",
   "type": "char",
   "unmodifiedText": "i",
   "windowsVirtualKeyCode": 73
}
[1643918690.941][DEBUG]: DevTools WebSocket Command: Input.dispatchKeyEvent (id=290) 9C078928568725D01EE14579089CEF80 {
   "code": "KeyI",
   "key": "i",
   "modifiers": 0,
   "text": "i",
   "type": "keyUp",
   "unmodifiedText": "i",
   "windowsVirtualKeyCode": 73
}
[1643918690.942][DEBUG]: DevTools WebSocket Command: Input.dispatchKeyEvent (id=291) 9C078928568725D01EE14579089CEF80 {
   "code": "Digit0",
   "key": "0",
   "modifiers": 0,
   "text": "0",
   "type": "rawKeyDown",
   "unmodifiedText": "0",
   "windowsVirtualKeyCode": 48
}
[1643918690.942][DEBUG]: DevTools WebSocket Command: Input.dispatchKeyEvent (id=292) 9C078928568725D01EE14579089CEF80 {
   "code": "Digit0",
   "key": "0",
   "modifiers": 0,
   "text": "0",
   "type": "char",
   "unmodifiedText": "0",
   "windowsVirtualKeyCode": 48
}
[1643918690.943][DEBUG]: DevTools WebSocket Command: Input.dispatchKeyEvent (id=293) 9C078928568725D01EE14579089CEF80 {
   "code": "Digit0",
   "key": "0",
   "modifiers": 0,
   "text": "0",
   "type": "keyUp",
   "unmodifiedText": "0",
   "windowsVirtualKeyCode": 48
}
[1643918690.944][DEBUG]: DevTools WebSocket Command: Input.dispatchKeyEvent (id=294) 9C078928568725D01EE14579089CEF80 {
   "code": "KeyN",
   "key": "n",
   "modifiers": 0,
   "text": "n",
   "type": "rawKeyDown",
   "unmodifiedText": "n",
   "windowsVirtualKeyCode": 78
}
[1643918690.944][DEBUG]: DevTools WebSocket Command: Input.dispatchKeyEvent (id=295) 9C078928568725D01EE14579089CEF80 {
   "code": "KeyN",
   "key": "n",
   "modifiers": 0,
   "text": "n",
   "type": "char",
   "unmodifiedText": "n",
   "windowsVirtualKeyCode": 78
}
[1643918690.945][DEBUG]: DevTools WebSocket Command: Input.dispatchKeyEvent (id=296) 9C078928568725D01EE14579089CEF80 {
   "code": "KeyN",
   "key": "n",
   "modifiers": 0,
   "text": "n",
   "type": "keyUp",
   "unmodifiedText": "n",
   "windowsVirtualKeyCode": 78
}
[1643918690.948][DEBUG]: DevTools WebSocket Response: Input.dispatchKeyEvent (id=247) 9C078928568725D01EE14579089CEF80 {

}
[1643918690.948][DEBUG]: DevTools WebSocket Response: Input.dispatchKeyEvent (id=248) 9C078928568725D01EE14579089CEF80 {

}
[1643918690.987][DEBUG]: DevTools WebSocket Response: Input.dispatchKeyEvent (id=249) 9C078928568725D01EE14579089CEF80 {

}
[1643918690.988][DEBUG]: DevTools WebSocket Response: Input.dispatchKeyEvent (id=250) 9C078928568725D01EE14579089CEF80 {

}
[1643918690.988][DEBUG]: DevTools WebSocket Response: Input.dispatchKeyEvent (id=251) 9C078928568725D01EE14579089CEF80 {

}
[1643918690.989][DEBUG]: DevTools WebSocket Response: Input.dispatchKeyEvent (id=252) 9C078928568725D01EE14579089CEF80 {

}
[1643918690.993][DEBUG]: DevTools WebSocket Response: Input.dispatchKeyEvent (id=253) 9C078928568725D01EE14579089CEF80 {

}
[1643918690.993][DEBUG]: DevTools WebSocket Response: Input.dispatchKeyEvent (id=254) 9C078928568725D01EE14579089CEF80 {

}
[1643918690.994][DEBUG]: DevTools WebSocket Response: Input.dispatchKeyEvent (id=255) 9C078928568725D01EE14579089CEF80 {

}
[1643918690.998][DEBUG]: DevTools WebSocket Response: Input.dispatchKeyEvent (id=256) 9C078928568725D01EE14579089CEF80 {

}
[1643918690.998][DEBUG]: DevTools WebSocket Response: Input.dispatchKeyEvent (id=257) 9C078928568725D01EE14579089CEF80 {

}
[1643918690.999][DEBUG]: DevTools WebSocket Response: Input.dispatchKeyEvent (id=258) 9C078928568725D01EE14579089CEF80 {

}
[1643918691.004][DEBUG]: DevTools WebSocket Response: Input.dispatchKeyEvent (id=259) 9C078928568725D01EE14579089CEF80 {

}
[1643918691.005][DEBUG]: DevTools WebSocket Response: Input.dispatchKeyEvent (id=260) 9C078928568725D01EE14579089CEF80 {

}
[1643918691.006][DEBUG]: DevTools WebSocket Response: Input.dispatchKeyEvent (id=261) 9C078928568725D01EE14579089CEF80 {

}
[1643918691.010][DEBUG]: DevTools WebSocket Response: Input.dispatchKeyEvent (id=262) 9C078928568725D01EE14579089CEF80 {

}
[1643918691.011][DEBUG]: DevTools WebSocket Response: Input.dispatchKeyEvent (id=263) 9C078928568725D01EE14579089CEF80 {

}
[1643918691.012][DEBUG]: DevTools WebSocket Response: Input.dispatchKeyEvent (id=264) 9C078928568725D01EE14579089CEF80 {

}
[1643918691.025][DEBUG]: DevTools WebSocket Response: Input.dispatchKeyEvent (id=265) 9C078928568725D01EE14579089CEF80 {

}
[1643918691.025][DEBUG]: DevTools WebSocket Response: Input.dispatchKeyEvent (id=266) 9C078928568725D01EE14579089CEF80 {

}
[1643918691.027][DEBUG]: DevTools WebSocket Response: Input.dispatchKeyEvent (id=267) 9C078928568725D01EE14579089CEF80 {

}
[1643918691.031][DEBUG]: DevTools WebSocket Response: Input.dispatchKeyEvent (id=268) 9C078928568725D01EE14579089CEF80 {

}
[1643918691.031][DEBUG]: DevTools WebSocket Response: Input.dispatchKeyEvent (id=269) 9C078928568725D01EE14579089CEF80 {

}
[1643918691.033][DEBUG]: DevTools WebSocket Response: Input.dispatchKeyEvent (id=270) 9C078928568725D01EE14579089CEF80 {

}
[1643918691.039][DEBUG]: DevTools WebSocket Response: Input.dispatchKeyEvent (id=271) 9C078928568725D01EE14579089CEF80 {

}
[1643918691.040][DEBUG]: DevTools WebSocket Response: Input.dispatchKeyEvent (id=272) 9C078928568725D01EE14579089CEF80 {

}
[1643918691.042][DEBUG]: DevTools WebSocket Response: Input.dispatchKeyEvent (id=273) 9C078928568725D01EE14579089CEF80 {

}
[1643918691.052][DEBUG]: DevTools WebSocket Response: Input.dispatchKeyEvent (id=274) 9C078928568725D01EE14579089CEF80 {

}
[1643918691.057][DEBUG]: DevTools WebSocket Response: Input.dispatchKeyEvent (id=275) 9C078928568725D01EE14579089CEF80 {

}
[1643918691.088][DEBUG]: DevTools WebSocket Response: Input.dispatchKeyEvent (id=276) 9C078928568725D01EE14579089CEF80 {

}
[1643918691.093][DEBUG]: DevTools WebSocket Response: Input.dispatchKeyEvent (id=277) 9C078928568725D01EE14579089CEF80 {

}
[1643918691.093][DEBUG]: DevTools WebSocket Response: Input.dispatchKeyEvent (id=278) 9C078928568725D01EE14579089CEF80 {

}
[1643918691.095][DEBUG]: DevTools WebSocket Response: Input.dispatchKeyEvent (id=279) 9C078928568725D01EE14579089CEF80 {

}
[1643918691.098][DEBUG]: DevTools WebSocket Response: Input.dispatchKeyEvent (id=280) 9C078928568725D01EE14579089CEF80 {

}
[1643918691.098][DEBUG]: DevTools WebSocket Response: Input.dispatchKeyEvent (id=281) 9C078928568725D01EE14579089CEF80 {

}
[1643918691.099][DEBUG]: DevTools WebSocket Response: Input.dispatchKeyEvent (id=282) 9C078928568725D01EE14579089CEF80 {

}
[1643918691.110][DEBUG]: DevTools WebSocket Response: Input.dispatchKeyEvent (id=283) 9C078928568725D01EE14579089CEF80 {

}
[1643918691.110][DEBUG]: DevTools WebSocket Response: Input.dispatchKeyEvent (id=284) 9C078928568725D01EE14579089CEF80 {

}
[1643918691.111][DEBUG]: DevTools WebSocket Response: Input.dispatchKeyEvent (id=285) 9C078928568725D01EE14579089CEF80 {

}
[1643918691.118][DEBUG]: DevTools WebSocket Response: Input.dispatchKeyEvent (id=286) 9C078928568725D01EE14579089CEF80 {

}
[1643918691.118][DEBUG]: DevTools WebSocket Response: Input.dispatchKeyEvent (id=287) 9C078928568725D01EE14579089CEF80 {

}
[1643918691.118][DEBUG]: DevTools WebSocket Response: Input.dispatchKeyEvent (id=288) 9C078928568725D01EE14579089CEF80 {

}
[1643918691.124][DEBUG]: DevTools WebSocket Response: Input.dispatchKeyEvent (id=289) 9C078928568725D01EE14579089CEF80 {

}
[1643918691.124][DEBUG]: DevTools WebSocket Response: Input.dispatchKeyEvent (id=290) 9C078928568725D01EE14579089CEF80 {

}
[1643918691.124][DEBUG]: DevTools WebSocket Response: Input.dispatchKeyEvent (id=291) 9C078928568725D01EE14579089CEF80 {

}
[1643918691.131][DEBUG]: DevTools WebSocket Response: Input.dispatchKeyEvent (id=292) 9C078928568725D01EE14579089CEF80 {

}
[1643918691.131][DEBUG]: DevTools WebSocket Response: Input.dispatchKeyEvent (id=293) 9C078928568725D01EE14579089CEF80 {

}
[1643918691.131][DEBUG]: DevTools WebSocket Response: Input.dispatchKeyEvent (id=294) 9C078928568725D01EE14579089CEF80 {

}
[1643918691.146][DEBUG]: DevTools WebSocket Response: Input.dispatchKeyEvent (id=295) 9C078928568725D01EE14579089CEF80 {

}
[1643918691.146][DEBUG]: DevTools WebSocket Response: Input.dispatchKeyEvent (id=296) 9C078928568725D01EE14579089CEF80 {

}
[1643918691.146][INFO]: Waiting for pending navigations...
[1643918691.146][DEBUG]: DevTools WebSocket Command: Runtime.evaluate (id=297) 9C078928568725D01EE14579089CEF80 {
   "expression": "1"
}
[1643918691.157][DEBUG]: DevTools WebSocket Response: Runtime.evaluate (id=297) 9C078928568725D01EE14579089CEF80 {
   "result": {
      "description": "1",
      "type": "number",
      "value": 1
   }
}
[1643918691.158][INFO]: Done waiting for pending navigations. Status: ok
[1643918691.158][INFO]: [944c5d7d3bf48ce3eae830b6e3ff061b] RESPONSE TypeElement
[1643918691.163][INFO]: [944c5d7d3bf48ce3eae830b6e3ff061b] COMMAND FindElement {
   "using": "xpath",
   "value": "//*[text()='Войти']"
}
[1643918691.163][INFO]: Waiting for pending navigations...
[1643918691.163][DEBUG]: DevTools WebSocket Command: Runtime.evaluate (id=298) 9C078928568725D01EE14579089CEF80 {
   "expression": "1"
}
[1643918691.181][DEBUG]: DevTools WebSocket Response: Runtime.evaluate (id=298) 9C078928568725D01EE14579089CEF80 {
   "result": {
      "description": "1",
      "type": "number",
      "value": 1
   }
}
[1643918691.181][INFO]: Done waiting for pending navigations. Status: ok
[1643918691.183][DEBUG]: DevTools WebSocket Command: Runtime.evaluate (id=299) 9C078928568725D01EE14579089CEF80 {
   "awaitPromise": true,
   "contextId": 13,
   "expression": "(function() { // Copyright (c) 2012 The Chromium Authors. All rights reserved.\n// Use of this source code is governed by a BSD-style license that can be\n// found in the LICENSE file.\n\n/**\n * Enum f...",
   "returnByValue": true
}
[1643918691.205][DEBUG]: DevTools WebSocket Response: Runtime.evaluate (id=299) 9C078928568725D01EE14579089CEF80 {
   "result": {
      "type": "object",
      "value": {
         "status": 0,
         "value": {
            "element-6066-11e4-a52e-4f735466cecf": "5cc72b35-9c47-4a75-b062-9a04d2bcb029"
         }
      }
   }
}
[1643918691.205][INFO]: Waiting for pending navigations...
[1643918691.205][DEBUG]: DevTools WebSocket Command: Runtime.evaluate (id=300) 9C078928568725D01EE14579089CEF80 {
   "expression": "1"
}
[1643918691.207][DEBUG]: DevTools WebSocket Response: Runtime.evaluate (id=300) 9C078928568725D01EE14579089CEF80 {
   "result": {
      "description": "1",
      "type": "number",
      "value": 1
   }
}
[1643918691.207][INFO]: Done waiting for pending navigations. Status: ok
[1643918691.207][INFO]: [944c5d7d3bf48ce3eae830b6e3ff061b] RESPONSE FindElement {
   "element-6066-11e4-a52e-4f735466cecf": "5cc72b35-9c47-4a75-b062-9a04d2bcb029"
}
[1643918691.213][INFO]: [944c5d7d3bf48ce3eae830b6e3ff061b] COMMAND ClickElement {
   "id": "5cc72b35-9c47-4a75-b062-9a04d2bcb029"
}
[1643918691.213][INFO]: Waiting for pending navigations...
[1643918691.213][DEBUG]: DevTools WebSocket Command: Runtime.evaluate (id=301) 9C078928568725D01EE14579089CEF80 {
   "expression": "1"
}
[1643918691.214][DEBUG]: DevTools WebSocket Response: Runtime.evaluate (id=301) 9C078928568725D01EE14579089CEF80 {
   "result": {
      "description": "1",
      "type": "number",
      "value": 1
   }
}
[1643918691.214][INFO]: Done waiting for pending navigations. Status: ok
[1643918691.215][DEBUG]: DevTools WebSocket Command: Runtime.evaluate (id=302) 9C078928568725D01EE14579089CEF80 {
   "awaitPromise": true,
   "contextId": 13,
   "expression": "(function() { // Copyright (c) 2012 The Chromium Authors. All rights reserved.\n// Use of this source code is governed by a BSD-style license that can be\n// found in the LICENSE file.\n\n/**\n * Enum f...",
   "returnByValue": true
}
[1643918691.225][DEBUG]: DevTools WebSocket Response: Runtime.evaluate (id=302) 9C078928568725D01EE14579089CEF80 {
   "result": {
      "type": "object",
      "value": {
         "status": 0,
         "value": "span"
      }
   }
}
[1643918691.226][DEBUG]: DevTools WebSocket Command: Runtime.evaluate (id=303) 9C078928568725D01EE14579089CEF80 {
   "awaitPromise": true,
   "contextId": 13,
   "expression": "(function() { // Copyright (c) 2012 The Chromium Authors. All rights reserved.\n// Use of this source code is governed by a BSD-style license that can be\n// found in the LICENSE file.\n\n/**\n * Enum f...",
   "returnByValue": true
}
[1643918691.228][DEBUG]: DevTools WebSocket Response: Runtime.evaluate (id=303) 9C078928568725D01EE14579089CEF80 {
   "result": {
      "type": "object",
      "value": {
         "status": 0,
         "value": "span"
      }
   }
}
[1643918691.230][DEBUG]: DevTools WebSocket Command: Runtime.evaluate (id=304) 9C078928568725D01EE14579089CEF80 {
   "awaitPromise": true,
   "contextId": 13,
   "expression": "(function() { // Copyright (c) 2012 The Chromium Authors. All rights reserved.\n// Use of this source code is governed by a BSD-style license that can be\n// found in the LICENSE file.\n\n/**\n * Enum f...",
   "returnByValue": true
}
[1643918691.243][DEBUG]: DevTools WebSocket Response: Runtime.evaluate (id=304) 9C078928568725D01EE14579089CEF80 {
   "result": {
      "type": "object",
      "value": {
         "status": 0,
         "value": true
      }
   }
}
[1643918691.244][DEBUG]: DevTools WebSocket Command: Runtime.evaluate (id=305) 9C078928568725D01EE14579089CEF80 {
   "awaitPromise": true,
   "contextId": 13,
   "expression": "(function() { // Copyright (c) 2012 The Chromium Authors. All rights reserved.\n// Use of this source code is governed by a BSD-style license that can be\n// found in the LICENSE file.\n\n/**\n * Enum f...",
   "returnByValue": true
}
[1643918691.250][DEBUG]: DevTools WebSocket Response: Runtime.evaluate (id=305) 9C078928568725D01EE14579089CEF80 {
   "result": {
      "type": "object",
      "value": {
         "status": 0,
         "value": {
            "height": 40,
            "left": 0,
            "top": 0,
            "width": 320
         }
      }
   }
}
[1643918691.254][DEBUG]: DevTools WebSocket Command: Runtime.evaluate (id=306) 9C078928568725D01EE14579089CEF80 {
   "awaitPromise": true,
   "contextId": 13,
   "expression": "(function() { // Copyright (c) 2012 The Chromium Authors. All rights reserved.\n// Use of this source code is governed by a BSD-style license that can be\n// found in the LICENSE file.\n\n/**\n * Enum f...",
   "returnByValue": true
}
[1643918691.265][DEBUG]: DevTools WebSocket Response: Runtime.evaluate (id=306) 9C078928568725D01EE14579089CEF80 {
   "result": {
      "type": "object",
      "value": {
         "status": 0,
         "value": {
            "ceil": {

            },
            "clone": {

            },
            "floor": {

            },
            "round": {

            },
            "scale": {

            },
            "translate": {

            },
            "x": 310,
            "y": 467.5
         }
      }
   }
}
[1643918691.266][DEBUG]: DevTools WebSocket Command: Runtime.evaluate (id=307) 9C078928568725D01EE14579089CEF80 {
   "awaitPromise": true,
   "contextId": 13,
   "expression": "(function() { // Copyright (c) 2012 The Chromium Authors. All rights reserved.\n// Use of this source code is governed by a BSD-style license that can be\n// found in the LICENSE file.\n\n/**\n * Enum f...",
   "returnByValue": true
}
[1643918691.284][DEBUG]: DevTools WebSocket Response: Runtime.evaluate (id=307) 9C078928568725D01EE14579089CEF80 {
   "result": {
      "type": "object",
      "value": {
         "status": 0,
         "value": {
            "clickable": true
         }
      }
   }
}
[1643918691.285][DEBUG]: DevTools WebSocket Command: Runtime.evaluate (id=308) 9C078928568725D01EE14579089CEF80 {
   "awaitPromise": true,
   "expression": "(function() { // Copyright (c) 2012 The Chromium Authors. All rights reserved.\n// Use of this source code is governed by a BSD-style license that can be\n// found in the LICENSE file.\n\n/**\n * Enum f...",
   "returnByValue": true
}
[1643918691.341][DEBUG]: DevTools WebSocket Response: Runtime.evaluate (id=308) 9C078928568725D01EE14579089CEF80 {
   "result": {
      "type": "object",
      "value": {
         "status": 0,
         "value": {
            "element-6066-11e4-a52e-4f735466cecf": "0ea74f25-6ba0-4625-af0d-515c5a98afd3"
         }
      }
   }
}
[1643918691.343][DEBUG]: DevTools WebSocket Command: Runtime.evaluate (id=309) 9C078928568725D01EE14579089CEF80 {
   "awaitPromise": true,
   "expression": "(function() { // Copyright (c) 2012 The Chromium Authors. All rights reserved.\n// Use of this source code is governed by a BSD-style license that can be\n// found in the LICENSE file.\n\n/**\n * Enum f...",
   "returnByValue": true
}
[1643918691.361][DEBUG]: DevTools WebSocket Response: Runtime.evaluate (id=309) 9C078928568725D01EE14579089CEF80 {
   "result": {
      "type": "object",
      "value": {
         "status": 0,
         "value": "0px"
      }
   }
}
[1643918691.363][DEBUG]: DevTools WebSocket Command: Runtime.evaluate (id=310) 9C078928568725D01EE14579089CEF80 {
   "awaitPromise": true,
   "expression": "(function() { // Copyright (c) 2012 The Chromium Authors. All rights reserved.\n// Use of this source code is governed by a BSD-style license that can be\n// found in the LICENSE file.\n\n/**\n * Enum f...",
   "returnByValue": true
}
[1643918691.379][DEBUG]: DevTools WebSocket Response: Runtime.evaluate (id=310) 9C078928568725D01EE14579089CEF80 {
   "result": {
      "type": "object",
      "value": {
         "status": 0,
         "value": "0px"
      }
   }
}
[1643918691.381][DEBUG]: DevTools WebSocket Command: Runtime.evaluate (id=311) 9C078928568725D01EE14579089CEF80 {
   "awaitPromise": true,
   "expression": "(function() { // Copyright (c) 2012 The Chromium Authors. All rights reserved.\n// Use of this source code is governed by a BSD-style license that can be\n// found in the LICENSE file.\n\n/**\n * Enum f...",
   "returnByValue": true
}
[1643918691.428][DEBUG]: DevTools WebSocket Response: Runtime.evaluate (id=311) 9C078928568725D01EE14579089CEF80 {
   "result": {
      "type": "object",
      "value": {
         "status": 0,
         "value": "0px"
      }
   }
}
[1643918691.429][DEBUG]: DevTools WebSocket Command: Runtime.evaluate (id=312) 9C078928568725D01EE14579089CEF80 {
   "awaitPromise": true,
   "expression": "(function() { // Copyright (c) 2012 The Chromium Authors. All rights reserved.\n// Use of this source code is governed by a BSD-style license that can be\n// found in the LICENSE file.\n\n/**\n * Enum f...",
   "returnByValue": true
}
[1643918691.435][DEBUG]: DevTools WebSocket Response: Runtime.evaluate (id=312) 9C078928568725D01EE14579089CEF80 {
   "result": {
      "type": "object",
      "value": {
         "status": 0,
         "value": "0px"
      }
   }
}
[1643918691.437][DEBUG]: DevTools WebSocket Command: Runtime.evaluate (id=313) 9C078928568725D01EE14579089CEF80 {
   "awaitPromise": true,
   "expression": "(function() { // Copyright (c) 2012 The Chromium Authors. All rights reserved.\n// Use of this source code is governed by a BSD-style license that can be\n// found in the LICENSE file.\n\n/**\n * Enum f...",
   "returnByValue": true
}
[1643918691.446][DEBUG]: DevTools WebSocket Response: Runtime.evaluate (id=313) 9C078928568725D01EE14579089CEF80 {
   "result": {
      "type": "object",
      "value": {
         "status": 0,
         "value": {
            "ceil": {

            },
            "clone": {

            },
            "floor": {

            },
            "round": {

            },
            "scale": {

            },
            "translate": {

            },
            "x": 310,
            "y": -179
         }
      }
   }
}
[1643918691.447][DEBUG]: DevTools WebSocket Command: Runtime.evaluate (id=314) 9C078928568725D01EE14579089CEF80 {
   "awaitPromise": true,
   "expression": "(function() { // Copyright (c) 2012 The Chromium Authors. All rights reserved.\n// Use of this source code is governed by a BSD-style license that can be\n// found in the LICENSE file.\n\n/**\n * Enum f...",
   "returnByValue": true
}
[1643918691.456][DEBUG]: DevTools WebSocket Response: Runtime.evaluate (id=314) 9C078928568725D01EE14579089CEF80 {
   "result": {
      "type": "object",
      "value": {
         "status": 0,
         "value": {
            "clickable": false,
            "message": "Element is not clickable at point (470, -159)"
         }
      }
   }
}
[1643918691.458][DEBUG]: DevTools WebSocket Command: Runtime.evaluate (id=315) 9C078928568725D01EE14579089CEF80 {
   "awaitPromise": true,
   "expression": "(function() { // Copyright (c) 2012 The Chromium Authors. All rights reserved.\n// Use of this source code is governed by a BSD-style license that can be\n// found in the LICENSE file.\n\n/**\n * Enum f...",
   "returnByValue": true
}
[1643918691.463][DEBUG]: DevTools WebSocket Response: Runtime.evaluate (id=315) 9C078928568725D01EE14579089CEF80 {
   "result": {
      "type": "object",
      "value": {
         "status": 0,
         "value": {
            "ceil": {

            },
            "clone": {

            },
            "floor": {

            },
            "round": {

            },
            "scale": {

            },
            "translate": {

            },
            "x": 310,
            "y": -179
         }
      }
   }
}
[1643918691.464][DEBUG]: DevTools WebSocket Command: Runtime.evaluate (id=316) 9C078928568725D01EE14579089CEF80 {
   "awaitPromise": true,
   "expression": "(function() { // Copyright (c) 2012 The Chromium Authors. All rights reserved.\n// Use of this source code is governed by a BSD-style license that can be\n// found in the LICENSE file.\n\n/**\n * Enum f...",
   "returnByValue": true
}
[1643918691.467][DEBUG]: DevTools WebSocket Response: Runtime.evaluate (id=316) 9C078928568725D01EE14579089CEF80 {
   "result": {
      "type": "object",
      "value": {
         "status": 0,
         "value": {
            "clickable": false,
            "message": "Element is not clickable at point (470, -159)"
         }
      }
   }
}
[1643918691.521][DEBUG]: DevTools WebSocket Command: Runtime.evaluate (id=317) 9C078928568725D01EE14579089CEF80 {
   "awaitPromise": true,
   "expression": "(function() { // Copyright (c) 2012 The Chromium Authors. All rights reserved.\n// Use of this source code is governed by a BSD-style license that can be\n// found in the LICENSE file.\n\n/**\n * Enum f...",
   "returnByValue": true
}
[1643918691.594][DEBUG]: DevTools WebSocket Response: Runtime.evaluate (id=317) 9C078928568725D01EE14579089CEF80 {
   "result": {
      "type": "object",
      "value": {
         "status": 0,
         "value": {
            "clickable": false,
            "message": "Element is not clickable at point (470, -159)"
         }
      }
   }
}
[1643918691.645][DEBUG]: DevTools WebSocket Command: Runtime.evaluate (id=318) 9C078928568725D01EE14579089CEF80 {
   "awaitPromise": true,
   "expression": "(function() { // Copyright (c) 2012 The Chromium Authors. All rights reserved.\n// Use of this source code is governed by a BSD-style license that can be\n// found in the LICENSE file.\n\n/**\n * Enum f...",
   "returnByValue": true
}
[1643918691.682][DEBUG]: DevTools WebSocket Response: Runtime.evaluate (id=318) 9C078928568725D01EE14579089CEF80 {
   "result": {
      "type": "object",
      "value": {
         "status": 0,
         "value": {
            "clickable": false,
            "message": "Element is not clickable at point (470, -159)"
         }
      }
   }
}
[1643918691.736][DEBUG]: DevTools WebSocket Command: Runtime.evaluate (id=319) 9C078928568725D01EE14579089CEF80 {
   "awaitPromise": true,
   "expression": "(function() { // Copyright (c) 2012 The Chromium Authors. All rights reserved.\n// Use of this source code is governed by a BSD-style license that can be\n// found in the LICENSE file.\n\n/**\n * Enum f...",
   "returnByValue": true
}
[1643918691.739][DEBUG]: DevTools WebSocket Response: Runtime.evaluate (id=319) 9C078928568725D01EE14579089CEF80 {
   "result": {
      "type": "object",
      "value": {
         "status": 0,
         "value": {
            "clickable": false,
            "message": "Element is not clickable at point (470, -159)"
         }
      }
   }
}
[1643918691.791][DEBUG]: DevTools WebSocket Command: Runtime.evaluate (id=320) 9C078928568725D01EE14579089CEF80 {
   "awaitPromise": true,
   "expression": "(function() { // Copyright (c) 2012 The Chromium Authors. All rights reserved.\n// Use of this source code is governed by a BSD-style license that can be\n// found in the LICENSE file.\n\n/**\n * Enum f...",
   "returnByValue": true
}
[1643918691.793][DEBUG]: DevTools WebSocket Response: Runtime.evaluate (id=320) 9C078928568725D01EE14579089CEF80 {
   "result": {
      "type": "object",
      "value": {
         "status": 0,
         "value": {
            "clickable": false,
            "message": "Element is not clickable at point (470, -159)"
         }
      }
   }
}
[1643918691.845][DEBUG]: DevTools WebSocket Command: Runtime.evaluate (id=321) 9C078928568725D01EE14579089CEF80 {
   "awaitPromise": true,
   "expression": "(function() { // Copyright (c) 2012 The Chromium Authors. All rights reserved.\n// Use of this source code is governed by a BSD-style license that can be\n// found in the LICENSE file.\n\n/**\n * Enum f...",
   "returnByValue": true
}
[1643918691.847][DEBUG]: DevTools WebSocket Response: Runtime.evaluate (id=321) 9C078928568725D01EE14579089CEF80 {
   "result": {
      "type": "object",
      "value": {
         "status": 0,
         "value": {
            "clickable": false,
            "message": "Element is not clickable at point (470, -159)"
         }
      }
   }
}
[1643918691.899][DEBUG]: DevTools WebSocket Command: Runtime.evaluate (id=322) 9C078928568725D01EE14579089CEF80 {
   "awaitPromise": true,
   "expression": "(function() { // Copyright (c) 2012 The Chromium Authors. All rights reserved.\n// Use of this source code is governed by a BSD-style license that can be\n// found in the LICENSE file.\n\n/**\n * Enum f...",
   "returnByValue": true
}
[1643918691.905][DEBUG]: DevTools WebSocket Response: Runtime.evaluate (id=322) 9C078928568725D01EE14579089CEF80 {
   "result": {
      "type": "object",
      "value": {
         "status": 0,
         "value": {
            "clickable": false,
            "message": "Element is not clickable at point (470, -159)"
         }
      }
   }
}
[1643918691.957][DEBUG]: DevTools WebSocket Command: Runtime.evaluate (id=323) 9C078928568725D01EE14579089CEF80 {
   "awaitPromise": true,
   "expression": "(function() { // Copyright (c) 2012 The Chromium Authors. All rights reserved.\n// Use of this source code is governed by a BSD-style license that can be\n// found in the LICENSE file.\n\n/**\n * Enum f...",
   "returnByValue": true
}
[1643918691.960][DEBUG]: DevTools WebSocket Response: Runtime.evaluate (id=323) 9C078928568725D01EE14579089CEF80 {
   "result": {
      "type": "object",
      "value": {
         "status": 0,
         "value": {
            "clickable": false,
            "message": "Element is not clickable at point (470, -159)"
         }
      }
   }
}
[1643918692.014][DEBUG]: DevTools WebSocket Command: Runtime.evaluate (id=324) 9C078928568725D01EE14579089CEF80 {
   "awaitPromise": true,
   "expression": "(function() { // Copyright (c) 2012 The Chromium Authors. All rights reserved.\n// Use of this source code is governed by a BSD-style license that can be\n// found in the LICENSE file.\n\n/**\n * Enum f...",
   "returnByValue": true
}
[1643918692.021][DEBUG]: DevTools WebSocket Response: Runtime.evaluate (id=324) 9C078928568725D01EE14579089CEF80 {
   "result": {
      "type": "object",
      "value": {
         "status": 0,
         "value": {
            "clickable": false,
            "message": "Element is not clickable at point (470, -159)"
         }
      }
   }
}
[1643918692.073][DEBUG]: DevTools WebSocket Command: Runtime.evaluate (id=325) 9C078928568725D01EE14579089CEF80 {
   "awaitPromise": true,
   "expression": "(function() { // Copyright (c) 2012 The Chromium Authors. All rights reserved.\n// Use of this source code is governed by a BSD-style license that can be\n// found in the LICENSE file.\n\n/**\n * Enum f...",
   "returnByValue": true
}
[1643918692.075][DEBUG]: DevTools WebSocket Response: Runtime.evaluate (id=325) 9C078928568725D01EE14579089CEF80 {
   "result": {
      "type": "object",
      "value": {
         "status": 0,
         "value": {
            "clickable": false,
            "message": "Element is not clickable at point (470, -159)"
         }
      }
   }
}
[1643918692.127][DEBUG]: DevTools WebSocket Command: Runtime.evaluate (id=326) 9C078928568725D01EE14579089CEF80 {
   "awaitPromise": true,
   "expression": "(function() { // Copyright (c) 2012 The Chromium Authors. All rights reserved.\n// Use of this source code is governed by a BSD-style license that can be\n// found in the LICENSE file.\n\n/**\n * Enum f...",
   "returnByValue": true
}
[1643918692.129][DEBUG]: DevTools WebSocket Response: Runtime.evaluate (id=326) 9C078928568725D01EE14579089CEF80 {
   "result": {
      "type": "object",
      "value": {
         "status": 0,
         "value": {
            "clickable": false,
            "message": "Element is not clickable at point (470, -159)"
         }
      }
   }
}
[1643918692.181][DEBUG]: DevTools WebSocket Command: Runtime.evaluate (id=327) 9C078928568725D01EE14579089CEF80 {
   "awaitPromise": true,
   "expression": "(function() { // Copyright (c) 2012 The Chromium Authors. All rights reserved.\n// Use of this source code is governed by a BSD-style license that can be\n// found in the LICENSE file.\n\n/**\n * Enum f...",
   "returnByValue": true
}
[1643918692.183][DEBUG]: DevTools WebSocket Response: Runtime.evaluate (id=327) 9C078928568725D01EE14579089CEF80 {
   "result": {
      "type": "object",
      "value": {
         "status": 0,
         "value": {
            "clickable": false,
            "message": "Element is not clickable at point (470, -159)"
         }
      }
   }
}
[1643918692.241][DEBUG]: DevTools WebSocket Command: Runtime.evaluate (id=328) 9C078928568725D01EE14579089CEF80 {
   "awaitPromise": true,
   "expression": "(function() { // Copyright (c) 2012 The Chromium Authors. All rights reserved.\n// Use of this source code is governed by a BSD-style license that can be\n// found in the LICENSE file.\n\n/**\n * Enum f...",
   "returnByValue": true
}
[1643918692.264][DEBUG]: DevTools WebSocket Response: Runtime.evaluate (id=328) 9C078928568725D01EE14579089CEF80 {
   "result": {
      "type": "object",
      "value": {
         "status": 0,
         "value": {
            "clickable": false,
            "message": "Element is not clickable at point (470, -159)"
         }
      }
   }
}
[1643918692.317][DEBUG]: DevTools WebSocket Command: Runtime.evaluate (id=329) 9C078928568725D01EE14579089CEF80 {
   "awaitPromise": true,
   "expression": "(function() { // Copyright (c) 2012 The Chromium Authors. All rights reserved.\n// Use of this source code is governed by a BSD-style license that can be\n// found in the LICENSE file.\n\n/**\n * Enum f...",
   "returnByValue": true
}
[1643918692.353][DEBUG]: DevTools WebSocket Response: Runtime.evaluate (id=329) 9C078928568725D01EE14579089CEF80 {
   "result": {
      "type": "object",
      "value": {
         "status": 0,
         "value": {
            "clickable": false,
            "message": "Element is not clickable at point (470, -159)"
         }
      }
   }
}
[1643918692.406][DEBUG]: DevTools WebSocket Command: Runtime.evaluate (id=330) 9C078928568725D01EE14579089CEF80 {
   "awaitPromise": true,
   "expression": "(function() { // Copyright (c) 2012 The Chromium Authors. All rights reserved.\n// Use of this source code is governed by a BSD-style license that can be\n// found in the LICENSE file.\n\n/**\n * Enum f...",
   "returnByValue": true
}
[1643918692.409][DEBUG]: DevTools WebSocket Response: Runtime.evaluate (id=330) 9C078928568725D01EE14579089CEF80 {
   "result": {
      "type": "object",
      "value": {
         "status": 0,
         "value": {
            "clickable": false,
            "message": "Element is not clickable at point (470, -159)"
         }
      }
   }
}
[1643918692.461][DEBUG]: DevTools WebSocket Command: Runtime.evaluate (id=331) 9C078928568725D01EE14579089CEF80 {
   "awaitPromise": true,
   "expression": "(function() { // Copyright (c) 2012 The Chromium Authors. All rights reserved.\n// Use of this source code is governed by a BSD-style license that can be\n// found in the LICENSE file.\n\n/**\n * Enum f...",
   "returnByValue": true
}
[1643918692.463][DEBUG]: DevTools WebSocket Response: Runtime.evaluate (id=331) 9C078928568725D01EE14579089CEF80 {
   "result": {
      "type": "object",
      "value": {
         "status": 0,
         "value": {
            "clickable": false,
            "message": "Element is not clickable at point (470, -159)"
         }
      }
   }
}
[1643918692.514][DEBUG]: DevTools WebSocket Command: Runtime.evaluate (id=332) 9C078928568725D01EE14579089CEF80 {
   "expression": "1"
}
[1643918692.515][DEBUG]: DevTools WebSocket Response: Runtime.evaluate (id=332) 9C078928568725D01EE14579089CEF80 {
   "result": {
      "description": "1",
      "type": "number",
      "value": 1
   }
}
[1643918692.515][INFO]: Waiting for pending navigations...
[1643918692.515][DEBUG]: DevTools WebSocket Command: Runtime.evaluate (id=333) 9C078928568725D01EE14579089CEF80 {
   "expression": "1"
}
[1643918692.515][DEBUG]: DevTools WebSocket Response: Runtime.evaluate (id=333) 9C078928568725D01EE14579089CEF80 {
   "result": {
      "description": "1",
      "type": "number",
      "value": 1
   }
}
[1643918692.515][INFO]: Done waiting for pending navigations. Status: ok
[1643918692.515][INFO]: [944c5d7d3bf48ce3eae830b6e3ff061b] RESPONSE ClickElement ERROR element click intercepted: Element is not clickable at point (470, -159)
  (Session info: chrome=97.0.4692.99)
[1643918692.613][INFO]: [944c5d7d3bf48ce3eae830b6e3ff061b] COMMAND Screenshot {

}
[1643918692.614][INFO]: Waiting for pending navigations...
[1643918692.614][DEBUG]: DevTools WebSocket Command: Runtime.evaluate (id=334) 9C078928568725D01EE14579089CEF80 {
   "expression": "1"
}
[1643918692.614][DEBUG]: DevTools WebSocket Response: Runtime.evaluate (id=334) 9C078928568725D01EE14579089CEF80 {
   "result": {
      "description": "1",
      "type": "number",
      "value": 1
   }
}
[1643918692.614][INFO]: Done waiting for pending navigations. Status: ok
[1643918692.614][DEBUG]: DevTools HTTP Request: http://localhost:56235/json/activate/9C078928568725D01EE14579089CEF80
[1643918692.721][DEBUG]: DevTools HTTP Response: Target activated
[1643918692.721][DEBUG]: DevTools WebSocket Command: Page.captureScreenshot (id=335) 9C078928568725D01EE14579089CEF80 {

}
[1643918696.746][DEBUG]: DevTools WebSocket Response: Page.captureScreenshot (id=335) 9C078928568725D01EE14579089CEF80 {
   "data": "iVBORw0KGgoAAAANSUhEUgAACWAAAAUMCAYAAAC026k7AAABLGlDQ1BTa2lhAAAokX2RPUsDQRCGH2MKvwpFRQuLq8RGTeJHPLDxkhhEsEgUoo1cLkcQk/O4nGgrtnb+AQsrf4Cltb1gZWsviNa+a4oLSJxldp59d3Z3dhdSs8jSGWgHcVQpO1bt8Miix1yvE9LfB..."
}
[1643918696.746][INFO]: Waiting for pending navigations...
[1643918696.746][DEBUG]: DevTools WebSocket Command: Runtime.evaluate (id=336) 9C078928568725D01EE14579089CEF80 {
   "expression": "1"
}
[1643918696.751][DEBUG]: DevTools WebSocket Response: Runtime.evaluate (id=336) 9C078928568725D01EE14579089CEF80 {
   "result": {
      "description": "1",
      "type": "number",
      "value": 1
   }
}
[1643918696.751][INFO]: Done waiting for pending navigations. Status: ok
[1643918696.752][INFO]: [944c5d7d3bf48ce3eae830b6e3ff061b] RESPONSE Screenshot "iVBORw0KGgoAAAANSUhEUgAACWAAAAUMCAYAAAC026k7AAABLGlDQ1BTa2lhAAAokX2RPUsDQRCGH2MKvwpFRQuLq8RGTeJHPLDxkhhEsEgUoo1cLkcQk/O4nGgrtnb+AQsrf4Cltb1gZWsviNa+a4oLSJxldp59d3Z3dhdSs8jSGWgHcVQpO1bt8Miix1yvE9LfB..."
Starting ChromeDriver 97.0.4692.71 (adefa7837d02a07a604c1e6eff0b3a09422ab88d-refs/branch-heads/4692@{#1247}) on port 3078
Only local connections are allowed.
Please see https://chromedriver.chromium.org/security-considerations for suggestions on keeping ChromeDriver safe.
ChromeDriver was started successfully.
[1643918697.587][INFO]: [edca2231cae8720e2c64f44c6ba11a6c] COMMAND InitSession {
   "capabilities": {
      "firstMatch": [ {
         "browserName": "chrome",
         "goog:chromeOptions": {
            "args": [  ],
            "extensions": [  ]
         }
      } ]
   },
   "desiredCapabilities": {
      "browserName": "chrome",
      "goog:chromeOptions": {
         "args": [  ],
         "extensions": [  ]
      }
   }
}
[1643918697.589][INFO]: Populating Preferences file: {
   "alternate_error_pages": {
      "enabled": false
   },
   "autofill": {
      "enabled": false
   },
   "browser": {
      "check_default_browser": false
   },
   "distribution": {
      "import_bookmarks": false,
      "import_history": false,
      "import_search_engine": false,
      "make_chrome_default_for_user": false,
      "skip_first_run_ui": true
   },
   "dns_prefetching": {
      "enabled": false
   },
   "profile": {
      "content_settings": {
         "pattern_pairs": {
            "https://*,*": {
               "media-stream": {
                  "audio": "Default",
                  "video": "Default"
               }
            }
         }
      },
      "default_content_setting_values": {
         "geolocation": 1
      },
      "default_content_settings": {
         "geolocation": 1,
         "mouselock": 1,
         "notifications": 1,
         "popups": 1,
         "ppapi-broker": 1
      },
      "password_manager_enabled": false
   },
   "safebrowsing": {
      "enabled": false
   },
   "search": {
      "suggest_enabled": false
   },
   "translate": {
      "enabled": false
   }
}
[1643918697.590][INFO]: Populating Local State file: {
   "background_mode": {
      "enabled": false
   },
   "ssl": {
      "rev_checking": {
         "enabled": false
      }
   }
}
[1643918697.592][INFO]: Launching chrome: /Applications/Google Chrome.app/Contents/MacOS/Google Chrome --allow-pre-commit-input --disable-background-networking --disable-client-side-phishing-detection --disable-default-apps --disable-hang-monitor --disable-popup-blocking --disable-prompt-on-repost --disable-sync --enable-automation --enable-blink-features=ShadowDOMV0 --enable-logging --log-level=0 --no-first-run --no-service-autorun --password-store=basic --remote-debugging-port=0 --test-type=webdriver --use-mock-keychain --user-data-dir=/var/folders/z9/0ccbxqr90rb3kcdy5ldw50g80000gn/T/.com.google.Chrome.A4kuIT data:,

DevTools listening on ws://127.0.0.1:56370/devtools/browser/3511bea7-9517-448e-9f8a-1f33c4aa7e9a
[1643918698.903][DEBUG]: DevTools HTTP Request: http://localhost:56370/json/version
[1643918702.021][DEBUG]: DevTools HTTP Response: {
   "Browser": "Chrome/97.0.4692.99",
   "Protocol-Version": "1.3",
   "User-Agent": "Mozilla/5.0 (Macintosh; Intel Mac OS X 10_15_7) AppleWebKit/537.36 (KHTML, like Gecko) Chrome/97.0.4692.99 Safari/537.36",
   "V8-Version": "9.7.106.19",
   "WebKit-Version": "537.36 (@d740da257583289dbebd2eb37e8668928fac5ead)",
   "webSocketDebuggerUrl": "ws://localhost:56370/devtools/browser/3511bea7-9517-448e-9f8a-1f33c4aa7e9a"
}

[1643918702.021][DEBUG]: DevTools HTTP Request: http://localhost:56370/json/list
[1643918702.034][DEBUG]: DevTools HTTP Response: [ {
   "description": "",
   "devtoolsFrontendUrl": "/devtools/inspector.html?ws=localhost:56370/devtools/page/F04678564F21ED2B83F8A3B03BF6A49A",
   "id": "F04678564F21ED2B83F8A3B03BF6A49A",
   "title": "",
   "type": "page",
   "url": "data:,",
   "webSocketDebuggerUrl": "ws://localhost:56370/devtools/page/F04678564F21ED2B83F8A3B03BF6A49A"
} ]

[1643918702.035][DEBUG]: DevTools HTTP Request: http://localhost:56370/json/list
[1643918702.041][DEBUG]: DevTools HTTP Response: [ {
   "description": "",
   "devtoolsFrontendUrl": "/devtools/inspector.html?ws=localhost:56370/devtools/page/F04678564F21ED2B83F8A3B03BF6A49A",
   "id": "F04678564F21ED2B83F8A3B03BF6A49A",
   "title": "",
   "type": "page",
   "url": "data:,",
   "webSocketDebuggerUrl": "ws://localhost:56370/devtools/page/F04678564F21ED2B83F8A3B03BF6A49A"
} ]

[1643918702.044][INFO]: resolved localhost to ["127.0.0.1","::1"]
[1643918702.046][DEBUG]: DevTools WebSocket Command: Page.addScriptToEvaluateOnNewDocument (id=1) F04678564F21ED2B83F8A3B03BF6A49A {
   "source": "(function () {window.cdc_adoQpoasnfa76pfcZLmcfl_Array = window.Array;window.cdc_adoQpoasnfa76pfcZLmcfl_Promise = window.Promise;window.cdc_adoQpoasnfa76pfcZLmcfl_Symbol = window.Symbol;}) ();"
}
[1643918702.046][DEBUG]: DevTools WebSocket Command: Runtime.evaluate (id=2) F04678564F21ED2B83F8A3B03BF6A49A {
   "expression": "(function () {window.cdc_adoQpoasnfa76pfcZLmcfl_Array = window.Array;window.cdc_adoQpoasnfa76pfcZLmcfl_Promise = window.Promise;window.cdc_adoQpoasnfa76pfcZLmcfl_Symbol = window.Symbol;}) ();"
}
[1643918702.046][DEBUG]: DevTools WebSocket Command: Log.enable (id=3) F04678564F21ED2B83F8A3B03BF6A49A {

}
[1643918702.046][DEBUG]: DevTools WebSocket Command: DOM.getDocument (id=4) F04678564F21ED2B83F8A3B03BF6A49A {

}
[1643918702.046][DEBUG]: DevTools WebSocket Command: Target.setAutoAttach (id=5) F04678564F21ED2B83F8A3B03BF6A49A {
   "autoAttach": true,
   "flatten": true,
   "waitForDebuggerOnStart": false
}
[1643918702.046][DEBUG]: DevTools WebSocket Command: Page.enable (id=6) F04678564F21ED2B83F8A3B03BF6A49A {

}
[1643918702.047][DEBUG]: DevTools WebSocket Command: Page.enable (id=7) F04678564F21ED2B83F8A3B03BF6A49A {

}
[1643918702.085][DEBUG]: DevTools WebSocket Response: Page.addScriptToEvaluateOnNewDocument (id=1) F04678564F21ED2B83F8A3B03BF6A49A {
   "identifier": "1"
}
[1643918702.085][DEBUG]: DevTools WebSocket Response: Runtime.evaluate (id=2) F04678564F21ED2B83F8A3B03BF6A49A {
   "result": {
      "type": "undefined"
   }
}
[1643918702.085][DEBUG]: DevTools WebSocket Response: Log.enable (id=3) F04678564F21ED2B83F8A3B03BF6A49A {

}
[1643918702.085][DEBUG]: DevTools WebSocket Response: DOM.getDocument (id=4) F04678564F21ED2B83F8A3B03BF6A49A {
   "root": {
      "backendNodeId": 1,
      "baseURL": "data:,",
      "childNodeCount": 0,
      "children": [  ],
      "compatibilityMode": "NoQuirksMode",
      "documentURL": "data:,",
      "localName": "",
      "nodeId": 1,
      "nodeName": "#document",
      "nodeType": 9,
      "nodeValue": "",
      "xmlVersion": ""
   }
}
[1643918702.085][DEBUG]: DevTools WebSocket Response: Target.setAutoAttach (id=5) F04678564F21ED2B83F8A3B03BF6A49A {

}
[1643918702.085][DEBUG]: DevTools WebSocket Response: Page.enable (id=6) F04678564F21ED2B83F8A3B03BF6A49A {

}
[1643918702.085][DEBUG]: DevTools WebSocket Response: Page.enable (id=7) F04678564F21ED2B83F8A3B03BF6A49A {

}
[1643918702.085][DEBUG]: DevTools WebSocket Command: Runtime.enable (id=8) F04678564F21ED2B83F8A3B03BF6A49A {

}
[1643918702.092][DEBUG]: DevTools WebSocket Event: DOM.childNodeInserted F04678564F21ED2B83F8A3B03BF6A49A {
   "node": {
      "attributes": [  ],
      "backendNodeId": 2,
      "childNodeCount": 0,
      "frameId": "F04678564F21ED2B83F8A3B03BF6A49A",
      "localName": "html",
      "nodeId": 2,
      "nodeName": "HTML",
      "nodeType": 1,
      "nodeValue": ""
   },
   "parentNodeId": 1,
   "previousNodeId": 0
}
[1643918702.092][DEBUG]: DevTools WebSocket Event: DOM.childNodeCountUpdated F04678564F21ED2B83F8A3B03BF6A49A {
   "childNodeCount": 1,
   "nodeId": 2
}
[1643918702.092][DEBUG]: DevTools WebSocket Event: DOM.childNodeCountUpdated F04678564F21ED2B83F8A3B03BF6A49A {
   "childNodeCount": 2,
   "nodeId": 2
}
[1643918702.092][DEBUG]: DevTools WebSocket Event: Page.loadEventFired F04678564F21ED2B83F8A3B03BF6A49A {
   "timestamp": 588051.496808
}
[1643918702.092][DEBUG]: DevTools WebSocket Command: Runtime.evaluate (id=9) F04678564F21ED2B83F8A3B03BF6A49A {
   "awaitPromise": false,
   "expression": "document.readyState",
   "returnByValue": true
}
[1643918702.093][DEBUG]: DevTools WebSocket Event: Page.frameStoppedLoading F04678564F21ED2B83F8A3B03BF6A49A {
   "frameId": "F04678564F21ED2B83F8A3B03BF6A49A"
}
[1643918702.093][DEBUG]: DevTools WebSocket Event: DOM.documentUpdated F04678564F21ED2B83F8A3B03BF6A49A {

}
[1643918702.093][DEBUG]: DevTools WebSocket Command: DOM.getDocument (id=10) F04678564F21ED2B83F8A3B03BF6A49A {

}
[1643918702.094][DEBUG]: DevTools WebSocket Event: Page.domContentEventFired F04678564F21ED2B83F8A3B03BF6A49A {
   "timestamp": 588051.498016
}
[1643918702.122][DEBUG]: DevTools WebSocket Event: Runtime.executionContextCreated F04678564F21ED2B83F8A3B03BF6A49A {
   "context": {
      "auxData": {
         "frameId": "F04678564F21ED2B83F8A3B03BF6A49A",
         "isDefault": true,
         "type": "default"
      },
      "id": 1,
      "name": "",
      "origin": "://",
      "uniqueId": "5310311118002251459.-7666380302583349740"
   }
}
[1643918702.122][DEBUG]: DevTools WebSocket Response: Runtime.enable (id=8) F04678564F21ED2B83F8A3B03BF6A49A {

}
[1643918702.124][DEBUG]: DevTools WebSocket Response: Runtime.evaluate (id=9) F04678564F21ED2B83F8A3B03BF6A49A {
   "result": {
      "type": "string",
      "value": "complete"
   }
}
[1643918702.125][DEBUG]: DevTools WebSocket Command: Page.enable (id=11) F04678564F21ED2B83F8A3B03BF6A49A {

}
[1643918702.126][DEBUG]: DevTools WebSocket Response: DOM.getDocument (id=10) F04678564F21ED2B83F8A3B03BF6A49A {
   "root": {
      "backendNodeId": 1,
      "baseURL": "data:,",
      "childNodeCount": 1,
      "children": [ {
         "attributes": [  ],
         "backendNodeId": 2,
         "childNodeCount": 2,
         "children": [ {
            "attributes": [  ],
            "backendNodeId": 3,
            "childNodeCount": 0,
            "localName": "head",
            "nodeId": 5,
            "nodeName": "HEAD",
            "nodeType": 1,
            "nodeValue": "",
            "parentId": 4
         }, {
            "attributes": [  ],
            "backendNodeId": 4,
            "childNodeCount": 0,
            "localName": "body",
            "nodeId": 6,
            "nodeName": "BODY",
            "nodeType": 1,
            "nodeValue": "",
            "parentId": 4
         } ],
         "frameId": "F04678564F21ED2B83F8A3B03BF6A49A",
         "localName": "html",
         "nodeId": 4,
         "nodeName": "HTML",
         "nodeType": 1,
         "nodeValue": "",
         "parentId": 3
      } ],
      "compatibilityMode": "NoQuirksMode",
      "documentURL": "data:,",
      "localName": "",
      "nodeId": 3,
      "nodeName": "#document",
      "nodeType": 9,
      "nodeValue": "",
      "xmlVersion": ""
   }
}
[1643918702.129][DEBUG]: DevTools WebSocket Response: Page.enable (id=11) F04678564F21ED2B83F8A3B03BF6A49A {

}
[1643918702.129][DEBUG]: DevTools WebSocket Command: Runtime.enable (id=12) F04678564F21ED2B83F8A3B03BF6A49A {

}
[1643918702.131][DEBUG]: DevTools WebSocket Response: Runtime.enable (id=12) F04678564F21ED2B83F8A3B03BF6A49A {

}
[1643918702.132][DEBUG]: DevTools WebSocket Command: Runtime.evaluate (id=13) F04678564F21ED2B83F8A3B03BF6A49A {
   "awaitPromise": true,
   "expression": "(function() { // Copyright (c) 2012 The Chromium Authors. All rights reserved.\n// Use of this source code is governed by a BSD-style license that can be\n// found in the LICENSE file.\n\n/**\n * Enum f...",
   "returnByValue": true
}
[1643918702.143][DEBUG]: DevTools WebSocket Response: Runtime.evaluate (id=13) F04678564F21ED2B83F8A3B03BF6A49A {
   "result": {
      "type": "object",
      "value": {
         "status": 0,
         "value": 1
      }
   }
}
[1643918702.143][INFO]: [edca2231cae8720e2c64f44c6ba11a6c] RESPONSE InitSession {
   "capabilities": {
      "acceptInsecureCerts": false,
      "browserName": "chrome",
      "browserVersion": "97.0.4692.99",
      "chrome": {
         "chromedriverVersion": "97.0.4692.71 (adefa7837d02a07a604c1e6eff0b3a09422ab88d-refs/branch-heads/4692@{#1247})",
         "userDataDir": "/var/folders/z9/0ccbxqr90rb3kcdy5ldw50g80000gn/T/.com.google.Chrome.A4kuIT"
      },
      "goog:chromeOptions": {
         "debuggerAddress": "localhost:56370"
      },
      "networkConnectionEnabled": false,
      "pageLoadStrategy": "normal",
      "platformName": "mac os x",
      "proxy": {

      },
      "setWindowRect": true,
      "strictFileInteractability": false,
      "timeouts": {
         "implicit": 0,
         "pageLoad": 300000,
         "script": 30000
      },
      "unhandledPromptBehavior": "dismiss and notify",
      "webauthn:extension:credBlob": true,
      "webauthn:extension:largeBlob": true,
      "webauthn:virtualAuthenticators": true
   },
   "sessionId": "edca2231cae8720e2c64f44c6ba11a6c"
}
Feb 04, 2022 12:05:02 AM org.openqa.selenium.remote.ProtocolHandshake createSession
INFO: Detected dialect: W3C
Feb 04, 2022 12:05:02 AM org.openqa.selenium.devtools.CdpVersionFinder findNearestMatch
WARNING: Unable to find an exact match for CDP version 97, so returning the closest version found: a no-op implementation
Feb 04, 2022 12:05:02 AM org.openqa.selenium.devtools.CdpVersionFinder findNearestMatch
INFO: Unable to find CDP implementation matching 97.
Feb 04, 2022 12:05:02 AM org.openqa.selenium.chromium.ChromiumDriver lambda$new$0
WARNING: Unable to find version of CDP to use for . You may need to include a dependency on a specific version of the CDP using something similar to `org.seleniumhq.selenium:selenium-devtools-v86:4.0.0-beta-1` where the version ("v86") matches the version of the chromium-based browser you're using and the version number of the artifact is the same as Selenium's.
[1643918702.185][INFO]: [edca2231cae8720e2c64f44c6ba11a6c] COMMAND SetTimeouts {
   "pageLoad": 300000
}
[1643918702.185][INFO]: [edca2231cae8720e2c64f44c6ba11a6c] RESPONSE SetTimeouts
[1643918702.196][INFO]: [edca2231cae8720e2c64f44c6ba11a6c] COMMAND Navigate {
   "url": "https://www.rambler.ru"
}
[1643918702.196][INFO]: Waiting for pending navigations...
[1643918702.196][DEBUG]: DevTools WebSocket Command: Runtime.evaluate (id=14) F04678564F21ED2B83F8A3B03BF6A49A {
   "expression": "1"
}
[1643918702.204][DEBUG]: DevTools WebSocket Response: Runtime.evaluate (id=14) F04678564F21ED2B83F8A3B03BF6A49A {
   "result": {
      "description": "1",
      "type": "number",
      "value": 1
   }
}
[1643918702.204][INFO]: Done waiting for pending navigations. Status: ok
[1643918702.204][DEBUG]: DevTools WebSocket Command: Page.navigate (id=15) F04678564F21ED2B83F8A3B03BF6A49A {
   "url": "https://www.rambler.ru"
}
[1643918706.362][DEBUG]: DevTools WebSocket Response: Page.navigate (id=15) F04678564F21ED2B83F8A3B03BF6A49A {
   "frameId": "F04678564F21ED2B83F8A3B03BF6A49A",
   "loaderId": "C1FBCD07C7FDA5A1047C078260D6CCAE"
}
[1643918706.362][DEBUG]: DevTools WebSocket Command: Runtime.evaluate (id=16) F04678564F21ED2B83F8A3B03BF6A49A {
   "expression": "document.URL"
}
[1643918706.367][DEBUG]: DevTools WebSocket Event: Runtime.executionContextsCleared F04678564F21ED2B83F8A3B03BF6A49A {

}
[1643918706.376][DEBUG]: DevTools WebSocket Event: Page.frameStartedLoading F04678564F21ED2B83F8A3B03BF6A49A {
   "frameId": "F04678564F21ED2B83F8A3B03BF6A49A"
}
[1643918706.408][DEBUG]: DevTools WebSocket Event: Runtime.executionContextsCleared F04678564F21ED2B83F8A3B03BF6A49A {

}
[1643918706.408][DEBUG]: DevTools WebSocket Event: Page.frameNavigated F04678564F21ED2B83F8A3B03BF6A49A {
   "frame": {
      "adFrameStatus": {
         "adFrameType": "none"
      },
      "crossOriginIsolatedContextType": "NotIsolated",
      "domainAndRegistry": "rambler.ru",
      "gatedAPIFeatures": [  ],
      "id": "F04678564F21ED2B83F8A3B03BF6A49A",
      "loaderId": "C1FBCD07C7FDA5A1047C078260D6CCAE",
      "mimeType": "text/html",
      "secureContextType": "Secure",
      "securityOrigin": "https://www.rambler.ru",
      "url": "https://www.rambler.ru/"
   },
   "type": "Navigation"
}
[1643918706.408][DEBUG]: DevTools WebSocket Event: Runtime.executionContextCreated F04678564F21ED2B83F8A3B03BF6A49A {
   "context": {
      "auxData": {
         "frameId": "F04678564F21ED2B83F8A3B03BF6A49A",
         "isDefault": true,
         "type": "default"
      },
      "id": 1,
      "name": "",
      "origin": "https://www.rambler.ru",
      "uniqueId": "5284472756760708289.1646800121552250314"
   }
}
[1643918706.408][DEBUG]: DevTools WebSocket Event: DOM.documentUpdated F04678564F21ED2B83F8A3B03BF6A49A {

}
[1643918706.408][DEBUG]: DevTools WebSocket Command: DOM.getDocument (id=17) F04678564F21ED2B83F8A3B03BF6A49A {

}
[1643918706.433][DEBUG]: DevTools WebSocket Response: Runtime.evaluate (id=16) F04678564F21ED2B83F8A3B03BF6A49A {
   "result": {
      "type": "string",
      "value": "https://www.rambler.ru/"
   }
}
[1643918706.433][INFO]: Waiting for pending navigations...
[1643918706.433][DEBUG]: DevTools WebSocket Command: Runtime.evaluate (id=18) F04678564F21ED2B83F8A3B03BF6A49A {
   "expression": "1"
}
[1643918706.441][DEBUG]: DevTools WebSocket Response: DOM.getDocument (id=17) F04678564F21ED2B83F8A3B03BF6A49A {
   "root": {
      "backendNodeId": 1,
      "baseURL": "https://www.rambler.ru/",
      "childNodeCount": 0,
      "children": [  ],
      "compatibilityMode": "NoQuirksMode",
      "documentURL": "https://www.rambler.ru/",
      "localName": "",
      "nodeId": 1,
      "nodeName": "#document",
      "nodeType": 9,
      "nodeValue": "",
      "xmlVersion": ""
   }
}
[1643918706.447][DEBUG]: DevTools WebSocket Response: Runtime.evaluate (id=18) F04678564F21ED2B83F8A3B03BF6A49A {
   "result": {
      "description": "1",
      "type": "number",
      "value": 1
   }
}
[1643918706.474][DEBUG]: DevTools WebSocket Event: DOM.childNodeInserted F04678564F21ED2B83F8A3B03BF6A49A {
   "node": {
      "backendNodeId": 2,
      "localName": "",
      "nodeId": 2,
      "nodeName": "html",
      "nodeType": 10,
      "nodeValue": "",
      "publicId": "",
      "systemId": ""
   },
   "parentNodeId": 1,
   "previousNodeId": 0
}
[1643918706.474][DEBUG]: DevTools WebSocket Command: Runtime.evaluate (id=19) F04678564F21ED2B83F8A3B03BF6A49A {
   "expression": "1"
}
[1643918706.474][DEBUG]: DevTools WebSocket Event: DOM.childNodeInserted F04678564F21ED2B83F8A3B03BF6A49A {
   "node": {
      "backendNodeId": 3,
      "localName": "",
      "nodeId": 3,
      "nodeName": "#comment",
      "nodeType": 8,
      "nodeValue": " Hello, stranger! ¯\\_( ͡° ͜ʖ ͡°)_/¯ "
   },
   "parentNodeId": 1,
   "previousNodeId": 2
}
[1643918706.475][DEBUG]: DevTools WebSocket Event: DOM.childNodeInserted F04678564F21ED2B83F8A3B03BF6A49A {
   "node": {
      "attributes": [ "class", "no-js", "lang", "ru", "prefix", "og: http://ogp.me/ns#" ],
      "backendNodeId": 4,
      "childNodeCount": 0,
      "frameId": "F04678564F21ED2B83F8A3B03BF6A49A",
      "localName": "html",
      "nodeId": 4,
      "nodeName": "HTML",
      "nodeType": 1,
      "nodeValue": ""
   },
   "parentNodeId": 1,
   "previousNodeId": 3
}
[1643918706.475][DEBUG]: DevTools WebSocket Event: DOM.childNodeCountUpdated F04678564F21ED2B83F8A3B03BF6A49A {
   "childNodeCount": 1,
   "nodeId": 4
}
[1643918706.479][DEBUG]: DevTools WebSocket Response: Runtime.evaluate (id=19) F04678564F21ED2B83F8A3B03BF6A49A {
   "result": {
      "description": "1",
      "type": "number",
      "value": 1
   }
}
[1643918706.572][DEBUG]: DevTools WebSocket Event: Page.frameResized F04678564F21ED2B83F8A3B03BF6A49A {

}
[1643918706.572][DEBUG]: DevTools WebSocket Command: Runtime.evaluate (id=20) F04678564F21ED2B83F8A3B03BF6A49A {
   "expression": "1"
}
[1643918706.576][DEBUG]: DevTools WebSocket Response: Runtime.evaluate (id=20) F04678564F21ED2B83F8A3B03BF6A49A {
   "result": {
      "description": "1",
      "type": "number",
      "value": 1
   }
}
[1643918707.076][DEBUG]: DevTools WebSocket Command: Runtime.evaluate (id=21) F04678564F21ED2B83F8A3B03BF6A49A {
   "expression": "1"
}
[1643918707.078][DEBUG]: DevTools WebSocket Response: Runtime.evaluate (id=21) F04678564F21ED2B83F8A3B03BF6A49A {
   "result": {
      "description": "1",
      "type": "number",
      "value": 1
   }
}
[1643918707.578][DEBUG]: DevTools WebSocket Command: Runtime.evaluate (id=22) F04678564F21ED2B83F8A3B03BF6A49A {
   "expression": "1"
}
[1643918707.583][DEBUG]: DevTools WebSocket Response: Runtime.evaluate (id=22) F04678564F21ED2B83F8A3B03BF6A49A {
   "result": {
      "description": "1",
      "type": "number",
      "value": 1
   }
}
[1643918708.014][DEBUG]: DevTools WebSocket Event: DOM.childNodeCountUpdated F04678564F21ED2B83F8A3B03BF6A49A {
   "childNodeCount": 2,
   "nodeId": 4
}
[1643918708.014][DEBUG]: DevTools WebSocket Command: Runtime.evaluate (id=23) F04678564F21ED2B83F8A3B03BF6A49A {
   "expression": "1"
}
[1643918708.267][DEBUG]: DevTools WebSocket Response: Runtime.evaluate (id=23) F04678564F21ED2B83F8A3B03BF6A49A {
   "result": {
      "description": "1",
      "type": "number",
      "value": 1
   }
}
[1643918708.767][DEBUG]: DevTools WebSocket Command: Runtime.evaluate (id=24) F04678564F21ED2B83F8A3B03BF6A49A {
   "expression": "1"
}
[1643918709.046][DEBUG]: DevTools WebSocket Response: Runtime.evaluate (id=24) F04678564F21ED2B83F8A3B03BF6A49A {
   "result": {
      "description": "1",
      "type": "number",
      "value": 1
   }
}
[1643918709.052][DEBUG]: DevTools WebSocket Event: DOM.documentUpdated F04678564F21ED2B83F8A3B03BF6A49A {

}
[1643918709.052][DEBUG]: DevTools WebSocket Command: DOM.getDocument (id=25) F04678564F21ED2B83F8A3B03BF6A49A {

}
[1643918709.052][DEBUG]: DevTools WebSocket Event: Page.domContentEventFired F04678564F21ED2B83F8A3B03BF6A49A {
   "timestamp": 588058.466172
}
[1643918709.052][DEBUG]: DevTools WebSocket Command: Runtime.evaluate (id=26) F04678564F21ED2B83F8A3B03BF6A49A {
   "expression": "1"
}
[1643918709.068][DEBUG]: DevTools WebSocket Response: DOM.getDocument (id=25) F04678564F21ED2B83F8A3B03BF6A49A {
   "root": {
      "backendNodeId": 1,
      "baseURL": "https://www.rambler.ru/",
      "childNodeCount": 3,
      "children": [ {
         "backendNodeId": 2,
         "localName": "",
         "nodeId": 6,
         "nodeName": "html",
         "nodeType": 10,
         "nodeValue": "",
         "parentId": 5,
         "publicId": "",
         "systemId": ""
      }, {
         "backendNodeId": 3,
         "localName": "",
         "nodeId": 7,
         "nodeName": "#comment",
         "nodeType": 8,
         "nodeValue": " Hello, stranger! ¯\\_( ͡° ͜ʖ ͡°)_/¯ ",
         "parentId": 5
      }, {
         "attributes": [ "class", "no-js", "lang", "ru", "prefix", "og: http://ogp.me/ns#" ],
         "backendNodeId": 4,
         "childNodeCount": 2,
         "children": [ {
            "attributes": [  ],
            "backendNodeId": 10,
            "childNodeCount": 92,
            "localName": "head",
            "nodeId": 9,
            "nodeName": "HEAD",
            "nodeType": 1,
            "nodeValue": "",
            "parentId": 8
         }, {
            "attributes": [  ],
            "backendNodeId": 11,
            "childNodeCount": 19,
            "localName": "body",
            "nodeId": 10,
            "nodeName": "BODY",
            "nodeType": 1,
            "nodeValue": "",
            "parentId": 8
         } ],
         "frameId": "F04678564F21ED2B83F8A3B03BF6A49A",
         "localName": "html",
         "nodeId": 8,
         "nodeName": "HTML",
         "nodeType": 1,
         "nodeValue": "",
         "parentId": 5
      } ],
      "compatibilityMode": "NoQuirksMode",
      "documentURL": "https://www.rambler.ru/",
      "localName": "",
      "nodeId": 5,
      "nodeName": "#document",
      "nodeType": 9,
      "nodeValue": "",
      "xmlVersion": ""
   }
}
[1643918709.068][DEBUG]: DevTools WebSocket Response: Runtime.evaluate (id=26) F04678564F21ED2B83F8A3B03BF6A49A {
   "result": {
      "description": "1",
      "type": "number",
      "value": 1
   }
}
[1643918709.568][DEBUG]: DevTools WebSocket Command: Runtime.evaluate (id=27) F04678564F21ED2B83F8A3B03BF6A49A {
   "expression": "1"
}
[1643918709.572][DEBUG]: DevTools WebSocket Response: Runtime.evaluate (id=27) F04678564F21ED2B83F8A3B03BF6A49A {
   "result": {
      "description": "1",
      "type": "number",
      "value": 1
   }
}
[1643918710.072][DEBUG]: DevTools WebSocket Command: Runtime.evaluate (id=28) F04678564F21ED2B83F8A3B03BF6A49A {
   "expression": "1"
}
[1643918710.073][DEBUG]: DevTools WebSocket Response: Runtime.evaluate (id=28) F04678564F21ED2B83F8A3B03BF6A49A {
   "result": {
      "description": "1",
      "type": "number",
      "value": 1
   }
}
[1643918710.574][DEBUG]: DevTools WebSocket Command: Runtime.evaluate (id=29) F04678564F21ED2B83F8A3B03BF6A49A {
   "expression": "1"
}
[1643918710.575][DEBUG]: DevTools WebSocket Response: Runtime.evaluate (id=29) F04678564F21ED2B83F8A3B03BF6A49A {
   "result": {
      "description": "1",
      "type": "number",
      "value": 1
   }
}
[1643918711.075][DEBUG]: DevTools WebSocket Command: Runtime.evaluate (id=30) F04678564F21ED2B83F8A3B03BF6A49A {
   "expression": "1"
}
[1643918711.077][DEBUG]: DevTools WebSocket Response: Runtime.evaluate (id=30) F04678564F21ED2B83F8A3B03BF6A49A {
   "result": {
      "description": "1",
      "type": "number",
      "value": 1
   }
}
[1643918711.578][DEBUG]: DevTools WebSocket Command: Runtime.evaluate (id=31) F04678564F21ED2B83F8A3B03BF6A49A {
   "expression": "1"
}
[1643918711.582][DEBUG]: DevTools WebSocket Response: Runtime.evaluate (id=31) F04678564F21ED2B83F8A3B03BF6A49A {
   "result": {
      "description": "1",
      "type": "number",
      "value": 1
   }
}
[1643918712.083][DEBUG]: DevTools WebSocket Command: Runtime.evaluate (id=32) F04678564F21ED2B83F8A3B03BF6A49A {
   "expression": "1"
}
[1643918712.084][DEBUG]: DevTools WebSocket Response: Runtime.evaluate (id=32) F04678564F21ED2B83F8A3B03BF6A49A {
   "result": {
      "description": "1",
      "type": "number",
      "value": 1
   }
}
[1643918712.586][DEBUG]: DevTools WebSocket Command: Runtime.evaluate (id=33) F04678564F21ED2B83F8A3B03BF6A49A {
   "expression": "1"
}
[1643918712.587][DEBUG]: DevTools WebSocket Response: Runtime.evaluate (id=33) F04678564F21ED2B83F8A3B03BF6A49A {
   "result": {
      "description": "1",
      "type": "number",
      "value": 1
   }
}
[1643918713.089][DEBUG]: DevTools WebSocket Command: Runtime.evaluate (id=34) F04678564F21ED2B83F8A3B03BF6A49A {
   "expression": "1"
}
[1643918713.093][DEBUG]: DevTools WebSocket Response: Runtime.evaluate (id=34) F04678564F21ED2B83F8A3B03BF6A49A {
   "result": {
      "description": "1",
      "type": "number",
      "value": 1
   }
}
[1643918713.593][DEBUG]: DevTools WebSocket Command: Runtime.evaluate (id=35) F04678564F21ED2B83F8A3B03BF6A49A {
   "expression": "1"
}
[1643918713.595][DEBUG]: DevTools WebSocket Response: Runtime.evaluate (id=35) F04678564F21ED2B83F8A3B03BF6A49A {
   "result": {
      "description": "1",
      "type": "number",
      "value": 1
   }
}
[1643918714.096][DEBUG]: DevTools WebSocket Command: Runtime.evaluate (id=36) F04678564F21ED2B83F8A3B03BF6A49A {
   "expression": "1"
}
[1643918714.108][DEBUG]: DevTools WebSocket Response: Runtime.evaluate (id=36) F04678564F21ED2B83F8A3B03BF6A49A {
   "result": {
      "description": "1",
      "type": "number",
      "value": 1
   }
}
[1643918714.609][DEBUG]: DevTools WebSocket Command: Runtime.evaluate (id=37) F04678564F21ED2B83F8A3B03BF6A49A {
   "expression": "1"
}
[1643918714.763][DEBUG]: DevTools WebSocket Event: DOM.childNodeCountUpdated F04678564F21ED2B83F8A3B03BF6A49A {
   "childNodeCount": 93,
   "nodeId": 9
}
[1643918714.780][DEBUG]: DevTools WebSocket Event: DOM.childNodeCountUpdated F04678564F21ED2B83F8A3B03BF6A49A {
   "childNodeCount": 20,
   "nodeId": 10
}
[1643918714.782][DEBUG]: DevTools WebSocket Response: Runtime.evaluate (id=37) F04678564F21ED2B83F8A3B03BF6A49A {
   "result": {
      "description": "1",
      "type": "number",
      "value": 1
   }
}
[1643918715.070][DEBUG]: DevTools WebSocket Event: DOM.childNodeCountUpdated F04678564F21ED2B83F8A3B03BF6A49A {
   "childNodeCount": 21,
   "nodeId": 10
}
[1643918715.070][DEBUG]: DevTools WebSocket Event: Page.frameAttached F04678564F21ED2B83F8A3B03BF6A49A {
   "frameId": "40FE11B2ED8333CF8DC1E7F3F4269AF1",
   "parentFrameId": "F04678564F21ED2B83F8A3B03BF6A49A",
   "stack": {
      "callFrames": [ {
         "columnNumber": 11499,
         "functionName": "e.install",
         "lineNumber": 0,
         "scriptId": "51",
         "url": "https://id.rambler.ru/rambler-id-helper/auth_events.js"
      }, {
         "columnNumber": 10450,
         "functionName": "e",
         "lineNumber": 0,
         "scriptId": "51",
         "url": "https://id.rambler.ru/rambler-id-helper/auth_events.js"
      }, {
         "columnNumber": 25804,
         "functionName": "e",
         "lineNumber": 0,
         "scriptId": "51",
         "url": "https://id.rambler.ru/rambler-id-helper/auth_events.js"
      }, {
         "columnNumber": 37519,
         "functionName": "Ct",
         "lineNumber": 0,
         "scriptId": "51",
         "url": "https://id.rambler.ru/rambler-id-helper/auth_events.js"
      }, {
         "columnNumber": 37579,
         "functionName": "",
         "lineNumber": 0,
         "scriptId": "51",
         "url": "https://id.rambler.ru/rambler-id-helper/auth_events.js"
      }, {
         "columnNumber": 37636,
         "functionName": "",
         "lineNumber": 0,
         "scriptId": "51",
         "url": "https://id.rambler.ru/rambler-id-helper/auth_events.js"
      }, {
         "columnNumber": 37639,
         "functionName": "",
         "lineNumber": 0,
         "scriptId": "51",
         "url": "https://id.rambler.ru/rambler-id-helper/auth_events.js"
      } ]
   }
}
[1643918715.070][DEBUG]: DevTools WebSocket Command: Runtime.evaluate (id=38) F04678564F21ED2B83F8A3B03BF6A49A {
   "expression": "1"
}
[1643918715.074][DEBUG]: DevTools WebSocket Event: Page.frameStartedLoading F04678564F21ED2B83F8A3B03BF6A49A {
   "frameId": "40FE11B2ED8333CF8DC1E7F3F4269AF1"
}
[1643918715.277][DEBUG]: DevTools WebSocket Response: Runtime.evaluate (id=38) F04678564F21ED2B83F8A3B03BF6A49A {
   "result": {
      "description": "1",
      "type": "number",
      "value": 1
   }
}
[1643918715.778][DEBUG]: DevTools WebSocket Command: Runtime.evaluate (id=39) F04678564F21ED2B83F8A3B03BF6A49A {
   "expression": "1"
}
[1643918715.779][DEBUG]: DevTools WebSocket Response: Runtime.evaluate (id=39) F04678564F21ED2B83F8A3B03BF6A49A {
   "result": {
      "description": "1",
      "type": "number",
      "value": 1
   }
}
[1643918716.279][DEBUG]: DevTools WebSocket Command: Runtime.evaluate (id=40) F04678564F21ED2B83F8A3B03BF6A49A {
   "expression": "1"
}
[1643918716.282][DEBUG]: DevTools WebSocket Response: Runtime.evaluate (id=40) F04678564F21ED2B83F8A3B03BF6A49A {
   "result": {
      "description": "1",
      "type": "number",
      "value": 1
   }
}
[1643918716.782][DEBUG]: DevTools WebSocket Command: Runtime.evaluate (id=41) F04678564F21ED2B83F8A3B03BF6A49A {
   "expression": "1"
}
[1643918716.783][DEBUG]: DevTools WebSocket Response: Runtime.evaluate (id=41) F04678564F21ED2B83F8A3B03BF6A49A {
   "result": {
      "description": "1",
      "type": "number",
      "value": 1
   }
}
[1643918717.284][DEBUG]: DevTools WebSocket Command: Runtime.evaluate (id=42) F04678564F21ED2B83F8A3B03BF6A49A {
   "expression": "1"
}
[1643918717.295][DEBUG]: DevTools WebSocket Response: Runtime.evaluate (id=42) F04678564F21ED2B83F8A3B03BF6A49A {
   "result": {
      "description": "1",
      "type": "number",
      "value": 1
   }
}
[1643918717.799][DEBUG]: DevTools WebSocket Command: Runtime.evaluate (id=43) F04678564F21ED2B83F8A3B03BF6A49A {
   "expression": "1"
}
[1643918717.828][DEBUG]: DevTools WebSocket Response: Runtime.evaluate (id=43) F04678564F21ED2B83F8A3B03BF6A49A {
   "result": {
      "description": "1",
      "type": "number",
      "value": 1
   }
}
[1643918717.981][DEBUG]: DevTools WebSocket Event: DOM.childNodeCountUpdated F04678564F21ED2B83F8A3B03BF6A49A {
   "childNodeCount": 94,
   "nodeId": 9
}
[1643918717.981][DEBUG]: DevTools WebSocket Event: DOM.childNodeCountUpdated F04678564F21ED2B83F8A3B03BF6A49A {
   "childNodeCount": 95,
   "nodeId": 9
}
[1643918717.981][DEBUG]: DevTools WebSocket Command: Runtime.evaluate (id=44) F04678564F21ED2B83F8A3B03BF6A49A {
   "expression": "1"
}
[1643918717.983][DEBUG]: DevTools WebSocket Response: Runtime.evaluate (id=44) F04678564F21ED2B83F8A3B03BF6A49A {
   "result": {
      "description": "1",
      "type": "number",
      "value": 1
   }
}
[1643918718.443][DEBUG]: DevTools WebSocket Event: Page.frameNavigated F04678564F21ED2B83F8A3B03BF6A49A {
   "frame": {
      "adFrameStatus": {
         "adFrameType": "none",
         "explanations": [  ]
      },
      "crossOriginIsolatedContextType": "NotIsolatedFeatureDisabled",
      "domainAndRegistry": "rambler.ru",
      "gatedAPIFeatures": [  ],
      "id": "40FE11B2ED8333CF8DC1E7F3F4269AF1",
      "loaderId": "1BC57D611538CE7EF34993BBCAABA97D",
      "mimeType": "text/html",
      "name": "",
      "parentId": "F04678564F21ED2B83F8A3B03BF6A49A",
      "secureContextType": "Secure",
      "securityOrigin": "https://id.rambler.ru",
      "url": "https://id.rambler.ru/rambler-id-helper/1.5.27/storage.html"
   },
   "type": "Navigation"
}
[1643918718.443][DEBUG]: DevTools WebSocket Event: Runtime.executionContextCreated F04678564F21ED2B83F8A3B03BF6A49A {
   "context": {
      "auxData": {
         "frameId": "40FE11B2ED8333CF8DC1E7F3F4269AF1",
         "isDefault": true,
         "type": "default"
      },
      "id": 2,
      "name": "",
      "origin": "https://id.rambler.ru",
      "uniqueId": "462625481192062460.8709260537465608646"
   }
}
[1643918718.443][DEBUG]: DevTools WebSocket Command: Runtime.evaluate (id=45) F04678564F21ED2B83F8A3B03BF6A49A {
   "expression": "1"
}
[1643918718.451][DEBUG]: DevTools WebSocket Response: Runtime.evaluate (id=45) F04678564F21ED2B83F8A3B03BF6A49A {
   "result": {
      "description": "1",
      "type": "number",
      "value": 1
   }
}
[1643918718.467][DEBUG]: DevTools WebSocket Event: Page.frameStoppedLoading F04678564F21ED2B83F8A3B03BF6A49A {
   "frameId": "40FE11B2ED8333CF8DC1E7F3F4269AF1"
}
[1643918718.467][DEBUG]: DevTools WebSocket Command: Runtime.evaluate (id=46) F04678564F21ED2B83F8A3B03BF6A49A {
   "expression": "1"
}
[1643918718.500][DEBUG]: DevTools WebSocket Response: Runtime.evaluate (id=46) F04678564F21ED2B83F8A3B03BF6A49A {
   "result": {
      "description": "1",
      "type": "number",
      "value": 1
   }
}
[1643918719.002][DEBUG]: DevTools WebSocket Command: Runtime.evaluate (id=47) F04678564F21ED2B83F8A3B03BF6A49A {
   "expression": "1"
}
[1643918719.005][DEBUG]: DevTools WebSocket Response: Runtime.evaluate (id=47) F04678564F21ED2B83F8A3B03BF6A49A {
   "result": {
      "description": "1",
      "type": "number",
      "value": 1
   }
}
[1643918719.506][DEBUG]: DevTools WebSocket Command: Runtime.evaluate (id=48) F04678564F21ED2B83F8A3B03BF6A49A {
   "expression": "1"
}
[1643918719.508][DEBUG]: DevTools WebSocket Response: Runtime.evaluate (id=48) F04678564F21ED2B83F8A3B03BF6A49A {
   "result": {
      "description": "1",
      "type": "number",
      "value": 1
   }
}
[1643918719.767][DEBUG]: DevTools WebSocket Event: DOM.childNodeCountUpdated F04678564F21ED2B83F8A3B03BF6A49A {
   "childNodeCount": 96,
   "nodeId": 9
}
[1643918719.767][DEBUG]: DevTools WebSocket Command: Runtime.evaluate (id=49) F04678564F21ED2B83F8A3B03BF6A49A {
   "expression": "1"
}
[1643918719.768][DEBUG]: DevTools WebSocket Response: Runtime.evaluate (id=49) F04678564F21ED2B83F8A3B03BF6A49A {
   "result": {
      "description": "1",
      "type": "number",
      "value": 1
   }
}
[1643918720.268][DEBUG]: DevTools WebSocket Command: Runtime.evaluate (id=50) F04678564F21ED2B83F8A3B03BF6A49A {
   "expression": "1"
}
[1643918720.269][DEBUG]: DevTools WebSocket Response: Runtime.evaluate (id=50) F04678564F21ED2B83F8A3B03BF6A49A {
   "result": {
      "description": "1",
      "type": "number",
      "value": 1
   }
}
[1643918720.771][DEBUG]: DevTools WebSocket Command: Runtime.evaluate (id=51) F04678564F21ED2B83F8A3B03BF6A49A {
   "expression": "1"
}
[1643918720.773][DEBUG]: DevTools WebSocket Response: Runtime.evaluate (id=51) F04678564F21ED2B83F8A3B03BF6A49A {
   "result": {
      "description": "1",
      "type": "number",
      "value": 1
   }
}
[1643918721.274][DEBUG]: DevTools WebSocket Command: Runtime.evaluate (id=52) F04678564F21ED2B83F8A3B03BF6A49A {
   "expression": "1"
}
[1643918721.277][DEBUG]: DevTools WebSocket Response: Runtime.evaluate (id=52) F04678564F21ED2B83F8A3B03BF6A49A {
   "result": {
      "description": "1",
      "type": "number",
      "value": 1
   }
}
[1643918721.777][DEBUG]: DevTools WebSocket Command: Runtime.evaluate (id=53) F04678564F21ED2B83F8A3B03BF6A49A {
   "expression": "1"
}
[1643918721.778][DEBUG]: DevTools WebSocket Response: Runtime.evaluate (id=53) F04678564F21ED2B83F8A3B03BF6A49A {
   "result": {
      "description": "1",
      "type": "number",
      "value": 1
   }
}
[1643918722.279][DEBUG]: DevTools WebSocket Command: Runtime.evaluate (id=54) F04678564F21ED2B83F8A3B03BF6A49A {
   "expression": "1"
}
[1643918722.282][DEBUG]: DevTools WebSocket Response: Runtime.evaluate (id=54) F04678564F21ED2B83F8A3B03BF6A49A {
   "result": {
      "description": "1",
      "type": "number",
      "value": 1
   }
}
[1643918722.783][DEBUG]: DevTools WebSocket Command: Runtime.evaluate (id=55) F04678564F21ED2B83F8A3B03BF6A49A {
   "expression": "1"
}
[1643918722.784][DEBUG]: DevTools WebSocket Response: Runtime.evaluate (id=55) F04678564F21ED2B83F8A3B03BF6A49A {
   "result": {
      "description": "1",
      "type": "number",
      "value": 1
   }
}
[1643918723.284][DEBUG]: DevTools WebSocket Command: Runtime.evaluate (id=56) F04678564F21ED2B83F8A3B03BF6A49A {
   "expression": "1"
}
[1643918723.285][DEBUG]: DevTools WebSocket Response: Runtime.evaluate (id=56) F04678564F21ED2B83F8A3B03BF6A49A {
   "result": {
      "description": "1",
      "type": "number",
      "value": 1
   }
}
[1643918723.786][DEBUG]: DevTools WebSocket Command: Runtime.evaluate (id=57) F04678564F21ED2B83F8A3B03BF6A49A {
   "expression": "1"
}
[1643918723.789][DEBUG]: DevTools WebSocket Response: Runtime.evaluate (id=57) F04678564F21ED2B83F8A3B03BF6A49A {
   "result": {
      "description": "1",
      "type": "number",
      "value": 1
   }
}
[1643918724.290][DEBUG]: DevTools WebSocket Command: Runtime.evaluate (id=58) F04678564F21ED2B83F8A3B03BF6A49A {
   "expression": "1"
}
[1643918724.384][DEBUG]: DevTools WebSocket Response: Runtime.evaluate (id=58) F04678564F21ED2B83F8A3B03BF6A49A {
   "result": {
      "description": "1",
      "type": "number",
      "value": 1
   }
}
[1643918724.885][DEBUG]: DevTools WebSocket Command: Runtime.evaluate (id=59) F04678564F21ED2B83F8A3B03BF6A49A {
   "expression": "1"
}
[1643918724.887][DEBUG]: DevTools WebSocket Response: Runtime.evaluate (id=59) F04678564F21ED2B83F8A3B03BF6A49A {
   "result": {
      "description": "1",
      "type": "number",
      "value": 1
   }
}
[1643918725.394][DEBUG]: DevTools WebSocket Command: Runtime.evaluate (id=60) F04678564F21ED2B83F8A3B03BF6A49A {
   "expression": "1"
}
[1643918725.458][DEBUG]: DevTools WebSocket Response: Runtime.evaluate (id=60) F04678564F21ED2B83F8A3B03BF6A49A {
   "result": {
      "description": "1",
      "type": "number",
      "value": 1
   }
}
[1643918725.959][DEBUG]: DevTools WebSocket Command: Runtime.evaluate (id=61) F04678564F21ED2B83F8A3B03BF6A49A {
   "expression": "1"
}
[1643918725.960][DEBUG]: DevTools WebSocket Response: Runtime.evaluate (id=61) F04678564F21ED2B83F8A3B03BF6A49A {
   "result": {
      "description": "1",
      "type": "number",
      "value": 1
   }
}
[1643918726.460][DEBUG]: DevTools WebSocket Command: Runtime.evaluate (id=62) F04678564F21ED2B83F8A3B03BF6A49A {
   "expression": "1"
}
[1643918726.463][DEBUG]: DevTools WebSocket Response: Runtime.evaluate (id=62) F04678564F21ED2B83F8A3B03BF6A49A {
   "result": {
      "description": "1",
      "type": "number",
      "value": 1
   }
}
[1643918726.963][DEBUG]: DevTools WebSocket Command: Runtime.evaluate (id=63) F04678564F21ED2B83F8A3B03BF6A49A {
   "expression": "1"
}
[1643918726.964][DEBUG]: DevTools WebSocket Response: Runtime.evaluate (id=63) F04678564F21ED2B83F8A3B03BF6A49A {
   "result": {
      "description": "1",
      "type": "number",
      "value": 1
   }
}
[1643918727.137][DEBUG]: DevTools WebSocket Event: DOM.childNodeCountUpdated F04678564F21ED2B83F8A3B03BF6A49A {
   "childNodeCount": 97,
   "nodeId": 9
}
[1643918727.137][DEBUG]: DevTools WebSocket Event: DOM.childNodeCountUpdated F04678564F21ED2B83F8A3B03BF6A49A {
   "childNodeCount": 98,
   "nodeId": 9
}
[1643918727.137][DEBUG]: DevTools WebSocket Command: Runtime.evaluate (id=64) F04678564F21ED2B83F8A3B03BF6A49A {
   "expression": "1"
}
[1643918727.137][DEBUG]: DevTools WebSocket Event: DOM.childNodeCountUpdated F04678564F21ED2B83F8A3B03BF6A49A {
   "childNodeCount": 99,
   "nodeId": 9
}
[1643918727.138][DEBUG]: DevTools WebSocket Event: DOM.childNodeCountUpdated F04678564F21ED2B83F8A3B03BF6A49A {
   "childNodeCount": 100,
   "nodeId": 9
}
[1643918727.138][DEBUG]: DevTools WebSocket Event: DOM.childNodeCountUpdated F04678564F21ED2B83F8A3B03BF6A49A {
   "childNodeCount": 101,
   "nodeId": 9
}
[1643918727.139][DEBUG]: DevTools WebSocket Event: DOM.childNodeCountUpdated F04678564F21ED2B83F8A3B03BF6A49A {
   "childNodeCount": 22,
   "nodeId": 10
}
[1643918727.173][DEBUG]: DevTools WebSocket Response: Runtime.evaluate (id=64) F04678564F21ED2B83F8A3B03BF6A49A {
   "result": {
      "description": "1",
      "type": "number",
      "value": 1
   }
}
[1643918727.673][DEBUG]: DevTools WebSocket Command: Runtime.evaluate (id=65) F04678564F21ED2B83F8A3B03BF6A49A {
   "expression": "1"
}
[1643918727.675][DEBUG]: DevTools WebSocket Response: Runtime.evaluate (id=65) F04678564F21ED2B83F8A3B03BF6A49A {
   "result": {
      "description": "1",
      "type": "number",
      "value": 1
   }
}
[1643918728.175][DEBUG]: DevTools WebSocket Command: Runtime.evaluate (id=66) F04678564F21ED2B83F8A3B03BF6A49A {
   "expression": "1"
}
[1643918728.176][DEBUG]: DevTools WebSocket Response: Runtime.evaluate (id=66) F04678564F21ED2B83F8A3B03BF6A49A {
   "result": {
      "description": "1",
      "type": "number",
      "value": 1
   }
}
[1643918728.676][DEBUG]: DevTools WebSocket Command: Runtime.evaluate (id=67) F04678564F21ED2B83F8A3B03BF6A49A {
   "expression": "1"
}
[1643918728.677][DEBUG]: DevTools WebSocket Response: Runtime.evaluate (id=67) F04678564F21ED2B83F8A3B03BF6A49A {
   "result": {
      "description": "1",
      "type": "number",
      "value": 1
   }
}
[1643918729.177][DEBUG]: DevTools WebSocket Command: Runtime.evaluate (id=68) F04678564F21ED2B83F8A3B03BF6A49A {
   "expression": "1"
}
[1643918729.179][DEBUG]: DevTools WebSocket Response: Runtime.evaluate (id=68) F04678564F21ED2B83F8A3B03BF6A49A {
   "result": {
      "description": "1",
      "type": "number",
      "value": 1
   }
}
[1643918729.679][DEBUG]: DevTools WebSocket Command: Runtime.evaluate (id=69) F04678564F21ED2B83F8A3B03BF6A49A {
   "expression": "1"
}
[1643918729.681][DEBUG]: DevTools WebSocket Response: Runtime.evaluate (id=69) F04678564F21ED2B83F8A3B03BF6A49A {
   "result": {
      "description": "1",
      "type": "number",
      "value": 1
   }
}
[1643918730.181][DEBUG]: DevTools WebSocket Command: Runtime.evaluate (id=70) F04678564F21ED2B83F8A3B03BF6A49A {
   "expression": "1"
}
[1643918730.183][DEBUG]: DevTools WebSocket Response: Runtime.evaluate (id=70) F04678564F21ED2B83F8A3B03BF6A49A {
   "result": {
      "description": "1",
      "type": "number",
      "value": 1
   }
}
[1643918730.684][DEBUG]: DevTools WebSocket Command: Runtime.evaluate (id=71) F04678564F21ED2B83F8A3B03BF6A49A {
   "expression": "1"
}
[1643918730.686][DEBUG]: DevTools WebSocket Response: Runtime.evaluate (id=71) F04678564F21ED2B83F8A3B03BF6A49A {
   "result": {
      "description": "1",
      "type": "number",
      "value": 1
   }
}
[1643918731.187][DEBUG]: DevTools WebSocket Command: Runtime.evaluate (id=72) F04678564F21ED2B83F8A3B03BF6A49A {
   "expression": "1"
}
[1643918731.188][DEBUG]: DevTools WebSocket Response: Runtime.evaluate (id=72) F04678564F21ED2B83F8A3B03BF6A49A {
   "result": {
      "description": "1",
      "type": "number",
      "value": 1
   }
}
[1643918731.690][DEBUG]: DevTools WebSocket Command: Runtime.evaluate (id=73) F04678564F21ED2B83F8A3B03BF6A49A {
   "expression": "1"
}
[1643918731.692][DEBUG]: DevTools WebSocket Response: Runtime.evaluate (id=73) F04678564F21ED2B83F8A3B03BF6A49A {
   "result": {
      "description": "1",
      "type": "number",
      "value": 1
   }
}
[1643918732.192][DEBUG]: DevTools WebSocket Command: Runtime.evaluate (id=74) F04678564F21ED2B83F8A3B03BF6A49A {
   "expression": "1"
}
[1643918732.193][DEBUG]: DevTools WebSocket Response: Runtime.evaluate (id=74) F04678564F21ED2B83F8A3B03BF6A49A {
   "result": {
      "description": "1",
      "type": "number",
      "value": 1
   }
}
[1643918732.694][DEBUG]: DevTools WebSocket Command: Runtime.evaluate (id=75) F04678564F21ED2B83F8A3B03BF6A49A {
   "expression": "1"
}
[1643918732.696][DEBUG]: DevTools WebSocket Response: Runtime.evaluate (id=75) F04678564F21ED2B83F8A3B03BF6A49A {
   "result": {
      "description": "1",
      "type": "number",
      "value": 1
   }
}
[1643918733.196][DEBUG]: DevTools WebSocket Command: Runtime.evaluate (id=76) F04678564F21ED2B83F8A3B03BF6A49A {
   "expression": "1"
}
[1643918733.197][DEBUG]: DevTools WebSocket Response: Runtime.evaluate (id=76) F04678564F21ED2B83F8A3B03BF6A49A {
   "result": {
      "description": "1",
      "type": "number",
      "value": 1
   }
}
[1643918733.699][DEBUG]: DevTools WebSocket Command: Runtime.evaluate (id=77) F04678564F21ED2B83F8A3B03BF6A49A {
   "expression": "1"
}
[1643918733.700][DEBUG]: DevTools WebSocket Response: Runtime.evaluate (id=77) F04678564F21ED2B83F8A3B03BF6A49A {
   "result": {
      "description": "1",
      "type": "number",
      "value": 1
   }
}
[1643918734.201][DEBUG]: DevTools WebSocket Command: Runtime.evaluate (id=78) F04678564F21ED2B83F8A3B03BF6A49A {
   "expression": "1"
}
[1643918734.204][DEBUG]: DevTools WebSocket Response: Runtime.evaluate (id=78) F04678564F21ED2B83F8A3B03BF6A49A {
   "result": {
      "description": "1",
      "type": "number",
      "value": 1
   }
}
[1643918734.649][DEBUG]: DevTools WebSocket Event: DOM.childNodeCountUpdated F04678564F21ED2B83F8A3B03BF6A49A {
   "childNodeCount": 21,
   "nodeId": 10
}
[1643918734.649][DEBUG]: DevTools WebSocket Event: DOM.childNodeCountUpdated F04678564F21ED2B83F8A3B03BF6A49A {
   "childNodeCount": 22,
   "nodeId": 10
}
[1643918734.649][DEBUG]: DevTools WebSocket Event: DOM.childNodeCountUpdated F04678564F21ED2B83F8A3B03BF6A49A {
   "childNodeCount": 21,
   "nodeId": 10
}
[1643918734.649][DEBUG]: DevTools WebSocket Command: Runtime.evaluate (id=79) F04678564F21ED2B83F8A3B03BF6A49A {
   "expression": "1"
}
[1643918734.649][DEBUG]: DevTools WebSocket Event: DOM.childNodeCountUpdated F04678564F21ED2B83F8A3B03BF6A49A {
   "childNodeCount": 22,
   "nodeId": 10
}
[1643918734.650][DEBUG]: DevTools WebSocket Event: DOM.childNodeCountUpdated F04678564F21ED2B83F8A3B03BF6A49A {
   "childNodeCount": 23,
   "nodeId": 10
}
[1643918734.650][DEBUG]: DevTools WebSocket Event: DOM.childNodeCountUpdated F04678564F21ED2B83F8A3B03BF6A49A {
   "childNodeCount": 24,
   "nodeId": 10
}
[1643918734.650][DEBUG]: DevTools WebSocket Event: DOM.childNodeCountUpdated F04678564F21ED2B83F8A3B03BF6A49A {
   "childNodeCount": 25,
   "nodeId": 10
}
[1643918734.650][DEBUG]: DevTools WebSocket Event: DOM.childNodeCountUpdated F04678564F21ED2B83F8A3B03BF6A49A {
   "childNodeCount": 24,
   "nodeId": 10
}
[1643918734.650][DEBUG]: DevTools WebSocket Event: DOM.childNodeCountUpdated F04678564F21ED2B83F8A3B03BF6A49A {
   "childNodeCount": 25,
   "nodeId": 10
}
[1643918734.651][DEBUG]: DevTools WebSocket Event: DOM.childNodeCountUpdated F04678564F21ED2B83F8A3B03BF6A49A {
   "childNodeCount": 102,
   "nodeId": 9
}
[1643918734.651][DEBUG]: DevTools WebSocket Event: DOM.childNodeCountUpdated F04678564F21ED2B83F8A3B03BF6A49A {
   "childNodeCount": 103,
   "nodeId": 9
}
[1643918734.657][DEBUG]: DevTools WebSocket Response: Runtime.evaluate (id=79) F04678564F21ED2B83F8A3B03BF6A49A {
   "result": {
      "description": "1",
      "type": "number",
      "value": 1
   }
}
[1643918734.859][DEBUG]: DevTools WebSocket Event: Runtime.consoleAPICalled F04678564F21ED2B83F8A3B03BF6A49A {
   "args": [ {
      "type": "string",
      "value": "rcm logger disabled"
   } ],
   "executionContextId": 1,
   "stackTrace": {
      "callFrames": [ {
         "columnNumber": 221,
         "functionName": "",
         "lineNumber": 0,
         "scriptId": "97",
         "url": "https://rcmjs.rambler.ru/static/recommender.js"
      }, {
         "columnNumber": 317,
         "functionName": "176",
         "lineNumber": 0,
         "scriptId": "97",
         "url": "https://rcmjs.rambler.ru/static/recommender.js"
      }, {
         "columnNumber": 591,
         "functionName": "r",
         "lineNumber": 0,
         "scriptId": "97",
         "url": "https://rcmjs.rambler.ru/static/recommender.js"
      }, {
         "columnNumber": 2742,
         "functionName": "",
         "lineNumber": 0,
         "scriptId": "97",
         "url": "https://rcmjs.rambler.ru/static/recommender.js"
      }, {
         "columnNumber": 22933,
         "functionName": "",
         "lineNumber": 0,
         "scriptId": "97",
         "url": "https://rcmjs.rambler.ru/static/recommender.js"
      }, {
         "columnNumber": 22936,
         "functionName": "",
         "lineNumber": 0,
         "scriptId": "97",
         "url": "https://rcmjs.rambler.ru/static/recommender.js"
      } ]
   },
   "timestamp": 1.643918734856102e+12,
   "type": "log"
}
[1643918734.859][DEBUG]: DevTools WebSocket Command: Runtime.evaluate (id=80) F04678564F21ED2B83F8A3B03BF6A49A {
   "expression": "1"
}
[1643918734.860][DEBUG]: DevTools WebSocket Response: Runtime.evaluate (id=80) F04678564F21ED2B83F8A3B03BF6A49A {
   "result": {
      "description": "1",
      "type": "number",
      "value": 1
   }
}
[1643918735.075][DEBUG]: DevTools WebSocket Event: DOM.childNodeCountUpdated F04678564F21ED2B83F8A3B03BF6A49A {
   "childNodeCount": 24,
   "nodeId": 10
}
[1643918735.075][DEBUG]: DevTools WebSocket Event: DOM.childNodeCountUpdated F04678564F21ED2B83F8A3B03BF6A49A {
   "childNodeCount": 25,
   "nodeId": 10
}
[1643918735.075][DEBUG]: DevTools WebSocket Command: Runtime.evaluate (id=81) F04678564F21ED2B83F8A3B03BF6A49A {
   "expression": "1"
}
[1643918735.076][DEBUG]: DevTools WebSocket Event: DOM.childNodeCountUpdated F04678564F21ED2B83F8A3B03BF6A49A {
   "childNodeCount": 24,
   "nodeId": 10
}
[1643918735.076][DEBUG]: DevTools WebSocket Event: DOM.childNodeCountUpdated F04678564F21ED2B83F8A3B03BF6A49A {
   "childNodeCount": 25,
   "nodeId": 10
}
[1643918735.076][DEBUG]: DevTools WebSocket Event: DOM.childNodeCountUpdated F04678564F21ED2B83F8A3B03BF6A49A {
   "childNodeCount": 104,
   "nodeId": 9
}
[1643918735.076][DEBUG]: DevTools WebSocket Event: DOM.childNodeCountUpdated F04678564F21ED2B83F8A3B03BF6A49A {
   "childNodeCount": 105,
   "nodeId": 9
}
[1643918735.079][DEBUG]: DevTools WebSocket Response: Runtime.evaluate (id=81) F04678564F21ED2B83F8A3B03BF6A49A {
   "result": {
      "description": "1",
      "type": "number",
      "value": 1
   }
}
[1643918735.580][DEBUG]: DevTools WebSocket Command: Runtime.evaluate (id=82) F04678564F21ED2B83F8A3B03BF6A49A {
   "expression": "1"
}
[1643918735.582][DEBUG]: DevTools WebSocket Response: Runtime.evaluate (id=82) F04678564F21ED2B83F8A3B03BF6A49A {
   "result": {
      "description": "1",
      "type": "number",
      "value": 1
   }
}
[1643918735.943][DEBUG]: DevTools WebSocket Event: DOM.childNodeCountUpdated F04678564F21ED2B83F8A3B03BF6A49A {
   "childNodeCount": 104,
   "nodeId": 9
}
[1643918735.943][DEBUG]: DevTools WebSocket Command: Runtime.evaluate (id=83) F04678564F21ED2B83F8A3B03BF6A49A {
   "expression": "1"
}
[1643918736.145][DEBUG]: DevTools WebSocket Event: Page.frameAttached F04678564F21ED2B83F8A3B03BF6A49A {
   "frameId": "9D347EC619C38B72199CAD9AAD4E364D",
   "parentFrameId": "F04678564F21ED2B83F8A3B03BF6A49A",
   "stack": {
      "callFrames": [ {
         "columnNumber": 317474,
         "functionName": "e._insertNonTextBlock",
         "lineNumber": 0,
         "scriptId": "60",
         "url": "https://ssp.rambler.ru/capirs_async.js"
      }, {
         "columnNumber": 315400,
         "functionName": "",
         "lineNumber": 0,
         "scriptId": "60",
         "url": "https://ssp.rambler.ru/capirs_async.js"
      }, {
         "columnNumber": 313925,
         "functionName": "",
         "lineNumber": 0,
         "scriptId": "60",
         "url": "https://ssp.rambler.ru/capirs_async.js"
      }, {
         "columnNumber": 314030,
         "functionName": "",
         "lineNumber": 0,
         "scriptId": "60",
         "url": "https://ssp.rambler.ru/capirs_async.js"
      }, {
         "columnNumber": 312767,
         "functionName": "a",
         "lineNumber": 0,
         "scriptId": "60",
         "url": "https://ssp.rambler.ru/capirs_async.js"
      } ]
   }
}
[1643918736.150][DEBUG]: DevTools WebSocket Event: Page.frameStartedLoading F04678564F21ED2B83F8A3B03BF6A49A {
   "frameId": "9D347EC619C38B72199CAD9AAD4E364D"
}
[1643918736.354][DEBUG]: DevTools WebSocket Response: Runtime.evaluate (id=83) F04678564F21ED2B83F8A3B03BF6A49A {
   "result": {
      "description": "1",
      "type": "number",
      "value": 1
   }
}
[1643918736.600][DEBUG]: DevTools WebSocket Event: Page.frameAttached F04678564F21ED2B83F8A3B03BF6A49A {
   "frameId": "C577E39EA1AA1BDD868536A640456871",
   "parentFrameId": "F04678564F21ED2B83F8A3B03BF6A49A",
   "stack": {
      "callFrames": [ {
         "columnNumber": 317474,
         "functionName": "e._insertNonTextBlock",
         "lineNumber": 0,
         "scriptId": "60",
         "url": "https://ssp.rambler.ru/capirs_async.js"
      }, {
         "columnNumber": 315400,
         "functionName": "",
         "lineNumber": 0,
         "scriptId": "60",
         "url": "https://ssp.rambler.ru/capirs_async.js"
      }, {
         "columnNumber": 313925,
         "functionName": "",
         "lineNumber": 0,
         "scriptId": "60",
         "url": "https://ssp.rambler.ru/capirs_async.js"
      }, {
         "columnNumber": 314030,
         "functionName": "",
         "lineNumber": 0,
         "scriptId": "60",
         "url": "https://ssp.rambler.ru/capirs_async.js"
      }, {
         "columnNumber": 312767,
         "functionName": "a",
         "lineNumber": 0,
         "scriptId": "60",
         "url": "https://ssp.rambler.ru/capirs_async.js"
      } ]
   }
}
[1643918736.600][DEBUG]: DevTools WebSocket Command: Runtime.evaluate (id=84) F04678564F21ED2B83F8A3B03BF6A49A {
   "expression": "1"
}
[1643918736.645][DEBUG]: DevTools WebSocket Event: Page.frameStartedLoading F04678564F21ED2B83F8A3B03BF6A49A {
   "frameId": "C577E39EA1AA1BDD868536A640456871"
}
[1643918736.651][DEBUG]: DevTools WebSocket Event: Page.frameNavigated F04678564F21ED2B83F8A3B03BF6A49A {
   "frame": {
      "adFrameStatus": {
         "adFrameType": "none",
         "explanations": [  ]
      },
      "crossOriginIsolatedContextType": "NotIsolated",
      "domainAndRegistry": "",
      "gatedAPIFeatures": [  ],
      "id": "C577E39EA1AA1BDD868536A640456871",
      "loaderId": "1D432A55F31CAB02DADE6A19AA4D637F",
      "mimeType": "text/html",
      "name": "axhtml-61fc8-35724-164fb",
      "parentId": "F04678564F21ED2B83F8A3B03BF6A49A",
      "secureContextType": "Secure",
      "securityOrigin": "://",
      "url": "about:blank"
   },
   "type": "Navigation"
}
[1643918736.651][DEBUG]: DevTools WebSocket Event: Runtime.executionContextCreated F04678564F21ED2B83F8A3B03BF6A49A {
   "context": {
      "auxData": {
         "frameId": "C577E39EA1AA1BDD868536A640456871",
         "isDefault": true,
         "type": "default"
      },
      "id": 3,
      "name": "",
      "origin": "https://www.rambler.ru",
      "uniqueId": "-4210028248196018458.-7589349863153874259"
   }
}
[1643918736.651][DEBUG]: DevTools WebSocket Event: Page.frameStoppedLoading F04678564F21ED2B83F8A3B03BF6A49A {
   "frameId": "C577E39EA1AA1BDD868536A640456871"
}
[1643918736.715][DEBUG]: DevTools WebSocket Event: DOM.childNodeCountUpdated F04678564F21ED2B83F8A3B03BF6A49A {
   "childNodeCount": 103,
   "nodeId": 9
}
[1643918736.847][DEBUG]: DevTools WebSocket Event: DOM.childNodeCountUpdated F04678564F21ED2B83F8A3B03BF6A49A {
   "childNodeCount": 104,
   "nodeId": 9
}
[1643918736.847][DEBUG]: DevTools WebSocket Event: DOM.childNodeCountUpdated F04678564F21ED2B83F8A3B03BF6A49A {
   "childNodeCount": 26,
   "nodeId": 10
}
[1643918736.847][DEBUG]: DevTools WebSocket Event: Page.frameAttached F04678564F21ED2B83F8A3B03BF6A49A {
   "frameId": "F3EC318757F0505B82DA5C0D952E8103",
   "parentFrameId": "F04678564F21ED2B83F8A3B03BF6A49A",
   "stack": {
      "callFrames": [ {
         "columnNumber": 18,
         "functionName": "addframe",
         "lineNumber": 503,
         "scriptId": "106",
         "url": "https://gamd.hit.gemius.pl/xgemius.js"
      }, {
         "columnNumber": 19,
         "functionName": "load_lsdata",
         "lineNumber": 926,
         "scriptId": "106",
         "url": "https://gamd.hit.gemius.pl/xgemius.js"
      }, {
         "columnNumber": 20,
         "functionName": "init",
         "lineNumber": 1010,
         "scriptId": "106",
         "url": "https://gamd.hit.gemius.pl/xgemius.js"
      }, {
         "columnNumber": 15,
         "functionName": "",
         "lineNumber": 1035,
         "scriptId": "106",
         "url": "https://gamd.hit.gemius.pl/xgemius.js"
      } ]
   }
}
[1643918736.858][DEBUG]: DevTools WebSocket Event: Page.frameStartedLoading F04678564F21ED2B83F8A3B03BF6A49A {
   "frameId": "F3EC318757F0505B82DA5C0D952E8103"
}
[1643918736.886][DEBUG]: DevTools WebSocket Event: Page.frameNavigated F04678564F21ED2B83F8A3B03BF6A49A {
   "frame": {
      "adFrameStatus": {
         "adFrameType": "none",
         "explanations": [  ]
      },
      "crossOriginIsolatedContextType": "NotIsolated",
      "domainAndRegistry": "",
      "gatedAPIFeatures": [  ],
      "id": "F3EC318757F0505B82DA5C0D952E8103",
      "loaderId": "DF1DEB9FE19BC40F92B70B7CF4D0AFF1",
      "mimeType": "text/html",
      "name": "lsgetframe",
      "parentId": "F04678564F21ED2B83F8A3B03BF6A49A",
      "secureContextType": "Secure",
      "securityOrigin": "://",
      "url": "about:blank"
   },
   "type": "Navigation"
}
[1643918736.886][DEBUG]: DevTools WebSocket Event: Runtime.executionContextCreated F04678564F21ED2B83F8A3B03BF6A49A {
   "context": {
      "auxData": {
         "frameId": "F3EC318757F0505B82DA5C0D952E8103",
         "isDefault": true,
         "type": "default"
      },
      "id": 4,
      "name": "",
      "origin": "https://www.rambler.ru",
      "uniqueId": "1226227572117637496.1666660267332238689"
   }
}
[1643918736.886][DEBUG]: DevTools WebSocket Event: Page.frameStoppedLoading F04678564F21ED2B83F8A3B03BF6A49A {
   "frameId": "F3EC318757F0505B82DA5C0D952E8103"
}
[1643918736.886][DEBUG]: DevTools WebSocket Event: Page.frameScheduledNavigation F04678564F21ED2B83F8A3B03BF6A49A {
   "delay": 0,
   "frameId": "F3EC318757F0505B82DA5C0D952E8103",
   "reason": "scriptInitiated",
   "url": "https://ls.hit.gemius.pl/lsget.html"
}
[1643918736.886][DEBUG]: DevTools WebSocket Event: Page.frameRequestedNavigation F04678564F21ED2B83F8A3B03BF6A49A {
   "disposition": "currentTab",
   "frameId": "F3EC318757F0505B82DA5C0D952E8103",
   "reason": "scriptInitiated",
   "url": "https://ls.hit.gemius.pl/lsget.html"
}
[1643918736.886][DEBUG]: DevTools WebSocket Event: Page.frameStartedLoading F04678564F21ED2B83F8A3B03BF6A49A {
   "frameId": "F3EC318757F0505B82DA5C0D952E8103"
}
[1643918736.891][DEBUG]: DevTools WebSocket Event: Page.frameClearedScheduledNavigation F04678564F21ED2B83F8A3B03BF6A49A {
   "frameId": "F3EC318757F0505B82DA5C0D952E8103"
}
[1643918737.230][DEBUG]: DevTools WebSocket Event: Target.attachedToTarget F04678564F21ED2B83F8A3B03BF6A49A {
   "sessionId": "229B2117970CB787AF1B17EE4AA6F1E4",
   "targetInfo": {
      "attached": true,
      "browserContextId": "141973644B59A6D5EFC1D374D1ECC676",
      "canAccessOpener": false,
      "targetId": "9D347EC619C38B72199CAD9AAD4E364D",
      "title": "",
      "type": "iframe",
      "url": ""
   },
   "waitingForDebugger": false
}
[1643918737.230][DEBUG]: DevTools WebSocket Command: Page.addScriptToEvaluateOnNewDocument (id=1) 229B2117970CB787AF1B17EE4AA6F1E4 {
   "source": "(function () {window.cdc_adoQpoasnfa76pfcZLmcfl_Array = window.Array;window.cdc_adoQpoasnfa76pfcZLmcfl_Promise = window.Promise;window.cdc_adoQpoasnfa76pfcZLmcfl_Symbol = window.Symbol;}) ();"
}
[1643918737.230][DEBUG]: DevTools WebSocket Command: Runtime.evaluate (id=2) 229B2117970CB787AF1B17EE4AA6F1E4 {
   "expression": "(function () {window.cdc_adoQpoasnfa76pfcZLmcfl_Array = window.Array;window.cdc_adoQpoasnfa76pfcZLmcfl_Promise = window.Promise;window.cdc_adoQpoasnfa76pfcZLmcfl_Symbol = window.Symbol;}) ();"
}
[1643918737.232][DEBUG]: DevTools WebSocket Command: DOM.getDocument (id=3) 229B2117970CB787AF1B17EE4AA6F1E4 {

}
[1643918737.232][DEBUG]: DevTools WebSocket Command: Target.setAutoAttach (id=4) 229B2117970CB787AF1B17EE4AA6F1E4 {
   "autoAttach": true,
   "flatten": true,
   "waitForDebuggerOnStart": false
}
[1643918737.232][DEBUG]: DevTools WebSocket Command: Page.enable (id=5) 229B2117970CB787AF1B17EE4AA6F1E4 {

}
[1643918737.233][DEBUG]: DevTools WebSocket Command: Page.enable (id=85) F04678564F21ED2B83F8A3B03BF6A49A {

}
[1643918737.371][DEBUG]: DevTools WebSocket Response: Page.addScriptToEvaluateOnNewDocument (id=1) 229B2117970CB787AF1B17EE4AA6F1E4 {
   "identifier": "1"
}
[1643918737.372][DEBUG]: DevTools WebSocket Response: Runtime.evaluate (id=2) 229B2117970CB787AF1B17EE4AA6F1E4 {
   "result": {
      "type": "undefined"
   }
}
[1643918737.373][DEBUG]: DevTools WebSocket Response: DOM.getDocument (id=3) 229B2117970CB787AF1B17EE4AA6F1E4 {
   "root": {
      "backendNodeId": 1,
      "baseURL": "https://dsp-rambler.ru/imp/631292055/?url=o0nLaHPZQ1EJEjMbfmmcs7Rdq1Luvl5Y0KZeCnkV0radZAyr6MG7q-UCgync9I6YMaeKP4Deg3UdvrrL1RUWCuFYylibicIg1E9ZLKLu5z8isao34WVvKBcWRQmCszMJ4Dc3VXhh2wg9lpCzmaywKRk-c4F...",
      "childNodeCount": 0,
      "children": [  ],
      "compatibilityMode": "NoQuirksMode",
      "documentURL": "https://dsp-rambler.ru/imp/631292055/?url=o0nLaHPZQ1EJEjMbfmmcs7Rdq1Luvl5Y0KZeCnkV0radZAyr6MG7q-UCgync9I6YMaeKP4Deg3UdvrrL1RUWCuFYylibicIg1E9ZLKLu5z8isao34WVvKBcWRQmCszMJ4Dc3VXhh2wg9lpCzmaywKRk-c4F...",
      "localName": "",
      "nodeId": 1,
      "nodeName": "#document",
      "nodeType": 9,
      "nodeValue": "",
      "xmlVersion": ""
   }
}
[1643918737.373][DEBUG]: DevTools WebSocket Response: Target.setAutoAttach (id=4) 229B2117970CB787AF1B17EE4AA6F1E4 {

}
[1643918737.373][DEBUG]: DevTools WebSocket Response: Page.enable (id=5) 229B2117970CB787AF1B17EE4AA6F1E4 {

}
[1643918737.384][DEBUG]: DevTools WebSocket Event: DOM.childNodeInserted 229B2117970CB787AF1B17EE4AA6F1E4 {
   "node": {
      "backendNodeId": 2,
      "localName": "",
      "nodeId": 2,
      "nodeName": "#comment",
      "nodeType": 8,
      "nodeValue": "kzgkriay-djjtuatudlf"
   },
   "parentNodeId": 1,
   "previousNodeId": 0
}
[1643918737.384][DEBUG]: DevTools WebSocket Event: DOM.childNodeInserted 229B2117970CB787AF1B17EE4AA6F1E4 {
   "node": {
      "backendNodeId": 3,
      "localName": "",
      "nodeId": 3,
      "nodeName": "html",
      "nodeType": 10,
      "nodeValue": "",
      "publicId": "",
      "systemId": ""
   },
   "parentNodeId": 1,
   "previousNodeId": 2
}
[1643918737.384][DEBUG]: DevTools WebSocket Event: DOM.childNodeInserted 229B2117970CB787AF1B17EE4AA6F1E4 {
   "node": {
      "attributes": [ "lang", "en" ],
      "backendNodeId": 4,
      "childNodeCount": 0,
      "frameId": "9D347EC619C38B72199CAD9AAD4E364D",
      "localName": "html",
      "nodeId": 4,
      "nodeName": "HTML",
      "nodeType": 1,
      "nodeValue": ""
   },
   "parentNodeId": 1,
   "previousNodeId": 3
}
[1643918737.384][DEBUG]: DevTools WebSocket Event: DOM.childNodeCountUpdated 229B2117970CB787AF1B17EE4AA6F1E4 {
   "childNodeCount": 1,
   "nodeId": 4
}
[1643918737.384][DEBUG]: DevTools WebSocket Event: DOM.childNodeCountUpdated 229B2117970CB787AF1B17EE4AA6F1E4 {
   "childNodeCount": 2,
   "nodeId": 4
}
[1643918737.390][DEBUG]: DevTools WebSocket Event: DOM.documentUpdated 229B2117970CB787AF1B17EE4AA6F1E4 {

}
[1643918737.390][DEBUG]: DevTools WebSocket Command: DOM.getDocument (id=6) 229B2117970CB787AF1B17EE4AA6F1E4 {

}
[1643918737.390][DEBUG]: DevTools WebSocket Event: Page.domContentEventFired 229B2117970CB787AF1B17EE4AA6F1E4 {
   "timestamp": 588086.805404
}
[1643918737.392][DEBUG]: DevTools WebSocket Response: DOM.getDocument (id=6) 229B2117970CB787AF1B17EE4AA6F1E4 {
   "root": {
      "backendNodeId": 1,
      "baseURL": "https://dsp-rambler.ru/imp/631292055/?url=o0nLaHPZQ1EJEjMbfmmcs7Rdq1Luvl5Y0KZeCnkV0radZAyr6MG7q-UCgync9I6YMaeKP4Deg3UdvrrL1RUWCuFYylibicIg1E9ZLKLu5z8isao34WVvKBcWRQmCszMJ4Dc3VXhh2wg9lpCzmaywKRk-c4F...",
      "childNodeCount": 3,
      "children": [ {
         "backendNodeId": 2,
         "localName": "",
         "nodeId": 6,
         "nodeName": "#comment",
         "nodeType": 8,
         "nodeValue": "kzgkriay-djjtuatudlf",
         "parentId": 5
      }, {
         "backendNodeId": 3,
         "localName": "",
         "nodeId": 7,
         "nodeName": "html",
         "nodeType": 10,
         "nodeValue": "",
         "parentId": 5,
         "publicId": "",
         "systemId": ""
      }, {
         "attributes": [ "lang", "en" ],
         "backendNodeId": 4,
         "childNodeCount": 2,
         "children": [ {
            "attributes": [  ],
            "backendNodeId": 5,
            "childNodeCount": 8,
            "localName": "head",
            "nodeId": 9,
            "nodeName": "HEAD",
            "nodeType": 1,
            "nodeValue": "",
            "parentId": 8
         }, {
            "attributes": [ "marginwidth", "0", "marginheight", "0" ],
            "backendNodeId": 6,
            "childNodeCount": 1,
            "localName": "body",
            "nodeId": 10,
            "nodeName": "BODY",
            "nodeType": 1,
            "nodeValue": "",
            "parentId": 8
         } ],
         "frameId": "9D347EC619C38B72199CAD9AAD4E364D",
         "localName": "html",
         "nodeId": 8,
         "nodeName": "HTML",
         "nodeType": 1,
         "nodeValue": "",
         "parentId": 5
      } ],
      "compatibilityMode": "NoQuirksMode",
      "documentURL": "https://dsp-rambler.ru/imp/631292055/?url=o0nLaHPZQ1EJEjMbfmmcs7Rdq1Luvl5Y0KZeCnkV0radZAyr6MG7q-UCgync9I6YMaeKP4Deg3UdvrrL1RUWCuFYylibicIg1E9ZLKLu5z8isao34WVvKBcWRQmCszMJ4Dc3VXhh2wg9lpCzmaywKRk-c4F...",
      "localName": "",
      "nodeId": 5,
      "nodeName": "#document",
      "nodeType": 9,
      "nodeValue": "",
      "xmlVersion": ""
   }
}
[1643918737.785][DEBUG]: DevTools WebSocket Event: Target.attachedToTarget F04678564F21ED2B83F8A3B03BF6A49A {
   "sessionId": "EBE569AF091D19640726035687FF3359",
   "targetInfo": {
      "attached": true,
      "browserContextId": "141973644B59A6D5EFC1D374D1ECC676",
      "canAccessOpener": false,
      "targetId": "F3EC318757F0505B82DA5C0D952E8103",
      "title": "",
      "type": "iframe",
      "url": ""
   },
   "waitingForDebugger": false
}
[1643918737.785][DEBUG]: DevTools WebSocket Command: Page.addScriptToEvaluateOnNewDocument (id=1) EBE569AF091D19640726035687FF3359 {
   "source": "(function () {window.cdc_adoQpoasnfa76pfcZLmcfl_Array = window.Array;window.cdc_adoQpoasnfa76pfcZLmcfl_Promise = window.Promise;window.cdc_adoQpoasnfa76pfcZLmcfl_Symbol = window.Symbol;}) ();"
}
[1643918737.786][DEBUG]: DevTools WebSocket Command: Runtime.evaluate (id=2) EBE569AF091D19640726035687FF3359 {
   "expression": "(function () {window.cdc_adoQpoasnfa76pfcZLmcfl_Array = window.Array;window.cdc_adoQpoasnfa76pfcZLmcfl_Promise = window.Promise;window.cdc_adoQpoasnfa76pfcZLmcfl_Symbol = window.Symbol;}) ();"
}
[1643918737.787][DEBUG]: DevTools WebSocket Command: DOM.getDocument (id=3) EBE569AF091D19640726035687FF3359 {

}
[1643918737.797][DEBUG]: DevTools WebSocket Command: Target.setAutoAttach (id=4) EBE569AF091D19640726035687FF3359 {
   "autoAttach": true,
   "flatten": true,
   "waitForDebuggerOnStart": false
}
[1643918737.800][DEBUG]: DevTools WebSocket Command: Page.enable (id=5) EBE569AF091D19640726035687FF3359 {

}
[1643918737.801][DEBUG]: DevTools WebSocket Command: Page.enable (id=86) F04678564F21ED2B83F8A3B03BF6A49A {

}
[1643918737.802][DEBUG]: DevTools WebSocket Response: Page.addScriptToEvaluateOnNewDocument (id=1) EBE569AF091D19640726035687FF3359 {
   "identifier": "1"
}
[1643918737.802][DEBUG]: DevTools WebSocket Response: Runtime.evaluate (id=2) EBE569AF091D19640726035687FF3359 {
   "result": {
      "type": "undefined"
   }
}
[1643918737.802][DEBUG]: DevTools WebSocket Response: DOM.getDocument (id=3) EBE569AF091D19640726035687FF3359 {
   "root": {
      "backendNodeId": 1,
      "baseURL": "https://ls.hit.gemius.pl/lsget.html",
      "childNodeCount": 0,
      "children": [  ],
      "compatibilityMode": "NoQuirksMode",
      "documentURL": "https://ls.hit.gemius.pl/lsget.html",
      "localName": "",
      "nodeId": 1,
      "nodeName": "#document",
      "nodeType": 9,
      "nodeValue": "",
      "xmlVersion": ""
   }
}
[1643918737.845][DEBUG]: DevTools WebSocket Response: Target.setAutoAttach (id=4) EBE569AF091D19640726035687FF3359 {

}
[1643918737.845][DEBUG]: DevTools WebSocket Response: Page.enable (id=5) EBE569AF091D19640726035687FF3359 {

}
[1643918737.849][DEBUG]: DevTools WebSocket Event: DOM.childNodeInserted EBE569AF091D19640726035687FF3359 {
   "node": {
      "backendNodeId": 2,
      "localName": "",
      "nodeId": 2,
      "nodeName": "html",
      "nodeType": 10,
      "nodeValue": "",
      "publicId": "-//W3C//DTD XHTML 1.0 Strict//EN",
      "systemId": "http://www.w3.org/TR/xhtml1/DTD/xhtml1-strict.dtd"
   },
   "parentNodeId": 1,
   "previousNodeId": 0
}
[1643918737.849][DEBUG]: DevTools WebSocket Event: DOM.childNodeInserted EBE569AF091D19640726035687FF3359 {
   "node": {
      "attributes": [  ],
      "backendNodeId": 3,
      "childNodeCount": 0,
      "frameId": "F3EC318757F0505B82DA5C0D952E8103",
      "localName": "html",
      "nodeId": 3,
      "nodeName": "HTML",
      "nodeType": 1,
      "nodeValue": ""
   },
   "parentNodeId": 1,
   "previousNodeId": 2
}
[1643918737.849][DEBUG]: DevTools WebSocket Event: DOM.childNodeCountUpdated EBE569AF091D19640726035687FF3359 {
   "childNodeCount": 1,
   "nodeId": 3
}
[1643918737.849][DEBUG]: DevTools WebSocket Event: DOM.childNodeCountUpdated EBE569AF091D19640726035687FF3359 {
   "childNodeCount": 2,
   "nodeId": 3
}
[1643918737.858][DEBUG]: DevTools WebSocket Event: Page.loadEventFired EBE569AF091D19640726035687FF3359 {
   "timestamp": 588087.272629
}
[1643918737.858][DEBUG]: DevTools WebSocket Event: Page.frameStoppedLoading EBE569AF091D19640726035687FF3359 {
   "frameId": "F3EC318757F0505B82DA5C0D952E8103"
}
[1643918737.858][DEBUG]: DevTools WebSocket Event: DOM.documentUpdated EBE569AF091D19640726035687FF3359 {

}
[1643918737.858][DEBUG]: DevTools WebSocket Command: DOM.getDocument (id=6) EBE569AF091D19640726035687FF3359 {

}
[1643918737.858][DEBUG]: DevTools WebSocket Event: Page.domContentEventFired EBE569AF091D19640726035687FF3359 {
   "timestamp": 588087.273213
}
[1643918737.859][DEBUG]: DevTools WebSocket Response: DOM.getDocument (id=6) EBE569AF091D19640726035687FF3359 {
   "root": {
      "backendNodeId": 1,
      "baseURL": "https://ls.hit.gemius.pl/lsget.html",
      "childNodeCount": 2,
      "children": [ {
         "backendNodeId": 2,
         "localName": "",
         "nodeId": 5,
         "nodeName": "html",
         "nodeType": 10,
         "nodeValue": "",
         "parentId": 4,
         "publicId": "-//W3C//DTD XHTML 1.0 Strict//EN",
         "systemId": "http://www.w3.org/TR/xhtml1/DTD/xhtml1-strict.dtd"
      }, {
         "attributes": [  ],
         "backendNodeId": 3,
         "childNodeCount": 2,
         "children": [ {
            "attributes": [  ],
            "backendNodeId": 4,
            "childNodeCount": 2,
            "localName": "head",
            "nodeId": 7,
            "nodeName": "HEAD",
            "nodeType": 1,
            "nodeValue": "",
            "parentId": 6
         }, {
            "attributes": [  ],
            "backendNodeId": 5,
            "childNodeCount": 1,
            "localName": "body",
            "nodeId": 8,
            "nodeName": "BODY",
            "nodeType": 1,
            "nodeValue": "",
            "parentId": 6
         } ],
         "frameId": "F3EC318757F0505B82DA5C0D952E8103",
         "localName": "html",
         "nodeId": 6,
         "nodeName": "HTML",
         "nodeType": 1,
         "nodeValue": "",
         "parentId": 4
      } ],
      "compatibilityMode": "NoQuirksMode",
      "documentURL": "https://ls.hit.gemius.pl/lsget.html",
      "localName": "",
      "nodeId": 4,
      "nodeName": "#document",
      "nodeType": 9,
      "nodeValue": "",
      "xmlVersion": ""
   }
}
[1643918737.864][DEBUG]: DevTools WebSocket Event: DOM.childNodeCountUpdated 229B2117970CB787AF1B17EE4AA6F1E4 {
   "childNodeCount": 2,
   "nodeId": 10
}
[1643918738.028][DEBUG]: DevTools WebSocket Response: Runtime.evaluate (id=84) F04678564F21ED2B83F8A3B03BF6A49A {
   "result": {
      "description": "1",
      "type": "number",
      "value": 1
   }
}
[1643918738.032][DEBUG]: DevTools WebSocket Event: DOM.childNodeCountUpdated F04678564F21ED2B83F8A3B03BF6A49A {
   "childNodeCount": 105,
   "nodeId": 9
}
[1643918738.033][DEBUG]: DevTools WebSocket Event: DOM.childNodeCountUpdated F04678564F21ED2B83F8A3B03BF6A49A {
   "childNodeCount": 106,
   "nodeId": 9
}
[1643918738.033][DEBUG]: DevTools WebSocket Event: DOM.childNodeCountUpdated F04678564F21ED2B83F8A3B03BF6A49A {
   "childNodeCount": 107,
   "nodeId": 9
}
[1643918738.033][DEBUG]: DevTools WebSocket Event: DOM.childNodeCountUpdated F04678564F21ED2B83F8A3B03BF6A49A {
   "childNodeCount": 108,
   "nodeId": 9
}
[1643918738.033][DEBUG]: DevTools WebSocket Event: DOM.childNodeCountUpdated F04678564F21ED2B83F8A3B03BF6A49A {
   "childNodeCount": 109,
   "nodeId": 9
}
[1643918738.035][DEBUG]: DevTools WebSocket Event: Page.documentOpened F04678564F21ED2B83F8A3B03BF6A49A {
   "frame": {
      "adFrameStatus": {
         "adFrameType": "none",
         "explanations": [  ]
      },
      "crossOriginIsolatedContextType": "NotIsolated",
      "domainAndRegistry": "rambler.ru",
      "gatedAPIFeatures": [  ],
      "id": "C577E39EA1AA1BDD868536A640456871",
      "loaderId": "1D432A55F31CAB02DADE6A19AA4D637F",
      "mimeType": "text/html",
      "name": "axhtml-61fc8-35724-164fb",
      "parentId": "F04678564F21ED2B83F8A3B03BF6A49A",
      "secureContextType": "Secure",
      "securityOrigin": "https://www.rambler.ru",
      "url": "https://www.rambler.ru/"
   }
}
[1643918738.035][DEBUG]: DevTools WebSocket Event: Page.frameStartedLoading F04678564F21ED2B83F8A3B03BF6A49A {
   "frameId": "C577E39EA1AA1BDD868536A640456871"
}
[1643918738.076][DEBUG]: DevTools WebSocket Event: Page.frameAttached F04678564F21ED2B83F8A3B03BF6A49A {
   "frameId": "28D166C2F0BBB73097F4797BF008D676",
   "parentFrameId": "F04678564F21ED2B83F8A3B03BF6A49A",
   "stack": {
      "callFrames": [ {
         "columnNumber": 317474,
         "functionName": "e._insertNonTextBlock",
         "lineNumber": 0,
         "scriptId": "60",
         "url": "https://ssp.rambler.ru/capirs_async.js"
      }, {
         "columnNumber": 315400,
         "functionName": "",
         "lineNumber": 0,
         "scriptId": "60",
         "url": "https://ssp.rambler.ru/capirs_async.js"
      }, {
         "columnNumber": 313925,
         "functionName": "",
         "lineNumber": 0,
         "scriptId": "60",
         "url": "https://ssp.rambler.ru/capirs_async.js"
      }, {
         "columnNumber": 314030,
         "functionName": "",
         "lineNumber": 0,
         "scriptId": "60",
         "url": "https://ssp.rambler.ru/capirs_async.js"
      }, {
         "columnNumber": 312767,
         "functionName": "a",
         "lineNumber": 0,
         "scriptId": "60",
         "url": "https://ssp.rambler.ru/capirs_async.js"
      } ]
   }
}
[1643918738.084][DEBUG]: DevTools WebSocket Event: Page.frameStartedLoading F04678564F21ED2B83F8A3B03BF6A49A {
   "frameId": "28D166C2F0BBB73097F4797BF008D676"
}
[1643918738.115][DEBUG]: DevTools WebSocket Event: Page.frameNavigated F04678564F21ED2B83F8A3B03BF6A49A {
   "frame": {
      "adFrameStatus": {
         "adFrameType": "none",
         "explanations": [  ]
      },
      "crossOriginIsolatedContextType": "NotIsolated",
      "domainAndRegistry": "",
      "gatedAPIFeatures": [  ],
      "id": "28D166C2F0BBB73097F4797BF008D676",
      "loaderId": "19F64F42C479206AAD12F0453FBC7BEE",
      "mimeType": "text/html",
      "name": "axhtml-61fc2-35723-5216c",
      "parentId": "F04678564F21ED2B83F8A3B03BF6A49A",
      "secureContextType": "Secure",
      "securityOrigin": "://",
      "url": "about:blank"
   },
   "type": "Navigation"
}
[1643918738.115][DEBUG]: DevTools WebSocket Event: Runtime.executionContextCreated F04678564F21ED2B83F8A3B03BF6A49A {
   "context": {
      "auxData": {
         "frameId": "28D166C2F0BBB73097F4797BF008D676",
         "isDefault": true,
         "type": "default"
      },
      "id": 5,
      "name": "",
      "origin": "https://www.rambler.ru",
      "uniqueId": "-4025590094744963925.7664934562399517917"
   }
}
[1643918738.115][DEBUG]: DevTools WebSocket Event: Page.frameStoppedLoading F04678564F21ED2B83F8A3B03BF6A49A {
   "frameId": "28D166C2F0BBB73097F4797BF008D676"
}
[1643918738.116][DEBUG]: DevTools WebSocket Response: Page.enable (id=85) F04678564F21ED2B83F8A3B03BF6A49A {

}
[1643918738.219][DEBUG]: DevTools WebSocket Event: Page.frameStoppedLoading F04678564F21ED2B83F8A3B03BF6A49A {
   "frameId": "9D347EC619C38B72199CAD9AAD4E364D"
}
[1643918738.220][DEBUG]: DevTools WebSocket Event: Page.frameDetached F04678564F21ED2B83F8A3B03BF6A49A {
   "frameId": "9D347EC619C38B72199CAD9AAD4E364D",
   "reason": "swap"
}
[1643918738.245][DEBUG]: DevTools WebSocket Event: Page.frameStoppedLoading F04678564F21ED2B83F8A3B03BF6A49A {
   "frameId": "F3EC318757F0505B82DA5C0D952E8103"
}
[1643918738.261][DEBUG]: DevTools WebSocket Event: Page.frameDetached F04678564F21ED2B83F8A3B03BF6A49A {
   "frameId": "F3EC318757F0505B82DA5C0D952E8103",
   "reason": "swap"
}
[1643918738.266][DEBUG]: DevTools WebSocket Event: Runtime.executionContextDestroyed F04678564F21ED2B83F8A3B03BF6A49A {
   "executionContextId": 4
}
[1643918738.268][DEBUG]: DevTools WebSocket Response: Page.enable (id=86) F04678564F21ED2B83F8A3B03BF6A49A {

}
[1643918738.268][DEBUG]: DevTools WebSocket Command: Runtime.enable (id=7) EBE569AF091D19640726035687FF3359 {

}
[1643918738.269][DEBUG]: DevTools WebSocket Event: Runtime.executionContextCreated EBE569AF091D19640726035687FF3359 {
   "context": {
      "auxData": {
         "frameId": "F3EC318757F0505B82DA5C0D952E8103",
         "isDefault": true,
         "type": "default"
      },
      "id": 1,
      "name": "",
      "origin": "https://ls.hit.gemius.pl",
      "uniqueId": "-3163465461635487322.408165542750029285"
   }
}
[1643918738.269][DEBUG]: DevTools WebSocket Response: Runtime.enable (id=7) EBE569AF091D19640726035687FF3359 {

}
[1643918738.269][DEBUG]: DevTools WebSocket Command: Page.enable (id=8) EBE569AF091D19640726035687FF3359 {

}
[1643918738.270][DEBUG]: DevTools WebSocket Response: Page.enable (id=8) EBE569AF091D19640726035687FF3359 {

}
[1643918738.270][DEBUG]: DevTools WebSocket Command: Runtime.enable (id=7) 229B2117970CB787AF1B17EE4AA6F1E4 {

}
[1643918738.271][DEBUG]: DevTools WebSocket Event: Runtime.executionContextCreated 229B2117970CB787AF1B17EE4AA6F1E4 {
   "context": {
      "auxData": {
         "frameId": "9D347EC619C38B72199CAD9AAD4E364D",
         "isDefault": true,
         "type": "default"
      },
      "id": 1,
      "name": "",
      "origin": "https://dsp-rambler.ru",
      "uniqueId": "5034879384982175764.-3276160652928909844"
   }
}
[1643918738.272][DEBUG]: DevTools WebSocket Response: Runtime.enable (id=7) 229B2117970CB787AF1B17EE4AA6F1E4 {

}
[1643918738.272][DEBUG]: DevTools WebSocket Command: Page.enable (id=8) 229B2117970CB787AF1B17EE4AA6F1E4 {

}
[1643918738.274][DEBUG]: DevTools WebSocket Response: Page.enable (id=8) 229B2117970CB787AF1B17EE4AA6F1E4 {

}
[1643918738.274][DEBUG]: DevTools WebSocket Command: DOM.getDocument (id=87) F04678564F21ED2B83F8A3B03BF6A49A {

}
[1643918738.300][DEBUG]: DevTools WebSocket Event: Page.documentOpened F04678564F21ED2B83F8A3B03BF6A49A {
   "frame": {
      "adFrameStatus": {
         "adFrameType": "none",
         "explanations": [  ]
      },
      "crossOriginIsolatedContextType": "NotIsolated",
      "domainAndRegistry": "rambler.ru",
      "gatedAPIFeatures": [  ],
      "id": "28D166C2F0BBB73097F4797BF008D676",
      "loaderId": "19F64F42C479206AAD12F0453FBC7BEE",
      "mimeType": "text/html",
      "name": "axhtml-61fc2-35723-5216c",
      "parentId": "F04678564F21ED2B83F8A3B03BF6A49A",
      "secureContextType": "Secure",
      "securityOrigin": "https://www.rambler.ru",
      "url": "https://www.rambler.ru/"
   }
}
[1643918738.309][DEBUG]: DevTools WebSocket Event: Page.frameStartedLoading F04678564F21ED2B83F8A3B03BF6A49A {
   "frameId": "28D166C2F0BBB73097F4797BF008D676"
}
[1643918738.352][DEBUG]: DevTools WebSocket Response: DOM.getDocument (id=87) F04678564F21ED2B83F8A3B03BF6A49A {
   "root": {
      "backendNodeId": 1,
      "baseURL": "https://www.rambler.ru/",
      "childNodeCount": 3,
      "children": [ {
         "backendNodeId": 2,
         "localName": "",
         "nodeId": 12,
         "nodeName": "html",
         "nodeType": 10,
         "nodeValue": "",
         "parentId": 11,
         "publicId": "",
         "systemId": ""
      }, {
         "backendNodeId": 3,
         "localName": "",
         "nodeId": 13,
         "nodeName": "#comment",
         "nodeType": 8,
         "nodeValue": " Hello, stranger! ¯\\_( ͡° ͜ʖ ͡°)_/¯ ",
         "parentId": 11
      }, {
         "attributes": [ "class", "no-js", "lang", "ru", "prefix", "og: http://ogp.me/ns#" ],
         "backendNodeId": 4,
         "childNodeCount": 2,
         "children": [ {
            "attributes": [  ],
            "backendNodeId": 10,
            "childNodeCount": 109,
            "localName": "head",
            "nodeId": 15,
            "nodeName": "HEAD",
            "nodeType": 1,
            "nodeValue": "",
            "parentId": 14
         }, {
            "attributes": [  ],
            "backendNodeId": 11,
            "childNodeCount": 26,
            "localName": "body",
            "nodeId": 16,
            "nodeName": "BODY",
            "nodeType": 1,
            "nodeValue": "",
            "parentId": 14
         } ],
         "frameId": "F04678564F21ED2B83F8A3B03BF6A49A",
         "localName": "html",
         "nodeId": 14,
         "nodeName": "HTML",
         "nodeType": 1,
         "nodeValue": "",
         "parentId": 11
      } ],
      "compatibilityMode": "NoQuirksMode",
      "documentURL": "https://www.rambler.ru/",
      "localName": "",
      "nodeId": 11,
      "nodeName": "#document",
      "nodeType": 9,
      "nodeValue": "",
      "xmlVersion": ""
   }
}
[1643918738.352][DEBUG]: DevTools WebSocket Command: Runtime.evaluate (id=88) F04678564F21ED2B83F8A3B03BF6A49A {
   "awaitPromise": false,
   "expression": "document.readyState",
   "returnByValue": true
}
[1643918738.354][DEBUG]: DevTools WebSocket Event: Page.frameStoppedLoading F04678564F21ED2B83F8A3B03BF6A49A {
   "frameId": "28D166C2F0BBB73097F4797BF008D676"
}
[1643918738.802][DEBUG]: DevTools WebSocket Event: Page.loadEventFired 229B2117970CB787AF1B17EE4AA6F1E4 {
   "timestamp": 588088.216479
}
[1643918738.802][DEBUG]: DevTools WebSocket Event: Page.frameStoppedLoading 229B2117970CB787AF1B17EE4AA6F1E4 {
   "frameId": "9D347EC619C38B72199CAD9AAD4E364D"
}
[1643918738.897][DEBUG]: DevTools WebSocket Event: DOM.childNodeCountUpdated F04678564F21ED2B83F8A3B03BF6A49A {
   "childNodeCount": 25,
   "nodeId": 16
}
[1643918738.897][DEBUG]: DevTools WebSocket Event: DOM.childNodeCountUpdated F04678564F21ED2B83F8A3B03BF6A49A {
   "childNodeCount": 26,
   "nodeId": 16
}
[1643918738.897][DEBUG]: DevTools WebSocket Event: DOM.childNodeCountUpdated F04678564F21ED2B83F8A3B03BF6A49A {
   "childNodeCount": 25,
   "nodeId": 16
}
[1643918738.897][DEBUG]: DevTools WebSocket Event: DOM.childNodeCountUpdated F04678564F21ED2B83F8A3B03BF6A49A {
   "childNodeCount": 26,
   "nodeId": 16
}
[1643918738.898][DEBUG]: DevTools WebSocket Event: DOM.childNodeCountUpdated F04678564F21ED2B83F8A3B03BF6A49A {
   "childNodeCount": 108,
   "nodeId": 15
}
[1643918738.899][DEBUG]: DevTools WebSocket Event: DOM.childNodeCountUpdated F04678564F21ED2B83F8A3B03BF6A49A {
   "childNodeCount": 27,
   "nodeId": 16
}
[1643918738.899][DEBUG]: DevTools WebSocket Event: DOM.childNodeCountUpdated F04678564F21ED2B83F8A3B03BF6A49A {
   "childNodeCount": 109,
   "nodeId": 15
}
[1643918738.899][DEBUG]: DevTools WebSocket Event: DOM.childNodeCountUpdated F04678564F21ED2B83F8A3B03BF6A49A {
   "childNodeCount": 110,
   "nodeId": 15
}
[1643918738.899][DEBUG]: DevTools WebSocket Event: DOM.childNodeCountUpdated F04678564F21ED2B83F8A3B03BF6A49A {
   "childNodeCount": 28,
   "nodeId": 16
}
[1643918738.899][DEBUG]: DevTools WebSocket Event: DOM.childNodeCountUpdated F04678564F21ED2B83F8A3B03BF6A49A {
   "childNodeCount": 29,
   "nodeId": 16
}
[1643918738.899][DEBUG]: DevTools WebSocket Event: DOM.childNodeCountUpdated F04678564F21ED2B83F8A3B03BF6A49A {
   "childNodeCount": 30,
   "nodeId": 16
}
[1643918738.899][DEBUG]: DevTools WebSocket Event: DOM.childNodeCountUpdated F04678564F21ED2B83F8A3B03BF6A49A {
   "childNodeCount": 111,
   "nodeId": 15
}
[1643918738.899][DEBUG]: DevTools WebSocket Event: DOM.childNodeCountUpdated F04678564F21ED2B83F8A3B03BF6A49A {
   "childNodeCount": 112,
   "nodeId": 15
}
[1643918738.899][DEBUG]: DevTools WebSocket Event: DOM.childNodeCountUpdated F04678564F21ED2B83F8A3B03BF6A49A {
   "childNodeCount": 31,
   "nodeId": 16
}
[1643918738.916][DEBUG]: DevTools WebSocket Response: Runtime.evaluate (id=88) F04678564F21ED2B83F8A3B03BF6A49A {
   "result": {
      "type": "string",
      "value": "interactive"
   }
}
[1643918739.260][DEBUG]: DevTools WebSocket Event: DOM.childNodeCountUpdated F04678564F21ED2B83F8A3B03BF6A49A {
   "childNodeCount": 30,
   "nodeId": 16
}
[1643918739.260][DEBUG]: DevTools WebSocket Command: Runtime.evaluate (id=89) F04678564F21ED2B83F8A3B03BF6A49A {
   "expression": "1"
}
[1643918739.262][DEBUG]: DevTools WebSocket Event: DOM.childNodeCountUpdated F04678564F21ED2B83F8A3B03BF6A49A {
   "childNodeCount": 29,
   "nodeId": 16
}
[1643918739.264][DEBUG]: DevTools WebSocket Event: DOM.childNodeCountUpdated F04678564F21ED2B83F8A3B03BF6A49A {
   "childNodeCount": 28,
   "nodeId": 16
}
[1643918739.348][DEBUG]: DevTools WebSocket Event: DOM.childNodeCountUpdated F04678564F21ED2B83F8A3B03BF6A49A {
   "childNodeCount": 113,
   "nodeId": 15
}
[1643918739.389][DEBUG]: DevTools WebSocket Event: DOM.childNodeCountUpdated F04678564F21ED2B83F8A3B03BF6A49A {
   "childNodeCount": 112,
   "nodeId": 15
}
[1643918739.524][DEBUG]: DevTools WebSocket Event: DOM.childNodeCountUpdated F04678564F21ED2B83F8A3B03BF6A49A {
   "childNodeCount": 29,
   "nodeId": 16
}
[1643918739.525][DEBUG]: DevTools WebSocket Event: Page.frameAttached F04678564F21ED2B83F8A3B03BF6A49A {
   "frameId": "BEB5683F69DFF77157BAFF9EEB397586",
   "parentFrameId": "F04678564F21ED2B83F8A3B03BF6A49A",
   "stack": {
      "callFrames": [ {
         "columnNumber": 283753,
         "functionName": "e.parseLinks",
         "lineNumber": 0,
         "scriptId": "60",
         "url": "https://ssp.rambler.ru/capirs_async.js"
      }, {
         "columnNumber": 318292,
         "functionName": "",
         "lineNumber": 0,
         "scriptId": "60",
         "url": "https://ssp.rambler.ru/capirs_async.js"
      } ]
   }
}
[1643918739.527][DEBUG]: DevTools WebSocket Event: Page.frameStartedLoading F04678564F21ED2B83F8A3B03BF6A49A {
   "frameId": "BEB5683F69DFF77157BAFF9EEB397586"
}
[1643918739.530][DEBUG]: DevTools WebSocket Response: Runtime.evaluate (id=89) F04678564F21ED2B83F8A3B03BF6A49A {
   "result": {
      "description": "1",
      "type": "number",
      "value": 1
   }
}
[1643918739.563][DEBUG]: DevTools WebSocket Event: DOM.childNodeCountUpdated F04678564F21ED2B83F8A3B03BF6A49A {
   "childNodeCount": 111,
   "nodeId": 15
}
[1643918739.563][DEBUG]: DevTools WebSocket Command: Runtime.evaluate (id=90) F04678564F21ED2B83F8A3B03BF6A49A {
   "expression": "1"
}
[1643918739.596][DEBUG]: DevTools WebSocket Event: DOM.childNodeCountUpdated F04678564F21ED2B83F8A3B03BF6A49A {
   "childNodeCount": 112,
   "nodeId": 15
}
[1643918739.597][DEBUG]: DevTools WebSocket Event: DOM.childNodeCountUpdated F04678564F21ED2B83F8A3B03BF6A49A {
   "childNodeCount": 113,
   "nodeId": 15
}
[1643918739.597][DEBUG]: DevTools WebSocket Event: DOM.childNodeCountUpdated F04678564F21ED2B83F8A3B03BF6A49A {
   "childNodeCount": 114,
   "nodeId": 15
}
[1643918739.597][DEBUG]: DevTools WebSocket Event: DOM.childNodeCountUpdated F04678564F21ED2B83F8A3B03BF6A49A {
   "childNodeCount": 115,
   "nodeId": 15
}
[1643918739.598][DEBUG]: DevTools WebSocket Event: DOM.childNodeCountUpdated F04678564F21ED2B83F8A3B03BF6A49A {
   "childNodeCount": 116,
   "nodeId": 15
}
[1643918739.616][DEBUG]: DevTools WebSocket Event: DOM.childNodeCountUpdated F04678564F21ED2B83F8A3B03BF6A49A {
   "childNodeCount": 117,
   "nodeId": 15
}
[1643918739.616][DEBUG]: DevTools WebSocket Event: DOM.childNodeCountUpdated F04678564F21ED2B83F8A3B03BF6A49A {
   "childNodeCount": 118,
   "nodeId": 15
}
[1643918739.616][DEBUG]: DevTools WebSocket Event: DOM.childNodeCountUpdated F04678564F21ED2B83F8A3B03BF6A49A {
   "childNodeCount": 119,
   "nodeId": 15
}
[1643918739.616][DEBUG]: DevTools WebSocket Event: DOM.childNodeCountUpdated F04678564F21ED2B83F8A3B03BF6A49A {
   "childNodeCount": 120,
   "nodeId": 15
}
[1643918739.649][DEBUG]: DevTools WebSocket Response: Runtime.evaluate (id=90) F04678564F21ED2B83F8A3B03BF6A49A {
   "result": {
      "description": "1",
      "type": "number",
      "value": 1
   }
}
[1643918740.045][DEBUG]: DevTools WebSocket Event: Page.frameNavigated F04678564F21ED2B83F8A3B03BF6A49A {
   "frame": {
      "adFrameStatus": {
         "adFrameType": "none",
         "explanations": [  ]
      },
      "crossOriginIsolatedContextType": "NotIsolatedFeatureDisabled",
      "domainAndRegistry": "rambler.ru",
      "gatedAPIFeatures": [  ],
      "id": "BEB5683F69DFF77157BAFF9EEB397586",
      "loaderId": "45C114305C8868D2F41B5A008B9ACF54",
      "mimeType": "text/html",
      "name": "",
      "parentId": "F04678564F21ED2B83F8A3B03BF6A49A",
      "secureContextType": "Secure",
      "securityOrigin": "https://profile.ssp.rambler.ru",
      "url": "https://profile.ssp.rambler.ru/sandbox?img=RloY5tJyTI-lt5W99ju8ymmWemqahTZznLtHr14njstfqMNu0lFeduRQimSTkyKfvki9KjeVJyj09wlfnz7fryqPoVf2OCbAjitBF859PA*3JiDAbx8m0v2-dhXW6fqDWA8XsesKUkMq***ygxoWbgIAAA..."
   },
   "type": "Navigation"
}
[1643918740.045][DEBUG]: DevTools WebSocket Event: Runtime.executionContextCreated F04678564F21ED2B83F8A3B03BF6A49A {
   "context": {
      "auxData": {
         "frameId": "BEB5683F69DFF77157BAFF9EEB397586",
         "isDefault": true,
         "type": "default"
      },
      "id": 6,
      "name": "",
      "origin": "https://profile.ssp.rambler.ru",
      "uniqueId": "4269961534538916066.-1927319779814487565"
   }
}
[1643918740.045][DEBUG]: DevTools WebSocket Command: Runtime.evaluate (id=91) F04678564F21ED2B83F8A3B03BF6A49A {
   "expression": "1"
}
[1643918740.793][DEBUG]: DevTools WebSocket Response: Runtime.evaluate (id=91) F04678564F21ED2B83F8A3B03BF6A49A {
   "result": {
      "description": "1",
      "type": "number",
      "value": 1
   }
}
[1643918740.794][DEBUG]: DevTools WebSocket Event: DOM.childNodeCountUpdated F04678564F21ED2B83F8A3B03BF6A49A {
   "childNodeCount": 28,
   "nodeId": 16
}
[1643918740.794][DEBUG]: DevTools WebSocket Command: Runtime.evaluate (id=92) F04678564F21ED2B83F8A3B03BF6A49A {
   "expression": "1"
}
[1643918741.011][DEBUG]: DevTools WebSocket Event: Runtime.consoleAPICalled F04678564F21ED2B83F8A3B03BF6A49A {
   "args": [ {
      "type": "string",
      "value": "The googletag.pubads().definePassback function has been deprecated. The function may break in certain contexts, see https://developers.google.com/publisher-tag/guides/passback-tags#construct_passba..."
   } ],
   "executionContextId": 3,
   "stackTrace": {
      "callFrames": [ {
         "columnNumber": 27796,
         "functionName": "ls",
         "lineNumber": 9,
         "scriptId": "166",
         "url": "https://securepubads.g.doubleclick.net/gpt/pubads_impl_2022013101.js?31064679"
      }, {
         "columnNumber": 164509,
         "functionName": "",
         "lineNumber": 9,
         "scriptId": "166",
         "url": "https://securepubads.g.doubleclick.net/gpt/pubads_impl_2022013101.js?31064679"
      }, {
         "columnNumber": 752,
         "functionName": "",
         "lineNumber": 9,
         "scriptId": "166",
         "url": "https://securepubads.g.doubleclick.net/gpt/pubads_impl_2022013101.js?31064679"
      }, {
         "columnNumber": 165103,
         "functionName": "wj.add",
         "lineNumber": 9,
         "scriptId": "166",
         "url": "https://securepubads.g.doubleclick.net/gpt/pubads_impl_2022013101.js?31064679"
      }, {
         "columnNumber": 165827,
         "functionName": "um",
         "lineNumber": 9,
         "scriptId": "166",
         "url": "https://securepubads.g.doubleclick.net/gpt/pubads_impl_2022013101.js?31064679"
      }, {
         "columnNumber": 61100,
         "functionName": "wm",
         "lineNumber": 5,
         "scriptId": "166",
         "url": "https://securepubads.g.doubleclick.net/gpt/pubads_impl_2022013101.js?31064679"
      }, {
         "columnNumber": 79977,
         "functionName": "",
         "lineNumber": 17,
         "scriptId": "166",
         "url": "https://securepubads.g.doubleclick.net/gpt/pubads_impl_2022013101.js?31064679"
      }, {
         "columnNumber": 24110,
         "functionName": "",
         "lineNumber": 5,
         "scriptId": "166",
         "url": "https://securepubads.g.doubleclick.net/gpt/pubads_impl_2022013101.js?31064679"
      }, {
         "columnNumber": 21,
         "functionName": "",
         "lineNumber": 1,
         "scriptId": "168",
         "url": ""
      }, {
         "columnNumber": 63209,
         "functionName": "Pm",
         "lineNumber": 5,
         "scriptId": "166",
         "url": "https://securepubads.g.doubleclick.net/gpt/pubads_impl_2022013101.js?31064679"
      }, {
         "columnNumber": 94472,
         "functionName": "",
         "lineNumber": 17,
         "scriptId": "166",
         "url": "https://securepubads.g.doubleclick.net/gpt/pubads_impl_2022013101.js?31064679"
      }, {
         "columnNumber": 95250,
         "functionName": "",
         "lineNumber": 17,
         "scriptId": "166",
         "url": "https://securepubads.g.doubleclick.net/gpt/pubads_impl_2022013101.js?31064679"
      }, {
         "columnNumber": 95406,
         "functionName": "",
         "lineNumber": 17,
         "scriptId": "166",
         "url": "https://securepubads.g.doubleclick.net/gpt/pubads_impl_2022013101.js?31064679"
      } ]
   },
   "timestamp": 1.6439187408416008e+12,
   "type": "warning"
}
[1643918741.150][DEBUG]: DevTools WebSocket Event: Page.frameAttached F04678564F21ED2B83F8A3B03BF6A49A {
   "frameId": "85CE9EA872F7FA77E95413B40C0FFDF3",
   "parentFrameId": "C577E39EA1AA1BDD868536A640456871",
   "stack": {
      "callFrames": [ {
         "columnNumber": 56355,
         "functionName": "LI.j",
         "lineNumber": 17,
         "scriptId": "166",
         "url": "https://securepubads.g.doubleclick.net/gpt/pubads_impl_2022013101.js?31064679"
      }, {
         "columnNumber": 58008,
         "functionName": "",
         "lineNumber": 9,
         "scriptId": "166",
         "url": "https://securepubads.g.doubleclick.net/gpt/pubads_impl_2022013101.js?31064679"
      }, {
         "columnNumber": 68446,
         "functionName": "An",
         "lineNumber": 5,
         "scriptId": "166",
         "url": "https://securepubads.g.doubleclick.net/gpt/pubads_impl_2022013101.js?31064679"
      }, {
         "columnNumber": 68738,
         "functionName": "Cn.next",
         "lineNumber": 5,
         "scriptId": "166",
         "url": "https://securepubads.g.doubleclick.net/gpt/pubads_impl_2022013101.js?31064679"
      }, {
         "columnNumber": 68987,
         "functionName": "b",
         "lineNumber": 5,
         "scriptId": "166",
         "url": "https://securepubads.g.doubleclick.net/gpt/pubads_impl_2022013101.js?31064679"
      } ]
   }
}
[1643918741.166][DEBUG]: DevTools WebSocket Event: Page.frameStartedLoading F04678564F21ED2B83F8A3B03BF6A49A {
   "frameId": "85CE9EA872F7FA77E95413B40C0FFDF3"
}
[1643918741.581][DEBUG]: DevTools WebSocket Event: Page.frameDetached F04678564F21ED2B83F8A3B03BF6A49A {
   "frameId": "28D166C2F0BBB73097F4797BF008D676",
   "reason": "remove"
}
[1643918741.582][DEBUG]: DevTools WebSocket Response: Runtime.evaluate (id=92) F04678564F21ED2B83F8A3B03BF6A49A {
   "result": {
      "description": "1",
      "type": "number",
      "value": 1
   }
}
[1643918741.587][DEBUG]: DevTools WebSocket Event: DOM.childNodeCountUpdated F04678564F21ED2B83F8A3B03BF6A49A {
   "childNodeCount": 27,
   "nodeId": 16
}
[1643918741.587][DEBUG]: DevTools WebSocket Command: Runtime.evaluate (id=93) F04678564F21ED2B83F8A3B03BF6A49A {
   "expression": "1"
}
[1643918742.108][DEBUG]: DevTools WebSocket Event: DOM.childNodeCountUpdated F04678564F21ED2B83F8A3B03BF6A49A {
   "childNodeCount": 119,
   "nodeId": 15
}
[1643918742.108][DEBUG]: DevTools WebSocket Event: DOM.childNodeCountUpdated F04678564F21ED2B83F8A3B03BF6A49A {
   "childNodeCount": 118,
   "nodeId": 15
}
[1643918742.108][DEBUG]: DevTools WebSocket Event: DOM.childNodeCountUpdated F04678564F21ED2B83F8A3B03BF6A49A {
   "childNodeCount": 117,
   "nodeId": 15
}
[1643918742.108][DEBUG]: DevTools WebSocket Event: DOM.childNodeCountUpdated F04678564F21ED2B83F8A3B03BF6A49A {
   "childNodeCount": 116,
   "nodeId": 15
}
[1643918742.134][DEBUG]: DevTools WebSocket Event: Target.attachedToTarget F04678564F21ED2B83F8A3B03BF6A49A {
   "sessionId": "EEF25385183960927E7A13B1F92347B2",
   "targetInfo": {
      "attached": true,
      "browserContextId": "141973644B59A6D5EFC1D374D1ECC676",
      "canAccessOpener": false,
      "targetId": "85CE9EA872F7FA77E95413B40C0FFDF3",
      "title": "",
      "type": "iframe",
      "url": ""
   },
   "waitingForDebugger": false
}
[1643918742.134][DEBUG]: DevTools WebSocket Command: Page.addScriptToEvaluateOnNewDocument (id=1) EEF25385183960927E7A13B1F92347B2 {
   "source": "(function () {window.cdc_adoQpoasnfa76pfcZLmcfl_Array = window.Array;window.cdc_adoQpoasnfa76pfcZLmcfl_Promise = window.Promise;window.cdc_adoQpoasnfa76pfcZLmcfl_Symbol = window.Symbol;}) ();"
}
[1643918742.134][DEBUG]: DevTools WebSocket Command: Runtime.evaluate (id=2) EEF25385183960927E7A13B1F92347B2 {
   "expression": "(function () {window.cdc_adoQpoasnfa76pfcZLmcfl_Array = window.Array;window.cdc_adoQpoasnfa76pfcZLmcfl_Promise = window.Promise;window.cdc_adoQpoasnfa76pfcZLmcfl_Symbol = window.Symbol;}) ();"
}
[1643918742.134][DEBUG]: DevTools WebSocket Command: DOM.getDocument (id=3) EEF25385183960927E7A13B1F92347B2 {

}
[1643918742.135][DEBUG]: DevTools WebSocket Command: Target.setAutoAttach (id=4) EEF25385183960927E7A13B1F92347B2 {
   "autoAttach": true,
   "flatten": true,
   "waitForDebuggerOnStart": false
}
[1643918742.135][DEBUG]: DevTools WebSocket Command: Page.enable (id=5) EEF25385183960927E7A13B1F92347B2 {

}
[1643918742.135][DEBUG]: DevTools WebSocket Command: Page.enable (id=94) F04678564F21ED2B83F8A3B03BF6A49A {

}
[1643918742.147][DEBUG]: DevTools WebSocket Response: Page.addScriptToEvaluateOnNewDocument (id=1) EEF25385183960927E7A13B1F92347B2 {
   "identifier": "1"
}
[1643918742.147][DEBUG]: DevTools WebSocket Response: Runtime.evaluate (id=2) EEF25385183960927E7A13B1F92347B2 {
   "result": {
      "type": "undefined"
   }
}
[1643918742.147][DEBUG]: DevTools WebSocket Response: DOM.getDocument (id=3) EEF25385183960927E7A13B1F92347B2 {
   "root": {
      "backendNodeId": 1,
      "baseURL": "https://9c0c3a1d491a6614fbf2cb0b60d9a193.safeframe.googlesyndication.com/safeframe/1-0-38/html/container.html?n=1",
      "childNodeCount": 0,
      "children": [  ],
      "compatibilityMode": "NoQuirksMode",
      "documentURL": "https://9c0c3a1d491a6614fbf2cb0b60d9a193.safeframe.googlesyndication.com/safeframe/1-0-38/html/container.html?n=1",
      "localName": "",
      "nodeId": 1,
      "nodeName": "#document",
      "nodeType": 9,
      "nodeValue": "",
      "xmlVersion": ""
   }
}
[1643918742.147][DEBUG]: DevTools WebSocket Response: Target.setAutoAttach (id=4) EEF25385183960927E7A13B1F92347B2 {

}
[1643918742.147][DEBUG]: DevTools WebSocket Response: Page.enable (id=5) EEF25385183960927E7A13B1F92347B2 {

}
[1643918742.153][DEBUG]: DevTools WebSocket Event: DOM.childNodeInserted EEF25385183960927E7A13B1F92347B2 {
   "node": {
      "backendNodeId": 2,
      "localName": "",
      "nodeId": 2,
      "nodeName": "html",
      "nodeType": 10,
      "nodeValue": "",
      "publicId": "",
      "systemId": ""
   },
   "parentNodeId": 1,
   "previousNodeId": 0
}
[1643918742.153][DEBUG]: DevTools WebSocket Event: DOM.childNodeInserted EEF25385183960927E7A13B1F92347B2 {
   "node": {
      "attributes": [  ],
      "backendNodeId": 3,
      "childNodeCount": 0,
      "frameId": "85CE9EA872F7FA77E95413B40C0FFDF3",
      "localName": "html",
      "nodeId": 3,
      "nodeName": "HTML",
      "nodeType": 1,
      "nodeValue": ""
   },
   "parentNodeId": 1,
   "previousNodeId": 2
}
[1643918742.153][DEBUG]: DevTools WebSocket Event: DOM.childNodeCountUpdated EEF25385183960927E7A13B1F92347B2 {
   "childNodeCount": 1,
   "nodeId": 3
}
[1643918742.153][DEBUG]: DevTools WebSocket Event: DOM.childNodeCountUpdated EEF25385183960927E7A13B1F92347B2 {
   "childNodeCount": 2,
   "nodeId": 3
}
[1643918742.160][DEBUG]: DevTools WebSocket Event: Page.loadEventFired EEF25385183960927E7A13B1F92347B2 {
   "timestamp": 588091.572968
}
[1643918742.160][DEBUG]: DevTools WebSocket Event: Page.frameStoppedLoading EEF25385183960927E7A13B1F92347B2 {
   "frameId": "85CE9EA872F7FA77E95413B40C0FFDF3"
}
[1643918742.160][DEBUG]: DevTools WebSocket Event: DOM.documentUpdated EEF25385183960927E7A13B1F92347B2 {

}
[1643918742.160][DEBUG]: DevTools WebSocket Command: DOM.getDocument (id=6) EEF25385183960927E7A13B1F92347B2 {

}
[1643918742.160][DEBUG]: DevTools WebSocket Event: Page.domContentEventFired EEF25385183960927E7A13B1F92347B2 {
   "timestamp": 588091.574522
}
[1643918742.162][DEBUG]: DevTools WebSocket Response: DOM.getDocument (id=6) EEF25385183960927E7A13B1F92347B2 {
   "root": {
      "backendNodeId": 1,
      "baseURL": "https://9c0c3a1d491a6614fbf2cb0b60d9a193.safeframe.googlesyndication.com/safeframe/1-0-38/html/container.html?n=1",
      "childNodeCount": 2,
      "children": [ {
         "backendNodeId": 2,
         "localName": "",
         "nodeId": 5,
         "nodeName": "html",
         "nodeType": 10,
         "nodeValue": "",
         "parentId": 4,
         "publicId": "",
         "systemId": ""
      }, {
         "attributes": [  ],
         "backendNodeId": 3,
         "childNodeCount": 2,
         "children": [ {
            "attributes": [  ],
            "backendNodeId": 4,
            "childNodeCount": 3,
            "localName": "head",
            "nodeId": 7,
            "nodeName": "HEAD",
            "nodeType": 1,
            "nodeValue": "",
            "parentId": 6
         }, {
            "attributes": [  ],
            "backendNodeId": 5,
            "childNodeCount": 0,
            "children": [ {
               "backendNodeId": 6,
               "localName": "",
               "nodeId": 9,
               "nodeName": "#text",
               "nodeType": 3,
               "nodeValue": "\n  \n\n",
               "parentId": 8
            } ],
            "localName": "body",
            "nodeId": 8,
            "nodeName": "BODY",
            "nodeType": 1,
            "nodeValue": "",
            "parentId": 6
         } ],
         "frameId": "85CE9EA872F7FA77E95413B40C0FFDF3",
         "localName": "html",
         "nodeId": 6,
         "nodeName": "HTML",
         "nodeType": 1,
         "nodeValue": "",
         "parentId": 4
      } ],
      "compatibilityMode": "NoQuirksMode",
      "documentURL": "https://9c0c3a1d491a6614fbf2cb0b60d9a193.safeframe.googlesyndication.com/safeframe/1-0-38/html/container.html?n=1",
      "localName": "",
      "nodeId": 4,
      "nodeName": "#document",
      "nodeType": 9,
      "nodeValue": "",
      "xmlVersion": ""
   }
}
[1643918742.416][DEBUG]: DevTools WebSocket Response: Runtime.evaluate (id=93) F04678564F21ED2B83F8A3B03BF6A49A {
   "result": {
      "description": "1",
      "type": "number",
      "value": 1
   }
}
[1643918742.890][DEBUG]: DevTools WebSocket Event: DOM.childNodeCountUpdated F04678564F21ED2B83F8A3B03BF6A49A {
   "childNodeCount": 117,
   "nodeId": 15
}
[1643918742.890][DEBUG]: DevTools WebSocket Event: DOM.childNodeCountUpdated F04678564F21ED2B83F8A3B03BF6A49A {
   "childNodeCount": 118,
   "nodeId": 15
}
[1643918742.890][DEBUG]: DevTools WebSocket Event: DOM.childNodeCountUpdated F04678564F21ED2B83F8A3B03BF6A49A {
   "childNodeCount": 119,
   "nodeId": 15
}
[1643918742.890][DEBUG]: DevTools WebSocket Event: DOM.childNodeCountUpdated F04678564F21ED2B83F8A3B03BF6A49A {
   "childNodeCount": 120,
   "nodeId": 15
}
[1643918742.890][DEBUG]: DevTools WebSocket Event: DOM.childNodeCountUpdated F04678564F21ED2B83F8A3B03BF6A49A {
   "childNodeCount": 28,
   "nodeId": 16
}
[1643918742.891][DEBUG]: DevTools WebSocket Event: Page.frameAttached F04678564F21ED2B83F8A3B03BF6A49A {
   "frameId": "FA4EFB36F17AB2A915AFF96FAA35A668",
   "parentFrameId": "F04678564F21ED2B83F8A3B03BF6A49A",
   "stack": {
      "callFrames": [ {
         "columnNumber": 56355,
         "functionName": "LI.j",
         "lineNumber": 17,
         "scriptId": "167",
         "url": "https://securepubads.g.doubleclick.net/gpt/pubads_impl_2022013101.js?31064679"
      }, {
         "columnNumber": 58008,
         "functionName": "",
         "lineNumber": 9,
         "scriptId": "167",
         "url": "https://securepubads.g.doubleclick.net/gpt/pubads_impl_2022013101.js?31064679"
      }, {
         "columnNumber": 68446,
         "functionName": "An",
         "lineNumber": 5,
         "scriptId": "167",
         "url": "https://securepubads.g.doubleclick.net/gpt/pubads_impl_2022013101.js?31064679"
      }, {
         "columnNumber": 68738,
         "functionName": "Cn.next",
         "lineNumber": 5,
         "scriptId": "167",
         "url": "https://securepubads.g.doubleclick.net/gpt/pubads_impl_2022013101.js?31064679"
      }, {
         "columnNumber": 68987,
         "functionName": "b",
         "lineNumber": 5,
         "scriptId": "167",
         "url": "https://securepubads.g.doubleclick.net/gpt/pubads_impl_2022013101.js?31064679"
      } ]
   }
}
[1643918742.893][DEBUG]: DevTools WebSocket Event: Page.frameStartedLoading F04678564F21ED2B83F8A3B03BF6A49A {
   "frameId": "FA4EFB36F17AB2A915AFF96FAA35A668"
}
[1643918742.918][DEBUG]: DevTools WebSocket Response: Page.enable (id=94) F04678564F21ED2B83F8A3B03BF6A49A {

}
[1643918742.918][DEBUG]: DevTools WebSocket Command: Runtime.enable (id=7) EEF25385183960927E7A13B1F92347B2 {

}
[1643918742.919][DEBUG]: DevTools WebSocket Event: Runtime.executionContextCreated EEF25385183960927E7A13B1F92347B2 {
   "context": {
      "auxData": {
         "frameId": "85CE9EA872F7FA77E95413B40C0FFDF3",
         "isDefault": true,
         "type": "default"
      },
      "id": 1,
      "name": "",
      "origin": "https://9c0c3a1d491a6614fbf2cb0b60d9a193.safeframe.googlesyndication.com",
      "uniqueId": "-4278101250076135120.36301117548443325"
   }
}
[1643918742.919][DEBUG]: DevTools WebSocket Response: Runtime.enable (id=7) EEF25385183960927E7A13B1F92347B2 {

}
[1643918742.919][DEBUG]: DevTools WebSocket Command: Page.enable (id=8) EEF25385183960927E7A13B1F92347B2 {

}
[1643918742.920][DEBUG]: DevTools WebSocket Response: Page.enable (id=8) EEF25385183960927E7A13B1F92347B2 {

}
[1643918742.920][DEBUG]: DevTools WebSocket Command: DOM.getDocument (id=95) F04678564F21ED2B83F8A3B03BF6A49A {

}
[1643918742.922][DEBUG]: DevTools WebSocket Event: Page.frameStoppedLoading F04678564F21ED2B83F8A3B03BF6A49A {
   "frameId": "85CE9EA872F7FA77E95413B40C0FFDF3"
}
[1643918742.925][DEBUG]: DevTools WebSocket Event: Page.frameDetached F04678564F21ED2B83F8A3B03BF6A49A {
   "frameId": "85CE9EA872F7FA77E95413B40C0FFDF3",
   "reason": "swap"
}
[1643918743.066][DEBUG]: DevTools WebSocket Event: Target.attachedToTarget F04678564F21ED2B83F8A3B03BF6A49A {
   "sessionId": "A22DD0BD704CA69841D79D633558F5F4",
   "targetInfo": {
      "attached": true,
      "browserContextId": "141973644B59A6D5EFC1D374D1ECC676",
      "canAccessOpener": false,
      "targetId": "FA4EFB36F17AB2A915AFF96FAA35A668",
      "title": "",
      "type": "iframe",
      "url": ""
   },
   "waitingForDebugger": false
}
[1643918743.066][DEBUG]: DevTools WebSocket Command: Page.addScriptToEvaluateOnNewDocument (id=1) A22DD0BD704CA69841D79D633558F5F4 {
   "source": "(function () {window.cdc_adoQpoasnfa76pfcZLmcfl_Array = window.Array;window.cdc_adoQpoasnfa76pfcZLmcfl_Promise = window.Promise;window.cdc_adoQpoasnfa76pfcZLmcfl_Symbol = window.Symbol;}) ();"
}
[1643918743.067][DEBUG]: DevTools WebSocket Command: Runtime.evaluate (id=2) A22DD0BD704CA69841D79D633558F5F4 {
   "expression": "(function () {window.cdc_adoQpoasnfa76pfcZLmcfl_Array = window.Array;window.cdc_adoQpoasnfa76pfcZLmcfl_Promise = window.Promise;window.cdc_adoQpoasnfa76pfcZLmcfl_Symbol = window.Symbol;}) ();"
}
[1643918743.067][DEBUG]: DevTools WebSocket Command: DOM.getDocument (id=3) A22DD0BD704CA69841D79D633558F5F4 {

}
[1643918743.067][DEBUG]: DevTools WebSocket Command: Target.setAutoAttach (id=4) A22DD0BD704CA69841D79D633558F5F4 {
   "autoAttach": true,
   "flatten": true,
   "waitForDebuggerOnStart": false
}
[1643918743.067][DEBUG]: DevTools WebSocket Command: Page.enable (id=5) A22DD0BD704CA69841D79D633558F5F4 {

}
[1643918743.068][DEBUG]: DevTools WebSocket Command: Page.enable (id=96) F04678564F21ED2B83F8A3B03BF6A49A {

}
[1643918743.079][DEBUG]: DevTools WebSocket Response: Page.addScriptToEvaluateOnNewDocument (id=1) A22DD0BD704CA69841D79D633558F5F4 {
   "identifier": "1"
}
[1643918743.079][DEBUG]: DevTools WebSocket Response: Runtime.evaluate (id=2) A22DD0BD704CA69841D79D633558F5F4 {
   "result": {
      "type": "undefined"
   }
}
[1643918743.079][DEBUG]: DevTools WebSocket Response: DOM.getDocument (id=3) A22DD0BD704CA69841D79D633558F5F4 {
   "root": {
      "backendNodeId": 7,
      "baseURL": "https://eaea91cae776059ca52e3775bce47ff6.safeframe.googlesyndication.com/safeframe/1-0-38/html/container.html",
      "childNodeCount": 0,
      "children": [  ],
      "compatibilityMode": "NoQuirksMode",
      "documentURL": "https://eaea91cae776059ca52e3775bce47ff6.safeframe.googlesyndication.com/safeframe/1-0-38/html/container.html",
      "localName": "",
      "nodeId": 1,
      "nodeName": "#document",
      "nodeType": 9,
      "nodeValue": "",
      "xmlVersion": ""
   }
}
[1643918743.079][DEBUG]: DevTools WebSocket Response: Target.setAutoAttach (id=4) A22DD0BD704CA69841D79D633558F5F4 {

}
[1643918743.079][DEBUG]: DevTools WebSocket Response: Page.enable (id=5) A22DD0BD704CA69841D79D633558F5F4 {

}
[1643918743.087][DEBUG]: DevTools WebSocket Event: DOM.childNodeInserted A22DD0BD704CA69841D79D633558F5F4 {
   "node": {
      "backendNodeId": 8,
      "localName": "",
      "nodeId": 2,
      "nodeName": "html",
      "nodeType": 10,
      "nodeValue": "",
      "publicId": "",
      "systemId": ""
   },
   "parentNodeId": 1,
   "previousNodeId": 0
}
[1643918743.087][DEBUG]: DevTools WebSocket Event: DOM.childNodeInserted A22DD0BD704CA69841D79D633558F5F4 {
   "node": {
      "attributes": [  ],
      "backendNodeId": 9,
      "childNodeCount": 0,
      "frameId": "FA4EFB36F17AB2A915AFF96FAA35A668",
      "localName": "html",
      "nodeId": 3,
      "nodeName": "HTML",
      "nodeType": 1,
      "nodeValue": ""
   },
   "parentNodeId": 1,
   "previousNodeId": 2
}
[1643918743.087][DEBUG]: DevTools WebSocket Event: DOM.childNodeCountUpdated A22DD0BD704CA69841D79D633558F5F4 {
   "childNodeCount": 1,
   "nodeId": 3
}
[1643918743.088][DEBUG]: DevTools WebSocket Event: DOM.childNodeCountUpdated A22DD0BD704CA69841D79D633558F5F4 {
   "childNodeCount": 2,
   "nodeId": 3
}
[1643918743.092][DEBUG]: DevTools WebSocket Event: Page.loadEventFired A22DD0BD704CA69841D79D633558F5F4 {
   "timestamp": 588092.505514
}
[1643918743.092][DEBUG]: DevTools WebSocket Event: Page.frameStoppedLoading A22DD0BD704CA69841D79D633558F5F4 {
   "frameId": "FA4EFB36F17AB2A915AFF96FAA35A668"
}
[1643918743.092][DEBUG]: DevTools WebSocket Event: DOM.documentUpdated A22DD0BD704CA69841D79D633558F5F4 {

}
[1643918743.092][DEBUG]: DevTools WebSocket Command: DOM.getDocument (id=6) A22DD0BD704CA69841D79D633558F5F4 {

}
[1643918743.093][DEBUG]: DevTools WebSocket Event: Page.domContentEventFired A22DD0BD704CA69841D79D633558F5F4 {
   "timestamp": 588092.505775
}
[1643918743.095][DEBUG]: DevTools WebSocket Response: DOM.getDocument (id=6) A22DD0BD704CA69841D79D633558F5F4 {
   "root": {
      "backendNodeId": 7,
      "baseURL": "https://eaea91cae776059ca52e3775bce47ff6.safeframe.googlesyndication.com/safeframe/1-0-38/html/container.html",
      "childNodeCount": 2,
      "children": [ {
         "backendNodeId": 8,
         "localName": "",
         "nodeId": 5,
         "nodeName": "html",
         "nodeType": 10,
         "nodeValue": "",
         "parentId": 4,
         "publicId": "",
         "systemId": ""
      }, {
         "attributes": [  ],
         "backendNodeId": 9,
         "childNodeCount": 2,
         "children": [ {
            "attributes": [  ],
            "backendNodeId": 10,
            "childNodeCount": 3,
            "localName": "head",
            "nodeId": 7,
            "nodeName": "HEAD",
            "nodeType": 1,
            "nodeValue": "",
            "parentId": 6
         }, {
            "attributes": [  ],
            "backendNodeId": 11,
            "childNodeCount": 0,
            "children": [ {
               "backendNodeId": 12,
               "localName": "",
               "nodeId": 9,
               "nodeName": "#text",
               "nodeType": 3,
               "nodeValue": "\n  \n\n",
               "parentId": 8
            } ],
            "localName": "body",
            "nodeId": 8,
            "nodeName": "BODY",
            "nodeType": 1,
            "nodeValue": "",
            "parentId": 6
         } ],
         "frameId": "FA4EFB36F17AB2A915AFF96FAA35A668",
         "localName": "html",
         "nodeId": 6,
         "nodeName": "HTML",
         "nodeType": 1,
         "nodeValue": "",
         "parentId": 4
      } ],
      "compatibilityMode": "NoQuirksMode",
      "documentURL": "https://eaea91cae776059ca52e3775bce47ff6.safeframe.googlesyndication.com/safeframe/1-0-38/html/container.html",
      "localName": "",
      "nodeId": 4,
      "nodeName": "#document",
      "nodeType": 9,
      "nodeValue": "",
      "xmlVersion": ""
   }
}
[1643918743.207][DEBUG]: DevTools WebSocket Event: Page.frameAttached F04678564F21ED2B83F8A3B03BF6A49A {
   "frameId": "76026328B902BBA9A427DBC5C5BA7805",
   "parentFrameId": "C577E39EA1AA1BDD868536A640456871",
   "stack": {
      "callFrames": [ {
         "columnNumber": 180927,
         "functionName": "$G",
         "lineNumber": 9,
         "scriptId": "166",
         "url": "https://securepubads.g.doubleclick.net/gpt/pubads_impl_2022013101.js?31064679"
      }, {
         "columnNumber": 181324,
         "functionName": "Yj.l",
         "lineNumber": 9,
         "scriptId": "166",
         "url": "https://securepubads.g.doubleclick.net/gpt/pubads_impl_2022013101.js?31064679"
      }, {
         "columnNumber": 178572,
         "functionName": "XG.render",
         "lineNumber": 9,
         "scriptId": "166",
         "url": "https://securepubads.g.doubleclick.net/gpt/pubads_impl_2022013101.js?31064679"
      }, {
         "columnNumber": 2474,
         "functionName": "Mk.j",
         "lineNumber": 17,
         "scriptId": "166",
         "url": "https://securepubads.g.doubleclick.net/gpt/pubads_impl_2022013101.js?31064679"
      }, {
         "columnNumber": 58008,
         "functionName": "",
         "lineNumber": 9,
         "scriptId": "166",
         "url": "https://securepubads.g.doubleclick.net/gpt/pubads_impl_2022013101.js?31064679"
      }, {
         "columnNumber": 68446,
         "functionName": "An",
         "lineNumber": 5,
         "scriptId": "166",
         "url": "https://securepubads.g.doubleclick.net/gpt/pubads_impl_2022013101.js?31064679"
      }, {
         "columnNumber": 68738,
         "functionName": "Cn.next",
         "lineNumber": 5,
         "scriptId": "166",
         "url": "https://securepubads.g.doubleclick.net/gpt/pubads_impl_2022013101.js?31064679"
      }, {
         "columnNumber": 68987,
         "functionName": "b",
         "lineNumber": 5,
         "scriptId": "166",
         "url": "https://securepubads.g.doubleclick.net/gpt/pubads_impl_2022013101.js?31064679"
      } ]
   }
}
[1643918743.218][DEBUG]: DevTools WebSocket Event: Page.frameStartedLoading F04678564F21ED2B83F8A3B03BF6A49A {
   "frameId": "76026328B902BBA9A427DBC5C5BA7805"
}
[1643918743.273][DEBUG]: DevTools WebSocket Event: Runtime.executionContextCreated F04678564F21ED2B83F8A3B03BF6A49A {
   "context": {
      "auxData": {
         "frameId": "76026328B902BBA9A427DBC5C5BA7805",
         "isDefault": true,
         "type": "default"
      },
      "id": 7,
      "name": "",
      "origin": "https://www.rambler.ru",
      "uniqueId": "-5802140655694191963.693347215009165064"
   }
}
[1643918743.273][DEBUG]: DevTools WebSocket Event: Page.frameStoppedLoading F04678564F21ED2B83F8A3B03BF6A49A {
   "frameId": "76026328B902BBA9A427DBC5C5BA7805"
}
[1643918743.273][DEBUG]: DevTools WebSocket Event: Page.documentOpened F04678564F21ED2B83F8A3B03BF6A49A {
   "frame": {
      "adFrameStatus": {
         "adFrameType": "none",
         "explanations": [  ]
      },
      "crossOriginIsolatedContextType": "NotIsolated",
      "domainAndRegistry": "rambler.ru",
      "gatedAPIFeatures": [  ],
      "id": "76026328B902BBA9A427DBC5C5BA7805",
      "loaderId": "3A814DC266B01A6B6CDF5B6180A98CBE",
      "mimeType": "text/html",
      "name": "google_ads_iframe_/21758191093/rambler.ru_100x70_3_1",
      "parentId": "C577E39EA1AA1BDD868536A640456871",
      "secureContextType": "Secure",
      "securityOrigin": "https://www.rambler.ru",
      "url": "https://www.rambler.ru/"
   }
}
[1643918743.273][DEBUG]: DevTools WebSocket Event: Page.frameStartedLoading F04678564F21ED2B83F8A3B03BF6A49A {
   "frameId": "76026328B902BBA9A427DBC5C5BA7805"
}
[1643918743.311][DEBUG]: DevTools WebSocket Event: Page.frameStoppedLoading F04678564F21ED2B83F8A3B03BF6A49A {
   "frameId": "76026328B902BBA9A427DBC5C5BA7805"
}
[1643918743.313][DEBUG]: DevTools WebSocket Event: Page.frameStoppedLoading F04678564F21ED2B83F8A3B03BF6A49A {
   "frameId": "C577E39EA1AA1BDD868536A640456871"
}
[1643918743.316][DEBUG]: DevTools WebSocket Event: Target.detachedFromTarget F04678564F21ED2B83F8A3B03BF6A49A {
   "sessionId": "EEF25385183960927E7A13B1F92347B2",
   "targetId": "85CE9EA872F7FA77E95413B40C0FFDF3"
}
[1643918743.334][DEBUG]: DevTools WebSocket Event: Page.frameDetached F04678564F21ED2B83F8A3B03BF6A49A {
   "frameId": "76026328B902BBA9A427DBC5C5BA7805",
   "reason": "remove"
}
[1643918743.334][DEBUG]: DevTools WebSocket Event: Page.frameDetached F04678564F21ED2B83F8A3B03BF6A49A {
   "frameId": "C577E39EA1AA1BDD868536A640456871",
   "reason": "remove"
}
[1643918743.337][DEBUG]: DevTools WebSocket Response: DOM.getDocument (id=95) F04678564F21ED2B83F8A3B03BF6A49A {
   "root": {
      "backendNodeId": 1,
      "baseURL": "https://www.rambler.ru/",
      "childNodeCount": 3,
      "children": [ {
         "backendNodeId": 2,
         "localName": "",
         "nodeId": 18,
         "nodeName": "html",
         "nodeType": 10,
         "nodeValue": "",
         "parentId": 17,
         "publicId": "",
         "systemId": ""
      }, {
         "backendNodeId": 3,
         "localName": "",
         "nodeId": 19,
         "nodeName": "#comment",
         "nodeType": 8,
         "nodeValue": " Hello, stranger! ¯\\_( ͡° ͜ʖ ͡°)_/¯ ",
         "parentId": 17
      }, {
         "attributes": [ "class", "no-js", "lang", "ru", "prefix", "og: http://ogp.me/ns#" ],
         "backendNodeId": 4,
         "childNodeCount": 2,
         "children": [ {
            "attributes": [  ],
            "backendNodeId": 10,
            "childNodeCount": 120,
            "localName": "head",
            "nodeId": 21,
            "nodeName": "HEAD",
            "nodeType": 1,
            "nodeValue": "",
            "parentId": 20
         }, {
            "attributes": [  ],
            "backendNodeId": 11,
            "childNodeCount": 28,
            "localName": "body",
            "nodeId": 22,
            "nodeName": "BODY",
            "nodeType": 1,
            "nodeValue": "",
            "parentId": 20
         } ],
         "frameId": "F04678564F21ED2B83F8A3B03BF6A49A",
         "localName": "html",
         "nodeId": 20,
         "nodeName": "HTML",
         "nodeType": 1,
         "nodeValue": "",
         "parentId": 17
      } ],
      "compatibilityMode": "NoQuirksMode",
      "documentURL": "https://www.rambler.ru/",
      "localName": "",
      "nodeId": 17,
      "nodeName": "#document",
      "nodeType": 9,
      "nodeValue": "",
      "xmlVersion": ""
   }
}
[1643918743.506][DEBUG]: DevTools WebSocket Event: Page.frameStoppedLoading F04678564F21ED2B83F8A3B03BF6A49A {
   "frameId": "BEB5683F69DFF77157BAFF9EEB397586"
}
[1643918743.533][DEBUG]: DevTools WebSocket Event: DOM.childNodeCountUpdated F04678564F21ED2B83F8A3B03BF6A49A {
   "childNodeCount": 119,
   "nodeId": 21
}
[1643918743.628][DEBUG]: DevTools WebSocket Event: Page.frameAttached F04678564F21ED2B83F8A3B03BF6A49A {
   "frameId": "81C4AA232571078C2AC9D8CB16ADDDC8",
   "parentFrameId": "F04678564F21ED2B83F8A3B03BF6A49A",
   "stack": {
      "callFrames": [ {
         "columnNumber": 180927,
         "functionName": "$G",
         "lineNumber": 9,
         "scriptId": "167",
         "url": "https://securepubads.g.doubleclick.net/gpt/pubads_impl_2022013101.js?31064679"
      }, {
         "columnNumber": 181324,
         "functionName": "Yj.l",
         "lineNumber": 9,
         "scriptId": "167",
         "url": "https://securepubads.g.doubleclick.net/gpt/pubads_impl_2022013101.js?31064679"
      }, {
         "columnNumber": 178572,
         "functionName": "XG.render",
         "lineNumber": 9,
         "scriptId": "167",
         "url": "https://securepubads.g.doubleclick.net/gpt/pubads_impl_2022013101.js?31064679"
      }, {
         "columnNumber": 2474,
         "functionName": "Mk.j",
         "lineNumber": 17,
         "scriptId": "167",
         "url": "https://securepubads.g.doubleclick.net/gpt/pubads_impl_2022013101.js?31064679"
      }, {
         "columnNumber": 58008,
         "functionName": "",
         "lineNumber": 9,
         "scriptId": "167",
         "url": "https://securepubads.g.doubleclick.net/gpt/pubads_impl_2022013101.js?31064679"
      }, {
         "columnNumber": 68446,
         "functionName": "An",
         "lineNumber": 5,
         "scriptId": "167",
         "url": "https://securepubads.g.doubleclick.net/gpt/pubads_impl_2022013101.js?31064679"
      }, {
         "columnNumber": 68738,
         "functionName": "Cn.next",
         "lineNumber": 5,
         "scriptId": "167",
         "url": "https://securepubads.g.doubleclick.net/gpt/pubads_impl_2022013101.js?31064679"
      }, {
         "columnNumber": 68987,
         "functionName": "b",
         "lineNumber": 5,
         "scriptId": "167",
         "url": "https://securepubads.g.doubleclick.net/gpt/pubads_impl_2022013101.js?31064679"
      } ]
   }
}
[1643918743.630][DEBUG]: DevTools WebSocket Event: Page.frameStartedLoading F04678564F21ED2B83F8A3B03BF6A49A {
   "frameId": "81C4AA232571078C2AC9D8CB16ADDDC8"
}
[1643918743.642][DEBUG]: DevTools WebSocket Event: Runtime.executionContextCreated F04678564F21ED2B83F8A3B03BF6A49A {
   "context": {
      "auxData": {
         "frameId": "81C4AA232571078C2AC9D8CB16ADDDC8",
         "isDefault": true,
         "type": "default"
      },
      "id": 8,
      "name": "",
      "origin": "https://www.rambler.ru",
      "uniqueId": "7676415938620389023.-4430088763958359597"
   }
}
[1643918743.642][DEBUG]: DevTools WebSocket Event: Page.frameStoppedLoading F04678564F21ED2B83F8A3B03BF6A49A {
   "frameId": "81C4AA232571078C2AC9D8CB16ADDDC8"
}
[1643918743.642][DEBUG]: DevTools WebSocket Event: Page.documentOpened F04678564F21ED2B83F8A3B03BF6A49A {
   "frame": {
      "adFrameStatus": {
         "adFrameType": "none",
         "explanations": [  ]
      },
      "crossOriginIsolatedContextType": "NotIsolated",
      "domainAndRegistry": "rambler.ru",
      "gatedAPIFeatures": [  ],
      "id": "81C4AA232571078C2AC9D8CB16ADDDC8",
      "loaderId": "0CB0FE0A5CE9D477BC7A0C74C456F784",
      "mimeType": "text/html",
      "name": "google_ads_iframe_/21758191093/rambler.ru//Billboard//PMP_0",
      "parentId": "F04678564F21ED2B83F8A3B03BF6A49A",
      "secureContextType": "Secure",
      "securityOrigin": "https://www.rambler.ru",
      "url": "https://www.rambler.ru/"
   }
}
[1643918743.642][DEBUG]: DevTools WebSocket Event: Page.frameStartedLoading F04678564F21ED2B83F8A3B03BF6A49A {
   "frameId": "81C4AA232571078C2AC9D8CB16ADDDC8"
}
[1643918743.646][DEBUG]: DevTools WebSocket Event: Page.frameStoppedLoading F04678564F21ED2B83F8A3B03BF6A49A {
   "frameId": "81C4AA232571078C2AC9D8CB16ADDDC8"
}
[1643918743.662][DEBUG]: DevTools WebSocket Event: Page.frameDetached F04678564F21ED2B83F8A3B03BF6A49A {
   "frameId": "81C4AA232571078C2AC9D8CB16ADDDC8",
   "reason": "remove"
}
[1643918743.665][DEBUG]: DevTools WebSocket Response: Page.enable (id=96) F04678564F21ED2B83F8A3B03BF6A49A {

}
[1643918743.665][DEBUG]: DevTools WebSocket Command: Runtime.enable (id=7) A22DD0BD704CA69841D79D633558F5F4 {

}
[1643918743.665][DEBUG]: DevTools WebSocket Event: Page.frameStoppedLoading F04678564F21ED2B83F8A3B03BF6A49A {
   "frameId": "FA4EFB36F17AB2A915AFF96FAA35A668"
}
[1643918743.666][DEBUG]: DevTools WebSocket Event: Runtime.executionContextCreated A22DD0BD704CA69841D79D633558F5F4 {
   "context": {
      "auxData": {
         "frameId": "FA4EFB36F17AB2A915AFF96FAA35A668",
         "isDefault": true,
         "type": "default"
      },
      "id": 2,
      "name": "",
      "origin": "https://eaea91cae776059ca52e3775bce47ff6.safeframe.googlesyndication.com",
      "uniqueId": "-5604679969539100726.-6656426447509827554"
   }
}
[1643918743.666][DEBUG]: DevTools WebSocket Response: Runtime.enable (id=7) A22DD0BD704CA69841D79D633558F5F4 {

}
[1643918743.666][DEBUG]: DevTools WebSocket Command: Page.enable (id=8) A22DD0BD704CA69841D79D633558F5F4 {

}
[1643918743.667][DEBUG]: DevTools WebSocket Response: Page.enable (id=8) A22DD0BD704CA69841D79D633558F5F4 {

}
[1643918743.667][DEBUG]: DevTools WebSocket Command: Runtime.evaluate (id=97) F04678564F21ED2B83F8A3B03BF6A49A {
   "awaitPromise": false,
   "expression": "document.readyState",
   "returnByValue": true
}
[1643918743.672][DEBUG]: DevTools WebSocket Event: Page.frameDetached F04678564F21ED2B83F8A3B03BF6A49A {
   "frameId": "FA4EFB36F17AB2A915AFF96FAA35A668",
   "reason": "swap"
}
[1643918743.697][DEBUG]: DevTools WebSocket Response: Runtime.evaluate (id=97) F04678564F21ED2B83F8A3B03BF6A49A {
   "result": {
      "type": "string",
      "value": "interactive"
   }
}
[1643918743.711][DEBUG]: DevTools WebSocket Event: Page.frameAttached F04678564F21ED2B83F8A3B03BF6A49A {
   "frameId": "81A6CE045F3405355D32184B967FD3A3",
   "parentFrameId": "F04678564F21ED2B83F8A3B03BF6A49A",
   "stack": {
      "callFrames": [ {
         "columnNumber": 317474,
         "functionName": "e._insertNonTextBlock",
         "lineNumber": 0,
         "scriptId": "60",
         "url": "https://ssp.rambler.ru/capirs_async.js"
      }, {
         "columnNumber": 315400,
         "functionName": "",
         "lineNumber": 0,
         "scriptId": "60",
         "url": "https://ssp.rambler.ru/capirs_async.js"
      }, {
         "columnNumber": 313925,
         "functionName": "",
         "lineNumber": 0,
         "scriptId": "60",
         "url": "https://ssp.rambler.ru/capirs_async.js"
      }, {
         "columnNumber": 314030,
         "functionName": "",
         "lineNumber": 0,
         "scriptId": "60",
         "url": "https://ssp.rambler.ru/capirs_async.js"
      }, {
         "columnNumber": 312767,
         "functionName": "a",
         "lineNumber": 0,
         "scriptId": "60",
         "url": "https://ssp.rambler.ru/capirs_async.js"
      } ]
   }
}
[1643918743.711][DEBUG]: DevTools WebSocket Command: Runtime.evaluate (id=98) F04678564F21ED2B83F8A3B03BF6A49A {
   "expression": "1"
}
[1643918743.714][DEBUG]: DevTools WebSocket Event: Page.frameStartedLoading F04678564F21ED2B83F8A3B03BF6A49A {
   "frameId": "81A6CE045F3405355D32184B967FD3A3"
}
[1643918743.876][DEBUG]: DevTools WebSocket Event: Page.frameNavigated F04678564F21ED2B83F8A3B03BF6A49A {
   "frame": {
      "adFrameStatus": {
         "adFrameType": "none",
         "explanations": [  ]
      },
      "crossOriginIsolatedContextType": "NotIsolated",
      "domainAndRegistry": "",
      "gatedAPIFeatures": [  ],
      "id": "81A6CE045F3405355D32184B967FD3A3",
      "loaderId": "E02C4CDCB3B32C9E3FE4A3C131070390",
      "mimeType": "text/html",
      "name": "axhtml-61fc9-3572b-47f87",
      "parentId": "F04678564F21ED2B83F8A3B03BF6A49A",
      "secureContextType": "Secure",
      "securityOrigin": "://",
      "url": "about:blank"
   },
   "type": "Navigation"
}
[1643918743.876][DEBUG]: DevTools WebSocket Event: Runtime.executionContextCreated F04678564F21ED2B83F8A3B03BF6A49A {
   "context": {
      "auxData": {
         "frameId": "81A6CE045F3405355D32184B967FD3A3",
         "isDefault": true,
         "type": "default"
      },
      "id": 9,
      "name": "",
      "origin": "https://www.rambler.ru",
      "uniqueId": "-8531618457016465839.-6454131339921195281"
   }
}
[1643918743.876][DEBUG]: DevTools WebSocket Event: Page.frameStoppedLoading F04678564F21ED2B83F8A3B03BF6A49A {
   "frameId": "81A6CE045F3405355D32184B967FD3A3"
}
[1643918744.014][DEBUG]: DevTools WebSocket Event: DOM.childNodeCountUpdated F04678564F21ED2B83F8A3B03BF6A49A {
   "childNodeCount": 120,
   "nodeId": 21
}
[1643918744.014][DEBUG]: DevTools WebSocket Event: DOM.childNodeCountUpdated F04678564F21ED2B83F8A3B03BF6A49A {
   "childNodeCount": 121,
   "nodeId": 21
}
[1643918744.016][DEBUG]: DevTools WebSocket Response: Runtime.evaluate (id=98) F04678564F21ED2B83F8A3B03BF6A49A {
   "result": {
      "description": "1",
      "type": "number",
      "value": 1
   }
}
[1643918744.032][DEBUG]: DevTools WebSocket Event: Page.documentOpened F04678564F21ED2B83F8A3B03BF6A49A {
   "frame": {
      "adFrameStatus": {
         "adFrameType": "none",
         "explanations": [  ]
      },
      "crossOriginIsolatedContextType": "NotIsolated",
      "domainAndRegistry": "rambler.ru",
      "gatedAPIFeatures": [  ],
      "id": "81A6CE045F3405355D32184B967FD3A3",
      "loaderId": "E02C4CDCB3B32C9E3FE4A3C131070390",
      "mimeType": "text/html",
      "name": "axhtml-61fc9-3572b-47f87",
      "parentId": "F04678564F21ED2B83F8A3B03BF6A49A",
      "secureContextType": "Secure",
      "securityOrigin": "https://www.rambler.ru",
      "url": "https://www.rambler.ru/"
   }
}
[1643918744.032][DEBUG]: DevTools WebSocket Event: Page.frameStartedLoading F04678564F21ED2B83F8A3B03BF6A49A {
   "frameId": "81A6CE045F3405355D32184B967FD3A3"
}
[1643918744.032][DEBUG]: DevTools WebSocket Command: Runtime.evaluate (id=99) F04678564F21ED2B83F8A3B03BF6A49A {
   "expression": "1"
}
[1643918744.289][DEBUG]: DevTools WebSocket Event: Runtime.consoleAPICalled F04678564F21ED2B83F8A3B03BF6A49A {
   "args": [ {
      "type": "string",
      "value": "The googletag.pubads().definePassback function has been deprecated. The function may break in certain contexts, see https://developers.google.com/publisher-tag/guides/passback-tags#construct_passba..."
   } ],
   "executionContextId": 9,
   "stackTrace": {
      "callFrames": [ {
         "columnNumber": 27796,
         "functionName": "ls",
         "lineNumber": 9,
         "scriptId": "166",
         "url": "https://securepubads.g.doubleclick.net/gpt/pubads_impl_2022013101.js?31064679"
      }, {
         "columnNumber": 164509,
         "functionName": "",
         "lineNumber": 9,
         "scriptId": "166",
         "url": "https://securepubads.g.doubleclick.net/gpt/pubads_impl_2022013101.js?31064679"
      }, {
         "columnNumber": 752,
         "functionName": "",
         "lineNumber": 9,
         "scriptId": "166",
         "url": "https://securepubads.g.doubleclick.net/gpt/pubads_impl_2022013101.js?31064679"
      }, {
         "columnNumber": 165103,
         "functionName": "wj.add",
         "lineNumber": 9,
         "scriptId": "166",
         "url": "https://securepubads.g.doubleclick.net/gpt/pubads_impl_2022013101.js?31064679"
      }, {
         "columnNumber": 165827,
         "functionName": "um",
         "lineNumber": 9,
         "scriptId": "166",
         "url": "https://securepubads.g.doubleclick.net/gpt/pubads_impl_2022013101.js?31064679"
      }, {
         "columnNumber": 61100,
         "functionName": "wm",
         "lineNumber": 5,
         "scriptId": "166",
         "url": "https://securepubads.g.doubleclick.net/gpt/pubads_impl_2022013101.js?31064679"
      }, {
         "columnNumber": 79977,
         "functionName": "",
         "lineNumber": 17,
         "scriptId": "166",
         "url": "https://securepubads.g.doubleclick.net/gpt/pubads_impl_2022013101.js?31064679"
      }, {
         "columnNumber": 24110,
         "functionName": "",
         "lineNumber": 5,
         "scriptId": "166",
         "url": "https://securepubads.g.doubleclick.net/gpt/pubads_impl_2022013101.js?31064679"
      }, {
         "columnNumber": 21,
         "functionName": "",
         "lineNumber": 1,
         "scriptId": "186",
         "url": ""
      }, {
         "columnNumber": 63209,
         "functionName": "Pm",
         "lineNumber": 5,
         "scriptId": "166",
         "url": "https://securepubads.g.doubleclick.net/gpt/pubads_impl_2022013101.js?31064679"
      }, {
         "columnNumber": 94472,
         "functionName": "",
         "lineNumber": 17,
         "scriptId": "166",
         "url": "https://securepubads.g.doubleclick.net/gpt/pubads_impl_2022013101.js?31064679"
      }, {
         "columnNumber": 95250,
         "functionName": "",
         "lineNumber": 17,
         "scriptId": "166",
         "url": "https://securepubads.g.doubleclick.net/gpt/pubads_impl_2022013101.js?31064679"
      }, {
         "columnNumber": 95406,
         "functionName": "",
         "lineNumber": 17,
         "scriptId": "166",
         "url": "https://securepubads.g.doubleclick.net/gpt/pubads_impl_2022013101.js?31064679"
      }, {
         "columnNumber": 307424,
         "functionName": "",
         "lineNumber": 0,
         "scriptId": "60",
         "url": "https://ssp.rambler.ru/capirs_async.js"
      }, {
         "columnNumber": 94371,
         "functionName": "Er",
         "lineNumber": 0,
         "scriptId": "60",
         "url": "https://ssp.rambler.ru/capirs_async.js"
      }, {
         "columnNumber": 307386,
         "functionName": "e._insertHTML2",
         "lineNumber": 0,
         "scriptId": "60",
         "url": "https://ssp.rambler.ru/capirs_async.js"
      }, {
         "columnNumber": 303522,
         "functionName": "",
         "lineNumber": 0,
         "scriptId": "60",
         "url": "https://ssp.rambler.ru/capirs_async.js"
      } ]
   },
   "timestamp": 1.6439187442881638e+12,
   "type": "warning"
}
[1643918744.507][DEBUG]: DevTools WebSocket Event: Page.frameAttached F04678564F21ED2B83F8A3B03BF6A49A {
   "frameId": "6344B34A9CC8670D7F832C0D4B615D44",
   "parentFrameId": "81A6CE045F3405355D32184B967FD3A3",
   "stack": {
      "callFrames": [ {
         "columnNumber": 56355,
         "functionName": "LI.j",
         "lineNumber": 17,
         "scriptId": "166",
         "url": "https://securepubads.g.doubleclick.net/gpt/pubads_impl_2022013101.js?31064679"
      }, {
         "columnNumber": 58008,
         "functionName": "",
         "lineNumber": 9,
         "scriptId": "166",
         "url": "https://securepubads.g.doubleclick.net/gpt/pubads_impl_2022013101.js?31064679"
      }, {
         "columnNumber": 68446,
         "functionName": "An",
         "lineNumber": 5,
         "scriptId": "166",
         "url": "https://securepubads.g.doubleclick.net/gpt/pubads_impl_2022013101.js?31064679"
      }, {
         "columnNumber": 68738,
         "functionName": "Cn.next",
         "lineNumber": 5,
         "scriptId": "166",
         "url": "https://securepubads.g.doubleclick.net/gpt/pubads_impl_2022013101.js?31064679"
      }, {
         "columnNumber": 68987,
         "functionName": "b",
         "lineNumber": 5,
         "scriptId": "166",
         "url": "https://securepubads.g.doubleclick.net/gpt/pubads_impl_2022013101.js?31064679"
      } ]
   }
}
[1643918744.508][DEBUG]: DevTools WebSocket Event: Page.frameStartedLoading F04678564F21ED2B83F8A3B03BF6A49A {
   "frameId": "6344B34A9CC8670D7F832C0D4B615D44"
}
[1643918744.593][DEBUG]: DevTools WebSocket Response: Runtime.evaluate (id=99) F04678564F21ED2B83F8A3B03BF6A49A {
   "result": {
      "description": "1",
      "type": "number",
      "value": 1
   }
}
[1643918744.717][DEBUG]: DevTools WebSocket Event: Target.attachedToTarget F04678564F21ED2B83F8A3B03BF6A49A {
   "sessionId": "13E010DCC4C808E7445B35569AA703DA",
   "targetInfo": {
      "attached": true,
      "browserContextId": "141973644B59A6D5EFC1D374D1ECC676",
      "canAccessOpener": false,
      "targetId": "6344B34A9CC8670D7F832C0D4B615D44",
      "title": "",
      "type": "iframe",
      "url": ""
   },
   "waitingForDebugger": false
}
[1643918744.717][DEBUG]: DevTools WebSocket Command: Page.addScriptToEvaluateOnNewDocument (id=1) 13E010DCC4C808E7445B35569AA703DA {
   "source": "(function () {window.cdc_adoQpoasnfa76pfcZLmcfl_Array = window.Array;window.cdc_adoQpoasnfa76pfcZLmcfl_Promise = window.Promise;window.cdc_adoQpoasnfa76pfcZLmcfl_Symbol = window.Symbol;}) ();"
}
[1643918744.717][DEBUG]: DevTools WebSocket Command: Runtime.evaluate (id=2) 13E010DCC4C808E7445B35569AA703DA {
   "expression": "(function () {window.cdc_adoQpoasnfa76pfcZLmcfl_Array = window.Array;window.cdc_adoQpoasnfa76pfcZLmcfl_Promise = window.Promise;window.cdc_adoQpoasnfa76pfcZLmcfl_Symbol = window.Symbol;}) ();"
}
[1643918744.718][DEBUG]: DevTools WebSocket Command: DOM.getDocument (id=3) 13E010DCC4C808E7445B35569AA703DA {

}
[1643918744.718][DEBUG]: DevTools WebSocket Command: Target.setAutoAttach (id=4) 13E010DCC4C808E7445B35569AA703DA {
   "autoAttach": true,
   "flatten": true,
   "waitForDebuggerOnStart": false
}
[1643918744.718][DEBUG]: DevTools WebSocket Command: Page.enable (id=5) 13E010DCC4C808E7445B35569AA703DA {

}
[1643918744.718][DEBUG]: DevTools WebSocket Command: Page.enable (id=100) F04678564F21ED2B83F8A3B03BF6A49A {

}
[1643918744.738][DEBUG]: DevTools WebSocket Response: Page.addScriptToEvaluateOnNewDocument (id=1) 13E010DCC4C808E7445B35569AA703DA {
   "identifier": "1"
}
[1643918744.738][DEBUG]: DevTools WebSocket Response: Runtime.evaluate (id=2) 13E010DCC4C808E7445B35569AA703DA {
   "result": {
      "type": "undefined"
   }
}
[1643918744.738][DEBUG]: DevTools WebSocket Response: DOM.getDocument (id=3) 13E010DCC4C808E7445B35569AA703DA {
   "root": {
      "backendNodeId": 13,
      "baseURL": "https://13ab988306a97e83b928c4dac4459b8c.safeframe.googlesyndication.com/safeframe/1-0-38/html/container.html?n=1",
      "childNodeCount": 0,
      "children": [  ],
      "compatibilityMode": "NoQuirksMode",
      "documentURL": "https://13ab988306a97e83b928c4dac4459b8c.safeframe.googlesyndication.com/safeframe/1-0-38/html/container.html?n=1",
      "localName": "",
      "nodeId": 1,
      "nodeName": "#document",
      "nodeType": 9,
      "nodeValue": "",
      "xmlVersion": ""
   }
}
[1643918744.738][DEBUG]: DevTools WebSocket Response: Target.setAutoAttach (id=4) 13E010DCC4C808E7445B35569AA703DA {

}
[1643918744.738][DEBUG]: DevTools WebSocket Response: Page.enable (id=5) 13E010DCC4C808E7445B35569AA703DA {

}
[1643918744.739][DEBUG]: DevTools WebSocket Event: DOM.childNodeInserted 13E010DCC4C808E7445B35569AA703DA {
   "node": {
      "backendNodeId": 14,
      "localName": "",
      "nodeId": 2,
      "nodeName": "html",
      "nodeType": 10,
      "nodeValue": "",
      "publicId": "",
      "systemId": ""
   },
   "parentNodeId": 1,
   "previousNodeId": 0
}
[1643918744.739][DEBUG]: DevTools WebSocket Event: DOM.childNodeInserted 13E010DCC4C808E7445B35569AA703DA {
   "node": {
      "attributes": [  ],
      "backendNodeId": 15,
      "childNodeCount": 0,
      "frameId": "6344B34A9CC8670D7F832C0D4B615D44",
      "localName": "html",
      "nodeId": 3,
      "nodeName": "HTML",
      "nodeType": 1,
      "nodeValue": ""
   },
   "parentNodeId": 1,
   "previousNodeId": 2
}
[1643918744.740][DEBUG]: DevTools WebSocket Event: DOM.childNodeCountUpdated 13E010DCC4C808E7445B35569AA703DA {
   "childNodeCount": 1,
   "nodeId": 3
}
[1643918744.748][DEBUG]: DevTools WebSocket Event: DOM.childNodeCountUpdated 13E010DCC4C808E7445B35569AA703DA {
   "childNodeCount": 2,
   "nodeId": 3
}
[1643918744.754][DEBUG]: DevTools WebSocket Event: Page.loadEventFired 13E010DCC4C808E7445B35569AA703DA {
   "timestamp": 588094.167658
}
[1643918744.754][DEBUG]: DevTools WebSocket Event: Page.frameStoppedLoading 13E010DCC4C808E7445B35569AA703DA {
   "frameId": "6344B34A9CC8670D7F832C0D4B615D44"
}
[1643918744.754][DEBUG]: DevTools WebSocket Event: DOM.documentUpdated 13E010DCC4C808E7445B35569AA703DA {

}
[1643918744.754][DEBUG]: DevTools WebSocket Command: DOM.getDocument (id=6) 13E010DCC4C808E7445B35569AA703DA {

}
[1643918744.754][DEBUG]: DevTools WebSocket Event: Page.domContentEventFired 13E010DCC4C808E7445B35569AA703DA {
   "timestamp": 588094.167907
}
[1643918744.756][DEBUG]: DevTools WebSocket Response: DOM.getDocument (id=6) 13E010DCC4C808E7445B35569AA703DA {
   "root": {
      "backendNodeId": 13,
      "baseURL": "https://13ab988306a97e83b928c4dac4459b8c.safeframe.googlesyndication.com/safeframe/1-0-38/html/container.html?n=1",
      "childNodeCount": 2,
      "children": [ {
         "backendNodeId": 14,
         "localName": "",
         "nodeId": 5,
         "nodeName": "html",
         "nodeType": 10,
         "nodeValue": "",
         "parentId": 4,
         "publicId": "",
         "systemId": ""
      }, {
         "attributes": [  ],
         "backendNodeId": 15,
         "childNodeCount": 2,
         "children": [ {
            "attributes": [  ],
            "backendNodeId": 16,
            "childNodeCount": 3,
            "localName": "head",
            "nodeId": 7,
            "nodeName": "HEAD",
            "nodeType": 1,
            "nodeValue": "",
            "parentId": 6
         }, {
            "attributes": [  ],
            "backendNodeId": 17,
            "childNodeCount": 0,
            "children": [ {
               "backendNodeId": 18,
               "localName": "",
               "nodeId": 9,
               "nodeName": "#text",
               "nodeType": 3,
               "nodeValue": "\n  \n\n",
               "parentId": 8
            } ],
            "localName": "body",
            "nodeId": 8,
            "nodeName": "BODY",
            "nodeType": 1,
            "nodeValue": "",
            "parentId": 6
         } ],
         "frameId": "6344B34A9CC8670D7F832C0D4B615D44",
         "localName": "html",
         "nodeId": 6,
         "nodeName": "HTML",
         "nodeType": 1,
         "nodeValue": "",
         "parentId": 4
      } ],
      "compatibilityMode": "NoQuirksMode",
      "documentURL": "https://13ab988306a97e83b928c4dac4459b8c.safeframe.googlesyndication.com/safeframe/1-0-38/html/container.html?n=1",
      "localName": "",
      "nodeId": 4,
      "nodeName": "#document",
      "nodeType": 9,
      "nodeValue": "",
      "xmlVersion": ""
   }
}
[1643918745.258][DEBUG]: DevTools WebSocket Event: DOM.childNodeCountUpdated F04678564F21ED2B83F8A3B03BF6A49A {
   "childNodeCount": 29,
   "nodeId": 22
}
[1643918745.259][DEBUG]: DevTools WebSocket Event: DOM.childNodeCountUpdated F04678564F21ED2B83F8A3B03BF6A49A {
   "childNodeCount": 30,
   "nodeId": 22
}
[1643918745.272][DEBUG]: DevTools WebSocket Response: Page.enable (id=100) F04678564F21ED2B83F8A3B03BF6A49A {

}
[1643918745.273][DEBUG]: DevTools WebSocket Command: Runtime.enable (id=7) 13E010DCC4C808E7445B35569AA703DA {

}
[1643918745.274][DEBUG]: DevTools WebSocket Event: Runtime.executionContextCreated 13E010DCC4C808E7445B35569AA703DA {
   "context": {
      "auxData": {
         "frameId": "6344B34A9CC8670D7F832C0D4B615D44",
         "isDefault": true,
         "type": "default"
      },
      "id": 3,
      "name": "",
      "origin": "https://13ab988306a97e83b928c4dac4459b8c.safeframe.googlesyndication.com",
      "uniqueId": "6046003330018092918.-4468924061123763704"
   }
}
[1643918745.274][DEBUG]: DevTools WebSocket Response: Runtime.enable (id=7) 13E010DCC4C808E7445B35569AA703DA {

}
[1643918745.274][DEBUG]: DevTools WebSocket Command: Page.enable (id=8) 13E010DCC4C808E7445B35569AA703DA {

}
[1643918745.275][DEBUG]: DevTools WebSocket Response: Page.enable (id=8) 13E010DCC4C808E7445B35569AA703DA {

}
[1643918745.275][DEBUG]: DevTools WebSocket Command: Runtime.evaluate (id=101) F04678564F21ED2B83F8A3B03BF6A49A {
   "expression": "1"
}
[1643918745.275][DEBUG]: DevTools WebSocket Event: Page.frameStoppedLoading F04678564F21ED2B83F8A3B03BF6A49A {
   "frameId": "6344B34A9CC8670D7F832C0D4B615D44"
}
[1643918745.278][DEBUG]: DevTools WebSocket Event: Page.frameDetached F04678564F21ED2B83F8A3B03BF6A49A {
   "frameId": "6344B34A9CC8670D7F832C0D4B615D44",
   "reason": "swap"
}
[1643918745.320][DEBUG]: DevTools WebSocket Event: Page.frameAttached F04678564F21ED2B83F8A3B03BF6A49A {
   "frameId": "9B138E3E2291F22AB5B2C6091C14289F",
   "parentFrameId": "81A6CE045F3405355D32184B967FD3A3",
   "stack": {
      "callFrames": [ {
         "columnNumber": 180927,
         "functionName": "$G",
         "lineNumber": 9,
         "scriptId": "166",
         "url": "https://securepubads.g.doubleclick.net/gpt/pubads_impl_2022013101.js?31064679"
      }, {
         "columnNumber": 181324,
         "functionName": "Yj.l",
         "lineNumber": 9,
         "scriptId": "166",
         "url": "https://securepubads.g.doubleclick.net/gpt/pubads_impl_2022013101.js?31064679"
      }, {
         "columnNumber": 178572,
         "functionName": "XG.render",
         "lineNumber": 9,
         "scriptId": "166",
         "url": "https://securepubads.g.doubleclick.net/gpt/pubads_impl_2022013101.js?31064679"
      }, {
         "columnNumber": 2474,
         "functionName": "Mk.j",
         "lineNumber": 17,
         "scriptId": "166",
         "url": "https://securepubads.g.doubleclick.net/gpt/pubads_impl_2022013101.js?31064679"
      }, {
         "columnNumber": 58008,
         "functionName": "",
         "lineNumber": 9,
         "scriptId": "166",
         "url": "https://securepubads.g.doubleclick.net/gpt/pubads_impl_2022013101.js?31064679"
      }, {
         "columnNumber": 68446,
         "functionName": "An",
         "lineNumber": 5,
         "scriptId": "166",
         "url": "https://securepubads.g.doubleclick.net/gpt/pubads_impl_2022013101.js?31064679"
      }, {
         "columnNumber": 68738,
         "functionName": "Cn.next",
         "lineNumber": 5,
         "scriptId": "166",
         "url": "https://securepubads.g.doubleclick.net/gpt/pubads_impl_2022013101.js?31064679"
      }, {
         "columnNumber": 68987,
         "functionName": "b",
         "lineNumber": 5,
         "scriptId": "166",
         "url": "https://securepubads.g.doubleclick.net/gpt/pubads_impl_2022013101.js?31064679"
      } ]
   }
}
[1643918745.323][DEBUG]: DevTools WebSocket Event: Page.frameStartedLoading F04678564F21ED2B83F8A3B03BF6A49A {
   "frameId": "9B138E3E2291F22AB5B2C6091C14289F"
}
[1643918745.332][DEBUG]: DevTools WebSocket Event: Runtime.executionContextCreated F04678564F21ED2B83F8A3B03BF6A49A {
   "context": {
      "auxData": {
         "frameId": "9B138E3E2291F22AB5B2C6091C14289F",
         "isDefault": true,
         "type": "default"
      },
      "id": 10,
      "name": "",
      "origin": "https://www.rambler.ru",
      "uniqueId": "6574430551471626296.8172272693963085996"
   }
}
[1643918745.332][DEBUG]: DevTools WebSocket Event: Page.frameStoppedLoading F04678564F21ED2B83F8A3B03BF6A49A {
   "frameId": "9B138E3E2291F22AB5B2C6091C14289F"
}
[1643918745.332][DEBUG]: DevTools WebSocket Event: Page.documentOpened F04678564F21ED2B83F8A3B03BF6A49A {
   "frame": {
      "adFrameStatus": {
         "adFrameType": "none",
         "explanations": [  ]
      },
      "crossOriginIsolatedContextType": "NotIsolated",
      "domainAndRegistry": "rambler.ru",
      "gatedAPIFeatures": [  ],
      "id": "9B138E3E2291F22AB5B2C6091C14289F",
      "loaderId": "ED77D69A6677768648FF847A325EC26A",
      "mimeType": "text/html",
      "name": "google_ads_iframe_/21758191093/rambler.ru_BillBoard_3_1",
      "parentId": "81A6CE045F3405355D32184B967FD3A3",
      "secureContextType": "Secure",
      "securityOrigin": "https://www.rambler.ru",
      "url": "https://www.rambler.ru/"
   }
}
[1643918745.332][DEBUG]: DevTools WebSocket Event: Page.frameStartedLoading F04678564F21ED2B83F8A3B03BF6A49A {
   "frameId": "9B138E3E2291F22AB5B2C6091C14289F"
}
[1643918745.523][DEBUG]: DevTools WebSocket Event: Runtime.executionContextDestroyed F04678564F21ED2B83F8A3B03BF6A49A {
   "executionContextId": 8
}
[1643918745.523][DEBUG]: DevTools WebSocket Event: Runtime.executionContextDestroyed F04678564F21ED2B83F8A3B03BF6A49A {
   "executionContextId": 7
}
[1643918745.529][DEBUG]: DevTools WebSocket Response: Runtime.evaluate (id=101) F04678564F21ED2B83F8A3B03BF6A49A {
   "result": {
      "description": "1",
      "type": "number",
      "value": 1
   }
}
[1643918745.529][DEBUG]: DevTools WebSocket Command: DOM.getDocument (id=102) F04678564F21ED2B83F8A3B03BF6A49A {

}
[1643918745.919][DEBUG]: DevTools WebSocket Event: DOM.childNodeCountUpdated F04678564F21ED2B83F8A3B03BF6A49A {
   "childNodeCount": 122,
   "nodeId": 21
}
[1643918745.921][DEBUG]: DevTools WebSocket Event: DOM.childNodeCountUpdated F04678564F21ED2B83F8A3B03BF6A49A {
   "childNodeCount": 123,
   "nodeId": 21
}
[1643918745.921][DEBUG]: DevTools WebSocket Event: DOM.childNodeCountUpdated F04678564F21ED2B83F8A3B03BF6A49A {
   "childNodeCount": 124,
   "nodeId": 21
}
[1643918745.921][DEBUG]: DevTools WebSocket Event: DOM.childNodeCountUpdated F04678564F21ED2B83F8A3B03BF6A49A {
   "childNodeCount": 125,
   "nodeId": 21
}
[1643918745.921][DEBUG]: DevTools WebSocket Event: DOM.childNodeCountUpdated F04678564F21ED2B83F8A3B03BF6A49A {
   "childNodeCount": 126,
   "nodeId": 21
}
[1643918745.921][DEBUG]: DevTools WebSocket Event: DOM.childNodeCountUpdated F04678564F21ED2B83F8A3B03BF6A49A {
   "childNodeCount": 127,
   "nodeId": 21
}
[1643918745.921][DEBUG]: DevTools WebSocket Event: DOM.childNodeCountUpdated F04678564F21ED2B83F8A3B03BF6A49A {
   "childNodeCount": 128,
   "nodeId": 21
}
[1643918745.921][DEBUG]: DevTools WebSocket Event: DOM.childNodeCountUpdated F04678564F21ED2B83F8A3B03BF6A49A {
   "childNodeCount": 129,
   "nodeId": 21
}
[1643918745.921][DEBUG]: DevTools WebSocket Event: DOM.childNodeCountUpdated F04678564F21ED2B83F8A3B03BF6A49A {
   "childNodeCount": 130,
   "nodeId": 21
}
[1643918745.942][DEBUG]: DevTools WebSocket Response: DOM.getDocument (id=102) F04678564F21ED2B83F8A3B03BF6A49A {
   "root": {
      "backendNodeId": 1,
      "baseURL": "https://www.rambler.ru/",
      "childNodeCount": 3,
      "children": [ {
         "backendNodeId": 2,
         "localName": "",
         "nodeId": 24,
         "nodeName": "html",
         "nodeType": 10,
         "nodeValue": "",
         "parentId": 23,
         "publicId": "",
         "systemId": ""
      }, {
         "backendNodeId": 3,
         "localName": "",
         "nodeId": 25,
         "nodeName": "#comment",
         "nodeType": 8,
         "nodeValue": " Hello, stranger! ¯\\_( ͡° ͜ʖ ͡°)_/¯ ",
         "parentId": 23
      }, {
         "attributes": [ "class", "no-js", "lang", "ru", "prefix", "og: http://ogp.me/ns#" ],
         "backendNodeId": 4,
         "childNodeCount": 2,
         "children": [ {
            "attributes": [  ],
            "backendNodeId": 10,
            "childNodeCount": 130,
            "localName": "head",
            "nodeId": 27,
            "nodeName": "HEAD",
            "nodeType": 1,
            "nodeValue": "",
            "parentId": 26
         }, {
            "attributes": [  ],
            "backendNodeId": 11,
            "childNodeCount": 30,
            "localName": "body",
            "nodeId": 28,
            "nodeName": "BODY",
            "nodeType": 1,
            "nodeValue": "",
            "parentId": 26
         } ],
         "frameId": "F04678564F21ED2B83F8A3B03BF6A49A",
         "localName": "html",
         "nodeId": 26,
         "nodeName": "HTML",
         "nodeType": 1,
         "nodeValue": "",
         "parentId": 23
      } ],
      "compatibilityMode": "NoQuirksMode",
      "documentURL": "https://www.rambler.ru/",
      "localName": "",
      "nodeId": 23,
      "nodeName": "#document",
      "nodeType": 9,
      "nodeValue": "",
      "xmlVersion": ""
   }
}
[1643918745.942][DEBUG]: DevTools WebSocket Command: Runtime.evaluate (id=103) F04678564F21ED2B83F8A3B03BF6A49A {
   "awaitPromise": false,
   "expression": "document.readyState",
   "returnByValue": true
}
[1643918746.218][DEBUG]: DevTools WebSocket Event: Log.entryAdded F04678564F21ED2B83F8A3B03BF6A49A {
   "entry": {
      "level": "info",
      "source": "intervention",
      "text": "Slow network is detected. See https://www.chromestatus.com/feature/5636954674692096 for more details. Fallback font will be used while loading: https://fonts.gstatic.com/s/googlesans/v41/4UasrENHsx...",
      "timestamp": 1.643918746218521e+12,
      "url": "https://www.rambler.ru/"
   }
}
[1643918746.218][DEBUG]: DevTools WebSocket Event: Log.entryAdded F04678564F21ED2B83F8A3B03BF6A49A {
   "entry": {
      "level": "info",
      "source": "intervention",
      "text": "Slow network is detected. See https://www.chromestatus.com/feature/5636954674692096 for more details. Fallback font will be used while loading: https://fonts.gstatic.com/s/googlesans/v41/4UasrENHsx...",
      "timestamp": 1.643918746218864e+12,
      "url": "https://www.rambler.ru/"
   }
}
[1643918746.339][DEBUG]: DevTools WebSocket Event: DOM.childNodeCountUpdated F04678564F21ED2B83F8A3B03BF6A49A {
   "childNodeCount": 29,
   "nodeId": 28
}
[1643918746.341][DEBUG]: DevTools WebSocket Response: Runtime.evaluate (id=103) F04678564F21ED2B83F8A3B03BF6A49A {
   "result": {
      "type": "string",
      "value": "interactive"
   }
}
[1643918746.653][DEBUG]: DevTools WebSocket Event: Runtime.consoleAPICalled F04678564F21ED2B83F8A3B03BF6A49A {
   "args": [ {
      "type": "string",
      "value": "Powered by AMP ⚡ HTML – Version 2111152338000"
   }, {
      "type": "string",
      "value": "https://www.rambler.ru/"
   } ],
   "executionContextId": 10,
   "stackTrace": {
      "callFrames": [ {
         "columnNumber": 24488,
         "functionName": "",
         "lineNumber": 4,
         "scriptId": "191",
         "url": "https://cdn.ampproject.org/rtv/012111152338000/amp4ads-v0.mjs"
      }, {
         "columnNumber": 24627,
         "functionName": "",
         "lineNumber": 4,
         "scriptId": "191",
         "url": "https://cdn.ampproject.org/rtv/012111152338000/amp4ads-v0.mjs"
      } ]
   },
   "timestamp": 1.643918746589627e+12,
   "type": "info"
}
[1643918746.653][DEBUG]: DevTools WebSocket Command: Runtime.evaluate (id=104) F04678564F21ED2B83F8A3B03BF6A49A {
   "expression": "1"
}
[1643918746.800][DEBUG]: DevTools WebSocket Event: Page.navigatedWithinDocument F04678564F21ED2B83F8A3B03BF6A49A {
   "frameId": "9B138E3E2291F22AB5B2C6091C14289F",
   "url": "https://www.rambler.ru/"
}
[1643918746.826][DEBUG]: DevTools WebSocket Event: DOM.childNodeCountUpdated F04678564F21ED2B83F8A3B03BF6A49A {
   "childNodeCount": 28,
   "nodeId": 28
}
[1643918746.972][DEBUG]: DevTools WebSocket Event: Page.frameAttached F04678564F21ED2B83F8A3B03BF6A49A {
   "frameId": "42D01493B97E9C89BBC7DD66FB8E9FBE",
   "parentFrameId": "81A6CE045F3405355D32184B967FD3A3",
   "stack": {
      "callFrames": [ {
         "columnNumber": 245,
         "functionName": "",
         "lineNumber": 31,
         "scriptId": "193",
         "url": "https://tpc.googlesyndication.com/sodar/sodar2.js"
      }, {
         "columnNumber": 37,
         "functionName": "va",
         "lineNumber": 31,
         "scriptId": "193",
         "url": "https://tpc.googlesyndication.com/sodar/sodar2.js"
      }, {
         "columnNumber": 149,
         "functionName": "",
         "lineNumber": 41,
         "scriptId": "193",
         "url": "https://tpc.googlesyndication.com/sodar/sodar2.js"
      }, {
         "columnNumber": 293,
         "functionName": "G",
         "lineNumber": 14,
         "scriptId": "193",
         "url": "https://tpc.googlesyndication.com/sodar/sodar2.js"
      }, {
         "columnNumber": 88,
         "functionName": "next",
         "lineNumber": 15,
         "scriptId": "193",
         "url": "https://tpc.googlesyndication.com/sodar/sodar2.js"
      }, {
         "columnNumber": 487,
         "functionName": "",
         "lineNumber": 15,
         "scriptId": "193",
         "url": "https://tpc.googlesyndication.com/sodar/sodar2.js"
      }, {
         "columnNumber": 376,
         "functionName": "ma",
         "lineNumber": 15,
         "scriptId": "193",
         "url": "https://tpc.googlesyndication.com/sodar/sodar2.js"
      }, {
         "columnNumber": 21,
         "functionName": "H",
         "lineNumber": 16,
         "scriptId": "193",
         "url": "https://tpc.googlesyndication.com/sodar/sodar2.js"
      }, {
         "columnNumber": 32,
         "functionName": "Ta",
         "lineNumber": 41,
         "scriptId": "193",
         "url": "https://tpc.googlesyndication.com/sodar/sodar2.js"
      }, {
         "columnNumber": 72,
         "functionName": "",
         "lineNumber": 37,
         "scriptId": "193",
         "url": "https://tpc.googlesyndication.com/sodar/sodar2.js"
      }, {
         "columnNumber": 293,
         "functionName": "G",
         "lineNumber": 14,
         "scriptId": "193",
         "url": "https://tpc.googlesyndication.com/sodar/sodar2.js"
      }, {
         "columnNumber": 88,
         "functionName": "next",
         "lineNumber": 15,
         "scriptId": "193",
         "url": "https://tpc.googlesyndication.com/sodar/sodar2.js"
      }, {
         "columnNumber": 487,
         "functionName": "",
         "lineNumber": 15,
         "scriptId": "193",
         "url": "https://tpc.googlesyndication.com/sodar/sodar2.js"
      }, {
         "columnNumber": 376,
         "functionName": "ma",
         "lineNumber": 15,
         "scriptId": "193",
         "url": "https://tpc.googlesyndication.com/sodar/sodar2.js"
      }, {
         "columnNumber": 21,
         "functionName": "H",
         "lineNumber": 16,
         "scriptId": "193",
         "url": "https://tpc.googlesyndication.com/sodar/sodar2.js"
      }, {
         "columnNumber": 28,
         "functionName": "Sa",
         "lineNumber": 37,
         "scriptId": "193",
         "url": "https://tpc.googlesyndication.com/sodar/sodar2.js"
      }, {
         "columnNumber": 396,
         "functionName": "",
         "lineNumber": 39,
         "scriptId": "193",
         "url": "https://tpc.googlesyndication.com/sodar/sodar2.js"
      }, {
         "columnNumber": 293,
         "functionName": "G",
         "lineNumber": 14,
         "scriptId": "193",
         "url": "https://tpc.googlesyndication.com/sodar/sodar2.js"
      }, {
         "columnNumber": 88,
         "functionName": "next",
         "lineNumber": 15,
         "scriptId": "193",
         "url": "https://tpc.googlesyndication.com/sodar/sodar2.js"
      }, "..." ]
   }
}
[1643918746.976][DEBUG]: DevTools WebSocket Event: Page.frameStartedLoading F04678564F21ED2B83F8A3B03BF6A49A {
   "frameId": "42D01493B97E9C89BBC7DD66FB8E9FBE"
}
[1643918746.991][DEBUG]: DevTools WebSocket Event: Page.frameAttached F04678564F21ED2B83F8A3B03BF6A49A {
   "frameId": "F484F499216FC8B8CE60AFF6B193B869",
   "parentFrameId": "81A6CE045F3405355D32184B967FD3A3",
   "stack": {
      "callFrames": [ {
         "columnNumber": 245,
         "functionName": "",
         "lineNumber": 31,
         "scriptId": "193",
         "url": "https://tpc.googlesyndication.com/sodar/sodar2.js"
      }, {
         "columnNumber": 37,
         "functionName": "va",
         "lineNumber": 31,
         "scriptId": "193",
         "url": "https://tpc.googlesyndication.com/sodar/sodar2.js"
      }, {
         "columnNumber": 202,
         "functionName": "",
         "lineNumber": 39,
         "scriptId": "193",
         "url": "https://tpc.googlesyndication.com/sodar/sodar2.js"
      }, {
         "columnNumber": 293,
         "functionName": "G",
         "lineNumber": 14,
         "scriptId": "193",
         "url": "https://tpc.googlesyndication.com/sodar/sodar2.js"
      }, {
         "columnNumber": 88,
         "functionName": "next",
         "lineNumber": 15,
         "scriptId": "193",
         "url": "https://tpc.googlesyndication.com/sodar/sodar2.js"
      }, {
         "columnNumber": 487,
         "functionName": "",
         "lineNumber": 15,
         "scriptId": "193",
         "url": "https://tpc.googlesyndication.com/sodar/sodar2.js"
      }, {
         "columnNumber": 376,
         "functionName": "ma",
         "lineNumber": 15,
         "scriptId": "193",
         "url": "https://tpc.googlesyndication.com/sodar/sodar2.js"
      }, {
         "columnNumber": 21,
         "functionName": "H",
         "lineNumber": 16,
         "scriptId": "193",
         "url": "https://tpc.googlesyndication.com/sodar/sodar2.js"
      }, {
         "columnNumber": 36,
         "functionName": "Va",
         "lineNumber": 39,
         "scriptId": "193",
         "url": "https://tpc.googlesyndication.com/sodar/sodar2.js"
      }, {
         "columnNumber": 402,
         "functionName": "",
         "lineNumber": 39,
         "scriptId": "193",
         "url": "https://tpc.googlesyndication.com/sodar/sodar2.js"
      }, {
         "columnNumber": 293,
         "functionName": "G",
         "lineNumber": 14,
         "scriptId": "193",
         "url": "https://tpc.googlesyndication.com/sodar/sodar2.js"
      }, {
         "columnNumber": 88,
         "functionName": "next",
         "lineNumber": 15,
         "scriptId": "193",
         "url": "https://tpc.googlesyndication.com/sodar/sodar2.js"
      }, {
         "columnNumber": 487,
         "functionName": "",
         "lineNumber": 15,
         "scriptId": "193",
         "url": "https://tpc.googlesyndication.com/sodar/sodar2.js"
      }, {
         "columnNumber": 376,
         "functionName": "ma",
         "lineNumber": 15,
         "scriptId": "193",
         "url": "https://tpc.googlesyndication.com/sodar/sodar2.js"
      }, {
         "columnNumber": 21,
         "functionName": "H",
         "lineNumber": 16,
         "scriptId": "193",
         "url": "https://tpc.googlesyndication.com/sodar/sodar2.js"
      }, {
         "columnNumber": 329,
         "functionName": "Wa",
         "lineNumber": 39,
         "scriptId": "193",
         "url": "https://tpc.googlesyndication.com/sodar/sodar2.js"
      }, {
         "columnNumber": 528,
         "functionName": "",
         "lineNumber": 42,
         "scriptId": "193",
         "url": "https://tpc.googlesyndication.com/sodar/sodar2.js"
      }, {
         "columnNumber": 293,
         "functionName": "G",
         "lineNumber": 14,
         "scriptId": "193",
         "url": "https://tpc.googlesyndication.com/sodar/sodar2.js"
      }, {
         "columnNumber": 88,
         "functionName": "next",
         "lineNumber": 15,
         "scriptId": "193",
         "url": "https://tpc.googlesyndication.com/sodar/sodar2.js"
      }, "..." ]
   }
}
[1643918746.998][DEBUG]: DevTools WebSocket Event: Page.frameStartedLoading F04678564F21ED2B83F8A3B03BF6A49A {
   "frameId": "F484F499216FC8B8CE60AFF6B193B869"
}
[1643918747.030][DEBUG]: DevTools WebSocket Event: Target.attachedToTarget F04678564F21ED2B83F8A3B03BF6A49A {
   "sessionId": "F3179249790E28BE03DE310C579A548F",
   "targetInfo": {
      "attached": true,
      "browserContextId": "141973644B59A6D5EFC1D374D1ECC676",
      "canAccessOpener": false,
      "targetId": "42D01493B97E9C89BBC7DD66FB8E9FBE",
      "title": "",
      "type": "iframe",
      "url": ""
   },
   "waitingForDebugger": false
}
[1643918747.030][DEBUG]: DevTools WebSocket Command: Page.addScriptToEvaluateOnNewDocument (id=1) F3179249790E28BE03DE310C579A548F {
   "source": "(function () {window.cdc_adoQpoasnfa76pfcZLmcfl_Array = window.Array;window.cdc_adoQpoasnfa76pfcZLmcfl_Promise = window.Promise;window.cdc_adoQpoasnfa76pfcZLmcfl_Symbol = window.Symbol;}) ();"
}
[1643918747.031][DEBUG]: DevTools WebSocket Command: Runtime.evaluate (id=2) F3179249790E28BE03DE310C579A548F {
   "expression": "(function () {window.cdc_adoQpoasnfa76pfcZLmcfl_Array = window.Array;window.cdc_adoQpoasnfa76pfcZLmcfl_Promise = window.Promise;window.cdc_adoQpoasnfa76pfcZLmcfl_Symbol = window.Symbol;}) ();"
}
[1643918747.031][DEBUG]: DevTools WebSocket Command: DOM.getDocument (id=3) F3179249790E28BE03DE310C579A548F {

}
[1643918747.032][DEBUG]: DevTools WebSocket Command: Target.setAutoAttach (id=4) F3179249790E28BE03DE310C579A548F {
   "autoAttach": true,
   "flatten": true,
   "waitForDebuggerOnStart": false
}
[1643918747.032][DEBUG]: DevTools WebSocket Command: Page.enable (id=5) F3179249790E28BE03DE310C579A548F {

}
[1643918747.032][DEBUG]: DevTools WebSocket Command: Page.enable (id=105) F04678564F21ED2B83F8A3B03BF6A49A {

}
[1643918747.038][DEBUG]: DevTools WebSocket Response: Page.addScriptToEvaluateOnNewDocument (id=1) F3179249790E28BE03DE310C579A548F {
   "identifier": "1"
}
[1643918747.038][DEBUG]: DevTools WebSocket Response: Runtime.evaluate (id=2) F3179249790E28BE03DE310C579A548F {
   "result": {
      "type": "undefined"
   }
}
[1643918747.038][DEBUG]: DevTools WebSocket Response: DOM.getDocument (id=3) F3179249790E28BE03DE310C579A548F {
   "root": {
      "backendNodeId": 19,
      "baseURL": "https://tpc.googlesyndication.com/sodar/sodar2/225/runner.html",
      "childNodeCount": 0,
      "children": [  ],
      "compatibilityMode": "NoQuirksMode",
      "documentURL": "https://tpc.googlesyndication.com/sodar/sodar2/225/runner.html",
      "localName": "",
      "nodeId": 1,
      "nodeName": "#document",
      "nodeType": 9,
      "nodeValue": "",
      "xmlVersion": ""
   }
}
[1643918747.038][DEBUG]: DevTools WebSocket Response: Target.setAutoAttach (id=4) F3179249790E28BE03DE310C579A548F {

}
[1643918747.038][DEBUG]: DevTools WebSocket Response: Page.enable (id=5) F3179249790E28BE03DE310C579A548F {

}
[1643918747.047][DEBUG]: DevTools WebSocket Event: DOM.childNodeInserted F3179249790E28BE03DE310C579A548F {
   "node": {
      "backendNodeId": 20,
      "localName": "",
      "nodeId": 2,
      "nodeName": "html",
      "nodeType": 10,
      "nodeValue": "",
      "publicId": "",
      "systemId": ""
   },
   "parentNodeId": 1,
   "previousNodeId": 0
}
[1643918747.047][DEBUG]: DevTools WebSocket Event: DOM.childNodeInserted F3179249790E28BE03DE310C579A548F {
   "node": {
      "attributes": [  ],
      "backendNodeId": 21,
      "childNodeCount": 0,
      "frameId": "42D01493B97E9C89BBC7DD66FB8E9FBE",
      "localName": "html",
      "nodeId": 3,
      "nodeName": "HTML",
      "nodeType": 1,
      "nodeValue": ""
   },
   "parentNodeId": 1,
   "previousNodeId": 2
}
[1643918747.047][DEBUG]: DevTools WebSocket Event: DOM.childNodeCountUpdated F3179249790E28BE03DE310C579A548F {
   "childNodeCount": 1,
   "nodeId": 3
}
[1643918747.048][DEBUG]: DevTools WebSocket Event: DOM.childNodeCountUpdated F3179249790E28BE03DE310C579A548F {
   "childNodeCount": 2,
   "nodeId": 3
}
[1643918747.048][DEBUG]: DevTools WebSocket Event: Page.loadEventFired F3179249790E28BE03DE310C579A548F {
   "timestamp": 588096.462542
}
[1643918747.048][DEBUG]: DevTools WebSocket Event: Page.frameStoppedLoading F3179249790E28BE03DE310C579A548F {
   "frameId": "42D01493B97E9C89BBC7DD66FB8E9FBE"
}
[1643918747.048][DEBUG]: DevTools WebSocket Event: DOM.documentUpdated F3179249790E28BE03DE310C579A548F {

}
[1643918747.048][DEBUG]: DevTools WebSocket Command: DOM.getDocument (id=6) F3179249790E28BE03DE310C579A548F {

}
[1643918747.048][DEBUG]: DevTools WebSocket Event: Page.domContentEventFired F3179249790E28BE03DE310C579A548F {
   "timestamp": 588096.462766
}
[1643918747.049][DEBUG]: DevTools WebSocket Response: DOM.getDocument (id=6) F3179249790E28BE03DE310C579A548F {
   "root": {
      "backendNodeId": 19,
      "baseURL": "https://tpc.googlesyndication.com/sodar/sodar2/225/runner.html",
      "childNodeCount": 2,
      "children": [ {
         "backendNodeId": 20,
         "localName": "",
         "nodeId": 5,
         "nodeName": "html",
         "nodeType": 10,
         "nodeValue": "",
         "parentId": 4,
         "publicId": "",
         "systemId": ""
      }, {
         "attributes": [  ],
         "backendNodeId": 21,
         "childNodeCount": 2,
         "children": [ {
            "attributes": [  ],
            "backendNodeId": 22,
            "childNodeCount": 2,
            "localName": "head",
            "nodeId": 7,
            "nodeName": "HEAD",
            "nodeType": 1,
            "nodeValue": "",
            "parentId": 6
         }, {
            "attributes": [  ],
            "backendNodeId": 23,
            "childNodeCount": 0,
            "localName": "body",
            "nodeId": 8,
            "nodeName": "BODY",
            "nodeType": 1,
            "nodeValue": "",
            "parentId": 6
         } ],
         "frameId": "42D01493B97E9C89BBC7DD66FB8E9FBE",
         "localName": "html",
         "nodeId": 6,
         "nodeName": "HTML",
         "nodeType": 1,
         "nodeValue": "",
         "parentId": 4
      } ],
      "compatibilityMode": "NoQuirksMode",
      "documentURL": "https://tpc.googlesyndication.com/sodar/sodar2/225/runner.html",
      "localName": "",
      "nodeId": 4,
      "nodeName": "#document",
      "nodeType": 9,
      "nodeValue": "",
      "xmlVersion": ""
   }
}
[1643918747.078][DEBUG]: DevTools WebSocket Response: Runtime.evaluate (id=104) F04678564F21ED2B83F8A3B03BF6A49A {
   "result": {
      "description": "1",
      "type": "number",
      "value": 1
   }
}
[1643918747.132][DEBUG]: DevTools WebSocket Event: Target.attachedToTarget F04678564F21ED2B83F8A3B03BF6A49A {
   "sessionId": "45BA16A4875D0E88C16DD0C4E9DEC315",
   "targetInfo": {
      "attached": true,
      "browserContextId": "141973644B59A6D5EFC1D374D1ECC676",
      "canAccessOpener": false,
      "targetId": "F484F499216FC8B8CE60AFF6B193B869",
      "title": "",
      "type": "iframe",
      "url": ""
   },
   "waitingForDebugger": false
}
[1643918747.132][DEBUG]: DevTools WebSocket Command: Page.addScriptToEvaluateOnNewDocument (id=1) 45BA16A4875D0E88C16DD0C4E9DEC315 {
   "source": "(function () {window.cdc_adoQpoasnfa76pfcZLmcfl_Array = window.Array;window.cdc_adoQpoasnfa76pfcZLmcfl_Promise = window.Promise;window.cdc_adoQpoasnfa76pfcZLmcfl_Symbol = window.Symbol;}) ();"
}
[1643918747.133][DEBUG]: DevTools WebSocket Command: Runtime.evaluate (id=2) 45BA16A4875D0E88C16DD0C4E9DEC315 {
   "expression": "(function () {window.cdc_adoQpoasnfa76pfcZLmcfl_Array = window.Array;window.cdc_adoQpoasnfa76pfcZLmcfl_Promise = window.Promise;window.cdc_adoQpoasnfa76pfcZLmcfl_Symbol = window.Symbol;}) ();"
}
[1643918747.134][DEBUG]: DevTools WebSocket Command: DOM.getDocument (id=3) 45BA16A4875D0E88C16DD0C4E9DEC315 {

}
[1643918747.134][DEBUG]: DevTools WebSocket Command: Target.setAutoAttach (id=4) 45BA16A4875D0E88C16DD0C4E9DEC315 {
   "autoAttach": true,
   "flatten": true,
   "waitForDebuggerOnStart": false
}
[1643918747.135][DEBUG]: DevTools WebSocket Command: Page.enable (id=5) 45BA16A4875D0E88C16DD0C4E9DEC315 {

}
[1643918747.135][DEBUG]: DevTools WebSocket Command: Page.enable (id=106) F04678564F21ED2B83F8A3B03BF6A49A {

}
[1643918747.152][DEBUG]: DevTools WebSocket Response: Page.addScriptToEvaluateOnNewDocument (id=1) 45BA16A4875D0E88C16DD0C4E9DEC315 {
   "identifier": "1"
}
[1643918747.152][DEBUG]: DevTools WebSocket Response: Runtime.evaluate (id=2) 45BA16A4875D0E88C16DD0C4E9DEC315 {
   "result": {
      "type": "undefined"
   }
}
[1643918747.152][DEBUG]: DevTools WebSocket Response: DOM.getDocument (id=3) 45BA16A4875D0E88C16DD0C4E9DEC315 {
   "root": {
      "backendNodeId": 1,
      "baseURL": "https://www.google.com/recaptcha/api2/aframe",
      "childNodeCount": 0,
      "children": [  ],
      "compatibilityMode": "NoQuirksMode",
      "documentURL": "https://www.google.com/recaptcha/api2/aframe",
      "localName": "",
      "nodeId": 1,
      "nodeName": "#document",
      "nodeType": 9,
      "nodeValue": "",
      "xmlVersion": ""
   }
}
[1643918747.152][DEBUG]: DevTools WebSocket Response: Target.setAutoAttach (id=4) 45BA16A4875D0E88C16DD0C4E9DEC315 {

}
[1643918747.152][DEBUG]: DevTools WebSocket Response: Page.enable (id=5) 45BA16A4875D0E88C16DD0C4E9DEC315 {

}
[1643918747.152][DEBUG]: DevTools WebSocket Event: DOM.childNodeInserted 45BA16A4875D0E88C16DD0C4E9DEC315 {
   "node": {
      "backendNodeId": 2,
      "localName": "",
      "nodeId": 2,
      "nodeName": "html",
      "nodeType": 10,
      "nodeValue": "",
      "publicId": "",
      "systemId": ""
   },
   "parentNodeId": 1,
   "previousNodeId": 0
}
[1643918747.152][DEBUG]: DevTools WebSocket Event: DOM.childNodeInserted 45BA16A4875D0E88C16DD0C4E9DEC315 {
   "node": {
      "attributes": [  ],
      "backendNodeId": 3,
      "childNodeCount": 0,
      "frameId": "F484F499216FC8B8CE60AFF6B193B869",
      "localName": "html",
      "nodeId": 3,
      "nodeName": "HTML",
      "nodeType": 1,
      "nodeValue": ""
   },
   "parentNodeId": 1,
   "previousNodeId": 2
}
[1643918747.152][DEBUG]: DevTools WebSocket Event: DOM.childNodeCountUpdated 45BA16A4875D0E88C16DD0C4E9DEC315 {
   "childNodeCount": 1,
   "nodeId": 3
}
[1643918747.152][DEBUG]: DevTools WebSocket Event: DOM.childNodeCountUpdated 45BA16A4875D0E88C16DD0C4E9DEC315 {
   "childNodeCount": 2,
   "nodeId": 3
}
[1643918747.167][DEBUG]: DevTools WebSocket Event: Page.loadEventFired 45BA16A4875D0E88C16DD0C4E9DEC315 {
   "timestamp": 588096.580051
}
[1643918747.167][DEBUG]: DevTools WebSocket Event: Page.frameStoppedLoading 45BA16A4875D0E88C16DD0C4E9DEC315 {
   "frameId": "F484F499216FC8B8CE60AFF6B193B869"
}
[1643918747.167][DEBUG]: DevTools WebSocket Event: DOM.documentUpdated 45BA16A4875D0E88C16DD0C4E9DEC315 {

}
[1643918747.167][DEBUG]: DevTools WebSocket Command: DOM.getDocument (id=6) 45BA16A4875D0E88C16DD0C4E9DEC315 {

}
[1643918747.169][DEBUG]: DevTools WebSocket Event: Page.domContentEventFired 45BA16A4875D0E88C16DD0C4E9DEC315 {
   "timestamp": 588096.582443
}
[1643918747.173][DEBUG]: DevTools WebSocket Response: DOM.getDocument (id=6) 45BA16A4875D0E88C16DD0C4E9DEC315 {
   "root": {
      "backendNodeId": 1,
      "baseURL": "https://www.google.com/recaptcha/api2/aframe",
      "childNodeCount": 2,
      "children": [ {
         "backendNodeId": 2,
         "localName": "",
         "nodeId": 5,
         "nodeName": "html",
         "nodeType": 10,
         "nodeValue": "",
         "parentId": 4,
         "publicId": "",
         "systemId": ""
      }, {
         "attributes": [  ],
         "backendNodeId": 3,
         "childNodeCount": 2,
         "children": [ {
            "attributes": [  ],
            "backendNodeId": 4,
            "childNodeCount": 1,
            "localName": "head",
            "nodeId": 7,
            "nodeName": "HEAD",
            "nodeType": 1,
            "nodeValue": "",
            "parentId": 6
         }, {
            "attributes": [  ],
            "backendNodeId": 5,
            "childNodeCount": 1,
            "localName": "body",
            "nodeId": 8,
            "nodeName": "BODY",
            "nodeType": 1,
            "nodeValue": "",
            "parentId": 6
         } ],
         "frameId": "F484F499216FC8B8CE60AFF6B193B869",
         "localName": "html",
         "nodeId": 6,
         "nodeName": "HTML",
         "nodeType": 1,
         "nodeValue": "",
         "parentId": 4
      } ],
      "compatibilityMode": "NoQuirksMode",
      "documentURL": "https://www.google.com/recaptcha/api2/aframe",
      "localName": "",
      "nodeId": 4,
      "nodeName": "#document",
      "nodeType": 9,
      "nodeValue": "",
      "xmlVersion": ""
   }
}
[1643918747.764][DEBUG]: DevTools WebSocket Event: DOM.childNodeCountUpdated F04678564F21ED2B83F8A3B03BF6A49A {
   "childNodeCount": 131,
   "nodeId": 27
}
[1643918747.779][DEBUG]: DevTools WebSocket Response: Page.enable (id=105) F04678564F21ED2B83F8A3B03BF6A49A {

}
[1643918747.788][DEBUG]: DevTools WebSocket Event: Page.frameStoppedLoading F04678564F21ED2B83F8A3B03BF6A49A {
   "frameId": "42D01493B97E9C89BBC7DD66FB8E9FBE"
}
[1643918747.794][DEBUG]: DevTools WebSocket Event: Page.frameDetached F04678564F21ED2B83F8A3B03BF6A49A {
   "frameId": "42D01493B97E9C89BBC7DD66FB8E9FBE",
   "reason": "swap"
}
[1643918747.806][DEBUG]: DevTools WebSocket Event: Log.entryAdded F04678564F21ED2B83F8A3B03BF6A49A {
   "entry": {
      "level": "warning",
      "lineNumber": 2,
      "source": "other",
      "stackTrace": {
         "callFrames": [ {
            "columnNumber": 11892,
            "functionName": "detectAttributionReportingSupport",
            "lineNumber": 2,
            "scriptId": "195",
            "url": "https://cdn.ampproject.org/rtv/012111152338000/v0/amp-ad-exit-0.1.mjs"
         }, {
            "columnNumber": 9182,
            "functionName": "ua",
            "lineNumber": 2,
            "scriptId": "195",
            "url": "https://cdn.ampproject.org/rtv/012111152338000/v0/amp-ad-exit-0.1.mjs"
         }, {
            "columnNumber": 60119,
            "functionName": "qe",
            "lineNumber": 2,
            "scriptId": "191",
            "url": "https://cdn.ampproject.org/rtv/012111152338000/amp4ads-v0.mjs"
         }, {
            "columnNumber": 59654,
            "functionName": "bc",
            "lineNumber": 2,
            "scriptId": "191",
            "url": "https://cdn.ampproject.org/rtv/012111152338000/amp4ads-v0.mjs"
         }, {
            "columnNumber": 50799,
            "functionName": "upgrade",
            "lineNumber": 2,
            "scriptId": "191",
            "url": "https://cdn.ampproject.org/rtv/012111152338000/amp4ads-v0.mjs"
         }, {
            "columnNumber": 66910,
            "functionName": "zf",
            "lineNumber": 2,
            "scriptId": "191",
            "url": "https://cdn.ampproject.org/rtv/012111152338000/amp4ads-v0.mjs"
         }, {
            "columnNumber": 66612,
            "functionName": "xf",
            "lineNumber": 2,
            "scriptId": "191",
            "url": "https://cdn.ampproject.org/rtv/012111152338000/amp4ads-v0.mjs"
         }, {
            "columnNumber": 9951,
            "functionName": "rk",
            "lineNumber": 4,
            "scriptId": "191",
            "url": "https://cdn.ampproject.org/rtv/012111152338000/amp4ads-v0.mjs"
         }, {
            "columnNumber": 9918,
            "functionName": "qk",
            "lineNumber": 4,
            "scriptId": "191",
            "url": "https://cdn.ampproject.org/rtv/012111152338000/amp4ads-v0.mjs"
         }, {
            "columnNumber": 12093,
            "functionName": "",
            "lineNumber": 4,
            "scriptId": "191",
            "url": "https://cdn.ampproject.org/rtv/012111152338000/amp4ads-v0.mjs"
         }, {
            "columnNumber": 12647,
            "functionName": "addDocFactory",
            "lineNumber": 4,
            "scriptId": "191",
            "url": "https://cdn.ampproject.org/rtv/012111152338000/amp4ads-v0.mjs"
         }, {
            "columnNumber": 12074,
            "functionName": "addElement",
            "lineNumber": 4,
            "scriptId": "191",
            "url": "https://cdn.ampproject.org/rtv/012111152338000/amp4ads-v0.mjs"
         }, {
            "columnNumber": 12138,
            "functionName": "f",
            "lineNumber": 2,
            "scriptId": "195",
            "url": "https://cdn.ampproject.org/rtv/012111152338000/v0/amp-ad-exit-0.1.mjs"
         }, {
            "columnNumber": 10305,
            "functionName": "registerExtension",
            "lineNumber": 4,
            "scriptId": "191",
            "url": "https://cdn.ampproject.org/rtv/012111152338000/amp4ads-v0.mjs"
         }, {
            "columnNumber": 13700,
            "functionName": "",
            "lineNumber": 4,
            "scriptId": "191",
            "url": "https://cdn.ampproject.org/rtv/012111152338000/amp4ads-v0.mjs"
         } ]
      },
      "text": "Unrecognized feature: 'attribution-reporting'.",
      "timestamp": 1.643918747807049e+12,
      "url": "https://cdn.ampproject.org/rtv/012111152338000/v0/amp-ad-exit-0.1.mjs"
   }
}
[1643918748.044][DEBUG]: DevTools WebSocket Response: Page.enable (id=106) F04678564F21ED2B83F8A3B03BF6A49A {

}
[1643918748.044][DEBUG]: DevTools WebSocket Command: Runtime.enable (id=7) 45BA16A4875D0E88C16DD0C4E9DEC315 {

}
[1643918748.045][DEBUG]: DevTools WebSocket Event: Runtime.executionContextCreated 45BA16A4875D0E88C16DD0C4E9DEC315 {
   "context": {
      "auxData": {
         "frameId": "F484F499216FC8B8CE60AFF6B193B869",
         "isDefault": true,
         "type": "default"
      },
      "id": 1,
      "name": "",
      "origin": "https://www.google.com",
      "uniqueId": "-3599538747942330208.-614373348413955868"
   }
}
[1643918748.045][DEBUG]: DevTools WebSocket Response: Runtime.enable (id=7) 45BA16A4875D0E88C16DD0C4E9DEC315 {

}
[1643918748.045][DEBUG]: DevTools WebSocket Command: Page.enable (id=8) 45BA16A4875D0E88C16DD0C4E9DEC315 {

}
[1643918748.046][DEBUG]: DevTools WebSocket Response: Page.enable (id=8) 45BA16A4875D0E88C16DD0C4E9DEC315 {

}
[1643918748.046][DEBUG]: DevTools WebSocket Command: Runtime.enable (id=7) F3179249790E28BE03DE310C579A548F {

}
[1643918748.047][DEBUG]: DevTools WebSocket Event: Runtime.executionContextCreated F3179249790E28BE03DE310C579A548F {
   "context": {
      "auxData": {
         "frameId": "42D01493B97E9C89BBC7DD66FB8E9FBE",
         "isDefault": true,
         "type": "default"
      },
      "id": 4,
      "name": "",
      "origin": "https://tpc.googlesyndication.com",
      "uniqueId": "-3733025889533729958.-8305397007287734265"
   }
}
[1643918748.047][DEBUG]: DevTools WebSocket Response: Runtime.enable (id=7) F3179249790E28BE03DE310C579A548F {

}
[1643918748.047][DEBUG]: DevTools WebSocket Command: Page.enable (id=8) F3179249790E28BE03DE310C579A548F {

}
[1643918748.048][DEBUG]: DevTools WebSocket Response: Page.enable (id=8) F3179249790E28BE03DE310C579A548F {

}
[1643918748.048][DEBUG]: DevTools WebSocket Command: DOM.getDocument (id=107) F04678564F21ED2B83F8A3B03BF6A49A {

}
[1643918748.049][DEBUG]: DevTools WebSocket Event: Page.frameStoppedLoading F04678564F21ED2B83F8A3B03BF6A49A {
   "frameId": "F484F499216FC8B8CE60AFF6B193B869"
}
[1643918748.080][DEBUG]: DevTools WebSocket Event: Page.frameDetached F04678564F21ED2B83F8A3B03BF6A49A {
   "frameId": "F484F499216FC8B8CE60AFF6B193B869",
   "reason": "swap"
}
[1643918748.135][DEBUG]: DevTools WebSocket Event: DOM.childNodeCountUpdated 45BA16A4875D0E88C16DD0C4E9DEC315 {
   "childNodeCount": 2,
   "nodeId": 8
}
[1643918748.969][DEBUG]: DevTools WebSocket Event: DOM.childNodeCountUpdated F3179249790E28BE03DE310C579A548F {
   "childNodeCount": 1,
   "nodeId": 8
}
[1643918749.058][DEBUG]: DevTools WebSocket Event: DOM.childNodeCountUpdated F3179249790E28BE03DE310C579A548F {
   "childNodeCount": 0,
   "nodeId": 8
}
[1643918749.068][DEBUG]: DevTools WebSocket Event: DOM.childNodeCountUpdated F3179249790E28BE03DE310C579A548F {
   "childNodeCount": 1,
   "nodeId": 8
}
[1643918749.068][DEBUG]: DevTools WebSocket Event: Page.frameAttached F3179249790E28BE03DE310C579A548F {
   "frameId": "043065332DF89A3DE13522A27CAB3185",
   "parentFrameId": "42D01493B97E9C89BBC7DD66FB8E9FBE",
   "stack": {
      "callFrames": [ {
         "columnNumber": 31017,
         "functionName": "eval",
         "lineNumber": 5065,
         "scriptId": "12",
         "url": ""
      }, {
         "columnNumber": 32177,
         "functionName": "b5",
         "lineNumber": 5065,
         "scriptId": "12",
         "url": ""
      }, {
         "columnNumber": 25041,
         "functionName": "Xc",
         "lineNumber": 5065,
         "scriptId": "12",
         "url": ""
      }, {
         "columnNumber": 34137,
         "functionName": "eval",
         "lineNumber": 5065,
         "scriptId": "12",
         "url": ""
      }, {
         "columnNumber": 26705,
         "functionName": "Jt",
         "lineNumber": 5065,
         "scriptId": "12",
         "url": ""
      }, {
         "columnNumber": 34304,
         "functionName": "l5",
         "lineNumber": 5065,
         "scriptId": "12",
         "url": ""
      }, {
         "columnNumber": 34818,
         "functionName": "tt",
         "lineNumber": 5065,
         "scriptId": "12",
         "url": ""
      }, {
         "columnNumber": 34367,
         "functionName": "eval",
         "lineNumber": 5065,
         "scriptId": "12",
         "url": ""
      }, {
         "columnNumber": 26217,
         "functionName": "requestIdleCallback.timeout",
         "lineNumber": 5065,
         "scriptId": "12",
         "url": ""
      } ]
   }
}
[1643918749.078][DEBUG]: DevTools WebSocket Event: Page.frameStartedLoading F3179249790E28BE03DE310C579A548F {
   "frameId": "043065332DF89A3DE13522A27CAB3185"
}
[1643918749.086][DEBUG]: DevTools WebSocket Event: Page.frameNavigated F3179249790E28BE03DE310C579A548F {
   "frame": {
      "adFrameStatus": {
         "adFrameType": "none",
         "explanations": [  ]
      },
      "crossOriginIsolatedContextType": "NotIsolatedFeatureDisabled",
      "domainAndRegistry": "",
      "gatedAPIFeatures": [  ],
      "id": "043065332DF89A3DE13522A27CAB3185",
      "loaderId": "17A9E5D4618C5B2F6BA2ABB79A7813AB",
      "mimeType": "text/html",
      "name": "",
      "parentId": "42D01493B97E9C89BBC7DD66FB8E9FBE",
      "secureContextType": "Secure",
      "securityOrigin": "://",
      "url": "about:blank"
   },
   "type": "Navigation"
}
[1643918749.086][DEBUG]: DevTools WebSocket Event: Runtime.executionContextCreated F3179249790E28BE03DE310C579A548F {
   "context": {
      "auxData": {
         "frameId": "043065332DF89A3DE13522A27CAB3185",
         "isDefault": true,
         "type": "default"
      },
      "id": 5,
      "name": "",
      "origin": "https://tpc.googlesyndication.com",
      "uniqueId": "1552083914628795474.2914814559337899242"
   }
}
[1643918749.086][DEBUG]: DevTools WebSocket Event: Page.frameStoppedLoading F3179249790E28BE03DE310C579A548F {
   "frameId": "043065332DF89A3DE13522A27CAB3185"
}
[1643918749.118][DEBUG]: DevTools WebSocket Event: Page.frameStoppedLoading F04678564F21ED2B83F8A3B03BF6A49A {
   "frameId": "9B138E3E2291F22AB5B2C6091C14289F"
}
[1643918749.118][DEBUG]: DevTools WebSocket Event: Page.frameStoppedLoading F04678564F21ED2B83F8A3B03BF6A49A {
   "frameId": "81A6CE045F3405355D32184B967FD3A3"
}
[1643918749.177][DEBUG]: DevTools WebSocket Response: DOM.getDocument (id=107) F04678564F21ED2B83F8A3B03BF6A49A {
   "root": {
      "backendNodeId": 1,
      "baseURL": "https://www.rambler.ru/",
      "childNodeCount": 3,
      "children": [ {
         "backendNodeId": 2,
         "localName": "",
         "nodeId": 30,
         "nodeName": "html",
         "nodeType": 10,
         "nodeValue": "",
         "parentId": 29,
         "publicId": "",
         "systemId": ""
      }, {
         "backendNodeId": 3,
         "localName": "",
         "nodeId": 31,
         "nodeName": "#comment",
         "nodeType": 8,
         "nodeValue": " Hello, stranger! ¯\\_( ͡° ͜ʖ ͡°)_/¯ ",
         "parentId": 29
      }, {
         "attributes": [ "class", "no-js", "lang", "ru", "prefix", "og: http://ogp.me/ns#" ],
         "backendNodeId": 4,
         "childNodeCount": 2,
         "children": [ {
            "attributes": [  ],
            "backendNodeId": 10,
            "childNodeCount": 131,
            "localName": "head",
            "nodeId": 33,
            "nodeName": "HEAD",
            "nodeType": 1,
            "nodeValue": "",
            "parentId": 32
         }, {
            "attributes": [  ],
            "backendNodeId": 11,
            "childNodeCount": 28,
            "localName": "body",
            "nodeId": 34,
            "nodeName": "BODY",
            "nodeType": 1,
            "nodeValue": "",
            "parentId": 32
         } ],
         "frameId": "F04678564F21ED2B83F8A3B03BF6A49A",
         "localName": "html",
         "nodeId": 32,
         "nodeName": "HTML",
         "nodeType": 1,
         "nodeValue": "",
         "parentId": 29
      } ],
      "compatibilityMode": "NoQuirksMode",
      "documentURL": "https://www.rambler.ru/",
      "localName": "",
      "nodeId": 29,
      "nodeName": "#document",
      "nodeType": 9,
      "nodeValue": "",
      "xmlVersion": ""
   }
}
[1643918749.177][DEBUG]: DevTools WebSocket Command: Runtime.evaluate (id=108) F04678564F21ED2B83F8A3B03BF6A49A {
   "awaitPromise": false,
   "expression": "document.readyState",
   "returnByValue": true
}
[1643918749.463][DEBUG]: DevTools WebSocket Response: Runtime.evaluate (id=108) F04678564F21ED2B83F8A3B03BF6A49A {
   "result": {
      "type": "string",
      "value": "interactive"
   }
}
[1643918749.824][DEBUG]: DevTools WebSocket Event: DOM.childNodeCountUpdated F3179249790E28BE03DE310C579A548F {
   "childNodeCount": 0,
   "nodeId": 8
}
[1643918749.824][DEBUG]: DevTools WebSocket Event: Page.frameDetached F3179249790E28BE03DE310C579A548F {
   "frameId": "043065332DF89A3DE13522A27CAB3185",
   "reason": "remove"
}
[1643918749.824][DEBUG]: DevTools WebSocket Command: Runtime.evaluate (id=109) F04678564F21ED2B83F8A3B03BF6A49A {
   "expression": "1"
}
[1643918749.917][DEBUG]: DevTools WebSocket Response: Runtime.evaluate (id=109) F04678564F21ED2B83F8A3B03BF6A49A {
   "result": {
      "description": "1",
      "type": "number",
      "value": 1
   }
}
[1643918750.407][DEBUG]: DevTools WebSocket Event: Target.detachedFromTarget F04678564F21ED2B83F8A3B03BF6A49A {
   "sessionId": "F3179249790E28BE03DE310C579A548F",
   "targetId": "42D01493B97E9C89BBC7DD66FB8E9FBE"
}
[1643918750.407][DEBUG]: DevTools WebSocket Command: Runtime.evaluate (id=110) F04678564F21ED2B83F8A3B03BF6A49A {
   "expression": "1"
}
[1643918750.864][DEBUG]: DevTools WebSocket Response: Runtime.evaluate (id=110) F04678564F21ED2B83F8A3B03BF6A49A {
   "result": {
      "description": "1",
      "type": "number",
      "value": 1
   }
}
[1643918751.078][DEBUG]: DevTools WebSocket Event: Target.attachedToTarget F04678564F21ED2B83F8A3B03BF6A49A {
   "sessionId": "2AF0BC2E871682B7A7B52387EFB1A1DC",
   "targetInfo": {
      "attached": true,
      "browserContextId": "141973644B59A6D5EFC1D374D1ECC676",
      "canAccessOpener": false,
      "targetId": "BB7003F7C30F7AB4C83A616F9A4D46BC",
      "title": "Service Worker https://www.rambler.ru/sw-desktop.js",
      "type": "service_worker",
      "url": "https://www.rambler.ru/sw-desktop.js"
   },
   "waitingForDebugger": false
}
[1643918751.079][DEBUG]: DevTools WebSocket Command: Runtime.evaluate (id=111) F04678564F21ED2B83F8A3B03BF6A49A {
   "expression": "1"
}
[1643918751.150][DEBUG]: DevTools WebSocket Event: Page.loadEventFired F04678564F21ED2B83F8A3B03BF6A49A {
   "timestamp": 588100.51268
}
[1643918751.150][DEBUG]: DevTools WebSocket Command: Runtime.evaluate (id=112) F04678564F21ED2B83F8A3B03BF6A49A {
   "awaitPromise": false,
   "expression": "document.readyState",
   "returnByValue": true
}
[1643918751.160][DEBUG]: DevTools WebSocket Event: Page.frameStoppedLoading F04678564F21ED2B83F8A3B03BF6A49A {
   "frameId": "F04678564F21ED2B83F8A3B03BF6A49A"
}
[1643918751.209][DEBUG]: DevTools WebSocket Response: Runtime.evaluate (id=111) F04678564F21ED2B83F8A3B03BF6A49A {
   "result": {
      "description": "1",
      "type": "number",
      "value": 1
   }
}
[1643918751.253][DEBUG]: DevTools WebSocket Response: Runtime.evaluate (id=112) F04678564F21ED2B83F8A3B03BF6A49A {
   "result": {
      "type": "string",
      "value": "complete"
   }
}
[1643918751.253][INFO]: Done waiting for pending navigations. Status: ok
[1643918751.253][INFO]: [edca2231cae8720e2c64f44c6ba11a6c] RESPONSE Navigate
[1643918751.263][INFO]: [edca2231cae8720e2c64f44c6ba11a6c] COMMAND FindElement {
   "using": "xpath",
   "value": "//*[text()='Вход']"
}
[1643918751.263][INFO]: Waiting for pending navigations...
[1643918751.263][DEBUG]: DevTools WebSocket Command: Runtime.evaluate (id=113) F04678564F21ED2B83F8A3B03BF6A49A {
   "expression": "1"
}
[1643918751.376][DEBUG]: DevTools WebSocket Event: DOM.childNodeCountUpdated F04678564F21ED2B83F8A3B03BF6A49A {
   "childNodeCount": 29,
   "nodeId": 34
}
[1643918751.729][DEBUG]: DevTools WebSocket Event: DOM.childNodeCountUpdated F04678564F21ED2B83F8A3B03BF6A49A {
   "childNodeCount": 30,
   "nodeId": 34
}
[1643918751.729][DEBUG]: DevTools WebSocket Event: DOM.childNodeCountUpdated F04678564F21ED2B83F8A3B03BF6A49A {
   "childNodeCount": 31,
   "nodeId": 34
}
[1643918751.729][DEBUG]: DevTools WebSocket Event: DOM.childNodeCountUpdated F04678564F21ED2B83F8A3B03BF6A49A {
   "childNodeCount": 132,
   "nodeId": 33
}
[1643918751.894][DEBUG]: DevTools WebSocket Response: Runtime.evaluate (id=113) F04678564F21ED2B83F8A3B03BF6A49A {
   "result": {
      "description": "1",
      "type": "number",
      "value": 1
   }
}
[1643918751.894][INFO]: Done waiting for pending navigations. Status: ok
[1643918751.896][DEBUG]: DevTools WebSocket Command: Runtime.evaluate (id=114) F04678564F21ED2B83F8A3B03BF6A49A {
   "awaitPromise": true,
   "expression": "(function() { // Copyright (c) 2012 The Chromium Authors. All rights reserved.\n// Use of this source code is governed by a BSD-style license that can be\n// found in the LICENSE file.\n\n/**\n * Enum f...",
   "returnByValue": true
}
[1643918751.899][DEBUG]: DevTools WebSocket Event: DOM.childNodeCountUpdated F04678564F21ED2B83F8A3B03BF6A49A {
   "childNodeCount": 32,
   "nodeId": 34
}
[1643918751.899][DEBUG]: DevTools WebSocket Event: DOM.childNodeCountUpdated F04678564F21ED2B83F8A3B03BF6A49A {
   "childNodeCount": 133,
   "nodeId": 33
}
[1643918752.230][DEBUG]: DevTools WebSocket Event: DOM.childNodeCountUpdated F04678564F21ED2B83F8A3B03BF6A49A {
   "childNodeCount": 33,
   "nodeId": 34
}
[1643918752.230][DEBUG]: DevTools WebSocket Event: DOM.childNodeCountUpdated F04678564F21ED2B83F8A3B03BF6A49A {
   "childNodeCount": 34,
   "nodeId": 34
}
[1643918752.230][DEBUG]: DevTools WebSocket Event: DOM.childNodeCountUpdated F04678564F21ED2B83F8A3B03BF6A49A {
   "childNodeCount": 134,
   "nodeId": 33
}
[1643918753.194][DEBUG]: DevTools WebSocket Event: DOM.childNodeCountUpdated F04678564F21ED2B83F8A3B03BF6A49A {
   "childNodeCount": 35,
   "nodeId": 34
}
[1643918753.194][DEBUG]: DevTools WebSocket Event: DOM.childNodeCountUpdated F04678564F21ED2B83F8A3B03BF6A49A {
   "childNodeCount": 36,
   "nodeId": 34
}
[1643918753.194][DEBUG]: DevTools WebSocket Event: DOM.childNodeCountUpdated F04678564F21ED2B83F8A3B03BF6A49A {
   "childNodeCount": 135,
   "nodeId": 33
}
[1643918753.868][DEBUG]: DevTools WebSocket Event: DOM.childNodeCountUpdated F04678564F21ED2B83F8A3B03BF6A49A {
   "childNodeCount": 37,
   "nodeId": 34
}
[1643918753.868][DEBUG]: DevTools WebSocket Event: DOM.childNodeCountUpdated F04678564F21ED2B83F8A3B03BF6A49A {
   "childNodeCount": 38,
   "nodeId": 34
}
[1643918753.868][DEBUG]: DevTools WebSocket Event: DOM.childNodeCountUpdated F04678564F21ED2B83F8A3B03BF6A49A {
   "childNodeCount": 39,
   "nodeId": 34
}
[1643918754.212][DEBUG]: DevTools WebSocket Event: DOM.childNodeCountUpdated F04678564F21ED2B83F8A3B03BF6A49A {
   "childNodeCount": 40,
   "nodeId": 34
}
[1643918754.212][DEBUG]: DevTools WebSocket Event: DOM.childNodeCountUpdated F04678564F21ED2B83F8A3B03BF6A49A {
   "childNodeCount": 41,
   "nodeId": 34
}
[1643918754.212][DEBUG]: DevTools WebSocket Event: DOM.childNodeCountUpdated F04678564F21ED2B83F8A3B03BF6A49A {
   "childNodeCount": 42,
   "nodeId": 34
}
[1643918754.212][DEBUG]: DevTools WebSocket Event: DOM.childNodeCountUpdated F04678564F21ED2B83F8A3B03BF6A49A {
   "childNodeCount": 136,
   "nodeId": 33
}
[1643918754.922][DEBUG]: DevTools WebSocket Event: DOM.childNodeCountUpdated F04678564F21ED2B83F8A3B03BF6A49A {
   "childNodeCount": 43,
   "nodeId": 34
}
[1643918754.922][DEBUG]: DevTools WebSocket Event: DOM.childNodeCountUpdated F04678564F21ED2B83F8A3B03BF6A49A {
   "childNodeCount": 137,
   "nodeId": 33
}
[1643918754.922][DEBUG]: DevTools WebSocket Event: DOM.childNodeCountUpdated F04678564F21ED2B83F8A3B03BF6A49A {
   "childNodeCount": 44,
   "nodeId": 34
}
[1643918755.367][DEBUG]: DevTools WebSocket Event: DOM.childNodeCountUpdated F04678564F21ED2B83F8A3B03BF6A49A {
   "childNodeCount": 45,
   "nodeId": 34
}
[1643918755.367][DEBUG]: DevTools WebSocket Event: DOM.childNodeCountUpdated F04678564F21ED2B83F8A3B03BF6A49A {
   "childNodeCount": 46,
   "nodeId": 34
}
[1643918755.368][DEBUG]: DevTools WebSocket Event: DOM.childNodeCountUpdated F04678564F21ED2B83F8A3B03BF6A49A {
   "childNodeCount": 138,
   "nodeId": 33
}
[1643918755.729][DEBUG]: DevTools WebSocket Event: DOM.childNodeCountUpdated F04678564F21ED2B83F8A3B03BF6A49A {
   "childNodeCount": 47,
   "nodeId": 34
}
[1643918755.729][DEBUG]: DevTools WebSocket Event: DOM.childNodeCountUpdated F04678564F21ED2B83F8A3B03BF6A49A {
   "childNodeCount": 48,
   "nodeId": 34
}
[1643918755.729][DEBUG]: DevTools WebSocket Event: DOM.childNodeCountUpdated F04678564F21ED2B83F8A3B03BF6A49A {
   "childNodeCount": 139,
   "nodeId": 33
}
[1643918756.142][DEBUG]: DevTools WebSocket Event: DOM.childNodeCountUpdated F04678564F21ED2B83F8A3B03BF6A49A {
   "childNodeCount": 49,
   "nodeId": 34
}
[1643918756.142][DEBUG]: DevTools WebSocket Event: DOM.childNodeCountUpdated F04678564F21ED2B83F8A3B03BF6A49A {
   "childNodeCount": 140,
   "nodeId": 33
}
[1643918756.143][DEBUG]: DevTools WebSocket Event: DOM.childNodeCountUpdated F04678564F21ED2B83F8A3B03BF6A49A {
   "childNodeCount": 50,
   "nodeId": 34
}
[1643918756.840][DEBUG]: DevTools WebSocket Event: DOM.childNodeCountUpdated F04678564F21ED2B83F8A3B03BF6A49A {
   "childNodeCount": 51,
   "nodeId": 34
}
[1643918756.840][DEBUG]: DevTools WebSocket Event: DOM.childNodeCountUpdated F04678564F21ED2B83F8A3B03BF6A49A {
   "childNodeCount": 52,
   "nodeId": 34
}
[1643918756.840][DEBUG]: DevTools WebSocket Event: DOM.childNodeCountUpdated F04678564F21ED2B83F8A3B03BF6A49A {
   "childNodeCount": 141,
   "nodeId": 33
}
[1643918756.909][DEBUG]: DevTools WebSocket Response: Runtime.evaluate (id=114) F04678564F21ED2B83F8A3B03BF6A49A {
   "result": {
      "type": "object",
      "value": {
         "status": 0,
         "value": {
            "element-6066-11e4-a52e-4f735466cecf": "0469f469-9b8c-4df6-aba5-2a5531442b97"
         }
      }
   }
}
[1643918756.909][INFO]: Waiting for pending navigations...
[1643918756.909][DEBUG]: DevTools WebSocket Command: Runtime.evaluate (id=115) F04678564F21ED2B83F8A3B03BF6A49A {
   "expression": "1"
}
[1643918756.938][DEBUG]: DevTools WebSocket Event: Page.frameAttached F04678564F21ED2B83F8A3B03BF6A49A {
   "frameId": "7B89967295699F84C8D3736DE11956D6",
   "parentFrameId": "BEB5683F69DFF77157BAFF9EEB397586",
   "stack": {
      "callFrames": [ {
         "columnNumber": 283872,
         "functionName": "e.parseLinks",
         "lineNumber": 0,
         "scriptId": "209",
         "url": "https://ssp.rambler.ru/capirs_async.js"
      }, {
         "columnNumber": 318411,
         "functionName": "",
         "lineNumber": 0,
         "scriptId": "209",
         "url": "https://ssp.rambler.ru/capirs_async.js"
      } ]
   }
}
[1643918756.942][DEBUG]: DevTools WebSocket Event: Page.frameStartedLoading F04678564F21ED2B83F8A3B03BF6A49A {
   "frameId": "7B89967295699F84C8D3736DE11956D6"
}
[1643918757.107][DEBUG]: DevTools WebSocket Response: Runtime.evaluate (id=115) F04678564F21ED2B83F8A3B03BF6A49A {
   "result": {
      "description": "1",
      "type": "number",
      "value": 1
   }
}
[1643918757.107][INFO]: Done waiting for pending navigations. Status: ok
[1643918757.107][INFO]: [edca2231cae8720e2c64f44c6ba11a6c] RESPONSE FindElement {
   "element-6066-11e4-a52e-4f735466cecf": "0469f469-9b8c-4df6-aba5-2a5531442b97"
}
[1643918757.126][INFO]: [edca2231cae8720e2c64f44c6ba11a6c] COMMAND ExecuteScript {
   "args": [ {
      "element-6066-11e4-a52e-4f735466cecf": "0469f469-9b8c-4df6-aba5-2a5531442b97"
   } ],
   "script": "return (function(){return (function(){var k=this||self;function aa(a){return\"string\"==typeof a}function ba(a,b){a=a.split(\".\");var c=k;a[0]in c||\"undefined\"==typeof c.execScript||c.execScript(\"var \"+a[0]);for(var d;a.length&&(d=a.shift());)a.length||void 0===b?c[d]&&c[d]!==Object.prototype[d]?c=c[d]:c=c[d]={}:c[d]=b}\nfunction ca(a){var b=typeof a;if(\"object\"==b)if(a){if(a instanceof Array)return\"array\";if(a instanceof Object)return b;var c=Object.prototype.toString.call(a);if(\"[object Window]\"==c)return\"object\";if(\"[object Array]\"==c||\"number\"==typeof a.length&&\"undefined\"!=typeof a.splice&&\"undefined\"!=typeof a.propertyIsEnumerable&&!a.propertyIsEnumerable(\"splice\"))return\"array\";if(\"[object Function]\"==c||\"undefined\"!=typeof a.call&&\"undefined\"!=typeof a.propertyIsEnumerable&&!a.propertyIsEnumerable(\"call\"))return\"function\"}else return\"null\";\nelse if(\"function\"==b&&\"undefined\"==typeof a.call)return\"object\";return b}function da(a,b,c){return a.call.apply(a.bind,arguments)}function ea(a,b,c){if(!a)throw Error();if(2\u003Carguments.length){var d=Array.prototype.slice.call(arguments,2);return function(){var e=Array.prototype.slice.call(arguments);Array.prototype.unshift.apply(e,d);return a.apply(b,e)}}return function(){return a.apply(b,arguments)}}\nfunction fa(a,b,c){Function.prototype.bind&&-1!=Function.prototype.bind.toString().indexOf(\"native code\")?fa=da:fa=ea;return fa.apply(null,arguments)}function ha(a,b){var c=Array.prototype.slice.call(arguments,1);return function(){var d=c.slice();d.push.apply(d,arguments);return a.apply(this,d)}}function l(a,b){function c(){}c.prototype=b.prototype;a.prototype=new c;a.prototype.constructor=a};/*\n\n The MIT License\n\n Copyright (c) 2007 Cybozu Labs, Inc.\n Copyright (c) 2012 Google Inc.\n\n Permission is hereby granted, free of charge, to any person obtaining a copy\n of this software and associated documentation files (the \"Software\"), to\n deal in the Software without restriction, including without limitation the\n rights to use, copy, modify, merge, publish, distribute, sublicense, and/or\n sell copies of the Software, and to permit persons to whom the Software is\n furnished to do so, subject to the following conditions:\n\n The above copyright notice and this permission notice shall be included in\n all copies or substantial portions of the Software.\n\n THE SOFTWARE IS PROVIDED \"AS IS\", WITHOUT WARRANTY OF ANY KIND, EXPRESS OR\n IMPLIED, INCLUDING BUT NOT LIMITED TO THE WARRANTIES OF MERCHANTABILITY,\n FITNESS FOR A PARTICULAR PURPOSE AND NONINFRINGEMENT. IN NO EVENT SHALL THE\n AUTHORS OR COPYRIGHT HOLDERS BE LIABLE FOR ANY CLAIM, DAMAGES OR OTHER\n LIABILITY, WHETHER IN AN ACTION OF CONTRACT, TORT OR OTHERWISE, ARISING\n FROM, OUT OF OR IN CONNECTION WITH THE SOFTWARE OR THE USE OR OTHER DEALINGS\n IN THE SOFTWARE.\n*/\nfunction ia(a,b,c){this.a=a;this.b=b||1;this.f=c||1};var ja=Array.prototype.indexOf?function(a,b){return Array.prototype.indexOf.call(a,b,void 0)}:function(a,b){if(\"string\"===typeof a)return\"string\"!==typeof b||1!=b.length?-1:a.indexOf(b,0);for(var c=0;c\u003Ca.length;c++)if(c in a&&a[c]===b)return c;return-1},n=Array.prototype.forEach?function(a,b){Array.prototype.forEach.call(a,b,void 0)}:function(a,b){for(var c=a.length,d=\"string\"===typeof a?a.split(\"\"):a,e=0;e\u003Cc;e++)e in d&&b.call(void 0,d[e],e,a)},ka=Array.prototype.filter?function(a,b){return Array.prototype.filter.call(a,\nb,void 0)}:function(a,b){for(var c=a.length,d=[],e=0,f=\"string\"===typeof a?a.split(\"\"):a,g=0;g\u003Cc;g++)if(g in f){var h=f[g];b.call(void 0,h,g,a)&&(d[e++]=h)}return d},la=Array.prototype.reduce?function(a,b,c){return Array.prototype.reduce.call(a,b,c)}:function(a,b,c){var d=c;n(a,function(e,f){d=b.call(void 0,d,e,f,a)});return d},ma=Array.prototype.some?function(a,b){return Array.prototype.some.call(a,b,void 0)}:function(a,b){for(var c=a.length,d=\"string\"===typeof a?a.split(\"\"):a,e=0;e\u003Cc;e++)if(e in\nd&&b.call(void 0,d[e],e,a))return!0;return!1},na=Array.prototype.every?function(a,b){return Array.prototype.every.call(a,b,void 0)}:function(a,b){for(var c=a.length,d=\"string\"===typeof a?a.split(\"\"):a,e=0;e\u003Cc;e++)if(e in d&&!b.call(void 0,d[e],e,a))return!1;return!0};function oa(a,b){a:{for(var c=a.length,d=\"string\"===typeof a?a.split(\"\"):a,e=0;e\u003Cc;e++)if(e in d&&b.call(void 0,d[e],e,a)){b=e;break a}b=-1}return 0>b?null:\"string\"===typeof a?a.charAt(b):a[b]}\nfunction pa(a){return Array.prototype.concat.apply([],arguments)}function qa(a,b,c){return 2>=arguments.length?Array.prototype.slice.call(a,b):Array.prototype.slice.call(a,b,c)};var ra=String.prototype.trim?function(a){return a.trim()}:function(a){return/^[\\s\\xa0]*([\\s\\S]*?)[\\s\\xa0]*$/.exec(a)[1]};function sa(a,b){return a\u003Cb?-1:a>b?1:0};var t;a:{var ta=k.navigator;if(ta){var ua=ta.userAgent;if(ua){t=ua;break a}}t=\"\"}function u(a){return-1!=t.indexOf(a)};function va(){return u(\"Firefox\")||u(\"FxiOS\")}function wa(){return(u(\"Chrome\")||u(\"CriOS\"))&&!u(\"Edge\")};function xa(a){return String(a).replace(/\\-([a-z])/g,function(b,c){return c.toUpperCase()})};function ya(){return u(\"iPhone\")&&!u(\"iPod\")&&!u(\"iPad\")};function za(a,b){var c=Aa;return Object.prototype.hasOwnProperty.call(c,a)?c[a]:c[a]=b(a)};var Ba=u(\"Opera\"),v=u(\"Trident\")||u(\"MSIE\"),Ca=u(\"Edge\"),Da=u(\"Gecko\")&&!(-1!=t.toLowerCase().indexOf(\"webkit\")&&!u(\"Edge\"))&&!(u(\"Trident\")||u(\"MSIE\"))&&!u(\"Edge\"),Ea=-1!=t.toLowerCase().indexOf(\"webkit\")&&!u(\"Edge\");function Fa(){var a=k.document;return a?a.documentMode:void 0}var Ga;\na:{var Ha=\"\",Ia=function(){var a=t;if(Da)return/rv:([^\\);]+)(\\)|;)/.exec(a);if(Ca)return/Edge\\/([\\d\\.]+)/.exec(a);if(v)return/\\b(?:MSIE|rv)[: ]([^\\);]+)(\\)|;)/.exec(a);if(Ea)return/WebKit\\/(\\S+)/.exec(a);if(Ba)return/(?:Version)[ \\/]?(\\S+)/.exec(a)}();Ia&&(Ha=Ia?Ia[1]:\"\");if(v){var Ja=Fa();if(null!=Ja&&Ja>parseFloat(Ha)){Ga=String(Ja);break a}}Ga=Ha}var Aa={};\nfunction Ka(a){return za(a,function(){for(var b=0,c=ra(String(Ga)).split(\".\"),d=ra(String(a)).split(\".\"),e=Math.max(c.length,d.length),f=0;0==b&&f\u003Ce;f++){var g=c[f]||\"\",h=d[f]||\"\";do{g=/(\\d*)(\\D*)(.*)/.exec(g)||[\"\",\"\",\"\",\"\"];h=/(\\d*)(\\D*)(.*)/.exec(h)||[\"\",\"\",\"\",\"\"];if(0==g[0].length&&0==h[0].length)break;b=sa(0==g[1].length?0:parseInt(g[1],10),0==h[1].length?0:parseInt(h[1],10))||sa(0==g[2].length,0==h[2].length)||sa(g[2],h[2]);g=g[3];h=h[3]}while(0==b)}return 0\u003C=b})}var La;\nLa=k.document&&v?Fa():void 0;var x=v&&!(9\u003C=Number(La)),Ma=v&&!(8\u003C=Number(La));function Na(a,b,c,d){this.a=a;this.nodeName=c;this.nodeValue=d;this.nodeType=2;this.parentNode=this.ownerElement=b}function Oa(a,b){var c=Ma&&\"href\"==b.nodeName?a.getAttribute(b.nodeName,2):b.nodeValue;return new Na(b,a,b.nodeName,c)};function Pa(a){this.b=a;this.a=0}function Qa(a){a=a.match(Ra);for(var b=0;b\u003Ca.length;b++)Sa.test(a[b])&&a.splice(b,1);return new Pa(a)}var Ra=/\\$?(?:(?![0-9-\\.])(?:\\*|[\\w-\\.]+):)?(?![0-9-\\.])(?:\\*|[\\w-\\.]+)|\\/\\/|\\.\\.|::|\\d+(?:\\.\\d*)?|\\.\\d+|\"[^\"]*\"|'[^']*'|[!\u003C>]=|\\s+|./g,Sa=/^\\s/;function y(a,b){return a.b[a.a+(b||0)]}function z(a){return a.b[a.a++]}function Ta(a){return a.b.length\u003C=a.a};function Ua(a,b){this.x=void 0!==a?a:0;this.y=void 0!==b?b:0}Ua.prototype.ceil=function(){this.x=Math.ceil(this.x);this.y=Math.ceil(this.y);return this};Ua.prototype.floor=function(){this.x=Math.floor(this.x);this.y=Math.floor(this.y);return this};Ua.prototype.round=function(){this.x=Math.round(this.x);this.y=Math.round(this.y);return this};function Va(a,b){this.width=a;this.height=b}Va.prototype.aspectRatio=function(){return this.width/this.height};Va.prototype.ceil=function(){this.width=Math.ceil(this.width);this.height=Math.ceil(this.height);return this};Va.prototype.floor=function(){this.width=Math.floor(this.width);this.height=Math.floor(this.height);return this};Va.prototype.round=function(){this.width=Math.round(this.width);this.height=Math.round(this.height);return this};function Wa(a,b){if(!a||!b)return!1;if(a.contains&&1==b.nodeType)return a==b||a.contains(b);if(\"undefined\"!=typeof a.compareDocumentPosition)return a==b||!!(a.compareDocumentPosition(b)&16);for(;b&&a!=b;)b=b.parentNode;return b==a}\nfunction Xa(a,b){if(a==b)return 0;if(a.compareDocumentPosition)return a.compareDocumentPosition(b)&2?1:-1;if(v&&!(9\u003C=Number(La))){if(9==a.nodeType)return-1;if(9==b.nodeType)return 1}if(\"sourceIndex\"in a||a.parentNode&&\"sourceIndex\"in a.parentNode){var c=1==a.nodeType,d=1==b.nodeType;if(c&&d)return a.sourceIndex-b.sourceIndex;var e=a.parentNode,f=b.parentNode;return e==f?Ya(a,b):!c&&Wa(e,b)?-1*Za(a,b):!d&&Wa(f,a)?Za(b,a):(c?a.sourceIndex:e.sourceIndex)-(d?b.sourceIndex:f.sourceIndex)}d=A(a);c=d.createRange();\nc.selectNode(a);c.collapse(!0);a=d.createRange();a.selectNode(b);a.collapse(!0);return c.compareBoundaryPoints(k.Range.START_TO_END,a)}function Za(a,b){var c=a.parentNode;if(c==b)return-1;for(;b.parentNode!=c;)b=b.parentNode;return Ya(b,a)}function Ya(a,b){for(;b=b.previousSibling;)if(b==a)return-1;return 1}function A(a){return 9==a.nodeType?a:a.ownerDocument||a.document}function $a(a,b){a&&(a=a.parentNode);for(var c=0;a;){if(b(a))return a;a=a.parentNode;c++}return null}\nfunction ab(a){this.a=a||k.document||document}ab.prototype.getElementsByTagName=function(a,b){return(b||this.a).getElementsByTagName(String(a))};function B(a){var b=null,c=a.nodeType;1==c&&(b=a.textContent,b=void 0==b||null==b?a.innerText:b,b=void 0==b||null==b?\"\":b);if(\"string\"!=typeof b)if(x&&\"title\"==a.nodeName.toLowerCase()&&1==c)b=a.text;else if(9==c||1==c){a=9==c?a.documentElement:a.firstChild;c=0;var d=[];for(b=\"\";a;){do 1!=a.nodeType&&(b+=a.nodeValue),x&&\"title\"==a.nodeName.toLowerCase()&&(b+=a.text),d[c++]=a;while(a=a.firstChild);for(;c&&!(a=d[--c].nextSibling););}}else b=a.nodeValue;return b}\nfunction C(a,b,c){if(null===b)return!0;try{if(!a.getAttribute)return!1}catch(d){return!1}Ma&&\"class\"==b&&(b=\"className\");return null==c?!!a.getAttribute(b):a.getAttribute(b,2)==c}function bb(a,b,c,d,e){return(x?cb:db).call(null,a,b,aa(c)?c:null,aa(d)?d:null,e||new E)}\nfunction cb(a,b,c,d,e){if(a instanceof F||8==a.b||c&&null===a.b){var f=b.all;if(!f)return e;a=eb(a);if(\"*\"!=a&&(f=b.getElementsByTagName(a),!f))return e;if(c){for(var g=[],h=0;b=f[h++];)C(b,c,d)&&g.push(b);f=g}for(h=0;b=f[h++];)\"*\"==a&&\"!\"==b.tagName||e.add(b);return e}fb(a,b,c,d,e);return e}\nfunction db(a,b,c,d,e){b.getElementsByName&&d&&\"name\"==c&&!v?(b=b.getElementsByName(d),n(b,function(f){a.a(f)&&e.add(f)})):b.getElementsByClassName&&d&&\"class\"==c?(b=b.getElementsByClassName(d),n(b,function(f){f.className==d&&a.a(f)&&e.add(f)})):a instanceof G?fb(a,b,c,d,e):b.getElementsByTagName&&(b=b.getElementsByTagName(a.f()),n(b,function(f){C(f,c,d)&&e.add(f)}));return e}\nfunction gb(a,b,c,d,e){var f;if((a instanceof F||8==a.b||c&&null===a.b)&&(f=b.childNodes)){var g=eb(a);if(\"*\"!=g&&(f=ka(f,function(h){return h.tagName&&h.tagName.toLowerCase()==g}),!f))return e;c&&(f=ka(f,function(h){return C(h,c,d)}));n(f,function(h){\"*\"==g&&(\"!\"==h.tagName||\"*\"==g&&1!=h.nodeType)||e.add(h)});return e}return hb(a,b,c,d,e)}function hb(a,b,c,d,e){for(b=b.firstChild;b;b=b.nextSibling)C(b,c,d)&&a.a(b)&&e.add(b);return e}\nfunction fb(a,b,c,d,e){for(b=b.firstChild;b;b=b.nextSibling)C(b,c,d)&&a.a(b)&&e.add(b),fb(a,b,c,d,e)}function eb(a){if(a instanceof G){if(8==a.b)return\"!\";if(null===a.b)return\"*\"}return a.f()};function E(){this.b=this.a=null;this.l=0}function ib(a){this.f=a;this.a=this.b=null}function kb(a,b){if(!a.a)return b;if(!b.a)return a;var c=a.a;b=b.a;for(var d=null,e,f=0;c&&b;){e=c.f;var g=b.f;e==g||e instanceof Na&&g instanceof Na&&e.a==g.a?(e=c,c=c.a,b=b.a):0\u003CXa(c.f,b.f)?(e=b,b=b.a):(e=c,c=c.a);(e.b=d)?d.a=e:a.a=e;d=e;f++}for(e=c||b;e;)e.b=d,d=d.a=e,f++,e=e.a;a.b=d;a.l=f;return a}function lb(a,b){b=new ib(b);b.a=a.a;a.b?a.a.b=b:a.a=a.b=b;a.a=b;a.l++}\nE.prototype.add=function(a){a=new ib(a);a.b=this.b;this.a?this.b.a=a:this.a=this.b=a;this.b=a;this.l++};function mb(a){return(a=a.a)?a.f:null}function nb(a){return(a=mb(a))?B(a):\"\"}function H(a,b){return new ob(a,!!b)}function ob(a,b){this.f=a;this.b=(this.s=b)?a.b:a.a;this.a=null}function I(a){var b=a.b;if(null==b)return null;var c=a.a=b;a.b=a.s?b.b:b.a;return c.f};function J(a){this.i=a;this.b=this.g=!1;this.f=null}function K(a){return\"\\n  \"+a.toString().split(\"\\n\").join(\"\\n  \")}function pb(a,b){a.g=b}function qb(a,b){a.b=b}function N(a,b){a=a.a(b);return a instanceof E?+nb(a):+a}function O(a,b){a=a.a(b);return a instanceof E?nb(a):\"\"+a}function rb(a,b){a=a.a(b);return a instanceof E?!!a.l:!!a};function sb(a,b,c){J.call(this,a.i);this.c=a;this.h=b;this.o=c;this.g=b.g||c.g;this.b=b.b||c.b;this.c==tb&&(c.b||c.g||4==c.i||0==c.i||!b.f?b.b||b.g||4==b.i||0==b.i||!c.f||(this.f={name:c.f.name,u:b}):this.f={name:b.f.name,u:c})}l(sb,J);\nfunction ub(a,b,c,d,e){b=b.a(d);c=c.a(d);var f;if(b instanceof E&&c instanceof E){b=H(b);for(d=I(b);d;d=I(b))for(e=H(c),f=I(e);f;f=I(e))if(a(B(d),B(f)))return!0;return!1}if(b instanceof E||c instanceof E){b instanceof E?(e=b,d=c):(e=c,d=b);f=H(e);for(var g=typeof d,h=I(f);h;h=I(f)){switch(g){case \"number\":h=+B(h);break;case \"boolean\":h=!!B(h);break;case \"string\":h=B(h);break;default:throw Error(\"Illegal primitive type for comparison.\");}if(e==b&&a(h,d)||e==c&&a(d,h))return!0}return!1}return e?\"boolean\"==\ntypeof b||\"boolean\"==typeof c?a(!!b,!!c):\"number\"==typeof b||\"number\"==typeof c?a(+b,+c):a(b,c):a(+b,+c)}sb.prototype.a=function(a){return this.c.m(this.h,this.o,a)};sb.prototype.toString=function(){var a=\"Binary Expression: \"+this.c;a+=K(this.h);return a+=K(this.o)};function vb(a,b,c,d){this.I=a;this.D=b;this.i=c;this.m=d}vb.prototype.toString=function(){return this.I};var wb={};\nfunction P(a,b,c,d){if(wb.hasOwnProperty(a))throw Error(\"Binary operator already created: \"+a);a=new vb(a,b,c,d);return wb[a.toString()]=a}P(\"div\",6,1,function(a,b,c){return N(a,c)/N(b,c)});P(\"mod\",6,1,function(a,b,c){return N(a,c)%N(b,c)});P(\"*\",6,1,function(a,b,c){return N(a,c)*N(b,c)});P(\"+\",5,1,function(a,b,c){return N(a,c)+N(b,c)});P(\"-\",5,1,function(a,b,c){return N(a,c)-N(b,c)});P(\"\u003C\",4,2,function(a,b,c){return ub(function(d,e){return d\u003Ce},a,b,c)});\nP(\">\",4,2,function(a,b,c){return ub(function(d,e){return d>e},a,b,c)});P(\"\u003C=\",4,2,function(a,b,c){return ub(function(d,e){return d\u003C=e},a,b,c)});P(\">=\",4,2,function(a,b,c){return ub(function(d,e){return d>=e},a,b,c)});var tb=P(\"=\",3,2,function(a,b,c){return ub(function(d,e){return d==e},a,b,c,!0)});P(\"!=\",3,2,function(a,b,c){return ub(function(d,e){return d!=e},a,b,c,!0)});P(\"and\",2,2,function(a,b,c){return rb(a,c)&&rb(b,c)});P(\"or\",1,2,function(a,b,c){return rb(a,c)||rb(b,c)});function xb(a,b){if(b.a.length&&4!=a.i)throw Error(\"Primary expression must evaluate to nodeset if filter has predicate(s).\");J.call(this,a.i);this.c=a;this.h=b;this.g=a.g;this.b=a.b}l(xb,J);xb.prototype.a=function(a){a=this.c.a(a);return yb(this.h,a)};xb.prototype.toString=function(){var a=\"Filter:\"+K(this.c);return a+=K(this.h)};function zb(a,b){if(b.length\u003Ca.C)throw Error(\"Function \"+a.j+\" expects at least\"+a.C+\" arguments, \"+b.length+\" given\");if(null!==a.B&&b.length>a.B)throw Error(\"Function \"+a.j+\" expects at most \"+a.B+\" arguments, \"+b.length+\" given\");a.H&&n(b,function(c,d){if(4!=c.i)throw Error(\"Argument \"+d+\" to function \"+a.j+\" is not of type Nodeset: \"+c);});J.call(this,a.i);this.v=a;this.c=b;pb(this,a.g||ma(b,function(c){return c.g}));qb(this,a.G&&!b.length||a.F&&!!b.length||ma(b,function(c){return c.b}))}\nl(zb,J);zb.prototype.a=function(a){return this.v.m.apply(null,pa(a,this.c))};zb.prototype.toString=function(){var a=\"Function: \"+this.v;if(this.c.length){var b=la(this.c,function(c,d){return c+K(d)},\"Arguments:\");a+=K(b)}return a};function Ab(a,b,c,d,e,f,g,h){this.j=a;this.i=b;this.g=c;this.G=d;this.F=!1;this.m=e;this.C=f;this.B=void 0!==g?g:f;this.H=!!h}Ab.prototype.toString=function(){return this.j};var Bb={};\nfunction Q(a,b,c,d,e,f,g,h){if(Bb.hasOwnProperty(a))throw Error(\"Function already created: \"+a+\".\");Bb[a]=new Ab(a,b,c,d,e,f,g,h)}Q(\"boolean\",2,!1,!1,function(a,b){return rb(b,a)},1);Q(\"ceiling\",1,!1,!1,function(a,b){return Math.ceil(N(b,a))},1);Q(\"concat\",3,!1,!1,function(a,b){return la(qa(arguments,1),function(c,d){return c+O(d,a)},\"\")},2,null);Q(\"contains\",2,!1,!1,function(a,b,c){b=O(b,a);a=O(c,a);return-1!=b.indexOf(a)},2);Q(\"count\",1,!1,!1,function(a,b){return b.a(a).l},1,1,!0);\nQ(\"false\",2,!1,!1,function(){return!1},0);Q(\"floor\",1,!1,!1,function(a,b){return Math.floor(N(b,a))},1);Q(\"id\",4,!1,!1,function(a,b){function c(h){if(x){var m=e.all[h];if(m){if(m.nodeType&&h==m.id)return m;if(m.length)return oa(m,function(w){return h==w.id})}return null}return e.getElementById(h)}var d=a.a,e=9==d.nodeType?d:d.ownerDocument;a=O(b,a).split(/\\s+/);var f=[];n(a,function(h){h=c(h);!h||0\u003C=ja(f,h)||f.push(h)});f.sort(Xa);var g=new E;n(f,function(h){g.add(h)});return g},1);\nQ(\"lang\",2,!1,!1,function(){return!1},1);Q(\"last\",1,!0,!1,function(a){if(1!=arguments.length)throw Error(\"Function last expects ()\");return a.f},0);Q(\"local-name\",3,!1,!0,function(a,b){return(a=b?mb(b.a(a)):a.a)?a.localName||a.nodeName.toLowerCase():\"\"},0,1,!0);Q(\"name\",3,!1,!0,function(a,b){return(a=b?mb(b.a(a)):a.a)?a.nodeName.toLowerCase():\"\"},0,1,!0);Q(\"namespace-uri\",3,!0,!1,function(){return\"\"},0,1,!0);\nQ(\"normalize-space\",3,!1,!0,function(a,b){return(b?O(b,a):B(a.a)).replace(/[\\s\\xa0]+/g,\" \").replace(/^\\s+|\\s+$/g,\"\")},0,1);Q(\"not\",2,!1,!1,function(a,b){return!rb(b,a)},1);Q(\"number\",1,!1,!0,function(a,b){return b?N(b,a):+B(a.a)},0,1);Q(\"position\",1,!0,!1,function(a){return a.b},0);Q(\"round\",1,!1,!1,function(a,b){return Math.round(N(b,a))},1);Q(\"starts-with\",2,!1,!1,function(a,b,c){b=O(b,a);a=O(c,a);return 0==b.lastIndexOf(a,0)},2);Q(\"string\",3,!1,!0,function(a,b){return b?O(b,a):B(a.a)},0,1);\nQ(\"string-length\",1,!1,!0,function(a,b){return(b?O(b,a):B(a.a)).length},0,1);Q(\"substring\",3,!1,!1,function(a,b,c,d){c=N(c,a);if(isNaN(c)||Infinity==c||-Infinity==c)return\"\";d=d?N(d,a):Infinity;if(isNaN(d)||-Infinity===d)return\"\";c=Math.round(c)-1;var e=Math.max(c,0);a=O(b,a);return Infinity==d?a.substring(e):a.substring(e,c+Math.round(d))},2,3);Q(\"substring-after\",3,!1,!1,function(a,b,c){b=O(b,a);a=O(c,a);c=b.indexOf(a);return-1==c?\"\":b.substring(c+a.length)},2);\nQ(\"substring-before\",3,!1,!1,function(a,b,c){b=O(b,a);a=O(c,a);a=b.indexOf(a);return-1==a?\"\":b.substring(0,a)},2);Q(\"sum\",1,!1,!1,function(a,b){a=H(b.a(a));b=0;for(var c=I(a);c;c=I(a))b+=+B(c);return b},1,1,!0);Q(\"translate\",3,!1,!1,function(a,b,c,d){b=O(b,a);c=O(c,a);var e=O(d,a);a={};for(d=0;d\u003Cc.length;d++){var f=c.charAt(d);f in a||(a[f]=e.charAt(d))}c=\"\";for(d=0;d\u003Cb.length;d++)f=b.charAt(d),c+=f in a?a[f]:f;return c},3);Q(\"true\",2,!1,!1,function(){return!0},0);function G(a,b){this.h=a;this.c=void 0!==b?b:null;this.b=null;switch(a){case \"comment\":this.b=8;break;case \"text\":this.b=3;break;case \"processing-instruction\":this.b=7;break;case \"node\":break;default:throw Error(\"Unexpected argument\");}}function Cb(a){return\"comment\"==a||\"text\"==a||\"processing-instruction\"==a||\"node\"==a}G.prototype.a=function(a){return null===this.b||this.b==a.nodeType};G.prototype.f=function(){return this.h};\nG.prototype.toString=function(){var a=\"Kind Test: \"+this.h;null===this.c||(a+=K(this.c));return a};function Db(a){J.call(this,3);this.c=a.substring(1,a.length-1)}l(Db,J);Db.prototype.a=function(){return this.c};Db.prototype.toString=function(){return\"Literal: \"+this.c};function F(a,b){this.j=a.toLowerCase();a=\"*\"==this.j?\"*\":\"http://www.w3.org/1999/xhtml\";this.c=b?b.toLowerCase():a}F.prototype.a=function(a){var b=a.nodeType;if(1!=b&&2!=b)return!1;b=void 0!==a.localName?a.localName:a.nodeName;return\"*\"!=this.j&&this.j!=b.toLowerCase()?!1:\"*\"==this.c?!0:this.c==(a.namespaceURI?a.namespaceURI.toLowerCase():\"http://www.w3.org/1999/xhtml\")};F.prototype.f=function(){return this.j};\nF.prototype.toString=function(){return\"Name Test: \"+(\"http://www.w3.org/1999/xhtml\"==this.c?\"\":this.c+\":\")+this.j};function Eb(a){J.call(this,1);this.c=a}l(Eb,J);Eb.prototype.a=function(){return this.c};Eb.prototype.toString=function(){return\"Number: \"+this.c};function Fb(a,b){J.call(this,a.i);this.h=a;this.c=b;this.g=a.g;this.b=a.b;1==this.c.length&&(a=this.c[0],a.A||a.c!=Gb||(a=a.o,\"*\"!=a.f()&&(this.f={name:a.f(),u:null})))}l(Fb,J);function Hb(){J.call(this,4)}l(Hb,J);Hb.prototype.a=function(a){var b=new E;a=a.a;9==a.nodeType?b.add(a):b.add(a.ownerDocument);return b};Hb.prototype.toString=function(){return\"Root Helper Expression\"};function Ib(){J.call(this,4)}l(Ib,J);Ib.prototype.a=function(a){var b=new E;b.add(a.a);return b};Ib.prototype.toString=function(){return\"Context Helper Expression\"};\nfunction Jb(a){return\"/\"==a||\"//\"==a}Fb.prototype.a=function(a){var b=this.h.a(a);if(!(b instanceof E))throw Error(\"Filter expression must evaluate to nodeset.\");a=this.c;for(var c=0,d=a.length;c\u003Cd&&b.l;c++){var e=a[c],f=H(b,e.c.s);if(e.g||e.c!=Kb)if(e.g||e.c!=Lb){var g=I(f);for(b=e.a(new ia(g));null!=(g=I(f));)g=e.a(new ia(g)),b=kb(b,g)}else g=I(f),b=e.a(new ia(g));else{for(g=I(f);(b=I(f))&&(!g.contains||g.contains(b))&&b.compareDocumentPosition(g)&8;g=b);b=e.a(new ia(g))}}return b};\nFb.prototype.toString=function(){var a=\"Path Expression:\"+K(this.h);if(this.c.length){var b=la(this.c,function(c,d){return c+K(d)},\"Steps:\");a+=K(b)}return a};function Mb(a,b){this.a=a;this.s=!!b}\nfunction yb(a,b,c){for(c=c||0;c\u003Ca.a.length;c++)for(var d=a.a[c],e=H(b),f=b.l,g,h=0;g=I(e);h++){var m=a.s?f-h:h+1;g=d.a(new ia(g,m,f));if(\"number\"==typeof g)m=m==g;else if(\"string\"==typeof g||\"boolean\"==typeof g)m=!!g;else if(g instanceof E)m=0\u003Cg.l;else throw Error(\"Predicate.evaluate returned an unexpected type.\");if(!m){m=e;g=m.f;var w=m.a;if(!w)throw Error(\"Next must be called at least once before remove.\");var r=w.b;w=w.a;r?r.a=w:g.a=w;w?w.b=r:g.b=r;g.l--;m.a=null}}return b}\nMb.prototype.toString=function(){return la(this.a,function(a,b){return a+K(b)},\"Predicates:\")};function R(a,b,c,d){J.call(this,4);this.c=a;this.o=b;this.h=c||new Mb([]);this.A=!!d;b=this.h;b=0\u003Cb.a.length?b.a[0].f:null;a.J&&b&&(a=b.name,a=x?a.toLowerCase():a,this.f={name:a,u:b.u});a:{a=this.h;for(b=0;b\u003Ca.a.length;b++)if(c=a.a[b],c.g||1==c.i||0==c.i){a=!0;break a}a=!1}this.g=a}l(R,J);\nR.prototype.a=function(a){var b=a.a,c=this.f,d=null,e=null,f=0;c&&(d=c.name,e=c.u?O(c.u,a):null,f=1);if(this.A)if(this.g||this.c!=Nb)if(b=H((new R(Ob,new G(\"node\"))).a(a)),c=I(b))for(a=this.m(c,d,e,f);null!=(c=I(b));)a=kb(a,this.m(c,d,e,f));else a=new E;else a=bb(this.o,b,d,e),a=yb(this.h,a,f);else a=this.m(a.a,d,e,f);return a};R.prototype.m=function(a,b,c,d){a=this.c.v(this.o,a,b,c);return a=yb(this.h,a,d)};\nR.prototype.toString=function(){var a=\"Step:\"+K(\"Operator: \"+(this.A?\"//\":\"/\"));this.c.j&&(a+=K(\"Axis: \"+this.c));a+=K(this.o);if(this.h.a.length){var b=la(this.h.a,function(c,d){return c+K(d)},\"Predicates:\");a+=K(b)}return a};function Pb(a,b,c,d){this.j=a;this.v=b;this.s=c;this.J=d}Pb.prototype.toString=function(){return this.j};var Qb={};function S(a,b,c,d){if(Qb.hasOwnProperty(a))throw Error(\"Axis already created: \"+a);b=new Pb(a,b,c,!!d);return Qb[a]=b}\nS(\"ancestor\",function(a,b){for(var c=new E;b=b.parentNode;)a.a(b)&&lb(c,b);return c},!0);S(\"ancestor-or-self\",function(a,b){var c=new E;do a.a(b)&&lb(c,b);while(b=b.parentNode);return c},!0);\nvar Gb=S(\"attribute\",function(a,b){var c=new E,d=a.f();if(\"style\"==d&&x&&b.style)return c.add(new Na(b.style,b,\"style\",b.style.cssText)),c;var e=b.attributes;if(e)if(a instanceof G&&null===a.b||\"*\"==d)for(a=0;d=e[a];a++)x?d.nodeValue&&c.add(Oa(b,d)):c.add(d);else(d=e.getNamedItem(d))&&(x?d.nodeValue&&c.add(Oa(b,d)):c.add(d));return c},!1),Nb=S(\"child\",function(a,b,c,d,e){return(x?gb:hb).call(null,a,b,aa(c)?c:null,aa(d)?d:null,e||new E)},!1,!0);S(\"descendant\",bb,!1,!0);\nvar Ob=S(\"descendant-or-self\",function(a,b,c,d){var e=new E;C(b,c,d)&&a.a(b)&&e.add(b);return bb(a,b,c,d,e)},!1,!0),Kb=S(\"following\",function(a,b,c,d){var e=new E;do for(var f=b;f=f.nextSibling;)C(f,c,d)&&a.a(f)&&e.add(f),e=bb(a,f,c,d,e);while(b=b.parentNode);return e},!1,!0);S(\"following-sibling\",function(a,b){for(var c=new E;b=b.nextSibling;)a.a(b)&&c.add(b);return c},!1);S(\"namespace\",function(){return new E},!1);\nvar Rb=S(\"parent\",function(a,b){var c=new E;if(9==b.nodeType)return c;if(2==b.nodeType)return c.add(b.ownerElement),c;b=b.parentNode;a.a(b)&&c.add(b);return c},!1),Lb=S(\"preceding\",function(a,b,c,d){var e=new E,f=[];do f.unshift(b);while(b=b.parentNode);for(var g=1,h=f.length;g\u003Ch;g++){var m=[];for(b=f[g];b=b.previousSibling;)m.unshift(b);for(var w=0,r=m.length;w\u003Cr;w++)b=m[w],C(b,c,d)&&a.a(b)&&e.add(b),e=bb(a,b,c,d,e)}return e},!0,!0);\nS(\"preceding-sibling\",function(a,b){for(var c=new E;b=b.previousSibling;)a.a(b)&&lb(c,b);return c},!0);var Sb=S(\"self\",function(a,b){var c=new E;a.a(b)&&c.add(b);return c},!1);function Tb(a){J.call(this,1);this.c=a;this.g=a.g;this.b=a.b}l(Tb,J);Tb.prototype.a=function(a){return-N(this.c,a)};Tb.prototype.toString=function(){return\"Unary Expression: -\"+K(this.c)};function Ub(a){J.call(this,4);this.c=a;pb(this,ma(this.c,function(b){return b.g}));qb(this,ma(this.c,function(b){return b.b}))}l(Ub,J);Ub.prototype.a=function(a){var b=new E;n(this.c,function(c){c=c.a(a);if(!(c instanceof E))throw Error(\"Path expression must evaluate to NodeSet.\");b=kb(b,c)});return b};Ub.prototype.toString=function(){return la(this.c,function(a,b){return a+K(b)},\"Union Expression:\")};function Vb(a,b){this.a=a;this.b=b}function Wb(a){for(var b,c=[];;){T(a,\"Missing right hand side of binary expression.\");b=Xb(a);var d=z(a.a);if(!d)break;var e=(d=wb[d]||null)&&d.D;if(!e){a.a.a--;break}for(;c.length&&e\u003C=c[c.length-1].D;)b=new sb(c.pop(),c.pop(),b);c.push(b,d)}for(;c.length;)b=new sb(c.pop(),c.pop(),b);return b}function T(a,b){if(Ta(a.a))throw Error(b);}function Yb(a,b){a=z(a.a);if(a!=b)throw Error(\"Bad token, expected: \"+b+\" got: \"+a);}\nfunction ac(a){a=z(a.a);if(\")\"!=a)throw Error(\"Bad token: \"+a);}function bc(a){a=z(a.a);if(2>a.length)throw Error(\"Unclosed literal string\");return new Db(a)}\nfunction cc(a){var b=[];if(Jb(y(a.a))){var c=z(a.a);var d=y(a.a);if(\"/\"==c&&(Ta(a.a)||\".\"!=d&&\"..\"!=d&&\"@\"!=d&&\"*\"!=d&&!/(?![0-9])[\\w]/.test(d)))return new Hb;d=new Hb;T(a,\"Missing next location step.\");c=dc(a,c);b.push(c)}else{a:{c=y(a.a);d=c.charAt(0);switch(d){case \"$\":throw Error(\"Variable reference not allowed in HTML XPath\");case \"(\":z(a.a);c=Wb(a);T(a,'unclosed \"(\"');Yb(a,\")\");break;case '\"':case \"'\":c=bc(a);break;default:if(isNaN(+c))if(!Cb(c)&&/(?![0-9])[\\w]/.test(d)&&\"(\"==y(a.a,1)){c=z(a.a);\nc=Bb[c]||null;z(a.a);for(d=[];\")\"!=y(a.a);){T(a,\"Missing function argument list.\");d.push(Wb(a));if(\",\"!=y(a.a))break;z(a.a)}T(a,\"Unclosed function argument list.\");ac(a);c=new zb(c,d)}else{c=null;break a}else c=new Eb(+z(a.a))}\"[\"==y(a.a)&&(d=new Mb(ec(a)),c=new xb(c,d))}if(c)if(Jb(y(a.a)))d=c;else return c;else c=dc(a,\"/\"),d=new Ib,b.push(c)}for(;Jb(y(a.a));)c=z(a.a),T(a,\"Missing next location step.\"),c=dc(a,c),b.push(c);return new Fb(d,b)}\nfunction dc(a,b){if(\"/\"!=b&&\"//\"!=b)throw Error('Step op should be \"/\" or \"//\"');if(\".\"==y(a.a)){var c=new R(Sb,new G(\"node\"));z(a.a);return c}if(\"..\"==y(a.a))return c=new R(Rb,new G(\"node\")),z(a.a),c;if(\"@\"==y(a.a)){var d=Gb;z(a.a);T(a,\"Missing attribute name\")}else if(\"::\"==y(a.a,1)){if(!/(?![0-9])[\\w]/.test(y(a.a).charAt(0)))throw Error(\"Bad token: \"+z(a.a));var e=z(a.a);d=Qb[e]||null;if(!d)throw Error(\"No axis with name: \"+e);z(a.a);T(a,\"Missing node name\")}else d=Nb;e=y(a.a);if(/(?![0-9])[\\w\\*]/.test(e.charAt(0)))if(\"(\"==\ny(a.a,1)){if(!Cb(e))throw Error(\"Invalid node type: \"+e);e=z(a.a);if(!Cb(e))throw Error(\"Invalid type name: \"+e);Yb(a,\"(\");T(a,\"Bad nodetype\");var f=y(a.a).charAt(0),g=null;if('\"'==f||\"'\"==f)g=bc(a);T(a,\"Bad nodetype\");ac(a);e=new G(e,g)}else if(e=z(a.a),f=e.indexOf(\":\"),-1==f)e=new F(e);else{g=e.substring(0,f);if(\"*\"==g)var h=\"*\";else if(h=a.b(g),!h)throw Error(\"Namespace prefix not declared: \"+g);e=e.substr(f+1);e=new F(e,h)}else throw Error(\"Bad token: \"+z(a.a));a=new Mb(ec(a),d.s);return c||new R(d,\ne,a,\"//\"==b)}function ec(a){for(var b=[];\"[\"==y(a.a);){z(a.a);T(a,\"Missing predicate expression.\");var c=Wb(a);b.push(c);T(a,\"Unclosed predicate expression.\");Yb(a,\"]\")}return b}function Xb(a){if(\"-\"==y(a.a))return z(a.a),new Tb(Xb(a));var b=cc(a);if(\"|\"!=y(a.a))a=b;else{for(b=[b];\"|\"==z(a.a);)T(a,\"Missing next union location path.\"),b.push(cc(a));a.a.a--;a=new Ub(b)}return a};function fc(a){switch(a.nodeType){case 1:return ha(gc,a);case 9:return fc(a.documentElement);case 11:case 10:case 6:case 12:return hc;default:return a.parentNode?fc(a.parentNode):hc}}function hc(){return null}function gc(a,b){if(a.prefix==b)return a.namespaceURI||\"http://www.w3.org/1999/xhtml\";var c=a.getAttributeNode(\"xmlns:\"+b);return c&&c.specified?c.value||null:a.parentNode&&9!=a.parentNode.nodeType?gc(a.parentNode,b):null};function ic(a,b){if(!a.length)throw Error(\"Empty XPath expression.\");a=Qa(a);if(Ta(a))throw Error(\"Invalid XPath expression.\");b?\"function\"==ca(b)||(b=fa(b.lookupNamespaceURI,b)):b=function(){return null};var c=Wb(new Vb(a,b));if(!Ta(a))throw Error(\"Bad token: \"+z(a));this.evaluate=function(d,e){d=c.a(new ia(d));return new U(d,e)}}\nfunction U(a,b){if(0==b)if(a instanceof E)b=4;else if(\"string\"==typeof a)b=2;else if(\"number\"==typeof a)b=1;else if(\"boolean\"==typeof a)b=3;else throw Error(\"Unexpected evaluation result.\");if(2!=b&&1!=b&&3!=b&&!(a instanceof E))throw Error(\"value could not be converted to the specified type\");this.resultType=b;switch(b){case 2:this.stringValue=a instanceof E?nb(a):\"\"+a;break;case 1:this.numberValue=a instanceof E?+nb(a):+a;break;case 3:this.booleanValue=a instanceof E?0\u003Ca.l:!!a;break;case 4:case 5:case 6:case 7:var c=\nH(a);var d=[];for(var e=I(c);e;e=I(c))d.push(e instanceof Na?e.a:e);this.snapshotLength=a.l;this.invalidIteratorState=!1;break;case 8:case 9:a=mb(a);this.singleNodeValue=a instanceof Na?a.a:a;break;default:throw Error(\"Unknown XPathResult type.\");}var f=0;this.iterateNext=function(){if(4!=b&&5!=b)throw Error(\"iterateNext called with wrong result type\");return f>=d.length?null:d[f++]};this.snapshotItem=function(g){if(6!=b&&7!=b)throw Error(\"snapshotItem called with wrong result type\");return g>=d.length||\n0>g?null:d[g]}}U.ANY_TYPE=0;U.NUMBER_TYPE=1;U.STRING_TYPE=2;U.BOOLEAN_TYPE=3;U.UNORDERED_NODE_ITERATOR_TYPE=4;U.ORDERED_NODE_ITERATOR_TYPE=5;U.UNORDERED_NODE_SNAPSHOT_TYPE=6;U.ORDERED_NODE_SNAPSHOT_TYPE=7;U.ANY_UNORDERED_NODE_TYPE=8;U.FIRST_ORDERED_NODE_TYPE=9;function jc(a){this.lookupNamespaceURI=fc(a)}\nfunction kc(a,b){a=a||k;var c=a.Document&&a.Document.prototype||a.document;if(!c.evaluate||b)a.XPathResult=U,c.evaluate=function(d,e,f,g){return(new ic(d,f)).evaluate(e,g)},c.createExpression=function(d,e){return new ic(d,e)},c.createNSResolver=function(d){return new jc(d)}}ba(\"wgxpath.install\",kc);ba(\"wgxpath.install\",kc);var lc={aliceblue:\"#f0f8ff\",antiquewhite:\"#faebd7\",aqua:\"#00ffff\",aquamarine:\"#7fffd4\",azure:\"#f0ffff\",beige:\"#f5f5dc\",bisque:\"#ffe4c4\",black:\"#000000\",blanchedalmond:\"#ffebcd\",blue:\"#0000ff\",blueviolet:\"#8a2be2\",brown:\"#a52a2a\",burlywood:\"#deb887\",cadetblue:\"#5f9ea0\",chartreuse:\"#7fff00\",chocolate:\"#d2691e\",coral:\"#ff7f50\",cornflowerblue:\"#6495ed\",cornsilk:\"#fff8dc\",crimson:\"#dc143c\",cyan:\"#00ffff\",darkblue:\"#00008b\",darkcyan:\"#008b8b\",darkgoldenrod:\"#b8860b\",darkgray:\"#a9a9a9\",darkgreen:\"#006400\",\ndarkgrey:\"#a9a9a9\",darkkhaki:\"#bdb76b\",darkmagenta:\"#8b008b\",darkolivegreen:\"#556b2f\",darkorange:\"#ff8c00\",darkorchid:\"#9932cc\",darkred:\"#8b0000\",darksalmon:\"#e9967a\",darkseagreen:\"#8fbc8f\",darkslateblue:\"#483d8b\",darkslategray:\"#2f4f4f\",darkslategrey:\"#2f4f4f\",darkturquoise:\"#00ced1\",darkviolet:\"#9400d3\",deeppink:\"#ff1493\",deepskyblue:\"#00bfff\",dimgray:\"#696969\",dimgrey:\"#696969\",dodgerblue:\"#1e90ff\",firebrick:\"#b22222\",floralwhite:\"#fffaf0\",forestgreen:\"#228b22\",fuchsia:\"#ff00ff\",gainsboro:\"#dcdcdc\",\nghostwhite:\"#f8f8ff\",gold:\"#ffd700\",goldenrod:\"#daa520\",gray:\"#808080\",green:\"#008000\",greenyellow:\"#adff2f\",grey:\"#808080\",honeydew:\"#f0fff0\",hotpink:\"#ff69b4\",indianred:\"#cd5c5c\",indigo:\"#4b0082\",ivory:\"#fffff0\",khaki:\"#f0e68c\",lavender:\"#e6e6fa\",lavenderblush:\"#fff0f5\",lawngreen:\"#7cfc00\",lemonchiffon:\"#fffacd\",lightblue:\"#add8e6\",lightcoral:\"#f08080\",lightcyan:\"#e0ffff\",lightgoldenrodyellow:\"#fafad2\",lightgray:\"#d3d3d3\",lightgreen:\"#90ee90\",lightgrey:\"#d3d3d3\",lightpink:\"#ffb6c1\",lightsalmon:\"#ffa07a\",\nlightseagreen:\"#20b2aa\",lightskyblue:\"#87cefa\",lightslategray:\"#778899\",lightslategrey:\"#778899\",lightsteelblue:\"#b0c4de\",lightyellow:\"#ffffe0\",lime:\"#00ff00\",limegreen:\"#32cd32\",linen:\"#faf0e6\",magenta:\"#ff00ff\",maroon:\"#800000\",mediumaquamarine:\"#66cdaa\",mediumblue:\"#0000cd\",mediumorchid:\"#ba55d3\",mediumpurple:\"#9370db\",mediumseagreen:\"#3cb371\",mediumslateblue:\"#7b68ee\",mediumspringgreen:\"#00fa9a\",mediumturquoise:\"#48d1cc\",mediumvioletred:\"#c71585\",midnightblue:\"#191970\",mintcream:\"#f5fffa\",mistyrose:\"#ffe4e1\",\nmoccasin:\"#ffe4b5\",navajowhite:\"#ffdead\",navy:\"#000080\",oldlace:\"#fdf5e6\",olive:\"#808000\",olivedrab:\"#6b8e23\",orange:\"#ffa500\",orangered:\"#ff4500\",orchid:\"#da70d6\",palegoldenrod:\"#eee8aa\",palegreen:\"#98fb98\",paleturquoise:\"#afeeee\",palevioletred:\"#db7093\",papayawhip:\"#ffefd5\",peachpuff:\"#ffdab9\",peru:\"#cd853f\",pink:\"#ffc0cb\",plum:\"#dda0dd\",powderblue:\"#b0e0e6\",purple:\"#800080\",red:\"#ff0000\",rosybrown:\"#bc8f8f\",royalblue:\"#4169e1\",saddlebrown:\"#8b4513\",salmon:\"#fa8072\",sandybrown:\"#f4a460\",seagreen:\"#2e8b57\",\nseashell:\"#fff5ee\",sienna:\"#a0522d\",silver:\"#c0c0c0\",skyblue:\"#87ceeb\",slateblue:\"#6a5acd\",slategray:\"#708090\",slategrey:\"#708090\",snow:\"#fffafa\",springgreen:\"#00ff7f\",steelblue:\"#4682b4\",tan:\"#d2b48c\",teal:\"#008080\",thistle:\"#d8bfd8\",tomato:\"#ff6347\",turquoise:\"#40e0d0\",violet:\"#ee82ee\",wheat:\"#f5deb3\",white:\"#ffffff\",whitesmoke:\"#f5f5f5\",yellow:\"#ffff00\",yellowgreen:\"#9acd32\"};var mc=\"backgroundColor borderTopColor borderRightColor borderBottomColor borderLeftColor color outlineColor\".split(\" \"),nc=/#([0-9a-fA-F])([0-9a-fA-F])([0-9a-fA-F])/,oc=/^#(?:[0-9a-f]{3}){1,2}$/i,pc=/^(?:rgba)?\\((\\d{1,3}),\\s?(\\d{1,3}),\\s?(\\d{1,3}),\\s?(0|1|0\\.\\d*)\\)$/i,qc=/^(?:rgb)?\\((0|[1-9]\\d{0,2}),\\s?(0|[1-9]\\d{0,2}),\\s?(0|[1-9]\\d{0,2})\\)$/i;function rc(a,b){this.code=a;this.a=V[a]||sc;this.message=b||\"\";a=this.a.replace(/((?:^|\\s+)[a-z])/g,function(c){return c.toUpperCase().replace(/^[\\s\\xa0]+/g,\"\")});b=a.length-5;if(0>b||a.indexOf(\"Error\",b)!=b)a+=\"Error\";this.name=a;a=Error(this.message);a.name=this.name;this.stack=a.stack||\"\"}l(rc,Error);var sc=\"unknown error\",V={15:\"element not selectable\",11:\"element not visible\"};V[31]=sc;V[30]=sc;V[24]=\"invalid cookie domain\";V[29]=\"invalid element coordinates\";V[12]=\"invalid element state\";\nV[32]=\"invalid selector\";V[51]=\"invalid selector\";V[52]=\"invalid selector\";V[17]=\"javascript error\";V[405]=\"unsupported operation\";V[34]=\"move target out of bounds\";V[27]=\"no such alert\";V[7]=\"no such element\";V[8]=\"no such frame\";V[23]=\"no such window\";V[28]=\"script timeout\";V[33]=\"session not created\";V[10]=\"stale element reference\";V[21]=\"timeout\";V[25]=\"unable to set cookie\";V[26]=\"unexpected alert open\";V[13]=sc;V[9]=\"unknown command\";var tc=va(),uc=ya()||u(\"iPod\"),vc=u(\"iPad\"),wc=u(\"Android\")&&!(wa()||va()||u(\"Opera\")||u(\"Silk\")),xc=wa(),yc=u(\"Safari\")&&!(wa()||u(\"Coast\")||u(\"Opera\")||u(\"Edge\")||u(\"Edg/\")||u(\"OPR\")||va()||u(\"Silk\")||u(\"Android\"))&&!(ya()||u(\"iPad\")||u(\"iPod\"));function zc(a){return(a=a.exec(t))?a[1]:\"\"}(function(){if(tc)return zc(/Firefox\\/([0-9.]+)/);if(v||Ca||Ba)return Ga;if(xc)return ya()||u(\"iPad\")||u(\"iPod\")?zc(/CriOS\\/([0-9.]+)/):zc(/Chrome\\/([0-9.]+)/);if(yc&&!(ya()||u(\"iPad\")||u(\"iPod\")))return zc(/Version\\/([0-9.]+)/);if(uc||vc){var a=/Version\\/(\\S+).*Mobile\\/(\\S+)/.exec(t);if(a)return a[1]+\".\"+a[2]}else if(wc)return(a=zc(/Android\\s+([0-9.]+)/))?a:zc(/Version\\/([0-9.]+)/);return\"\"})();var Ac,Bc=function(){if(!Da)return!1;var a=k.Components;if(!a)return!1;try{if(!a.classes)return!1}catch(e){return!1}var b=a.classes;a=a.interfaces;var c=b[\"@mozilla.org/xpcom/version-comparator;1\"].getService(a.nsIVersionComparator),d=b[\"@mozilla.org/xre/app-info;1\"].getService(a.nsIXULAppInfo).version;Ac=function(e){c.compare(d,\"\"+e)};return!0}(),Cc=v&&!(9\u003C=Number(La));wc&&Bc&&Ac(2.3);wc&&Bc&&Ac(4);yc&&Bc&&Ac(6);function W(a,b){b&&\"string\"!==typeof b&&(b=b.toString());return!!a&&1==a.nodeType&&(!b||a.tagName.toUpperCase()==b)};var Dc=function(){var a={K:\"http://www.w3.org/2000/svg\"};return function(b){return a[b]||null}}();\nfunction Ec(a,b){var c=A(a);if(!c.documentElement)return null;(v||wc)&&kc(c?c.parentWindow||c.defaultView:window);try{var d=c.createNSResolver?c.createNSResolver(c.documentElement):Dc;if(v&&!Ka(7))return c.evaluate.call(c,b,a,d,9,null);if(!v||9\u003C=Number(La)){for(var e={},f=c.getElementsByTagName(\"*\"),g=0;g\u003Cf.length;++g){var h=f[g],m=h.namespaceURI;if(m&&!e[m]){var w=h.lookupPrefix(m);if(!w){var r=m.match(\".*/(\\\\w+)/?$\");w=r?r[1]:\"xhtml\"}e[m]=w}}var D={},L;for(L in e)D[e[L]]=L;d=function(M){return D[M]||\nnull}}try{return c.evaluate(b,a,d,9,null)}catch(M){if(\"TypeError\"===M.name)return d=c.createNSResolver?c.createNSResolver(c.documentElement):Dc,c.evaluate(b,a,d,9,null);throw M;}}catch(M){if(!Da||\"NS_ERROR_ILLEGAL_VALUE\"!=M.name)throw new rc(32,\"Unable to locate an element with the xpath expression \"+b+\" because of the following error:\\n\"+M);}}\nfunction Fc(a,b){var c=function(){var d=Ec(b,a);return d?d.singleNodeValue||null:b.selectSingleNode?(d=A(b),d.setProperty&&d.setProperty(\"SelectionLanguage\",\"XPath\"),b.selectSingleNode(a)):null}();if(null!==c&&(!c||1!=c.nodeType))throw new rc(32,'The result of the xpath expression \"'+a+'\" is: '+c+\". It should be an element.\");return c};function Gc(a,b,c,d){this.c=a;this.a=b;this.b=c;this.f=d}Gc.prototype.ceil=function(){this.c=Math.ceil(this.c);this.a=Math.ceil(this.a);this.b=Math.ceil(this.b);this.f=Math.ceil(this.f);return this};Gc.prototype.floor=function(){this.c=Math.floor(this.c);this.a=Math.floor(this.a);this.b=Math.floor(this.b);this.f=Math.floor(this.f);return this};Gc.prototype.round=function(){this.c=Math.round(this.c);this.a=Math.round(this.a);this.b=Math.round(this.b);this.f=Math.round(this.f);return this};function X(a,b,c,d){this.a=a;this.b=b;this.width=c;this.height=d}X.prototype.ceil=function(){this.a=Math.ceil(this.a);this.b=Math.ceil(this.b);this.width=Math.ceil(this.width);this.height=Math.ceil(this.height);return this};X.prototype.floor=function(){this.a=Math.floor(this.a);this.b=Math.floor(this.b);this.width=Math.floor(this.width);this.height=Math.floor(this.height);return this};\nX.prototype.round=function(){this.a=Math.round(this.a);this.b=Math.round(this.b);this.width=Math.round(this.width);this.height=Math.round(this.height);return this};var Hc=\"function\"===typeof ShadowRoot;function Ic(a){for(a=a.parentNode;a&&1!=a.nodeType&&9!=a.nodeType&&11!=a.nodeType;)a=a.parentNode;return W(a)?a:null}\nfunction Y(a,b){b=xa(b);if(\"float\"==b||\"cssFloat\"==b||\"styleFloat\"==b)b=Cc?\"styleFloat\":\"cssFloat\";a:{var c=b;var d=A(a);if(d.defaultView&&d.defaultView.getComputedStyle&&(d=d.defaultView.getComputedStyle(a,null))){c=d[c]||d.getPropertyValue(c)||\"\";break a}c=\"\"}a=c||Jc(a,b);if(null===a)a=null;else if(0\u003C=ja(mc,b)){b:{var e=a.match(pc);if(e&&(b=Number(e[1]),c=Number(e[2]),d=Number(e[3]),e=Number(e[4]),0\u003C=b&&255>=b&&0\u003C=c&&255>=c&&0\u003C=d&&255>=d&&0\u003C=e&&1>=e)){b=[b,c,d,e];break b}b=null}if(!b)b:{if(d=a.match(qc))if(b=\nNumber(d[1]),c=Number(d[2]),d=Number(d[3]),0\u003C=b&&255>=b&&0\u003C=c&&255>=c&&0\u003C=d&&255>=d){b=[b,c,d,1];break b}b=null}if(!b)b:{b=a.toLowerCase();c=lc[b.toLowerCase()];if(!c&&(c=\"#\"==b.charAt(0)?b:\"#\"+b,4==c.length&&(c=c.replace(nc,\"#$1$1$2$2$3$3\")),!oc.test(c))){b=null;break b}b=[parseInt(c.substr(1,2),16),parseInt(c.substr(3,2),16),parseInt(c.substr(5,2),16),1]}a=b?\"rgba(\"+b.join(\", \")+\")\":a}return a}\nfunction Jc(a,b){var c=a.currentStyle||a.style,d=c[b];void 0===d&&\"function\"==ca(c.getPropertyValue)&&(d=c.getPropertyValue(b));return\"inherit\"!=d?void 0!==d?d:null:(a=Ic(a))?Jc(a,b):null}\nfunction Kc(a,b,c){function d(g){var h=Lc(g);return 0\u003Ch.height&&0\u003Ch.width?!0:W(g,\"PATH\")&&(0\u003Ch.height||0\u003Ch.width)?(g=Y(g,\"stroke-width\"),!!g&&0\u003CparseInt(g,10)):\"hidden\"!=Y(g,\"overflow\")&&ma(g.childNodes,function(m){return 3==m.nodeType||W(m)&&d(m)})}function e(g){return Mc(g)==Z&&na(g.childNodes,function(h){return!W(h)||e(h)||!d(h)})}if(!W(a))throw Error(\"Argument to isShown must be of type Element\");if(W(a,\"BODY\"))return!0;if(W(a,\"OPTION\")||W(a,\"OPTGROUP\"))return a=$a(a,function(g){return W(g,\"SELECT\")}),\n!!a&&Kc(a,!0,c);var f=Nc(a);if(f)return!!f.image&&0\u003Cf.rect.width&&0\u003Cf.rect.height&&Kc(f.image,b,c);if(W(a,\"INPUT\")&&\"hidden\"==a.type.toLowerCase()||W(a,\"NOSCRIPT\"))return!1;f=Y(a,\"visibility\");return\"collapse\"!=f&&\"hidden\"!=f&&c(a)&&(b||0!=Oc(a))&&d(a)?!e(a):!1}var Z=\"hidden\";\nfunction Mc(a){function b(p){function q(jb){if(jb==g)return!0;var Zb=Y(jb,\"display\");return 0==Zb.lastIndexOf(\"inline\",0)||\"contents\"==Zb||\"absolute\"==$b&&\"static\"==Y(jb,\"position\")?!1:!0}var $b=Y(p,\"position\");if(\"fixed\"==$b)return w=!0,p==g?null:g;for(p=Ic(p);p&&!q(p);)p=Ic(p);return p}function c(p){var q=p;if(\"visible\"==m)if(p==g&&h)q=h;else if(p==h)return{x:\"visible\",y:\"visible\"};q={x:Y(q,\"overflow-x\"),y:Y(q,\"overflow-y\")};p==g&&(q.x=\"visible\"==q.x?\"auto\":q.x,q.y=\"visible\"==q.y?\"auto\":q.y);return q}\nfunction d(p){if(p==g){var q=(new ab(f)).a;p=q.scrollingElement?q.scrollingElement:Ea||\"CSS1Compat\"!=q.compatMode?q.body||q.documentElement:q.documentElement;q=q.parentWindow||q.defaultView;p=v&&Ka(\"10\")&&q.pageYOffset!=p.scrollTop?new Ua(p.scrollLeft,p.scrollTop):new Ua(q.pageXOffset||p.scrollLeft,q.pageYOffset||p.scrollTop)}else p=new Ua(p.scrollLeft,p.scrollTop);return p}var e=Pc(a),f=A(a),g=f.documentElement,h=f.body,m=Y(g,\"overflow\"),w;for(a=b(a);a;a=b(a)){var r=c(a);if(\"visible\"!=r.x||\"visible\"!=\nr.y){var D=Lc(a);if(0==D.width||0==D.height)return Z;var L=e.a\u003CD.a,M=e.b\u003CD.b;if(L&&\"hidden\"==r.x||M&&\"hidden\"==r.y)return Z;if(L&&\"visible\"!=r.x||M&&\"visible\"!=r.y){L=d(a);M=e.b\u003CD.b-L.y;if(e.a\u003CD.a-L.x&&\"visible\"!=r.x||M&&\"visible\"!=r.x)return Z;e=Mc(a);return e==Z?Z:\"scroll\"}L=e.f>=D.a+D.width;D=e.c>=D.b+D.height;if(L&&\"hidden\"==r.x||D&&\"hidden\"==r.y)return Z;if(L&&\"visible\"!=r.x||D&&\"visible\"!=r.y){if(w&&(r=d(a),e.f>=g.scrollWidth-r.x||e.a>=g.scrollHeight-r.y))return Z;e=Mc(a);return e==Z?Z:\"scroll\"}}}return\"none\"}\nfunction Lc(a){var b=Nc(a);if(b)return b.rect;if(W(a,\"HTML\"))return a=A(a),a=((a?a.parentWindow||a.defaultView:window)||window).document,a=\"CSS1Compat\"==a.compatMode?a.documentElement:a.body,a=new Va(a.clientWidth,a.clientHeight),new X(0,0,a.width,a.height);try{var c=a.getBoundingClientRect()}catch(d){return new X(0,0,0,0)}b=new X(c.left,c.top,c.right-c.left,c.bottom-c.top);v&&a.ownerDocument.body&&(a=A(a),b.a-=a.documentElement.clientLeft+a.body.clientLeft,b.b-=a.documentElement.clientTop+a.body.clientTop);\nreturn b}function Nc(a){var b=W(a,\"MAP\");if(!b&&!W(a,\"AREA\"))return null;var c=b?a:W(a.parentNode,\"MAP\")?a.parentNode:null,d=null,e=null;c&&c.name&&(d=Fc('/descendant::*[@usemap = \"#'+c.name+'\"]',A(c)))&&(e=Lc(d),b||\"default\"==a.shape.toLowerCase()||(a=Qc(a),b=Math.min(Math.max(a.a,0),e.width),c=Math.min(Math.max(a.b,0),e.height),e=new X(b+e.a,c+e.b,Math.min(a.width,e.width-b),Math.min(a.height,e.height-c))));return{image:d,rect:e||new X(0,0,0,0)}}\nfunction Qc(a){var b=a.shape.toLowerCase();a=a.coords.split(\",\");if(\"rect\"==b&&4==a.length){b=a[0];var c=a[1];return new X(b,c,a[2]-b,a[3]-c)}if(\"circle\"==b&&3==a.length)return b=a[2],new X(a[0]-b,a[1]-b,2*b,2*b);if(\"poly\"==b&&2\u003Ca.length){b=a[0];c=a[1];for(var d=b,e=c,f=2;f+1\u003Ca.length;f+=2)b=Math.min(b,a[f]),d=Math.max(d,a[f]),c=Math.min(c,a[f+1]),e=Math.max(e,a[f+1]);return new X(b,c,d-b,e-c)}return new X(0,0,0,0)}function Pc(a){a=Lc(a);return new Gc(a.b,a.a+a.width,a.b+a.height,a.a)}\nfunction Oc(a){if(Cc){if(\"relative\"==Y(a,\"position\"))return 1;a=Y(a,\"filter\");return(a=a.match(/^alpha\\(opacity=(\\d*)\\)/)||a.match(/^progid:DXImageTransform.Microsoft.Alpha\\(Opacity=(\\d*)\\)/))?Number(a[1])/100:1}return Rc(a)}function Rc(a){var b=1,c=Y(a,\"opacity\");c&&(b=Number(c));(a=Ic(a))&&(b*=Rc(a));return b};ba(\"_\",function(a,b){function c(d){if(W(d)&&\"none\"==Y(d,\"display\"))return!1;var e;if((e=d.parentNode)&&e.shadowRoot&&void 0!==d.assignedSlot)e=d.assignedSlot?d.assignedSlot.parentNode:null;else if(d.getDestinationInsertionPoints){var f=d.getDestinationInsertionPoints();0\u003Cf.length&&(e=f[f.length-1])}if(Hc&&e instanceof ShadowRoot){if(e.host.shadowRoot!==e)return!1;e=e.host}return!e||9!=e.nodeType&&11!=e.nodeType?e&&W(e,\"DETAILS\")&&!e.open&&!W(d,\"SUMMARY\")?!1:!!e&&c(e):!0}return Kc(a,!!b,c)});; return this._.apply(null,arguments);}).apply({navigator:typeof window!='undefined'?window.navigator:null,document:typeof window!='undefined'?window.document:null}, arguments);}\n).apply(null, arguments);"
}
[1643918757.126][INFO]: Waiting for pending navigations...
[1643918757.126][DEBUG]: DevTools WebSocket Command: Runtime.evaluate (id=116) F04678564F21ED2B83F8A3B03BF6A49A {
   "expression": "1"
}
[1643918757.162][DEBUG]: DevTools WebSocket Event: DOM.childNodeCountUpdated F04678564F21ED2B83F8A3B03BF6A49A {
   "childNodeCount": 53,
   "nodeId": 34
}
[1643918757.163][DEBUG]: DevTools WebSocket Event: Page.frameAttached F04678564F21ED2B83F8A3B03BF6A49A {
   "frameId": "91F470BA5B78C8FFA056339D493CAC46",
   "parentFrameId": "F04678564F21ED2B83F8A3B03BF6A49A",
   "stack": {
      "callFrames": [ {
         "columnNumber": 245,
         "functionName": "",
         "lineNumber": 31,
         "scriptId": "193",
         "url": "https://tpc.googlesyndication.com/sodar/sodar2.js"
      }, {
         "columnNumber": 37,
         "functionName": "va",
         "lineNumber": 31,
         "scriptId": "193",
         "url": "https://tpc.googlesyndication.com/sodar/sodar2.js"
      }, {
         "columnNumber": 149,
         "functionName": "",
         "lineNumber": 41,
         "scriptId": "193",
         "url": "https://tpc.googlesyndication.com/sodar/sodar2.js"
      }, {
         "columnNumber": 293,
         "functionName": "G",
         "lineNumber": 14,
         "scriptId": "193",
         "url": "https://tpc.googlesyndication.com/sodar/sodar2.js"
      }, {
         "columnNumber": 88,
         "functionName": "next",
         "lineNumber": 15,
         "scriptId": "193",
         "url": "https://tpc.googlesyndication.com/sodar/sodar2.js"
      }, {
         "columnNumber": 487,
         "functionName": "",
         "lineNumber": 15,
         "scriptId": "193",
         "url": "https://tpc.googlesyndication.com/sodar/sodar2.js"
      }, {
         "columnNumber": 376,
         "functionName": "ma",
         "lineNumber": 15,
         "scriptId": "193",
         "url": "https://tpc.googlesyndication.com/sodar/sodar2.js"
      }, {
         "columnNumber": 21,
         "functionName": "H",
         "lineNumber": 16,
         "scriptId": "193",
         "url": "https://tpc.googlesyndication.com/sodar/sodar2.js"
      }, {
         "columnNumber": 32,
         "functionName": "Ta",
         "lineNumber": 41,
         "scriptId": "193",
         "url": "https://tpc.googlesyndication.com/sodar/sodar2.js"
      }, {
         "columnNumber": 72,
         "functionName": "",
         "lineNumber": 37,
         "scriptId": "193",
         "url": "https://tpc.googlesyndication.com/sodar/sodar2.js"
      }, {
         "columnNumber": 293,
         "functionName": "G",
         "lineNumber": 14,
         "scriptId": "193",
         "url": "https://tpc.googlesyndication.com/sodar/sodar2.js"
      }, {
         "columnNumber": 88,
         "functionName": "next",
         "lineNumber": 15,
         "scriptId": "193",
         "url": "https://tpc.googlesyndication.com/sodar/sodar2.js"
      }, {
         "columnNumber": 487,
         "functionName": "",
         "lineNumber": 15,
         "scriptId": "193",
         "url": "https://tpc.googlesyndication.com/sodar/sodar2.js"
      }, {
         "columnNumber": 376,
         "functionName": "ma",
         "lineNumber": 15,
         "scriptId": "193",
         "url": "https://tpc.googlesyndication.com/sodar/sodar2.js"
      }, {
         "columnNumber": 21,
         "functionName": "H",
         "lineNumber": 16,
         "scriptId": "193",
         "url": "https://tpc.googlesyndication.com/sodar/sodar2.js"
      }, {
         "columnNumber": 28,
         "functionName": "Sa",
         "lineNumber": 37,
         "scriptId": "193",
         "url": "https://tpc.googlesyndication.com/sodar/sodar2.js"
      }, {
         "columnNumber": 396,
         "functionName": "",
         "lineNumber": 39,
         "scriptId": "193",
         "url": "https://tpc.googlesyndication.com/sodar/sodar2.js"
      }, {
         "columnNumber": 293,
         "functionName": "G",
         "lineNumber": 14,
         "scriptId": "193",
         "url": "https://tpc.googlesyndication.com/sodar/sodar2.js"
      }, {
         "columnNumber": 88,
         "functionName": "next",
         "lineNumber": 15,
         "scriptId": "193",
         "url": "https://tpc.googlesyndication.com/sodar/sodar2.js"
      }, "..." ]
   }
}
[1643918757.165][DEBUG]: DevTools WebSocket Event: Page.frameStartedLoading F04678564F21ED2B83F8A3B03BF6A49A {
   "frameId": "91F470BA5B78C8FFA056339D493CAC46"
}
[1643918757.177][DEBUG]: DevTools WebSocket Event: DOM.childNodeCountUpdated F04678564F21ED2B83F8A3B03BF6A49A {
   "childNodeCount": 54,
   "nodeId": 34
}
[1643918757.178][DEBUG]: DevTools WebSocket Event: Page.frameAttached F04678564F21ED2B83F8A3B03BF6A49A {
   "frameId": "C32AA4A4F2BA2890C9C7625444AA276F",
   "parentFrameId": "F04678564F21ED2B83F8A3B03BF6A49A",
   "stack": {
      "callFrames": [ {
         "columnNumber": 245,
         "functionName": "",
         "lineNumber": 31,
         "scriptId": "193",
         "url": "https://tpc.googlesyndication.com/sodar/sodar2.js"
      }, {
         "columnNumber": 37,
         "functionName": "va",
         "lineNumber": 31,
         "scriptId": "193",
         "url": "https://tpc.googlesyndication.com/sodar/sodar2.js"
      }, {
         "columnNumber": 202,
         "functionName": "",
         "lineNumber": 39,
         "scriptId": "193",
         "url": "https://tpc.googlesyndication.com/sodar/sodar2.js"
      }, {
         "columnNumber": 293,
         "functionName": "G",
         "lineNumber": 14,
         "scriptId": "193",
         "url": "https://tpc.googlesyndication.com/sodar/sodar2.js"
      }, {
         "columnNumber": 88,
         "functionName": "next",
         "lineNumber": 15,
         "scriptId": "193",
         "url": "https://tpc.googlesyndication.com/sodar/sodar2.js"
      }, {
         "columnNumber": 487,
         "functionName": "",
         "lineNumber": 15,
         "scriptId": "193",
         "url": "https://tpc.googlesyndication.com/sodar/sodar2.js"
      }, {
         "columnNumber": 376,
         "functionName": "ma",
         "lineNumber": 15,
         "scriptId": "193",
         "url": "https://tpc.googlesyndication.com/sodar/sodar2.js"
      }, {
         "columnNumber": 21,
         "functionName": "H",
         "lineNumber": 16,
         "scriptId": "193",
         "url": "https://tpc.googlesyndication.com/sodar/sodar2.js"
      }, {
         "columnNumber": 36,
         "functionName": "Va",
         "lineNumber": 39,
         "scriptId": "193",
         "url": "https://tpc.googlesyndication.com/sodar/sodar2.js"
      }, {
         "columnNumber": 402,
         "functionName": "",
         "lineNumber": 39,
         "scriptId": "193",
         "url": "https://tpc.googlesyndication.com/sodar/sodar2.js"
      }, {
         "columnNumber": 293,
         "functionName": "G",
         "lineNumber": 14,
         "scriptId": "193",
         "url": "https://tpc.googlesyndication.com/sodar/sodar2.js"
      }, {
         "columnNumber": 88,
         "functionName": "next",
         "lineNumber": 15,
         "scriptId": "193",
         "url": "https://tpc.googlesyndication.com/sodar/sodar2.js"
      }, {
         "columnNumber": 487,
         "functionName": "",
         "lineNumber": 15,
         "scriptId": "193",
         "url": "https://tpc.googlesyndication.com/sodar/sodar2.js"
      }, {
         "columnNumber": 376,
         "functionName": "ma",
         "lineNumber": 15,
         "scriptId": "193",
         "url": "https://tpc.googlesyndication.com/sodar/sodar2.js"
      }, {
         "columnNumber": 21,
         "functionName": "H",
         "lineNumber": 16,
         "scriptId": "193",
         "url": "https://tpc.googlesyndication.com/sodar/sodar2.js"
      }, {
         "columnNumber": 329,
         "functionName": "Wa",
         "lineNumber": 39,
         "scriptId": "193",
         "url": "https://tpc.googlesyndication.com/sodar/sodar2.js"
      }, {
         "columnNumber": 528,
         "functionName": "",
         "lineNumber": 42,
         "scriptId": "193",
         "url": "https://tpc.googlesyndication.com/sodar/sodar2.js"
      }, {
         "columnNumber": 293,
         "functionName": "G",
         "lineNumber": 14,
         "scriptId": "193",
         "url": "https://tpc.googlesyndication.com/sodar/sodar2.js"
      }, {
         "columnNumber": 88,
         "functionName": "next",
         "lineNumber": 15,
         "scriptId": "193",
         "url": "https://tpc.googlesyndication.com/sodar/sodar2.js"
      }, "..." ]
   }
}
[1643918757.179][DEBUG]: DevTools WebSocket Event: Target.attachedToTarget F04678564F21ED2B83F8A3B03BF6A49A {
   "sessionId": "8F6DE8805D46D5F50486C7111EAF4F6A",
   "targetInfo": {
      "attached": true,
      "browserContextId": "141973644B59A6D5EFC1D374D1ECC676",
      "canAccessOpener": false,
      "targetId": "91F470BA5B78C8FFA056339D493CAC46",
      "title": "",
      "type": "iframe",
      "url": ""
   },
   "waitingForDebugger": false
}
[1643918757.179][DEBUG]: DevTools WebSocket Command: Page.addScriptToEvaluateOnNewDocument (id=1) 8F6DE8805D46D5F50486C7111EAF4F6A {
   "source": "(function () {window.cdc_adoQpoasnfa76pfcZLmcfl_Array = window.Array;window.cdc_adoQpoasnfa76pfcZLmcfl_Promise = window.Promise;window.cdc_adoQpoasnfa76pfcZLmcfl_Symbol = window.Symbol;}) ();"
}
[1643918757.179][DEBUG]: DevTools WebSocket Command: Runtime.evaluate (id=2) 8F6DE8805D46D5F50486C7111EAF4F6A {
   "expression": "(function () {window.cdc_adoQpoasnfa76pfcZLmcfl_Array = window.Array;window.cdc_adoQpoasnfa76pfcZLmcfl_Promise = window.Promise;window.cdc_adoQpoasnfa76pfcZLmcfl_Symbol = window.Symbol;}) ();"
}
[1643918757.180][DEBUG]: DevTools WebSocket Command: DOM.getDocument (id=3) 8F6DE8805D46D5F50486C7111EAF4F6A {

}
[1643918757.182][DEBUG]: DevTools WebSocket Command: Target.setAutoAttach (id=4) 8F6DE8805D46D5F50486C7111EAF4F6A {
   "autoAttach": true,
   "flatten": true,
   "waitForDebuggerOnStart": false
}
[1643918757.183][DEBUG]: DevTools WebSocket Command: Page.enable (id=5) 8F6DE8805D46D5F50486C7111EAF4F6A {

}
[1643918757.183][DEBUG]: DevTools WebSocket Command: Page.enable (id=117) F04678564F21ED2B83F8A3B03BF6A49A {

}
[1643918757.188][DEBUG]: DevTools WebSocket Response: Page.addScriptToEvaluateOnNewDocument (id=1) 8F6DE8805D46D5F50486C7111EAF4F6A {
   "identifier": "1"
}
[1643918757.188][DEBUG]: DevTools WebSocket Response: Runtime.evaluate (id=2) 8F6DE8805D46D5F50486C7111EAF4F6A {
   "result": {
      "type": "undefined"
   }
}
[1643918757.188][DEBUG]: DevTools WebSocket Response: DOM.getDocument (id=3) 8F6DE8805D46D5F50486C7111EAF4F6A {
   "root": {
      "backendNodeId": 24,
      "baseURL": "https://tpc.googlesyndication.com/sodar/sodar2/225/runner.html",
      "childNodeCount": 0,
      "children": [  ],
      "compatibilityMode": "NoQuirksMode",
      "documentURL": "https://tpc.googlesyndication.com/sodar/sodar2/225/runner.html",
      "localName": "",
      "nodeId": 1,
      "nodeName": "#document",
      "nodeType": 9,
      "nodeValue": "",
      "xmlVersion": ""
   }
}
[1643918757.188][DEBUG]: DevTools WebSocket Response: Target.setAutoAttach (id=4) 8F6DE8805D46D5F50486C7111EAF4F6A {

}
[1643918757.188][DEBUG]: DevTools WebSocket Response: Page.enable (id=5) 8F6DE8805D46D5F50486C7111EAF4F6A {

}
[1643918757.189][DEBUG]: DevTools WebSocket Event: DOM.childNodeInserted 8F6DE8805D46D5F50486C7111EAF4F6A {
   "node": {
      "backendNodeId": 25,
      "localName": "",
      "nodeId": 2,
      "nodeName": "html",
      "nodeType": 10,
      "nodeValue": "",
      "publicId": "",
      "systemId": ""
   },
   "parentNodeId": 1,
   "previousNodeId": 0
}
[1643918757.189][DEBUG]: DevTools WebSocket Event: DOM.childNodeInserted 8F6DE8805D46D5F50486C7111EAF4F6A {
   "node": {
      "attributes": [  ],
      "backendNodeId": 26,
      "childNodeCount": 0,
      "frameId": "91F470BA5B78C8FFA056339D493CAC46",
      "localName": "html",
      "nodeId": 3,
      "nodeName": "HTML",
      "nodeType": 1,
      "nodeValue": ""
   },
   "parentNodeId": 1,
   "previousNodeId": 2
}
[1643918757.189][DEBUG]: DevTools WebSocket Event: DOM.childNodeCountUpdated 8F6DE8805D46D5F50486C7111EAF4F6A {
   "childNodeCount": 1,
   "nodeId": 3
}
[1643918757.194][DEBUG]: DevTools WebSocket Event: DOM.childNodeCountUpdated 8F6DE8805D46D5F50486C7111EAF4F6A {
   "childNodeCount": 2,
   "nodeId": 3
}
[1643918757.194][DEBUG]: DevTools WebSocket Event: Page.loadEventFired 8F6DE8805D46D5F50486C7111EAF4F6A {
   "timestamp": 588106.608249
}
[1643918757.194][DEBUG]: DevTools WebSocket Event: Page.frameStoppedLoading 8F6DE8805D46D5F50486C7111EAF4F6A {
   "frameId": "91F470BA5B78C8FFA056339D493CAC46"
}
[1643918757.194][DEBUG]: DevTools WebSocket Event: DOM.documentUpdated 8F6DE8805D46D5F50486C7111EAF4F6A {

}
[1643918757.194][DEBUG]: DevTools WebSocket Command: DOM.getDocument (id=6) 8F6DE8805D46D5F50486C7111EAF4F6A {

}
[1643918757.194][DEBUG]: DevTools WebSocket Event: Page.domContentEventFired 8F6DE8805D46D5F50486C7111EAF4F6A {
   "timestamp": 588106.608492
}
[1643918757.195][DEBUG]: DevTools WebSocket Response: DOM.getDocument (id=6) 8F6DE8805D46D5F50486C7111EAF4F6A {
   "root": {
      "backendNodeId": 24,
      "baseURL": "https://tpc.googlesyndication.com/sodar/sodar2/225/runner.html",
      "childNodeCount": 2,
      "children": [ {
         "backendNodeId": 25,
         "localName": "",
         "nodeId": 5,
         "nodeName": "html",
         "nodeType": 10,
         "nodeValue": "",
         "parentId": 4,
         "publicId": "",
         "systemId": ""
      }, {
         "attributes": [  ],
         "backendNodeId": 26,
         "childNodeCount": 2,
         "children": [ {
            "attributes": [  ],
            "backendNodeId": 27,
            "childNodeCount": 2,
            "localName": "head",
            "nodeId": 7,
            "nodeName": "HEAD",
            "nodeType": 1,
            "nodeValue": "",
            "parentId": 6
         }, {
            "attributes": [  ],
            "backendNodeId": 28,
            "childNodeCount": 0,
            "localName": "body",
            "nodeId": 8,
            "nodeName": "BODY",
            "nodeType": 1,
            "nodeValue": "",
            "parentId": 6
         } ],
         "frameId": "91F470BA5B78C8FFA056339D493CAC46",
         "localName": "html",
         "nodeId": 6,
         "nodeName": "HTML",
         "nodeType": 1,
         "nodeValue": "",
         "parentId": 4
      } ],
      "compatibilityMode": "NoQuirksMode",
      "documentURL": "https://tpc.googlesyndication.com/sodar/sodar2/225/runner.html",
      "localName": "",
      "nodeId": 4,
      "nodeName": "#document",
      "nodeType": 9,
      "nodeValue": "",
      "xmlVersion": ""
   }
}
[1643918757.204][DEBUG]: DevTools WebSocket Event: Page.frameStartedLoading F04678564F21ED2B83F8A3B03BF6A49A {
   "frameId": "C32AA4A4F2BA2890C9C7625444AA276F"
}
[1643918757.214][DEBUG]: DevTools WebSocket Event: DOM.childNodeCountUpdated F04678564F21ED2B83F8A3B03BF6A49A {
   "childNodeCount": 53,
   "nodeId": 34
}
[1643918757.215][DEBUG]: DevTools WebSocket Response: Runtime.evaluate (id=116) F04678564F21ED2B83F8A3B03BF6A49A {
   "result": {
      "description": "1",
      "type": "number",
      "value": 1
   }
}
[1643918757.234][DEBUG]: DevTools WebSocket Event: Target.attachedToTarget F04678564F21ED2B83F8A3B03BF6A49A {
   "sessionId": "FF168BAD7373771FA36AB5D351ADA055",
   "targetInfo": {
      "attached": true,
      "browserContextId": "141973644B59A6D5EFC1D374D1ECC676",
      "canAccessOpener": false,
      "targetId": "C32AA4A4F2BA2890C9C7625444AA276F",
      "title": "",
      "type": "iframe",
      "url": ""
   },
   "waitingForDebugger": false
}
[1643918757.234][DEBUG]: DevTools WebSocket Command: Page.addScriptToEvaluateOnNewDocument (id=1) FF168BAD7373771FA36AB5D351ADA055 {
   "source": "(function () {window.cdc_adoQpoasnfa76pfcZLmcfl_Array = window.Array;window.cdc_adoQpoasnfa76pfcZLmcfl_Promise = window.Promise;window.cdc_adoQpoasnfa76pfcZLmcfl_Symbol = window.Symbol;}) ();"
}
[1643918757.234][DEBUG]: DevTools WebSocket Command: Runtime.evaluate (id=2) FF168BAD7373771FA36AB5D351ADA055 {
   "expression": "(function () {window.cdc_adoQpoasnfa76pfcZLmcfl_Array = window.Array;window.cdc_adoQpoasnfa76pfcZLmcfl_Promise = window.Promise;window.cdc_adoQpoasnfa76pfcZLmcfl_Symbol = window.Symbol;}) ();"
}
[1643918757.236][DEBUG]: DevTools WebSocket Command: DOM.getDocument (id=3) FF168BAD7373771FA36AB5D351ADA055 {

}
[1643918757.237][DEBUG]: DevTools WebSocket Command: Target.setAutoAttach (id=4) FF168BAD7373771FA36AB5D351ADA055 {
   "autoAttach": true,
   "flatten": true,
   "waitForDebuggerOnStart": false
}
[1643918757.238][DEBUG]: DevTools WebSocket Command: Page.enable (id=5) FF168BAD7373771FA36AB5D351ADA055 {

}
[1643918757.239][DEBUG]: DevTools WebSocket Command: Page.enable (id=118) F04678564F21ED2B83F8A3B03BF6A49A {

}
[1643918757.239][DEBUG]: DevTools WebSocket Response: Page.enable (id=117) F04678564F21ED2B83F8A3B03BF6A49A {

}
[1643918757.242][DEBUG]: DevTools WebSocket Response: Page.addScriptToEvaluateOnNewDocument (id=1) FF168BAD7373771FA36AB5D351ADA055 {
   "identifier": "1"
}
[1643918757.242][DEBUG]: DevTools WebSocket Response: Runtime.evaluate (id=2) FF168BAD7373771FA36AB5D351ADA055 {
   "result": {
      "type": "undefined"
   }
}
[1643918757.242][DEBUG]: DevTools WebSocket Response: DOM.getDocument (id=3) FF168BAD7373771FA36AB5D351ADA055 {
   "root": {
      "backendNodeId": 6,
      "baseURL": "https://www.google.com/recaptcha/api2/aframe",
      "childNodeCount": 0,
      "children": [  ],
      "compatibilityMode": "NoQuirksMode",
      "documentURL": "https://www.google.com/recaptcha/api2/aframe",
      "localName": "",
      "nodeId": 1,
      "nodeName": "#document",
      "nodeType": 9,
      "nodeValue": "",
      "xmlVersion": ""
   }
}
[1643918757.242][DEBUG]: DevTools WebSocket Response: Target.setAutoAttach (id=4) FF168BAD7373771FA36AB5D351ADA055 {

}
[1643918757.242][DEBUG]: DevTools WebSocket Response: Page.enable (id=5) FF168BAD7373771FA36AB5D351ADA055 {

}
[1643918757.247][DEBUG]: DevTools WebSocket Event: DOM.childNodeInserted FF168BAD7373771FA36AB5D351ADA055 {
   "node": {
      "backendNodeId": 7,
      "localName": "",
      "nodeId": 2,
      "nodeName": "html",
      "nodeType": 10,
      "nodeValue": "",
      "publicId": "",
      "systemId": ""
   },
   "parentNodeId": 1,
   "previousNodeId": 0
}
[1643918757.247][DEBUG]: DevTools WebSocket Event: DOM.childNodeInserted FF168BAD7373771FA36AB5D351ADA055 {
   "node": {
      "attributes": [  ],
      "backendNodeId": 8,
      "childNodeCount": 0,
      "frameId": "C32AA4A4F2BA2890C9C7625444AA276F",
      "localName": "html",
      "nodeId": 3,
      "nodeName": "HTML",
      "nodeType": 1,
      "nodeValue": ""
   },
   "parentNodeId": 1,
   "previousNodeId": 2
}
[1643918757.247][DEBUG]: DevTools WebSocket Event: DOM.childNodeCountUpdated FF168BAD7373771FA36AB5D351ADA055 {
   "childNodeCount": 1,
   "nodeId": 3
}
[1643918757.247][DEBUG]: DevTools WebSocket Event: DOM.childNodeCountUpdated FF168BAD7373771FA36AB5D351ADA055 {
   "childNodeCount": 2,
   "nodeId": 3
}
[1643918757.247][DEBUG]: DevTools WebSocket Event: Page.loadEventFired FF168BAD7373771FA36AB5D351ADA055 {
   "timestamp": 588106.662026
}
[1643918757.247][DEBUG]: DevTools WebSocket Event: Page.frameStoppedLoading FF168BAD7373771FA36AB5D351ADA055 {
   "frameId": "C32AA4A4F2BA2890C9C7625444AA276F"
}
[1643918757.248][DEBUG]: DevTools WebSocket Event: DOM.documentUpdated FF168BAD7373771FA36AB5D351ADA055 {

}
[1643918757.248][DEBUG]: DevTools WebSocket Command: DOM.getDocument (id=6) FF168BAD7373771FA36AB5D351ADA055 {

}
[1643918757.249][DEBUG]: DevTools WebSocket Event: Page.domContentEventFired FF168BAD7373771FA36AB5D351ADA055 {
   "timestamp": 588106.662338
}
[1643918757.250][DEBUG]: DevTools WebSocket Response: DOM.getDocument (id=6) FF168BAD7373771FA36AB5D351ADA055 {
   "root": {
      "backendNodeId": 6,
      "baseURL": "https://www.google.com/recaptcha/api2/aframe",
      "childNodeCount": 2,
      "children": [ {
         "backendNodeId": 7,
         "localName": "",
         "nodeId": 5,
         "nodeName": "html",
         "nodeType": 10,
         "nodeValue": "",
         "parentId": 4,
         "publicId": "",
         "systemId": ""
      }, {
         "attributes": [  ],
         "backendNodeId": 8,
         "childNodeCount": 2,
         "children": [ {
            "attributes": [  ],
            "backendNodeId": 9,
            "childNodeCount": 1,
            "localName": "head",
            "nodeId": 7,
            "nodeName": "HEAD",
            "nodeType": 1,
            "nodeValue": "",
            "parentId": 6
         }, {
            "attributes": [  ],
            "backendNodeId": 10,
            "childNodeCount": 1,
            "localName": "body",
            "nodeId": 8,
            "nodeName": "BODY",
            "nodeType": 1,
            "nodeValue": "",
            "parentId": 6
         } ],
         "frameId": "C32AA4A4F2BA2890C9C7625444AA276F",
         "localName": "html",
         "nodeId": 6,
         "nodeName": "HTML",
         "nodeType": 1,
         "nodeValue": "",
         "parentId": 4
      } ],
      "compatibilityMode": "NoQuirksMode",
      "documentURL": "https://www.google.com/recaptcha/api2/aframe",
      "localName": "",
      "nodeId": 4,
      "nodeName": "#document",
      "nodeType": 9,
      "nodeValue": "",
      "xmlVersion": ""
   }
}
[1643918757.258][DEBUG]: DevTools WebSocket Event: Page.frameStoppedLoading F04678564F21ED2B83F8A3B03BF6A49A {
   "frameId": "91F470BA5B78C8FFA056339D493CAC46"
}
[1643918757.258][DEBUG]: DevTools WebSocket Event: Page.frameDetached F04678564F21ED2B83F8A3B03BF6A49A {
   "frameId": "91F470BA5B78C8FFA056339D493CAC46",
   "reason": "swap"
}
[1643918757.401][DEBUG]: DevTools WebSocket Event: Page.frameNavigated F04678564F21ED2B83F8A3B03BF6A49A {
   "frame": {
      "adFrameStatus": {
         "adFrameType": "none",
         "explanations": [  ]
      },
      "crossOriginIsolatedContextType": "NotIsolatedFeatureDisabled",
      "domainAndRegistry": "rambler.ru",
      "gatedAPIFeatures": [  ],
      "id": "7B89967295699F84C8D3736DE11956D6",
      "loaderId": "C18C06E31397A4442F4D3D973A5C1E0D",
      "mimeType": "text/html",
      "name": "",
      "parentId": "BEB5683F69DFF77157BAFF9EEB397586",
      "secureContextType": "Secure",
      "securityOrigin": "https://profile.ssp.rambler.ru",
      "url": "https://profile.ssp.rambler.ru/sandbox?img=bzdNtpKMu6dQ1f3gGOOGOnAHvVMr*UU*UDPcvGijX7HeQqmtaG7SyZbwzQBLb7WHhJb39lG3qnUGmCihaFehkQk6pppDskpQV9U6eD33NTC1BTmNeIB3K0mhGjLJsT8dAgAAALrcvAoAAAAA&img=QAZuT..."
   },
   "type": "Navigation"
}
[1643918757.403][DEBUG]: DevTools WebSocket Event: Runtime.executionContextCreated F04678564F21ED2B83F8A3B03BF6A49A {
   "context": {
      "auxData": {
         "frameId": "7B89967295699F84C8D3736DE11956D6",
         "isDefault": true,
         "type": "default"
      },
      "id": 11,
      "name": "",
      "origin": "https://profile.ssp.rambler.ru",
      "uniqueId": "3254840969693861429.2949331768447671409"
   }
}
[1643918757.405][DEBUG]: DevTools WebSocket Event: Page.frameStoppedLoading F04678564F21ED2B83F8A3B03BF6A49A {
   "frameId": "C32AA4A4F2BA2890C9C7625444AA276F"
}
[1643918757.409][DEBUG]: DevTools WebSocket Event: Page.frameDetached F04678564F21ED2B83F8A3B03BF6A49A {
   "frameId": "C32AA4A4F2BA2890C9C7625444AA276F",
   "reason": "swap"
}
[1643918757.411][DEBUG]: DevTools WebSocket Response: Page.enable (id=118) F04678564F21ED2B83F8A3B03BF6A49A {

}
[1643918757.411][DEBUG]: DevTools WebSocket Command: Runtime.enable (id=7) FF168BAD7373771FA36AB5D351ADA055 {

}
[1643918757.412][DEBUG]: DevTools WebSocket Event: Runtime.executionContextCreated FF168BAD7373771FA36AB5D351ADA055 {
   "context": {
      "auxData": {
         "frameId": "C32AA4A4F2BA2890C9C7625444AA276F",
         "isDefault": true,
         "type": "default"
      },
      "id": 2,
      "name": "",
      "origin": "https://www.google.com",
      "uniqueId": "8348684116914160728.-6862240240925860932"
   }
}
[1643918757.412][DEBUG]: DevTools WebSocket Response: Runtime.enable (id=7) FF168BAD7373771FA36AB5D351ADA055 {

}
[1643918757.412][DEBUG]: DevTools WebSocket Command: Page.enable (id=8) FF168BAD7373771FA36AB5D351ADA055 {

}
[1643918757.416][DEBUG]: DevTools WebSocket Response: Page.enable (id=8) FF168BAD7373771FA36AB5D351ADA055 {

}
[1643918757.416][DEBUG]: DevTools WebSocket Command: Runtime.enable (id=7) 8F6DE8805D46D5F50486C7111EAF4F6A {

}
[1643918757.417][DEBUG]: DevTools WebSocket Event: Runtime.executionContextCreated 8F6DE8805D46D5F50486C7111EAF4F6A {
   "context": {
      "auxData": {
         "frameId": "91F470BA5B78C8FFA056339D493CAC46",
         "isDefault": true,
         "type": "default"
      },
      "id": 6,
      "name": "",
      "origin": "https://tpc.googlesyndication.com",
      "uniqueId": "9195687433369935932.-1351249709721972984"
   }
}
[1643918757.417][DEBUG]: DevTools WebSocket Response: Runtime.enable (id=7) 8F6DE8805D46D5F50486C7111EAF4F6A {

}
[1643918757.417][DEBUG]: DevTools WebSocket Command: Page.enable (id=8) 8F6DE8805D46D5F50486C7111EAF4F6A {

}
[1643918757.422][DEBUG]: DevTools WebSocket Response: Page.enable (id=8) 8F6DE8805D46D5F50486C7111EAF4F6A {

}
[1643918757.422][DEBUG]: DevTools WebSocket Command: DOM.getDocument (id=119) F04678564F21ED2B83F8A3B03BF6A49A {

}
[1643918757.432][DEBUG]: DevTools WebSocket Event: DOM.childNodeCountUpdated FF168BAD7373771FA36AB5D351ADA055 {
   "childNodeCount": 2,
   "nodeId": 8
}
[1643918757.445][DEBUG]: DevTools WebSocket Event: DOM.childNodeCountUpdated 8F6DE8805D46D5F50486C7111EAF4F6A {
   "childNodeCount": 1,
   "nodeId": 8
}
[1643918757.476][DEBUG]: DevTools WebSocket Event: DOM.childNodeCountUpdated 8F6DE8805D46D5F50486C7111EAF4F6A {
   "childNodeCount": 0,
   "nodeId": 8
}
[1643918757.480][DEBUG]: DevTools WebSocket Event: DOM.childNodeCountUpdated 8F6DE8805D46D5F50486C7111EAF4F6A {
   "childNodeCount": 1,
   "nodeId": 8
}
[1643918757.481][DEBUG]: DevTools WebSocket Event: Page.frameAttached 8F6DE8805D46D5F50486C7111EAF4F6A {
   "frameId": "6D367645F1DDD0B3B03B816135A02C9E",
   "parentFrameId": "91F470BA5B78C8FFA056339D493CAC46",
   "stack": {
      "callFrames": [ {
         "columnNumber": 31017,
         "functionName": "eval",
         "lineNumber": 1882,
         "scriptId": "131",
         "url": ""
      }, {
         "columnNumber": 32177,
         "functionName": "b5",
         "lineNumber": 1882,
         "scriptId": "131",
         "url": ""
      }, {
         "columnNumber": 25041,
         "functionName": "Xc",
         "lineNumber": 1882,
         "scriptId": "131",
         "url": ""
      }, {
         "columnNumber": 34137,
         "functionName": "eval",
         "lineNumber": 1882,
         "scriptId": "131",
         "url": ""
      }, {
         "columnNumber": 26705,
         "functionName": "Jt",
         "lineNumber": 1882,
         "scriptId": "131",
         "url": ""
      }, {
         "columnNumber": 34304,
         "functionName": "l5",
         "lineNumber": 1882,
         "scriptId": "131",
         "url": ""
      }, {
         "columnNumber": 34818,
         "functionName": "tt",
         "lineNumber": 1882,
         "scriptId": "131",
         "url": ""
      }, {
         "columnNumber": 34367,
         "functionName": "eval",
         "lineNumber": 1882,
         "scriptId": "131",
         "url": ""
      }, {
         "columnNumber": 26217,
         "functionName": "requestIdleCallback.timeout",
         "lineNumber": 1882,
         "scriptId": "131",
         "url": ""
      } ]
   }
}
[1643918757.481][DEBUG]: DevTools WebSocket Event: Page.frameStartedLoading 8F6DE8805D46D5F50486C7111EAF4F6A {
   "frameId": "6D367645F1DDD0B3B03B816135A02C9E"
}
[1643918757.499][DEBUG]: DevTools WebSocket Event: Page.frameNavigated 8F6DE8805D46D5F50486C7111EAF4F6A {
   "frame": {
      "adFrameStatus": {
         "adFrameType": "none",
         "explanations": [  ]
      },
      "crossOriginIsolatedContextType": "NotIsolatedFeatureDisabled",
      "domainAndRegistry": "",
      "gatedAPIFeatures": [  ],
      "id": "6D367645F1DDD0B3B03B816135A02C9E",
      "loaderId": "32404559D0DC107230080A663FC7BF89",
      "mimeType": "text/html",
      "name": "",
      "parentId": "91F470BA5B78C8FFA056339D493CAC46",
      "secureContextType": "Secure",
      "securityOrigin": "://",
      "url": "about:blank"
   },
   "type": "Navigation"
}
[1643918757.499][DEBUG]: DevTools WebSocket Event: Runtime.executionContextCreated 8F6DE8805D46D5F50486C7111EAF4F6A {
   "context": {
      "auxData": {
         "frameId": "6D367645F1DDD0B3B03B816135A02C9E",
         "isDefault": true,
         "type": "default"
      },
      "id": 7,
      "name": "",
      "origin": "https://tpc.googlesyndication.com",
      "uniqueId": "-780279825569621741.-6326282679755797555"
   }
}
[1643918757.499][DEBUG]: DevTools WebSocket Event: Page.frameStoppedLoading 8F6DE8805D46D5F50486C7111EAF4F6A {
   "frameId": "6D367645F1DDD0B3B03B816135A02C9E"
}
[1643918757.551][DEBUG]: DevTools WebSocket Response: DOM.getDocument (id=119) F04678564F21ED2B83F8A3B03BF6A49A {
   "root": {
      "backendNodeId": 1,
      "baseURL": "https://www.rambler.ru/",
      "childNodeCount": 3,
      "children": [ {
         "backendNodeId": 2,
         "localName": "",
         "nodeId": 36,
         "nodeName": "html",
         "nodeType": 10,
         "nodeValue": "",
         "parentId": 35,
         "publicId": "",
         "systemId": ""
      }, {
         "backendNodeId": 3,
         "localName": "",
         "nodeId": 37,
         "nodeName": "#comment",
         "nodeType": 8,
         "nodeValue": " Hello, stranger! ¯\\_( ͡° ͜ʖ ͡°)_/¯ ",
         "parentId": 35
      }, {
         "attributes": [ "class", "no-js", "lang", "ru", "prefix", "og: http://ogp.me/ns#" ],
         "backendNodeId": 4,
         "childNodeCount": 2,
         "children": [ {
            "attributes": [  ],
            "backendNodeId": 10,
            "childNodeCount": 141,
            "localName": "head",
            "nodeId": 39,
            "nodeName": "HEAD",
            "nodeType": 1,
            "nodeValue": "",
            "parentId": 38
         }, {
            "attributes": [  ],
            "backendNodeId": 11,
            "childNodeCount": 53,
            "localName": "body",
            "nodeId": 40,
            "nodeName": "BODY",
            "nodeType": 1,
            "nodeValue": "",
            "parentId": 38
         } ],
         "frameId": "F04678564F21ED2B83F8A3B03BF6A49A",
         "localName": "html",
         "nodeId": 38,
         "nodeName": "HTML",
         "nodeType": 1,
         "nodeValue": "",
         "parentId": 35
      } ],
      "compatibilityMode": "NoQuirksMode",
      "documentURL": "https://www.rambler.ru/",
      "localName": "",
      "nodeId": 35,
      "nodeName": "#document",
      "nodeType": 9,
      "nodeValue": "",
      "xmlVersion": ""
   }
}
[1643918757.551][DEBUG]: DevTools WebSocket Command: Runtime.evaluate (id=120) F04678564F21ED2B83F8A3B03BF6A49A {
   "awaitPromise": false,
   "expression": "document.readyState",
   "returnByValue": true
}
[1643918757.617][DEBUG]: DevTools WebSocket Response: Runtime.evaluate (id=120) F04678564F21ED2B83F8A3B03BF6A49A {
   "result": {
      "type": "string",
      "value": "complete"
   }
}
[1643918757.617][INFO]: Done waiting for pending navigations. Status: ok
[1643918757.621][DEBUG]: DevTools WebSocket Command: Runtime.evaluate (id=121) F04678564F21ED2B83F8A3B03BF6A49A {
   "awaitPromise": true,
   "expression": "(function() { // Copyright (c) 2012 The Chromium Authors. All rights reserved.\n// Use of this source code is governed by a BSD-style license that can be\n// found in the LICENSE file.\n\n/**\n * Enum f...",
   "returnByValue": true
}
[1643918757.673][DEBUG]: DevTools WebSocket Response: Runtime.evaluate (id=121) F04678564F21ED2B83F8A3B03BF6A49A {
   "result": {
      "type": "object",
      "value": {
         "status": 0,
         "value": true
      }
   }
}
[1643918757.673][INFO]: Waiting for pending navigations...
[1643918757.673][DEBUG]: DevTools WebSocket Command: Runtime.evaluate (id=122) F04678564F21ED2B83F8A3B03BF6A49A {
   "expression": "1"
}
[1643918757.683][DEBUG]: DevTools WebSocket Response: Runtime.evaluate (id=122) F04678564F21ED2B83F8A3B03BF6A49A {
   "result": {
      "description": "1",
      "type": "number",
      "value": 1
   }
}
[1643918757.683][INFO]: Done waiting for pending navigations. Status: ok
[1643918757.683][INFO]: [edca2231cae8720e2c64f44c6ba11a6c] RESPONSE ExecuteScript true
[1643918757.688][INFO]: [edca2231cae8720e2c64f44c6ba11a6c] COMMAND IsElementEnabled {
   "id": "0469f469-9b8c-4df6-aba5-2a5531442b97"
}
[1643918757.688][INFO]: Waiting for pending navigations...
[1643918757.688][DEBUG]: DevTools WebSocket Command: Runtime.evaluate (id=123) F04678564F21ED2B83F8A3B03BF6A49A {
   "expression": "1"
}
[1643918757.696][DEBUG]: DevTools WebSocket Event: Page.frameStoppedLoading F04678564F21ED2B83F8A3B03BF6A49A {
   "frameId": "7B89967295699F84C8D3736DE11956D6"
}
[1643918757.698][DEBUG]: DevTools WebSocket Response: Runtime.evaluate (id=123) F04678564F21ED2B83F8A3B03BF6A49A {
   "result": {
      "description": "1",
      "type": "number",
      "value": 1
   }
}
[1643918757.698][INFO]: Done waiting for pending navigations. Status: ok
[1643918757.698][DEBUG]: DevTools WebSocket Command: Runtime.evaluate (id=124) F04678564F21ED2B83F8A3B03BF6A49A {
   "awaitPromise": false,
   "expression": "document.contentType",
   "returnByValue": true
}
[1643918757.707][DEBUG]: DevTools WebSocket Response: Runtime.evaluate (id=124) F04678564F21ED2B83F8A3B03BF6A49A {
   "result": {
      "type": "string",
      "value": "text/html"
   }
}
[1643918757.708][DEBUG]: DevTools WebSocket Command: Runtime.evaluate (id=125) F04678564F21ED2B83F8A3B03BF6A49A {
   "awaitPromise": true,
   "expression": "(function() { // Copyright (c) 2012 The Chromium Authors. All rights reserved.\n// Use of this source code is governed by a BSD-style license that can be\n// found in the LICENSE file.\n\n/**\n * Enum f...",
   "returnByValue": true
}
[1643918757.714][DEBUG]: DevTools WebSocket Response: Runtime.evaluate (id=125) F04678564F21ED2B83F8A3B03BF6A49A {
   "result": {
      "type": "object",
      "value": {
         "status": 0,
         "value": true
      }
   }
}
[1643918757.714][INFO]: Waiting for pending navigations...
[1643918757.714][DEBUG]: DevTools WebSocket Command: Runtime.evaluate (id=126) F04678564F21ED2B83F8A3B03BF6A49A {
   "expression": "1"
}
[1643918757.717][DEBUG]: DevTools WebSocket Response: Runtime.evaluate (id=126) F04678564F21ED2B83F8A3B03BF6A49A {
   "result": {
      "description": "1",
      "type": "number",
      "value": 1
   }
}
[1643918757.717][INFO]: Done waiting for pending navigations. Status: ok
[1643918757.717][INFO]: [edca2231cae8720e2c64f44c6ba11a6c] RESPONSE IsElementEnabled true
[1643918757.723][INFO]: [edca2231cae8720e2c64f44c6ba11a6c] COMMAND ClickElement {
   "id": "0469f469-9b8c-4df6-aba5-2a5531442b97"
}
[1643918757.723][INFO]: Waiting for pending navigations...
[1643918757.723][DEBUG]: DevTools WebSocket Command: Runtime.evaluate (id=127) F04678564F21ED2B83F8A3B03BF6A49A {
   "expression": "1"
}
[1643918757.728][DEBUG]: DevTools WebSocket Response: Runtime.evaluate (id=127) F04678564F21ED2B83F8A3B03BF6A49A {
   "result": {
      "description": "1",
      "type": "number",
      "value": 1
   }
}
[1643918757.728][INFO]: Done waiting for pending navigations. Status: ok
[1643918757.729][DEBUG]: DevTools WebSocket Command: Runtime.evaluate (id=128) F04678564F21ED2B83F8A3B03BF6A49A {
   "awaitPromise": true,
   "expression": "(function() { // Copyright (c) 2012 The Chromium Authors. All rights reserved.\n// Use of this source code is governed by a BSD-style license that can be\n// found in the LICENSE file.\n\n/**\n * Enum f...",
   "returnByValue": true
}
[1643918757.734][DEBUG]: DevTools WebSocket Response: Runtime.evaluate (id=128) F04678564F21ED2B83F8A3B03BF6A49A {
   "result": {
      "type": "object",
      "value": {
         "status": 0,
         "value": "span"
      }
   }
}
[1643918757.734][DEBUG]: DevTools WebSocket Command: Runtime.evaluate (id=129) F04678564F21ED2B83F8A3B03BF6A49A {
   "awaitPromise": true,
   "expression": "(function() { // Copyright (c) 2012 The Chromium Authors. All rights reserved.\n// Use of this source code is governed by a BSD-style license that can be\n// found in the LICENSE file.\n\n/**\n * Enum f...",
   "returnByValue": true
}
[1643918757.739][DEBUG]: DevTools WebSocket Response: Runtime.evaluate (id=129) F04678564F21ED2B83F8A3B03BF6A49A {
   "result": {
      "type": "object",
      "value": {
         "status": 0,
         "value": "span"
      }
   }
}
[1643918757.740][DEBUG]: DevTools WebSocket Command: Runtime.evaluate (id=130) F04678564F21ED2B83F8A3B03BF6A49A {
   "awaitPromise": true,
   "expression": "(function() { // Copyright (c) 2012 The Chromium Authors. All rights reserved.\n// Use of this source code is governed by a BSD-style license that can be\n// found in the LICENSE file.\n\n/**\n * Enum f...",
   "returnByValue": true
}
[1643918757.760][DEBUG]: DevTools WebSocket Response: Runtime.evaluate (id=130) F04678564F21ED2B83F8A3B03BF6A49A {
   "result": {
      "type": "object",
      "value": {
         "status": 0,
         "value": true
      }
   }
}
[1643918757.761][DEBUG]: DevTools WebSocket Command: Runtime.evaluate (id=131) F04678564F21ED2B83F8A3B03BF6A49A {
   "awaitPromise": true,
   "expression": "(function() { // Copyright (c) 2012 The Chromium Authors. All rights reserved.\n// Use of this source code is governed by a BSD-style license that can be\n// found in the LICENSE file.\n\n/**\n * Enum f...",
   "returnByValue": true
}
[1643918757.794][DEBUG]: DevTools WebSocket Response: Runtime.evaluate (id=131) F04678564F21ED2B83F8A3B03BF6A49A {
   "result": {
      "type": "object",
      "value": {
         "status": 0,
         "value": {
            "height": 20,
            "left": 0,
            "top": 0,
            "width": 36.609375
         }
      }
   }
}
[1643918757.796][DEBUG]: DevTools WebSocket Command: Runtime.evaluate (id=132) F04678564F21ED2B83F8A3B03BF6A49A {
   "awaitPromise": true,
   "expression": "(function() { // Copyright (c) 2012 The Chromium Authors. All rights reserved.\n// Use of this source code is governed by a BSD-style license that can be\n// found in the LICENSE file.\n\n/**\n * Enum f...",
   "returnByValue": true
}
[1643918757.850][DEBUG]: DevTools WebSocket Response: Runtime.evaluate (id=132) F04678564F21ED2B83F8A3B03BF6A49A {
   "result": {
      "type": "object",
      "value": {
         "status": 0,
         "value": {
            "ceil": {

            },
            "clone": {

            },
            "floor": {

            },
            "round": {

            },
            "scale": {

            },
            "translate": {

            },
            "x": 1143.390625,
            "y": 15
         }
      }
   }
}
[1643918757.857][DEBUG]: DevTools WebSocket Command: Runtime.evaluate (id=133) F04678564F21ED2B83F8A3B03BF6A49A {
   "awaitPromise": true,
   "expression": "(function() { // Copyright (c) 2012 The Chromium Authors. All rights reserved.\n// Use of this source code is governed by a BSD-style license that can be\n// found in the LICENSE file.\n\n/**\n * Enum f...",
   "returnByValue": true
}
[1643918757.867][DEBUG]: DevTools WebSocket Event: DOM.childNodeCountUpdated 8F6DE8805D46D5F50486C7111EAF4F6A {
   "childNodeCount": 0,
   "nodeId": 8
}
[1643918757.867][DEBUG]: DevTools WebSocket Event: Page.frameDetached 8F6DE8805D46D5F50486C7111EAF4F6A {
   "frameId": "6D367645F1DDD0B3B03B816135A02C9E",
   "reason": "remove"
}
[1643918757.897][DEBUG]: DevTools WebSocket Response: Runtime.evaluate (id=133) F04678564F21ED2B83F8A3B03BF6A49A {
   "result": {
      "type": "object",
      "value": {
         "status": 0,
         "value": {
            "clickable": true
         }
      }
   }
}
[1643918757.897][DEBUG]: DevTools WebSocket Command: Input.dispatchMouseEvent (id=134) F04678564F21ED2B83F8A3B03BF6A49A {
   "button": "none",
   "buttons": 0,
   "clickCount": 0,
   "force": 0.0,
   "modifiers": 0,
   "pointerType": "mouse",
   "tangentialPressure": 0.0,
   "tiltX": 0,
   "tiltY": 0,
   "twist": 0,
   "type": "mouseMoved",
   "x": 1161,
   "y": 25
}
[1643918757.897][DEBUG]: DevTools WebSocket Command: Input.dispatchMouseEvent (id=135) F04678564F21ED2B83F8A3B03BF6A49A {
   "button": "left",
   "buttons": 0,
   "clickCount": 1,
   "force": 0.0,
   "modifiers": 0,
   "pointerType": "mouse",
   "tangentialPressure": 0.0,
   "tiltX": 0,
   "tiltY": 0,
   "twist": 0,
   "type": "mousePressed",
   "x": 1161,
   "y": 25
}
[1643918757.897][DEBUG]: DevTools WebSocket Command: Input.dispatchMouseEvent (id=136) F04678564F21ED2B83F8A3B03BF6A49A {
   "button": "left",
   "buttons": 1,
   "clickCount": 1,
   "force": 0.0,
   "modifiers": 0,
   "pointerType": "mouse",
   "tangentialPressure": 0.0,
   "tiltX": 0,
   "tiltY": 0,
   "twist": 0,
   "type": "mouseReleased",
   "x": 1161,
   "y": 25
}
[1643918757.902][DEBUG]: DevTools WebSocket Response: Input.dispatchMouseEvent (id=134) F04678564F21ED2B83F8A3B03BF6A49A {

}
[1643918758.615][DEBUG]: DevTools WebSocket Response: Input.dispatchMouseEvent (id=135) F04678564F21ED2B83F8A3B03BF6A49A {

}
[1643918758.624][DEBUG]: DevTools WebSocket Event: DOM.childNodeCountUpdated F04678564F21ED2B83F8A3B03BF6A49A {
   "childNodeCount": 54,
   "nodeId": 40
}
[1643918758.625][DEBUG]: DevTools WebSocket Event: Page.frameAttached F04678564F21ED2B83F8A3B03BF6A49A {
   "frameId": "75CA708234DEEAF5837A564AB0C28A72",
   "parentFrameId": "F04678564F21ED2B83F8A3B03BF6A49A",
   "stack": {
      "callFrames": [ {
         "columnNumber": 17873,
         "functionName": "e.attach",
         "lineNumber": 0,
         "scriptId": "51",
         "url": "https://id.rambler.ru/rambler-id-helper/auth_events.js"
      }, {
         "columnNumber": 36426,
         "functionName": "e.openAuth",
         "lineNumber": 0,
         "scriptId": "51",
         "url": "https://id.rambler.ru/rambler-id-helper/auth_events.js"
      }, {
         "columnNumber": 13523,
         "functionName": "",
         "lineNumber": 0,
         "scriptId": "23",
         "url": "https://www.rambler.ru/assets/vendors-desk_magnesium-desk_sodium.c43899c5.chunk.js"
      }, {
         "columnNumber": 27114,
         "functionName": "e.push",
         "lineNumber": 0,
         "scriptId": "51",
         "url": "https://id.rambler.ru/rambler-id-helper/auth_events.js"
      }, {
         "columnNumber": 13483,
         "functionName": "",
         "lineNumber": 0,
         "scriptId": "23",
         "url": "https://www.rambler.ru/assets/vendors-desk_magnesium-desk_sodium.c43899c5.chunk.js"
      }, {
         "columnNumber": 7641,
         "functionName": "u",
         "lineNumber": 0,
         "scriptId": "27",
         "url": "https://www.rambler.ru/assets/desktopVendorReact.4d705e37.chunk.js"
      }, {
         "columnNumber": 7796,
         "functionName": "m",
         "lineNumber": 0,
         "scriptId": "27",
         "url": "https://www.rambler.ru/assets/desktopVendorReact.4d705e37.chunk.js"
      }, {
         "columnNumber": 8434,
         "functionName": "",
         "lineNumber": 0,
         "scriptId": "27",
         "url": "https://www.rambler.ru/assets/desktopVendorReact.4d705e37.chunk.js"
      }, {
         "columnNumber": 8523,
         "functionName": "C",
         "lineNumber": 0,
         "scriptId": "27",
         "url": "https://www.rambler.ru/assets/desktopVendorReact.4d705e37.chunk.js"
      }, {
         "columnNumber": 8959,
         "functionName": "O",
         "lineNumber": 0,
         "scriptId": "27",
         "url": "https://www.rambler.ru/assets/desktopVendorReact.4d705e37.chunk.js"
      }, {
         "columnNumber": 8771,
         "functionName": "P",
         "lineNumber": 0,
         "scriptId": "27",
         "url": "https://www.rambler.ru/assets/desktopVendorReact.4d705e37.chunk.js"
      }, {
         "columnNumber": 9858,
         "functionName": "U",
         "lineNumber": 0,
         "scriptId": "27",
         "url": "https://www.rambler.ru/assets/desktopVendorReact.4d705e37.chunk.js"
      }, {
         "columnNumber": 37246,
         "functionName": "En",
         "lineNumber": 0,
         "scriptId": "27",
         "url": "https://www.rambler.ru/assets/desktopVendorReact.4d705e37.chunk.js"
      }, {
         "columnNumber": 105078,
         "functionName": "Sl",
         "lineNumber": 0,
         "scriptId": "27",
         "url": "https://www.rambler.ru/assets/desktopVendorReact.4d705e37.chunk.js"
      }, {
         "columnNumber": 17125,
         "functionName": "Ae",
         "lineNumber": 0,
         "scriptId": "27",
         "url": "https://www.rambler.ru/assets/desktopVendorReact.4d705e37.chunk.js"
      }, {
         "columnNumber": 37726,
         "functionName": "On",
         "lineNumber": 0,
         "scriptId": "27",
         "url": "https://www.rambler.ru/assets/desktopVendorReact.4d705e37.chunk.js"
      }, {
         "columnNumber": 105356,
         "functionName": "",
         "lineNumber": 0,
         "scriptId": "27",
         "url": "https://www.rambler.ru/assets/desktopVendorReact.4d705e37.chunk.js"
      }, {
         "columnNumber": 181562,
         "functionName": "e.unstable_runWithPriority",
         "lineNumber": 0,
         "scriptId": "50",
         "url": "https://www.rambler.ru/assets/desktopVendor.30391685.chunk.js"
      }, {
         "columnNumber": 105280,
         "functionName": "Cl",
         "lineNumber": 0,
         "scriptId": "27",
         "url": "https://www.rambler.ru/assets/desktopVendorReact.4d705e37.chunk.js"
      }, "..." ]
   }
}
[1643918758.625][DEBUG]: DevTools WebSocket Event: Page.frameStartedLoading F04678564F21ED2B83F8A3B03BF6A49A {
   "frameId": "75CA708234DEEAF5837A564AB0C28A72"
}
[1643918758.627][DEBUG]: DevTools WebSocket Response: Input.dispatchMouseEvent (id=136) F04678564F21ED2B83F8A3B03BF6A49A {

}
[1643918758.627][INFO]: Waiting for pending navigations...
[1643918758.627][DEBUG]: DevTools WebSocket Command: Runtime.evaluate (id=137) F04678564F21ED2B83F8A3B03BF6A49A {
   "expression": "1"
}
[1643918758.701][DEBUG]: DevTools WebSocket Event: Target.detachedFromTarget F04678564F21ED2B83F8A3B03BF6A49A {
   "sessionId": "8F6DE8805D46D5F50486C7111EAF4F6A",
   "targetId": "91F470BA5B78C8FFA056339D493CAC46"
}
[1643918758.706][DEBUG]: DevTools WebSocket Event: DOM.childNodeCountUpdated F04678564F21ED2B83F8A3B03BF6A49A {
   "childNodeCount": 53,
   "nodeId": 40
}
[1643918758.726][DEBUG]: DevTools WebSocket Response: Runtime.evaluate (id=137) F04678564F21ED2B83F8A3B03BF6A49A {
   "result": {
      "description": "1",
      "type": "number",
      "value": 1
   }
}
[1643918758.726][INFO]: Done waiting for pending navigations. Status: ok
[1643918758.726][INFO]: [edca2231cae8720e2c64f44c6ba11a6c] RESPONSE ClickElement
[1643918758.730][INFO]: [edca2231cae8720e2c64f44c6ba11a6c] COMMAND FindElement {
   "using": "xpath",
   "value": "//div[@data-id-frame]/iframe"
}
[1643918758.730][INFO]: Waiting for pending navigations...
[1643918758.730][DEBUG]: DevTools WebSocket Command: Runtime.evaluate (id=138) F04678564F21ED2B83F8A3B03BF6A49A {
   "expression": "1"
}
[1643918758.733][DEBUG]: DevTools WebSocket Response: Runtime.evaluate (id=138) F04678564F21ED2B83F8A3B03BF6A49A {
   "result": {
      "description": "1",
      "type": "number",
      "value": 1
   }
}
[1643918758.733][INFO]: Done waiting for pending navigations. Status: ok
[1643918758.735][DEBUG]: DevTools WebSocket Command: Runtime.evaluate (id=139) F04678564F21ED2B83F8A3B03BF6A49A {
   "awaitPromise": true,
   "expression": "(function() { // Copyright (c) 2012 The Chromium Authors. All rights reserved.\n// Use of this source code is governed by a BSD-style license that can be\n// found in the LICENSE file.\n\n/**\n * Enum f...",
   "returnByValue": true
}
[1643918758.748][DEBUG]: DevTools WebSocket Response: Runtime.evaluate (id=139) F04678564F21ED2B83F8A3B03BF6A49A {
   "result": {
      "type": "object",
      "value": {
         "status": 0,
         "value": {
            "element-6066-11e4-a52e-4f735466cecf": "bba3291e-70e4-482b-852d-1df6135cbd7d"
         }
      }
   }
}
[1643918758.748][INFO]: Waiting for pending navigations...
[1643918758.748][DEBUG]: DevTools WebSocket Command: Runtime.evaluate (id=140) F04678564F21ED2B83F8A3B03BF6A49A {
   "expression": "1"
}
[1643918758.750][DEBUG]: DevTools WebSocket Response: Runtime.evaluate (id=140) F04678564F21ED2B83F8A3B03BF6A49A {
   "result": {
      "description": "1",
      "type": "number",
      "value": 1
   }
}
[1643918758.750][INFO]: Done waiting for pending navigations. Status: ok
[1643918758.750][INFO]: [edca2231cae8720e2c64f44c6ba11a6c] RESPONSE FindElement {
   "element-6066-11e4-a52e-4f735466cecf": "bba3291e-70e4-482b-852d-1df6135cbd7d"
}
[1643918758.754][INFO]: [edca2231cae8720e2c64f44c6ba11a6c] COMMAND FindElement {
   "using": "xpath",
   "value": "//div[@data-id-frame]/iframe"
}
[1643918758.754][INFO]: Waiting for pending navigations...
[1643918758.754][DEBUG]: DevTools WebSocket Command: Runtime.evaluate (id=141) F04678564F21ED2B83F8A3B03BF6A49A {
   "expression": "1"
}
[1643918758.759][DEBUG]: DevTools WebSocket Response: Runtime.evaluate (id=141) F04678564F21ED2B83F8A3B03BF6A49A {
   "result": {
      "description": "1",
      "type": "number",
      "value": 1
   }
}
[1643918758.759][INFO]: Done waiting for pending navigations. Status: ok
[1643918758.761][DEBUG]: DevTools WebSocket Command: Runtime.evaluate (id=142) F04678564F21ED2B83F8A3B03BF6A49A {
   "awaitPromise": true,
   "expression": "(function() { // Copyright (c) 2012 The Chromium Authors. All rights reserved.\n// Use of this source code is governed by a BSD-style license that can be\n// found in the LICENSE file.\n\n/**\n * Enum f...",
   "returnByValue": true
}
[1643918758.774][DEBUG]: DevTools WebSocket Response: Runtime.evaluate (id=142) F04678564F21ED2B83F8A3B03BF6A49A {
   "result": {
      "type": "object",
      "value": {
         "status": 0,
         "value": {
            "element-6066-11e4-a52e-4f735466cecf": "bba3291e-70e4-482b-852d-1df6135cbd7d"
         }
      }
   }
}
[1643918758.774][INFO]: Waiting for pending navigations...
[1643918758.774][DEBUG]: DevTools WebSocket Command: Runtime.evaluate (id=143) F04678564F21ED2B83F8A3B03BF6A49A {
   "expression": "1"
}
[1643918758.777][DEBUG]: DevTools WebSocket Response: Runtime.evaluate (id=143) F04678564F21ED2B83F8A3B03BF6A49A {
   "result": {
      "description": "1",
      "type": "number",
      "value": 1
   }
}
[1643918758.777][INFO]: Done waiting for pending navigations. Status: ok
[1643918758.777][INFO]: [edca2231cae8720e2c64f44c6ba11a6c] RESPONSE FindElement {
   "element-6066-11e4-a52e-4f735466cecf": "bba3291e-70e4-482b-852d-1df6135cbd7d"
}
[1643918758.781][INFO]: [edca2231cae8720e2c64f44c6ba11a6c] COMMAND SwitchToFrame {
   "id": {
      "ELEMENT": "bba3291e-70e4-482b-852d-1df6135cbd7d",
      "element-6066-11e4-a52e-4f735466cecf": "bba3291e-70e4-482b-852d-1df6135cbd7d"
   }
}
[1643918758.781][INFO]: Waiting for pending navigations...
[1643918758.781][DEBUG]: DevTools WebSocket Command: Runtime.evaluate (id=144) F04678564F21ED2B83F8A3B03BF6A49A {
   "expression": "1"
}
[1643918758.783][DEBUG]: DevTools WebSocket Response: Runtime.evaluate (id=144) F04678564F21ED2B83F8A3B03BF6A49A {
   "result": {
      "description": "1",
      "type": "number",
      "value": 1
   }
}
[1643918758.783][INFO]: Done waiting for pending navigations. Status: ok
[1643918758.784][DEBUG]: DevTools WebSocket Command: Runtime.evaluate (id=145) F04678564F21ED2B83F8A3B03BF6A49A {
   "awaitPromise": true,
   "expression": "(function() { // Copyright (c) 2012 The Chromium Authors. All rights reserved.\n// Use of this source code is governed by a BSD-style license that can be\n// found in the LICENSE file.\n\n/**\n * Enum f...",
   "returnByValue": true
}
[1643918758.791][DEBUG]: DevTools WebSocket Response: Runtime.evaluate (id=145) F04678564F21ED2B83F8A3B03BF6A49A {
   "result": {
      "type": "object",
      "value": {
         "status": 0,
         "value": false
      }
   }
}
[1643918758.791][DEBUG]: DevTools WebSocket Command: Runtime.evaluate (id=146) F04678564F21ED2B83F8A3B03BF6A49A {
   "awaitPromise": true,
   "expression": "(function() { // Copyright (c) 2012 The Chromium Authors. All rights reserved.\n// Use of this source code is governed by a BSD-style license that can be\n// found in the LICENSE file.\n\n/**\n * Enum f...",
   "returnByValue": false
}
[1643918758.793][DEBUG]: DevTools WebSocket Response: Runtime.evaluate (id=146) F04678564F21ED2B83F8A3B03BF6A49A {
   "result": {
      "className": "HTMLIFrameElement",
      "description": "iframe",
      "objectId": "1776502206568502977.1.1",
      "subtype": "node",
      "type": "object"
   }
}
[1643918758.793][DEBUG]: DevTools WebSocket Command: DOM.requestNode (id=147) F04678564F21ED2B83F8A3B03BF6A49A {
   "objectId": "1776502206568502977.1.1"
}
[1643918758.808][DEBUG]: DevTools WebSocket Event: DOM.setChildNodes F04678564F21ED2B83F8A3B03BF6A49A {
   "nodes": [ {
      "attributes": [ "id", "app", "class", "tbdid" ],
      "backendNodeId": 93,
      "childNodeCount": 2,
      "localName": "div",
      "nodeId": 41,
      "nodeName": "DIV",
      "nodeType": 1,
      "nodeValue": "",
      "parentId": 40
   }, {
      "attributes": [  ],
      "backendNodeId": 94,
      "childNodeCount": 1,
      "children": [ {
         "backendNodeId": 95,
         "localName": "",
         "nodeId": 43,
         "nodeName": "#text",
         "nodeType": 3,
         "nodeValue": "window.App={\"apiUrl\":\"www.rambler.ru\",\"state\":{\"api\":{\"news\":[{\"clid\":48063813,\"title\":\"Пентагон обвинил Россию в желании «сфабриковать предлог дл...",
         "parentId": 42
      } ],
      "localName": "script",
      "nodeId": 42,
      "nodeName": "SCRIPT",
      "nodeType": 1,
      "nodeValue": "",
      "parentId": 40
   }, {
      "attributes": [  ],
      "backendNodeId": 96,
      "childNodeCount": 1,
      "children": [ {
         "backendNodeId": 97,
         "localName": "",
         "nodeId": 45,
         "nodeName": "#text",
         "nodeType": 3,
         "nodeValue": "\n                window._config_aab = {\n                  puids: {\n                    puid6: 'HEAD_MAIN',\n                  },\n                };\n              ",
         "parentId": 44
      } ],
      "localName": "script",
      "nodeId": 44,
      "nodeName": "SCRIPT",
      "nodeType": 1,
      "nodeValue": "",
      "parentId": 40
   }, {
      "attributes": [ "style", "display:none;position:absolute;left:-999999px", "class", "taqimrc" ],
      "backendNodeId": 98,
      "childNodeCount": 8,
      "localName": "div",
      "nodeId": 46,
      "nodeName": "DIV",
      "nodeType": 1,
      "nodeValue": "",
      "parentId": 40
   }, {
      "attributes": [ "src", "/assets/desktopWebpackRuntime.97027476.js", "async", "" ],
      "backendNodeId": 99,
      "childNodeCount": 0,
      "localName": "script",
      "nodeId": 47,
      "nodeName": "SCRIPT",
      "nodeType": 1,
      "nodeValue": "",
      "parentId": 40
   }, {
      "attributes": [ "src", "/assets/desktopVendorReact.4d705e37.chunk.js", "async", "" ],
      "backendNodeId": 100,
      "childNodeCount": 0,
      "localName": "script",
      "nodeId": 48,
      "nodeName": "SCRIPT",
      "nodeType": 1,
      "nodeValue": "",
      "parentId": 40
   }, {
      "attributes": [ "src", "/assets/desktopVendorMediaComponents.7b6942de.chunk.js", "async", "" ],
      "backendNodeId": 101,
      "childNodeCount": 0,
      "localName": "script",
      "nodeId": 49,
      "nodeName": "SCRIPT",
      "nodeType": 1,
      "nodeValue": "",
      "parentId": 40
   }, {
      "attributes": [ "src", "/assets/desktopVendor.30391685.chunk.js", "async", "" ],
      "backendNodeId": 102,
      "childNodeCount": 0,
      "localName": "script",
      "nodeId": 50,
      "nodeName": "SCRIPT",
      "nodeType": 1,
      "nodeValue": "",
      "parentId": 40
   }, {
      "attributes": [ "src", "/assets/desktop.0eec9f56.chunk.js", "async", "" ],
      "backendNodeId": 103,
      "childNodeCount": 0,
      "localName": "script",
      "nodeId": 51,
      "nodeName": "SCRIPT",
      "nodeType": 1,
      "nodeValue": "",
      "parentId": 40
   }, {
      "attributes": [ "src", "/assets/desk_magnesium-desk_sodium-desktop.d1b412a7.chunk.js", "async", "" ],
      "backendNodeId": 104,
      "childNodeCount": 0,
      "localName": "script",
      "nodeId": 52,
      "nodeName": "SCRIPT",
      "nodeType": 1,
      "nodeValue": "",
      "parentId": 40
   }, {
      "attributes": [ "src", "/assets/debugger-desk_sodium.44ba3feb.chunk.js", "async", "" ],
      "backendNodeId": 105,
      "childNodeCount": 0,
      "localName": "script",
      "nodeId": 53,
      "nodeName": "SCRIPT",
      "nodeType": 1,
      "nodeValue": "",
      "parentId": 40
   }, {
      "attributes": [ "src", "/assets/desk_magnesium-desk_sodium.f19240da.chunk.js", "async", "" ],
      "backendNodeId": 106,
      "childNodeCount": 0,
      "localName": "script",
      "nodeId": 54,
      "nodeName": "SCRIPT",
      "nodeType": 1,
      "nodeValue": "",
      "parentId": 40
   }, {
      "attributes": [ "src", "/assets/vendors-desk_magnesium-desk_sodium.c43899c5.chunk.js", "async", "" ],
      "backendNodeId": 107,
      "childNodeCount": 0,
      "localName": "script",
      "nodeId": 55,
      "nodeName": "SCRIPT",
      "nodeType": 1,
      "nodeValue": "",
      "parentId": 40
   }, {
      "attributes": [ "src", "/assets/desk_sodium.8fae5a21.chunk.js", "async", "" ],
      "backendNodeId": 108,
      "childNodeCount": 0,
      "localName": "script",
      "nodeId": 56,
      "nodeName": "SCRIPT",
      "nodeType": 1,
      "nodeValue": "",
      "parentId": 40
   }, {
      "attributes": [ "src", "/assets/desk_sodiumWebpackRuntime.1801687e.js", "async", "" ],
      "backendNodeId": 109,
      "childNodeCount": 0,
      "localName": "script",
      "nodeId": 57,
      "nodeName": "SCRIPT",
      "nodeType": 1,
      "nodeValue": "",
      "parentId": 40
   }, {
      "attributes": [ "src", "https://www.rambler.ru/loader.js" ],
      "backendNodeId": 110,
      "childNodeCount": 1,
      "children": [ {
         "backendNodeId": 111,
         "localName": "",
         "nodeId": 59,
         "nodeName": "#text",
         "nodeType": 3,
         "nodeValue": "!function() {var a=['Numb','_INT','EGER','dec','eURI','mpo','nen','ndo','code','URIC','ompo','deco','ICom','enco','omp','pon','Comp','esc','ape','cap','JSO','oor','pow','roun','rou','createElement'...",
         "parentId": 58
      } ],
      "localName": "script",
      "nodeId": 58,
      "nodeName": "SCRIPT",
      "nodeType": 1,
      "nodeValue": "",
      "parentId": 40
   }, {
      "attributes": [  ],
      "backendNodeId": 112,
      "childNodeCount": 1,
      "children": [ {
         "backendNodeId": 113,
         "localName": "",
         "nodeId": 61,
         "nodeName": "#text",
         "nodeType": 3,
         "nodeValue": "\n      \u003Cimg src=\"//counter.rambler.ru/top100.cnt?pid=29811\" alt=\"\" />\n      \u003Cimg src=\"//mc.yandex.ru/watch/28161048?ut=noindex\" alt=\"\" />\n      \u003Cimg src=\"//mc.yandex.ru/watch/26649402?ut=noindex\" a...",
         "parentId": 60
      } ],
      "localName": "noscript",
      "nodeId": 60,
      "nodeName": "NOSCRIPT",
      "nodeType": 1,
      "nodeValue": "",
      "parentId": 40
   }, {
      "attributes": [ "class", "uomj" ],
      "backendNodeId": 114,
      "childNodeCount": 1,
      "localName": "div",
      "nodeId": 62,
      "nodeName": "DIV",
      "nodeType": 1,
      "nodeValue": "",
      "parentId": 40
   }, {
      "attributes": [ "src", "https://id.rambler.ru/rambler-id-helper/1.5.27/storage.html", "aria-hidden", "true", "loading", "eager", "style", "width: 0px; height: 0px; border: 0px; position: absolute; left: -9999px;" ],
      "backendNodeId": 115,
      "childNodeCount": 0,
      "contentDocument": {
         "backendNodeId": 17,
         "baseURL": "https://id.rambler.ru/rambler-id-helper/1.5.27/storage.html",
         "childNodeCount": 2,
         "compatibilityMode": "NoQuirksMode",
         "documentURL": "https://id.rambler.ru/rambler-id-helper/1.5.27/storage.html",
         "localName": "",
         "nodeId": 64,
         "nodeName": "#document",
         "nodeType": 9,
         "nodeValue": "",
         "xmlVersion": ""
      },
      "frameId": "40FE11B2ED8333CF8DC1E7F3F4269AF1",
      "localName": "iframe",
      "nodeId": 63,
      "nodeName": "IFRAME",
      "nodeType": 1,
      "nodeValue": "",
      "parentId": 40
   }, "..." ],
   "parentId": 40
}
[1643918758.808][DEBUG]: DevTools WebSocket Event: DOM.setChildNodes F04678564F21ED2B83F8A3B03BF6A49A {
   "nodes": [ {
      "attributes": [ "src", "https://id.rambler.ru/login-20/login?rname=head&session=false&back=https%3A%2F%2Fwww.rambler.ru%2F&param=iframe&iframeOrigin=https%3A%2F%2Fwww.rambler.ru", "frameborder", "0", "loading", "eager", "style", "visibility: hidden; width: 100%;" ],
      "backendNodeId": 175,
      "childNodeCount": 0,
      "contentDocument": {
         "backendNodeId": 176,
         "baseURL": "https://www.rambler.ru/",
         "childNodeCount": 1,
         "compatibilityMode": "QuirksMode",
         "documentURL": "about:blank",
         "localName": "",
         "nodeId": 126,
         "nodeName": "#document",
         "nodeType": 9,
         "nodeValue": "",
         "xmlVersion": ""
      },
      "frameId": "75CA708234DEEAF5837A564AB0C28A72",
      "localName": "iframe",
      "nodeId": 125,
      "nodeName": "IFRAME",
      "nodeType": 1,
      "nodeValue": "",
      "parentId": 124
   } ],
   "parentId": 124
}
[1643918758.808][DEBUG]: DevTools WebSocket Response: DOM.requestNode (id=147) F04678564F21ED2B83F8A3B03BF6A49A {
   "nodeId": 125
}
[1643918758.808][DEBUG]: DevTools WebSocket Command: Runtime.releaseObject (id=148) F04678564F21ED2B83F8A3B03BF6A49A {
   "objectId": "1776502206568502977.1.1"
}
[1643918758.810][DEBUG]: DevTools WebSocket Response: Runtime.releaseObject (id=148) F04678564F21ED2B83F8A3B03BF6A49A {

}
[1643918758.811][DEBUG]: DevTools WebSocket Command: Runtime.evaluate (id=149) F04678564F21ED2B83F8A3B03BF6A49A {
   "awaitPromise": true,
   "expression": "(function() { // Copyright (c) 2012 The Chromium Authors. All rights reserved.\n// Use of this source code is governed by a BSD-style license that can be\n// found in the LICENSE file.\n\n/**\n * Enum f...",
   "returnByValue": true
}
[1643918758.815][DEBUG]: DevTools WebSocket Response: Runtime.evaluate (id=149) F04678564F21ED2B83F8A3B03BF6A49A {
   "result": {
      "type": "object",
      "value": {
         "status": 0,
         "value": {
            "element-6066-11e4-a52e-4f735466cecf": "bba3291e-70e4-482b-852d-1df6135cbd7d"
         }
      }
   }
}
[1643918758.816][DEBUG]: DevTools WebSocket Command: Runtime.evaluate (id=150) F04678564F21ED2B83F8A3B03BF6A49A {
   "awaitPromise": true,
   "expression": "(function() { // Copyright (c) 2012 The Chromium Authors. All rights reserved.\n// Use of this source code is governed by a BSD-style license that can be\n// found in the LICENSE file.\n\n/**\n * Enum f...",
   "returnByValue": true
}
[1643918758.824][DEBUG]: DevTools WebSocket Event: DOM.attributeModified F04678564F21ED2B83F8A3B03BF6A49A {
   "name": "cd_frame_id_",
   "nodeId": 125,
   "value": "4b4377d4ad73d5aca53f63a2656b0312"
}
[1643918758.824][DEBUG]: DevTools WebSocket Response: Runtime.evaluate (id=150) F04678564F21ED2B83F8A3B03BF6A49A {
   "result": {
      "type": "object",
      "value": {
         "status": 0,
         "value": null
      }
   }
}
[1643918758.824][INFO]: Waiting for pending navigations...
[1643918758.824][DEBUG]: DevTools WebSocket Command: Runtime.evaluate (id=151) F04678564F21ED2B83F8A3B03BF6A49A {
   "expression": "1"
}
[1643918758.825][DEBUG]: DevTools WebSocket Response: Runtime.evaluate (id=151) F04678564F21ED2B83F8A3B03BF6A49A {
   "result": {
      "description": "1",
      "type": "number",
      "value": 1
   }
}
[1643918759.326][DEBUG]: DevTools WebSocket Command: Runtime.evaluate (id=152) F04678564F21ED2B83F8A3B03BF6A49A {
   "expression": "1"
}
[1643918759.328][DEBUG]: DevTools WebSocket Response: Runtime.evaluate (id=152) F04678564F21ED2B83F8A3B03BF6A49A {
   "result": {
      "description": "1",
      "type": "number",
      "value": 1
   }
}
[1643918759.828][DEBUG]: DevTools WebSocket Command: Runtime.evaluate (id=153) F04678564F21ED2B83F8A3B03BF6A49A {
   "expression": "1"
}
[1643918759.834][DEBUG]: DevTools WebSocket Response: Runtime.evaluate (id=153) F04678564F21ED2B83F8A3B03BF6A49A {
   "result": {
      "description": "1",
      "type": "number",
      "value": 1
   }
}
[1643918760.334][DEBUG]: DevTools WebSocket Command: Runtime.evaluate (id=154) F04678564F21ED2B83F8A3B03BF6A49A {
   "expression": "1"
}
[1643918760.338][DEBUG]: DevTools WebSocket Response: Runtime.evaluate (id=154) F04678564F21ED2B83F8A3B03BF6A49A {
   "result": {
      "description": "1",
      "type": "number",
      "value": 1
   }
}
[1643918760.839][DEBUG]: DevTools WebSocket Command: Runtime.evaluate (id=155) F04678564F21ED2B83F8A3B03BF6A49A {
   "expression": "1"
}
[1643918760.840][DEBUG]: DevTools WebSocket Response: Runtime.evaluate (id=155) F04678564F21ED2B83F8A3B03BF6A49A {
   "result": {
      "description": "1",
      "type": "number",
      "value": 1
   }
}
[1643918761.341][DEBUG]: DevTools WebSocket Command: Runtime.evaluate (id=156) F04678564F21ED2B83F8A3B03BF6A49A {
   "expression": "1"
}
[1643918761.342][DEBUG]: DevTools WebSocket Response: Runtime.evaluate (id=156) F04678564F21ED2B83F8A3B03BF6A49A {
   "result": {
      "description": "1",
      "type": "number",
      "value": 1
   }
}
[1643918761.843][DEBUG]: DevTools WebSocket Command: Runtime.evaluate (id=157) F04678564F21ED2B83F8A3B03BF6A49A {
   "expression": "1"
}
[1643918761.848][DEBUG]: DevTools WebSocket Response: Runtime.evaluate (id=157) F04678564F21ED2B83F8A3B03BF6A49A {
   "result": {
      "description": "1",
      "type": "number",
      "value": 1
   }
}
[1643918762.349][DEBUG]: DevTools WebSocket Command: Runtime.evaluate (id=158) F04678564F21ED2B83F8A3B03BF6A49A {
   "expression": "1"
}
[1643918762.353][DEBUG]: DevTools WebSocket Response: Runtime.evaluate (id=158) F04678564F21ED2B83F8A3B03BF6A49A {
   "result": {
      "description": "1",
      "type": "number",
      "value": 1
   }
}
[1643918762.853][DEBUG]: DevTools WebSocket Command: Runtime.evaluate (id=159) F04678564F21ED2B83F8A3B03BF6A49A {
   "expression": "1"
}
[1643918762.855][DEBUG]: DevTools WebSocket Response: Runtime.evaluate (id=159) F04678564F21ED2B83F8A3B03BF6A49A {
   "result": {
      "description": "1",
      "type": "number",
      "value": 1
   }
}
[1643918763.355][DEBUG]: DevTools WebSocket Command: Runtime.evaluate (id=160) F04678564F21ED2B83F8A3B03BF6A49A {
   "expression": "1"
}
[1643918763.356][DEBUG]: DevTools WebSocket Response: Runtime.evaluate (id=160) F04678564F21ED2B83F8A3B03BF6A49A {
   "result": {
      "description": "1",
      "type": "number",
      "value": 1
   }
}
[1643918763.865][DEBUG]: DevTools WebSocket Command: Runtime.evaluate (id=161) F04678564F21ED2B83F8A3B03BF6A49A {
   "expression": "1"
}
[1643918763.889][DEBUG]: DevTools WebSocket Response: Runtime.evaluate (id=161) F04678564F21ED2B83F8A3B03BF6A49A {
   "result": {
      "description": "1",
      "type": "number",
      "value": 1
   }
}
[1643918764.390][DEBUG]: DevTools WebSocket Command: Runtime.evaluate (id=162) F04678564F21ED2B83F8A3B03BF6A49A {
   "expression": "1"
}
[1643918764.392][DEBUG]: DevTools WebSocket Response: Runtime.evaluate (id=162) F04678564F21ED2B83F8A3B03BF6A49A {
   "result": {
      "description": "1",
      "type": "number",
      "value": 1
   }
}
[1643918764.892][DEBUG]: DevTools WebSocket Command: Runtime.evaluate (id=163) F04678564F21ED2B83F8A3B03BF6A49A {
   "expression": "1"
}
[1643918764.899][DEBUG]: DevTools WebSocket Response: Runtime.evaluate (id=163) F04678564F21ED2B83F8A3B03BF6A49A {
   "result": {
      "description": "1",
      "type": "number",
      "value": 1
   }
}
[1643918765.399][DEBUG]: DevTools WebSocket Command: Runtime.evaluate (id=164) F04678564F21ED2B83F8A3B03BF6A49A {
   "expression": "1"
}
[1643918765.400][DEBUG]: DevTools WebSocket Response: Runtime.evaluate (id=164) F04678564F21ED2B83F8A3B03BF6A49A {
   "result": {
      "description": "1",
      "type": "number",
      "value": 1
   }
}
[1643918765.901][DEBUG]: DevTools WebSocket Command: Runtime.evaluate (id=165) F04678564F21ED2B83F8A3B03BF6A49A {
   "expression": "1"
}
[1643918765.910][DEBUG]: DevTools WebSocket Response: Runtime.evaluate (id=165) F04678564F21ED2B83F8A3B03BF6A49A {
   "result": {
      "description": "1",
      "type": "number",
      "value": 1
   }
}
[1643918766.411][DEBUG]: DevTools WebSocket Command: Runtime.evaluate (id=166) F04678564F21ED2B83F8A3B03BF6A49A {
   "expression": "1"
}
[1643918766.415][DEBUG]: DevTools WebSocket Response: Runtime.evaluate (id=166) F04678564F21ED2B83F8A3B03BF6A49A {
   "result": {
      "description": "1",
      "type": "number",
      "value": 1
   }
}
[1643918766.916][DEBUG]: DevTools WebSocket Command: Runtime.evaluate (id=167) F04678564F21ED2B83F8A3B03BF6A49A {
   "expression": "1"
}
[1643918766.928][DEBUG]: DevTools WebSocket Response: Runtime.evaluate (id=167) F04678564F21ED2B83F8A3B03BF6A49A {
   "result": {
      "description": "1",
      "type": "number",
      "value": 1
   }
}
[1643918767.429][DEBUG]: DevTools WebSocket Command: Runtime.evaluate (id=168) F04678564F21ED2B83F8A3B03BF6A49A {
   "expression": "1"
}
[1643918767.432][DEBUG]: DevTools WebSocket Response: Runtime.evaluate (id=168) F04678564F21ED2B83F8A3B03BF6A49A {
   "result": {
      "description": "1",
      "type": "number",
      "value": 1
   }
}
[1643918767.866][DEBUG]: DevTools WebSocket Event: Page.frameNavigated F04678564F21ED2B83F8A3B03BF6A49A {
   "frame": {
      "adFrameStatus": {
         "adFrameType": "none",
         "explanations": [  ]
      },
      "crossOriginIsolatedContextType": "NotIsolatedFeatureDisabled",
      "domainAndRegistry": "rambler.ru",
      "gatedAPIFeatures": [  ],
      "id": "75CA708234DEEAF5837A564AB0C28A72",
      "loaderId": "51EC8F0ACC2627DE74FEE35675F776B6",
      "mimeType": "text/html",
      "name": "",
      "parentId": "F04678564F21ED2B83F8A3B03BF6A49A",
      "secureContextType": "Secure",
      "securityOrigin": "https://id.rambler.ru",
      "url": "https://id.rambler.ru/login-20/login?rname=head&session=false&back=https%3A%2F%2Fwww.rambler.ru%2F&param=iframe&iframeOrigin=https%3A%2F%2Fwww.rambler.ru"
   },
   "type": "Navigation"
}
[1643918767.866][DEBUG]: DevTools WebSocket Event: DOM.childNodeRemoved F04678564F21ED2B83F8A3B03BF6A49A {
   "nodeId": 125,
   "parentNodeId": 124
}
[1643918767.866][DEBUG]: DevTools WebSocket Command: Runtime.evaluate (id=169) F04678564F21ED2B83F8A3B03BF6A49A {
   "expression": "1"
}
[1643918767.867][DEBUG]: DevTools WebSocket Event: DOM.childNodeInserted F04678564F21ED2B83F8A3B03BF6A49A {
   "node": {
      "attributes": [ "src", "https://id.rambler.ru/login-20/login?rname=head&session=false&back=https%3A%2F%2Fwww.rambler.ru%2F&param=iframe&iframeOrigin=https%3A%2F%2Fwww.rambler.ru", "frameborder", "0", "loading", "eager", "style", "visibility: hidden; width: 100%;", "cd_frame_id_", "4b4377d4ad73d5aca53f63a2656b0312" ],
      "backendNodeId": 175,
      "childNodeCount": 0,
      "contentDocument": {
         "backendNodeId": 177,
         "baseURL": "https://id.rambler.ru/login-20/login?rname=head&session=false&back=https%3A%2F%2Fwww.rambler.ru%2F&param=iframe&iframeOrigin=https%3A%2F%2Fwww.rambler.ru",
         "childNodeCount": 0,
         "compatibilityMode": "NoQuirksMode",
         "documentURL": "https://id.rambler.ru/login-20/login?rname=head&session=false&back=https%3A%2F%2Fwww.rambler.ru%2F&param=iframe&iframeOrigin=https%3A%2F%2Fwww.rambler.ru",
         "localName": "",
         "nodeId": 128,
         "nodeName": "#document",
         "nodeType": 9,
         "nodeValue": "",
         "xmlVersion": ""
      },
      "frameId": "75CA708234DEEAF5837A564AB0C28A72",
      "localName": "iframe",
      "nodeId": 127,
      "nodeName": "IFRAME",
      "nodeType": 1,
      "nodeValue": ""
   },
   "parentNodeId": 124,
   "previousNodeId": 0
}
[1643918767.867][DEBUG]: DevTools WebSocket Event: Runtime.executionContextCreated F04678564F21ED2B83F8A3B03BF6A49A {
   "context": {
      "auxData": {
         "frameId": "75CA708234DEEAF5837A564AB0C28A72",
         "isDefault": true,
         "type": "default"
      },
      "id": 12,
      "name": "",
      "origin": "https://id.rambler.ru",
      "uniqueId": "5736278375298057046.-7447437582179102105"
   }
}
[1643918767.874][DEBUG]: DevTools WebSocket Response: Runtime.evaluate (id=169) F04678564F21ED2B83F8A3B03BF6A49A {
   "result": {
      "description": "1",
      "type": "number",
      "value": 1
   }
}
[1643918767.945][DEBUG]: DevTools WebSocket Event: DOM.childNodeCountUpdated F04678564F21ED2B83F8A3B03BF6A49A {
   "childNodeCount": 1,
   "nodeId": 128
}
[1643918767.945][DEBUG]: DevTools WebSocket Command: Runtime.evaluate (id=170) F04678564F21ED2B83F8A3B03BF6A49A {
   "expression": "1"
}
[1643918767.947][DEBUG]: DevTools WebSocket Event: DOM.childNodeCountUpdated F04678564F21ED2B83F8A3B03BF6A49A {
   "childNodeCount": 2,
   "nodeId": 128
}
[1643918767.961][DEBUG]: DevTools WebSocket Response: Runtime.evaluate (id=170) F04678564F21ED2B83F8A3B03BF6A49A {
   "result": {
      "description": "1",
      "type": "number",
      "value": 1
   }
}
[1643918768.462][DEBUG]: DevTools WebSocket Command: Runtime.evaluate (id=171) F04678564F21ED2B83F8A3B03BF6A49A {
   "expression": "1"
}
[1643918768.467][DEBUG]: DevTools WebSocket Response: Runtime.evaluate (id=171) F04678564F21ED2B83F8A3B03BF6A49A {
   "result": {
      "description": "1",
      "type": "number",
      "value": 1
   }
}
[1643918768.982][DEBUG]: DevTools WebSocket Command: Runtime.evaluate (id=172) F04678564F21ED2B83F8A3B03BF6A49A {
   "expression": "1"
}
[1643918769.059][DEBUG]: DevTools WebSocket Response: Runtime.evaluate (id=172) F04678564F21ED2B83F8A3B03BF6A49A {
   "result": {
      "description": "1",
      "type": "number",
      "value": 1
   }
}
[1643918769.559][DEBUG]: DevTools WebSocket Command: Runtime.evaluate (id=173) F04678564F21ED2B83F8A3B03BF6A49A {
   "expression": "1"
}
[1643918769.560][DEBUG]: DevTools WebSocket Response: Runtime.evaluate (id=173) F04678564F21ED2B83F8A3B03BF6A49A {
   "result": {
      "description": "1",
      "type": "number",
      "value": 1
   }
}
[1643918770.060][DEBUG]: DevTools WebSocket Command: Runtime.evaluate (id=174) F04678564F21ED2B83F8A3B03BF6A49A {
   "expression": "1"
}
[1643918770.183][DEBUG]: DevTools WebSocket Response: Runtime.evaluate (id=174) F04678564F21ED2B83F8A3B03BF6A49A {
   "result": {
      "description": "1",
      "type": "number",
      "value": 1
   }
}
[1643918770.684][DEBUG]: DevTools WebSocket Command: Runtime.evaluate (id=175) F04678564F21ED2B83F8A3B03BF6A49A {
   "expression": "1"
}
[1643918770.728][DEBUG]: DevTools WebSocket Response: Runtime.evaluate (id=175) F04678564F21ED2B83F8A3B03BF6A49A {
   "result": {
      "description": "1",
      "type": "number",
      "value": 1
   }
}
[1643918771.229][DEBUG]: DevTools WebSocket Command: Runtime.evaluate (id=176) F04678564F21ED2B83F8A3B03BF6A49A {
   "expression": "1"
}
[1643918771.242][DEBUG]: DevTools WebSocket Event: Page.navigatedWithinDocument F04678564F21ED2B83F8A3B03BF6A49A {
   "frameId": "75CA708234DEEAF5837A564AB0C28A72",
   "url": "https://id.rambler.ru/login-20/login?rname=head&session=false&back=https%3A%2F%2Fwww.rambler.ru%2F&param=iframe&iframeOrigin=https%3A%2F%2Fwww.rambler.ru"
}
[1643918771.288][DEBUG]: DevTools WebSocket Event: Page.navigatedWithinDocument F04678564F21ED2B83F8A3B03BF6A49A {
   "frameId": "75CA708234DEEAF5837A564AB0C28A72",
   "url": "https://id.rambler.ru/login-20/login?rname=head&session=false&back=https%3A%2F%2Fwww.rambler.ru%2F&param=iframe&iframeOrigin=https%3A%2F%2Fwww.rambler.ru"
}
[1643918771.312][DEBUG]: DevTools WebSocket Response: Runtime.evaluate (id=176) F04678564F21ED2B83F8A3B03BF6A49A {
   "result": {
      "description": "1",
      "type": "number",
      "value": 1
   }
}
[1643918771.429][DEBUG]: DevTools WebSocket Event: Page.frameAttached F04678564F21ED2B83F8A3B03BF6A49A {
   "frameId": "977F82627713A413CABB9E088E331D16",
   "parentFrameId": "75CA708234DEEAF5837A564AB0C28A72",
   "stack": {
      "callFrames": [ {
         "columnNumber": 11499,
         "functionName": "e.install",
         "lineNumber": 0,
         "scriptId": "303",
         "url": "https://id.rambler.ru/rambler-id-helper/auth_events.js"
      }, {
         "columnNumber": 10450,
         "functionName": "e",
         "lineNumber": 0,
         "scriptId": "303",
         "url": "https://id.rambler.ru/rambler-id-helper/auth_events.js"
      }, {
         "columnNumber": 25804,
         "functionName": "e",
         "lineNumber": 0,
         "scriptId": "303",
         "url": "https://id.rambler.ru/rambler-id-helper/auth_events.js"
      }, {
         "columnNumber": 37519,
         "functionName": "Ct",
         "lineNumber": 0,
         "scriptId": "303",
         "url": "https://id.rambler.ru/rambler-id-helper/auth_events.js"
      }, {
         "columnNumber": 37579,
         "functionName": "",
         "lineNumber": 0,
         "scriptId": "303",
         "url": "https://id.rambler.ru/rambler-id-helper/auth_events.js"
      }, {
         "columnNumber": 37636,
         "functionName": "",
         "lineNumber": 0,
         "scriptId": "303",
         "url": "https://id.rambler.ru/rambler-id-helper/auth_events.js"
      }, {
         "columnNumber": 37639,
         "functionName": "",
         "lineNumber": 0,
         "scriptId": "303",
         "url": "https://id.rambler.ru/rambler-id-helper/auth_events.js"
      } ]
   }
}
[1643918771.429][DEBUG]: DevTools WebSocket Command: Runtime.evaluate (id=177) F04678564F21ED2B83F8A3B03BF6A49A {
   "expression": "1"
}
[1643918771.439][DEBUG]: DevTools WebSocket Event: Page.frameStartedLoading F04678564F21ED2B83F8A3B03BF6A49A {
   "frameId": "977F82627713A413CABB9E088E331D16"
}
[1643918771.458][DEBUG]: DevTools WebSocket Response: Runtime.evaluate (id=177) F04678564F21ED2B83F8A3B03BF6A49A {
   "result": {
      "description": "1",
      "type": "number",
      "value": 1
   }
}
[1643918771.479][DEBUG]: DevTools WebSocket Event: Page.frameNavigated F04678564F21ED2B83F8A3B03BF6A49A {
   "frame": {
      "adFrameStatus": {
         "adFrameType": "none",
         "explanations": [  ]
      },
      "crossOriginIsolatedContextType": "NotIsolatedFeatureDisabled",
      "domainAndRegistry": "rambler.ru",
      "gatedAPIFeatures": [  ],
      "id": "977F82627713A413CABB9E088E331D16",
      "loaderId": "AD9884570F6A9516CAD75882566ED49D",
      "mimeType": "text/html",
      "name": "",
      "parentId": "75CA708234DEEAF5837A564AB0C28A72",
      "secureContextType": "Secure",
      "securityOrigin": "https://id.rambler.ru",
      "url": "https://id.rambler.ru/rambler-id-helper/1.5.27/storage.html"
   },
   "type": "Navigation"
}
[1643918771.479][DEBUG]: DevTools WebSocket Event: Runtime.executionContextCreated F04678564F21ED2B83F8A3B03BF6A49A {
   "context": {
      "auxData": {
         "frameId": "977F82627713A413CABB9E088E331D16",
         "isDefault": true,
         "type": "default"
      },
      "id": 13,
      "name": "",
      "origin": "https://id.rambler.ru",
      "uniqueId": "3075631921916468182.4979388596119019343"
   }
}
[1643918771.479][DEBUG]: DevTools WebSocket Command: Runtime.evaluate (id=178) F04678564F21ED2B83F8A3B03BF6A49A {
   "expression": "1"
}
[1643918771.680][DEBUG]: DevTools WebSocket Response: Runtime.evaluate (id=178) F04678564F21ED2B83F8A3B03BF6A49A {
   "result": {
      "description": "1",
      "type": "number",
      "value": 1
   }
}
[1643918771.726][DEBUG]: DevTools WebSocket Event: Page.frameStoppedLoading F04678564F21ED2B83F8A3B03BF6A49A {
   "frameId": "977F82627713A413CABB9E088E331D16"
}
[1643918771.726][DEBUG]: DevTools WebSocket Command: Runtime.evaluate (id=179) F04678564F21ED2B83F8A3B03BF6A49A {
   "expression": "1"
}
[1643918771.750][DEBUG]: DevTools WebSocket Response: Runtime.evaluate (id=179) F04678564F21ED2B83F8A3B03BF6A49A {
   "result": {
      "description": "1",
      "type": "number",
      "value": 1
   }
}
[1643918772.250][DEBUG]: DevTools WebSocket Command: Runtime.evaluate (id=180) F04678564F21ED2B83F8A3B03BF6A49A {
   "expression": "1"
}
[1643918772.342][DEBUG]: DevTools WebSocket Response: Runtime.evaluate (id=180) F04678564F21ED2B83F8A3B03BF6A49A {
   "result": {
      "description": "1",
      "type": "number",
      "value": 1
   }
}
[1643918772.843][DEBUG]: DevTools WebSocket Command: Runtime.evaluate (id=181) F04678564F21ED2B83F8A3B03BF6A49A {
   "expression": "1"
}
[1643918773.168][DEBUG]: DevTools WebSocket Event: Page.frameAttached F04678564F21ED2B83F8A3B03BF6A49A {
   "frameId": "F12C4BC97898CCF901558D785730F1A2",
   "parentFrameId": "75CA708234DEEAF5837A564AB0C28A72",
   "stack": {
      "callFrames": [ {
         "columnNumber": 229,
         "functionName": "",
         "lineNumber": 338,
         "scriptId": "307",
         "url": "https://www.gstatic.com/recaptcha/releases/dPctOHA2ifhWm5WzFM_B5TjT/recaptcha__en.js"
      }, {
         "columnNumber": 459,
         "functionName": "dH.render",
         "lineNumber": 700,
         "scriptId": "307",
         "url": "https://www.gstatic.com/recaptcha/releases/dPctOHA2ifhWm5WzFM_B5TjT/recaptcha__en.js"
      }, {
         "columnNumber": 374,
         "functionName": "",
         "lineNumber": 243,
         "scriptId": "307",
         "url": "https://www.gstatic.com/recaptcha/releases/dPctOHA2ifhWm5WzFM_B5TjT/recaptcha__en.js"
      }, {
         "columnNumber": 81,
         "functionName": "",
         "lineNumber": 316,
         "scriptId": "307",
         "url": "https://www.gstatic.com/recaptcha/releases/dPctOHA2ifhWm5WzFM_B5TjT/recaptcha__en.js"
      }, {
         "columnNumber": 290,
         "functionName": "",
         "lineNumber": 20,
         "scriptId": "307",
         "url": "https://www.gstatic.com/recaptcha/releases/dPctOHA2ifhWm5WzFM_B5TjT/recaptcha__en.js"
      }, {
         "columnNumber": 137,
         "functionName": "la",
         "lineNumber": 455,
         "scriptId": "307",
         "url": "https://www.gstatic.com/recaptcha/releases/dPctOHA2ifhWm5WzFM_B5TjT/recaptcha__en.js"
      }, {
         "columnNumber": 202,
         "functionName": "",
         "lineNumber": 97,
         "scriptId": "307",
         "url": "https://www.gstatic.com/recaptcha/releases/dPctOHA2ifhWm5WzFM_B5TjT/recaptcha__en.js"
      }, {
         "columnNumber": 241,
         "functionName": "",
         "lineNumber": 55,
         "scriptId": "307",
         "url": "https://www.gstatic.com/recaptcha/releases/dPctOHA2ifhWm5WzFM_B5TjT/recaptcha__en.js"
      }, {
         "columnNumber": 376,
         "functionName": "",
         "lineNumber": 263,
         "scriptId": "307",
         "url": "https://www.gstatic.com/recaptcha/releases/dPctOHA2ifhWm5WzFM_B5TjT/recaptcha__en.js"
      }, {
         "columnNumber": 357,
         "functionName": "",
         "lineNumber": 337,
         "scriptId": "307",
         "url": "https://www.gstatic.com/recaptcha/releases/dPctOHA2ifhWm5WzFM_B5TjT/recaptcha__en.js"
      }, {
         "columnNumber": 326,
         "functionName": "",
         "lineNumber": 263,
         "scriptId": "307",
         "url": "https://www.gstatic.com/recaptcha/releases/dPctOHA2ifhWm5WzFM_B5TjT/recaptcha__en.js"
      }, {
         "columnNumber": 411,
         "functionName": "",
         "lineNumber": 711,
         "scriptId": "307",
         "url": "https://www.gstatic.com/recaptcha/releases/dPctOHA2ifhWm5WzFM_B5TjT/recaptcha__en.js"
      }, {
         "columnNumber": 3,
         "functionName": "",
         "lineNumber": 735,
         "scriptId": "307",
         "url": "https://www.gstatic.com/recaptcha/releases/dPctOHA2ifhWm5WzFM_B5TjT/recaptcha__en.js"
      } ]
   }
}
[1643918773.173][DEBUG]: DevTools WebSocket Event: Page.frameStartedLoading F04678564F21ED2B83F8A3B03BF6A49A {
   "frameId": "F12C4BC97898CCF901558D785730F1A2"
}
[1643918773.191][DEBUG]: DevTools WebSocket Response: Runtime.evaluate (id=181) F04678564F21ED2B83F8A3B03BF6A49A {
   "result": {
      "description": "1",
      "type": "number",
      "value": 1
   }
}
[1643918773.670][DEBUG]: DevTools WebSocket Event: Target.attachedToTarget F04678564F21ED2B83F8A3B03BF6A49A {
   "sessionId": "7727DFB9A5CB17D4FEA5E502EC21061D",
   "targetInfo": {
      "attached": true,
      "browserContextId": "141973644B59A6D5EFC1D374D1ECC676",
      "canAccessOpener": false,
      "targetId": "F12C4BC97898CCF901558D785730F1A2",
      "title": "",
      "type": "iframe",
      "url": ""
   },
   "waitingForDebugger": false
}
[1643918773.670][DEBUG]: DevTools WebSocket Command: Page.addScriptToEvaluateOnNewDocument (id=1) 7727DFB9A5CB17D4FEA5E502EC21061D {
   "source": "(function () {window.cdc_adoQpoasnfa76pfcZLmcfl_Array = window.Array;window.cdc_adoQpoasnfa76pfcZLmcfl_Promise = window.Promise;window.cdc_adoQpoasnfa76pfcZLmcfl_Symbol = window.Symbol;}) ();"
}
[1643918773.672][DEBUG]: DevTools WebSocket Command: Runtime.evaluate (id=2) 7727DFB9A5CB17D4FEA5E502EC21061D {
   "expression": "(function () {window.cdc_adoQpoasnfa76pfcZLmcfl_Array = window.Array;window.cdc_adoQpoasnfa76pfcZLmcfl_Promise = window.Promise;window.cdc_adoQpoasnfa76pfcZLmcfl_Symbol = window.Symbol;}) ();"
}
[1643918773.673][DEBUG]: DevTools WebSocket Command: DOM.getDocument (id=3) 7727DFB9A5CB17D4FEA5E502EC21061D {

}
[1643918773.673][DEBUG]: DevTools WebSocket Command: Target.setAutoAttach (id=4) 7727DFB9A5CB17D4FEA5E502EC21061D {
   "autoAttach": true,
   "flatten": true,
   "waitForDebuggerOnStart": false
}
[1643918773.674][DEBUG]: DevTools WebSocket Command: Page.enable (id=5) 7727DFB9A5CB17D4FEA5E502EC21061D {

}
[1643918773.675][DEBUG]: DevTools WebSocket Command: Page.enable (id=182) F04678564F21ED2B83F8A3B03BF6A49A {

}
[1643918773.676][DEBUG]: DevTools WebSocket Response: Page.enable (id=182) F04678564F21ED2B83F8A3B03BF6A49A {

}
[1643918773.685][DEBUG]: DevTools WebSocket Response: Page.addScriptToEvaluateOnNewDocument (id=1) 7727DFB9A5CB17D4FEA5E502EC21061D {
   "identifier": "1"
}
[1643918773.686][DEBUG]: DevTools WebSocket Response: Runtime.evaluate (id=2) 7727DFB9A5CB17D4FEA5E502EC21061D {
   "result": {
      "type": "undefined"
   }
}
[1643918773.686][DEBUG]: DevTools WebSocket Response: DOM.getDocument (id=3) 7727DFB9A5CB17D4FEA5E502EC21061D {
   "root": {
      "backendNodeId": 11,
      "baseURL": "https://www.google.com/recaptcha/api2/anchor?ar=1&k=6LdZq68UAAAAAI-DGymMPzpPNJNjiJQu9pw5wi7m&co=aHR0cHM6Ly9pZC5yYW1ibGVyLnJ1OjQ0Mw..&hl=en&v=dPctOHA2ifhWm5WzFM_B5TjT&size=invisible&cb=pvcbzn5vwb9s",
      "childNodeCount": 0,
      "children": [  ],
      "compatibilityMode": "NoQuirksMode",
      "documentURL": "https://www.google.com/recaptcha/api2/anchor?ar=1&k=6LdZq68UAAAAAI-DGymMPzpPNJNjiJQu9pw5wi7m&co=aHR0cHM6Ly9pZC5yYW1ibGVyLnJ1OjQ0Mw..&hl=en&v=dPctOHA2ifhWm5WzFM_B5TjT&size=invisible&cb=pvcbzn5vwb9s",
      "localName": "",
      "nodeId": 1,
      "nodeName": "#document",
      "nodeType": 9,
      "nodeValue": "",
      "xmlVersion": ""
   }
}
[1643918773.686][DEBUG]: DevTools WebSocket Response: Target.setAutoAttach (id=4) 7727DFB9A5CB17D4FEA5E502EC21061D {

}
[1643918773.686][DEBUG]: DevTools WebSocket Response: Page.enable (id=5) 7727DFB9A5CB17D4FEA5E502EC21061D {

}
[1643918773.686][DEBUG]: DevTools WebSocket Command: Runtime.enable (id=6) 7727DFB9A5CB17D4FEA5E502EC21061D {

}
[1643918773.695][DEBUG]: DevTools WebSocket Event: Page.frameStoppedLoading F04678564F21ED2B83F8A3B03BF6A49A {
   "frameId": "F12C4BC97898CCF901558D785730F1A2"
}
[1643918773.695][DEBUG]: DevTools WebSocket Event: DOM.childNodeInserted 7727DFB9A5CB17D4FEA5E502EC21061D {
   "node": {
      "backendNodeId": 12,
      "localName": "",
      "nodeId": 2,
      "nodeName": "html",
      "nodeType": 10,
      "nodeValue": "",
      "publicId": "",
      "systemId": ""
   },
   "parentNodeId": 1,
   "previousNodeId": 0
}
[1643918773.695][DEBUG]: DevTools WebSocket Event: DOM.childNodeInserted 7727DFB9A5CB17D4FEA5E502EC21061D {
   "node": {
      "attributes": [ "dir", "ltr", "lang", "en" ],
      "backendNodeId": 13,
      "childNodeCount": 0,
      "frameId": "F12C4BC97898CCF901558D785730F1A2",
      "localName": "html",
      "nodeId": 3,
      "nodeName": "HTML",
      "nodeType": 1,
      "nodeValue": ""
   },
   "parentNodeId": 1,
   "previousNodeId": 2
}
[1643918773.695][DEBUG]: DevTools WebSocket Event: DOM.childNodeCountUpdated 7727DFB9A5CB17D4FEA5E502EC21061D {
   "childNodeCount": 1,
   "nodeId": 3
}
[1643918773.696][DEBUG]: DevTools WebSocket Event: Page.frameDetached F04678564F21ED2B83F8A3B03BF6A49A {
   "frameId": "F12C4BC97898CCF901558D785730F1A2",
   "reason": "swap"
}
[1643918773.697][DEBUG]: DevTools WebSocket Event: Runtime.executionContextCreated 7727DFB9A5CB17D4FEA5E502EC21061D {
   "context": {
      "auxData": {
         "frameId": "F12C4BC97898CCF901558D785730F1A2",
         "isDefault": true,
         "type": "default"
      },
      "id": 3,
      "name": "",
      "origin": "https://www.google.com",
      "uniqueId": "2684193099671077333.-6147785656448438189"
   }
}
[1643918773.697][DEBUG]: DevTools WebSocket Response: Runtime.enable (id=6) 7727DFB9A5CB17D4FEA5E502EC21061D {

}
[1643918773.697][DEBUG]: DevTools WebSocket Command: Page.enable (id=7) 7727DFB9A5CB17D4FEA5E502EC21061D {

}
[1643918773.701][DEBUG]: DevTools WebSocket Response: Page.enable (id=7) 7727DFB9A5CB17D4FEA5E502EC21061D {

}
[1643918773.701][DEBUG]: DevTools WebSocket Command: Runtime.evaluate (id=183) F04678564F21ED2B83F8A3B03BF6A49A {
   "expression": "1"
}
[1643918773.703][DEBUG]: DevTools WebSocket Response: Runtime.evaluate (id=183) F04678564F21ED2B83F8A3B03BF6A49A {
   "result": {
      "description": "1",
      "type": "number",
      "value": 1
   }
}
[1643918773.703][DEBUG]: DevTools WebSocket Command: DOM.getDocument (id=184) F04678564F21ED2B83F8A3B03BF6A49A {

}
[1643918773.706][DEBUG]: DevTools WebSocket Response: DOM.getDocument (id=184) F04678564F21ED2B83F8A3B03BF6A49A {
   "root": {
      "backendNodeId": 1,
      "baseURL": "https://www.rambler.ru/",
      "childNodeCount": 3,
      "children": [ {
         "backendNodeId": 2,
         "localName": "",
         "nodeId": 130,
         "nodeName": "html",
         "nodeType": 10,
         "nodeValue": "",
         "parentId": 129,
         "publicId": "",
         "systemId": ""
      }, {
         "backendNodeId": 3,
         "localName": "",
         "nodeId": 131,
         "nodeName": "#comment",
         "nodeType": 8,
         "nodeValue": " Hello, stranger! ¯\\_( ͡° ͜ʖ ͡°)_/¯ ",
         "parentId": 129
      }, {
         "attributes": [ "class", "no-js", "lang", "ru", "prefix", "og: http://ogp.me/ns#" ],
         "backendNodeId": 4,
         "childNodeCount": 2,
         "children": [ {
            "attributes": [  ],
            "backendNodeId": 10,
            "childNodeCount": 141,
            "localName": "head",
            "nodeId": 133,
            "nodeName": "HEAD",
            "nodeType": 1,
            "nodeValue": "",
            "parentId": 132
         }, {
            "attributes": [  ],
            "backendNodeId": 11,
            "childNodeCount": 53,
            "localName": "body",
            "nodeId": 134,
            "nodeName": "BODY",
            "nodeType": 1,
            "nodeValue": "",
            "parentId": 132
         } ],
         "frameId": "F04678564F21ED2B83F8A3B03BF6A49A",
         "localName": "html",
         "nodeId": 132,
         "nodeName": "HTML",
         "nodeType": 1,
         "nodeValue": "",
         "parentId": 129
      } ],
      "compatibilityMode": "NoQuirksMode",
      "documentURL": "https://www.rambler.ru/",
      "localName": "",
      "nodeId": 129,
      "nodeName": "#document",
      "nodeType": 9,
      "nodeValue": "",
      "xmlVersion": ""
   }
}
[1643918773.706][DEBUG]: DevTools WebSocket Command: Runtime.evaluate (id=185) F04678564F21ED2B83F8A3B03BF6A49A {
   "awaitPromise": false,
   "expression": "document.readyState",
   "returnByValue": true
}
[1643918773.708][DEBUG]: DevTools WebSocket Response: Runtime.evaluate (id=185) F04678564F21ED2B83F8A3B03BF6A49A {
   "result": {
      "type": "string",
      "value": "complete"
   }
}
[1643918773.708][INFO]: Done waiting for pending navigations. Status: ok
[1643918773.708][INFO]: [edca2231cae8720e2c64f44c6ba11a6c] RESPONSE SwitchToFrame
[1643918773.718][INFO]: [edca2231cae8720e2c64f44c6ba11a6c] COMMAND FindElement {
   "using": "css selector",
   "value": "#login"
}
[1643918773.718][INFO]: Waiting for pending navigations...
[1643918773.718][DEBUG]: DevTools WebSocket Command: Runtime.evaluate (id=186) F04678564F21ED2B83F8A3B03BF6A49A {
   "expression": "1"
}
[1643918773.727][DEBUG]: DevTools WebSocket Response: Runtime.evaluate (id=186) F04678564F21ED2B83F8A3B03BF6A49A {
   "result": {
      "description": "1",
      "type": "number",
      "value": 1
   }
}
[1643918773.727][INFO]: Done waiting for pending navigations. Status: ok
[1643918773.729][DEBUG]: DevTools WebSocket Command: Runtime.evaluate (id=187) F04678564F21ED2B83F8A3B03BF6A49A {
   "awaitPromise": true,
   "contextId": 12,
   "expression": "(function() { // Copyright (c) 2012 The Chromium Authors. All rights reserved.\n// Use of this source code is governed by a BSD-style license that can be\n// found in the LICENSE file.\n\n/**\n * Enum f...",
   "returnByValue": true
}
[1643918773.755][DEBUG]: DevTools WebSocket Response: Runtime.evaluate (id=187) F04678564F21ED2B83F8A3B03BF6A49A {
   "result": {
      "type": "object",
      "value": {
         "status": 0,
         "value": {
            "element-6066-11e4-a52e-4f735466cecf": "05c1dd65-0d6a-4ab6-b286-d2f09e77ba5e"
         }
      }
   }
}
[1643918773.755][INFO]: Waiting for pending navigations...
[1643918773.755][DEBUG]: DevTools WebSocket Command: Runtime.evaluate (id=188) F04678564F21ED2B83F8A3B03BF6A49A {
   "expression": "1"
}
[1643918773.756][DEBUG]: DevTools WebSocket Response: Runtime.evaluate (id=188) F04678564F21ED2B83F8A3B03BF6A49A {
   "result": {
      "description": "1",
      "type": "number",
      "value": 1
   }
}
[1643918773.756][INFO]: Done waiting for pending navigations. Status: ok
[1643918773.756][INFO]: [edca2231cae8720e2c64f44c6ba11a6c] RESPONSE FindElement {
   "element-6066-11e4-a52e-4f735466cecf": "05c1dd65-0d6a-4ab6-b286-d2f09e77ba5e"
}
[1643918773.777][INFO]: [edca2231cae8720e2c64f44c6ba11a6c] COMMAND ExecuteScript {
   "args": [ {
      "element-6066-11e4-a52e-4f735466cecf": "05c1dd65-0d6a-4ab6-b286-d2f09e77ba5e"
   } ],
   "script": "return (function(){return (function(){var k=this||self;function aa(a){return\"string\"==typeof a}function ba(a,b){a=a.split(\".\");var c=k;a[0]in c||\"undefined\"==typeof c.execScript||c.execScript(\"var \"+a[0]);for(var d;a.length&&(d=a.shift());)a.length||void 0===b?c[d]&&c[d]!==Object.prototype[d]?c=c[d]:c=c[d]={}:c[d]=b}\nfunction ca(a){var b=typeof a;if(\"object\"==b)if(a){if(a instanceof Array)return\"array\";if(a instanceof Object)return b;var c=Object.prototype.toString.call(a);if(\"[object Window]\"==c)return\"object\";if(\"[object Array]\"==c||\"number\"==typeof a.length&&\"undefined\"!=typeof a.splice&&\"undefined\"!=typeof a.propertyIsEnumerable&&!a.propertyIsEnumerable(\"splice\"))return\"array\";if(\"[object Function]\"==c||\"undefined\"!=typeof a.call&&\"undefined\"!=typeof a.propertyIsEnumerable&&!a.propertyIsEnumerable(\"call\"))return\"function\"}else return\"null\";\nelse if(\"function\"==b&&\"undefined\"==typeof a.call)return\"object\";return b}function da(a,b,c){return a.call.apply(a.bind,arguments)}function ea(a,b,c){if(!a)throw Error();if(2\u003Carguments.length){var d=Array.prototype.slice.call(arguments,2);return function(){var e=Array.prototype.slice.call(arguments);Array.prototype.unshift.apply(e,d);return a.apply(b,e)}}return function(){return a.apply(b,arguments)}}\nfunction fa(a,b,c){Function.prototype.bind&&-1!=Function.prototype.bind.toString().indexOf(\"native code\")?fa=da:fa=ea;return fa.apply(null,arguments)}function ha(a,b){var c=Array.prototype.slice.call(arguments,1);return function(){var d=c.slice();d.push.apply(d,arguments);return a.apply(this,d)}}function l(a,b){function c(){}c.prototype=b.prototype;a.prototype=new c;a.prototype.constructor=a};/*\n\n The MIT License\n\n Copyright (c) 2007 Cybozu Labs, Inc.\n Copyright (c) 2012 Google Inc.\n\n Permission is hereby granted, free of charge, to any person obtaining a copy\n of this software and associated documentation files (the \"Software\"), to\n deal in the Software without restriction, including without limitation the\n rights to use, copy, modify, merge, publish, distribute, sublicense, and/or\n sell copies of the Software, and to permit persons to whom the Software is\n furnished to do so, subject to the following conditions:\n\n The above copyright notice and this permission notice shall be included in\n all copies or substantial portions of the Software.\n\n THE SOFTWARE IS PROVIDED \"AS IS\", WITHOUT WARRANTY OF ANY KIND, EXPRESS OR\n IMPLIED, INCLUDING BUT NOT LIMITED TO THE WARRANTIES OF MERCHANTABILITY,\n FITNESS FOR A PARTICULAR PURPOSE AND NONINFRINGEMENT. IN NO EVENT SHALL THE\n AUTHORS OR COPYRIGHT HOLDERS BE LIABLE FOR ANY CLAIM, DAMAGES OR OTHER\n LIABILITY, WHETHER IN AN ACTION OF CONTRACT, TORT OR OTHERWISE, ARISING\n FROM, OUT OF OR IN CONNECTION WITH THE SOFTWARE OR THE USE OR OTHER DEALINGS\n IN THE SOFTWARE.\n*/\nfunction ia(a,b,c){this.a=a;this.b=b||1;this.f=c||1};var ja=Array.prototype.indexOf?function(a,b){return Array.prototype.indexOf.call(a,b,void 0)}:function(a,b){if(\"string\"===typeof a)return\"string\"!==typeof b||1!=b.length?-1:a.indexOf(b,0);for(var c=0;c\u003Ca.length;c++)if(c in a&&a[c]===b)return c;return-1},n=Array.prototype.forEach?function(a,b){Array.prototype.forEach.call(a,b,void 0)}:function(a,b){for(var c=a.length,d=\"string\"===typeof a?a.split(\"\"):a,e=0;e\u003Cc;e++)e in d&&b.call(void 0,d[e],e,a)},ka=Array.prototype.filter?function(a,b){return Array.prototype.filter.call(a,\nb,void 0)}:function(a,b){for(var c=a.length,d=[],e=0,f=\"string\"===typeof a?a.split(\"\"):a,g=0;g\u003Cc;g++)if(g in f){var h=f[g];b.call(void 0,h,g,a)&&(d[e++]=h)}return d},la=Array.prototype.reduce?function(a,b,c){return Array.prototype.reduce.call(a,b,c)}:function(a,b,c){var d=c;n(a,function(e,f){d=b.call(void 0,d,e,f,a)});return d},ma=Array.prototype.some?function(a,b){return Array.prototype.some.call(a,b,void 0)}:function(a,b){for(var c=a.length,d=\"string\"===typeof a?a.split(\"\"):a,e=0;e\u003Cc;e++)if(e in\nd&&b.call(void 0,d[e],e,a))return!0;return!1},na=Array.prototype.every?function(a,b){return Array.prototype.every.call(a,b,void 0)}:function(a,b){for(var c=a.length,d=\"string\"===typeof a?a.split(\"\"):a,e=0;e\u003Cc;e++)if(e in d&&!b.call(void 0,d[e],e,a))return!1;return!0};function oa(a,b){a:{for(var c=a.length,d=\"string\"===typeof a?a.split(\"\"):a,e=0;e\u003Cc;e++)if(e in d&&b.call(void 0,d[e],e,a)){b=e;break a}b=-1}return 0>b?null:\"string\"===typeof a?a.charAt(b):a[b]}\nfunction pa(a){return Array.prototype.concat.apply([],arguments)}function qa(a,b,c){return 2>=arguments.length?Array.prototype.slice.call(a,b):Array.prototype.slice.call(a,b,c)};var ra=String.prototype.trim?function(a){return a.trim()}:function(a){return/^[\\s\\xa0]*([\\s\\S]*?)[\\s\\xa0]*$/.exec(a)[1]};function sa(a,b){return a\u003Cb?-1:a>b?1:0};var t;a:{var ta=k.navigator;if(ta){var ua=ta.userAgent;if(ua){t=ua;break a}}t=\"\"}function u(a){return-1!=t.indexOf(a)};function va(){return u(\"Firefox\")||u(\"FxiOS\")}function wa(){return(u(\"Chrome\")||u(\"CriOS\"))&&!u(\"Edge\")};function xa(a){return String(a).replace(/\\-([a-z])/g,function(b,c){return c.toUpperCase()})};function ya(){return u(\"iPhone\")&&!u(\"iPod\")&&!u(\"iPad\")};function za(a,b){var c=Aa;return Object.prototype.hasOwnProperty.call(c,a)?c[a]:c[a]=b(a)};var Ba=u(\"Opera\"),v=u(\"Trident\")||u(\"MSIE\"),Ca=u(\"Edge\"),Da=u(\"Gecko\")&&!(-1!=t.toLowerCase().indexOf(\"webkit\")&&!u(\"Edge\"))&&!(u(\"Trident\")||u(\"MSIE\"))&&!u(\"Edge\"),Ea=-1!=t.toLowerCase().indexOf(\"webkit\")&&!u(\"Edge\");function Fa(){var a=k.document;return a?a.documentMode:void 0}var Ga;\na:{var Ha=\"\",Ia=function(){var a=t;if(Da)return/rv:([^\\);]+)(\\)|;)/.exec(a);if(Ca)return/Edge\\/([\\d\\.]+)/.exec(a);if(v)return/\\b(?:MSIE|rv)[: ]([^\\);]+)(\\)|;)/.exec(a);if(Ea)return/WebKit\\/(\\S+)/.exec(a);if(Ba)return/(?:Version)[ \\/]?(\\S+)/.exec(a)}();Ia&&(Ha=Ia?Ia[1]:\"\");if(v){var Ja=Fa();if(null!=Ja&&Ja>parseFloat(Ha)){Ga=String(Ja);break a}}Ga=Ha}var Aa={};\nfunction Ka(a){return za(a,function(){for(var b=0,c=ra(String(Ga)).split(\".\"),d=ra(String(a)).split(\".\"),e=Math.max(c.length,d.length),f=0;0==b&&f\u003Ce;f++){var g=c[f]||\"\",h=d[f]||\"\";do{g=/(\\d*)(\\D*)(.*)/.exec(g)||[\"\",\"\",\"\",\"\"];h=/(\\d*)(\\D*)(.*)/.exec(h)||[\"\",\"\",\"\",\"\"];if(0==g[0].length&&0==h[0].length)break;b=sa(0==g[1].length?0:parseInt(g[1],10),0==h[1].length?0:parseInt(h[1],10))||sa(0==g[2].length,0==h[2].length)||sa(g[2],h[2]);g=g[3];h=h[3]}while(0==b)}return 0\u003C=b})}var La;\nLa=k.document&&v?Fa():void 0;var x=v&&!(9\u003C=Number(La)),Ma=v&&!(8\u003C=Number(La));function Na(a,b,c,d){this.a=a;this.nodeName=c;this.nodeValue=d;this.nodeType=2;this.parentNode=this.ownerElement=b}function Oa(a,b){var c=Ma&&\"href\"==b.nodeName?a.getAttribute(b.nodeName,2):b.nodeValue;return new Na(b,a,b.nodeName,c)};function Pa(a){this.b=a;this.a=0}function Qa(a){a=a.match(Ra);for(var b=0;b\u003Ca.length;b++)Sa.test(a[b])&&a.splice(b,1);return new Pa(a)}var Ra=/\\$?(?:(?![0-9-\\.])(?:\\*|[\\w-\\.]+):)?(?![0-9-\\.])(?:\\*|[\\w-\\.]+)|\\/\\/|\\.\\.|::|\\d+(?:\\.\\d*)?|\\.\\d+|\"[^\"]*\"|'[^']*'|[!\u003C>]=|\\s+|./g,Sa=/^\\s/;function y(a,b){return a.b[a.a+(b||0)]}function z(a){return a.b[a.a++]}function Ta(a){return a.b.length\u003C=a.a};function Ua(a,b){this.x=void 0!==a?a:0;this.y=void 0!==b?b:0}Ua.prototype.ceil=function(){this.x=Math.ceil(this.x);this.y=Math.ceil(this.y);return this};Ua.prototype.floor=function(){this.x=Math.floor(this.x);this.y=Math.floor(this.y);return this};Ua.prototype.round=function(){this.x=Math.round(this.x);this.y=Math.round(this.y);return this};function Va(a,b){this.width=a;this.height=b}Va.prototype.aspectRatio=function(){return this.width/this.height};Va.prototype.ceil=function(){this.width=Math.ceil(this.width);this.height=Math.ceil(this.height);return this};Va.prototype.floor=function(){this.width=Math.floor(this.width);this.height=Math.floor(this.height);return this};Va.prototype.round=function(){this.width=Math.round(this.width);this.height=Math.round(this.height);return this};function Wa(a,b){if(!a||!b)return!1;if(a.contains&&1==b.nodeType)return a==b||a.contains(b);if(\"undefined\"!=typeof a.compareDocumentPosition)return a==b||!!(a.compareDocumentPosition(b)&16);for(;b&&a!=b;)b=b.parentNode;return b==a}\nfunction Xa(a,b){if(a==b)return 0;if(a.compareDocumentPosition)return a.compareDocumentPosition(b)&2?1:-1;if(v&&!(9\u003C=Number(La))){if(9==a.nodeType)return-1;if(9==b.nodeType)return 1}if(\"sourceIndex\"in a||a.parentNode&&\"sourceIndex\"in a.parentNode){var c=1==a.nodeType,d=1==b.nodeType;if(c&&d)return a.sourceIndex-b.sourceIndex;var e=a.parentNode,f=b.parentNode;return e==f?Ya(a,b):!c&&Wa(e,b)?-1*Za(a,b):!d&&Wa(f,a)?Za(b,a):(c?a.sourceIndex:e.sourceIndex)-(d?b.sourceIndex:f.sourceIndex)}d=A(a);c=d.createRange();\nc.selectNode(a);c.collapse(!0);a=d.createRange();a.selectNode(b);a.collapse(!0);return c.compareBoundaryPoints(k.Range.START_TO_END,a)}function Za(a,b){var c=a.parentNode;if(c==b)return-1;for(;b.parentNode!=c;)b=b.parentNode;return Ya(b,a)}function Ya(a,b){for(;b=b.previousSibling;)if(b==a)return-1;return 1}function A(a){return 9==a.nodeType?a:a.ownerDocument||a.document}function $a(a,b){a&&(a=a.parentNode);for(var c=0;a;){if(b(a))return a;a=a.parentNode;c++}return null}\nfunction ab(a){this.a=a||k.document||document}ab.prototype.getElementsByTagName=function(a,b){return(b||this.a).getElementsByTagName(String(a))};function B(a){var b=null,c=a.nodeType;1==c&&(b=a.textContent,b=void 0==b||null==b?a.innerText:b,b=void 0==b||null==b?\"\":b);if(\"string\"!=typeof b)if(x&&\"title\"==a.nodeName.toLowerCase()&&1==c)b=a.text;else if(9==c||1==c){a=9==c?a.documentElement:a.firstChild;c=0;var d=[];for(b=\"\";a;){do 1!=a.nodeType&&(b+=a.nodeValue),x&&\"title\"==a.nodeName.toLowerCase()&&(b+=a.text),d[c++]=a;while(a=a.firstChild);for(;c&&!(a=d[--c].nextSibling););}}else b=a.nodeValue;return b}\nfunction C(a,b,c){if(null===b)return!0;try{if(!a.getAttribute)return!1}catch(d){return!1}Ma&&\"class\"==b&&(b=\"className\");return null==c?!!a.getAttribute(b):a.getAttribute(b,2)==c}function bb(a,b,c,d,e){return(x?cb:db).call(null,a,b,aa(c)?c:null,aa(d)?d:null,e||new E)}\nfunction cb(a,b,c,d,e){if(a instanceof F||8==a.b||c&&null===a.b){var f=b.all;if(!f)return e;a=eb(a);if(\"*\"!=a&&(f=b.getElementsByTagName(a),!f))return e;if(c){for(var g=[],h=0;b=f[h++];)C(b,c,d)&&g.push(b);f=g}for(h=0;b=f[h++];)\"*\"==a&&\"!\"==b.tagName||e.add(b);return e}fb(a,b,c,d,e);return e}\nfunction db(a,b,c,d,e){b.getElementsByName&&d&&\"name\"==c&&!v?(b=b.getElementsByName(d),n(b,function(f){a.a(f)&&e.add(f)})):b.getElementsByClassName&&d&&\"class\"==c?(b=b.getElementsByClassName(d),n(b,function(f){f.className==d&&a.a(f)&&e.add(f)})):a instanceof G?fb(a,b,c,d,e):b.getElementsByTagName&&(b=b.getElementsByTagName(a.f()),n(b,function(f){C(f,c,d)&&e.add(f)}));return e}\nfunction gb(a,b,c,d,e){var f;if((a instanceof F||8==a.b||c&&null===a.b)&&(f=b.childNodes)){var g=eb(a);if(\"*\"!=g&&(f=ka(f,function(h){return h.tagName&&h.tagName.toLowerCase()==g}),!f))return e;c&&(f=ka(f,function(h){return C(h,c,d)}));n(f,function(h){\"*\"==g&&(\"!\"==h.tagName||\"*\"==g&&1!=h.nodeType)||e.add(h)});return e}return hb(a,b,c,d,e)}function hb(a,b,c,d,e){for(b=b.firstChild;b;b=b.nextSibling)C(b,c,d)&&a.a(b)&&e.add(b);return e}\nfunction fb(a,b,c,d,e){for(b=b.firstChild;b;b=b.nextSibling)C(b,c,d)&&a.a(b)&&e.add(b),fb(a,b,c,d,e)}function eb(a){if(a instanceof G){if(8==a.b)return\"!\";if(null===a.b)return\"*\"}return a.f()};function E(){this.b=this.a=null;this.l=0}function ib(a){this.f=a;this.a=this.b=null}function kb(a,b){if(!a.a)return b;if(!b.a)return a;var c=a.a;b=b.a;for(var d=null,e,f=0;c&&b;){e=c.f;var g=b.f;e==g||e instanceof Na&&g instanceof Na&&e.a==g.a?(e=c,c=c.a,b=b.a):0\u003CXa(c.f,b.f)?(e=b,b=b.a):(e=c,c=c.a);(e.b=d)?d.a=e:a.a=e;d=e;f++}for(e=c||b;e;)e.b=d,d=d.a=e,f++,e=e.a;a.b=d;a.l=f;return a}function lb(a,b){b=new ib(b);b.a=a.a;a.b?a.a.b=b:a.a=a.b=b;a.a=b;a.l++}\nE.prototype.add=function(a){a=new ib(a);a.b=this.b;this.a?this.b.a=a:this.a=this.b=a;this.b=a;this.l++};function mb(a){return(a=a.a)?a.f:null}function nb(a){return(a=mb(a))?B(a):\"\"}function H(a,b){return new ob(a,!!b)}function ob(a,b){this.f=a;this.b=(this.s=b)?a.b:a.a;this.a=null}function I(a){var b=a.b;if(null==b)return null;var c=a.a=b;a.b=a.s?b.b:b.a;return c.f};function J(a){this.i=a;this.b=this.g=!1;this.f=null}function K(a){return\"\\n  \"+a.toString().split(\"\\n\").join(\"\\n  \")}function pb(a,b){a.g=b}function qb(a,b){a.b=b}function N(a,b){a=a.a(b);return a instanceof E?+nb(a):+a}function O(a,b){a=a.a(b);return a instanceof E?nb(a):\"\"+a}function rb(a,b){a=a.a(b);return a instanceof E?!!a.l:!!a};function sb(a,b,c){J.call(this,a.i);this.c=a;this.h=b;this.o=c;this.g=b.g||c.g;this.b=b.b||c.b;this.c==tb&&(c.b||c.g||4==c.i||0==c.i||!b.f?b.b||b.g||4==b.i||0==b.i||!c.f||(this.f={name:c.f.name,u:b}):this.f={name:b.f.name,u:c})}l(sb,J);\nfunction ub(a,b,c,d,e){b=b.a(d);c=c.a(d);var f;if(b instanceof E&&c instanceof E){b=H(b);for(d=I(b);d;d=I(b))for(e=H(c),f=I(e);f;f=I(e))if(a(B(d),B(f)))return!0;return!1}if(b instanceof E||c instanceof E){b instanceof E?(e=b,d=c):(e=c,d=b);f=H(e);for(var g=typeof d,h=I(f);h;h=I(f)){switch(g){case \"number\":h=+B(h);break;case \"boolean\":h=!!B(h);break;case \"string\":h=B(h);break;default:throw Error(\"Illegal primitive type for comparison.\");}if(e==b&&a(h,d)||e==c&&a(d,h))return!0}return!1}return e?\"boolean\"==\ntypeof b||\"boolean\"==typeof c?a(!!b,!!c):\"number\"==typeof b||\"number\"==typeof c?a(+b,+c):a(b,c):a(+b,+c)}sb.prototype.a=function(a){return this.c.m(this.h,this.o,a)};sb.prototype.toString=function(){var a=\"Binary Expression: \"+this.c;a+=K(this.h);return a+=K(this.o)};function vb(a,b,c,d){this.I=a;this.D=b;this.i=c;this.m=d}vb.prototype.toString=function(){return this.I};var wb={};\nfunction P(a,b,c,d){if(wb.hasOwnProperty(a))throw Error(\"Binary operator already created: \"+a);a=new vb(a,b,c,d);return wb[a.toString()]=a}P(\"div\",6,1,function(a,b,c){return N(a,c)/N(b,c)});P(\"mod\",6,1,function(a,b,c){return N(a,c)%N(b,c)});P(\"*\",6,1,function(a,b,c){return N(a,c)*N(b,c)});P(\"+\",5,1,function(a,b,c){return N(a,c)+N(b,c)});P(\"-\",5,1,function(a,b,c){return N(a,c)-N(b,c)});P(\"\u003C\",4,2,function(a,b,c){return ub(function(d,e){return d\u003Ce},a,b,c)});\nP(\">\",4,2,function(a,b,c){return ub(function(d,e){return d>e},a,b,c)});P(\"\u003C=\",4,2,function(a,b,c){return ub(function(d,e){return d\u003C=e},a,b,c)});P(\">=\",4,2,function(a,b,c){return ub(function(d,e){return d>=e},a,b,c)});var tb=P(\"=\",3,2,function(a,b,c){return ub(function(d,e){return d==e},a,b,c,!0)});P(\"!=\",3,2,function(a,b,c){return ub(function(d,e){return d!=e},a,b,c,!0)});P(\"and\",2,2,function(a,b,c){return rb(a,c)&&rb(b,c)});P(\"or\",1,2,function(a,b,c){return rb(a,c)||rb(b,c)});function xb(a,b){if(b.a.length&&4!=a.i)throw Error(\"Primary expression must evaluate to nodeset if filter has predicate(s).\");J.call(this,a.i);this.c=a;this.h=b;this.g=a.g;this.b=a.b}l(xb,J);xb.prototype.a=function(a){a=this.c.a(a);return yb(this.h,a)};xb.prototype.toString=function(){var a=\"Filter:\"+K(this.c);return a+=K(this.h)};function zb(a,b){if(b.length\u003Ca.C)throw Error(\"Function \"+a.j+\" expects at least\"+a.C+\" arguments, \"+b.length+\" given\");if(null!==a.B&&b.length>a.B)throw Error(\"Function \"+a.j+\" expects at most \"+a.B+\" arguments, \"+b.length+\" given\");a.H&&n(b,function(c,d){if(4!=c.i)throw Error(\"Argument \"+d+\" to function \"+a.j+\" is not of type Nodeset: \"+c);});J.call(this,a.i);this.v=a;this.c=b;pb(this,a.g||ma(b,function(c){return c.g}));qb(this,a.G&&!b.length||a.F&&!!b.length||ma(b,function(c){return c.b}))}\nl(zb,J);zb.prototype.a=function(a){return this.v.m.apply(null,pa(a,this.c))};zb.prototype.toString=function(){var a=\"Function: \"+this.v;if(this.c.length){var b=la(this.c,function(c,d){return c+K(d)},\"Arguments:\");a+=K(b)}return a};function Ab(a,b,c,d,e,f,g,h){this.j=a;this.i=b;this.g=c;this.G=d;this.F=!1;this.m=e;this.C=f;this.B=void 0!==g?g:f;this.H=!!h}Ab.prototype.toString=function(){return this.j};var Bb={};\nfunction Q(a,b,c,d,e,f,g,h){if(Bb.hasOwnProperty(a))throw Error(\"Function already created: \"+a+\".\");Bb[a]=new Ab(a,b,c,d,e,f,g,h)}Q(\"boolean\",2,!1,!1,function(a,b){return rb(b,a)},1);Q(\"ceiling\",1,!1,!1,function(a,b){return Math.ceil(N(b,a))},1);Q(\"concat\",3,!1,!1,function(a,b){return la(qa(arguments,1),function(c,d){return c+O(d,a)},\"\")},2,null);Q(\"contains\",2,!1,!1,function(a,b,c){b=O(b,a);a=O(c,a);return-1!=b.indexOf(a)},2);Q(\"count\",1,!1,!1,function(a,b){return b.a(a).l},1,1,!0);\nQ(\"false\",2,!1,!1,function(){return!1},0);Q(\"floor\",1,!1,!1,function(a,b){return Math.floor(N(b,a))},1);Q(\"id\",4,!1,!1,function(a,b){function c(h){if(x){var m=e.all[h];if(m){if(m.nodeType&&h==m.id)return m;if(m.length)return oa(m,function(w){return h==w.id})}return null}return e.getElementById(h)}var d=a.a,e=9==d.nodeType?d:d.ownerDocument;a=O(b,a).split(/\\s+/);var f=[];n(a,function(h){h=c(h);!h||0\u003C=ja(f,h)||f.push(h)});f.sort(Xa);var g=new E;n(f,function(h){g.add(h)});return g},1);\nQ(\"lang\",2,!1,!1,function(){return!1},1);Q(\"last\",1,!0,!1,function(a){if(1!=arguments.length)throw Error(\"Function last expects ()\");return a.f},0);Q(\"local-name\",3,!1,!0,function(a,b){return(a=b?mb(b.a(a)):a.a)?a.localName||a.nodeName.toLowerCase():\"\"},0,1,!0);Q(\"name\",3,!1,!0,function(a,b){return(a=b?mb(b.a(a)):a.a)?a.nodeName.toLowerCase():\"\"},0,1,!0);Q(\"namespace-uri\",3,!0,!1,function(){return\"\"},0,1,!0);\nQ(\"normalize-space\",3,!1,!0,function(a,b){return(b?O(b,a):B(a.a)).replace(/[\\s\\xa0]+/g,\" \").replace(/^\\s+|\\s+$/g,\"\")},0,1);Q(\"not\",2,!1,!1,function(a,b){return!rb(b,a)},1);Q(\"number\",1,!1,!0,function(a,b){return b?N(b,a):+B(a.a)},0,1);Q(\"position\",1,!0,!1,function(a){return a.b},0);Q(\"round\",1,!1,!1,function(a,b){return Math.round(N(b,a))},1);Q(\"starts-with\",2,!1,!1,function(a,b,c){b=O(b,a);a=O(c,a);return 0==b.lastIndexOf(a,0)},2);Q(\"string\",3,!1,!0,function(a,b){return b?O(b,a):B(a.a)},0,1);\nQ(\"string-length\",1,!1,!0,function(a,b){return(b?O(b,a):B(a.a)).length},0,1);Q(\"substring\",3,!1,!1,function(a,b,c,d){c=N(c,a);if(isNaN(c)||Infinity==c||-Infinity==c)return\"\";d=d?N(d,a):Infinity;if(isNaN(d)||-Infinity===d)return\"\";c=Math.round(c)-1;var e=Math.max(c,0);a=O(b,a);return Infinity==d?a.substring(e):a.substring(e,c+Math.round(d))},2,3);Q(\"substring-after\",3,!1,!1,function(a,b,c){b=O(b,a);a=O(c,a);c=b.indexOf(a);return-1==c?\"\":b.substring(c+a.length)},2);\nQ(\"substring-before\",3,!1,!1,function(a,b,c){b=O(b,a);a=O(c,a);a=b.indexOf(a);return-1==a?\"\":b.substring(0,a)},2);Q(\"sum\",1,!1,!1,function(a,b){a=H(b.a(a));b=0;for(var c=I(a);c;c=I(a))b+=+B(c);return b},1,1,!0);Q(\"translate\",3,!1,!1,function(a,b,c,d){b=O(b,a);c=O(c,a);var e=O(d,a);a={};for(d=0;d\u003Cc.length;d++){var f=c.charAt(d);f in a||(a[f]=e.charAt(d))}c=\"\";for(d=0;d\u003Cb.length;d++)f=b.charAt(d),c+=f in a?a[f]:f;return c},3);Q(\"true\",2,!1,!1,function(){return!0},0);function G(a,b){this.h=a;this.c=void 0!==b?b:null;this.b=null;switch(a){case \"comment\":this.b=8;break;case \"text\":this.b=3;break;case \"processing-instruction\":this.b=7;break;case \"node\":break;default:throw Error(\"Unexpected argument\");}}function Cb(a){return\"comment\"==a||\"text\"==a||\"processing-instruction\"==a||\"node\"==a}G.prototype.a=function(a){return null===this.b||this.b==a.nodeType};G.prototype.f=function(){return this.h};\nG.prototype.toString=function(){var a=\"Kind Test: \"+this.h;null===this.c||(a+=K(this.c));return a};function Db(a){J.call(this,3);this.c=a.substring(1,a.length-1)}l(Db,J);Db.prototype.a=function(){return this.c};Db.prototype.toString=function(){return\"Literal: \"+this.c};function F(a,b){this.j=a.toLowerCase();a=\"*\"==this.j?\"*\":\"http://www.w3.org/1999/xhtml\";this.c=b?b.toLowerCase():a}F.prototype.a=function(a){var b=a.nodeType;if(1!=b&&2!=b)return!1;b=void 0!==a.localName?a.localName:a.nodeName;return\"*\"!=this.j&&this.j!=b.toLowerCase()?!1:\"*\"==this.c?!0:this.c==(a.namespaceURI?a.namespaceURI.toLowerCase():\"http://www.w3.org/1999/xhtml\")};F.prototype.f=function(){return this.j};\nF.prototype.toString=function(){return\"Name Test: \"+(\"http://www.w3.org/1999/xhtml\"==this.c?\"\":this.c+\":\")+this.j};function Eb(a){J.call(this,1);this.c=a}l(Eb,J);Eb.prototype.a=function(){return this.c};Eb.prototype.toString=function(){return\"Number: \"+this.c};function Fb(a,b){J.call(this,a.i);this.h=a;this.c=b;this.g=a.g;this.b=a.b;1==this.c.length&&(a=this.c[0],a.A||a.c!=Gb||(a=a.o,\"*\"!=a.f()&&(this.f={name:a.f(),u:null})))}l(Fb,J);function Hb(){J.call(this,4)}l(Hb,J);Hb.prototype.a=function(a){var b=new E;a=a.a;9==a.nodeType?b.add(a):b.add(a.ownerDocument);return b};Hb.prototype.toString=function(){return\"Root Helper Expression\"};function Ib(){J.call(this,4)}l(Ib,J);Ib.prototype.a=function(a){var b=new E;b.add(a.a);return b};Ib.prototype.toString=function(){return\"Context Helper Expression\"};\nfunction Jb(a){return\"/\"==a||\"//\"==a}Fb.prototype.a=function(a){var b=this.h.a(a);if(!(b instanceof E))throw Error(\"Filter expression must evaluate to nodeset.\");a=this.c;for(var c=0,d=a.length;c\u003Cd&&b.l;c++){var e=a[c],f=H(b,e.c.s);if(e.g||e.c!=Kb)if(e.g||e.c!=Lb){var g=I(f);for(b=e.a(new ia(g));null!=(g=I(f));)g=e.a(new ia(g)),b=kb(b,g)}else g=I(f),b=e.a(new ia(g));else{for(g=I(f);(b=I(f))&&(!g.contains||g.contains(b))&&b.compareDocumentPosition(g)&8;g=b);b=e.a(new ia(g))}}return b};\nFb.prototype.toString=function(){var a=\"Path Expression:\"+K(this.h);if(this.c.length){var b=la(this.c,function(c,d){return c+K(d)},\"Steps:\");a+=K(b)}return a};function Mb(a,b){this.a=a;this.s=!!b}\nfunction yb(a,b,c){for(c=c||0;c\u003Ca.a.length;c++)for(var d=a.a[c],e=H(b),f=b.l,g,h=0;g=I(e);h++){var m=a.s?f-h:h+1;g=d.a(new ia(g,m,f));if(\"number\"==typeof g)m=m==g;else if(\"string\"==typeof g||\"boolean\"==typeof g)m=!!g;else if(g instanceof E)m=0\u003Cg.l;else throw Error(\"Predicate.evaluate returned an unexpected type.\");if(!m){m=e;g=m.f;var w=m.a;if(!w)throw Error(\"Next must be called at least once before remove.\");var r=w.b;w=w.a;r?r.a=w:g.a=w;w?w.b=r:g.b=r;g.l--;m.a=null}}return b}\nMb.prototype.toString=function(){return la(this.a,function(a,b){return a+K(b)},\"Predicates:\")};function R(a,b,c,d){J.call(this,4);this.c=a;this.o=b;this.h=c||new Mb([]);this.A=!!d;b=this.h;b=0\u003Cb.a.length?b.a[0].f:null;a.J&&b&&(a=b.name,a=x?a.toLowerCase():a,this.f={name:a,u:b.u});a:{a=this.h;for(b=0;b\u003Ca.a.length;b++)if(c=a.a[b],c.g||1==c.i||0==c.i){a=!0;break a}a=!1}this.g=a}l(R,J);\nR.prototype.a=function(a){var b=a.a,c=this.f,d=null,e=null,f=0;c&&(d=c.name,e=c.u?O(c.u,a):null,f=1);if(this.A)if(this.g||this.c!=Nb)if(b=H((new R(Ob,new G(\"node\"))).a(a)),c=I(b))for(a=this.m(c,d,e,f);null!=(c=I(b));)a=kb(a,this.m(c,d,e,f));else a=new E;else a=bb(this.o,b,d,e),a=yb(this.h,a,f);else a=this.m(a.a,d,e,f);return a};R.prototype.m=function(a,b,c,d){a=this.c.v(this.o,a,b,c);return a=yb(this.h,a,d)};\nR.prototype.toString=function(){var a=\"Step:\"+K(\"Operator: \"+(this.A?\"//\":\"/\"));this.c.j&&(a+=K(\"Axis: \"+this.c));a+=K(this.o);if(this.h.a.length){var b=la(this.h.a,function(c,d){return c+K(d)},\"Predicates:\");a+=K(b)}return a};function Pb(a,b,c,d){this.j=a;this.v=b;this.s=c;this.J=d}Pb.prototype.toString=function(){return this.j};var Qb={};function S(a,b,c,d){if(Qb.hasOwnProperty(a))throw Error(\"Axis already created: \"+a);b=new Pb(a,b,c,!!d);return Qb[a]=b}\nS(\"ancestor\",function(a,b){for(var c=new E;b=b.parentNode;)a.a(b)&&lb(c,b);return c},!0);S(\"ancestor-or-self\",function(a,b){var c=new E;do a.a(b)&&lb(c,b);while(b=b.parentNode);return c},!0);\nvar Gb=S(\"attribute\",function(a,b){var c=new E,d=a.f();if(\"style\"==d&&x&&b.style)return c.add(new Na(b.style,b,\"style\",b.style.cssText)),c;var e=b.attributes;if(e)if(a instanceof G&&null===a.b||\"*\"==d)for(a=0;d=e[a];a++)x?d.nodeValue&&c.add(Oa(b,d)):c.add(d);else(d=e.getNamedItem(d))&&(x?d.nodeValue&&c.add(Oa(b,d)):c.add(d));return c},!1),Nb=S(\"child\",function(a,b,c,d,e){return(x?gb:hb).call(null,a,b,aa(c)?c:null,aa(d)?d:null,e||new E)},!1,!0);S(\"descendant\",bb,!1,!0);\nvar Ob=S(\"descendant-or-self\",function(a,b,c,d){var e=new E;C(b,c,d)&&a.a(b)&&e.add(b);return bb(a,b,c,d,e)},!1,!0),Kb=S(\"following\",function(a,b,c,d){var e=new E;do for(var f=b;f=f.nextSibling;)C(f,c,d)&&a.a(f)&&e.add(f),e=bb(a,f,c,d,e);while(b=b.parentNode);return e},!1,!0);S(\"following-sibling\",function(a,b){for(var c=new E;b=b.nextSibling;)a.a(b)&&c.add(b);return c},!1);S(\"namespace\",function(){return new E},!1);\nvar Rb=S(\"parent\",function(a,b){var c=new E;if(9==b.nodeType)return c;if(2==b.nodeType)return c.add(b.ownerElement),c;b=b.parentNode;a.a(b)&&c.add(b);return c},!1),Lb=S(\"preceding\",function(a,b,c,d){var e=new E,f=[];do f.unshift(b);while(b=b.parentNode);for(var g=1,h=f.length;g\u003Ch;g++){var m=[];for(b=f[g];b=b.previousSibling;)m.unshift(b);for(var w=0,r=m.length;w\u003Cr;w++)b=m[w],C(b,c,d)&&a.a(b)&&e.add(b),e=bb(a,b,c,d,e)}return e},!0,!0);\nS(\"preceding-sibling\",function(a,b){for(var c=new E;b=b.previousSibling;)a.a(b)&&lb(c,b);return c},!0);var Sb=S(\"self\",function(a,b){var c=new E;a.a(b)&&c.add(b);return c},!1);function Tb(a){J.call(this,1);this.c=a;this.g=a.g;this.b=a.b}l(Tb,J);Tb.prototype.a=function(a){return-N(this.c,a)};Tb.prototype.toString=function(){return\"Unary Expression: -\"+K(this.c)};function Ub(a){J.call(this,4);this.c=a;pb(this,ma(this.c,function(b){return b.g}));qb(this,ma(this.c,function(b){return b.b}))}l(Ub,J);Ub.prototype.a=function(a){var b=new E;n(this.c,function(c){c=c.a(a);if(!(c instanceof E))throw Error(\"Path expression must evaluate to NodeSet.\");b=kb(b,c)});return b};Ub.prototype.toString=function(){return la(this.c,function(a,b){return a+K(b)},\"Union Expression:\")};function Vb(a,b){this.a=a;this.b=b}function Wb(a){for(var b,c=[];;){T(a,\"Missing right hand side of binary expression.\");b=Xb(a);var d=z(a.a);if(!d)break;var e=(d=wb[d]||null)&&d.D;if(!e){a.a.a--;break}for(;c.length&&e\u003C=c[c.length-1].D;)b=new sb(c.pop(),c.pop(),b);c.push(b,d)}for(;c.length;)b=new sb(c.pop(),c.pop(),b);return b}function T(a,b){if(Ta(a.a))throw Error(b);}function Yb(a,b){a=z(a.a);if(a!=b)throw Error(\"Bad token, expected: \"+b+\" got: \"+a);}\nfunction ac(a){a=z(a.a);if(\")\"!=a)throw Error(\"Bad token: \"+a);}function bc(a){a=z(a.a);if(2>a.length)throw Error(\"Unclosed literal string\");return new Db(a)}\nfunction cc(a){var b=[];if(Jb(y(a.a))){var c=z(a.a);var d=y(a.a);if(\"/\"==c&&(Ta(a.a)||\".\"!=d&&\"..\"!=d&&\"@\"!=d&&\"*\"!=d&&!/(?![0-9])[\\w]/.test(d)))return new Hb;d=new Hb;T(a,\"Missing next location step.\");c=dc(a,c);b.push(c)}else{a:{c=y(a.a);d=c.charAt(0);switch(d){case \"$\":throw Error(\"Variable reference not allowed in HTML XPath\");case \"(\":z(a.a);c=Wb(a);T(a,'unclosed \"(\"');Yb(a,\")\");break;case '\"':case \"'\":c=bc(a);break;default:if(isNaN(+c))if(!Cb(c)&&/(?![0-9])[\\w]/.test(d)&&\"(\"==y(a.a,1)){c=z(a.a);\nc=Bb[c]||null;z(a.a);for(d=[];\")\"!=y(a.a);){T(a,\"Missing function argument list.\");d.push(Wb(a));if(\",\"!=y(a.a))break;z(a.a)}T(a,\"Unclosed function argument list.\");ac(a);c=new zb(c,d)}else{c=null;break a}else c=new Eb(+z(a.a))}\"[\"==y(a.a)&&(d=new Mb(ec(a)),c=new xb(c,d))}if(c)if(Jb(y(a.a)))d=c;else return c;else c=dc(a,\"/\"),d=new Ib,b.push(c)}for(;Jb(y(a.a));)c=z(a.a),T(a,\"Missing next location step.\"),c=dc(a,c),b.push(c);return new Fb(d,b)}\nfunction dc(a,b){if(\"/\"!=b&&\"//\"!=b)throw Error('Step op should be \"/\" or \"//\"');if(\".\"==y(a.a)){var c=new R(Sb,new G(\"node\"));z(a.a);return c}if(\"..\"==y(a.a))return c=new R(Rb,new G(\"node\")),z(a.a),c;if(\"@\"==y(a.a)){var d=Gb;z(a.a);T(a,\"Missing attribute name\")}else if(\"::\"==y(a.a,1)){if(!/(?![0-9])[\\w]/.test(y(a.a).charAt(0)))throw Error(\"Bad token: \"+z(a.a));var e=z(a.a);d=Qb[e]||null;if(!d)throw Error(\"No axis with name: \"+e);z(a.a);T(a,\"Missing node name\")}else d=Nb;e=y(a.a);if(/(?![0-9])[\\w\\*]/.test(e.charAt(0)))if(\"(\"==\ny(a.a,1)){if(!Cb(e))throw Error(\"Invalid node type: \"+e);e=z(a.a);if(!Cb(e))throw Error(\"Invalid type name: \"+e);Yb(a,\"(\");T(a,\"Bad nodetype\");var f=y(a.a).charAt(0),g=null;if('\"'==f||\"'\"==f)g=bc(a);T(a,\"Bad nodetype\");ac(a);e=new G(e,g)}else if(e=z(a.a),f=e.indexOf(\":\"),-1==f)e=new F(e);else{g=e.substring(0,f);if(\"*\"==g)var h=\"*\";else if(h=a.b(g),!h)throw Error(\"Namespace prefix not declared: \"+g);e=e.substr(f+1);e=new F(e,h)}else throw Error(\"Bad token: \"+z(a.a));a=new Mb(ec(a),d.s);return c||new R(d,\ne,a,\"//\"==b)}function ec(a){for(var b=[];\"[\"==y(a.a);){z(a.a);T(a,\"Missing predicate expression.\");var c=Wb(a);b.push(c);T(a,\"Unclosed predicate expression.\");Yb(a,\"]\")}return b}function Xb(a){if(\"-\"==y(a.a))return z(a.a),new Tb(Xb(a));var b=cc(a);if(\"|\"!=y(a.a))a=b;else{for(b=[b];\"|\"==z(a.a);)T(a,\"Missing next union location path.\"),b.push(cc(a));a.a.a--;a=new Ub(b)}return a};function fc(a){switch(a.nodeType){case 1:return ha(gc,a);case 9:return fc(a.documentElement);case 11:case 10:case 6:case 12:return hc;default:return a.parentNode?fc(a.parentNode):hc}}function hc(){return null}function gc(a,b){if(a.prefix==b)return a.namespaceURI||\"http://www.w3.org/1999/xhtml\";var c=a.getAttributeNode(\"xmlns:\"+b);return c&&c.specified?c.value||null:a.parentNode&&9!=a.parentNode.nodeType?gc(a.parentNode,b):null};function ic(a,b){if(!a.length)throw Error(\"Empty XPath expression.\");a=Qa(a);if(Ta(a))throw Error(\"Invalid XPath expression.\");b?\"function\"==ca(b)||(b=fa(b.lookupNamespaceURI,b)):b=function(){return null};var c=Wb(new Vb(a,b));if(!Ta(a))throw Error(\"Bad token: \"+z(a));this.evaluate=function(d,e){d=c.a(new ia(d));return new U(d,e)}}\nfunction U(a,b){if(0==b)if(a instanceof E)b=4;else if(\"string\"==typeof a)b=2;else if(\"number\"==typeof a)b=1;else if(\"boolean\"==typeof a)b=3;else throw Error(\"Unexpected evaluation result.\");if(2!=b&&1!=b&&3!=b&&!(a instanceof E))throw Error(\"value could not be converted to the specified type\");this.resultType=b;switch(b){case 2:this.stringValue=a instanceof E?nb(a):\"\"+a;break;case 1:this.numberValue=a instanceof E?+nb(a):+a;break;case 3:this.booleanValue=a instanceof E?0\u003Ca.l:!!a;break;case 4:case 5:case 6:case 7:var c=\nH(a);var d=[];for(var e=I(c);e;e=I(c))d.push(e instanceof Na?e.a:e);this.snapshotLength=a.l;this.invalidIteratorState=!1;break;case 8:case 9:a=mb(a);this.singleNodeValue=a instanceof Na?a.a:a;break;default:throw Error(\"Unknown XPathResult type.\");}var f=0;this.iterateNext=function(){if(4!=b&&5!=b)throw Error(\"iterateNext called with wrong result type\");return f>=d.length?null:d[f++]};this.snapshotItem=function(g){if(6!=b&&7!=b)throw Error(\"snapshotItem called with wrong result type\");return g>=d.length||\n0>g?null:d[g]}}U.ANY_TYPE=0;U.NUMBER_TYPE=1;U.STRING_TYPE=2;U.BOOLEAN_TYPE=3;U.UNORDERED_NODE_ITERATOR_TYPE=4;U.ORDERED_NODE_ITERATOR_TYPE=5;U.UNORDERED_NODE_SNAPSHOT_TYPE=6;U.ORDERED_NODE_SNAPSHOT_TYPE=7;U.ANY_UNORDERED_NODE_TYPE=8;U.FIRST_ORDERED_NODE_TYPE=9;function jc(a){this.lookupNamespaceURI=fc(a)}\nfunction kc(a,b){a=a||k;var c=a.Document&&a.Document.prototype||a.document;if(!c.evaluate||b)a.XPathResult=U,c.evaluate=function(d,e,f,g){return(new ic(d,f)).evaluate(e,g)},c.createExpression=function(d,e){return new ic(d,e)},c.createNSResolver=function(d){return new jc(d)}}ba(\"wgxpath.install\",kc);ba(\"wgxpath.install\",kc);var lc={aliceblue:\"#f0f8ff\",antiquewhite:\"#faebd7\",aqua:\"#00ffff\",aquamarine:\"#7fffd4\",azure:\"#f0ffff\",beige:\"#f5f5dc\",bisque:\"#ffe4c4\",black:\"#000000\",blanchedalmond:\"#ffebcd\",blue:\"#0000ff\",blueviolet:\"#8a2be2\",brown:\"#a52a2a\",burlywood:\"#deb887\",cadetblue:\"#5f9ea0\",chartreuse:\"#7fff00\",chocolate:\"#d2691e\",coral:\"#ff7f50\",cornflowerblue:\"#6495ed\",cornsilk:\"#fff8dc\",crimson:\"#dc143c\",cyan:\"#00ffff\",darkblue:\"#00008b\",darkcyan:\"#008b8b\",darkgoldenrod:\"#b8860b\",darkgray:\"#a9a9a9\",darkgreen:\"#006400\",\ndarkgrey:\"#a9a9a9\",darkkhaki:\"#bdb76b\",darkmagenta:\"#8b008b\",darkolivegreen:\"#556b2f\",darkorange:\"#ff8c00\",darkorchid:\"#9932cc\",darkred:\"#8b0000\",darksalmon:\"#e9967a\",darkseagreen:\"#8fbc8f\",darkslateblue:\"#483d8b\",darkslategray:\"#2f4f4f\",darkslategrey:\"#2f4f4f\",darkturquoise:\"#00ced1\",darkviolet:\"#9400d3\",deeppink:\"#ff1493\",deepskyblue:\"#00bfff\",dimgray:\"#696969\",dimgrey:\"#696969\",dodgerblue:\"#1e90ff\",firebrick:\"#b22222\",floralwhite:\"#fffaf0\",forestgreen:\"#228b22\",fuchsia:\"#ff00ff\",gainsboro:\"#dcdcdc\",\nghostwhite:\"#f8f8ff\",gold:\"#ffd700\",goldenrod:\"#daa520\",gray:\"#808080\",green:\"#008000\",greenyellow:\"#adff2f\",grey:\"#808080\",honeydew:\"#f0fff0\",hotpink:\"#ff69b4\",indianred:\"#cd5c5c\",indigo:\"#4b0082\",ivory:\"#fffff0\",khaki:\"#f0e68c\",lavender:\"#e6e6fa\",lavenderblush:\"#fff0f5\",lawngreen:\"#7cfc00\",lemonchiffon:\"#fffacd\",lightblue:\"#add8e6\",lightcoral:\"#f08080\",lightcyan:\"#e0ffff\",lightgoldenrodyellow:\"#fafad2\",lightgray:\"#d3d3d3\",lightgreen:\"#90ee90\",lightgrey:\"#d3d3d3\",lightpink:\"#ffb6c1\",lightsalmon:\"#ffa07a\",\nlightseagreen:\"#20b2aa\",lightskyblue:\"#87cefa\",lightslategray:\"#778899\",lightslategrey:\"#778899\",lightsteelblue:\"#b0c4de\",lightyellow:\"#ffffe0\",lime:\"#00ff00\",limegreen:\"#32cd32\",linen:\"#faf0e6\",magenta:\"#ff00ff\",maroon:\"#800000\",mediumaquamarine:\"#66cdaa\",mediumblue:\"#0000cd\",mediumorchid:\"#ba55d3\",mediumpurple:\"#9370db\",mediumseagreen:\"#3cb371\",mediumslateblue:\"#7b68ee\",mediumspringgreen:\"#00fa9a\",mediumturquoise:\"#48d1cc\",mediumvioletred:\"#c71585\",midnightblue:\"#191970\",mintcream:\"#f5fffa\",mistyrose:\"#ffe4e1\",\nmoccasin:\"#ffe4b5\",navajowhite:\"#ffdead\",navy:\"#000080\",oldlace:\"#fdf5e6\",olive:\"#808000\",olivedrab:\"#6b8e23\",orange:\"#ffa500\",orangered:\"#ff4500\",orchid:\"#da70d6\",palegoldenrod:\"#eee8aa\",palegreen:\"#98fb98\",paleturquoise:\"#afeeee\",palevioletred:\"#db7093\",papayawhip:\"#ffefd5\",peachpuff:\"#ffdab9\",peru:\"#cd853f\",pink:\"#ffc0cb\",plum:\"#dda0dd\",powderblue:\"#b0e0e6\",purple:\"#800080\",red:\"#ff0000\",rosybrown:\"#bc8f8f\",royalblue:\"#4169e1\",saddlebrown:\"#8b4513\",salmon:\"#fa8072\",sandybrown:\"#f4a460\",seagreen:\"#2e8b57\",\nseashell:\"#fff5ee\",sienna:\"#a0522d\",silver:\"#c0c0c0\",skyblue:\"#87ceeb\",slateblue:\"#6a5acd\",slategray:\"#708090\",slategrey:\"#708090\",snow:\"#fffafa\",springgreen:\"#00ff7f\",steelblue:\"#4682b4\",tan:\"#d2b48c\",teal:\"#008080\",thistle:\"#d8bfd8\",tomato:\"#ff6347\",turquoise:\"#40e0d0\",violet:\"#ee82ee\",wheat:\"#f5deb3\",white:\"#ffffff\",whitesmoke:\"#f5f5f5\",yellow:\"#ffff00\",yellowgreen:\"#9acd32\"};var mc=\"backgroundColor borderTopColor borderRightColor borderBottomColor borderLeftColor color outlineColor\".split(\" \"),nc=/#([0-9a-fA-F])([0-9a-fA-F])([0-9a-fA-F])/,oc=/^#(?:[0-9a-f]{3}){1,2}$/i,pc=/^(?:rgba)?\\((\\d{1,3}),\\s?(\\d{1,3}),\\s?(\\d{1,3}),\\s?(0|1|0\\.\\d*)\\)$/i,qc=/^(?:rgb)?\\((0|[1-9]\\d{0,2}),\\s?(0|[1-9]\\d{0,2}),\\s?(0|[1-9]\\d{0,2})\\)$/i;function rc(a,b){this.code=a;this.a=V[a]||sc;this.message=b||\"\";a=this.a.replace(/((?:^|\\s+)[a-z])/g,function(c){return c.toUpperCase().replace(/^[\\s\\xa0]+/g,\"\")});b=a.length-5;if(0>b||a.indexOf(\"Error\",b)!=b)a+=\"Error\";this.name=a;a=Error(this.message);a.name=this.name;this.stack=a.stack||\"\"}l(rc,Error);var sc=\"unknown error\",V={15:\"element not selectable\",11:\"element not visible\"};V[31]=sc;V[30]=sc;V[24]=\"invalid cookie domain\";V[29]=\"invalid element coordinates\";V[12]=\"invalid element state\";\nV[32]=\"invalid selector\";V[51]=\"invalid selector\";V[52]=\"invalid selector\";V[17]=\"javascript error\";V[405]=\"unsupported operation\";V[34]=\"move target out of bounds\";V[27]=\"no such alert\";V[7]=\"no such element\";V[8]=\"no such frame\";V[23]=\"no such window\";V[28]=\"script timeout\";V[33]=\"session not created\";V[10]=\"stale element reference\";V[21]=\"timeout\";V[25]=\"unable to set cookie\";V[26]=\"unexpected alert open\";V[13]=sc;V[9]=\"unknown command\";var tc=va(),uc=ya()||u(\"iPod\"),vc=u(\"iPad\"),wc=u(\"Android\")&&!(wa()||va()||u(\"Opera\")||u(\"Silk\")),xc=wa(),yc=u(\"Safari\")&&!(wa()||u(\"Coast\")||u(\"Opera\")||u(\"Edge\")||u(\"Edg/\")||u(\"OPR\")||va()||u(\"Silk\")||u(\"Android\"))&&!(ya()||u(\"iPad\")||u(\"iPod\"));function zc(a){return(a=a.exec(t))?a[1]:\"\"}(function(){if(tc)return zc(/Firefox\\/([0-9.]+)/);if(v||Ca||Ba)return Ga;if(xc)return ya()||u(\"iPad\")||u(\"iPod\")?zc(/CriOS\\/([0-9.]+)/):zc(/Chrome\\/([0-9.]+)/);if(yc&&!(ya()||u(\"iPad\")||u(\"iPod\")))return zc(/Version\\/([0-9.]+)/);if(uc||vc){var a=/Version\\/(\\S+).*Mobile\\/(\\S+)/.exec(t);if(a)return a[1]+\".\"+a[2]}else if(wc)return(a=zc(/Android\\s+([0-9.]+)/))?a:zc(/Version\\/([0-9.]+)/);return\"\"})();var Ac,Bc=function(){if(!Da)return!1;var a=k.Components;if(!a)return!1;try{if(!a.classes)return!1}catch(e){return!1}var b=a.classes;a=a.interfaces;var c=b[\"@mozilla.org/xpcom/version-comparator;1\"].getService(a.nsIVersionComparator),d=b[\"@mozilla.org/xre/app-info;1\"].getService(a.nsIXULAppInfo).version;Ac=function(e){c.compare(d,\"\"+e)};return!0}(),Cc=v&&!(9\u003C=Number(La));wc&&Bc&&Ac(2.3);wc&&Bc&&Ac(4);yc&&Bc&&Ac(6);function W(a,b){b&&\"string\"!==typeof b&&(b=b.toString());return!!a&&1==a.nodeType&&(!b||a.tagName.toUpperCase()==b)};var Dc=function(){var a={K:\"http://www.w3.org/2000/svg\"};return function(b){return a[b]||null}}();\nfunction Ec(a,b){var c=A(a);if(!c.documentElement)return null;(v||wc)&&kc(c?c.parentWindow||c.defaultView:window);try{var d=c.createNSResolver?c.createNSResolver(c.documentElement):Dc;if(v&&!Ka(7))return c.evaluate.call(c,b,a,d,9,null);if(!v||9\u003C=Number(La)){for(var e={},f=c.getElementsByTagName(\"*\"),g=0;g\u003Cf.length;++g){var h=f[g],m=h.namespaceURI;if(m&&!e[m]){var w=h.lookupPrefix(m);if(!w){var r=m.match(\".*/(\\\\w+)/?$\");w=r?r[1]:\"xhtml\"}e[m]=w}}var D={},L;for(L in e)D[e[L]]=L;d=function(M){return D[M]||\nnull}}try{return c.evaluate(b,a,d,9,null)}catch(M){if(\"TypeError\"===M.name)return d=c.createNSResolver?c.createNSResolver(c.documentElement):Dc,c.evaluate(b,a,d,9,null);throw M;}}catch(M){if(!Da||\"NS_ERROR_ILLEGAL_VALUE\"!=M.name)throw new rc(32,\"Unable to locate an element with the xpath expression \"+b+\" because of the following error:\\n\"+M);}}\nfunction Fc(a,b){var c=function(){var d=Ec(b,a);return d?d.singleNodeValue||null:b.selectSingleNode?(d=A(b),d.setProperty&&d.setProperty(\"SelectionLanguage\",\"XPath\"),b.selectSingleNode(a)):null}();if(null!==c&&(!c||1!=c.nodeType))throw new rc(32,'The result of the xpath expression \"'+a+'\" is: '+c+\". It should be an element.\");return c};function Gc(a,b,c,d){this.c=a;this.a=b;this.b=c;this.f=d}Gc.prototype.ceil=function(){this.c=Math.ceil(this.c);this.a=Math.ceil(this.a);this.b=Math.ceil(this.b);this.f=Math.ceil(this.f);return this};Gc.prototype.floor=function(){this.c=Math.floor(this.c);this.a=Math.floor(this.a);this.b=Math.floor(this.b);this.f=Math.floor(this.f);return this};Gc.prototype.round=function(){this.c=Math.round(this.c);this.a=Math.round(this.a);this.b=Math.round(this.b);this.f=Math.round(this.f);return this};function X(a,b,c,d){this.a=a;this.b=b;this.width=c;this.height=d}X.prototype.ceil=function(){this.a=Math.ceil(this.a);this.b=Math.ceil(this.b);this.width=Math.ceil(this.width);this.height=Math.ceil(this.height);return this};X.prototype.floor=function(){this.a=Math.floor(this.a);this.b=Math.floor(this.b);this.width=Math.floor(this.width);this.height=Math.floor(this.height);return this};\nX.prototype.round=function(){this.a=Math.round(this.a);this.b=Math.round(this.b);this.width=Math.round(this.width);this.height=Math.round(this.height);return this};var Hc=\"function\"===typeof ShadowRoot;function Ic(a){for(a=a.parentNode;a&&1!=a.nodeType&&9!=a.nodeType&&11!=a.nodeType;)a=a.parentNode;return W(a)?a:null}\nfunction Y(a,b){b=xa(b);if(\"float\"==b||\"cssFloat\"==b||\"styleFloat\"==b)b=Cc?\"styleFloat\":\"cssFloat\";a:{var c=b;var d=A(a);if(d.defaultView&&d.defaultView.getComputedStyle&&(d=d.defaultView.getComputedStyle(a,null))){c=d[c]||d.getPropertyValue(c)||\"\";break a}c=\"\"}a=c||Jc(a,b);if(null===a)a=null;else if(0\u003C=ja(mc,b)){b:{var e=a.match(pc);if(e&&(b=Number(e[1]),c=Number(e[2]),d=Number(e[3]),e=Number(e[4]),0\u003C=b&&255>=b&&0\u003C=c&&255>=c&&0\u003C=d&&255>=d&&0\u003C=e&&1>=e)){b=[b,c,d,e];break b}b=null}if(!b)b:{if(d=a.match(qc))if(b=\nNumber(d[1]),c=Number(d[2]),d=Number(d[3]),0\u003C=b&&255>=b&&0\u003C=c&&255>=c&&0\u003C=d&&255>=d){b=[b,c,d,1];break b}b=null}if(!b)b:{b=a.toLowerCase();c=lc[b.toLowerCase()];if(!c&&(c=\"#\"==b.charAt(0)?b:\"#\"+b,4==c.length&&(c=c.replace(nc,\"#$1$1$2$2$3$3\")),!oc.test(c))){b=null;break b}b=[parseInt(c.substr(1,2),16),parseInt(c.substr(3,2),16),parseInt(c.substr(5,2),16),1]}a=b?\"rgba(\"+b.join(\", \")+\")\":a}return a}\nfunction Jc(a,b){var c=a.currentStyle||a.style,d=c[b];void 0===d&&\"function\"==ca(c.getPropertyValue)&&(d=c.getPropertyValue(b));return\"inherit\"!=d?void 0!==d?d:null:(a=Ic(a))?Jc(a,b):null}\nfunction Kc(a,b,c){function d(g){var h=Lc(g);return 0\u003Ch.height&&0\u003Ch.width?!0:W(g,\"PATH\")&&(0\u003Ch.height||0\u003Ch.width)?(g=Y(g,\"stroke-width\"),!!g&&0\u003CparseInt(g,10)):\"hidden\"!=Y(g,\"overflow\")&&ma(g.childNodes,function(m){return 3==m.nodeType||W(m)&&d(m)})}function e(g){return Mc(g)==Z&&na(g.childNodes,function(h){return!W(h)||e(h)||!d(h)})}if(!W(a))throw Error(\"Argument to isShown must be of type Element\");if(W(a,\"BODY\"))return!0;if(W(a,\"OPTION\")||W(a,\"OPTGROUP\"))return a=$a(a,function(g){return W(g,\"SELECT\")}),\n!!a&&Kc(a,!0,c);var f=Nc(a);if(f)return!!f.image&&0\u003Cf.rect.width&&0\u003Cf.rect.height&&Kc(f.image,b,c);if(W(a,\"INPUT\")&&\"hidden\"==a.type.toLowerCase()||W(a,\"NOSCRIPT\"))return!1;f=Y(a,\"visibility\");return\"collapse\"!=f&&\"hidden\"!=f&&c(a)&&(b||0!=Oc(a))&&d(a)?!e(a):!1}var Z=\"hidden\";\nfunction Mc(a){function b(p){function q(jb){if(jb==g)return!0;var Zb=Y(jb,\"display\");return 0==Zb.lastIndexOf(\"inline\",0)||\"contents\"==Zb||\"absolute\"==$b&&\"static\"==Y(jb,\"position\")?!1:!0}var $b=Y(p,\"position\");if(\"fixed\"==$b)return w=!0,p==g?null:g;for(p=Ic(p);p&&!q(p);)p=Ic(p);return p}function c(p){var q=p;if(\"visible\"==m)if(p==g&&h)q=h;else if(p==h)return{x:\"visible\",y:\"visible\"};q={x:Y(q,\"overflow-x\"),y:Y(q,\"overflow-y\")};p==g&&(q.x=\"visible\"==q.x?\"auto\":q.x,q.y=\"visible\"==q.y?\"auto\":q.y);return q}\nfunction d(p){if(p==g){var q=(new ab(f)).a;p=q.scrollingElement?q.scrollingElement:Ea||\"CSS1Compat\"!=q.compatMode?q.body||q.documentElement:q.documentElement;q=q.parentWindow||q.defaultView;p=v&&Ka(\"10\")&&q.pageYOffset!=p.scrollTop?new Ua(p.scrollLeft,p.scrollTop):new Ua(q.pageXOffset||p.scrollLeft,q.pageYOffset||p.scrollTop)}else p=new Ua(p.scrollLeft,p.scrollTop);return p}var e=Pc(a),f=A(a),g=f.documentElement,h=f.body,m=Y(g,\"overflow\"),w;for(a=b(a);a;a=b(a)){var r=c(a);if(\"visible\"!=r.x||\"visible\"!=\nr.y){var D=Lc(a);if(0==D.width||0==D.height)return Z;var L=e.a\u003CD.a,M=e.b\u003CD.b;if(L&&\"hidden\"==r.x||M&&\"hidden\"==r.y)return Z;if(L&&\"visible\"!=r.x||M&&\"visible\"!=r.y){L=d(a);M=e.b\u003CD.b-L.y;if(e.a\u003CD.a-L.x&&\"visible\"!=r.x||M&&\"visible\"!=r.x)return Z;e=Mc(a);return e==Z?Z:\"scroll\"}L=e.f>=D.a+D.width;D=e.c>=D.b+D.height;if(L&&\"hidden\"==r.x||D&&\"hidden\"==r.y)return Z;if(L&&\"visible\"!=r.x||D&&\"visible\"!=r.y){if(w&&(r=d(a),e.f>=g.scrollWidth-r.x||e.a>=g.scrollHeight-r.y))return Z;e=Mc(a);return e==Z?Z:\"scroll\"}}}return\"none\"}\nfunction Lc(a){var b=Nc(a);if(b)return b.rect;if(W(a,\"HTML\"))return a=A(a),a=((a?a.parentWindow||a.defaultView:window)||window).document,a=\"CSS1Compat\"==a.compatMode?a.documentElement:a.body,a=new Va(a.clientWidth,a.clientHeight),new X(0,0,a.width,a.height);try{var c=a.getBoundingClientRect()}catch(d){return new X(0,0,0,0)}b=new X(c.left,c.top,c.right-c.left,c.bottom-c.top);v&&a.ownerDocument.body&&(a=A(a),b.a-=a.documentElement.clientLeft+a.body.clientLeft,b.b-=a.documentElement.clientTop+a.body.clientTop);\nreturn b}function Nc(a){var b=W(a,\"MAP\");if(!b&&!W(a,\"AREA\"))return null;var c=b?a:W(a.parentNode,\"MAP\")?a.parentNode:null,d=null,e=null;c&&c.name&&(d=Fc('/descendant::*[@usemap = \"#'+c.name+'\"]',A(c)))&&(e=Lc(d),b||\"default\"==a.shape.toLowerCase()||(a=Qc(a),b=Math.min(Math.max(a.a,0),e.width),c=Math.min(Math.max(a.b,0),e.height),e=new X(b+e.a,c+e.b,Math.min(a.width,e.width-b),Math.min(a.height,e.height-c))));return{image:d,rect:e||new X(0,0,0,0)}}\nfunction Qc(a){var b=a.shape.toLowerCase();a=a.coords.split(\",\");if(\"rect\"==b&&4==a.length){b=a[0];var c=a[1];return new X(b,c,a[2]-b,a[3]-c)}if(\"circle\"==b&&3==a.length)return b=a[2],new X(a[0]-b,a[1]-b,2*b,2*b);if(\"poly\"==b&&2\u003Ca.length){b=a[0];c=a[1];for(var d=b,e=c,f=2;f+1\u003Ca.length;f+=2)b=Math.min(b,a[f]),d=Math.max(d,a[f]),c=Math.min(c,a[f+1]),e=Math.max(e,a[f+1]);return new X(b,c,d-b,e-c)}return new X(0,0,0,0)}function Pc(a){a=Lc(a);return new Gc(a.b,a.a+a.width,a.b+a.height,a.a)}\nfunction Oc(a){if(Cc){if(\"relative\"==Y(a,\"position\"))return 1;a=Y(a,\"filter\");return(a=a.match(/^alpha\\(opacity=(\\d*)\\)/)||a.match(/^progid:DXImageTransform.Microsoft.Alpha\\(Opacity=(\\d*)\\)/))?Number(a[1])/100:1}return Rc(a)}function Rc(a){var b=1,c=Y(a,\"opacity\");c&&(b=Number(c));(a=Ic(a))&&(b*=Rc(a));return b};ba(\"_\",function(a,b){function c(d){if(W(d)&&\"none\"==Y(d,\"display\"))return!1;var e;if((e=d.parentNode)&&e.shadowRoot&&void 0!==d.assignedSlot)e=d.assignedSlot?d.assignedSlot.parentNode:null;else if(d.getDestinationInsertionPoints){var f=d.getDestinationInsertionPoints();0\u003Cf.length&&(e=f[f.length-1])}if(Hc&&e instanceof ShadowRoot){if(e.host.shadowRoot!==e)return!1;e=e.host}return!e||9!=e.nodeType&&11!=e.nodeType?e&&W(e,\"DETAILS\")&&!e.open&&!W(d,\"SUMMARY\")?!1:!!e&&c(e):!0}return Kc(a,!!b,c)});; return this._.apply(null,arguments);}).apply({navigator:typeof window!='undefined'?window.navigator:null,document:typeof window!='undefined'?window.document:null}, arguments);}\n).apply(null, arguments);"
}
[1643918773.778][INFO]: Waiting for pending navigations...
[1643918773.778][DEBUG]: DevTools WebSocket Command: Runtime.evaluate (id=189) F04678564F21ED2B83F8A3B03BF6A49A {
   "expression": "1"
}
[1643918773.789][DEBUG]: DevTools WebSocket Response: Runtime.evaluate (id=189) F04678564F21ED2B83F8A3B03BF6A49A {
   "result": {
      "description": "1",
      "type": "number",
      "value": 1
   }
}
[1643918773.789][INFO]: Done waiting for pending navigations. Status: ok
[1643918773.792][DEBUG]: DevTools WebSocket Command: Runtime.evaluate (id=190) F04678564F21ED2B83F8A3B03BF6A49A {
   "awaitPromise": true,
   "contextId": 12,
   "expression": "(function() { // Copyright (c) 2012 The Chromium Authors. All rights reserved.\n// Use of this source code is governed by a BSD-style license that can be\n// found in the LICENSE file.\n\n/**\n * Enum f...",
   "returnByValue": true
}
[1643918773.841][DEBUG]: DevTools WebSocket Response: Runtime.evaluate (id=190) F04678564F21ED2B83F8A3B03BF6A49A {
   "result": {
      "type": "object",
      "value": {
         "status": 0,
         "value": true
      }
   }
}
[1643918773.841][INFO]: Waiting for pending navigations...
[1643918773.841][DEBUG]: DevTools WebSocket Command: Runtime.evaluate (id=191) F04678564F21ED2B83F8A3B03BF6A49A {
   "expression": "1"
}
[1643918773.865][DEBUG]: DevTools WebSocket Response: Runtime.evaluate (id=191) F04678564F21ED2B83F8A3B03BF6A49A {
   "result": {
      "description": "1",
      "type": "number",
      "value": 1
   }
}
[1643918773.865][INFO]: Done waiting for pending navigations. Status: ok
[1643918773.865][INFO]: [edca2231cae8720e2c64f44c6ba11a6c] RESPONSE ExecuteScript true
[1643918773.870][INFO]: [edca2231cae8720e2c64f44c6ba11a6c] COMMAND FindElement {
   "using": "css selector",
   "value": "#login"
}
[1643918773.870][INFO]: Waiting for pending navigations...
[1643918773.870][DEBUG]: DevTools WebSocket Command: Runtime.evaluate (id=192) F04678564F21ED2B83F8A3B03BF6A49A {
   "expression": "1"
}
[1643918774.059][DEBUG]: DevTools WebSocket Response: Runtime.evaluate (id=192) F04678564F21ED2B83F8A3B03BF6A49A {
   "result": {
      "description": "1",
      "type": "number",
      "value": 1
   }
}
[1643918774.059][INFO]: Done waiting for pending navigations. Status: ok
[1643918774.061][DEBUG]: DevTools WebSocket Command: Runtime.evaluate (id=193) F04678564F21ED2B83F8A3B03BF6A49A {
   "awaitPromise": true,
   "contextId": 12,
   "expression": "(function() { // Copyright (c) 2012 The Chromium Authors. All rights reserved.\n// Use of this source code is governed by a BSD-style license that can be\n// found in the LICENSE file.\n\n/**\n * Enum f...",
   "returnByValue": true
}
[1643918774.246][DEBUG]: DevTools WebSocket Response: Runtime.evaluate (id=193) F04678564F21ED2B83F8A3B03BF6A49A {
   "result": {
      "type": "object",
      "value": {
         "status": 0,
         "value": {
            "element-6066-11e4-a52e-4f735466cecf": "05c1dd65-0d6a-4ab6-b286-d2f09e77ba5e"
         }
      }
   }
}
[1643918774.246][INFO]: Waiting for pending navigations...
[1643918774.246][DEBUG]: DevTools WebSocket Command: Runtime.evaluate (id=194) F04678564F21ED2B83F8A3B03BF6A49A {
   "expression": "1"
}
[1643918774.382][DEBUG]: DevTools WebSocket Response: Runtime.evaluate (id=194) F04678564F21ED2B83F8A3B03BF6A49A {
   "result": {
      "description": "1",
      "type": "number",
      "value": 1
   }
}
[1643918774.382][INFO]: Done waiting for pending navigations. Status: ok
[1643918774.382][INFO]: [edca2231cae8720e2c64f44c6ba11a6c] RESPONSE FindElement {
   "element-6066-11e4-a52e-4f735466cecf": "05c1dd65-0d6a-4ab6-b286-d2f09e77ba5e"
}
[1643918774.386][INFO]: [edca2231cae8720e2c64f44c6ba11a6c] COMMAND TypeElement {
   "id": "05c1dd65-0d6a-4ab6-b286-d2f09e77ba5e",
   "text": "simpleautomation@rambler.ru",
   "value": [ "s", "i", "m", "p", "l", "e", "a", "u", "t", "o", "m", "a", "t", "i", "o", "n", "@", "r", "a", "m", "b", "l", "e", "r", ".", "r", "u" ]
}
[1643918774.386][INFO]: Waiting for pending navigations...
[1643918774.386][DEBUG]: DevTools WebSocket Command: Runtime.evaluate (id=195) F04678564F21ED2B83F8A3B03BF6A49A {
   "expression": "1"
}
[1643918774.425][DEBUG]: DevTools WebSocket Event: DOM.childNodeCountUpdated 7727DFB9A5CB17D4FEA5E502EC21061D {
   "childNodeCount": 2,
   "nodeId": 3
}
[1643918774.425][DEBUG]: DevTools WebSocket Event: DOM.documentUpdated 7727DFB9A5CB17D4FEA5E502EC21061D {

}
[1643918774.425][DEBUG]: DevTools WebSocket Command: DOM.getDocument (id=8) 7727DFB9A5CB17D4FEA5E502EC21061D {

}
[1643918774.425][DEBUG]: DevTools WebSocket Event: Page.domContentEventFired 7727DFB9A5CB17D4FEA5E502EC21061D {
   "timestamp": 588123.839499
}
[1643918774.494][DEBUG]: DevTools WebSocket Response: DOM.getDocument (id=8) 7727DFB9A5CB17D4FEA5E502EC21061D {
   "root": {
      "backendNodeId": 11,
      "baseURL": "https://www.google.com/recaptcha/api2/anchor?ar=1&k=6LdZq68UAAAAAI-DGymMPzpPNJNjiJQu9pw5wi7m&co=aHR0cHM6Ly9pZC5yYW1ibGVyLnJ1OjQ0Mw..&hl=en&v=dPctOHA2ifhWm5WzFM_B5TjT&size=invisible&cb=pvcbzn5vwb9s",
      "childNodeCount": 2,
      "children": [ {
         "backendNodeId": 12,
         "localName": "",
         "nodeId": 5,
         "nodeName": "html",
         "nodeType": 10,
         "nodeValue": "",
         "parentId": 4,
         "publicId": "",
         "systemId": ""
      }, {
         "attributes": [ "dir", "ltr", "lang", "en" ],
         "backendNodeId": 13,
         "childNodeCount": 2,
         "children": [ {
            "attributes": [  ],
            "backendNodeId": 14,
            "childNodeCount": 7,
            "localName": "head",
            "nodeId": 7,
            "nodeName": "HEAD",
            "nodeType": 1,
            "nodeValue": "",
            "parentId": 6
         }, {
            "attributes": [  ],
            "backendNodeId": 15,
            "childNodeCount": 4,
            "localName": "body",
            "nodeId": 8,
            "nodeName": "BODY",
            "nodeType": 1,
            "nodeValue": "",
            "parentId": 6
         } ],
         "frameId": "F12C4BC97898CCF901558D785730F1A2",
         "localName": "html",
         "nodeId": 6,
         "nodeName": "HTML",
         "nodeType": 1,
         "nodeValue": "",
         "parentId": 4
      } ],
      "compatibilityMode": "NoQuirksMode",
      "documentURL": "https://www.google.com/recaptcha/api2/anchor?ar=1&k=6LdZq68UAAAAAI-DGymMPzpPNJNjiJQu9pw5wi7m&co=aHR0cHM6Ly9pZC5yYW1ibGVyLnJ1OjQ0Mw..&hl=en&v=dPctOHA2ifhWm5WzFM_B5TjT&size=invisible&cb=pvcbzn5vwb9s",
      "localName": "",
      "nodeId": 4,
      "nodeName": "#document",
      "nodeType": 9,
      "nodeValue": "",
      "xmlVersion": ""
   }
}
[1643918774.543][DEBUG]: DevTools WebSocket Response: Runtime.evaluate (id=195) F04678564F21ED2B83F8A3B03BF6A49A {
   "result": {
      "description": "1",
      "type": "number",
      "value": 1
   }
}
[1643918774.543][INFO]: Done waiting for pending navigations. Status: ok
[1643918774.545][DEBUG]: DevTools WebSocket Command: Runtime.evaluate (id=196) F04678564F21ED2B83F8A3B03BF6A49A {
   "awaitPromise": true,
   "contextId": 12,
   "expression": "(function() { // Copyright (c) 2012 The Chromium Authors. All rights reserved.\n// Use of this source code is governed by a BSD-style license that can be\n// found in the LICENSE file.\n\n/**\n * Enum f...",
   "returnByValue": true
}
[1643918774.799][DEBUG]: DevTools WebSocket Event: Target.attachedToTarget 7727DFB9A5CB17D4FEA5E502EC21061D {
   "sessionId": "A19B9EAD3FA4CECBC09B13DF18E2E9F7",
   "targetInfo": {
      "attached": true,
      "browserContextId": "141973644B59A6D5EFC1D374D1ECC676",
      "canAccessOpener": false,
      "targetId": "51AF69C3A38A6C4A63BAFC3347092A60",
      "title": "https://www.google.com/recaptcha/api2/webworker.js?hl=en&v=dPctOHA2ifhWm5WzFM_B5TjT",
      "type": "worker",
      "url": "https://www.google.com/recaptcha/api2/webworker.js?hl=en&v=dPctOHA2ifhWm5WzFM_B5TjT"
   },
   "waitingForDebugger": false
}
[1643918774.869][DEBUG]: DevTools WebSocket Event: Page.loadEventFired 7727DFB9A5CB17D4FEA5E502EC21061D {
   "timestamp": 588124.281876
}
[1643918774.869][DEBUG]: DevTools WebSocket Event: Page.frameStoppedLoading 7727DFB9A5CB17D4FEA5E502EC21061D {
   "frameId": "F12C4BC97898CCF901558D785730F1A2"
}
[1643918775.002][DEBUG]: DevTools WebSocket Response: Runtime.evaluate (id=196) F04678564F21ED2B83F8A3B03BF6A49A {
   "result": {
      "type": "object",
      "value": {
         "status": 0,
         "value": "INPUT"
      }
   }
}
[1643918775.003][DEBUG]: DevTools WebSocket Command: Runtime.evaluate (id=197) F04678564F21ED2B83F8A3B03BF6A49A {
   "awaitPromise": true,
   "contextId": 12,
   "expression": "(function() { // Copyright (c) 2012 The Chromium Authors. All rights reserved.\n// Use of this source code is governed by a BSD-style license that can be\n// found in the LICENSE file.\n\n/**\n * Enum f...",
   "returnByValue": true
}
[1643918775.048][DEBUG]: DevTools WebSocket Event: Page.frameAttached F04678564F21ED2B83F8A3B03BF6A49A {
   "frameId": "CB4B4CC576DBDD07A09420152757DD07",
   "parentFrameId": "75CA708234DEEAF5837A564AB0C28A72",
   "stack": {
      "callFrames": [ {
         "columnNumber": 104,
         "functionName": "",
         "lineNumber": 313,
         "scriptId": "307",
         "url": "https://www.gstatic.com/recaptcha/releases/dPctOHA2ifhWm5WzFM_B5TjT/recaptcha__en.js"
      }, {
         "columnNumber": 431,
         "functionName": "",
         "lineNumber": 275,
         "scriptId": "307",
         "url": "https://www.gstatic.com/recaptcha/releases/dPctOHA2ifhWm5WzFM_B5TjT/recaptcha__en.js"
      }, {
         "columnNumber": 15,
         "functionName": "",
         "lineNumber": 211,
         "scriptId": "307",
         "url": "https://www.gstatic.com/recaptcha/releases/dPctOHA2ifhWm5WzFM_B5TjT/recaptcha__en.js"
      }, {
         "columnNumber": 63,
         "functionName": "",
         "lineNumber": 350,
         "scriptId": "307",
         "url": "https://www.gstatic.com/recaptcha/releases/dPctOHA2ifhWm5WzFM_B5TjT/recaptcha__en.js"
      }, {
         "columnNumber": 177,
         "functionName": "Z.next",
         "lineNumber": 295,
         "scriptId": "307",
         "url": "https://www.gstatic.com/recaptcha/releases/dPctOHA2ifhWm5WzFM_B5TjT/recaptcha__en.js"
      }, {
         "columnNumber": 214,
         "functionName": "",
         "lineNumber": 111,
         "scriptId": "307",
         "url": "https://www.gstatic.com/recaptcha/releases/dPctOHA2ifhWm5WzFM_B5TjT/recaptcha__en.js"
      }, {
         "columnNumber": 107,
         "functionName": "",
         "lineNumber": 111,
         "scriptId": "307",
         "url": "https://www.gstatic.com/recaptcha/releases/dPctOHA2ifhWm5WzFM_B5TjT/recaptcha__en.js"
      }, {
         "columnNumber": 411,
         "functionName": "",
         "lineNumber": 30,
         "scriptId": "307",
         "url": "https://www.gstatic.com/recaptcha/releases/dPctOHA2ifhWm5WzFM_B5TjT/recaptcha__en.js"
      }, {
         "columnNumber": 466,
         "functionName": "",
         "lineNumber": 210,
         "scriptId": "307",
         "url": "https://www.gstatic.com/recaptcha/releases/dPctOHA2ifhWm5WzFM_B5TjT/recaptcha__en.js"
      }, {
         "columnNumber": 215,
         "functionName": "",
         "lineNumber": 341,
         "scriptId": "307",
         "url": "https://www.gstatic.com/recaptcha/releases/dPctOHA2ifhWm5WzFM_B5TjT/recaptcha__en.js"
      }, {
         "columnNumber": 63,
         "functionName": "",
         "lineNumber": 350,
         "scriptId": "307",
         "url": "https://www.gstatic.com/recaptcha/releases/dPctOHA2ifhWm5WzFM_B5TjT/recaptcha__en.js"
      }, {
         "columnNumber": 177,
         "functionName": "Z.next",
         "lineNumber": 295,
         "scriptId": "307",
         "url": "https://www.gstatic.com/recaptcha/releases/dPctOHA2ifhWm5WzFM_B5TjT/recaptcha__en.js"
      }, {
         "columnNumber": 214,
         "functionName": "",
         "lineNumber": 111,
         "scriptId": "307",
         "url": "https://www.gstatic.com/recaptcha/releases/dPctOHA2ifhWm5WzFM_B5TjT/recaptcha__en.js"
      }, {
         "columnNumber": 107,
         "functionName": "",
         "lineNumber": 111,
         "scriptId": "307",
         "url": "https://www.gstatic.com/recaptcha/releases/dPctOHA2ifhWm5WzFM_B5TjT/recaptcha__en.js"
      }, {
         "columnNumber": 411,
         "functionName": "",
         "lineNumber": 30,
         "scriptId": "307",
         "url": "https://www.gstatic.com/recaptcha/releases/dPctOHA2ifhWm5WzFM_B5TjT/recaptcha__en.js"
      }, {
         "columnNumber": 117,
         "functionName": "",
         "lineNumber": 341,
         "scriptId": "307",
         "url": "https://www.gstatic.com/recaptcha/releases/dPctOHA2ifhWm5WzFM_B5TjT/recaptcha__en.js"
      }, {
         "columnNumber": 514,
         "functionName": "",
         "lineNumber": 377,
         "scriptId": "307",
         "url": "https://www.gstatic.com/recaptcha/releases/dPctOHA2ifhWm5WzFM_B5TjT/recaptcha__en.js"
      }, {
         "columnNumber": 123,
         "functionName": "ot",
         "lineNumber": 501,
         "scriptId": "307",
         "url": "https://www.gstatic.com/recaptcha/releases/dPctOHA2ifhWm5WzFM_B5TjT/recaptcha__en.js"
      }, {
         "columnNumber": 286,
         "functionName": "b",
         "lineNumber": 63,
         "scriptId": "307",
         "url": "https://www.gstatic.com/recaptcha/releases/dPctOHA2ifhWm5WzFM_B5TjT/recaptcha__en.js"
      }, "..." ]
   }
}
[1643918775.050][DEBUG]: DevTools WebSocket Event: Page.frameStartedLoading F04678564F21ED2B83F8A3B03BF6A49A {
   "frameId": "CB4B4CC576DBDD07A09420152757DD07"
}
[1643918775.059][DEBUG]: DevTools WebSocket Event: Page.frameNavigated F04678564F21ED2B83F8A3B03BF6A49A {
   "frame": {
      "adFrameStatus": {
         "adFrameType": "none",
         "explanations": [  ]
      },
      "crossOriginIsolatedContextType": "NotIsolatedFeatureDisabled",
      "domainAndRegistry": "",
      "gatedAPIFeatures": [  ],
      "id": "CB4B4CC576DBDD07A09420152757DD07",
      "loaderId": "66AFAB759BC5AFA94B29D012116B58B4",
      "mimeType": "text/html",
      "name": "",
      "parentId": "75CA708234DEEAF5837A564AB0C28A72",
      "secureContextType": "Secure",
      "securityOrigin": "://",
      "url": "about:blank"
   },
   "type": "Navigation"
}
[1643918775.060][DEBUG]: DevTools WebSocket Event: Runtime.executionContextCreated F04678564F21ED2B83F8A3B03BF6A49A {
   "context": {
      "auxData": {
         "frameId": "CB4B4CC576DBDD07A09420152757DD07",
         "isDefault": true,
         "type": "default"
      },
      "id": 14,
      "name": "",
      "origin": "https://id.rambler.ru",
      "uniqueId": "-540901298428330626.-1961472211927644001"
   }
}
[1643918775.060][DEBUG]: DevTools WebSocket Event: Page.frameStoppedLoading F04678564F21ED2B83F8A3B03BF6A49A {
   "frameId": "CB4B4CC576DBDD07A09420152757DD07"
}
[1643918775.125][DEBUG]: DevTools WebSocket Event: DOM.childNodeCountUpdated 7727DFB9A5CB17D4FEA5E502EC21061D {
   "childNodeCount": 5,
   "nodeId": 8
}
[1643918775.126][DEBUG]: DevTools WebSocket Event: Page.frameAttached 7727DFB9A5CB17D4FEA5E502EC21061D {
   "frameId": "8E3BFCA484FA7AF5F61AB308326E1CF5",
   "parentFrameId": "F12C4BC97898CCF901558D785730F1A2",
   "stack": {
      "callFrames": [ {
         "columnNumber": 104,
         "functionName": "",
         "lineNumber": 313,
         "scriptId": "7",
         "url": "https://www.gstatic.com/recaptcha/releases/dPctOHA2ifhWm5WzFM_B5TjT/recaptcha__en.js"
      }, {
         "columnNumber": 34,
         "functionName": "",
         "lineNumber": 595,
         "scriptId": "7",
         "url": "https://www.gstatic.com/recaptcha/releases/dPctOHA2ifhWm5WzFM_B5TjT/recaptcha__en.js"
      }, {
         "columnNumber": 279,
         "functionName": "",
         "lineNumber": 541,
         "scriptId": "7",
         "url": "https://www.gstatic.com/recaptcha/releases/dPctOHA2ifhWm5WzFM_B5TjT/recaptcha__en.js"
      }, {
         "columnNumber": 337,
         "functionName": "",
         "lineNumber": 246,
         "scriptId": "7",
         "url": "https://www.gstatic.com/recaptcha/releases/dPctOHA2ifhWm5WzFM_B5TjT/recaptcha__en.js"
      }, {
         "columnNumber": 142,
         "functionName": "",
         "lineNumber": 541,
         "scriptId": "7",
         "url": "https://www.gstatic.com/recaptcha/releases/dPctOHA2ifhWm5WzFM_B5TjT/recaptcha__en.js"
      }, {
         "columnNumber": 105,
         "functionName": "",
         "lineNumber": 193,
         "scriptId": "7",
         "url": "https://www.gstatic.com/recaptcha/releases/dPctOHA2ifhWm5WzFM_B5TjT/recaptcha__en.js"
      }, {
         "columnNumber": 242,
         "functionName": "",
         "lineNumber": 209,
         "scriptId": "7",
         "url": "https://www.gstatic.com/recaptcha/releases/dPctOHA2ifhWm5WzFM_B5TjT/recaptcha__en.js"
      }, {
         "columnNumber": 257,
         "functionName": "",
         "lineNumber": 204,
         "scriptId": "7",
         "url": "https://www.gstatic.com/recaptcha/releases/dPctOHA2ifhWm5WzFM_B5TjT/recaptcha__en.js"
      }, {
         "columnNumber": 32,
         "functionName": "",
         "lineNumber": 240,
         "scriptId": "7",
         "url": "https://www.gstatic.com/recaptcha/releases/dPctOHA2ifhWm5WzFM_B5TjT/recaptcha__en.js"
      }, {
         "columnNumber": 63,
         "functionName": "",
         "lineNumber": 350,
         "scriptId": "7",
         "url": "https://www.gstatic.com/recaptcha/releases/dPctOHA2ifhWm5WzFM_B5TjT/recaptcha__en.js"
      }, {
         "columnNumber": 177,
         "functionName": "Z.next",
         "lineNumber": 295,
         "scriptId": "7",
         "url": "https://www.gstatic.com/recaptcha/releases/dPctOHA2ifhWm5WzFM_B5TjT/recaptcha__en.js"
      }, {
         "columnNumber": 214,
         "functionName": "",
         "lineNumber": 111,
         "scriptId": "7",
         "url": "https://www.gstatic.com/recaptcha/releases/dPctOHA2ifhWm5WzFM_B5TjT/recaptcha__en.js"
      }, {
         "columnNumber": 107,
         "functionName": "",
         "lineNumber": 111,
         "scriptId": "7",
         "url": "https://www.gstatic.com/recaptcha/releases/dPctOHA2ifhWm5WzFM_B5TjT/recaptcha__en.js"
      }, {
         "columnNumber": 411,
         "functionName": "",
         "lineNumber": 30,
         "scriptId": "7",
         "url": "https://www.gstatic.com/recaptcha/releases/dPctOHA2ifhWm5WzFM_B5TjT/recaptcha__en.js"
      }, {
         "columnNumber": 394,
         "functionName": "E.A",
         "lineNumber": 239,
         "scriptId": "7",
         "url": "https://www.gstatic.com/recaptcha/releases/dPctOHA2ifhWm5WzFM_B5TjT/recaptcha__en.js"
      }, {
         "columnNumber": 274,
         "functionName": "",
         "lineNumber": 209,
         "scriptId": "7",
         "url": "https://www.gstatic.com/recaptcha/releases/dPctOHA2ifhWm5WzFM_B5TjT/recaptcha__en.js"
      }, {
         "columnNumber": 63,
         "functionName": "",
         "lineNumber": 350,
         "scriptId": "7",
         "url": "https://www.gstatic.com/recaptcha/releases/dPctOHA2ifhWm5WzFM_B5TjT/recaptcha__en.js"
      }, {
         "columnNumber": 177,
         "functionName": "Z.next",
         "lineNumber": 295,
         "scriptId": "7",
         "url": "https://www.gstatic.com/recaptcha/releases/dPctOHA2ifhWm5WzFM_B5TjT/recaptcha__en.js"
      }, {
         "columnNumber": 214,
         "functionName": "",
         "lineNumber": 111,
         "scriptId": "7",
         "url": "https://www.gstatic.com/recaptcha/releases/dPctOHA2ifhWm5WzFM_B5TjT/recaptcha__en.js"
      }, "..." ]
   }
}
[1643918775.129][DEBUG]: DevTools WebSocket Event: Page.frameStartedLoading 7727DFB9A5CB17D4FEA5E502EC21061D {
   "frameId": "8E3BFCA484FA7AF5F61AB308326E1CF5"
}
[1643918775.137][DEBUG]: DevTools WebSocket Event: Page.frameNavigated 7727DFB9A5CB17D4FEA5E502EC21061D {
   "frame": {
      "adFrameStatus": {
         "adFrameType": "none",
         "explanations": [  ]
      },
      "crossOriginIsolatedContextType": "NotIsolatedFeatureDisabled",
      "domainAndRegistry": "",
      "gatedAPIFeatures": [  ],
      "id": "8E3BFCA484FA7AF5F61AB308326E1CF5",
      "loaderId": "98C873A369FFA5DE3A8B0568DA1B5FF8",
      "mimeType": "text/html",
      "name": "",
      "parentId": "F12C4BC97898CCF901558D785730F1A2",
      "secureContextType": "Secure",
      "securityOrigin": "://",
      "url": "about:blank"
   },
   "type": "Navigation"
}
[1643918775.138][DEBUG]: DevTools WebSocket Event: Runtime.executionContextCreated 7727DFB9A5CB17D4FEA5E502EC21061D {
   "context": {
      "auxData": {
         "frameId": "8E3BFCA484FA7AF5F61AB308326E1CF5",
         "isDefault": true,
         "type": "default"
      },
      "id": 4,
      "name": "",
      "origin": "https://www.google.com",
      "uniqueId": "8213613039020097397.-908900951035012880"
   }
}
[1643918775.138][DEBUG]: DevTools WebSocket Event: Page.frameStoppedLoading 7727DFB9A5CB17D4FEA5E502EC21061D {
   "frameId": "8E3BFCA484FA7AF5F61AB308326E1CF5"
}
[1643918775.147][DEBUG]: DevTools WebSocket Response: Runtime.evaluate (id=197) F04678564F21ED2B83F8A3B03BF6A49A {
   "result": {
      "type": "object",
      "value": {
         "status": 0,
         "value": "email"
      }
   }
}
[1643918775.148][DEBUG]: DevTools WebSocket Command: Runtime.evaluate (id=198) F04678564F21ED2B83F8A3B03BF6A49A {
   "awaitPromise": true,
   "contextId": 12,
   "expression": "(function() { // Copyright (c) 2012 The Chromium Authors. All rights reserved.\n// Use of this source code is governed by a BSD-style license that can be\n// found in the LICENSE file.\n\n/**\n * Enum f...",
   "returnByValue": true
}
[1643918775.287][DEBUG]: DevTools WebSocket Response: Runtime.evaluate (id=198) F04678564F21ED2B83F8A3B03BF6A49A {
   "result": {
      "type": "object",
      "value": {
         "status": 0,
         "value": false
      }
   }
}
[1643918775.288][DEBUG]: DevTools WebSocket Command: Runtime.evaluate (id=199) F04678564F21ED2B83F8A3B03BF6A49A {
   "awaitPromise": true,
   "contextId": 12,
   "expression": "(function() { // Copyright (c) 2012 The Chromium Authors. All rights reserved.\n// Use of this source code is governed by a BSD-style license that can be\n// found in the LICENSE file.\n\n/**\n * Enum f...",
   "returnByValue": true
}
[1643918775.299][DEBUG]: DevTools WebSocket Response: Runtime.evaluate (id=199) F04678564F21ED2B83F8A3B03BF6A49A {
   "result": {
      "type": "object",
      "value": {
         "status": 0,
         "value": "INPUT"
      }
   }
}
[1643918775.300][DEBUG]: DevTools WebSocket Command: Runtime.evaluate (id=200) F04678564F21ED2B83F8A3B03BF6A49A {
   "awaitPromise": false,
   "contextId": 12,
   "expression": "document.hasFocus()",
   "returnByValue": true
}
[1643918775.307][DEBUG]: DevTools WebSocket Response: Runtime.evaluate (id=200) F04678564F21ED2B83F8A3B03BF6A49A {
   "result": {
      "type": "boolean",
      "value": true
   }
}
[1643918775.307][DEBUG]: DevTools WebSocket Command: Runtime.evaluate (id=201) F04678564F21ED2B83F8A3B03BF6A49A {
   "awaitPromise": true,
   "contextId": 12,
   "expression": "(function() { // Copyright (c) 2012 The Chromium Authors. All rights reserved.\n// Use of this source code is governed by a BSD-style license that can be\n// found in the LICENSE file.\n\n/**\n * Enum f...",
   "returnByValue": true
}
[1643918775.312][DEBUG]: DevTools WebSocket Event: Page.frameStoppedLoading F04678564F21ED2B83F8A3B03BF6A49A {
   "frameId": "75CA708234DEEAF5837A564AB0C28A72"
}
[1643918775.314][DEBUG]: DevTools WebSocket Response: Runtime.evaluate (id=201) F04678564F21ED2B83F8A3B03BF6A49A {
   "result": {
      "type": "object",
      "value": {
         "status": 0,
         "value": {
            "element-6066-11e4-a52e-4f735466cecf": "05c1dd65-0d6a-4ab6-b286-d2f09e77ba5e"
         }
      }
   }
}
[1643918775.315][DEBUG]: DevTools WebSocket Command: Runtime.evaluate (id=202) F04678564F21ED2B83F8A3B03BF6A49A {
   "awaitPromise": true,
   "contextId": 12,
   "expression": "(function() { // Copyright (c) 2012 The Chromium Authors. All rights reserved.\n// Use of this source code is governed by a BSD-style license that can be\n// found in the LICENSE file.\n\n/**\n * Enum f...",
   "returnByValue": true
}
[1643918775.423][DEBUG]: DevTools WebSocket Event: DOM.inlineStyleInvalidated F04678564F21ED2B83F8A3B03BF6A49A {
   "nodeIds": [ 132 ]
}
[1643918775.446][DEBUG]: DevTools WebSocket Response: Runtime.evaluate (id=202) F04678564F21ED2B83F8A3B03BF6A49A {
   "result": {
      "type": "object",
      "value": {
         "status": 0,
         "value": true
      }
   }
}
[1643918775.448][DEBUG]: DevTools WebSocket Command: Runtime.evaluate (id=203) F04678564F21ED2B83F8A3B03BF6A49A {
   "awaitPromise": true,
   "contextId": 12,
   "expression": "(function() { // Copyright (c) 2012 The Chromium Authors. All rights reserved.\n// Use of this source code is governed by a BSD-style license that can be\n// found in the LICENSE file.\n\n/**\n * Enum f...",
   "returnByValue": true
}
[1643918775.513][DEBUG]: DevTools WebSocket Response: Runtime.evaluate (id=203) F04678564F21ED2B83F8A3B03BF6A49A {
   "result": {
      "type": "object",
      "value": {
         "status": 0,
         "value": true
      }
   }
}
[1643918775.513][DEBUG]: DevTools WebSocket Command: Runtime.evaluate (id=204) F04678564F21ED2B83F8A3B03BF6A49A {
   "awaitPromise": true,
   "contextId": 12,
   "expression": "(function() { // Copyright (c) 2012 The Chromium Authors. All rights reserved.\n// Use of this source code is governed by a BSD-style license that can be\n// found in the LICENSE file.\n\n/**\n * Enum f...",
   "returnByValue": true
}
[1643918775.676][DEBUG]: DevTools WebSocket Response: Runtime.evaluate (id=204) F04678564F21ED2B83F8A3B03BF6A49A {
   "result": {
      "type": "object",
      "value": {
         "status": 0,
         "value": null
      }
   }
}
[1643918775.800][DEBUG]: DevTools WebSocket Command: Input.dispatchKeyEvent (id=205) F04678564F21ED2B83F8A3B03BF6A49A {
   "code": "KeyS",
   "key": "s",
   "modifiers": 0,
   "text": "s",
   "type": "rawKeyDown",
   "unmodifiedText": "s",
   "windowsVirtualKeyCode": 83
}
[1643918775.801][DEBUG]: DevTools WebSocket Command: Input.dispatchKeyEvent (id=206) F04678564F21ED2B83F8A3B03BF6A49A {
   "code": "KeyS",
   "key": "s",
   "modifiers": 0,
   "text": "s",
   "type": "char",
   "unmodifiedText": "s",
   "windowsVirtualKeyCode": 83
}
[1643918775.801][DEBUG]: DevTools WebSocket Command: Input.dispatchKeyEvent (id=207) F04678564F21ED2B83F8A3B03BF6A49A {
   "code": "KeyS",
   "key": "s",
   "modifiers": 0,
   "text": "s",
   "type": "keyUp",
   "unmodifiedText": "s",
   "windowsVirtualKeyCode": 83
}
[1643918775.803][DEBUG]: DevTools WebSocket Command: Input.dispatchKeyEvent (id=208) F04678564F21ED2B83F8A3B03BF6A49A {
   "code": "KeyI",
   "key": "i",
   "modifiers": 0,
   "text": "i",
   "type": "rawKeyDown",
   "unmodifiedText": "i",
   "windowsVirtualKeyCode": 73
}
[1643918775.803][DEBUG]: DevTools WebSocket Command: Input.dispatchKeyEvent (id=209) F04678564F21ED2B83F8A3B03BF6A49A {
   "code": "KeyI",
   "key": "i",
   "modifiers": 0,
   "text": "i",
   "type": "char",
   "unmodifiedText": "i",
   "windowsVirtualKeyCode": 73
}
[1643918775.804][DEBUG]: DevTools WebSocket Command: Input.dispatchKeyEvent (id=210) F04678564F21ED2B83F8A3B03BF6A49A {
   "code": "KeyI",
   "key": "i",
   "modifiers": 0,
   "text": "i",
   "type": "keyUp",
   "unmodifiedText": "i",
   "windowsVirtualKeyCode": 73
}
[1643918775.804][DEBUG]: DevTools WebSocket Command: Input.dispatchKeyEvent (id=211) F04678564F21ED2B83F8A3B03BF6A49A {
   "code": "KeyM",
   "key": "m",
   "modifiers": 0,
   "text": "m",
   "type": "rawKeyDown",
   "unmodifiedText": "m",
   "windowsVirtualKeyCode": 77
}
[1643918775.805][DEBUG]: DevTools WebSocket Command: Input.dispatchKeyEvent (id=212) F04678564F21ED2B83F8A3B03BF6A49A {
   "code": "KeyM",
   "key": "m",
   "modifiers": 0,
   "text": "m",
   "type": "char",
   "unmodifiedText": "m",
   "windowsVirtualKeyCode": 77
}
[1643918775.806][DEBUG]: DevTools WebSocket Command: Input.dispatchKeyEvent (id=213) F04678564F21ED2B83F8A3B03BF6A49A {
   "code": "KeyM",
   "key": "m",
   "modifiers": 0,
   "text": "m",
   "type": "keyUp",
   "unmodifiedText": "m",
   "windowsVirtualKeyCode": 77
}
[1643918775.806][DEBUG]: DevTools WebSocket Command: Input.dispatchKeyEvent (id=214) F04678564F21ED2B83F8A3B03BF6A49A {
   "code": "KeyP",
   "key": "p",
   "modifiers": 0,
   "text": "p",
   "type": "rawKeyDown",
   "unmodifiedText": "p",
   "windowsVirtualKeyCode": 80
}
[1643918775.807][DEBUG]: DevTools WebSocket Command: Input.dispatchKeyEvent (id=215) F04678564F21ED2B83F8A3B03BF6A49A {
   "code": "KeyP",
   "key": "p",
   "modifiers": 0,
   "text": "p",
   "type": "char",
   "unmodifiedText": "p",
   "windowsVirtualKeyCode": 80
}
[1643918775.808][DEBUG]: DevTools WebSocket Command: Input.dispatchKeyEvent (id=216) F04678564F21ED2B83F8A3B03BF6A49A {
   "code": "KeyP",
   "key": "p",
   "modifiers": 0,
   "text": "p",
   "type": "keyUp",
   "unmodifiedText": "p",
   "windowsVirtualKeyCode": 80
}
[1643918775.808][DEBUG]: DevTools WebSocket Command: Input.dispatchKeyEvent (id=217) F04678564F21ED2B83F8A3B03BF6A49A {
   "code": "KeyL",
   "key": "l",
   "modifiers": 0,
   "text": "l",
   "type": "rawKeyDown",
   "unmodifiedText": "l",
   "windowsVirtualKeyCode": 76
}
[1643918775.808][DEBUG]: DevTools WebSocket Command: Input.dispatchKeyEvent (id=218) F04678564F21ED2B83F8A3B03BF6A49A {
   "code": "KeyL",
   "key": "l",
   "modifiers": 0,
   "text": "l",
   "type": "char",
   "unmodifiedText": "l",
   "windowsVirtualKeyCode": 76
}
[1643918775.809][DEBUG]: DevTools WebSocket Command: Input.dispatchKeyEvent (id=219) F04678564F21ED2B83F8A3B03BF6A49A {
   "code": "KeyL",
   "key": "l",
   "modifiers": 0,
   "text": "l",
   "type": "keyUp",
   "unmodifiedText": "l",
   "windowsVirtualKeyCode": 76
}
[1643918775.810][DEBUG]: DevTools WebSocket Command: Input.dispatchKeyEvent (id=220) F04678564F21ED2B83F8A3B03BF6A49A {
   "code": "KeyE",
   "key": "e",
   "modifiers": 0,
   "text": "e",
   "type": "rawKeyDown",
   "unmodifiedText": "e",
   "windowsVirtualKeyCode": 69
}
[1643918775.810][DEBUG]: DevTools WebSocket Command: Input.dispatchKeyEvent (id=221) F04678564F21ED2B83F8A3B03BF6A49A {
   "code": "KeyE",
   "key": "e",
   "modifiers": 0,
   "text": "e",
   "type": "char",
   "unmodifiedText": "e",
   "windowsVirtualKeyCode": 69
}
[1643918775.811][DEBUG]: DevTools WebSocket Command: Input.dispatchKeyEvent (id=222) F04678564F21ED2B83F8A3B03BF6A49A {
   "code": "KeyE",
   "key": "e",
   "modifiers": 0,
   "text": "e",
   "type": "keyUp",
   "unmodifiedText": "e",
   "windowsVirtualKeyCode": 69
}
[1643918775.813][DEBUG]: DevTools WebSocket Command: Input.dispatchKeyEvent (id=223) F04678564F21ED2B83F8A3B03BF6A49A {
   "code": "KeyA",
   "key": "a",
   "modifiers": 0,
   "text": "a",
   "type": "rawKeyDown",
   "unmodifiedText": "a",
   "windowsVirtualKeyCode": 65
}
[1643918775.815][DEBUG]: DevTools WebSocket Command: Input.dispatchKeyEvent (id=224) F04678564F21ED2B83F8A3B03BF6A49A {
   "code": "KeyA",
   "key": "a",
   "modifiers": 0,
   "text": "a",
   "type": "char",
   "unmodifiedText": "a",
   "windowsVirtualKeyCode": 65
}
[1643918775.815][DEBUG]: DevTools WebSocket Command: Input.dispatchKeyEvent (id=225) F04678564F21ED2B83F8A3B03BF6A49A {
   "code": "KeyA",
   "key": "a",
   "modifiers": 0,
   "text": "a",
   "type": "keyUp",
   "unmodifiedText": "a",
   "windowsVirtualKeyCode": 65
}
[1643918775.816][DEBUG]: DevTools WebSocket Command: Input.dispatchKeyEvent (id=226) F04678564F21ED2B83F8A3B03BF6A49A {
   "code": "KeyU",
   "key": "u",
   "modifiers": 0,
   "text": "u",
   "type": "rawKeyDown",
   "unmodifiedText": "u",
   "windowsVirtualKeyCode": 85
}
[1643918775.816][DEBUG]: DevTools WebSocket Command: Input.dispatchKeyEvent (id=227) F04678564F21ED2B83F8A3B03BF6A49A {
   "code": "KeyU",
   "key": "u",
   "modifiers": 0,
   "text": "u",
   "type": "char",
   "unmodifiedText": "u",
   "windowsVirtualKeyCode": 85
}
[1643918775.819][DEBUG]: DevTools WebSocket Command: Input.dispatchKeyEvent (id=228) F04678564F21ED2B83F8A3B03BF6A49A {
   "code": "KeyU",
   "key": "u",
   "modifiers": 0,
   "text": "u",
   "type": "keyUp",
   "unmodifiedText": "u",
   "windowsVirtualKeyCode": 85
}
[1643918775.821][DEBUG]: DevTools WebSocket Command: Input.dispatchKeyEvent (id=229) F04678564F21ED2B83F8A3B03BF6A49A {
   "code": "KeyT",
   "key": "t",
   "modifiers": 0,
   "text": "t",
   "type": "rawKeyDown",
   "unmodifiedText": "t",
   "windowsVirtualKeyCode": 84
}
[1643918775.822][DEBUG]: DevTools WebSocket Command: Input.dispatchKeyEvent (id=230) F04678564F21ED2B83F8A3B03BF6A49A {
   "code": "KeyT",
   "key": "t",
   "modifiers": 0,
   "text": "t",
   "type": "char",
   "unmodifiedText": "t",
   "windowsVirtualKeyCode": 84
}
[1643918775.822][DEBUG]: DevTools WebSocket Command: Input.dispatchKeyEvent (id=231) F04678564F21ED2B83F8A3B03BF6A49A {
   "code": "KeyT",
   "key": "t",
   "modifiers": 0,
   "text": "t",
   "type": "keyUp",
   "unmodifiedText": "t",
   "windowsVirtualKeyCode": 84
}
[1643918775.823][DEBUG]: DevTools WebSocket Command: Input.dispatchKeyEvent (id=232) F04678564F21ED2B83F8A3B03BF6A49A {
   "code": "KeyO",
   "key": "o",
   "modifiers": 0,
   "text": "o",
   "type": "rawKeyDown",
   "unmodifiedText": "o",
   "windowsVirtualKeyCode": 79
}
[1643918775.823][DEBUG]: DevTools WebSocket Command: Input.dispatchKeyEvent (id=233) F04678564F21ED2B83F8A3B03BF6A49A {
   "code": "KeyO",
   "key": "o",
   "modifiers": 0,
   "text": "o",
   "type": "char",
   "unmodifiedText": "o",
   "windowsVirtualKeyCode": 79
}
[1643918775.824][DEBUG]: DevTools WebSocket Command: Input.dispatchKeyEvent (id=234) F04678564F21ED2B83F8A3B03BF6A49A {
   "code": "KeyO",
   "key": "o",
   "modifiers": 0,
   "text": "o",
   "type": "keyUp",
   "unmodifiedText": "o",
   "windowsVirtualKeyCode": 79
}
[1643918775.824][DEBUG]: DevTools WebSocket Command: Input.dispatchKeyEvent (id=235) F04678564F21ED2B83F8A3B03BF6A49A {
   "code": "KeyM",
   "key": "m",
   "modifiers": 0,
   "text": "m",
   "type": "rawKeyDown",
   "unmodifiedText": "m",
   "windowsVirtualKeyCode": 77
}
[1643918775.825][DEBUG]: DevTools WebSocket Command: Input.dispatchKeyEvent (id=236) F04678564F21ED2B83F8A3B03BF6A49A {
   "code": "KeyM",
   "key": "m",
   "modifiers": 0,
   "text": "m",
   "type": "char",
   "unmodifiedText": "m",
   "windowsVirtualKeyCode": 77
}
[1643918775.826][DEBUG]: DevTools WebSocket Command: Input.dispatchKeyEvent (id=237) F04678564F21ED2B83F8A3B03BF6A49A {
   "code": "KeyM",
   "key": "m",
   "modifiers": 0,
   "text": "m",
   "type": "keyUp",
   "unmodifiedText": "m",
   "windowsVirtualKeyCode": 77
}
[1643918775.826][DEBUG]: DevTools WebSocket Command: Input.dispatchKeyEvent (id=238) F04678564F21ED2B83F8A3B03BF6A49A {
   "code": "KeyA",
   "key": "a",
   "modifiers": 0,
   "text": "a",
   "type": "rawKeyDown",
   "unmodifiedText": "a",
   "windowsVirtualKeyCode": 65
}
[1643918775.827][DEBUG]: DevTools WebSocket Command: Input.dispatchKeyEvent (id=239) F04678564F21ED2B83F8A3B03BF6A49A {
   "code": "KeyA",
   "key": "a",
   "modifiers": 0,
   "text": "a",
   "type": "char",
   "unmodifiedText": "a",
   "windowsVirtualKeyCode": 65
}
[1643918775.827][DEBUG]: DevTools WebSocket Command: Input.dispatchKeyEvent (id=240) F04678564F21ED2B83F8A3B03BF6A49A {
   "code": "KeyA",
   "key": "a",
   "modifiers": 0,
   "text": "a",
   "type": "keyUp",
   "unmodifiedText": "a",
   "windowsVirtualKeyCode": 65
}
[1643918775.828][DEBUG]: DevTools WebSocket Command: Input.dispatchKeyEvent (id=241) F04678564F21ED2B83F8A3B03BF6A49A {
   "code": "KeyT",
   "key": "t",
   "modifiers": 0,
   "text": "t",
   "type": "rawKeyDown",
   "unmodifiedText": "t",
   "windowsVirtualKeyCode": 84
}
[1643918775.828][DEBUG]: DevTools WebSocket Command: Input.dispatchKeyEvent (id=242) F04678564F21ED2B83F8A3B03BF6A49A {
   "code": "KeyT",
   "key": "t",
   "modifiers": 0,
   "text": "t",
   "type": "char",
   "unmodifiedText": "t",
   "windowsVirtualKeyCode": 84
}
[1643918775.830][DEBUG]: DevTools WebSocket Command: Input.dispatchKeyEvent (id=243) F04678564F21ED2B83F8A3B03BF6A49A {
   "code": "KeyT",
   "key": "t",
   "modifiers": 0,
   "text": "t",
   "type": "keyUp",
   "unmodifiedText": "t",
   "windowsVirtualKeyCode": 84
}
[1643918775.831][DEBUG]: DevTools WebSocket Command: Input.dispatchKeyEvent (id=244) F04678564F21ED2B83F8A3B03BF6A49A {
   "code": "KeyI",
   "key": "i",
   "modifiers": 0,
   "text": "i",
   "type": "rawKeyDown",
   "unmodifiedText": "i",
   "windowsVirtualKeyCode": 73
}
[1643918775.834][DEBUG]: DevTools WebSocket Command: Input.dispatchKeyEvent (id=245) F04678564F21ED2B83F8A3B03BF6A49A {
   "code": "KeyI",
   "key": "i",
   "modifiers": 0,
   "text": "i",
   "type": "char",
   "unmodifiedText": "i",
   "windowsVirtualKeyCode": 73
}
[1643918775.834][DEBUG]: DevTools WebSocket Command: Input.dispatchKeyEvent (id=246) F04678564F21ED2B83F8A3B03BF6A49A {
   "code": "KeyI",
   "key": "i",
   "modifiers": 0,
   "text": "i",
   "type": "keyUp",
   "unmodifiedText": "i",
   "windowsVirtualKeyCode": 73
}
[1643918775.835][DEBUG]: DevTools WebSocket Command: Input.dispatchKeyEvent (id=247) F04678564F21ED2B83F8A3B03BF6A49A {
   "code": "KeyO",
   "key": "o",
   "modifiers": 0,
   "text": "o",
   "type": "rawKeyDown",
   "unmodifiedText": "o",
   "windowsVirtualKeyCode": 79
}
[1643918775.835][DEBUG]: DevTools WebSocket Command: Input.dispatchKeyEvent (id=248) F04678564F21ED2B83F8A3B03BF6A49A {
   "code": "KeyO",
   "key": "o",
   "modifiers": 0,
   "text": "o",
   "type": "char",
   "unmodifiedText": "o",
   "windowsVirtualKeyCode": 79
}
[1643918775.836][DEBUG]: DevTools WebSocket Command: Input.dispatchKeyEvent (id=249) F04678564F21ED2B83F8A3B03BF6A49A {
   "code": "KeyO",
   "key": "o",
   "modifiers": 0,
   "text": "o",
   "type": "keyUp",
   "unmodifiedText": "o",
   "windowsVirtualKeyCode": 79
}
[1643918775.837][DEBUG]: DevTools WebSocket Command: Input.dispatchKeyEvent (id=250) F04678564F21ED2B83F8A3B03BF6A49A {
   "code": "KeyN",
   "key": "n",
   "modifiers": 0,
   "text": "n",
   "type": "rawKeyDown",
   "unmodifiedText": "n",
   "windowsVirtualKeyCode": 78
}
[1643918775.837][DEBUG]: DevTools WebSocket Command: Input.dispatchKeyEvent (id=251) F04678564F21ED2B83F8A3B03BF6A49A {
   "code": "KeyN",
   "key": "n",
   "modifiers": 0,
   "text": "n",
   "type": "char",
   "unmodifiedText": "n",
   "windowsVirtualKeyCode": 78
}
[1643918775.838][DEBUG]: DevTools WebSocket Command: Input.dispatchKeyEvent (id=252) F04678564F21ED2B83F8A3B03BF6A49A {
   "code": "KeyN",
   "key": "n",
   "modifiers": 0,
   "text": "n",
   "type": "keyUp",
   "unmodifiedText": "n",
   "windowsVirtualKeyCode": 78
}
[1643918775.838][DEBUG]: DevTools WebSocket Command: Input.dispatchKeyEvent (id=253) F04678564F21ED2B83F8A3B03BF6A49A {
   "code": "ShiftLeft",
   "key": "Shift",
   "modifiers": 0,
   "text": "",
   "type": "rawKeyDown",
   "unmodifiedText": "",
   "windowsVirtualKeyCode": 16
}
[1643918775.839][DEBUG]: DevTools WebSocket Command: Input.dispatchKeyEvent (id=254) F04678564F21ED2B83F8A3B03BF6A49A {
   "code": "Digit2",
   "key": "@",
   "modifiers": 8,
   "text": "@",
   "type": "rawKeyDown",
   "unmodifiedText": "2",
   "windowsVirtualKeyCode": 50
}
[1643918775.840][DEBUG]: DevTools WebSocket Command: Input.dispatchKeyEvent (id=255) F04678564F21ED2B83F8A3B03BF6A49A {
   "code": "Digit2",
   "key": "@",
   "modifiers": 8,
   "text": "@",
   "type": "char",
   "unmodifiedText": "2",
   "windowsVirtualKeyCode": 50
}
[1643918775.841][DEBUG]: DevTools WebSocket Command: Input.dispatchKeyEvent (id=256) F04678564F21ED2B83F8A3B03BF6A49A {
   "code": "Digit2",
   "key": "@",
   "modifiers": 8,
   "text": "@",
   "type": "keyUp",
   "unmodifiedText": "2",
   "windowsVirtualKeyCode": 50
}
[1643918775.841][DEBUG]: DevTools WebSocket Command: Input.dispatchKeyEvent (id=257) F04678564F21ED2B83F8A3B03BF6A49A {
   "code": "ShiftLeft",
   "key": "Shift",
   "modifiers": 0,
   "text": "",
   "type": "keyUp",
   "unmodifiedText": "",
   "windowsVirtualKeyCode": 16
}
[1643918775.842][DEBUG]: DevTools WebSocket Command: Input.dispatchKeyEvent (id=258) F04678564F21ED2B83F8A3B03BF6A49A {
   "code": "KeyR",
   "key": "r",
   "modifiers": 0,
   "text": "r",
   "type": "rawKeyDown",
   "unmodifiedText": "r",
   "windowsVirtualKeyCode": 82
}
[1643918775.842][DEBUG]: DevTools WebSocket Command: Input.dispatchKeyEvent (id=259) F04678564F21ED2B83F8A3B03BF6A49A {
   "code": "KeyR",
   "key": "r",
   "modifiers": 0,
   "text": "r",
   "type": "char",
   "unmodifiedText": "r",
   "windowsVirtualKeyCode": 82
}
[1643918775.843][DEBUG]: DevTools WebSocket Command: Input.dispatchKeyEvent (id=260) F04678564F21ED2B83F8A3B03BF6A49A {
   "code": "KeyR",
   "key": "r",
   "modifiers": 0,
   "text": "r",
   "type": "keyUp",
   "unmodifiedText": "r",
   "windowsVirtualKeyCode": 82
}
[1643918775.844][DEBUG]: DevTools WebSocket Command: Input.dispatchKeyEvent (id=261) F04678564F21ED2B83F8A3B03BF6A49A {
   "code": "KeyA",
   "key": "a",
   "modifiers": 0,
   "text": "a",
   "type": "rawKeyDown",
   "unmodifiedText": "a",
   "windowsVirtualKeyCode": 65
}
[1643918775.844][DEBUG]: DevTools WebSocket Command: Input.dispatchKeyEvent (id=262) F04678564F21ED2B83F8A3B03BF6A49A {
   "code": "KeyA",
   "key": "a",
   "modifiers": 0,
   "text": "a",
   "type": "char",
   "unmodifiedText": "a",
   "windowsVirtualKeyCode": 65
}
[1643918775.845][DEBUG]: DevTools WebSocket Command: Input.dispatchKeyEvent (id=263) F04678564F21ED2B83F8A3B03BF6A49A {
   "code": "KeyA",
   "key": "a",
   "modifiers": 0,
   "text": "a",
   "type": "keyUp",
   "unmodifiedText": "a",
   "windowsVirtualKeyCode": 65
}
[1643918775.846][DEBUG]: DevTools WebSocket Command: Input.dispatchKeyEvent (id=264) F04678564F21ED2B83F8A3B03BF6A49A {
   "code": "KeyM",
   "key": "m",
   "modifiers": 0,
   "text": "m",
   "type": "rawKeyDown",
   "unmodifiedText": "m",
   "windowsVirtualKeyCode": 77
}
[1643918775.846][DEBUG]: DevTools WebSocket Command: Input.dispatchKeyEvent (id=265) F04678564F21ED2B83F8A3B03BF6A49A {
   "code": "KeyM",
   "key": "m",
   "modifiers": 0,
   "text": "m",
   "type": "char",
   "unmodifiedText": "m",
   "windowsVirtualKeyCode": 77
}
[1643918775.848][DEBUG]: DevTools WebSocket Command: Input.dispatchKeyEvent (id=266) F04678564F21ED2B83F8A3B03BF6A49A {
   "code": "KeyM",
   "key": "m",
   "modifiers": 0,
   "text": "m",
   "type": "keyUp",
   "unmodifiedText": "m",
   "windowsVirtualKeyCode": 77
}
[1643918775.848][DEBUG]: DevTools WebSocket Command: Input.dispatchKeyEvent (id=267) F04678564F21ED2B83F8A3B03BF6A49A {
   "code": "KeyB",
   "key": "b",
   "modifiers": 0,
   "text": "b",
   "type": "rawKeyDown",
   "unmodifiedText": "b",
   "windowsVirtualKeyCode": 66
}
[1643918775.849][DEBUG]: DevTools WebSocket Command: Input.dispatchKeyEvent (id=268) F04678564F21ED2B83F8A3B03BF6A49A {
   "code": "KeyB",
   "key": "b",
   "modifiers": 0,
   "text": "b",
   "type": "char",
   "unmodifiedText": "b",
   "windowsVirtualKeyCode": 66
}
[1643918775.850][DEBUG]: DevTools WebSocket Command: Input.dispatchKeyEvent (id=269) F04678564F21ED2B83F8A3B03BF6A49A {
   "code": "KeyB",
   "key": "b",
   "modifiers": 0,
   "text": "b",
   "type": "keyUp",
   "unmodifiedText": "b",
   "windowsVirtualKeyCode": 66
}
[1643918775.851][DEBUG]: DevTools WebSocket Command: Input.dispatchKeyEvent (id=270) F04678564F21ED2B83F8A3B03BF6A49A {
   "code": "KeyL",
   "key": "l",
   "modifiers": 0,
   "text": "l",
   "type": "rawKeyDown",
   "unmodifiedText": "l",
   "windowsVirtualKeyCode": 76
}
[1643918775.852][DEBUG]: DevTools WebSocket Command: Input.dispatchKeyEvent (id=271) F04678564F21ED2B83F8A3B03BF6A49A {
   "code": "KeyL",
   "key": "l",
   "modifiers": 0,
   "text": "l",
   "type": "char",
   "unmodifiedText": "l",
   "windowsVirtualKeyCode": 76
}
[1643918775.852][DEBUG]: DevTools WebSocket Command: Input.dispatchKeyEvent (id=272) F04678564F21ED2B83F8A3B03BF6A49A {
   "code": "KeyL",
   "key": "l",
   "modifiers": 0,
   "text": "l",
   "type": "keyUp",
   "unmodifiedText": "l",
   "windowsVirtualKeyCode": 76
}
[1643918775.853][DEBUG]: DevTools WebSocket Command: Input.dispatchKeyEvent (id=273) F04678564F21ED2B83F8A3B03BF6A49A {
   "code": "KeyE",
   "key": "e",
   "modifiers": 0,
   "text": "e",
   "type": "rawKeyDown",
   "unmodifiedText": "e",
   "windowsVirtualKeyCode": 69
}
[1643918775.853][DEBUG]: DevTools WebSocket Command: Input.dispatchKeyEvent (id=274) F04678564F21ED2B83F8A3B03BF6A49A {
   "code": "KeyE",
   "key": "e",
   "modifiers": 0,
   "text": "e",
   "type": "char",
   "unmodifiedText": "e",
   "windowsVirtualKeyCode": 69
}
[1643918775.854][DEBUG]: DevTools WebSocket Command: Input.dispatchKeyEvent (id=275) F04678564F21ED2B83F8A3B03BF6A49A {
   "code": "KeyE",
   "key": "e",
   "modifiers": 0,
   "text": "e",
   "type": "keyUp",
   "unmodifiedText": "e",
   "windowsVirtualKeyCode": 69
}
[1643918775.854][DEBUG]: DevTools WebSocket Command: Input.dispatchKeyEvent (id=276) F04678564F21ED2B83F8A3B03BF6A49A {
   "code": "KeyR",
   "key": "r",
   "modifiers": 0,
   "text": "r",
   "type": "rawKeyDown",
   "unmodifiedText": "r",
   "windowsVirtualKeyCode": 82
}
[1643918775.855][DEBUG]: DevTools WebSocket Command: Input.dispatchKeyEvent (id=277) F04678564F21ED2B83F8A3B03BF6A49A {
   "code": "KeyR",
   "key": "r",
   "modifiers": 0,
   "text": "r",
   "type": "char",
   "unmodifiedText": "r",
   "windowsVirtualKeyCode": 82
}
[1643918775.856][DEBUG]: DevTools WebSocket Command: Input.dispatchKeyEvent (id=278) F04678564F21ED2B83F8A3B03BF6A49A {
   "code": "KeyR",
   "key": "r",
   "modifiers": 0,
   "text": "r",
   "type": "keyUp",
   "unmodifiedText": "r",
   "windowsVirtualKeyCode": 82
}
[1643918775.856][DEBUG]: DevTools WebSocket Command: Input.dispatchKeyEvent (id=279) F04678564F21ED2B83F8A3B03BF6A49A {
   "code": "Period",
   "key": ".",
   "modifiers": 0,
   "text": ".",
   "type": "rawKeyDown",
   "unmodifiedText": ".",
   "windowsVirtualKeyCode": 190
}
[1643918775.857][DEBUG]: DevTools WebSocket Command: Input.dispatchKeyEvent (id=280) F04678564F21ED2B83F8A3B03BF6A49A {
   "code": "Period",
   "key": ".",
   "modifiers": 0,
   "text": ".",
   "type": "char",
   "unmodifiedText": ".",
   "windowsVirtualKeyCode": 190
}
[1643918775.857][DEBUG]: DevTools WebSocket Command: Input.dispatchKeyEvent (id=281) F04678564F21ED2B83F8A3B03BF6A49A {
   "code": "Period",
   "key": ".",
   "modifiers": 0,
   "text": ".",
   "type": "keyUp",
   "unmodifiedText": ".",
   "windowsVirtualKeyCode": 190
}
[1643918775.858][DEBUG]: DevTools WebSocket Command: Input.dispatchKeyEvent (id=282) F04678564F21ED2B83F8A3B03BF6A49A {
   "code": "KeyR",
   "key": "r",
   "modifiers": 0,
   "text": "r",
   "type": "rawKeyDown",
   "unmodifiedText": "r",
   "windowsVirtualKeyCode": 82
}
[1643918775.859][DEBUG]: DevTools WebSocket Command: Input.dispatchKeyEvent (id=283) F04678564F21ED2B83F8A3B03BF6A49A {
   "code": "KeyR",
   "key": "r",
   "modifiers": 0,
   "text": "r",
   "type": "char",
   "unmodifiedText": "r",
   "windowsVirtualKeyCode": 82
}
[1643918775.859][DEBUG]: DevTools WebSocket Command: Input.dispatchKeyEvent (id=284) F04678564F21ED2B83F8A3B03BF6A49A {
   "code": "KeyR",
   "key": "r",
   "modifiers": 0,
   "text": "r",
   "type": "keyUp",
   "unmodifiedText": "r",
   "windowsVirtualKeyCode": 82
}
[1643918775.860][DEBUG]: DevTools WebSocket Command: Input.dispatchKeyEvent (id=285) F04678564F21ED2B83F8A3B03BF6A49A {
   "code": "KeyU",
   "key": "u",
   "modifiers": 0,
   "text": "u",
   "type": "rawKeyDown",
   "unmodifiedText": "u",
   "windowsVirtualKeyCode": 85
}
[1643918775.860][DEBUG]: DevTools WebSocket Command: Input.dispatchKeyEvent (id=286) F04678564F21ED2B83F8A3B03BF6A49A {
   "code": "KeyU",
   "key": "u",
   "modifiers": 0,
   "text": "u",
   "type": "char",
   "unmodifiedText": "u",
   "windowsVirtualKeyCode": 85
}
[1643918775.861][DEBUG]: DevTools WebSocket Command: Input.dispatchKeyEvent (id=287) F04678564F21ED2B83F8A3B03BF6A49A {
   "code": "KeyU",
   "key": "u",
   "modifiers": 0,
   "text": "u",
   "type": "keyUp",
   "unmodifiedText": "u",
   "windowsVirtualKeyCode": 85
}
[1643918775.887][DEBUG]: DevTools WebSocket Response: Input.dispatchKeyEvent (id=205) F04678564F21ED2B83F8A3B03BF6A49A {

}
[1643918775.915][DEBUG]: DevTools WebSocket Response: Input.dispatchKeyEvent (id=206) F04678564F21ED2B83F8A3B03BF6A49A {

}
[1643918775.915][DEBUG]: DevTools WebSocket Response: Input.dispatchKeyEvent (id=207) F04678564F21ED2B83F8A3B03BF6A49A {

}
[1643918775.918][DEBUG]: DevTools WebSocket Response: Input.dispatchKeyEvent (id=208) F04678564F21ED2B83F8A3B03BF6A49A {

}
[1643918775.978][DEBUG]: DevTools WebSocket Response: Input.dispatchKeyEvent (id=209) F04678564F21ED2B83F8A3B03BF6A49A {

}
[1643918775.978][DEBUG]: DevTools WebSocket Response: Input.dispatchKeyEvent (id=210) F04678564F21ED2B83F8A3B03BF6A49A {

}
[1643918775.978][DEBUG]: DevTools WebSocket Response: Input.dispatchKeyEvent (id=211) F04678564F21ED2B83F8A3B03BF6A49A {

}
[1643918775.993][DEBUG]: DevTools WebSocket Response: Input.dispatchKeyEvent (id=212) F04678564F21ED2B83F8A3B03BF6A49A {

}
[1643918775.993][DEBUG]: DevTools WebSocket Response: Input.dispatchKeyEvent (id=213) F04678564F21ED2B83F8A3B03BF6A49A {

}
[1643918775.995][DEBUG]: DevTools WebSocket Response: Input.dispatchKeyEvent (id=214) F04678564F21ED2B83F8A3B03BF6A49A {

}
[1643918776.000][DEBUG]: DevTools WebSocket Response: Input.dispatchKeyEvent (id=215) F04678564F21ED2B83F8A3B03BF6A49A {

}
[1643918776.001][DEBUG]: DevTools WebSocket Response: Input.dispatchKeyEvent (id=216) F04678564F21ED2B83F8A3B03BF6A49A {

}
[1643918776.002][DEBUG]: DevTools WebSocket Response: Input.dispatchKeyEvent (id=217) F04678564F21ED2B83F8A3B03BF6A49A {

}
[1643918776.012][DEBUG]: DevTools WebSocket Response: Input.dispatchKeyEvent (id=218) F04678564F21ED2B83F8A3B03BF6A49A {

}
[1643918776.012][DEBUG]: DevTools WebSocket Response: Input.dispatchKeyEvent (id=219) F04678564F21ED2B83F8A3B03BF6A49A {

}
[1643918776.012][DEBUG]: DevTools WebSocket Response: Input.dispatchKeyEvent (id=220) F04678564F21ED2B83F8A3B03BF6A49A {

}
[1643918776.026][DEBUG]: DevTools WebSocket Response: Input.dispatchKeyEvent (id=221) F04678564F21ED2B83F8A3B03BF6A49A {

}
[1643918776.026][DEBUG]: DevTools WebSocket Response: Input.dispatchKeyEvent (id=222) F04678564F21ED2B83F8A3B03BF6A49A {

}
[1643918776.040][DEBUG]: DevTools WebSocket Response: Input.dispatchKeyEvent (id=223) F04678564F21ED2B83F8A3B03BF6A49A {

}
[1643918776.075][DEBUG]: DevTools WebSocket Response: Input.dispatchKeyEvent (id=224) F04678564F21ED2B83F8A3B03BF6A49A {

}
[1643918776.076][DEBUG]: DevTools WebSocket Response: Input.dispatchKeyEvent (id=225) F04678564F21ED2B83F8A3B03BF6A49A {

}
[1643918776.076][DEBUG]: DevTools WebSocket Response: Input.dispatchKeyEvent (id=226) F04678564F21ED2B83F8A3B03BF6A49A {

}
[1643918776.093][DEBUG]: DevTools WebSocket Response: Input.dispatchKeyEvent (id=227) F04678564F21ED2B83F8A3B03BF6A49A {

}
[1643918776.094][DEBUG]: DevTools WebSocket Response: Input.dispatchKeyEvent (id=228) F04678564F21ED2B83F8A3B03BF6A49A {

}
[1643918776.095][DEBUG]: DevTools WebSocket Response: Input.dispatchKeyEvent (id=229) F04678564F21ED2B83F8A3B03BF6A49A {

}
[1643918776.101][DEBUG]: DevTools WebSocket Response: Input.dispatchKeyEvent (id=230) F04678564F21ED2B83F8A3B03BF6A49A {

}
[1643918776.102][DEBUG]: DevTools WebSocket Response: Input.dispatchKeyEvent (id=231) F04678564F21ED2B83F8A3B03BF6A49A {

}
[1643918776.102][DEBUG]: DevTools WebSocket Response: Input.dispatchKeyEvent (id=232) F04678564F21ED2B83F8A3B03BF6A49A {

}
[1643918776.107][DEBUG]: DevTools WebSocket Response: Input.dispatchKeyEvent (id=233) F04678564F21ED2B83F8A3B03BF6A49A {

}
[1643918776.108][DEBUG]: DevTools WebSocket Response: Input.dispatchKeyEvent (id=234) F04678564F21ED2B83F8A3B03BF6A49A {

}
[1643918776.108][DEBUG]: DevTools WebSocket Response: Input.dispatchKeyEvent (id=235) F04678564F21ED2B83F8A3B03BF6A49A {

}
[1643918776.114][DEBUG]: DevTools WebSocket Response: Input.dispatchKeyEvent (id=236) F04678564F21ED2B83F8A3B03BF6A49A {

}
[1643918776.114][DEBUG]: DevTools WebSocket Response: Input.dispatchKeyEvent (id=237) F04678564F21ED2B83F8A3B03BF6A49A {

}
[1643918776.114][DEBUG]: DevTools WebSocket Response: Input.dispatchKeyEvent (id=238) F04678564F21ED2B83F8A3B03BF6A49A {

}
[1643918776.129][DEBUG]: DevTools WebSocket Response: Input.dispatchKeyEvent (id=239) F04678564F21ED2B83F8A3B03BF6A49A {

}
[1643918776.129][DEBUG]: DevTools WebSocket Response: Input.dispatchKeyEvent (id=240) F04678564F21ED2B83F8A3B03BF6A49A {

}
[1643918776.130][DEBUG]: DevTools WebSocket Response: Input.dispatchKeyEvent (id=241) F04678564F21ED2B83F8A3B03BF6A49A {

}
[1643918776.143][DEBUG]: DevTools WebSocket Response: Input.dispatchKeyEvent (id=242) F04678564F21ED2B83F8A3B03BF6A49A {

}
[1643918776.143][DEBUG]: DevTools WebSocket Response: Input.dispatchKeyEvent (id=243) F04678564F21ED2B83F8A3B03BF6A49A {

}
[1643918776.143][DEBUG]: DevTools WebSocket Response: Input.dispatchKeyEvent (id=244) F04678564F21ED2B83F8A3B03BF6A49A {

}
[1643918776.155][DEBUG]: DevTools WebSocket Response: Input.dispatchKeyEvent (id=245) F04678564F21ED2B83F8A3B03BF6A49A {

}
[1643918776.155][DEBUG]: DevTools WebSocket Response: Input.dispatchKeyEvent (id=246) F04678564F21ED2B83F8A3B03BF6A49A {

}
[1643918776.156][DEBUG]: DevTools WebSocket Response: Input.dispatchKeyEvent (id=247) F04678564F21ED2B83F8A3B03BF6A49A {

}
[1643918776.164][DEBUG]: DevTools WebSocket Response: Input.dispatchKeyEvent (id=248) F04678564F21ED2B83F8A3B03BF6A49A {

}
[1643918776.164][DEBUG]: DevTools WebSocket Response: Input.dispatchKeyEvent (id=249) F04678564F21ED2B83F8A3B03BF6A49A {

}
[1643918776.165][DEBUG]: DevTools WebSocket Response: Input.dispatchKeyEvent (id=250) F04678564F21ED2B83F8A3B03BF6A49A {

}
[1643918776.172][DEBUG]: DevTools WebSocket Response: Input.dispatchKeyEvent (id=251) F04678564F21ED2B83F8A3B03BF6A49A {

}
[1643918776.173][DEBUG]: DevTools WebSocket Response: Input.dispatchKeyEvent (id=252) F04678564F21ED2B83F8A3B03BF6A49A {

}
[1643918776.173][DEBUG]: DevTools WebSocket Response: Input.dispatchKeyEvent (id=253) F04678564F21ED2B83F8A3B03BF6A49A {

}
[1643918776.175][DEBUG]: DevTools WebSocket Response: Input.dispatchKeyEvent (id=254) F04678564F21ED2B83F8A3B03BF6A49A {

}
[1643918776.296][DEBUG]: DevTools WebSocket Response: Input.dispatchKeyEvent (id=255) F04678564F21ED2B83F8A3B03BF6A49A {

}
[1643918776.296][DEBUG]: DevTools WebSocket Response: Input.dispatchKeyEvent (id=256) F04678564F21ED2B83F8A3B03BF6A49A {

}
[1643918776.296][DEBUG]: DevTools WebSocket Response: Input.dispatchKeyEvent (id=257) F04678564F21ED2B83F8A3B03BF6A49A {

}
[1643918776.296][DEBUG]: DevTools WebSocket Response: Input.dispatchKeyEvent (id=258) F04678564F21ED2B83F8A3B03BF6A49A {

}
[1643918776.301][DEBUG]: DevTools WebSocket Response: Input.dispatchKeyEvent (id=259) F04678564F21ED2B83F8A3B03BF6A49A {

}
[1643918776.301][DEBUG]: DevTools WebSocket Response: Input.dispatchKeyEvent (id=260) F04678564F21ED2B83F8A3B03BF6A49A {

}
[1643918776.301][DEBUG]: DevTools WebSocket Response: Input.dispatchKeyEvent (id=261) F04678564F21ED2B83F8A3B03BF6A49A {

}
[1643918776.309][DEBUG]: DevTools WebSocket Response: Input.dispatchKeyEvent (id=262) F04678564F21ED2B83F8A3B03BF6A49A {

}
[1643918776.310][DEBUG]: DevTools WebSocket Response: Input.dispatchKeyEvent (id=263) F04678564F21ED2B83F8A3B03BF6A49A {

}
[1643918776.311][DEBUG]: DevTools WebSocket Response: Input.dispatchKeyEvent (id=264) F04678564F21ED2B83F8A3B03BF6A49A {

}
[1643918776.317][DEBUG]: DevTools WebSocket Response: Input.dispatchKeyEvent (id=265) F04678564F21ED2B83F8A3B03BF6A49A {

}
[1643918776.318][DEBUG]: DevTools WebSocket Response: Input.dispatchKeyEvent (id=266) F04678564F21ED2B83F8A3B03BF6A49A {

}
[1643918776.318][DEBUG]: DevTools WebSocket Response: Input.dispatchKeyEvent (id=267) F04678564F21ED2B83F8A3B03BF6A49A {

}
[1643918776.342][DEBUG]: DevTools WebSocket Response: Input.dispatchKeyEvent (id=268) F04678564F21ED2B83F8A3B03BF6A49A {

}
[1643918776.343][DEBUG]: DevTools WebSocket Response: Input.dispatchKeyEvent (id=269) F04678564F21ED2B83F8A3B03BF6A49A {

}
[1643918776.343][DEBUG]: DevTools WebSocket Response: Input.dispatchKeyEvent (id=270) F04678564F21ED2B83F8A3B03BF6A49A {

}
[1643918776.348][DEBUG]: DevTools WebSocket Response: Input.dispatchKeyEvent (id=271) F04678564F21ED2B83F8A3B03BF6A49A {

}
[1643918776.352][DEBUG]: DevTools WebSocket Response: Input.dispatchKeyEvent (id=272) F04678564F21ED2B83F8A3B03BF6A49A {

}
[1643918776.352][DEBUG]: DevTools WebSocket Response: Input.dispatchKeyEvent (id=273) F04678564F21ED2B83F8A3B03BF6A49A {

}
[1643918776.360][DEBUG]: DevTools WebSocket Response: Input.dispatchKeyEvent (id=274) F04678564F21ED2B83F8A3B03BF6A49A {

}
[1643918776.360][DEBUG]: DevTools WebSocket Response: Input.dispatchKeyEvent (id=275) F04678564F21ED2B83F8A3B03BF6A49A {

}
[1643918776.360][DEBUG]: DevTools WebSocket Response: Input.dispatchKeyEvent (id=276) F04678564F21ED2B83F8A3B03BF6A49A {

}
[1643918776.368][DEBUG]: DevTools WebSocket Response: Input.dispatchKeyEvent (id=277) F04678564F21ED2B83F8A3B03BF6A49A {

}
[1643918776.368][DEBUG]: DevTools WebSocket Response: Input.dispatchKeyEvent (id=278) F04678564F21ED2B83F8A3B03BF6A49A {

}
[1643918776.368][DEBUG]: DevTools WebSocket Response: Input.dispatchKeyEvent (id=279) F04678564F21ED2B83F8A3B03BF6A49A {

}
[1643918776.375][DEBUG]: DevTools WebSocket Response: Input.dispatchKeyEvent (id=280) F04678564F21ED2B83F8A3B03BF6A49A {

}
[1643918776.376][DEBUG]: DevTools WebSocket Response: Input.dispatchKeyEvent (id=281) F04678564F21ED2B83F8A3B03BF6A49A {

}
[1643918776.376][DEBUG]: DevTools WebSocket Response: Input.dispatchKeyEvent (id=282) F04678564F21ED2B83F8A3B03BF6A49A {

}
[1643918776.379][DEBUG]: DevTools WebSocket Response: Input.dispatchKeyEvent (id=283) F04678564F21ED2B83F8A3B03BF6A49A {

}
[1643918776.379][DEBUG]: DevTools WebSocket Response: Input.dispatchKeyEvent (id=284) F04678564F21ED2B83F8A3B03BF6A49A {

}
[1643918776.380][DEBUG]: DevTools WebSocket Response: Input.dispatchKeyEvent (id=285) F04678564F21ED2B83F8A3B03BF6A49A {

}
[1643918776.411][DEBUG]: DevTools WebSocket Response: Input.dispatchKeyEvent (id=286) F04678564F21ED2B83F8A3B03BF6A49A {

}
[1643918776.411][DEBUG]: DevTools WebSocket Response: Input.dispatchKeyEvent (id=287) F04678564F21ED2B83F8A3B03BF6A49A {

}
[1643918776.411][INFO]: Waiting for pending navigations...
[1643918776.411][DEBUG]: DevTools WebSocket Command: Runtime.evaluate (id=288) F04678564F21ED2B83F8A3B03BF6A49A {
   "expression": "1"
}
[1643918777.108][DEBUG]: DevTools WebSocket Response: Runtime.evaluate (id=288) F04678564F21ED2B83F8A3B03BF6A49A {
   "result": {
      "description": "1",
      "type": "number",
      "value": 1
   }
}
[1643918777.108][INFO]: Done waiting for pending navigations. Status: ok
[1643918777.108][INFO]: [edca2231cae8720e2c64f44c6ba11a6c] RESPONSE TypeElement
[1643918777.122][INFO]: [edca2231cae8720e2c64f44c6ba11a6c] COMMAND FindElement {
   "using": "css selector",
   "value": "#password"
}
[1643918777.122][INFO]: Waiting for pending navigations...
[1643918777.122][DEBUG]: DevTools WebSocket Command: Runtime.evaluate (id=289) F04678564F21ED2B83F8A3B03BF6A49A {
   "expression": "1"
}
[1643918777.174][DEBUG]: DevTools WebSocket Response: Runtime.evaluate (id=289) F04678564F21ED2B83F8A3B03BF6A49A {
   "result": {
      "description": "1",
      "type": "number",
      "value": 1
   }
}
[1643918777.174][INFO]: Done waiting for pending navigations. Status: ok
[1643918777.176][DEBUG]: DevTools WebSocket Command: Runtime.evaluate (id=290) F04678564F21ED2B83F8A3B03BF6A49A {
   "awaitPromise": true,
   "contextId": 12,
   "expression": "(function() { // Copyright (c) 2012 The Chromium Authors. All rights reserved.\n// Use of this source code is governed by a BSD-style license that can be\n// found in the LICENSE file.\n\n/**\n * Enum f...",
   "returnByValue": true
}
[1643918777.187][DEBUG]: DevTools WebSocket Response: Runtime.evaluate (id=290) F04678564F21ED2B83F8A3B03BF6A49A {
   "result": {
      "type": "object",
      "value": {
         "status": 0,
         "value": {
            "element-6066-11e4-a52e-4f735466cecf": "5070b48a-0702-4442-b06e-3fd7df4d4052"
         }
      }
   }
}
[1643918777.187][INFO]: Waiting for pending navigations...
[1643918777.187][DEBUG]: DevTools WebSocket Command: Runtime.evaluate (id=291) F04678564F21ED2B83F8A3B03BF6A49A {
   "expression": "1"
}
[1643918777.190][DEBUG]: DevTools WebSocket Response: Runtime.evaluate (id=291) F04678564F21ED2B83F8A3B03BF6A49A {
   "result": {
      "description": "1",
      "type": "number",
      "value": 1
   }
}
[1643918777.190][INFO]: Done waiting for pending navigations. Status: ok
[1643918777.190][INFO]: [edca2231cae8720e2c64f44c6ba11a6c] RESPONSE FindElement {
   "element-6066-11e4-a52e-4f735466cecf": "5070b48a-0702-4442-b06e-3fd7df4d4052"
}
[1643918777.197][INFO]: [edca2231cae8720e2c64f44c6ba11a6c] COMMAND TypeElement {
   "id": "5070b48a-0702-4442-b06e-3fd7df4d4052",
   "text": "S1mpl34ut0m4ti0n",
   "value": [ "S", "1", "m", "p", "l", "3", "4", "u", "t", "0", "m", "4", "t", "i", "0", "n" ]
}
[1643918777.197][INFO]: Waiting for pending navigations...
[1643918777.197][DEBUG]: DevTools WebSocket Command: Runtime.evaluate (id=292) F04678564F21ED2B83F8A3B03BF6A49A {
   "expression": "1"
}
[1643918777.213][DEBUG]: DevTools WebSocket Response: Runtime.evaluate (id=292) F04678564F21ED2B83F8A3B03BF6A49A {
   "result": {
      "description": "1",
      "type": "number",
      "value": 1
   }
}
[1643918777.213][INFO]: Done waiting for pending navigations. Status: ok
[1643918777.214][DEBUG]: DevTools WebSocket Command: Runtime.evaluate (id=293) F04678564F21ED2B83F8A3B03BF6A49A {
   "awaitPromise": true,
   "contextId": 12,
   "expression": "(function() { // Copyright (c) 2012 The Chromium Authors. All rights reserved.\n// Use of this source code is governed by a BSD-style license that can be\n// found in the LICENSE file.\n\n/**\n * Enum f...",
   "returnByValue": true
}
[1643918777.241][DEBUG]: DevTools WebSocket Response: Runtime.evaluate (id=293) F04678564F21ED2B83F8A3B03BF6A49A {
   "result": {
      "type": "object",
      "value": {
         "status": 0,
         "value": "INPUT"
      }
   }
}
[1643918777.242][DEBUG]: DevTools WebSocket Command: Runtime.evaluate (id=294) F04678564F21ED2B83F8A3B03BF6A49A {
   "awaitPromise": true,
   "contextId": 12,
   "expression": "(function() { // Copyright (c) 2012 The Chromium Authors. All rights reserved.\n// Use of this source code is governed by a BSD-style license that can be\n// found in the LICENSE file.\n\n/**\n * Enum f...",
   "returnByValue": true
}
[1643918777.256][DEBUG]: DevTools WebSocket Response: Runtime.evaluate (id=294) F04678564F21ED2B83F8A3B03BF6A49A {
   "result": {
      "type": "object",
      "value": {
         "status": 0,
         "value": "password"
      }
   }
}
[1643918777.257][DEBUG]: DevTools WebSocket Command: Runtime.evaluate (id=295) F04678564F21ED2B83F8A3B03BF6A49A {
   "awaitPromise": true,
   "contextId": 12,
   "expression": "(function() { // Copyright (c) 2012 The Chromium Authors. All rights reserved.\n// Use of this source code is governed by a BSD-style license that can be\n// found in the LICENSE file.\n\n/**\n * Enum f...",
   "returnByValue": true
}
[1643918777.264][DEBUG]: DevTools WebSocket Response: Runtime.evaluate (id=295) F04678564F21ED2B83F8A3B03BF6A49A {
   "result": {
      "type": "object",
      "value": {
         "status": 0,
         "value": false
      }
   }
}
[1643918777.266][DEBUG]: DevTools WebSocket Command: Runtime.evaluate (id=296) F04678564F21ED2B83F8A3B03BF6A49A {
   "awaitPromise": true,
   "contextId": 12,
   "expression": "(function() { // Copyright (c) 2012 The Chromium Authors. All rights reserved.\n// Use of this source code is governed by a BSD-style license that can be\n// found in the LICENSE file.\n\n/**\n * Enum f...",
   "returnByValue": true
}
[1643918777.272][DEBUG]: DevTools WebSocket Response: Runtime.evaluate (id=296) F04678564F21ED2B83F8A3B03BF6A49A {
   "result": {
      "type": "object",
      "value": {
         "status": 0,
         "value": "INPUT"
      }
   }
}
[1643918777.272][DEBUG]: DevTools WebSocket Command: Runtime.evaluate (id=297) F04678564F21ED2B83F8A3B03BF6A49A {
   "awaitPromise": false,
   "contextId": 12,
   "expression": "document.hasFocus()",
   "returnByValue": true
}
[1643918777.291][DEBUG]: DevTools WebSocket Response: Runtime.evaluate (id=297) F04678564F21ED2B83F8A3B03BF6A49A {
   "result": {
      "type": "boolean",
      "value": true
   }
}
[1643918777.291][DEBUG]: DevTools WebSocket Command: Runtime.evaluate (id=298) F04678564F21ED2B83F8A3B03BF6A49A {
   "awaitPromise": true,
   "contextId": 12,
   "expression": "(function() { // Copyright (c) 2012 The Chromium Authors. All rights reserved.\n// Use of this source code is governed by a BSD-style license that can be\n// found in the LICENSE file.\n\n/**\n * Enum f...",
   "returnByValue": true
}
[1643918777.302][DEBUG]: DevTools WebSocket Response: Runtime.evaluate (id=298) F04678564F21ED2B83F8A3B03BF6A49A {
   "result": {
      "type": "object",
      "value": {
         "status": 0,
         "value": {
            "element-6066-11e4-a52e-4f735466cecf": "05c1dd65-0d6a-4ab6-b286-d2f09e77ba5e"
         }
      }
   }
}
[1643918777.304][DEBUG]: DevTools WebSocket Command: Runtime.evaluate (id=299) F04678564F21ED2B83F8A3B03BF6A49A {
   "awaitPromise": true,
   "contextId": 12,
   "expression": "(function() { // Copyright (c) 2012 The Chromium Authors. All rights reserved.\n// Use of this source code is governed by a BSD-style license that can be\n// found in the LICENSE file.\n\n/**\n * Enum f...",
   "returnByValue": true
}
[1643918777.320][DEBUG]: DevTools WebSocket Response: Runtime.evaluate (id=299) F04678564F21ED2B83F8A3B03BF6A49A {
   "result": {
      "type": "object",
      "value": {
         "status": 0,
         "value": true
      }
   }
}
[1643918777.321][DEBUG]: DevTools WebSocket Command: Runtime.evaluate (id=300) F04678564F21ED2B83F8A3B03BF6A49A {
   "awaitPromise": true,
   "contextId": 12,
   "expression": "(function() { // Copyright (c) 2012 The Chromium Authors. All rights reserved.\n// Use of this source code is governed by a BSD-style license that can be\n// found in the LICENSE file.\n\n/**\n * Enum f...",
   "returnByValue": true
}
[1643918777.344][DEBUG]: DevTools WebSocket Response: Runtime.evaluate (id=300) F04678564F21ED2B83F8A3B03BF6A49A {
   "result": {
      "type": "object",
      "value": {
         "status": 0,
         "value": true
      }
   }
}
[1643918777.345][DEBUG]: DevTools WebSocket Command: Runtime.evaluate (id=301) F04678564F21ED2B83F8A3B03BF6A49A {
   "awaitPromise": true,
   "contextId": 12,
   "expression": "(function() { // Copyright (c) 2012 The Chromium Authors. All rights reserved.\n// Use of this source code is governed by a BSD-style license that can be\n// found in the LICENSE file.\n\n/**\n * Enum f...",
   "returnByValue": true
}
[1643918777.373][DEBUG]: DevTools WebSocket Response: Runtime.evaluate (id=301) F04678564F21ED2B83F8A3B03BF6A49A {
   "result": {
      "type": "object",
      "value": {
         "status": 0,
         "value": null
      }
   }
}
[1643918777.373][DEBUG]: DevTools WebSocket Command: Runtime.evaluate (id=302) F04678564F21ED2B83F8A3B03BF6A49A {
   "awaitPromise": true,
   "contextId": 12,
   "expression": "(function() { // Copyright (c) 2012 The Chromium Authors. All rights reserved.\n// Use of this source code is governed by a BSD-style license that can be\n// found in the LICENSE file.\n\n/**\n * Enum f...",
   "returnByValue": true
}
[1643918777.395][DEBUG]: DevTools WebSocket Response: Runtime.evaluate (id=302) F04678564F21ED2B83F8A3B03BF6A49A {
   "result": {
      "type": "object",
      "value": {
         "status": 0,
         "value": null
      }
   }
}
[1643918777.396][DEBUG]: DevTools WebSocket Command: Input.dispatchKeyEvent (id=303) F04678564F21ED2B83F8A3B03BF6A49A {
   "code": "ShiftLeft",
   "key": "Shift",
   "modifiers": 0,
   "text": "",
   "type": "rawKeyDown",
   "unmodifiedText": "",
   "windowsVirtualKeyCode": 16
}
[1643918777.396][DEBUG]: DevTools WebSocket Command: Input.dispatchKeyEvent (id=304) F04678564F21ED2B83F8A3B03BF6A49A {
   "code": "KeyS",
   "key": "S",
   "modifiers": 8,
   "text": "S",
   "type": "rawKeyDown",
   "unmodifiedText": "s",
   "windowsVirtualKeyCode": 83
}
[1643918777.397][DEBUG]: DevTools WebSocket Command: Input.dispatchKeyEvent (id=305) F04678564F21ED2B83F8A3B03BF6A49A {
   "code": "KeyS",
   "key": "S",
   "modifiers": 8,
   "text": "S",
   "type": "char",
   "unmodifiedText": "s",
   "windowsVirtualKeyCode": 83
}
[1643918777.397][DEBUG]: DevTools WebSocket Command: Input.dispatchKeyEvent (id=306) F04678564F21ED2B83F8A3B03BF6A49A {
   "code": "KeyS",
   "key": "S",
   "modifiers": 8,
   "text": "S",
   "type": "keyUp",
   "unmodifiedText": "s",
   "windowsVirtualKeyCode": 83
}
[1643918777.398][DEBUG]: DevTools WebSocket Command: Input.dispatchKeyEvent (id=307) F04678564F21ED2B83F8A3B03BF6A49A {
   "code": "ShiftLeft",
   "key": "Shift",
   "modifiers": 0,
   "text": "",
   "type": "keyUp",
   "unmodifiedText": "",
   "windowsVirtualKeyCode": 16
}
[1643918777.399][DEBUG]: DevTools WebSocket Command: Input.dispatchKeyEvent (id=308) F04678564F21ED2B83F8A3B03BF6A49A {
   "code": "Digit1",
   "key": "1",
   "modifiers": 0,
   "text": "1",
   "type": "rawKeyDown",
   "unmodifiedText": "1",
   "windowsVirtualKeyCode": 49
}
[1643918777.399][DEBUG]: DevTools WebSocket Command: Input.dispatchKeyEvent (id=309) F04678564F21ED2B83F8A3B03BF6A49A {
   "code": "Digit1",
   "key": "1",
   "modifiers": 0,
   "text": "1",
   "type": "char",
   "unmodifiedText": "1",
   "windowsVirtualKeyCode": 49
}
[1643918777.399][DEBUG]: DevTools WebSocket Command: Input.dispatchKeyEvent (id=310) F04678564F21ED2B83F8A3B03BF6A49A {
   "code": "Digit1",
   "key": "1",
   "modifiers": 0,
   "text": "1",
   "type": "keyUp",
   "unmodifiedText": "1",
   "windowsVirtualKeyCode": 49
}
[1643918777.402][DEBUG]: DevTools WebSocket Command: Input.dispatchKeyEvent (id=311) F04678564F21ED2B83F8A3B03BF6A49A {
   "code": "KeyM",
   "key": "m",
   "modifiers": 0,
   "text": "m",
   "type": "rawKeyDown",
   "unmodifiedText": "m",
   "windowsVirtualKeyCode": 77
}
[1643918777.403][DEBUG]: DevTools WebSocket Command: Input.dispatchKeyEvent (id=312) F04678564F21ED2B83F8A3B03BF6A49A {
   "code": "KeyM",
   "key": "m",
   "modifiers": 0,
   "text": "m",
   "type": "char",
   "unmodifiedText": "m",
   "windowsVirtualKeyCode": 77
}
[1643918777.404][DEBUG]: DevTools WebSocket Command: Input.dispatchKeyEvent (id=313) F04678564F21ED2B83F8A3B03BF6A49A {
   "code": "KeyM",
   "key": "m",
   "modifiers": 0,
   "text": "m",
   "type": "keyUp",
   "unmodifiedText": "m",
   "windowsVirtualKeyCode": 77
}
[1643918777.404][DEBUG]: DevTools WebSocket Command: Input.dispatchKeyEvent (id=314) F04678564F21ED2B83F8A3B03BF6A49A {
   "code": "KeyP",
   "key": "p",
   "modifiers": 0,
   "text": "p",
   "type": "rawKeyDown",
   "unmodifiedText": "p",
   "windowsVirtualKeyCode": 80
}
[1643918777.405][DEBUG]: DevTools WebSocket Command: Input.dispatchKeyEvent (id=315) F04678564F21ED2B83F8A3B03BF6A49A {
   "code": "KeyP",
   "key": "p",
   "modifiers": 0,
   "text": "p",
   "type": "char",
   "unmodifiedText": "p",
   "windowsVirtualKeyCode": 80
}
[1643918777.405][DEBUG]: DevTools WebSocket Command: Input.dispatchKeyEvent (id=316) F04678564F21ED2B83F8A3B03BF6A49A {
   "code": "KeyP",
   "key": "p",
   "modifiers": 0,
   "text": "p",
   "type": "keyUp",
   "unmodifiedText": "p",
   "windowsVirtualKeyCode": 80
}
[1643918777.405][DEBUG]: DevTools WebSocket Command: Input.dispatchKeyEvent (id=317) F04678564F21ED2B83F8A3B03BF6A49A {
   "code": "KeyL",
   "key": "l",
   "modifiers": 0,
   "text": "l",
   "type": "rawKeyDown",
   "unmodifiedText": "l",
   "windowsVirtualKeyCode": 76
}
[1643918777.406][DEBUG]: DevTools WebSocket Command: Input.dispatchKeyEvent (id=318) F04678564F21ED2B83F8A3B03BF6A49A {
   "code": "KeyL",
   "key": "l",
   "modifiers": 0,
   "text": "l",
   "type": "char",
   "unmodifiedText": "l",
   "windowsVirtualKeyCode": 76
}
[1643918777.406][DEBUG]: DevTools WebSocket Command: Input.dispatchKeyEvent (id=319) F04678564F21ED2B83F8A3B03BF6A49A {
   "code": "KeyL",
   "key": "l",
   "modifiers": 0,
   "text": "l",
   "type": "keyUp",
   "unmodifiedText": "l",
   "windowsVirtualKeyCode": 76
}
[1643918777.406][DEBUG]: DevTools WebSocket Command: Input.dispatchKeyEvent (id=320) F04678564F21ED2B83F8A3B03BF6A49A {
   "code": "Digit3",
   "key": "3",
   "modifiers": 0,
   "text": "3",
   "type": "rawKeyDown",
   "unmodifiedText": "3",
   "windowsVirtualKeyCode": 51
}
[1643918777.407][DEBUG]: DevTools WebSocket Command: Input.dispatchKeyEvent (id=321) F04678564F21ED2B83F8A3B03BF6A49A {
   "code": "Digit3",
   "key": "3",
   "modifiers": 0,
   "text": "3",
   "type": "char",
   "unmodifiedText": "3",
   "windowsVirtualKeyCode": 51
}
[1643918777.407][DEBUG]: DevTools WebSocket Command: Input.dispatchKeyEvent (id=322) F04678564F21ED2B83F8A3B03BF6A49A {
   "code": "Digit3",
   "key": "3",
   "modifiers": 0,
   "text": "3",
   "type": "keyUp",
   "unmodifiedText": "3",
   "windowsVirtualKeyCode": 51
}
[1643918777.408][DEBUG]: DevTools WebSocket Command: Input.dispatchKeyEvent (id=323) F04678564F21ED2B83F8A3B03BF6A49A {
   "code": "Digit4",
   "key": "4",
   "modifiers": 0,
   "text": "4",
   "type": "rawKeyDown",
   "unmodifiedText": "4",
   "windowsVirtualKeyCode": 52
}
[1643918777.408][DEBUG]: DevTools WebSocket Command: Input.dispatchKeyEvent (id=324) F04678564F21ED2B83F8A3B03BF6A49A {
   "code": "Digit4",
   "key": "4",
   "modifiers": 0,
   "text": "4",
   "type": "char",
   "unmodifiedText": "4",
   "windowsVirtualKeyCode": 52
}
[1643918777.408][DEBUG]: DevTools WebSocket Command: Input.dispatchKeyEvent (id=325) F04678564F21ED2B83F8A3B03BF6A49A {
   "code": "Digit4",
   "key": "4",
   "modifiers": 0,
   "text": "4",
   "type": "keyUp",
   "unmodifiedText": "4",
   "windowsVirtualKeyCode": 52
}
[1643918777.409][DEBUG]: DevTools WebSocket Command: Input.dispatchKeyEvent (id=326) F04678564F21ED2B83F8A3B03BF6A49A {
   "code": "KeyU",
   "key": "u",
   "modifiers": 0,
   "text": "u",
   "type": "rawKeyDown",
   "unmodifiedText": "u",
   "windowsVirtualKeyCode": 85
}
[1643918777.409][DEBUG]: DevTools WebSocket Command: Input.dispatchKeyEvent (id=327) F04678564F21ED2B83F8A3B03BF6A49A {
   "code": "KeyU",
   "key": "u",
   "modifiers": 0,
   "text": "u",
   "type": "char",
   "unmodifiedText": "u",
   "windowsVirtualKeyCode": 85
}
[1643918777.409][DEBUG]: DevTools WebSocket Command: Input.dispatchKeyEvent (id=328) F04678564F21ED2B83F8A3B03BF6A49A {
   "code": "KeyU",
   "key": "u",
   "modifiers": 0,
   "text": "u",
   "type": "keyUp",
   "unmodifiedText": "u",
   "windowsVirtualKeyCode": 85
}
[1643918777.410][DEBUG]: DevTools WebSocket Command: Input.dispatchKeyEvent (id=329) F04678564F21ED2B83F8A3B03BF6A49A {
   "code": "KeyT",
   "key": "t",
   "modifiers": 0,
   "text": "t",
   "type": "rawKeyDown",
   "unmodifiedText": "t",
   "windowsVirtualKeyCode": 84
}
[1643918777.410][DEBUG]: DevTools WebSocket Command: Input.dispatchKeyEvent (id=330) F04678564F21ED2B83F8A3B03BF6A49A {
   "code": "KeyT",
   "key": "t",
   "modifiers": 0,
   "text": "t",
   "type": "char",
   "unmodifiedText": "t",
   "windowsVirtualKeyCode": 84
}
[1643918777.410][DEBUG]: DevTools WebSocket Command: Input.dispatchKeyEvent (id=331) F04678564F21ED2B83F8A3B03BF6A49A {
   "code": "KeyT",
   "key": "t",
   "modifiers": 0,
   "text": "t",
   "type": "keyUp",
   "unmodifiedText": "t",
   "windowsVirtualKeyCode": 84
}
[1643918777.410][DEBUG]: DevTools WebSocket Command: Input.dispatchKeyEvent (id=332) F04678564F21ED2B83F8A3B03BF6A49A {
   "code": "Digit0",
   "key": "0",
   "modifiers": 0,
   "text": "0",
   "type": "rawKeyDown",
   "unmodifiedText": "0",
   "windowsVirtualKeyCode": 48
}
[1643918777.411][DEBUG]: DevTools WebSocket Command: Input.dispatchKeyEvent (id=333) F04678564F21ED2B83F8A3B03BF6A49A {
   "code": "Digit0",
   "key": "0",
   "modifiers": 0,
   "text": "0",
   "type": "char",
   "unmodifiedText": "0",
   "windowsVirtualKeyCode": 48
}
[1643918777.411][DEBUG]: DevTools WebSocket Command: Input.dispatchKeyEvent (id=334) F04678564F21ED2B83F8A3B03BF6A49A {
   "code": "Digit0",
   "key": "0",
   "modifiers": 0,
   "text": "0",
   "type": "keyUp",
   "unmodifiedText": "0",
   "windowsVirtualKeyCode": 48
}
[1643918777.412][DEBUG]: DevTools WebSocket Command: Input.dispatchKeyEvent (id=335) F04678564F21ED2B83F8A3B03BF6A49A {
   "code": "KeyM",
   "key": "m",
   "modifiers": 0,
   "text": "m",
   "type": "rawKeyDown",
   "unmodifiedText": "m",
   "windowsVirtualKeyCode": 77
}
[1643918777.412][DEBUG]: DevTools WebSocket Command: Input.dispatchKeyEvent (id=336) F04678564F21ED2B83F8A3B03BF6A49A {
   "code": "KeyM",
   "key": "m",
   "modifiers": 0,
   "text": "m",
   "type": "char",
   "unmodifiedText": "m",
   "windowsVirtualKeyCode": 77
}
[1643918777.412][DEBUG]: DevTools WebSocket Command: Input.dispatchKeyEvent (id=337) F04678564F21ED2B83F8A3B03BF6A49A {
   "code": "KeyM",
   "key": "m",
   "modifiers": 0,
   "text": "m",
   "type": "keyUp",
   "unmodifiedText": "m",
   "windowsVirtualKeyCode": 77
}
[1643918777.413][DEBUG]: DevTools WebSocket Command: Input.dispatchKeyEvent (id=338) F04678564F21ED2B83F8A3B03BF6A49A {
   "code": "Digit4",
   "key": "4",
   "modifiers": 0,
   "text": "4",
   "type": "rawKeyDown",
   "unmodifiedText": "4",
   "windowsVirtualKeyCode": 52
}
[1643918777.413][DEBUG]: DevTools WebSocket Command: Input.dispatchKeyEvent (id=339) F04678564F21ED2B83F8A3B03BF6A49A {
   "code": "Digit4",
   "key": "4",
   "modifiers": 0,
   "text": "4",
   "type": "char",
   "unmodifiedText": "4",
   "windowsVirtualKeyCode": 52
}
[1643918777.413][DEBUG]: DevTools WebSocket Command: Input.dispatchKeyEvent (id=340) F04678564F21ED2B83F8A3B03BF6A49A {
   "code": "Digit4",
   "key": "4",
   "modifiers": 0,
   "text": "4",
   "type": "keyUp",
   "unmodifiedText": "4",
   "windowsVirtualKeyCode": 52
}
[1643918777.414][DEBUG]: DevTools WebSocket Command: Input.dispatchKeyEvent (id=341) F04678564F21ED2B83F8A3B03BF6A49A {
   "code": "KeyT",
   "key": "t",
   "modifiers": 0,
   "text": "t",
   "type": "rawKeyDown",
   "unmodifiedText": "t",
   "windowsVirtualKeyCode": 84
}
[1643918777.414][DEBUG]: DevTools WebSocket Command: Input.dispatchKeyEvent (id=342) F04678564F21ED2B83F8A3B03BF6A49A {
   "code": "KeyT",
   "key": "t",
   "modifiers": 0,
   "text": "t",
   "type": "char",
   "unmodifiedText": "t",
   "windowsVirtualKeyCode": 84
}
[1643918777.415][DEBUG]: DevTools WebSocket Command: Input.dispatchKeyEvent (id=343) F04678564F21ED2B83F8A3B03BF6A49A {
   "code": "KeyT",
   "key": "t",
   "modifiers": 0,
   "text": "t",
   "type": "keyUp",
   "unmodifiedText": "t",
   "windowsVirtualKeyCode": 84
}
[1643918777.415][DEBUG]: DevTools WebSocket Command: Input.dispatchKeyEvent (id=344) F04678564F21ED2B83F8A3B03BF6A49A {
   "code": "KeyI",
   "key": "i",
   "modifiers": 0,
   "text": "i",
   "type": "rawKeyDown",
   "unmodifiedText": "i",
   "windowsVirtualKeyCode": 73
}
[1643918777.416][DEBUG]: DevTools WebSocket Command: Input.dispatchKeyEvent (id=345) F04678564F21ED2B83F8A3B03BF6A49A {
   "code": "KeyI",
   "key": "i",
   "modifiers": 0,
   "text": "i",
   "type": "char",
   "unmodifiedText": "i",
   "windowsVirtualKeyCode": 73
}
[1643918777.416][DEBUG]: DevTools WebSocket Command: Input.dispatchKeyEvent (id=346) F04678564F21ED2B83F8A3B03BF6A49A {
   "code": "KeyI",
   "key": "i",
   "modifiers": 0,
   "text": "i",
   "type": "keyUp",
   "unmodifiedText": "i",
   "windowsVirtualKeyCode": 73
}
[1643918777.417][DEBUG]: DevTools WebSocket Command: Input.dispatchKeyEvent (id=347) F04678564F21ED2B83F8A3B03BF6A49A {
   "code": "Digit0",
   "key": "0",
   "modifiers": 0,
   "text": "0",
   "type": "rawKeyDown",
   "unmodifiedText": "0",
   "windowsVirtualKeyCode": 48
}
[1643918777.419][DEBUG]: DevTools WebSocket Command: Input.dispatchKeyEvent (id=348) F04678564F21ED2B83F8A3B03BF6A49A {
   "code": "Digit0",
   "key": "0",
   "modifiers": 0,
   "text": "0",
   "type": "char",
   "unmodifiedText": "0",
   "windowsVirtualKeyCode": 48
}
[1643918777.419][DEBUG]: DevTools WebSocket Command: Input.dispatchKeyEvent (id=349) F04678564F21ED2B83F8A3B03BF6A49A {
   "code": "Digit0",
   "key": "0",
   "modifiers": 0,
   "text": "0",
   "type": "keyUp",
   "unmodifiedText": "0",
   "windowsVirtualKeyCode": 48
}
[1643918777.420][DEBUG]: DevTools WebSocket Command: Input.dispatchKeyEvent (id=350) F04678564F21ED2B83F8A3B03BF6A49A {
   "code": "KeyN",
   "key": "n",
   "modifiers": 0,
   "text": "n",
   "type": "rawKeyDown",
   "unmodifiedText": "n",
   "windowsVirtualKeyCode": 78
}
[1643918777.420][DEBUG]: DevTools WebSocket Command: Input.dispatchKeyEvent (id=351) F04678564F21ED2B83F8A3B03BF6A49A {
   "code": "KeyN",
   "key": "n",
   "modifiers": 0,
   "text": "n",
   "type": "char",
   "unmodifiedText": "n",
   "windowsVirtualKeyCode": 78
}
[1643918777.420][DEBUG]: DevTools WebSocket Command: Input.dispatchKeyEvent (id=352) F04678564F21ED2B83F8A3B03BF6A49A {
   "code": "KeyN",
   "key": "n",
   "modifiers": 0,
   "text": "n",
   "type": "keyUp",
   "unmodifiedText": "n",
   "windowsVirtualKeyCode": 78
}
[1643918777.438][DEBUG]: DevTools WebSocket Response: Input.dispatchKeyEvent (id=303) F04678564F21ED2B83F8A3B03BF6A49A {

}
[1643918777.439][DEBUG]: DevTools WebSocket Response: Input.dispatchKeyEvent (id=304) F04678564F21ED2B83F8A3B03BF6A49A {

}
[1643918777.453][DEBUG]: DevTools WebSocket Response: Input.dispatchKeyEvent (id=305) F04678564F21ED2B83F8A3B03BF6A49A {

}
[1643918777.453][DEBUG]: DevTools WebSocket Response: Input.dispatchKeyEvent (id=306) F04678564F21ED2B83F8A3B03BF6A49A {

}
[1643918777.453][DEBUG]: DevTools WebSocket Response: Input.dispatchKeyEvent (id=307) F04678564F21ED2B83F8A3B03BF6A49A {

}
[1643918777.453][DEBUG]: DevTools WebSocket Response: Input.dispatchKeyEvent (id=308) F04678564F21ED2B83F8A3B03BF6A49A {

}
[1643918777.458][DEBUG]: DevTools WebSocket Response: Input.dispatchKeyEvent (id=309) F04678564F21ED2B83F8A3B03BF6A49A {

}
[1643918777.459][DEBUG]: DevTools WebSocket Response: Input.dispatchKeyEvent (id=310) F04678564F21ED2B83F8A3B03BF6A49A {

}
[1643918777.459][DEBUG]: DevTools WebSocket Response: Input.dispatchKeyEvent (id=311) F04678564F21ED2B83F8A3B03BF6A49A {

}
[1643918777.463][DEBUG]: DevTools WebSocket Response: Input.dispatchKeyEvent (id=312) F04678564F21ED2B83F8A3B03BF6A49A {

}
[1643918777.463][DEBUG]: DevTools WebSocket Response: Input.dispatchKeyEvent (id=313) F04678564F21ED2B83F8A3B03BF6A49A {

}
[1643918777.464][DEBUG]: DevTools WebSocket Response: Input.dispatchKeyEvent (id=314) F04678564F21ED2B83F8A3B03BF6A49A {

}
[1643918777.470][DEBUG]: DevTools WebSocket Response: Input.dispatchKeyEvent (id=315) F04678564F21ED2B83F8A3B03BF6A49A {

}
[1643918777.470][DEBUG]: DevTools WebSocket Response: Input.dispatchKeyEvent (id=316) F04678564F21ED2B83F8A3B03BF6A49A {

}
[1643918777.472][DEBUG]: DevTools WebSocket Response: Input.dispatchKeyEvent (id=317) F04678564F21ED2B83F8A3B03BF6A49A {

}
[1643918777.477][DEBUG]: DevTools WebSocket Response: Input.dispatchKeyEvent (id=318) F04678564F21ED2B83F8A3B03BF6A49A {

}
[1643918777.477][DEBUG]: DevTools WebSocket Response: Input.dispatchKeyEvent (id=319) F04678564F21ED2B83F8A3B03BF6A49A {

}
[1643918777.478][DEBUG]: DevTools WebSocket Response: Input.dispatchKeyEvent (id=320) F04678564F21ED2B83F8A3B03BF6A49A {

}
[1643918777.486][DEBUG]: DevTools WebSocket Response: Input.dispatchKeyEvent (id=321) F04678564F21ED2B83F8A3B03BF6A49A {

}
[1643918777.487][DEBUG]: DevTools WebSocket Response: Input.dispatchKeyEvent (id=322) F04678564F21ED2B83F8A3B03BF6A49A {

}
[1643918777.487][DEBUG]: DevTools WebSocket Response: Input.dispatchKeyEvent (id=323) F04678564F21ED2B83F8A3B03BF6A49A {

}
[1643918777.492][DEBUG]: DevTools WebSocket Response: Input.dispatchKeyEvent (id=324) F04678564F21ED2B83F8A3B03BF6A49A {

}
[1643918777.492][DEBUG]: DevTools WebSocket Response: Input.dispatchKeyEvent (id=325) F04678564F21ED2B83F8A3B03BF6A49A {

}
[1643918777.494][DEBUG]: DevTools WebSocket Response: Input.dispatchKeyEvent (id=326) F04678564F21ED2B83F8A3B03BF6A49A {

}
[1643918777.498][DEBUG]: DevTools WebSocket Response: Input.dispatchKeyEvent (id=327) F04678564F21ED2B83F8A3B03BF6A49A {

}
[1643918777.499][DEBUG]: DevTools WebSocket Response: Input.dispatchKeyEvent (id=328) F04678564F21ED2B83F8A3B03BF6A49A {

}
[1643918777.499][DEBUG]: DevTools WebSocket Response: Input.dispatchKeyEvent (id=329) F04678564F21ED2B83F8A3B03BF6A49A {

}
[1643918777.506][DEBUG]: DevTools WebSocket Response: Input.dispatchKeyEvent (id=330) F04678564F21ED2B83F8A3B03BF6A49A {

}
[1643918777.506][DEBUG]: DevTools WebSocket Response: Input.dispatchKeyEvent (id=331) F04678564F21ED2B83F8A3B03BF6A49A {

}
[1643918777.507][DEBUG]: DevTools WebSocket Response: Input.dispatchKeyEvent (id=332) F04678564F21ED2B83F8A3B03BF6A49A {

}
[1643918777.510][DEBUG]: DevTools WebSocket Response: Input.dispatchKeyEvent (id=333) F04678564F21ED2B83F8A3B03BF6A49A {

}
[1643918777.510][DEBUG]: DevTools WebSocket Response: Input.dispatchKeyEvent (id=334) F04678564F21ED2B83F8A3B03BF6A49A {

}
[1643918777.512][DEBUG]: DevTools WebSocket Response: Input.dispatchKeyEvent (id=335) F04678564F21ED2B83F8A3B03BF6A49A {

}
[1643918777.515][DEBUG]: DevTools WebSocket Response: Input.dispatchKeyEvent (id=336) F04678564F21ED2B83F8A3B03BF6A49A {

}
[1643918777.515][DEBUG]: DevTools WebSocket Response: Input.dispatchKeyEvent (id=337) F04678564F21ED2B83F8A3B03BF6A49A {

}
[1643918777.516][DEBUG]: DevTools WebSocket Response: Input.dispatchKeyEvent (id=338) F04678564F21ED2B83F8A3B03BF6A49A {

}
[1643918777.521][DEBUG]: DevTools WebSocket Response: Input.dispatchKeyEvent (id=339) F04678564F21ED2B83F8A3B03BF6A49A {

}
[1643918777.521][DEBUG]: DevTools WebSocket Response: Input.dispatchKeyEvent (id=340) F04678564F21ED2B83F8A3B03BF6A49A {

}
[1643918777.527][DEBUG]: DevTools WebSocket Response: Input.dispatchKeyEvent (id=341) F04678564F21ED2B83F8A3B03BF6A49A {

}
[1643918777.540][DEBUG]: DevTools WebSocket Response: Input.dispatchKeyEvent (id=342) F04678564F21ED2B83F8A3B03BF6A49A {

}
[1643918777.541][DEBUG]: DevTools WebSocket Response: Input.dispatchKeyEvent (id=343) F04678564F21ED2B83F8A3B03BF6A49A {

}
[1643918777.544][DEBUG]: DevTools WebSocket Response: Input.dispatchKeyEvent (id=344) F04678564F21ED2B83F8A3B03BF6A49A {

}
[1643918777.548][DEBUG]: DevTools WebSocket Response: Input.dispatchKeyEvent (id=345) F04678564F21ED2B83F8A3B03BF6A49A {

}
[1643918777.548][DEBUG]: DevTools WebSocket Response: Input.dispatchKeyEvent (id=346) F04678564F21ED2B83F8A3B03BF6A49A {

}
[1643918777.549][DEBUG]: DevTools WebSocket Response: Input.dispatchKeyEvent (id=347) F04678564F21ED2B83F8A3B03BF6A49A {

}
[1643918777.596][DEBUG]: DevTools WebSocket Response: Input.dispatchKeyEvent (id=348) F04678564F21ED2B83F8A3B03BF6A49A {

}
[1643918777.596][DEBUG]: DevTools WebSocket Response: Input.dispatchKeyEvent (id=349) F04678564F21ED2B83F8A3B03BF6A49A {

}
[1643918777.598][DEBUG]: DevTools WebSocket Response: Input.dispatchKeyEvent (id=350) F04678564F21ED2B83F8A3B03BF6A49A {

}
[1643918777.603][DEBUG]: DevTools WebSocket Response: Input.dispatchKeyEvent (id=351) F04678564F21ED2B83F8A3B03BF6A49A {

}
[1643918777.604][DEBUG]: DevTools WebSocket Response: Input.dispatchKeyEvent (id=352) F04678564F21ED2B83F8A3B03BF6A49A {

}
[1643918777.604][INFO]: Waiting for pending navigations...
[1643918777.604][DEBUG]: DevTools WebSocket Command: Runtime.evaluate (id=353) F04678564F21ED2B83F8A3B03BF6A49A {
   "expression": "1"
}
[1643918777.663][DEBUG]: DevTools WebSocket Response: Runtime.evaluate (id=353) F04678564F21ED2B83F8A3B03BF6A49A {
   "result": {
      "description": "1",
      "type": "number",
      "value": 1
   }
}
[1643918777.663][INFO]: Done waiting for pending navigations. Status: ok
[1643918777.663][INFO]: [edca2231cae8720e2c64f44c6ba11a6c] RESPONSE TypeElement
[1643918777.672][INFO]: [edca2231cae8720e2c64f44c6ba11a6c] COMMAND FindElement {
   "using": "xpath",
   "value": "//*[text()='Войти']"
}
[1643918777.672][INFO]: Waiting for pending navigations...
[1643918777.672][DEBUG]: DevTools WebSocket Command: Runtime.evaluate (id=354) F04678564F21ED2B83F8A3B03BF6A49A {
   "expression": "1"
}
[1643918777.712][DEBUG]: DevTools WebSocket Response: Runtime.evaluate (id=354) F04678564F21ED2B83F8A3B03BF6A49A {
   "result": {
      "description": "1",
      "type": "number",
      "value": 1
   }
}
[1643918777.712][INFO]: Done waiting for pending navigations. Status: ok
[1643918777.713][DEBUG]: DevTools WebSocket Command: Runtime.evaluate (id=355) F04678564F21ED2B83F8A3B03BF6A49A {
   "awaitPromise": true,
   "contextId": 12,
   "expression": "(function() { // Copyright (c) 2012 The Chromium Authors. All rights reserved.\n// Use of this source code is governed by a BSD-style license that can be\n// found in the LICENSE file.\n\n/**\n * Enum f...",
   "returnByValue": true
}
[1643918777.737][DEBUG]: DevTools WebSocket Response: Runtime.evaluate (id=355) F04678564F21ED2B83F8A3B03BF6A49A {
   "result": {
      "type": "object",
      "value": {
         "status": 0,
         "value": {
            "element-6066-11e4-a52e-4f735466cecf": "cdd4fe4b-0ae8-4eb9-9ac6-99e72d57dcb8"
         }
      }
   }
}
[1643918777.737][INFO]: Waiting for pending navigations...
[1643918777.737][DEBUG]: DevTools WebSocket Command: Runtime.evaluate (id=356) F04678564F21ED2B83F8A3B03BF6A49A {
   "expression": "1"
}
[1643918777.745][DEBUG]: DevTools WebSocket Response: Runtime.evaluate (id=356) F04678564F21ED2B83F8A3B03BF6A49A {
   "result": {
      "description": "1",
      "type": "number",
      "value": 1
   }
}
[1643918777.745][INFO]: Done waiting for pending navigations. Status: ok
[1643918777.745][INFO]: [edca2231cae8720e2c64f44c6ba11a6c] RESPONSE FindElement {
   "element-6066-11e4-a52e-4f735466cecf": "cdd4fe4b-0ae8-4eb9-9ac6-99e72d57dcb8"
}
[1643918777.751][INFO]: [edca2231cae8720e2c64f44c6ba11a6c] COMMAND ClickElement {
   "id": "cdd4fe4b-0ae8-4eb9-9ac6-99e72d57dcb8"
}
[1643918777.751][INFO]: Waiting for pending navigations...
[1643918777.751][DEBUG]: DevTools WebSocket Command: Runtime.evaluate (id=357) F04678564F21ED2B83F8A3B03BF6A49A {
   "expression": "1"
}
[1643918777.755][DEBUG]: DevTools WebSocket Response: Runtime.evaluate (id=357) F04678564F21ED2B83F8A3B03BF6A49A {
   "result": {
      "description": "1",
      "type": "number",
      "value": 1
   }
}
[1643918777.756][INFO]: Done waiting for pending navigations. Status: ok
[1643918777.756][DEBUG]: DevTools WebSocket Command: Runtime.evaluate (id=358) F04678564F21ED2B83F8A3B03BF6A49A {
   "awaitPromise": true,
   "contextId": 12,
   "expression": "(function() { // Copyright (c) 2012 The Chromium Authors. All rights reserved.\n// Use of this source code is governed by a BSD-style license that can be\n// found in the LICENSE file.\n\n/**\n * Enum f...",
   "returnByValue": true
}
[1643918777.759][DEBUG]: DevTools WebSocket Response: Runtime.evaluate (id=358) F04678564F21ED2B83F8A3B03BF6A49A {
   "result": {
      "type": "object",
      "value": {
         "status": 0,
         "value": "span"
      }
   }
}
[1643918777.760][DEBUG]: DevTools WebSocket Command: Runtime.evaluate (id=359) F04678564F21ED2B83F8A3B03BF6A49A {
   "awaitPromise": true,
   "contextId": 12,
   "expression": "(function() { // Copyright (c) 2012 The Chromium Authors. All rights reserved.\n// Use of this source code is governed by a BSD-style license that can be\n// found in the LICENSE file.\n\n/**\n * Enum f...",
   "returnByValue": true
}
[1643918777.766][DEBUG]: DevTools WebSocket Response: Runtime.evaluate (id=359) F04678564F21ED2B83F8A3B03BF6A49A {
   "result": {
      "type": "object",
      "value": {
         "status": 0,
         "value": "span"
      }
   }
}
[1643918777.768][DEBUG]: DevTools WebSocket Command: Runtime.evaluate (id=360) F04678564F21ED2B83F8A3B03BF6A49A {
   "awaitPromise": true,
   "contextId": 12,
   "expression": "(function() { // Copyright (c) 2012 The Chromium Authors. All rights reserved.\n// Use of this source code is governed by a BSD-style license that can be\n// found in the LICENSE file.\n\n/**\n * Enum f...",
   "returnByValue": true
}
[1643918777.816][DEBUG]: DevTools WebSocket Response: Runtime.evaluate (id=360) F04678564F21ED2B83F8A3B03BF6A49A {
   "result": {
      "type": "object",
      "value": {
         "status": 0,
         "value": true
      }
   }
}
[1643918777.817][DEBUG]: DevTools WebSocket Command: Runtime.evaluate (id=361) F04678564F21ED2B83F8A3B03BF6A49A {
   "awaitPromise": true,
   "contextId": 12,
   "expression": "(function() { // Copyright (c) 2012 The Chromium Authors. All rights reserved.\n// Use of this source code is governed by a BSD-style license that can be\n// found in the LICENSE file.\n\n/**\n * Enum f...",
   "returnByValue": true
}
[1643918777.829][DEBUG]: DevTools WebSocket Response: Runtime.evaluate (id=361) F04678564F21ED2B83F8A3B03BF6A49A {
   "result": {
      "type": "object",
      "value": {
         "status": 0,
         "value": {
            "height": 40,
            "left": 0,
            "top": 0,
            "width": 320
         }
      }
   }
}
[1643918777.830][DEBUG]: DevTools WebSocket Command: Runtime.evaluate (id=362) F04678564F21ED2B83F8A3B03BF6A49A {
   "awaitPromise": true,
   "contextId": 12,
   "expression": "(function() { // Copyright (c) 2012 The Chromium Authors. All rights reserved.\n// Use of this source code is governed by a BSD-style license that can be\n// found in the LICENSE file.\n\n/**\n * Enum f...",
   "returnByValue": true
}
[1643918777.840][DEBUG]: DevTools WebSocket Response: Runtime.evaluate (id=362) F04678564F21ED2B83F8A3B03BF6A49A {
   "result": {
      "type": "object",
      "value": {
         "status": 0,
         "value": {
            "ceil": {

            },
            "clone": {

            },
            "floor": {

            },
            "round": {

            },
            "scale": {

            },
            "translate": {

            },
            "x": 310,
            "y": 468
         }
      }
   }
}
[1643918777.842][DEBUG]: DevTools WebSocket Command: Runtime.evaluate (id=363) F04678564F21ED2B83F8A3B03BF6A49A {
   "awaitPromise": true,
   "contextId": 12,
   "expression": "(function() { // Copyright (c) 2012 The Chromium Authors. All rights reserved.\n// Use of this source code is governed by a BSD-style license that can be\n// found in the LICENSE file.\n\n/**\n * Enum f...",
   "returnByValue": true
}
[1643918777.848][DEBUG]: DevTools WebSocket Response: Runtime.evaluate (id=363) F04678564F21ED2B83F8A3B03BF6A49A {
   "result": {
      "type": "object",
      "value": {
         "status": 0,
         "value": {
            "clickable": true
         }
      }
   }
}
[1643918777.849][DEBUG]: DevTools WebSocket Command: Runtime.evaluate (id=364) F04678564F21ED2B83F8A3B03BF6A49A {
   "awaitPromise": true,
   "expression": "(function() { // Copyright (c) 2012 The Chromium Authors. All rights reserved.\n// Use of this source code is governed by a BSD-style license that can be\n// found in the LICENSE file.\n\n/**\n * Enum f...",
   "returnByValue": true
}
[1643918777.859][DEBUG]: DevTools WebSocket Response: Runtime.evaluate (id=364) F04678564F21ED2B83F8A3B03BF6A49A {
   "result": {
      "type": "object",
      "value": {
         "status": 0,
         "value": {
            "element-6066-11e4-a52e-4f735466cecf": "bba3291e-70e4-482b-852d-1df6135cbd7d"
         }
      }
   }
}
[1643918777.860][DEBUG]: DevTools WebSocket Command: Runtime.evaluate (id=365) F04678564F21ED2B83F8A3B03BF6A49A {
   "awaitPromise": true,
   "expression": "(function() { // Copyright (c) 2012 The Chromium Authors. All rights reserved.\n// Use of this source code is governed by a BSD-style license that can be\n// found in the LICENSE file.\n\n/**\n * Enum f...",
   "returnByValue": true
}
[1643918777.920][DEBUG]: DevTools WebSocket Response: Runtime.evaluate (id=365) F04678564F21ED2B83F8A3B03BF6A49A {
   "result": {
      "type": "object",
      "value": {
         "status": 0,
         "value": "0px"
      }
   }
}
[1643918777.922][DEBUG]: DevTools WebSocket Command: Runtime.evaluate (id=366) F04678564F21ED2B83F8A3B03BF6A49A {
   "awaitPromise": true,
   "expression": "(function() { // Copyright (c) 2012 The Chromium Authors. All rights reserved.\n// Use of this source code is governed by a BSD-style license that can be\n// found in the LICENSE file.\n\n/**\n * Enum f...",
   "returnByValue": true
}
[1643918777.930][DEBUG]: DevTools WebSocket Response: Runtime.evaluate (id=366) F04678564F21ED2B83F8A3B03BF6A49A {
   "result": {
      "type": "object",
      "value": {
         "status": 0,
         "value": "0px"
      }
   }
}
[1643918777.931][DEBUG]: DevTools WebSocket Command: Runtime.evaluate (id=367) F04678564F21ED2B83F8A3B03BF6A49A {
   "awaitPromise": true,
   "expression": "(function() { // Copyright (c) 2012 The Chromium Authors. All rights reserved.\n// Use of this source code is governed by a BSD-style license that can be\n// found in the LICENSE file.\n\n/**\n * Enum f...",
   "returnByValue": true
}
[1643918777.939][DEBUG]: DevTools WebSocket Response: Runtime.evaluate (id=367) F04678564F21ED2B83F8A3B03BF6A49A {
   "result": {
      "type": "object",
      "value": {
         "status": 0,
         "value": "0px"
      }
   }
}
[1643918777.940][DEBUG]: DevTools WebSocket Command: Runtime.evaluate (id=368) F04678564F21ED2B83F8A3B03BF6A49A {
   "awaitPromise": true,
   "expression": "(function() { // Copyright (c) 2012 The Chromium Authors. All rights reserved.\n// Use of this source code is governed by a BSD-style license that can be\n// found in the LICENSE file.\n\n/**\n * Enum f...",
   "returnByValue": true
}
[1643918777.996][DEBUG]: DevTools WebSocket Response: Runtime.evaluate (id=368) F04678564F21ED2B83F8A3B03BF6A49A {
   "result": {
      "type": "object",
      "value": {
         "status": 0,
         "value": "0px"
      }
   }
}
[1643918777.997][DEBUG]: DevTools WebSocket Command: Runtime.evaluate (id=369) F04678564F21ED2B83F8A3B03BF6A49A {
   "awaitPromise": true,
   "expression": "(function() { // Copyright (c) 2012 The Chromium Authors. All rights reserved.\n// Use of this source code is governed by a BSD-style license that can be\n// found in the LICENSE file.\n\n/**\n * Enum f...",
   "returnByValue": true
}
[1643918778.007][DEBUG]: DevTools WebSocket Response: Runtime.evaluate (id=369) F04678564F21ED2B83F8A3B03BF6A49A {
   "result": {
      "type": "object",
      "value": {
         "status": 0,
         "value": {
            "ceil": {

            },
            "clone": {

            },
            "floor": {

            },
            "round": {

            },
            "scale": {

            },
            "translate": {

            },
            "x": 310,
            "y": 468
         }
      }
   }
}
[1643918778.008][DEBUG]: DevTools WebSocket Command: Runtime.evaluate (id=370) F04678564F21ED2B83F8A3B03BF6A49A {
   "awaitPromise": true,
   "expression": "(function() { // Copyright (c) 2012 The Chromium Authors. All rights reserved.\n// Use of this source code is governed by a BSD-style license that can be\n// found in the LICENSE file.\n\n/**\n * Enum f...",
   "returnByValue": true
}
[1643918778.013][DEBUG]: DevTools WebSocket Response: Runtime.evaluate (id=370) F04678564F21ED2B83F8A3B03BF6A49A {
   "result": {
      "type": "object",
      "value": {
         "status": 0,
         "value": {
            "clickable": true
         }
      }
   }
}
[1643918778.014][DEBUG]: DevTools WebSocket Command: Input.dispatchMouseEvent (id=371) F04678564F21ED2B83F8A3B03BF6A49A {
   "button": "none",
   "buttons": 0,
   "clickCount": 0,
   "force": 0.0,
   "modifiers": 0,
   "pointerType": "mouse",
   "tangentialPressure": 0.0,
   "tiltX": 0,
   "tiltY": 0,
   "twist": 0,
   "type": "mouseMoved",
   "x": 470,
   "y": 488
}
[1643918778.014][DEBUG]: DevTools WebSocket Command: Input.dispatchMouseEvent (id=372) F04678564F21ED2B83F8A3B03BF6A49A {
   "button": "left",
   "buttons": 0,
   "clickCount": 1,
   "force": 0.0,
   "modifiers": 0,
   "pointerType": "mouse",
   "tangentialPressure": 0.0,
   "tiltX": 0,
   "tiltY": 0,
   "twist": 0,
   "type": "mousePressed",
   "x": 470,
   "y": 488
}
[1643918778.015][DEBUG]: DevTools WebSocket Command: Input.dispatchMouseEvent (id=373) F04678564F21ED2B83F8A3B03BF6A49A {
   "button": "left",
   "buttons": 1,
   "clickCount": 1,
   "force": 0.0,
   "modifiers": 0,
   "pointerType": "mouse",
   "tangentialPressure": 0.0,
   "tiltX": 0,
   "tiltY": 0,
   "twist": 0,
   "type": "mouseReleased",
   "x": 470,
   "y": 488
}
[1643918778.019][DEBUG]: DevTools WebSocket Response: Input.dispatchMouseEvent (id=371) F04678564F21ED2B83F8A3B03BF6A49A {

}
[1643918778.032][DEBUG]: DevTools WebSocket Response: Input.dispatchMouseEvent (id=372) F04678564F21ED2B83F8A3B03BF6A49A {

}
[1643918778.081][DEBUG]: DevTools WebSocket Response: Input.dispatchMouseEvent (id=373) F04678564F21ED2B83F8A3B03BF6A49A {

}
[1643918778.081][INFO]: Waiting for pending navigations...
[1643918778.082][DEBUG]: DevTools WebSocket Command: Runtime.evaluate (id=374) F04678564F21ED2B83F8A3B03BF6A49A {
   "expression": "1"
}
[1643918778.097][DEBUG]: DevTools WebSocket Response: Runtime.evaluate (id=374) F04678564F21ED2B83F8A3B03BF6A49A {
   "result": {
      "description": "1",
      "type": "number",
      "value": 1
   }
}
[1643918778.097][INFO]: Done waiting for pending navigations. Status: ok
[1643918778.097][INFO]: [edca2231cae8720e2c64f44c6ba11a6c] RESPONSE ClickElement
[1643918778.105][INFO]: [edca2231cae8720e2c64f44c6ba11a6c] COMMAND GetWindows {

}
[1643918778.105][DEBUG]: DevTools HTTP Request: http://localhost:56370/json/list
[1643918778.112][DEBUG]: DevTools HTTP Response: [ {
   "description": "",
   "devtoolsFrontendUrl": "/devtools/inspector.html?ws=localhost:56370/devtools/page/FA4EFB36F17AB2A915AFF96FAA35A668",
   "faviconUrl": "https://www.rambler.ru/favicon/favicon-32x32.png",
   "id": "FA4EFB36F17AB2A915AFF96FAA35A668",
   "parentId": "F04678564F21ED2B83F8A3B03BF6A49A",
   "title": "https://eaea91cae776059ca52e3775bce47ff6.safeframe.googlesyndication.com/safeframe/1-0-38/html/container.html",
   "type": "iframe",
   "url": "https://eaea91cae776059ca52e3775bce47ff6.safeframe.googlesyndication.com/safeframe/1-0-38/html/container.html",
   "webSocketDebuggerUrl": "ws://localhost:56370/devtools/page/FA4EFB36F17AB2A915AFF96FAA35A668"
}, {
   "description": "",
   "devtoolsFrontendUrl": "/devtools/inspector.html?ws=localhost:56370/devtools/page/F04678564F21ED2B83F8A3B03BF6A49A",
   "faviconUrl": "https://www.rambler.ru/favicon/favicon-32x32.png",
   "id": "F04678564F21ED2B83F8A3B03BF6A49A",
   "title": "Рамблер/новости, почта и поиск — медийный портал: новости России и мира, электронная почта, погода, развлекательные и коммуникационные сервисы. Новости сегодня и сейчас",
   "type": "page",
   "url": "https://www.rambler.ru/",
   "webSocketDebuggerUrl": "ws://localhost:56370/devtools/page/F04678564F21ED2B83F8A3B03BF6A49A"
}, {
   "description": "",
   "devtoolsFrontendUrl": "/devtools/inspector.html?ws=localhost:56370/devtools/page/9D347EC619C38B72199CAD9AAD4E364D",
   "faviconUrl": "https://www.rambler.ru/favicon/favicon-32x32.png",
   "id": "9D347EC619C38B72199CAD9AAD4E364D",
   "parentId": "F04678564F21ED2B83F8A3B03BF6A49A",
   "title": "https://dsp-rambler.ru/imp/631292055/?url=o0nLaHPZQ1EJEjMbfmmcs7Rdq1Luvl5Y0KZeCnkV0radZAyr6MG7q-UCgync9I6YMaeKP4Deg3UdvrrL1RUWCuFYylibicIg1E9ZLKLu5z8isao34WVvKBcWRQmCszMJ4Dc3VXhh2wg9lpCzmaywKRk-c4FBykilaSt3-cZhESIHQ3SU3ZIm3IIC*lwWGuSRMQP7KJSB5oTivZ3JOerZPk0uAmR63d8c5T9ZIFAPpOc1HrbA807tHcnRpsEP1yptbK8mAYVojPDswSH7st*mSpyCSLIQBgMyAqChi8oIQr5GScbyTWksOV2aPPTKMjbXBidsc5NhlY3GLvJuqO8qJi2mx*wV8ye7Uv6vzzzV5nooEB2U3j-tvjtCkhiDt-nvR8R7uUEAl8tL1qaw7YwP*QTvsBdLJHdi6f*zAEt8gpRqQiHDw*KGPxtOBr8oKAzD0ICvbJyoSjKThP3mxermGONqLm7alv5lv20cwB20lNW7GtcM32DYAKezJ3OzFSLwJFoeV1cil49WyTCFeIHQ8PBb05BcQ9eLbJEOnjZlfVY0aguRsc84VZ3rsJGgUSsLMNaaAQx4Y8nXW7kLIaDGIUEHS3nbF4w3gh7K-tcHp1XcnKLDLggceUe2Astev--Zl23gmU7sNLPZ1OGoxK8JbzOEPCNrRe3UrvhC1mHEx74SeXoB0wbHLD3-vu8-3Lb5mXr9kS5-vDqN61cYsatAs9jJ2bpI-SvwVOybEqt367exYHLikuPVEoFIVVzXiaDfzrgeJyKhBN*3XmKo5U8Uf-PdHSO4pKdflHYfAX9ytaoy7FlhzEefcdgFza5W38OK35Yuser8qe8UWufiRMfERLlOvyFz0vdydX64ux4d-YeApKAHuZpfJ-j1BcNsLie-*vu8TLnxo1dW7cn00dzhVG8dLeGysWWjp6Rr4Hw-SUcDVOjQAcojzsdxBebc2c7HKYm1*fF5NlI8vfUSxsK7AMF9-jWe4c2yejKcjjblcrpQ1WbLFRNJtLiYKwH9ny12cTqvX65QyRjWKFEEWxBik6NImDnz3PyLRBAGcBzmT*HEiD2VN7*4IemK6tC9XmiYsOqPvcg49oN5X2jFpGcPOytIL68xDHzxi1HO5elrcNe7CKv9QIVvamGLci39Kypc7dJgXVliFykebLlwhWcGpQ-hfamZD63FrtEVw8maKLeJqBh2WYKvFj4iIK1ANY-6sTUnGcL5ZR87bymZYAmMK-6e4U*NKzd37GN0fQ49uaRR8c8Dw-Vbr3E4Fg71fMrvFWlfwQ5q5Wikhlm-S-HRYvNK79uN1GkHTdL7*NQekpp0piQbko0sAisOSORGj92v-TOO5DvIhKOrXYYhroG1bSRb0jiT0*NDMBMVVOCW5ShWNvguEmuwGqJ*54-F4DbjidCXpDnhIoU8cUVZ*ZMCJeZhwfqIDxUcWDZiDRnQyBfcZEetkYpdPOsGvVJm8pMQcOV-LRD4Sre-xi6Eoh44gC0GD8saEv8lSC9z-ernKSPFUf2Ag6ayRGo*HgDThod-v5swmMEtbrK*88UKuxpbfQGY6f2ad5EMNOW849XXiC7*iY9mVEsW0aRA1lje6NXQHB9ylCXpSmlZm*bH9xNWL4EftRaNk5i17QeK-mp7y6fuIGK10yQ0dd908WUdd2ZiLbgr4Et*NgdUZshfGECEAsO199HU-bwamK-eo8jRxft6KtvuLLaDC7G4w4T5HXj4yW5aBOeoIUB2iOd69fAVMTLyMO85NtxIkAkMB9zWjZoAHwjvjCtj8W54EOJ2w4-5l8PTmHin5yTc3D6WG9N4SF0b7skrMBRRMD14JwY8Ojlrj3Tr14zTtACcPJWsYSCVbDeOHDh*2AX8GIGVnVn7YJQLephxabGRb-29*k*kuQACAAAAuty8CgAAAAA&amp;rclid=e6f5f27b47e3c810&amp;cost=202.21862&amp;tp=",
   "type": "iframe",
   "url": "https://dsp-rambler.ru/imp/631292055/?url=o0nLaHPZQ1EJEjMbfmmcs7Rdq1Luvl5Y0KZeCnkV0radZAyr6MG7q-UCgync9I6YMaeKP4Deg3UdvrrL1RUWCuFYylibicIg1E9ZLKLu5z8isao34WVvKBcWRQmCszMJ4Dc3VXhh2wg9lpCzmaywKRk-c4FBykilaSt3-cZhESIHQ3SU3ZIm3IIC*lwWGuSRMQP7KJSB5oTivZ3JOerZPk0uAmR63d8c5T9ZIFAPpOc1HrbA807tHcnRpsEP1yptbK8mAYVojPDswSH7st*mSpyCSLIQBgMyAqChi8oIQr5GScbyTWksOV2aPPTKMjbXBidsc5NhlY3GLvJuqO8qJi2mx*wV8ye7Uv6vzzzV5nooEB2U3j-tvjtCkhiDt-nvR8R7uUEAl8tL1qaw7YwP*QTvsBdLJHdi6f*zAEt8gpRqQiHDw*KGPxtOBr8oKAzD0ICvbJyoSjKThP3mxermGONqLm7alv5lv20cwB20lNW7GtcM32DYAKezJ3OzFSLwJFoeV1cil49WyTCFeIHQ8PBb05BcQ9eLbJEOnjZlfVY0aguRsc84VZ3rsJGgUSsLMNaaAQx4Y8nXW7kLIaDGIUEHS3nbF4w3gh7K-tcHp1XcnKLDLggceUe2Astev--Zl23gmU7sNLPZ1OGoxK8JbzOEPCNrRe3UrvhC1mHEx74SeXoB0wbHLD3-vu8-3Lb5mXr9kS5-vDqN61cYsatAs9jJ2bpI-SvwVOybEqt367exYHLikuPVEoFIVVzXiaDfzrgeJyKhBN*3XmKo5U8Uf-PdHSO4pKdflHYfAX9ytaoy7FlhzEefcdgFza5W38OK35Yuser8qe8UWufiRMfERLlOvyFz0vdydX64ux4d-YeApKAHuZpfJ-j1BcNsLie-*vu8TLnxo1dW7cn00dzhVG8dLeGysWWjp6Rr4Hw-SUcDVOjQAcojzsdxBebc2c7HKYm1*fF5NlI8vfUSxsK7AMF9-jWe4c2yejKcjjblcrpQ1WbLFRNJtLiYKwH9ny12cTqvX65QyRjWKFEEWxBik6NImDnz3PyLRBAGcBzmT*HEiD2VN7*4IemK6tC9XmiYsOqPvcg49oN5X2jFpGcPOytIL68xDHzxi1HO5elrcNe7CKv9QIVvamGLci39Kypc7dJgXVliFykebLlwhWcGpQ-hfamZD63FrtEVw8maKLeJqBh2WYKvFj4iIK1ANY-6sTUnGcL5ZR87bymZYAmMK-6e4U*NKzd37GN0fQ49uaRR8c8Dw-Vbr3E4Fg71fMrvFWlfwQ5q5Wikhlm-S-HRYvNK79uN1GkHTdL7*NQekpp0piQbko0sAisOSORGj92v-TOO5DvIhKOrXYYhroG1bSRb0jiT0*NDMBMVVOCW5ShWNvguEmuwGqJ*54-F4DbjidCXpDnhIoU8cUVZ*ZMCJeZhwfqIDxUcWDZiDRnQyBfcZEetkYpdPOsGvVJm8pMQcOV-LRD4Sre-xi6Eoh44gC0GD8saEv8lSC9z-ernKSPFUf2Ag6ayRGo*HgDThod-v5swmMEtbrK*88UKuxpbfQGY6f2ad5EMNOW849XXiC7*iY9mVEsW0aRA1lje6NXQHB9ylCXpSmlZm*bH9xNWL4EftRaNk5i17QeK-mp7y6fuIGK10yQ0dd908WUdd2ZiLbgr4Et*NgdUZshfGECEAsO199HU-bwamK-eo8jRxft6KtvuLLaDC7G4w4T5HXj4yW5aBOeoIUB2iOd69fAVMTLyMO85NtxIkAkMB9zWjZoAHwjvjCtj8W54EOJ2w4-5l8PTmHin5yTc3D6WG9N4SF0b7skrMBRRMD14JwY8Ojlrj3Tr14zTtACcPJWsYSCVbDeOHDh*2AX8GIGVnVn7YJQLephxabGRb-29*k*kuQACAAAAuty8CgAAAAA&rclid=e6f5f27b47e3c810&cost=202.21862&tp=",
   "webSocketDebuggerUrl": "ws://localhost:56370/devtools/page/9D347EC619C38B72199CAD9AAD4E364D"
}, {
   "description": "",
   "devtoolsFrontendUrl": "/devtools/inspector.html?ws=localhost:56370/devtools/page/F3EC318757F0505B82DA5C0D952E8103",
   "faviconUrl": "https://www.rambler.ru/favicon/favicon-32x32.png",
   "id": "F3EC318757F0505B82DA5C0D952E8103",
   "parentId": "F04678564F21ED2B83F8A3B03BF6A49A",
   "title": "https://ls.hit.gemius.pl/lsget.html",
   "type": "iframe",
   "url": "https://ls.hit.gemius.pl/lsget.html",
   "webSocketDebuggerUrl": "ws://localhost:56370/devtools/page/F3EC318757F0505B82DA5C0D952E8103"
}, {
   "description": "",
   "devtoolsFrontendUrl": "/devtools/inspector.html?ws=localhost:56370/devtools/page/F12C4BC97898CCF901558D785730F1A2",
   "faviconUrl": "https://www.rambler.ru/favicon/favicon-32x32.png",
   "id": "F12C4BC97898CCF901558D785730F1A2",
   "parentId": "F04678564F21ED2B83F8A3B03BF6A49A",
   "title": "https://www.google.com/recaptcha/api2/anchor?ar=1&amp;k=6LdZq68UAAAAAI-DGymMPzpPNJNjiJQu9pw5wi7m&amp;co=aHR0cHM6Ly9pZC5yYW1ibGVyLnJ1OjQ0Mw..&amp;hl=en&amp;v=dPctOHA2ifhWm5WzFM_B5TjT&amp;size=invisible&amp;cb=pvcbzn5vwb9s",
   "type": "iframe",
   "url": "https://www.google.com/recaptcha/api2/anchor?ar=1&k=6LdZq68UAAAAAI-DGymMPzpPNJNjiJQu9pw5wi7m&co=aHR0cHM6Ly9pZC5yYW1ibGVyLnJ1OjQ0Mw..&hl=en&v=dPctOHA2ifhWm5WzFM_B5TjT&size=invisible&cb=pvcbzn5vwb9s",
   "webSocketDebuggerUrl": "ws://localhost:56370/devtools/page/F12C4BC97898CCF901558D785730F1A2"
}, {
   "description": "",
   "devtoolsFrontendUrl": "/devtools/inspector.html?ws=localhost:56370/devtools/page/C32AA4A4F2BA2890C9C7625444AA276F",
   "faviconUrl": "https://www.rambler.ru/favicon/favicon-32x32.png",
   "id": "C32AA4A4F2BA2890C9C7625444AA276F",
   "parentId": "F04678564F21ED2B83F8A3B03BF6A49A",
   "title": "https://www.google.com/recaptcha/api2/aframe",
   "type": "iframe",
   "url": "https://www.google.com/recaptcha/api2/aframe",
   "webSocketDebuggerUrl": "ws://localhost:56370/devtools/page/C32AA4A4F2BA2890C9C7625444AA276F"
}, {
   "description": "",
   "devtoolsFrontendUrl": "/devtools/inspector.html?ws=localhost:56370/devtools/page/6344B34A9CC8670D7F832C0D4B615D44",
   "faviconUrl": "https://www.rambler.ru/favicon/favicon-32x32.png",
   "id": "6344B34A9CC8670D7F832C0D4B615D44",
   "parentId": "F04678564F21ED2B83F8A3B03BF6A49A",
   "title": "https://13ab988306a97e83b928c4dac4459b8c.safeframe.googlesyndication.com/safeframe/1-0-38/html/container.html?n=1",
   "type": "iframe",
   "url": "https://13ab988306a97e83b928c4dac4459b8c.safeframe.googlesyndication.com/safeframe/1-0-38/html/container.html?n=1",
   "webSocketDebuggerUrl": "ws://localhost:56370/devtools/page/6344B34A9CC8670D7F832C0D4B615D44"
}, {
   "description": "",
   "devtoolsFrontendUrl": "/devtools/inspector.html?ws=localhost:56370/devtools/page/F484F499216FC8B8CE60AFF6B193B869",
   "faviconUrl": "https://www.rambler.ru/favicon/favicon-32x32.png",
   "id": "F484F499216FC8B8CE60AFF6B193B869",
   "parentId": "F04678564F21ED2B83F8A3B03BF6A49A",
   "title": "https://www.google.com/recaptcha/api2/aframe",
   "type": "iframe",
   "url": "https://www.google.com/recaptcha/api2/aframe",
   "webSocketDebuggerUrl": "ws://localhost:56370/devtools/page/F484F499216FC8B8CE60AFF6B193B869"
}, {
   "description": "",
   "devtoolsFrontendUrl": "/devtools/inspector.html?ws=localhost:56370/devtools/page/BB7003F7C30F7AB4C83A616F9A4D46BC",
   "id": "BB7003F7C30F7AB4C83A616F9A4D46BC",
   "title": "Service Worker https://www.rambler.ru/sw-desktop.js",
   "type": "service_worker",
   "url": "https://www.rambler.ru/sw-desktop.js",
   "webSocketDebuggerUrl": "ws://localhost:56370/devtools/page/BB7003F7C30F7AB4C83A616F9A4D46BC"
} ]

[1643918778.112][INFO]: [edca2231cae8720e2c64f44c6ba11a6c] RESPONSE GetWindows [ "CDwindow-F04678564F21ED2B83F8A3B03BF6A49A" ]
[1643918778.249][INFO]: [edca2231cae8720e2c64f44c6ba11a6c] COMMAND SwitchToWindow {
   "handle": "CDwindow-F04678564F21ED2B83F8A3B03BF6A49A"
}
[1643918778.249][DEBUG]: DevTools HTTP Request: http://localhost:56370/json/list
[1643918778.264][DEBUG]: DevTools HTTP Response: [ {
   "description": "",
   "devtoolsFrontendUrl": "/devtools/inspector.html?ws=localhost:56370/devtools/page/FA4EFB36F17AB2A915AFF96FAA35A668",
   "faviconUrl": "https://www.rambler.ru/favicon/favicon-32x32.png",
   "id": "FA4EFB36F17AB2A915AFF96FAA35A668",
   "parentId": "F04678564F21ED2B83F8A3B03BF6A49A",
   "title": "https://eaea91cae776059ca52e3775bce47ff6.safeframe.googlesyndication.com/safeframe/1-0-38/html/container.html",
   "type": "iframe",
   "url": "https://eaea91cae776059ca52e3775bce47ff6.safeframe.googlesyndication.com/safeframe/1-0-38/html/container.html",
   "webSocketDebuggerUrl": "ws://localhost:56370/devtools/page/FA4EFB36F17AB2A915AFF96FAA35A668"
}, {
   "description": "",
   "devtoolsFrontendUrl": "/devtools/inspector.html?ws=localhost:56370/devtools/page/F04678564F21ED2B83F8A3B03BF6A49A",
   "faviconUrl": "https://www.rambler.ru/favicon/favicon-32x32.png",
   "id": "F04678564F21ED2B83F8A3B03BF6A49A",
   "title": "Рамблер/новости, почта и поиск — медийный портал: новости России и мира, электронная почта, погода, развлекательные и коммуникационные сервисы. Новости сегодня и сейчас",
   "type": "page",
   "url": "https://www.rambler.ru/",
   "webSocketDebuggerUrl": "ws://localhost:56370/devtools/page/F04678564F21ED2B83F8A3B03BF6A49A"
}, {
   "description": "",
   "devtoolsFrontendUrl": "/devtools/inspector.html?ws=localhost:56370/devtools/page/9D347EC619C38B72199CAD9AAD4E364D",
   "faviconUrl": "https://www.rambler.ru/favicon/favicon-32x32.png",
   "id": "9D347EC619C38B72199CAD9AAD4E364D",
   "parentId": "F04678564F21ED2B83F8A3B03BF6A49A",
   "title": "https://dsp-rambler.ru/imp/631292055/?url=o0nLaHPZQ1EJEjMbfmmcs7Rdq1Luvl5Y0KZeCnkV0radZAyr6MG7q-UCgync9I6YMaeKP4Deg3UdvrrL1RUWCuFYylibicIg1E9ZLKLu5z8isao34WVvKBcWRQmCszMJ4Dc3VXhh2wg9lpCzmaywKRk-c4FBykilaSt3-cZhESIHQ3SU3ZIm3IIC*lwWGuSRMQP7KJSB5oTivZ3JOerZPk0uAmR63d8c5T9ZIFAPpOc1HrbA807tHcnRpsEP1yptbK8mAYVojPDswSH7st*mSpyCSLIQBgMyAqChi8oIQr5GScbyTWksOV2aPPTKMjbXBidsc5NhlY3GLvJuqO8qJi2mx*wV8ye7Uv6vzzzV5nooEB2U3j-tvjtCkhiDt-nvR8R7uUEAl8tL1qaw7YwP*QTvsBdLJHdi6f*zAEt8gpRqQiHDw*KGPxtOBr8oKAzD0ICvbJyoSjKThP3mxermGONqLm7alv5lv20cwB20lNW7GtcM32DYAKezJ3OzFSLwJFoeV1cil49WyTCFeIHQ8PBb05BcQ9eLbJEOnjZlfVY0aguRsc84VZ3rsJGgUSsLMNaaAQx4Y8nXW7kLIaDGIUEHS3nbF4w3gh7K-tcHp1XcnKLDLggceUe2Astev--Zl23gmU7sNLPZ1OGoxK8JbzOEPCNrRe3UrvhC1mHEx74SeXoB0wbHLD3-vu8-3Lb5mXr9kS5-vDqN61cYsatAs9jJ2bpI-SvwVOybEqt367exYHLikuPVEoFIVVzXiaDfzrgeJyKhBN*3XmKo5U8Uf-PdHSO4pKdflHYfAX9ytaoy7FlhzEefcdgFza5W38OK35Yuser8qe8UWufiRMfERLlOvyFz0vdydX64ux4d-YeApKAHuZpfJ-j1BcNsLie-*vu8TLnxo1dW7cn00dzhVG8dLeGysWWjp6Rr4Hw-SUcDVOjQAcojzsdxBebc2c7HKYm1*fF5NlI8vfUSxsK7AMF9-jWe4c2yejKcjjblcrpQ1WbLFRNJtLiYKwH9ny12cTqvX65QyRjWKFEEWxBik6NImDnz3PyLRBAGcBzmT*HEiD2VN7*4IemK6tC9XmiYsOqPvcg49oN5X2jFpGcPOytIL68xDHzxi1HO5elrcNe7CKv9QIVvamGLci39Kypc7dJgXVliFykebLlwhWcGpQ-hfamZD63FrtEVw8maKLeJqBh2WYKvFj4iIK1ANY-6sTUnGcL5ZR87bymZYAmMK-6e4U*NKzd37GN0fQ49uaRR8c8Dw-Vbr3E4Fg71fMrvFWlfwQ5q5Wikhlm-S-HRYvNK79uN1GkHTdL7*NQekpp0piQbko0sAisOSORGj92v-TOO5DvIhKOrXYYhroG1bSRb0jiT0*NDMBMVVOCW5ShWNvguEmuwGqJ*54-F4DbjidCXpDnhIoU8cUVZ*ZMCJeZhwfqIDxUcWDZiDRnQyBfcZEetkYpdPOsGvVJm8pMQcOV-LRD4Sre-xi6Eoh44gC0GD8saEv8lSC9z-ernKSPFUf2Ag6ayRGo*HgDThod-v5swmMEtbrK*88UKuxpbfQGY6f2ad5EMNOW849XXiC7*iY9mVEsW0aRA1lje6NXQHB9ylCXpSmlZm*bH9xNWL4EftRaNk5i17QeK-mp7y6fuIGK10yQ0dd908WUdd2ZiLbgr4Et*NgdUZshfGECEAsO199HU-bwamK-eo8jRxft6KtvuLLaDC7G4w4T5HXj4yW5aBOeoIUB2iOd69fAVMTLyMO85NtxIkAkMB9zWjZoAHwjvjCtj8W54EOJ2w4-5l8PTmHin5yTc3D6WG9N4SF0b7skrMBRRMD14JwY8Ojlrj3Tr14zTtACcPJWsYSCVbDeOHDh*2AX8GIGVnVn7YJQLephxabGRb-29*k*kuQACAAAAuty8CgAAAAA&amp;rclid=e6f5f27b47e3c810&amp;cost=202.21862&amp;tp=",
   "type": "iframe",
   "url": "https://dsp-rambler.ru/imp/631292055/?url=o0nLaHPZQ1EJEjMbfmmcs7Rdq1Luvl5Y0KZeCnkV0radZAyr6MG7q-UCgync9I6YMaeKP4Deg3UdvrrL1RUWCuFYylibicIg1E9ZLKLu5z8isao34WVvKBcWRQmCszMJ4Dc3VXhh2wg9lpCzmaywKRk-c4FBykilaSt3-cZhESIHQ3SU3ZIm3IIC*lwWGuSRMQP7KJSB5oTivZ3JOerZPk0uAmR63d8c5T9ZIFAPpOc1HrbA807tHcnRpsEP1yptbK8mAYVojPDswSH7st*mSpyCSLIQBgMyAqChi8oIQr5GScbyTWksOV2aPPTKMjbXBidsc5NhlY3GLvJuqO8qJi2mx*wV8ye7Uv6vzzzV5nooEB2U3j-tvjtCkhiDt-nvR8R7uUEAl8tL1qaw7YwP*QTvsBdLJHdi6f*zAEt8gpRqQiHDw*KGPxtOBr8oKAzD0ICvbJyoSjKThP3mxermGONqLm7alv5lv20cwB20lNW7GtcM32DYAKezJ3OzFSLwJFoeV1cil49WyTCFeIHQ8PBb05BcQ9eLbJEOnjZlfVY0aguRsc84VZ3rsJGgUSsLMNaaAQx4Y8nXW7kLIaDGIUEHS3nbF4w3gh7K-tcHp1XcnKLDLggceUe2Astev--Zl23gmU7sNLPZ1OGoxK8JbzOEPCNrRe3UrvhC1mHEx74SeXoB0wbHLD3-vu8-3Lb5mXr9kS5-vDqN61cYsatAs9jJ2bpI-SvwVOybEqt367exYHLikuPVEoFIVVzXiaDfzrgeJyKhBN*3XmKo5U8Uf-PdHSO4pKdflHYfAX9ytaoy7FlhzEefcdgFza5W38OK35Yuser8qe8UWufiRMfERLlOvyFz0vdydX64ux4d-YeApKAHuZpfJ-j1BcNsLie-*vu8TLnxo1dW7cn00dzhVG8dLeGysWWjp6Rr4Hw-SUcDVOjQAcojzsdxBebc2c7HKYm1*fF5NlI8vfUSxsK7AMF9-jWe4c2yejKcjjblcrpQ1WbLFRNJtLiYKwH9ny12cTqvX65QyRjWKFEEWxBik6NImDnz3PyLRBAGcBzmT*HEiD2VN7*4IemK6tC9XmiYsOqPvcg49oN5X2jFpGcPOytIL68xDHzxi1HO5elrcNe7CKv9QIVvamGLci39Kypc7dJgXVliFykebLlwhWcGpQ-hfamZD63FrtEVw8maKLeJqBh2WYKvFj4iIK1ANY-6sTUnGcL5ZR87bymZYAmMK-6e4U*NKzd37GN0fQ49uaRR8c8Dw-Vbr3E4Fg71fMrvFWlfwQ5q5Wikhlm-S-HRYvNK79uN1GkHTdL7*NQekpp0piQbko0sAisOSORGj92v-TOO5DvIhKOrXYYhroG1bSRb0jiT0*NDMBMVVOCW5ShWNvguEmuwGqJ*54-F4DbjidCXpDnhIoU8cUVZ*ZMCJeZhwfqIDxUcWDZiDRnQyBfcZEetkYpdPOsGvVJm8pMQcOV-LRD4Sre-xi6Eoh44gC0GD8saEv8lSC9z-ernKSPFUf2Ag6ayRGo*HgDThod-v5swmMEtbrK*88UKuxpbfQGY6f2ad5EMNOW849XXiC7*iY9mVEsW0aRA1lje6NXQHB9ylCXpSmlZm*bH9xNWL4EftRaNk5i17QeK-mp7y6fuIGK10yQ0dd908WUdd2ZiLbgr4Et*NgdUZshfGECEAsO199HU-bwamK-eo8jRxft6KtvuLLaDC7G4w4T5HXj4yW5aBOeoIUB2iOd69fAVMTLyMO85NtxIkAkMB9zWjZoAHwjvjCtj8W54EOJ2w4-5l8PTmHin5yTc3D6WG9N4SF0b7skrMBRRMD14JwY8Ojlrj3Tr14zTtACcPJWsYSCVbDeOHDh*2AX8GIGVnVn7YJQLephxabGRb-29*k*kuQACAAAAuty8CgAAAAA&rclid=e6f5f27b47e3c810&cost=202.21862&tp=",
   "webSocketDebuggerUrl": "ws://localhost:56370/devtools/page/9D347EC619C38B72199CAD9AAD4E364D"
}, {
   "description": "",
   "devtoolsFrontendUrl": "/devtools/inspector.html?ws=localhost:56370/devtools/page/F3EC318757F0505B82DA5C0D952E8103",
   "faviconUrl": "https://www.rambler.ru/favicon/favicon-32x32.png",
   "id": "F3EC318757F0505B82DA5C0D952E8103",
   "parentId": "F04678564F21ED2B83F8A3B03BF6A49A",
   "title": "https://ls.hit.gemius.pl/lsget.html",
   "type": "iframe",
   "url": "https://ls.hit.gemius.pl/lsget.html",
   "webSocketDebuggerUrl": "ws://localhost:56370/devtools/page/F3EC318757F0505B82DA5C0D952E8103"
}, {
   "description": "",
   "devtoolsFrontendUrl": "/devtools/inspector.html?ws=localhost:56370/devtools/page/F12C4BC97898CCF901558D785730F1A2",
   "faviconUrl": "https://www.rambler.ru/favicon/favicon-32x32.png",
   "id": "F12C4BC97898CCF901558D785730F1A2",
   "parentId": "F04678564F21ED2B83F8A3B03BF6A49A",
   "title": "https://www.google.com/recaptcha/api2/anchor?ar=1&amp;k=6LdZq68UAAAAAI-DGymMPzpPNJNjiJQu9pw5wi7m&amp;co=aHR0cHM6Ly9pZC5yYW1ibGVyLnJ1OjQ0Mw..&amp;hl=en&amp;v=dPctOHA2ifhWm5WzFM_B5TjT&amp;size=invisible&amp;cb=pvcbzn5vwb9s",
   "type": "iframe",
   "url": "https://www.google.com/recaptcha/api2/anchor?ar=1&k=6LdZq68UAAAAAI-DGymMPzpPNJNjiJQu9pw5wi7m&co=aHR0cHM6Ly9pZC5yYW1ibGVyLnJ1OjQ0Mw..&hl=en&v=dPctOHA2ifhWm5WzFM_B5TjT&size=invisible&cb=pvcbzn5vwb9s",
   "webSocketDebuggerUrl": "ws://localhost:56370/devtools/page/F12C4BC97898CCF901558D785730F1A2"
}, {
   "description": "",
   "devtoolsFrontendUrl": "/devtools/inspector.html?ws=localhost:56370/devtools/page/C32AA4A4F2BA2890C9C7625444AA276F",
   "faviconUrl": "https://www.rambler.ru/favicon/favicon-32x32.png",
   "id": "C32AA4A4F2BA2890C9C7625444AA276F",
   "parentId": "F04678564F21ED2B83F8A3B03BF6A49A",
   "title": "https://www.google.com/recaptcha/api2/aframe",
   "type": "iframe",
   "url": "https://www.google.com/recaptcha/api2/aframe",
   "webSocketDebuggerUrl": "ws://localhost:56370/devtools/page/C32AA4A4F2BA2890C9C7625444AA276F"
}, {
   "description": "",
   "devtoolsFrontendUrl": "/devtools/inspector.html?ws=localhost:56370/devtools/page/6344B34A9CC8670D7F832C0D4B615D44",
   "faviconUrl": "https://www.rambler.ru/favicon/favicon-32x32.png",
   "id": "6344B34A9CC8670D7F832C0D4B615D44",
   "parentId": "F04678564F21ED2B83F8A3B03BF6A49A",
   "title": "https://13ab988306a97e83b928c4dac4459b8c.safeframe.googlesyndication.com/safeframe/1-0-38/html/container.html?n=1",
   "type": "iframe",
   "url": "https://13ab988306a97e83b928c4dac4459b8c.safeframe.googlesyndication.com/safeframe/1-0-38/html/container.html?n=1",
   "webSocketDebuggerUrl": "ws://localhost:56370/devtools/page/6344B34A9CC8670D7F832C0D4B615D44"
}, {
   "description": "",
   "devtoolsFrontendUrl": "/devtools/inspector.html?ws=localhost:56370/devtools/page/F484F499216FC8B8CE60AFF6B193B869",
   "faviconUrl": "https://www.rambler.ru/favicon/favicon-32x32.png",
   "id": "F484F499216FC8B8CE60AFF6B193B869",
   "parentId": "F04678564F21ED2B83F8A3B03BF6A49A",
   "title": "https://www.google.com/recaptcha/api2/aframe",
   "type": "iframe",
   "url": "https://www.google.com/recaptcha/api2/aframe",
   "webSocketDebuggerUrl": "ws://localhost:56370/devtools/page/F484F499216FC8B8CE60AFF6B193B869"
}, {
   "description": "",
   "devtoolsFrontendUrl": "/devtools/inspector.html?ws=localhost:56370/devtools/page/BB7003F7C30F7AB4C83A616F9A4D46BC",
   "id": "BB7003F7C30F7AB4C83A616F9A4D46BC",
   "title": "Service Worker https://www.rambler.ru/sw-desktop.js",
   "type": "service_worker",
   "url": "https://www.rambler.ru/sw-desktop.js",
   "webSocketDebuggerUrl": "ws://localhost:56370/devtools/page/BB7003F7C30F7AB4C83A616F9A4D46BC"
} ]

[1643918778.265][DEBUG]: DevTools HTTP Request: http://localhost:56370/json/activate/F04678564F21ED2B83F8A3B03BF6A49A
[1643918778.457][DEBUG]: DevTools HTTP Response: Target activated
[1643918778.457][INFO]: [edca2231cae8720e2c64f44c6ba11a6c] RESPONSE SwitchToWindow
[1643918778.501][INFO]: [edca2231cae8720e2c64f44c6ba11a6c] COMMAND FindElement {
   "using": "xpath",
   "value": "//span[contains(text(), '@rambler.ru')]"
}
[1643918778.501][INFO]: Waiting for pending navigations...
[1643918778.501][DEBUG]: DevTools WebSocket Command: Runtime.evaluate (id=375) F04678564F21ED2B83F8A3B03BF6A49A {
   "expression": "1"
}
[1643918778.739][DEBUG]: DevTools WebSocket Response: Runtime.evaluate (id=375) F04678564F21ED2B83F8A3B03BF6A49A {
   "result": {
      "description": "1",
      "type": "number",
      "value": 1
   }
}
[1643918778.739][INFO]: Done waiting for pending navigations. Status: ok
[1643918778.741][DEBUG]: DevTools WebSocket Command: Runtime.evaluate (id=376) F04678564F21ED2B83F8A3B03BF6A49A {
   "awaitPromise": true,
   "expression": "(function() { // Copyright (c) 2012 The Chromium Authors. All rights reserved.\n// Use of this source code is governed by a BSD-style license that can be\n// found in the LICENSE file.\n\n/**\n * Enum f...",
   "returnByValue": true
}
[1643918778.765][DEBUG]: DevTools WebSocket Response: Runtime.evaluate (id=376) F04678564F21ED2B83F8A3B03BF6A49A {
   "result": {
      "type": "object",
      "value": {
         "status": 0,
         "value": null
      }
   }
}
[1643918778.765][DEBUG]: DevTools WebSocket Command: Runtime.evaluate (id=377) F04678564F21ED2B83F8A3B03BF6A49A {
   "expression": "1"
}
[1643918778.773][DEBUG]: DevTools WebSocket Response: Runtime.evaluate (id=377) F04678564F21ED2B83F8A3B03BF6A49A {
   "result": {
      "description": "1",
      "type": "number",
      "value": 1
   }
}
[1643918778.773][INFO]: Waiting for pending navigations...
[1643918778.773][DEBUG]: DevTools WebSocket Command: Runtime.evaluate (id=378) F04678564F21ED2B83F8A3B03BF6A49A {
   "expression": "1"
}
[1643918778.775][DEBUG]: DevTools WebSocket Response: Runtime.evaluate (id=378) F04678564F21ED2B83F8A3B03BF6A49A {
   "result": {
      "description": "1",
      "type": "number",
      "value": 1
   }
}
[1643918778.775][INFO]: Done waiting for pending navigations. Status: ok
[1643918778.775][INFO]: [edca2231cae8720e2c64f44c6ba11a6c] RESPONSE FindElement ERROR no such element: Unable to locate element: {"method":"xpath","selector":"//span[contains(text(), '@rambler.ru')]"}
  (Session info: chrome=97.0.4692.99)
[1643918779.336][INFO]: [edca2231cae8720e2c64f44c6ba11a6c] COMMAND FindElement {
   "using": "xpath",
   "value": "//span[contains(text(), '@rambler.ru')]"
}
[1643918779.336][INFO]: Waiting for pending navigations...
[1643918779.336][DEBUG]: DevTools WebSocket Command: Runtime.evaluate (id=379) F04678564F21ED2B83F8A3B03BF6A49A {
   "expression": "1"
}
[1643918779.357][DEBUG]: DevTools WebSocket Response: Runtime.evaluate (id=379) F04678564F21ED2B83F8A3B03BF6A49A {
   "result": {
      "description": "1",
      "type": "number",
      "value": 1
   }
}
[1643918779.357][INFO]: Done waiting for pending navigations. Status: ok
[1643918779.359][DEBUG]: DevTools WebSocket Command: Runtime.evaluate (id=380) F04678564F21ED2B83F8A3B03BF6A49A {
   "awaitPromise": true,
   "expression": "(function() { // Copyright (c) 2012 The Chromium Authors. All rights reserved.\n// Use of this source code is governed by a BSD-style license that can be\n// found in the LICENSE file.\n\n/**\n * Enum f...",
   "returnByValue": true
}
[1643918779.379][DEBUG]: DevTools WebSocket Response: Runtime.evaluate (id=380) F04678564F21ED2B83F8A3B03BF6A49A {
   "result": {
      "type": "object",
      "value": {
         "status": 0,
         "value": null
      }
   }
}
[1643918779.379][DEBUG]: DevTools WebSocket Command: Runtime.evaluate (id=381) F04678564F21ED2B83F8A3B03BF6A49A {
   "expression": "1"
}
[1643918779.531][DEBUG]: DevTools WebSocket Event: Target.detachedFromTarget 7727DFB9A5CB17D4FEA5E502EC21061D {
   "sessionId": "A19B9EAD3FA4CECBC09B13DF18E2E9F7",
   "targetId": "51AF69C3A38A6C4A63BAFC3347092A60"
}
[1643918779.534][DEBUG]: DevTools WebSocket Event: Page.frameDetached 7727DFB9A5CB17D4FEA5E502EC21061D {
   "frameId": "8E3BFCA484FA7AF5F61AB308326E1CF5",
   "reason": "remove"
}
[1643918779.536][DEBUG]: DevTools WebSocket Event: Target.detachedFromTarget F04678564F21ED2B83F8A3B03BF6A49A {
   "sessionId": "7727DFB9A5CB17D4FEA5E502EC21061D",
   "targetId": "F12C4BC97898CCF901558D785730F1A2"
}
[1643918779.697][DEBUG]: DevTools WebSocket Event: DOM.childNodeCountUpdated F04678564F21ED2B83F8A3B03BF6A49A {
   "childNodeCount": 52,
   "nodeId": 134
}
[1643918779.697][DEBUG]: DevTools WebSocket Event: Page.frameDetached F04678564F21ED2B83F8A3B03BF6A49A {
   "frameId": "977F82627713A413CABB9E088E331D16",
   "reason": "remove"
}
[1643918779.697][DEBUG]: DevTools WebSocket Event: Page.frameDetached F04678564F21ED2B83F8A3B03BF6A49A {
   "frameId": "CB4B4CC576DBDD07A09420152757DD07",
   "reason": "remove"
}
[1643918779.697][DEBUG]: DevTools WebSocket Event: Page.frameDetached F04678564F21ED2B83F8A3B03BF6A49A {
   "frameId": "75CA708234DEEAF5837A564AB0C28A72",
   "reason": "remove"
}
[1643918781.113][DEBUG]: DevTools WebSocket Response: Runtime.evaluate (id=381) F04678564F21ED2B83F8A3B03BF6A49A {
   "result": {
      "description": "1",
      "type": "number",
      "value": 1
   }
}
[1643918781.113][INFO]: Waiting for pending navigations...
[1643918781.113][DEBUG]: DevTools WebSocket Command: Runtime.evaluate (id=382) F04678564F21ED2B83F8A3B03BF6A49A {
   "expression": "1"
}
[1643918781.114][DEBUG]: DevTools WebSocket Event: DOM.inlineStyleInvalidated F04678564F21ED2B83F8A3B03BF6A49A {
   "nodeIds": [ 132 ]
}
[1643918781.209][DEBUG]: DevTools WebSocket Response: Runtime.evaluate (id=382) F04678564F21ED2B83F8A3B03BF6A49A {
   "result": {
      "description": "1",
      "type": "number",
      "value": 1
   }
}
[1643918781.209][INFO]: Done waiting for pending navigations. Status: ok
[1643918781.209][INFO]: [edca2231cae8720e2c64f44c6ba11a6c] RESPONSE FindElement ERROR no such element: Unable to locate element: {"method":"xpath","selector":"//span[contains(text(), '@rambler.ru')]"}
  (Session info: chrome=97.0.4692.99)
[1643918781.723][INFO]: [edca2231cae8720e2c64f44c6ba11a6c] COMMAND FindElement {
   "using": "xpath",
   "value": "//span[contains(text(), '@rambler.ru')]"
}
[1643918781.724][INFO]: Waiting for pending navigations...
[1643918781.724][DEBUG]: DevTools WebSocket Command: Runtime.evaluate (id=383) F04678564F21ED2B83F8A3B03BF6A49A {
   "expression": "1"
}
[1643918781.750][DEBUG]: DevTools WebSocket Response: Runtime.evaluate (id=383) F04678564F21ED2B83F8A3B03BF6A49A {
   "result": {
      "description": "1",
      "type": "number",
      "value": 1
   }
}
[1643918781.750][INFO]: Done waiting for pending navigations. Status: ok
[1643918781.752][DEBUG]: DevTools WebSocket Command: Runtime.evaluate (id=384) F04678564F21ED2B83F8A3B03BF6A49A {
   "awaitPromise": true,
   "expression": "(function() { // Copyright (c) 2012 The Chromium Authors. All rights reserved.\n// Use of this source code is governed by a BSD-style license that can be\n// found in the LICENSE file.\n\n/**\n * Enum f...",
   "returnByValue": true
}
[1643918781.798][DEBUG]: DevTools WebSocket Response: Runtime.evaluate (id=384) F04678564F21ED2B83F8A3B03BF6A49A {
   "result": {
      "type": "object",
      "value": {
         "status": 0,
         "value": {
            "element-6066-11e4-a52e-4f735466cecf": "760406ce-03cb-4e97-b67b-fb0a8b57c8a9"
         }
      }
   }
}
[1643918781.798][INFO]: Waiting for pending navigations...
[1643918781.798][DEBUG]: DevTools WebSocket Command: Runtime.evaluate (id=385) F04678564F21ED2B83F8A3B03BF6A49A {
   "expression": "1"
}
[1643918781.848][DEBUG]: DevTools WebSocket Response: Runtime.evaluate (id=385) F04678564F21ED2B83F8A3B03BF6A49A {
   "result": {
      "description": "1",
      "type": "number",
      "value": 1
   }
}
[1643918781.848][INFO]: Done waiting for pending navigations. Status: ok
[1643918781.848][INFO]: [edca2231cae8720e2c64f44c6ba11a6c] RESPONSE FindElement {
   "element-6066-11e4-a52e-4f735466cecf": "760406ce-03cb-4e97-b67b-fb0a8b57c8a9"
}
[1643918781.873][INFO]: [edca2231cae8720e2c64f44c6ba11a6c] COMMAND ExecuteScript {
   "args": [ {
      "element-6066-11e4-a52e-4f735466cecf": "760406ce-03cb-4e97-b67b-fb0a8b57c8a9"
   } ],
   "script": "return (function(){return (function(){var k=this||self;function aa(a){return\"string\"==typeof a}function ba(a,b){a=a.split(\".\");var c=k;a[0]in c||\"undefined\"==typeof c.execScript||c.execScript(\"var \"+a[0]);for(var d;a.length&&(d=a.shift());)a.length||void 0===b?c[d]&&c[d]!==Object.prototype[d]?c=c[d]:c=c[d]={}:c[d]=b}\nfunction ca(a){var b=typeof a;if(\"object\"==b)if(a){if(a instanceof Array)return\"array\";if(a instanceof Object)return b;var c=Object.prototype.toString.call(a);if(\"[object Window]\"==c)return\"object\";if(\"[object Array]\"==c||\"number\"==typeof a.length&&\"undefined\"!=typeof a.splice&&\"undefined\"!=typeof a.propertyIsEnumerable&&!a.propertyIsEnumerable(\"splice\"))return\"array\";if(\"[object Function]\"==c||\"undefined\"!=typeof a.call&&\"undefined\"!=typeof a.propertyIsEnumerable&&!a.propertyIsEnumerable(\"call\"))return\"function\"}else return\"null\";\nelse if(\"function\"==b&&\"undefined\"==typeof a.call)return\"object\";return b}function da(a,b,c){return a.call.apply(a.bind,arguments)}function ea(a,b,c){if(!a)throw Error();if(2\u003Carguments.length){var d=Array.prototype.slice.call(arguments,2);return function(){var e=Array.prototype.slice.call(arguments);Array.prototype.unshift.apply(e,d);return a.apply(b,e)}}return function(){return a.apply(b,arguments)}}\nfunction fa(a,b,c){Function.prototype.bind&&-1!=Function.prototype.bind.toString().indexOf(\"native code\")?fa=da:fa=ea;return fa.apply(null,arguments)}function ha(a,b){var c=Array.prototype.slice.call(arguments,1);return function(){var d=c.slice();d.push.apply(d,arguments);return a.apply(this,d)}}function l(a,b){function c(){}c.prototype=b.prototype;a.prototype=new c;a.prototype.constructor=a};/*\n\n The MIT License\n\n Copyright (c) 2007 Cybozu Labs, Inc.\n Copyright (c) 2012 Google Inc.\n\n Permission is hereby granted, free of charge, to any person obtaining a copy\n of this software and associated documentation files (the \"Software\"), to\n deal in the Software without restriction, including without limitation the\n rights to use, copy, modify, merge, publish, distribute, sublicense, and/or\n sell copies of the Software, and to permit persons to whom the Software is\n furnished to do so, subject to the following conditions:\n\n The above copyright notice and this permission notice shall be included in\n all copies or substantial portions of the Software.\n\n THE SOFTWARE IS PROVIDED \"AS IS\", WITHOUT WARRANTY OF ANY KIND, EXPRESS OR\n IMPLIED, INCLUDING BUT NOT LIMITED TO THE WARRANTIES OF MERCHANTABILITY,\n FITNESS FOR A PARTICULAR PURPOSE AND NONINFRINGEMENT. IN NO EVENT SHALL THE\n AUTHORS OR COPYRIGHT HOLDERS BE LIABLE FOR ANY CLAIM, DAMAGES OR OTHER\n LIABILITY, WHETHER IN AN ACTION OF CONTRACT, TORT OR OTHERWISE, ARISING\n FROM, OUT OF OR IN CONNECTION WITH THE SOFTWARE OR THE USE OR OTHER DEALINGS\n IN THE SOFTWARE.\n*/\nfunction ia(a,b,c){this.a=a;this.b=b||1;this.f=c||1};var ja=Array.prototype.indexOf?function(a,b){return Array.prototype.indexOf.call(a,b,void 0)}:function(a,b){if(\"string\"===typeof a)return\"string\"!==typeof b||1!=b.length?-1:a.indexOf(b,0);for(var c=0;c\u003Ca.length;c++)if(c in a&&a[c]===b)return c;return-1},n=Array.prototype.forEach?function(a,b){Array.prototype.forEach.call(a,b,void 0)}:function(a,b){for(var c=a.length,d=\"string\"===typeof a?a.split(\"\"):a,e=0;e\u003Cc;e++)e in d&&b.call(void 0,d[e],e,a)},ka=Array.prototype.filter?function(a,b){return Array.prototype.filter.call(a,\nb,void 0)}:function(a,b){for(var c=a.length,d=[],e=0,f=\"string\"===typeof a?a.split(\"\"):a,g=0;g\u003Cc;g++)if(g in f){var h=f[g];b.call(void 0,h,g,a)&&(d[e++]=h)}return d},la=Array.prototype.reduce?function(a,b,c){return Array.prototype.reduce.call(a,b,c)}:function(a,b,c){var d=c;n(a,function(e,f){d=b.call(void 0,d,e,f,a)});return d},ma=Array.prototype.some?function(a,b){return Array.prototype.some.call(a,b,void 0)}:function(a,b){for(var c=a.length,d=\"string\"===typeof a?a.split(\"\"):a,e=0;e\u003Cc;e++)if(e in\nd&&b.call(void 0,d[e],e,a))return!0;return!1},na=Array.prototype.every?function(a,b){return Array.prototype.every.call(a,b,void 0)}:function(a,b){for(var c=a.length,d=\"string\"===typeof a?a.split(\"\"):a,e=0;e\u003Cc;e++)if(e in d&&!b.call(void 0,d[e],e,a))return!1;return!0};function oa(a,b){a:{for(var c=a.length,d=\"string\"===typeof a?a.split(\"\"):a,e=0;e\u003Cc;e++)if(e in d&&b.call(void 0,d[e],e,a)){b=e;break a}b=-1}return 0>b?null:\"string\"===typeof a?a.charAt(b):a[b]}\nfunction pa(a){return Array.prototype.concat.apply([],arguments)}function qa(a,b,c){return 2>=arguments.length?Array.prototype.slice.call(a,b):Array.prototype.slice.call(a,b,c)};var ra=String.prototype.trim?function(a){return a.trim()}:function(a){return/^[\\s\\xa0]*([\\s\\S]*?)[\\s\\xa0]*$/.exec(a)[1]};function sa(a,b){return a\u003Cb?-1:a>b?1:0};var t;a:{var ta=k.navigator;if(ta){var ua=ta.userAgent;if(ua){t=ua;break a}}t=\"\"}function u(a){return-1!=t.indexOf(a)};function va(){return u(\"Firefox\")||u(\"FxiOS\")}function wa(){return(u(\"Chrome\")||u(\"CriOS\"))&&!u(\"Edge\")};function xa(a){return String(a).replace(/\\-([a-z])/g,function(b,c){return c.toUpperCase()})};function ya(){return u(\"iPhone\")&&!u(\"iPod\")&&!u(\"iPad\")};function za(a,b){var c=Aa;return Object.prototype.hasOwnProperty.call(c,a)?c[a]:c[a]=b(a)};var Ba=u(\"Opera\"),v=u(\"Trident\")||u(\"MSIE\"),Ca=u(\"Edge\"),Da=u(\"Gecko\")&&!(-1!=t.toLowerCase().indexOf(\"webkit\")&&!u(\"Edge\"))&&!(u(\"Trident\")||u(\"MSIE\"))&&!u(\"Edge\"),Ea=-1!=t.toLowerCase().indexOf(\"webkit\")&&!u(\"Edge\");function Fa(){var a=k.document;return a?a.documentMode:void 0}var Ga;\na:{var Ha=\"\",Ia=function(){var a=t;if(Da)return/rv:([^\\);]+)(\\)|;)/.exec(a);if(Ca)return/Edge\\/([\\d\\.]+)/.exec(a);if(v)return/\\b(?:MSIE|rv)[: ]([^\\);]+)(\\)|;)/.exec(a);if(Ea)return/WebKit\\/(\\S+)/.exec(a);if(Ba)return/(?:Version)[ \\/]?(\\S+)/.exec(a)}();Ia&&(Ha=Ia?Ia[1]:\"\");if(v){var Ja=Fa();if(null!=Ja&&Ja>parseFloat(Ha)){Ga=String(Ja);break a}}Ga=Ha}var Aa={};\nfunction Ka(a){return za(a,function(){for(var b=0,c=ra(String(Ga)).split(\".\"),d=ra(String(a)).split(\".\"),e=Math.max(c.length,d.length),f=0;0==b&&f\u003Ce;f++){var g=c[f]||\"\",h=d[f]||\"\";do{g=/(\\d*)(\\D*)(.*)/.exec(g)||[\"\",\"\",\"\",\"\"];h=/(\\d*)(\\D*)(.*)/.exec(h)||[\"\",\"\",\"\",\"\"];if(0==g[0].length&&0==h[0].length)break;b=sa(0==g[1].length?0:parseInt(g[1],10),0==h[1].length?0:parseInt(h[1],10))||sa(0==g[2].length,0==h[2].length)||sa(g[2],h[2]);g=g[3];h=h[3]}while(0==b)}return 0\u003C=b})}var La;\nLa=k.document&&v?Fa():void 0;var x=v&&!(9\u003C=Number(La)),Ma=v&&!(8\u003C=Number(La));function Na(a,b,c,d){this.a=a;this.nodeName=c;this.nodeValue=d;this.nodeType=2;this.parentNode=this.ownerElement=b}function Oa(a,b){var c=Ma&&\"href\"==b.nodeName?a.getAttribute(b.nodeName,2):b.nodeValue;return new Na(b,a,b.nodeName,c)};function Pa(a){this.b=a;this.a=0}function Qa(a){a=a.match(Ra);for(var b=0;b\u003Ca.length;b++)Sa.test(a[b])&&a.splice(b,1);return new Pa(a)}var Ra=/\\$?(?:(?![0-9-\\.])(?:\\*|[\\w-\\.]+):)?(?![0-9-\\.])(?:\\*|[\\w-\\.]+)|\\/\\/|\\.\\.|::|\\d+(?:\\.\\d*)?|\\.\\d+|\"[^\"]*\"|'[^']*'|[!\u003C>]=|\\s+|./g,Sa=/^\\s/;function y(a,b){return a.b[a.a+(b||0)]}function z(a){return a.b[a.a++]}function Ta(a){return a.b.length\u003C=a.a};function Ua(a,b){this.x=void 0!==a?a:0;this.y=void 0!==b?b:0}Ua.prototype.ceil=function(){this.x=Math.ceil(this.x);this.y=Math.ceil(this.y);return this};Ua.prototype.floor=function(){this.x=Math.floor(this.x);this.y=Math.floor(this.y);return this};Ua.prototype.round=function(){this.x=Math.round(this.x);this.y=Math.round(this.y);return this};function Va(a,b){this.width=a;this.height=b}Va.prototype.aspectRatio=function(){return this.width/this.height};Va.prototype.ceil=function(){this.width=Math.ceil(this.width);this.height=Math.ceil(this.height);return this};Va.prototype.floor=function(){this.width=Math.floor(this.width);this.height=Math.floor(this.height);return this};Va.prototype.round=function(){this.width=Math.round(this.width);this.height=Math.round(this.height);return this};function Wa(a,b){if(!a||!b)return!1;if(a.contains&&1==b.nodeType)return a==b||a.contains(b);if(\"undefined\"!=typeof a.compareDocumentPosition)return a==b||!!(a.compareDocumentPosition(b)&16);for(;b&&a!=b;)b=b.parentNode;return b==a}\nfunction Xa(a,b){if(a==b)return 0;if(a.compareDocumentPosition)return a.compareDocumentPosition(b)&2?1:-1;if(v&&!(9\u003C=Number(La))){if(9==a.nodeType)return-1;if(9==b.nodeType)return 1}if(\"sourceIndex\"in a||a.parentNode&&\"sourceIndex\"in a.parentNode){var c=1==a.nodeType,d=1==b.nodeType;if(c&&d)return a.sourceIndex-b.sourceIndex;var e=a.parentNode,f=b.parentNode;return e==f?Ya(a,b):!c&&Wa(e,b)?-1*Za(a,b):!d&&Wa(f,a)?Za(b,a):(c?a.sourceIndex:e.sourceIndex)-(d?b.sourceIndex:f.sourceIndex)}d=A(a);c=d.createRange();\nc.selectNode(a);c.collapse(!0);a=d.createRange();a.selectNode(b);a.collapse(!0);return c.compareBoundaryPoints(k.Range.START_TO_END,a)}function Za(a,b){var c=a.parentNode;if(c==b)return-1;for(;b.parentNode!=c;)b=b.parentNode;return Ya(b,a)}function Ya(a,b){for(;b=b.previousSibling;)if(b==a)return-1;return 1}function A(a){return 9==a.nodeType?a:a.ownerDocument||a.document}function $a(a,b){a&&(a=a.parentNode);for(var c=0;a;){if(b(a))return a;a=a.parentNode;c++}return null}\nfunction ab(a){this.a=a||k.document||document}ab.prototype.getElementsByTagName=function(a,b){return(b||this.a).getElementsByTagName(String(a))};function B(a){var b=null,c=a.nodeType;1==c&&(b=a.textContent,b=void 0==b||null==b?a.innerText:b,b=void 0==b||null==b?\"\":b);if(\"string\"!=typeof b)if(x&&\"title\"==a.nodeName.toLowerCase()&&1==c)b=a.text;else if(9==c||1==c){a=9==c?a.documentElement:a.firstChild;c=0;var d=[];for(b=\"\";a;){do 1!=a.nodeType&&(b+=a.nodeValue),x&&\"title\"==a.nodeName.toLowerCase()&&(b+=a.text),d[c++]=a;while(a=a.firstChild);for(;c&&!(a=d[--c].nextSibling););}}else b=a.nodeValue;return b}\nfunction C(a,b,c){if(null===b)return!0;try{if(!a.getAttribute)return!1}catch(d){return!1}Ma&&\"class\"==b&&(b=\"className\");return null==c?!!a.getAttribute(b):a.getAttribute(b,2)==c}function bb(a,b,c,d,e){return(x?cb:db).call(null,a,b,aa(c)?c:null,aa(d)?d:null,e||new E)}\nfunction cb(a,b,c,d,e){if(a instanceof F||8==a.b||c&&null===a.b){var f=b.all;if(!f)return e;a=eb(a);if(\"*\"!=a&&(f=b.getElementsByTagName(a),!f))return e;if(c){for(var g=[],h=0;b=f[h++];)C(b,c,d)&&g.push(b);f=g}for(h=0;b=f[h++];)\"*\"==a&&\"!\"==b.tagName||e.add(b);return e}fb(a,b,c,d,e);return e}\nfunction db(a,b,c,d,e){b.getElementsByName&&d&&\"name\"==c&&!v?(b=b.getElementsByName(d),n(b,function(f){a.a(f)&&e.add(f)})):b.getElementsByClassName&&d&&\"class\"==c?(b=b.getElementsByClassName(d),n(b,function(f){f.className==d&&a.a(f)&&e.add(f)})):a instanceof G?fb(a,b,c,d,e):b.getElementsByTagName&&(b=b.getElementsByTagName(a.f()),n(b,function(f){C(f,c,d)&&e.add(f)}));return e}\nfunction gb(a,b,c,d,e){var f;if((a instanceof F||8==a.b||c&&null===a.b)&&(f=b.childNodes)){var g=eb(a);if(\"*\"!=g&&(f=ka(f,function(h){return h.tagName&&h.tagName.toLowerCase()==g}),!f))return e;c&&(f=ka(f,function(h){return C(h,c,d)}));n(f,function(h){\"*\"==g&&(\"!\"==h.tagName||\"*\"==g&&1!=h.nodeType)||e.add(h)});return e}return hb(a,b,c,d,e)}function hb(a,b,c,d,e){for(b=b.firstChild;b;b=b.nextSibling)C(b,c,d)&&a.a(b)&&e.add(b);return e}\nfunction fb(a,b,c,d,e){for(b=b.firstChild;b;b=b.nextSibling)C(b,c,d)&&a.a(b)&&e.add(b),fb(a,b,c,d,e)}function eb(a){if(a instanceof G){if(8==a.b)return\"!\";if(null===a.b)return\"*\"}return a.f()};function E(){this.b=this.a=null;this.l=0}function ib(a){this.f=a;this.a=this.b=null}function kb(a,b){if(!a.a)return b;if(!b.a)return a;var c=a.a;b=b.a;for(var d=null,e,f=0;c&&b;){e=c.f;var g=b.f;e==g||e instanceof Na&&g instanceof Na&&e.a==g.a?(e=c,c=c.a,b=b.a):0\u003CXa(c.f,b.f)?(e=b,b=b.a):(e=c,c=c.a);(e.b=d)?d.a=e:a.a=e;d=e;f++}for(e=c||b;e;)e.b=d,d=d.a=e,f++,e=e.a;a.b=d;a.l=f;return a}function lb(a,b){b=new ib(b);b.a=a.a;a.b?a.a.b=b:a.a=a.b=b;a.a=b;a.l++}\nE.prototype.add=function(a){a=new ib(a);a.b=this.b;this.a?this.b.a=a:this.a=this.b=a;this.b=a;this.l++};function mb(a){return(a=a.a)?a.f:null}function nb(a){return(a=mb(a))?B(a):\"\"}function H(a,b){return new ob(a,!!b)}function ob(a,b){this.f=a;this.b=(this.s=b)?a.b:a.a;this.a=null}function I(a){var b=a.b;if(null==b)return null;var c=a.a=b;a.b=a.s?b.b:b.a;return c.f};function J(a){this.i=a;this.b=this.g=!1;this.f=null}function K(a){return\"\\n  \"+a.toString().split(\"\\n\").join(\"\\n  \")}function pb(a,b){a.g=b}function qb(a,b){a.b=b}function N(a,b){a=a.a(b);return a instanceof E?+nb(a):+a}function O(a,b){a=a.a(b);return a instanceof E?nb(a):\"\"+a}function rb(a,b){a=a.a(b);return a instanceof E?!!a.l:!!a};function sb(a,b,c){J.call(this,a.i);this.c=a;this.h=b;this.o=c;this.g=b.g||c.g;this.b=b.b||c.b;this.c==tb&&(c.b||c.g||4==c.i||0==c.i||!b.f?b.b||b.g||4==b.i||0==b.i||!c.f||(this.f={name:c.f.name,u:b}):this.f={name:b.f.name,u:c})}l(sb,J);\nfunction ub(a,b,c,d,e){b=b.a(d);c=c.a(d);var f;if(b instanceof E&&c instanceof E){b=H(b);for(d=I(b);d;d=I(b))for(e=H(c),f=I(e);f;f=I(e))if(a(B(d),B(f)))return!0;return!1}if(b instanceof E||c instanceof E){b instanceof E?(e=b,d=c):(e=c,d=b);f=H(e);for(var g=typeof d,h=I(f);h;h=I(f)){switch(g){case \"number\":h=+B(h);break;case \"boolean\":h=!!B(h);break;case \"string\":h=B(h);break;default:throw Error(\"Illegal primitive type for comparison.\");}if(e==b&&a(h,d)||e==c&&a(d,h))return!0}return!1}return e?\"boolean\"==\ntypeof b||\"boolean\"==typeof c?a(!!b,!!c):\"number\"==typeof b||\"number\"==typeof c?a(+b,+c):a(b,c):a(+b,+c)}sb.prototype.a=function(a){return this.c.m(this.h,this.o,a)};sb.prototype.toString=function(){var a=\"Binary Expression: \"+this.c;a+=K(this.h);return a+=K(this.o)};function vb(a,b,c,d){this.I=a;this.D=b;this.i=c;this.m=d}vb.prototype.toString=function(){return this.I};var wb={};\nfunction P(a,b,c,d){if(wb.hasOwnProperty(a))throw Error(\"Binary operator already created: \"+a);a=new vb(a,b,c,d);return wb[a.toString()]=a}P(\"div\",6,1,function(a,b,c){return N(a,c)/N(b,c)});P(\"mod\",6,1,function(a,b,c){return N(a,c)%N(b,c)});P(\"*\",6,1,function(a,b,c){return N(a,c)*N(b,c)});P(\"+\",5,1,function(a,b,c){return N(a,c)+N(b,c)});P(\"-\",5,1,function(a,b,c){return N(a,c)-N(b,c)});P(\"\u003C\",4,2,function(a,b,c){return ub(function(d,e){return d\u003Ce},a,b,c)});\nP(\">\",4,2,function(a,b,c){return ub(function(d,e){return d>e},a,b,c)});P(\"\u003C=\",4,2,function(a,b,c){return ub(function(d,e){return d\u003C=e},a,b,c)});P(\">=\",4,2,function(a,b,c){return ub(function(d,e){return d>=e},a,b,c)});var tb=P(\"=\",3,2,function(a,b,c){return ub(function(d,e){return d==e},a,b,c,!0)});P(\"!=\",3,2,function(a,b,c){return ub(function(d,e){return d!=e},a,b,c,!0)});P(\"and\",2,2,function(a,b,c){return rb(a,c)&&rb(b,c)});P(\"or\",1,2,function(a,b,c){return rb(a,c)||rb(b,c)});function xb(a,b){if(b.a.length&&4!=a.i)throw Error(\"Primary expression must evaluate to nodeset if filter has predicate(s).\");J.call(this,a.i);this.c=a;this.h=b;this.g=a.g;this.b=a.b}l(xb,J);xb.prototype.a=function(a){a=this.c.a(a);return yb(this.h,a)};xb.prototype.toString=function(){var a=\"Filter:\"+K(this.c);return a+=K(this.h)};function zb(a,b){if(b.length\u003Ca.C)throw Error(\"Function \"+a.j+\" expects at least\"+a.C+\" arguments, \"+b.length+\" given\");if(null!==a.B&&b.length>a.B)throw Error(\"Function \"+a.j+\" expects at most \"+a.B+\" arguments, \"+b.length+\" given\");a.H&&n(b,function(c,d){if(4!=c.i)throw Error(\"Argument \"+d+\" to function \"+a.j+\" is not of type Nodeset: \"+c);});J.call(this,a.i);this.v=a;this.c=b;pb(this,a.g||ma(b,function(c){return c.g}));qb(this,a.G&&!b.length||a.F&&!!b.length||ma(b,function(c){return c.b}))}\nl(zb,J);zb.prototype.a=function(a){return this.v.m.apply(null,pa(a,this.c))};zb.prototype.toString=function(){var a=\"Function: \"+this.v;if(this.c.length){var b=la(this.c,function(c,d){return c+K(d)},\"Arguments:\");a+=K(b)}return a};function Ab(a,b,c,d,e,f,g,h){this.j=a;this.i=b;this.g=c;this.G=d;this.F=!1;this.m=e;this.C=f;this.B=void 0!==g?g:f;this.H=!!h}Ab.prototype.toString=function(){return this.j};var Bb={};\nfunction Q(a,b,c,d,e,f,g,h){if(Bb.hasOwnProperty(a))throw Error(\"Function already created: \"+a+\".\");Bb[a]=new Ab(a,b,c,d,e,f,g,h)}Q(\"boolean\",2,!1,!1,function(a,b){return rb(b,a)},1);Q(\"ceiling\",1,!1,!1,function(a,b){return Math.ceil(N(b,a))},1);Q(\"concat\",3,!1,!1,function(a,b){return la(qa(arguments,1),function(c,d){return c+O(d,a)},\"\")},2,null);Q(\"contains\",2,!1,!1,function(a,b,c){b=O(b,a);a=O(c,a);return-1!=b.indexOf(a)},2);Q(\"count\",1,!1,!1,function(a,b){return b.a(a).l},1,1,!0);\nQ(\"false\",2,!1,!1,function(){return!1},0);Q(\"floor\",1,!1,!1,function(a,b){return Math.floor(N(b,a))},1);Q(\"id\",4,!1,!1,function(a,b){function c(h){if(x){var m=e.all[h];if(m){if(m.nodeType&&h==m.id)return m;if(m.length)return oa(m,function(w){return h==w.id})}return null}return e.getElementById(h)}var d=a.a,e=9==d.nodeType?d:d.ownerDocument;a=O(b,a).split(/\\s+/);var f=[];n(a,function(h){h=c(h);!h||0\u003C=ja(f,h)||f.push(h)});f.sort(Xa);var g=new E;n(f,function(h){g.add(h)});return g},1);\nQ(\"lang\",2,!1,!1,function(){return!1},1);Q(\"last\",1,!0,!1,function(a){if(1!=arguments.length)throw Error(\"Function last expects ()\");return a.f},0);Q(\"local-name\",3,!1,!0,function(a,b){return(a=b?mb(b.a(a)):a.a)?a.localName||a.nodeName.toLowerCase():\"\"},0,1,!0);Q(\"name\",3,!1,!0,function(a,b){return(a=b?mb(b.a(a)):a.a)?a.nodeName.toLowerCase():\"\"},0,1,!0);Q(\"namespace-uri\",3,!0,!1,function(){return\"\"},0,1,!0);\nQ(\"normalize-space\",3,!1,!0,function(a,b){return(b?O(b,a):B(a.a)).replace(/[\\s\\xa0]+/g,\" \").replace(/^\\s+|\\s+$/g,\"\")},0,1);Q(\"not\",2,!1,!1,function(a,b){return!rb(b,a)},1);Q(\"number\",1,!1,!0,function(a,b){return b?N(b,a):+B(a.a)},0,1);Q(\"position\",1,!0,!1,function(a){return a.b},0);Q(\"round\",1,!1,!1,function(a,b){return Math.round(N(b,a))},1);Q(\"starts-with\",2,!1,!1,function(a,b,c){b=O(b,a);a=O(c,a);return 0==b.lastIndexOf(a,0)},2);Q(\"string\",3,!1,!0,function(a,b){return b?O(b,a):B(a.a)},0,1);\nQ(\"string-length\",1,!1,!0,function(a,b){return(b?O(b,a):B(a.a)).length},0,1);Q(\"substring\",3,!1,!1,function(a,b,c,d){c=N(c,a);if(isNaN(c)||Infinity==c||-Infinity==c)return\"\";d=d?N(d,a):Infinity;if(isNaN(d)||-Infinity===d)return\"\";c=Math.round(c)-1;var e=Math.max(c,0);a=O(b,a);return Infinity==d?a.substring(e):a.substring(e,c+Math.round(d))},2,3);Q(\"substring-after\",3,!1,!1,function(a,b,c){b=O(b,a);a=O(c,a);c=b.indexOf(a);return-1==c?\"\":b.substring(c+a.length)},2);\nQ(\"substring-before\",3,!1,!1,function(a,b,c){b=O(b,a);a=O(c,a);a=b.indexOf(a);return-1==a?\"\":b.substring(0,a)},2);Q(\"sum\",1,!1,!1,function(a,b){a=H(b.a(a));b=0;for(var c=I(a);c;c=I(a))b+=+B(c);return b},1,1,!0);Q(\"translate\",3,!1,!1,function(a,b,c,d){b=O(b,a);c=O(c,a);var e=O(d,a);a={};for(d=0;d\u003Cc.length;d++){var f=c.charAt(d);f in a||(a[f]=e.charAt(d))}c=\"\";for(d=0;d\u003Cb.length;d++)f=b.charAt(d),c+=f in a?a[f]:f;return c},3);Q(\"true\",2,!1,!1,function(){return!0},0);function G(a,b){this.h=a;this.c=void 0!==b?b:null;this.b=null;switch(a){case \"comment\":this.b=8;break;case \"text\":this.b=3;break;case \"processing-instruction\":this.b=7;break;case \"node\":break;default:throw Error(\"Unexpected argument\");}}function Cb(a){return\"comment\"==a||\"text\"==a||\"processing-instruction\"==a||\"node\"==a}G.prototype.a=function(a){return null===this.b||this.b==a.nodeType};G.prototype.f=function(){return this.h};\nG.prototype.toString=function(){var a=\"Kind Test: \"+this.h;null===this.c||(a+=K(this.c));return a};function Db(a){J.call(this,3);this.c=a.substring(1,a.length-1)}l(Db,J);Db.prototype.a=function(){return this.c};Db.prototype.toString=function(){return\"Literal: \"+this.c};function F(a,b){this.j=a.toLowerCase();a=\"*\"==this.j?\"*\":\"http://www.w3.org/1999/xhtml\";this.c=b?b.toLowerCase():a}F.prototype.a=function(a){var b=a.nodeType;if(1!=b&&2!=b)return!1;b=void 0!==a.localName?a.localName:a.nodeName;return\"*\"!=this.j&&this.j!=b.toLowerCase()?!1:\"*\"==this.c?!0:this.c==(a.namespaceURI?a.namespaceURI.toLowerCase():\"http://www.w3.org/1999/xhtml\")};F.prototype.f=function(){return this.j};\nF.prototype.toString=function(){return\"Name Test: \"+(\"http://www.w3.org/1999/xhtml\"==this.c?\"\":this.c+\":\")+this.j};function Eb(a){J.call(this,1);this.c=a}l(Eb,J);Eb.prototype.a=function(){return this.c};Eb.prototype.toString=function(){return\"Number: \"+this.c};function Fb(a,b){J.call(this,a.i);this.h=a;this.c=b;this.g=a.g;this.b=a.b;1==this.c.length&&(a=this.c[0],a.A||a.c!=Gb||(a=a.o,\"*\"!=a.f()&&(this.f={name:a.f(),u:null})))}l(Fb,J);function Hb(){J.call(this,4)}l(Hb,J);Hb.prototype.a=function(a){var b=new E;a=a.a;9==a.nodeType?b.add(a):b.add(a.ownerDocument);return b};Hb.prototype.toString=function(){return\"Root Helper Expression\"};function Ib(){J.call(this,4)}l(Ib,J);Ib.prototype.a=function(a){var b=new E;b.add(a.a);return b};Ib.prototype.toString=function(){return\"Context Helper Expression\"};\nfunction Jb(a){return\"/\"==a||\"//\"==a}Fb.prototype.a=function(a){var b=this.h.a(a);if(!(b instanceof E))throw Error(\"Filter expression must evaluate to nodeset.\");a=this.c;for(var c=0,d=a.length;c\u003Cd&&b.l;c++){var e=a[c],f=H(b,e.c.s);if(e.g||e.c!=Kb)if(e.g||e.c!=Lb){var g=I(f);for(b=e.a(new ia(g));null!=(g=I(f));)g=e.a(new ia(g)),b=kb(b,g)}else g=I(f),b=e.a(new ia(g));else{for(g=I(f);(b=I(f))&&(!g.contains||g.contains(b))&&b.compareDocumentPosition(g)&8;g=b);b=e.a(new ia(g))}}return b};\nFb.prototype.toString=function(){var a=\"Path Expression:\"+K(this.h);if(this.c.length){var b=la(this.c,function(c,d){return c+K(d)},\"Steps:\");a+=K(b)}return a};function Mb(a,b){this.a=a;this.s=!!b}\nfunction yb(a,b,c){for(c=c||0;c\u003Ca.a.length;c++)for(var d=a.a[c],e=H(b),f=b.l,g,h=0;g=I(e);h++){var m=a.s?f-h:h+1;g=d.a(new ia(g,m,f));if(\"number\"==typeof g)m=m==g;else if(\"string\"==typeof g||\"boolean\"==typeof g)m=!!g;else if(g instanceof E)m=0\u003Cg.l;else throw Error(\"Predicate.evaluate returned an unexpected type.\");if(!m){m=e;g=m.f;var w=m.a;if(!w)throw Error(\"Next must be called at least once before remove.\");var r=w.b;w=w.a;r?r.a=w:g.a=w;w?w.b=r:g.b=r;g.l--;m.a=null}}return b}\nMb.prototype.toString=function(){return la(this.a,function(a,b){return a+K(b)},\"Predicates:\")};function R(a,b,c,d){J.call(this,4);this.c=a;this.o=b;this.h=c||new Mb([]);this.A=!!d;b=this.h;b=0\u003Cb.a.length?b.a[0].f:null;a.J&&b&&(a=b.name,a=x?a.toLowerCase():a,this.f={name:a,u:b.u});a:{a=this.h;for(b=0;b\u003Ca.a.length;b++)if(c=a.a[b],c.g||1==c.i||0==c.i){a=!0;break a}a=!1}this.g=a}l(R,J);\nR.prototype.a=function(a){var b=a.a,c=this.f,d=null,e=null,f=0;c&&(d=c.name,e=c.u?O(c.u,a):null,f=1);if(this.A)if(this.g||this.c!=Nb)if(b=H((new R(Ob,new G(\"node\"))).a(a)),c=I(b))for(a=this.m(c,d,e,f);null!=(c=I(b));)a=kb(a,this.m(c,d,e,f));else a=new E;else a=bb(this.o,b,d,e),a=yb(this.h,a,f);else a=this.m(a.a,d,e,f);return a};R.prototype.m=function(a,b,c,d){a=this.c.v(this.o,a,b,c);return a=yb(this.h,a,d)};\nR.prototype.toString=function(){var a=\"Step:\"+K(\"Operator: \"+(this.A?\"//\":\"/\"));this.c.j&&(a+=K(\"Axis: \"+this.c));a+=K(this.o);if(this.h.a.length){var b=la(this.h.a,function(c,d){return c+K(d)},\"Predicates:\");a+=K(b)}return a};function Pb(a,b,c,d){this.j=a;this.v=b;this.s=c;this.J=d}Pb.prototype.toString=function(){return this.j};var Qb={};function S(a,b,c,d){if(Qb.hasOwnProperty(a))throw Error(\"Axis already created: \"+a);b=new Pb(a,b,c,!!d);return Qb[a]=b}\nS(\"ancestor\",function(a,b){for(var c=new E;b=b.parentNode;)a.a(b)&&lb(c,b);return c},!0);S(\"ancestor-or-self\",function(a,b){var c=new E;do a.a(b)&&lb(c,b);while(b=b.parentNode);return c},!0);\nvar Gb=S(\"attribute\",function(a,b){var c=new E,d=a.f();if(\"style\"==d&&x&&b.style)return c.add(new Na(b.style,b,\"style\",b.style.cssText)),c;var e=b.attributes;if(e)if(a instanceof G&&null===a.b||\"*\"==d)for(a=0;d=e[a];a++)x?d.nodeValue&&c.add(Oa(b,d)):c.add(d);else(d=e.getNamedItem(d))&&(x?d.nodeValue&&c.add(Oa(b,d)):c.add(d));return c},!1),Nb=S(\"child\",function(a,b,c,d,e){return(x?gb:hb).call(null,a,b,aa(c)?c:null,aa(d)?d:null,e||new E)},!1,!0);S(\"descendant\",bb,!1,!0);\nvar Ob=S(\"descendant-or-self\",function(a,b,c,d){var e=new E;C(b,c,d)&&a.a(b)&&e.add(b);return bb(a,b,c,d,e)},!1,!0),Kb=S(\"following\",function(a,b,c,d){var e=new E;do for(var f=b;f=f.nextSibling;)C(f,c,d)&&a.a(f)&&e.add(f),e=bb(a,f,c,d,e);while(b=b.parentNode);return e},!1,!0);S(\"following-sibling\",function(a,b){for(var c=new E;b=b.nextSibling;)a.a(b)&&c.add(b);return c},!1);S(\"namespace\",function(){return new E},!1);\nvar Rb=S(\"parent\",function(a,b){var c=new E;if(9==b.nodeType)return c;if(2==b.nodeType)return c.add(b.ownerElement),c;b=b.parentNode;a.a(b)&&c.add(b);return c},!1),Lb=S(\"preceding\",function(a,b,c,d){var e=new E,f=[];do f.unshift(b);while(b=b.parentNode);for(var g=1,h=f.length;g\u003Ch;g++){var m=[];for(b=f[g];b=b.previousSibling;)m.unshift(b);for(var w=0,r=m.length;w\u003Cr;w++)b=m[w],C(b,c,d)&&a.a(b)&&e.add(b),e=bb(a,b,c,d,e)}return e},!0,!0);\nS(\"preceding-sibling\",function(a,b){for(var c=new E;b=b.previousSibling;)a.a(b)&&lb(c,b);return c},!0);var Sb=S(\"self\",function(a,b){var c=new E;a.a(b)&&c.add(b);return c},!1);function Tb(a){J.call(this,1);this.c=a;this.g=a.g;this.b=a.b}l(Tb,J);Tb.prototype.a=function(a){return-N(this.c,a)};Tb.prototype.toString=function(){return\"Unary Expression: -\"+K(this.c)};function Ub(a){J.call(this,4);this.c=a;pb(this,ma(this.c,function(b){return b.g}));qb(this,ma(this.c,function(b){return b.b}))}l(Ub,J);Ub.prototype.a=function(a){var b=new E;n(this.c,function(c){c=c.a(a);if(!(c instanceof E))throw Error(\"Path expression must evaluate to NodeSet.\");b=kb(b,c)});return b};Ub.prototype.toString=function(){return la(this.c,function(a,b){return a+K(b)},\"Union Expression:\")};function Vb(a,b){this.a=a;this.b=b}function Wb(a){for(var b,c=[];;){T(a,\"Missing right hand side of binary expression.\");b=Xb(a);var d=z(a.a);if(!d)break;var e=(d=wb[d]||null)&&d.D;if(!e){a.a.a--;break}for(;c.length&&e\u003C=c[c.length-1].D;)b=new sb(c.pop(),c.pop(),b);c.push(b,d)}for(;c.length;)b=new sb(c.pop(),c.pop(),b);return b}function T(a,b){if(Ta(a.a))throw Error(b);}function Yb(a,b){a=z(a.a);if(a!=b)throw Error(\"Bad token, expected: \"+b+\" got: \"+a);}\nfunction ac(a){a=z(a.a);if(\")\"!=a)throw Error(\"Bad token: \"+a);}function bc(a){a=z(a.a);if(2>a.length)throw Error(\"Unclosed literal string\");return new Db(a)}\nfunction cc(a){var b=[];if(Jb(y(a.a))){var c=z(a.a);var d=y(a.a);if(\"/\"==c&&(Ta(a.a)||\".\"!=d&&\"..\"!=d&&\"@\"!=d&&\"*\"!=d&&!/(?![0-9])[\\w]/.test(d)))return new Hb;d=new Hb;T(a,\"Missing next location step.\");c=dc(a,c);b.push(c)}else{a:{c=y(a.a);d=c.charAt(0);switch(d){case \"$\":throw Error(\"Variable reference not allowed in HTML XPath\");case \"(\":z(a.a);c=Wb(a);T(a,'unclosed \"(\"');Yb(a,\")\");break;case '\"':case \"'\":c=bc(a);break;default:if(isNaN(+c))if(!Cb(c)&&/(?![0-9])[\\w]/.test(d)&&\"(\"==y(a.a,1)){c=z(a.a);\nc=Bb[c]||null;z(a.a);for(d=[];\")\"!=y(a.a);){T(a,\"Missing function argument list.\");d.push(Wb(a));if(\",\"!=y(a.a))break;z(a.a)}T(a,\"Unclosed function argument list.\");ac(a);c=new zb(c,d)}else{c=null;break a}else c=new Eb(+z(a.a))}\"[\"==y(a.a)&&(d=new Mb(ec(a)),c=new xb(c,d))}if(c)if(Jb(y(a.a)))d=c;else return c;else c=dc(a,\"/\"),d=new Ib,b.push(c)}for(;Jb(y(a.a));)c=z(a.a),T(a,\"Missing next location step.\"),c=dc(a,c),b.push(c);return new Fb(d,b)}\nfunction dc(a,b){if(\"/\"!=b&&\"//\"!=b)throw Error('Step op should be \"/\" or \"//\"');if(\".\"==y(a.a)){var c=new R(Sb,new G(\"node\"));z(a.a);return c}if(\"..\"==y(a.a))return c=new R(Rb,new G(\"node\")),z(a.a),c;if(\"@\"==y(a.a)){var d=Gb;z(a.a);T(a,\"Missing attribute name\")}else if(\"::\"==y(a.a,1)){if(!/(?![0-9])[\\w]/.test(y(a.a).charAt(0)))throw Error(\"Bad token: \"+z(a.a));var e=z(a.a);d=Qb[e]||null;if(!d)throw Error(\"No axis with name: \"+e);z(a.a);T(a,\"Missing node name\")}else d=Nb;e=y(a.a);if(/(?![0-9])[\\w\\*]/.test(e.charAt(0)))if(\"(\"==\ny(a.a,1)){if(!Cb(e))throw Error(\"Invalid node type: \"+e);e=z(a.a);if(!Cb(e))throw Error(\"Invalid type name: \"+e);Yb(a,\"(\");T(a,\"Bad nodetype\");var f=y(a.a).charAt(0),g=null;if('\"'==f||\"'\"==f)g=bc(a);T(a,\"Bad nodetype\");ac(a);e=new G(e,g)}else if(e=z(a.a),f=e.indexOf(\":\"),-1==f)e=new F(e);else{g=e.substring(0,f);if(\"*\"==g)var h=\"*\";else if(h=a.b(g),!h)throw Error(\"Namespace prefix not declared: \"+g);e=e.substr(f+1);e=new F(e,h)}else throw Error(\"Bad token: \"+z(a.a));a=new Mb(ec(a),d.s);return c||new R(d,\ne,a,\"//\"==b)}function ec(a){for(var b=[];\"[\"==y(a.a);){z(a.a);T(a,\"Missing predicate expression.\");var c=Wb(a);b.push(c);T(a,\"Unclosed predicate expression.\");Yb(a,\"]\")}return b}function Xb(a){if(\"-\"==y(a.a))return z(a.a),new Tb(Xb(a));var b=cc(a);if(\"|\"!=y(a.a))a=b;else{for(b=[b];\"|\"==z(a.a);)T(a,\"Missing next union location path.\"),b.push(cc(a));a.a.a--;a=new Ub(b)}return a};function fc(a){switch(a.nodeType){case 1:return ha(gc,a);case 9:return fc(a.documentElement);case 11:case 10:case 6:case 12:return hc;default:return a.parentNode?fc(a.parentNode):hc}}function hc(){return null}function gc(a,b){if(a.prefix==b)return a.namespaceURI||\"http://www.w3.org/1999/xhtml\";var c=a.getAttributeNode(\"xmlns:\"+b);return c&&c.specified?c.value||null:a.parentNode&&9!=a.parentNode.nodeType?gc(a.parentNode,b):null};function ic(a,b){if(!a.length)throw Error(\"Empty XPath expression.\");a=Qa(a);if(Ta(a))throw Error(\"Invalid XPath expression.\");b?\"function\"==ca(b)||(b=fa(b.lookupNamespaceURI,b)):b=function(){return null};var c=Wb(new Vb(a,b));if(!Ta(a))throw Error(\"Bad token: \"+z(a));this.evaluate=function(d,e){d=c.a(new ia(d));return new U(d,e)}}\nfunction U(a,b){if(0==b)if(a instanceof E)b=4;else if(\"string\"==typeof a)b=2;else if(\"number\"==typeof a)b=1;else if(\"boolean\"==typeof a)b=3;else throw Error(\"Unexpected evaluation result.\");if(2!=b&&1!=b&&3!=b&&!(a instanceof E))throw Error(\"value could not be converted to the specified type\");this.resultType=b;switch(b){case 2:this.stringValue=a instanceof E?nb(a):\"\"+a;break;case 1:this.numberValue=a instanceof E?+nb(a):+a;break;case 3:this.booleanValue=a instanceof E?0\u003Ca.l:!!a;break;case 4:case 5:case 6:case 7:var c=\nH(a);var d=[];for(var e=I(c);e;e=I(c))d.push(e instanceof Na?e.a:e);this.snapshotLength=a.l;this.invalidIteratorState=!1;break;case 8:case 9:a=mb(a);this.singleNodeValue=a instanceof Na?a.a:a;break;default:throw Error(\"Unknown XPathResult type.\");}var f=0;this.iterateNext=function(){if(4!=b&&5!=b)throw Error(\"iterateNext called with wrong result type\");return f>=d.length?null:d[f++]};this.snapshotItem=function(g){if(6!=b&&7!=b)throw Error(\"snapshotItem called with wrong result type\");return g>=d.length||\n0>g?null:d[g]}}U.ANY_TYPE=0;U.NUMBER_TYPE=1;U.STRING_TYPE=2;U.BOOLEAN_TYPE=3;U.UNORDERED_NODE_ITERATOR_TYPE=4;U.ORDERED_NODE_ITERATOR_TYPE=5;U.UNORDERED_NODE_SNAPSHOT_TYPE=6;U.ORDERED_NODE_SNAPSHOT_TYPE=7;U.ANY_UNORDERED_NODE_TYPE=8;U.FIRST_ORDERED_NODE_TYPE=9;function jc(a){this.lookupNamespaceURI=fc(a)}\nfunction kc(a,b){a=a||k;var c=a.Document&&a.Document.prototype||a.document;if(!c.evaluate||b)a.XPathResult=U,c.evaluate=function(d,e,f,g){return(new ic(d,f)).evaluate(e,g)},c.createExpression=function(d,e){return new ic(d,e)},c.createNSResolver=function(d){return new jc(d)}}ba(\"wgxpath.install\",kc);ba(\"wgxpath.install\",kc);var lc={aliceblue:\"#f0f8ff\",antiquewhite:\"#faebd7\",aqua:\"#00ffff\",aquamarine:\"#7fffd4\",azure:\"#f0ffff\",beige:\"#f5f5dc\",bisque:\"#ffe4c4\",black:\"#000000\",blanchedalmond:\"#ffebcd\",blue:\"#0000ff\",blueviolet:\"#8a2be2\",brown:\"#a52a2a\",burlywood:\"#deb887\",cadetblue:\"#5f9ea0\",chartreuse:\"#7fff00\",chocolate:\"#d2691e\",coral:\"#ff7f50\",cornflowerblue:\"#6495ed\",cornsilk:\"#fff8dc\",crimson:\"#dc143c\",cyan:\"#00ffff\",darkblue:\"#00008b\",darkcyan:\"#008b8b\",darkgoldenrod:\"#b8860b\",darkgray:\"#a9a9a9\",darkgreen:\"#006400\",\ndarkgrey:\"#a9a9a9\",darkkhaki:\"#bdb76b\",darkmagenta:\"#8b008b\",darkolivegreen:\"#556b2f\",darkorange:\"#ff8c00\",darkorchid:\"#9932cc\",darkred:\"#8b0000\",darksalmon:\"#e9967a\",darkseagreen:\"#8fbc8f\",darkslateblue:\"#483d8b\",darkslategray:\"#2f4f4f\",darkslategrey:\"#2f4f4f\",darkturquoise:\"#00ced1\",darkviolet:\"#9400d3\",deeppink:\"#ff1493\",deepskyblue:\"#00bfff\",dimgray:\"#696969\",dimgrey:\"#696969\",dodgerblue:\"#1e90ff\",firebrick:\"#b22222\",floralwhite:\"#fffaf0\",forestgreen:\"#228b22\",fuchsia:\"#ff00ff\",gainsboro:\"#dcdcdc\",\nghostwhite:\"#f8f8ff\",gold:\"#ffd700\",goldenrod:\"#daa520\",gray:\"#808080\",green:\"#008000\",greenyellow:\"#adff2f\",grey:\"#808080\",honeydew:\"#f0fff0\",hotpink:\"#ff69b4\",indianred:\"#cd5c5c\",indigo:\"#4b0082\",ivory:\"#fffff0\",khaki:\"#f0e68c\",lavender:\"#e6e6fa\",lavenderblush:\"#fff0f5\",lawngreen:\"#7cfc00\",lemonchiffon:\"#fffacd\",lightblue:\"#add8e6\",lightcoral:\"#f08080\",lightcyan:\"#e0ffff\",lightgoldenrodyellow:\"#fafad2\",lightgray:\"#d3d3d3\",lightgreen:\"#90ee90\",lightgrey:\"#d3d3d3\",lightpink:\"#ffb6c1\",lightsalmon:\"#ffa07a\",\nlightseagreen:\"#20b2aa\",lightskyblue:\"#87cefa\",lightslategray:\"#778899\",lightslategrey:\"#778899\",lightsteelblue:\"#b0c4de\",lightyellow:\"#ffffe0\",lime:\"#00ff00\",limegreen:\"#32cd32\",linen:\"#faf0e6\",magenta:\"#ff00ff\",maroon:\"#800000\",mediumaquamarine:\"#66cdaa\",mediumblue:\"#0000cd\",mediumorchid:\"#ba55d3\",mediumpurple:\"#9370db\",mediumseagreen:\"#3cb371\",mediumslateblue:\"#7b68ee\",mediumspringgreen:\"#00fa9a\",mediumturquoise:\"#48d1cc\",mediumvioletred:\"#c71585\",midnightblue:\"#191970\",mintcream:\"#f5fffa\",mistyrose:\"#ffe4e1\",\nmoccasin:\"#ffe4b5\",navajowhite:\"#ffdead\",navy:\"#000080\",oldlace:\"#fdf5e6\",olive:\"#808000\",olivedrab:\"#6b8e23\",orange:\"#ffa500\",orangered:\"#ff4500\",orchid:\"#da70d6\",palegoldenrod:\"#eee8aa\",palegreen:\"#98fb98\",paleturquoise:\"#afeeee\",palevioletred:\"#db7093\",papayawhip:\"#ffefd5\",peachpuff:\"#ffdab9\",peru:\"#cd853f\",pink:\"#ffc0cb\",plum:\"#dda0dd\",powderblue:\"#b0e0e6\",purple:\"#800080\",red:\"#ff0000\",rosybrown:\"#bc8f8f\",royalblue:\"#4169e1\",saddlebrown:\"#8b4513\",salmon:\"#fa8072\",sandybrown:\"#f4a460\",seagreen:\"#2e8b57\",\nseashell:\"#fff5ee\",sienna:\"#a0522d\",silver:\"#c0c0c0\",skyblue:\"#87ceeb\",slateblue:\"#6a5acd\",slategray:\"#708090\",slategrey:\"#708090\",snow:\"#fffafa\",springgreen:\"#00ff7f\",steelblue:\"#4682b4\",tan:\"#d2b48c\",teal:\"#008080\",thistle:\"#d8bfd8\",tomato:\"#ff6347\",turquoise:\"#40e0d0\",violet:\"#ee82ee\",wheat:\"#f5deb3\",white:\"#ffffff\",whitesmoke:\"#f5f5f5\",yellow:\"#ffff00\",yellowgreen:\"#9acd32\"};var mc=\"backgroundColor borderTopColor borderRightColor borderBottomColor borderLeftColor color outlineColor\".split(\" \"),nc=/#([0-9a-fA-F])([0-9a-fA-F])([0-9a-fA-F])/,oc=/^#(?:[0-9a-f]{3}){1,2}$/i,pc=/^(?:rgba)?\\((\\d{1,3}),\\s?(\\d{1,3}),\\s?(\\d{1,3}),\\s?(0|1|0\\.\\d*)\\)$/i,qc=/^(?:rgb)?\\((0|[1-9]\\d{0,2}),\\s?(0|[1-9]\\d{0,2}),\\s?(0|[1-9]\\d{0,2})\\)$/i;function rc(a,b){this.code=a;this.a=V[a]||sc;this.message=b||\"\";a=this.a.replace(/((?:^|\\s+)[a-z])/g,function(c){return c.toUpperCase().replace(/^[\\s\\xa0]+/g,\"\")});b=a.length-5;if(0>b||a.indexOf(\"Error\",b)!=b)a+=\"Error\";this.name=a;a=Error(this.message);a.name=this.name;this.stack=a.stack||\"\"}l(rc,Error);var sc=\"unknown error\",V={15:\"element not selectable\",11:\"element not visible\"};V[31]=sc;V[30]=sc;V[24]=\"invalid cookie domain\";V[29]=\"invalid element coordinates\";V[12]=\"invalid element state\";\nV[32]=\"invalid selector\";V[51]=\"invalid selector\";V[52]=\"invalid selector\";V[17]=\"javascript error\";V[405]=\"unsupported operation\";V[34]=\"move target out of bounds\";V[27]=\"no such alert\";V[7]=\"no such element\";V[8]=\"no such frame\";V[23]=\"no such window\";V[28]=\"script timeout\";V[33]=\"session not created\";V[10]=\"stale element reference\";V[21]=\"timeout\";V[25]=\"unable to set cookie\";V[26]=\"unexpected alert open\";V[13]=sc;V[9]=\"unknown command\";var tc=va(),uc=ya()||u(\"iPod\"),vc=u(\"iPad\"),wc=u(\"Android\")&&!(wa()||va()||u(\"Opera\")||u(\"Silk\")),xc=wa(),yc=u(\"Safari\")&&!(wa()||u(\"Coast\")||u(\"Opera\")||u(\"Edge\")||u(\"Edg/\")||u(\"OPR\")||va()||u(\"Silk\")||u(\"Android\"))&&!(ya()||u(\"iPad\")||u(\"iPod\"));function zc(a){return(a=a.exec(t))?a[1]:\"\"}(function(){if(tc)return zc(/Firefox\\/([0-9.]+)/);if(v||Ca||Ba)return Ga;if(xc)return ya()||u(\"iPad\")||u(\"iPod\")?zc(/CriOS\\/([0-9.]+)/):zc(/Chrome\\/([0-9.]+)/);if(yc&&!(ya()||u(\"iPad\")||u(\"iPod\")))return zc(/Version\\/([0-9.]+)/);if(uc||vc){var a=/Version\\/(\\S+).*Mobile\\/(\\S+)/.exec(t);if(a)return a[1]+\".\"+a[2]}else if(wc)return(a=zc(/Android\\s+([0-9.]+)/))?a:zc(/Version\\/([0-9.]+)/);return\"\"})();var Ac,Bc=function(){if(!Da)return!1;var a=k.Components;if(!a)return!1;try{if(!a.classes)return!1}catch(e){return!1}var b=a.classes;a=a.interfaces;var c=b[\"@mozilla.org/xpcom/version-comparator;1\"].getService(a.nsIVersionComparator),d=b[\"@mozilla.org/xre/app-info;1\"].getService(a.nsIXULAppInfo).version;Ac=function(e){c.compare(d,\"\"+e)};return!0}(),Cc=v&&!(9\u003C=Number(La));wc&&Bc&&Ac(2.3);wc&&Bc&&Ac(4);yc&&Bc&&Ac(6);function W(a,b){b&&\"string\"!==typeof b&&(b=b.toString());return!!a&&1==a.nodeType&&(!b||a.tagName.toUpperCase()==b)};var Dc=function(){var a={K:\"http://www.w3.org/2000/svg\"};return function(b){return a[b]||null}}();\nfunction Ec(a,b){var c=A(a);if(!c.documentElement)return null;(v||wc)&&kc(c?c.parentWindow||c.defaultView:window);try{var d=c.createNSResolver?c.createNSResolver(c.documentElement):Dc;if(v&&!Ka(7))return c.evaluate.call(c,b,a,d,9,null);if(!v||9\u003C=Number(La)){for(var e={},f=c.getElementsByTagName(\"*\"),g=0;g\u003Cf.length;++g){var h=f[g],m=h.namespaceURI;if(m&&!e[m]){var w=h.lookupPrefix(m);if(!w){var r=m.match(\".*/(\\\\w+)/?$\");w=r?r[1]:\"xhtml\"}e[m]=w}}var D={},L;for(L in e)D[e[L]]=L;d=function(M){return D[M]||\nnull}}try{return c.evaluate(b,a,d,9,null)}catch(M){if(\"TypeError\"===M.name)return d=c.createNSResolver?c.createNSResolver(c.documentElement):Dc,c.evaluate(b,a,d,9,null);throw M;}}catch(M){if(!Da||\"NS_ERROR_ILLEGAL_VALUE\"!=M.name)throw new rc(32,\"Unable to locate an element with the xpath expression \"+b+\" because of the following error:\\n\"+M);}}\nfunction Fc(a,b){var c=function(){var d=Ec(b,a);return d?d.singleNodeValue||null:b.selectSingleNode?(d=A(b),d.setProperty&&d.setProperty(\"SelectionLanguage\",\"XPath\"),b.selectSingleNode(a)):null}();if(null!==c&&(!c||1!=c.nodeType))throw new rc(32,'The result of the xpath expression \"'+a+'\" is: '+c+\". It should be an element.\");return c};function Gc(a,b,c,d){this.c=a;this.a=b;this.b=c;this.f=d}Gc.prototype.ceil=function(){this.c=Math.ceil(this.c);this.a=Math.ceil(this.a);this.b=Math.ceil(this.b);this.f=Math.ceil(this.f);return this};Gc.prototype.floor=function(){this.c=Math.floor(this.c);this.a=Math.floor(this.a);this.b=Math.floor(this.b);this.f=Math.floor(this.f);return this};Gc.prototype.round=function(){this.c=Math.round(this.c);this.a=Math.round(this.a);this.b=Math.round(this.b);this.f=Math.round(this.f);return this};function X(a,b,c,d){this.a=a;this.b=b;this.width=c;this.height=d}X.prototype.ceil=function(){this.a=Math.ceil(this.a);this.b=Math.ceil(this.b);this.width=Math.ceil(this.width);this.height=Math.ceil(this.height);return this};X.prototype.floor=function(){this.a=Math.floor(this.a);this.b=Math.floor(this.b);this.width=Math.floor(this.width);this.height=Math.floor(this.height);return this};\nX.prototype.round=function(){this.a=Math.round(this.a);this.b=Math.round(this.b);this.width=Math.round(this.width);this.height=Math.round(this.height);return this};var Hc=\"function\"===typeof ShadowRoot;function Ic(a){for(a=a.parentNode;a&&1!=a.nodeType&&9!=a.nodeType&&11!=a.nodeType;)a=a.parentNode;return W(a)?a:null}\nfunction Y(a,b){b=xa(b);if(\"float\"==b||\"cssFloat\"==b||\"styleFloat\"==b)b=Cc?\"styleFloat\":\"cssFloat\";a:{var c=b;var d=A(a);if(d.defaultView&&d.defaultView.getComputedStyle&&(d=d.defaultView.getComputedStyle(a,null))){c=d[c]||d.getPropertyValue(c)||\"\";break a}c=\"\"}a=c||Jc(a,b);if(null===a)a=null;else if(0\u003C=ja(mc,b)){b:{var e=a.match(pc);if(e&&(b=Number(e[1]),c=Number(e[2]),d=Number(e[3]),e=Number(e[4]),0\u003C=b&&255>=b&&0\u003C=c&&255>=c&&0\u003C=d&&255>=d&&0\u003C=e&&1>=e)){b=[b,c,d,e];break b}b=null}if(!b)b:{if(d=a.match(qc))if(b=\nNumber(d[1]),c=Number(d[2]),d=Number(d[3]),0\u003C=b&&255>=b&&0\u003C=c&&255>=c&&0\u003C=d&&255>=d){b=[b,c,d,1];break b}b=null}if(!b)b:{b=a.toLowerCase();c=lc[b.toLowerCase()];if(!c&&(c=\"#\"==b.charAt(0)?b:\"#\"+b,4==c.length&&(c=c.replace(nc,\"#$1$1$2$2$3$3\")),!oc.test(c))){b=null;break b}b=[parseInt(c.substr(1,2),16),parseInt(c.substr(3,2),16),parseInt(c.substr(5,2),16),1]}a=b?\"rgba(\"+b.join(\", \")+\")\":a}return a}\nfunction Jc(a,b){var c=a.currentStyle||a.style,d=c[b];void 0===d&&\"function\"==ca(c.getPropertyValue)&&(d=c.getPropertyValue(b));return\"inherit\"!=d?void 0!==d?d:null:(a=Ic(a))?Jc(a,b):null}\nfunction Kc(a,b,c){function d(g){var h=Lc(g);return 0\u003Ch.height&&0\u003Ch.width?!0:W(g,\"PATH\")&&(0\u003Ch.height||0\u003Ch.width)?(g=Y(g,\"stroke-width\"),!!g&&0\u003CparseInt(g,10)):\"hidden\"!=Y(g,\"overflow\")&&ma(g.childNodes,function(m){return 3==m.nodeType||W(m)&&d(m)})}function e(g){return Mc(g)==Z&&na(g.childNodes,function(h){return!W(h)||e(h)||!d(h)})}if(!W(a))throw Error(\"Argument to isShown must be of type Element\");if(W(a,\"BODY\"))return!0;if(W(a,\"OPTION\")||W(a,\"OPTGROUP\"))return a=$a(a,function(g){return W(g,\"SELECT\")}),\n!!a&&Kc(a,!0,c);var f=Nc(a);if(f)return!!f.image&&0\u003Cf.rect.width&&0\u003Cf.rect.height&&Kc(f.image,b,c);if(W(a,\"INPUT\")&&\"hidden\"==a.type.toLowerCase()||W(a,\"NOSCRIPT\"))return!1;f=Y(a,\"visibility\");return\"collapse\"!=f&&\"hidden\"!=f&&c(a)&&(b||0!=Oc(a))&&d(a)?!e(a):!1}var Z=\"hidden\";\nfunction Mc(a){function b(p){function q(jb){if(jb==g)return!0;var Zb=Y(jb,\"display\");return 0==Zb.lastIndexOf(\"inline\",0)||\"contents\"==Zb||\"absolute\"==$b&&\"static\"==Y(jb,\"position\")?!1:!0}var $b=Y(p,\"position\");if(\"fixed\"==$b)return w=!0,p==g?null:g;for(p=Ic(p);p&&!q(p);)p=Ic(p);return p}function c(p){var q=p;if(\"visible\"==m)if(p==g&&h)q=h;else if(p==h)return{x:\"visible\",y:\"visible\"};q={x:Y(q,\"overflow-x\"),y:Y(q,\"overflow-y\")};p==g&&(q.x=\"visible\"==q.x?\"auto\":q.x,q.y=\"visible\"==q.y?\"auto\":q.y);return q}\nfunction d(p){if(p==g){var q=(new ab(f)).a;p=q.scrollingElement?q.scrollingElement:Ea||\"CSS1Compat\"!=q.compatMode?q.body||q.documentElement:q.documentElement;q=q.parentWindow||q.defaultView;p=v&&Ka(\"10\")&&q.pageYOffset!=p.scrollTop?new Ua(p.scrollLeft,p.scrollTop):new Ua(q.pageXOffset||p.scrollLeft,q.pageYOffset||p.scrollTop)}else p=new Ua(p.scrollLeft,p.scrollTop);return p}var e=Pc(a),f=A(a),g=f.documentElement,h=f.body,m=Y(g,\"overflow\"),w;for(a=b(a);a;a=b(a)){var r=c(a);if(\"visible\"!=r.x||\"visible\"!=\nr.y){var D=Lc(a);if(0==D.width||0==D.height)return Z;var L=e.a\u003CD.a,M=e.b\u003CD.b;if(L&&\"hidden\"==r.x||M&&\"hidden\"==r.y)return Z;if(L&&\"visible\"!=r.x||M&&\"visible\"!=r.y){L=d(a);M=e.b\u003CD.b-L.y;if(e.a\u003CD.a-L.x&&\"visible\"!=r.x||M&&\"visible\"!=r.x)return Z;e=Mc(a);return e==Z?Z:\"scroll\"}L=e.f>=D.a+D.width;D=e.c>=D.b+D.height;if(L&&\"hidden\"==r.x||D&&\"hidden\"==r.y)return Z;if(L&&\"visible\"!=r.x||D&&\"visible\"!=r.y){if(w&&(r=d(a),e.f>=g.scrollWidth-r.x||e.a>=g.scrollHeight-r.y))return Z;e=Mc(a);return e==Z?Z:\"scroll\"}}}return\"none\"}\nfunction Lc(a){var b=Nc(a);if(b)return b.rect;if(W(a,\"HTML\"))return a=A(a),a=((a?a.parentWindow||a.defaultView:window)||window).document,a=\"CSS1Compat\"==a.compatMode?a.documentElement:a.body,a=new Va(a.clientWidth,a.clientHeight),new X(0,0,a.width,a.height);try{var c=a.getBoundingClientRect()}catch(d){return new X(0,0,0,0)}b=new X(c.left,c.top,c.right-c.left,c.bottom-c.top);v&&a.ownerDocument.body&&(a=A(a),b.a-=a.documentElement.clientLeft+a.body.clientLeft,b.b-=a.documentElement.clientTop+a.body.clientTop);\nreturn b}function Nc(a){var b=W(a,\"MAP\");if(!b&&!W(a,\"AREA\"))return null;var c=b?a:W(a.parentNode,\"MAP\")?a.parentNode:null,d=null,e=null;c&&c.name&&(d=Fc('/descendant::*[@usemap = \"#'+c.name+'\"]',A(c)))&&(e=Lc(d),b||\"default\"==a.shape.toLowerCase()||(a=Qc(a),b=Math.min(Math.max(a.a,0),e.width),c=Math.min(Math.max(a.b,0),e.height),e=new X(b+e.a,c+e.b,Math.min(a.width,e.width-b),Math.min(a.height,e.height-c))));return{image:d,rect:e||new X(0,0,0,0)}}\nfunction Qc(a){var b=a.shape.toLowerCase();a=a.coords.split(\",\");if(\"rect\"==b&&4==a.length){b=a[0];var c=a[1];return new X(b,c,a[2]-b,a[3]-c)}if(\"circle\"==b&&3==a.length)return b=a[2],new X(a[0]-b,a[1]-b,2*b,2*b);if(\"poly\"==b&&2\u003Ca.length){b=a[0];c=a[1];for(var d=b,e=c,f=2;f+1\u003Ca.length;f+=2)b=Math.min(b,a[f]),d=Math.max(d,a[f]),c=Math.min(c,a[f+1]),e=Math.max(e,a[f+1]);return new X(b,c,d-b,e-c)}return new X(0,0,0,0)}function Pc(a){a=Lc(a);return new Gc(a.b,a.a+a.width,a.b+a.height,a.a)}\nfunction Oc(a){if(Cc){if(\"relative\"==Y(a,\"position\"))return 1;a=Y(a,\"filter\");return(a=a.match(/^alpha\\(opacity=(\\d*)\\)/)||a.match(/^progid:DXImageTransform.Microsoft.Alpha\\(Opacity=(\\d*)\\)/))?Number(a[1])/100:1}return Rc(a)}function Rc(a){var b=1,c=Y(a,\"opacity\");c&&(b=Number(c));(a=Ic(a))&&(b*=Rc(a));return b};ba(\"_\",function(a,b){function c(d){if(W(d)&&\"none\"==Y(d,\"display\"))return!1;var e;if((e=d.parentNode)&&e.shadowRoot&&void 0!==d.assignedSlot)e=d.assignedSlot?d.assignedSlot.parentNode:null;else if(d.getDestinationInsertionPoints){var f=d.getDestinationInsertionPoints();0\u003Cf.length&&(e=f[f.length-1])}if(Hc&&e instanceof ShadowRoot){if(e.host.shadowRoot!==e)return!1;e=e.host}return!e||9!=e.nodeType&&11!=e.nodeType?e&&W(e,\"DETAILS\")&&!e.open&&!W(d,\"SUMMARY\")?!1:!!e&&c(e):!0}return Kc(a,!!b,c)});; return this._.apply(null,arguments);}).apply({navigator:typeof window!='undefined'?window.navigator:null,document:typeof window!='undefined'?window.document:null}, arguments);}\n).apply(null, arguments);"
}
[1643918781.873][INFO]: Waiting for pending navigations...
[1643918781.873][DEBUG]: DevTools WebSocket Command: Runtime.evaluate (id=386) F04678564F21ED2B83F8A3B03BF6A49A {
   "expression": "1"
}
[1643918781.883][DEBUG]: DevTools WebSocket Response: Runtime.evaluate (id=386) F04678564F21ED2B83F8A3B03BF6A49A {
   "result": {
      "description": "1",
      "type": "number",
      "value": 1
   }
}
[1643918781.883][INFO]: Done waiting for pending navigations. Status: ok
[1643918781.885][DEBUG]: DevTools WebSocket Command: Runtime.evaluate (id=387) F04678564F21ED2B83F8A3B03BF6A49A {
   "awaitPromise": true,
   "expression": "(function() { // Copyright (c) 2012 The Chromium Authors. All rights reserved.\n// Use of this source code is governed by a BSD-style license that can be\n// found in the LICENSE file.\n\n/**\n * Enum f...",
   "returnByValue": true
}
[1643918782.022][DEBUG]: DevTools WebSocket Response: Runtime.evaluate (id=387) F04678564F21ED2B83F8A3B03BF6A49A {
   "result": {
      "type": "object",
      "value": {
         "status": 0,
         "value": true
      }
   }
}
[1643918782.022][INFO]: Waiting for pending navigations...
[1643918782.022][DEBUG]: DevTools WebSocket Command: Runtime.evaluate (id=388) F04678564F21ED2B83F8A3B03BF6A49A {
   "expression": "1"
}
[1643918782.024][DEBUG]: DevTools WebSocket Response: Runtime.evaluate (id=388) F04678564F21ED2B83F8A3B03BF6A49A {
   "result": {
      "description": "1",
      "type": "number",
      "value": 1
   }
}
[1643918782.024][INFO]: Done waiting for pending navigations. Status: ok
[1643918782.024][INFO]: [edca2231cae8720e2c64f44c6ba11a6c] RESPONSE ExecuteScript true
[1643918782.029][INFO]: [edca2231cae8720e2c64f44c6ba11a6c] COMMAND GetElementText {
   "id": "760406ce-03cb-4e97-b67b-fb0a8b57c8a9"
}
[1643918782.029][INFO]: Waiting for pending navigations...
[1643918782.029][DEBUG]: DevTools WebSocket Command: Runtime.evaluate (id=389) F04678564F21ED2B83F8A3B03BF6A49A {
   "expression": "1"
}
[1643918782.033][DEBUG]: DevTools WebSocket Response: Runtime.evaluate (id=389) F04678564F21ED2B83F8A3B03BF6A49A {
   "result": {
      "description": "1",
      "type": "number",
      "value": 1
   }
}
[1643918782.033][INFO]: Done waiting for pending navigations. Status: ok
[1643918782.035][DEBUG]: DevTools WebSocket Command: Runtime.evaluate (id=390) F04678564F21ED2B83F8A3B03BF6A49A {
   "awaitPromise": true,
   "expression": "(function() { // Copyright (c) 2012 The Chromium Authors. All rights reserved.\n// Use of this source code is governed by a BSD-style license that can be\n// found in the LICENSE file.\n\n/**\n * Enum f...",
   "returnByValue": true
}
[1643918782.081][DEBUG]: DevTools WebSocket Response: Runtime.evaluate (id=390) F04678564F21ED2B83F8A3B03BF6A49A {
   "result": {
      "type": "object",
      "value": {
         "status": 0,
         "value": "simpleautomation@rambler.ru"
      }
   }
}
[1643918782.081][INFO]: Waiting for pending navigations...
[1643918782.081][DEBUG]: DevTools WebSocket Command: Runtime.evaluate (id=391) F04678564F21ED2B83F8A3B03BF6A49A {
   "expression": "1"
}
[1643918782.083][DEBUG]: DevTools WebSocket Response: Runtime.evaluate (id=391) F04678564F21ED2B83F8A3B03BF6A49A {
   "result": {
      "description": "1",
      "type": "number",
      "value": 1
   }
}
[1643918782.083][INFO]: Done waiting for pending navigations. Status: ok
[1643918782.083][INFO]: [edca2231cae8720e2c64f44c6ba11a6c] RESPONSE GetElementText "simpleautomation@rambler.ru"
[1643918782.172][INFO]: [edca2231cae8720e2c64f44c6ba11a6c] COMMAND CloseWindow {

}
[1643918782.172][DEBUG]: DevTools HTTP Request: http://localhost:56370/json/list
[1643918782.174][DEBUG]: DevTools HTTP Response: [ {
   "description": "",
   "devtoolsFrontendUrl": "/devtools/inspector.html?ws=localhost:56370/devtools/page/FA4EFB36F17AB2A915AFF96FAA35A668",
   "faviconUrl": "https://www.rambler.ru/favicon/favicon-32x32.png",
   "id": "FA4EFB36F17AB2A915AFF96FAA35A668",
   "parentId": "F04678564F21ED2B83F8A3B03BF6A49A",
   "title": "https://eaea91cae776059ca52e3775bce47ff6.safeframe.googlesyndication.com/safeframe/1-0-38/html/container.html",
   "type": "iframe",
   "url": "https://eaea91cae776059ca52e3775bce47ff6.safeframe.googlesyndication.com/safeframe/1-0-38/html/container.html",
   "webSocketDebuggerUrl": "ws://localhost:56370/devtools/page/FA4EFB36F17AB2A915AFF96FAA35A668"
}, {
   "description": "",
   "devtoolsFrontendUrl": "/devtools/inspector.html?ws=localhost:56370/devtools/page/F04678564F21ED2B83F8A3B03BF6A49A",
   "faviconUrl": "https://www.rambler.ru/favicon/favicon-32x32.png",
   "id": "F04678564F21ED2B83F8A3B03BF6A49A",
   "title": "Рамблер/новости, почта и поиск — медийный портал: новости России и мира, электронная почта, погода, развлекательные и коммуникационные сервисы. Новости сегодня и сейчас",
   "type": "page",
   "url": "https://www.rambler.ru/",
   "webSocketDebuggerUrl": "ws://localhost:56370/devtools/page/F04678564F21ED2B83F8A3B03BF6A49A"
}, {
   "description": "",
   "devtoolsFrontendUrl": "/devtools/inspector.html?ws=localhost:56370/devtools/page/9D347EC619C38B72199CAD9AAD4E364D",
   "faviconUrl": "https://www.rambler.ru/favicon/favicon-32x32.png",
   "id": "9D347EC619C38B72199CAD9AAD4E364D",
   "parentId": "F04678564F21ED2B83F8A3B03BF6A49A",
   "title": "https://dsp-rambler.ru/imp/631292055/?url=o0nLaHPZQ1EJEjMbfmmcs7Rdq1Luvl5Y0KZeCnkV0radZAyr6MG7q-UCgync9I6YMaeKP4Deg3UdvrrL1RUWCuFYylibicIg1E9ZLKLu5z8isao34WVvKBcWRQmCszMJ4Dc3VXhh2wg9lpCzmaywKRk-c4FBykilaSt3-cZhESIHQ3SU3ZIm3IIC*lwWGuSRMQP7KJSB5oTivZ3JOerZPk0uAmR63d8c5T9ZIFAPpOc1HrbA807tHcnRpsEP1yptbK8mAYVojPDswSH7st*mSpyCSLIQBgMyAqChi8oIQr5GScbyTWksOV2aPPTKMjbXBidsc5NhlY3GLvJuqO8qJi2mx*wV8ye7Uv6vzzzV5nooEB2U3j-tvjtCkhiDt-nvR8R7uUEAl8tL1qaw7YwP*QTvsBdLJHdi6f*zAEt8gpRqQiHDw*KGPxtOBr8oKAzD0ICvbJyoSjKThP3mxermGONqLm7alv5lv20cwB20lNW7GtcM32DYAKezJ3OzFSLwJFoeV1cil49WyTCFeIHQ8PBb05BcQ9eLbJEOnjZlfVY0aguRsc84VZ3rsJGgUSsLMNaaAQx4Y8nXW7kLIaDGIUEHS3nbF4w3gh7K-tcHp1XcnKLDLggceUe2Astev--Zl23gmU7sNLPZ1OGoxK8JbzOEPCNrRe3UrvhC1mHEx74SeXoB0wbHLD3-vu8-3Lb5mXr9kS5-vDqN61cYsatAs9jJ2bpI-SvwVOybEqt367exYHLikuPVEoFIVVzXiaDfzrgeJyKhBN*3XmKo5U8Uf-PdHSO4pKdflHYfAX9ytaoy7FlhzEefcdgFza5W38OK35Yuser8qe8UWufiRMfERLlOvyFz0vdydX64ux4d-YeApKAHuZpfJ-j1BcNsLie-*vu8TLnxo1dW7cn00dzhVG8dLeGysWWjp6Rr4Hw-SUcDVOjQAcojzsdxBebc2c7HKYm1*fF5NlI8vfUSxsK7AMF9-jWe4c2yejKcjjblcrpQ1WbLFRNJtLiYKwH9ny12cTqvX65QyRjWKFEEWxBik6NImDnz3PyLRBAGcBzmT*HEiD2VN7*4IemK6tC9XmiYsOqPvcg49oN5X2jFpGcPOytIL68xDHzxi1HO5elrcNe7CKv9QIVvamGLci39Kypc7dJgXVliFykebLlwhWcGpQ-hfamZD63FrtEVw8maKLeJqBh2WYKvFj4iIK1ANY-6sTUnGcL5ZR87bymZYAmMK-6e4U*NKzd37GN0fQ49uaRR8c8Dw-Vbr3E4Fg71fMrvFWlfwQ5q5Wikhlm-S-HRYvNK79uN1GkHTdL7*NQekpp0piQbko0sAisOSORGj92v-TOO5DvIhKOrXYYhroG1bSRb0jiT0*NDMBMVVOCW5ShWNvguEmuwGqJ*54-F4DbjidCXpDnhIoU8cUVZ*ZMCJeZhwfqIDxUcWDZiDRnQyBfcZEetkYpdPOsGvVJm8pMQcOV-LRD4Sre-xi6Eoh44gC0GD8saEv8lSC9z-ernKSPFUf2Ag6ayRGo*HgDThod-v5swmMEtbrK*88UKuxpbfQGY6f2ad5EMNOW849XXiC7*iY9mVEsW0aRA1lje6NXQHB9ylCXpSmlZm*bH9xNWL4EftRaNk5i17QeK-mp7y6fuIGK10yQ0dd908WUdd2ZiLbgr4Et*NgdUZshfGECEAsO199HU-bwamK-eo8jRxft6KtvuLLaDC7G4w4T5HXj4yW5aBOeoIUB2iOd69fAVMTLyMO85NtxIkAkMB9zWjZoAHwjvjCtj8W54EOJ2w4-5l8PTmHin5yTc3D6WG9N4SF0b7skrMBRRMD14JwY8Ojlrj3Tr14zTtACcPJWsYSCVbDeOHDh*2AX8GIGVnVn7YJQLephxabGRb-29*k*kuQACAAAAuty8CgAAAAA&amp;rclid=e6f5f27b47e3c810&amp;cost=202.21862&amp;tp=",
   "type": "iframe",
   "url": "https://dsp-rambler.ru/imp/631292055/?url=o0nLaHPZQ1EJEjMbfmmcs7Rdq1Luvl5Y0KZeCnkV0radZAyr6MG7q-UCgync9I6YMaeKP4Deg3UdvrrL1RUWCuFYylibicIg1E9ZLKLu5z8isao34WVvKBcWRQmCszMJ4Dc3VXhh2wg9lpCzmaywKRk-c4FBykilaSt3-cZhESIHQ3SU3ZIm3IIC*lwWGuSRMQP7KJSB5oTivZ3JOerZPk0uAmR63d8c5T9ZIFAPpOc1HrbA807tHcnRpsEP1yptbK8mAYVojPDswSH7st*mSpyCSLIQBgMyAqChi8oIQr5GScbyTWksOV2aPPTKMjbXBidsc5NhlY3GLvJuqO8qJi2mx*wV8ye7Uv6vzzzV5nooEB2U3j-tvjtCkhiDt-nvR8R7uUEAl8tL1qaw7YwP*QTvsBdLJHdi6f*zAEt8gpRqQiHDw*KGPxtOBr8oKAzD0ICvbJyoSjKThP3mxermGONqLm7alv5lv20cwB20lNW7GtcM32DYAKezJ3OzFSLwJFoeV1cil49WyTCFeIHQ8PBb05BcQ9eLbJEOnjZlfVY0aguRsc84VZ3rsJGgUSsLMNaaAQx4Y8nXW7kLIaDGIUEHS3nbF4w3gh7K-tcHp1XcnKLDLggceUe2Astev--Zl23gmU7sNLPZ1OGoxK8JbzOEPCNrRe3UrvhC1mHEx74SeXoB0wbHLD3-vu8-3Lb5mXr9kS5-vDqN61cYsatAs9jJ2bpI-SvwVOybEqt367exYHLikuPVEoFIVVzXiaDfzrgeJyKhBN*3XmKo5U8Uf-PdHSO4pKdflHYfAX9ytaoy7FlhzEefcdgFza5W38OK35Yuser8qe8UWufiRMfERLlOvyFz0vdydX64ux4d-YeApKAHuZpfJ-j1BcNsLie-*vu8TLnxo1dW7cn00dzhVG8dLeGysWWjp6Rr4Hw-SUcDVOjQAcojzsdxBebc2c7HKYm1*fF5NlI8vfUSxsK7AMF9-jWe4c2yejKcjjblcrpQ1WbLFRNJtLiYKwH9ny12cTqvX65QyRjWKFEEWxBik6NImDnz3PyLRBAGcBzmT*HEiD2VN7*4IemK6tC9XmiYsOqPvcg49oN5X2jFpGcPOytIL68xDHzxi1HO5elrcNe7CKv9QIVvamGLci39Kypc7dJgXVliFykebLlwhWcGpQ-hfamZD63FrtEVw8maKLeJqBh2WYKvFj4iIK1ANY-6sTUnGcL5ZR87bymZYAmMK-6e4U*NKzd37GN0fQ49uaRR8c8Dw-Vbr3E4Fg71fMrvFWlfwQ5q5Wikhlm-S-HRYvNK79uN1GkHTdL7*NQekpp0piQbko0sAisOSORGj92v-TOO5DvIhKOrXYYhroG1bSRb0jiT0*NDMBMVVOCW5ShWNvguEmuwGqJ*54-F4DbjidCXpDnhIoU8cUVZ*ZMCJeZhwfqIDxUcWDZiDRnQyBfcZEetkYpdPOsGvVJm8pMQcOV-LRD4Sre-xi6Eoh44gC0GD8saEv8lSC9z-ernKSPFUf2Ag6ayRGo*HgDThod-v5swmMEtbrK*88UKuxpbfQGY6f2ad5EMNOW849XXiC7*iY9mVEsW0aRA1lje6NXQHB9ylCXpSmlZm*bH9xNWL4EftRaNk5i17QeK-mp7y6fuIGK10yQ0dd908WUdd2ZiLbgr4Et*NgdUZshfGECEAsO199HU-bwamK-eo8jRxft6KtvuLLaDC7G4w4T5HXj4yW5aBOeoIUB2iOd69fAVMTLyMO85NtxIkAkMB9zWjZoAHwjvjCtj8W54EOJ2w4-5l8PTmHin5yTc3D6WG9N4SF0b7skrMBRRMD14JwY8Ojlrj3Tr14zTtACcPJWsYSCVbDeOHDh*2AX8GIGVnVn7YJQLephxabGRb-29*k*kuQACAAAAuty8CgAAAAA&rclid=e6f5f27b47e3c810&cost=202.21862&tp=",
   "webSocketDebuggerUrl": "ws://localhost:56370/devtools/page/9D347EC619C38B72199CAD9AAD4E364D"
}, {
   "description": "",
   "devtoolsFrontendUrl": "/devtools/inspector.html?ws=localhost:56370/devtools/page/F3EC318757F0505B82DA5C0D952E8103",
   "faviconUrl": "https://www.rambler.ru/favicon/favicon-32x32.png",
   "id": "F3EC318757F0505B82DA5C0D952E8103",
   "parentId": "F04678564F21ED2B83F8A3B03BF6A49A",
   "title": "https://ls.hit.gemius.pl/lsget.html",
   "type": "iframe",
   "url": "https://ls.hit.gemius.pl/lsget.html",
   "webSocketDebuggerUrl": "ws://localhost:56370/devtools/page/F3EC318757F0505B82DA5C0D952E8103"
}, {
   "description": "",
   "devtoolsFrontendUrl": "/devtools/inspector.html?ws=localhost:56370/devtools/page/F484F499216FC8B8CE60AFF6B193B869",
   "faviconUrl": "https://www.rambler.ru/favicon/favicon-32x32.png",
   "id": "F484F499216FC8B8CE60AFF6B193B869",
   "parentId": "F04678564F21ED2B83F8A3B03BF6A49A",
   "title": "https://www.google.com/recaptcha/api2/aframe",
   "type": "iframe",
   "url": "https://www.google.com/recaptcha/api2/aframe",
   "webSocketDebuggerUrl": "ws://localhost:56370/devtools/page/F484F499216FC8B8CE60AFF6B193B869"
}, {
   "description": "",
   "devtoolsFrontendUrl": "/devtools/inspector.html?ws=localhost:56370/devtools/page/C32AA4A4F2BA2890C9C7625444AA276F",
   "faviconUrl": "https://www.rambler.ru/favicon/favicon-32x32.png",
   "id": "C32AA4A4F2BA2890C9C7625444AA276F",
   "parentId": "F04678564F21ED2B83F8A3B03BF6A49A",
   "title": "https://www.google.com/recaptcha/api2/aframe",
   "type": "iframe",
   "url": "https://www.google.com/recaptcha/api2/aframe",
   "webSocketDebuggerUrl": "ws://localhost:56370/devtools/page/C32AA4A4F2BA2890C9C7625444AA276F"
}, {
   "description": "",
   "devtoolsFrontendUrl": "/devtools/inspector.html?ws=localhost:56370/devtools/page/6344B34A9CC8670D7F832C0D4B615D44",
   "faviconUrl": "https://www.rambler.ru/favicon/favicon-32x32.png",
   "id": "6344B34A9CC8670D7F832C0D4B615D44",
   "parentId": "F04678564F21ED2B83F8A3B03BF6A49A",
   "title": "https://13ab988306a97e83b928c4dac4459b8c.safeframe.googlesyndication.com/safeframe/1-0-38/html/container.html?n=1",
   "type": "iframe",
   "url": "https://13ab988306a97e83b928c4dac4459b8c.safeframe.googlesyndication.com/safeframe/1-0-38/html/container.html?n=1",
   "webSocketDebuggerUrl": "ws://localhost:56370/devtools/page/6344B34A9CC8670D7F832C0D4B615D44"
}, {
   "description": "",
   "devtoolsFrontendUrl": "/devtools/inspector.html?ws=localhost:56370/devtools/page/BB7003F7C30F7AB4C83A616F9A4D46BC",
   "id": "BB7003F7C30F7AB4C83A616F9A4D46BC",
   "title": "Service Worker https://www.rambler.ru/sw-desktop.js",
   "type": "service_worker",
   "url": "https://www.rambler.ru/sw-desktop.js",
   "webSocketDebuggerUrl": "ws://localhost:56370/devtools/page/BB7003F7C30F7AB4C83A616F9A4D46BC"
} ]

[1643918782.175][DEBUG]: DevTools HTTP Request: http://localhost:56370/json/close/F04678564F21ED2B83F8A3B03BF6A49A
[1643918782.177][DEBUG]: DevTools HTTP Response: Target is closing
[1643918782.177][DEBUG]: DevTools HTTP Request: http://localhost:56370/json/list
[1643918782.179][DEBUG]: DevTools HTTP Response: [ {
   "description": "",
   "devtoolsFrontendUrl": "/devtools/inspector.html?ws=localhost:56370/devtools/page/FA4EFB36F17AB2A915AFF96FAA35A668",
   "faviconUrl": "https://www.rambler.ru/favicon/favicon-32x32.png",
   "id": "FA4EFB36F17AB2A915AFF96FAA35A668",
   "parentId": "F04678564F21ED2B83F8A3B03BF6A49A",
   "title": "https://eaea91cae776059ca52e3775bce47ff6.safeframe.googlesyndication.com/safeframe/1-0-38/html/container.html",
   "type": "iframe",
   "url": "https://eaea91cae776059ca52e3775bce47ff6.safeframe.googlesyndication.com/safeframe/1-0-38/html/container.html",
   "webSocketDebuggerUrl": "ws://localhost:56370/devtools/page/FA4EFB36F17AB2A915AFF96FAA35A668"
}, {
   "description": "",
   "devtoolsFrontendUrl": "/devtools/inspector.html?ws=localhost:56370/devtools/page/F04678564F21ED2B83F8A3B03BF6A49A",
   "faviconUrl": "https://www.rambler.ru/favicon/favicon-32x32.png",
   "id": "F04678564F21ED2B83F8A3B03BF6A49A",
   "title": "Рамблер/новости, почта и поиск — медийный портал: новости России и мира, электронная почта, погода, развлекательные и коммуникационные сервисы. Новости сегодня и сейчас",
   "type": "page",
   "url": "https://www.rambler.ru/",
   "webSocketDebuggerUrl": "ws://localhost:56370/devtools/page/F04678564F21ED2B83F8A3B03BF6A49A"
}, {
   "description": "",
   "devtoolsFrontendUrl": "/devtools/inspector.html?ws=localhost:56370/devtools/page/9D347EC619C38B72199CAD9AAD4E364D",
   "faviconUrl": "https://www.rambler.ru/favicon/favicon-32x32.png",
   "id": "9D347EC619C38B72199CAD9AAD4E364D",
   "parentId": "F04678564F21ED2B83F8A3B03BF6A49A",
   "title": "https://dsp-rambler.ru/imp/631292055/?url=o0nLaHPZQ1EJEjMbfmmcs7Rdq1Luvl5Y0KZeCnkV0radZAyr6MG7q-UCgync9I6YMaeKP4Deg3UdvrrL1RUWCuFYylibicIg1E9ZLKLu5z8isao34WVvKBcWRQmCszMJ4Dc3VXhh2wg9lpCzmaywKRk-c4FBykilaSt3-cZhESIHQ3SU3ZIm3IIC*lwWGuSRMQP7KJSB5oTivZ3JOerZPk0uAmR63d8c5T9ZIFAPpOc1HrbA807tHcnRpsEP1yptbK8mAYVojPDswSH7st*mSpyCSLIQBgMyAqChi8oIQr5GScbyTWksOV2aPPTKMjbXBidsc5NhlY3GLvJuqO8qJi2mx*wV8ye7Uv6vzzzV5nooEB2U3j-tvjtCkhiDt-nvR8R7uUEAl8tL1qaw7YwP*QTvsBdLJHdi6f*zAEt8gpRqQiHDw*KGPxtOBr8oKAzD0ICvbJyoSjKThP3mxermGONqLm7alv5lv20cwB20lNW7GtcM32DYAKezJ3OzFSLwJFoeV1cil49WyTCFeIHQ8PBb05BcQ9eLbJEOnjZlfVY0aguRsc84VZ3rsJGgUSsLMNaaAQx4Y8nXW7kLIaDGIUEHS3nbF4w3gh7K-tcHp1XcnKLDLggceUe2Astev--Zl23gmU7sNLPZ1OGoxK8JbzOEPCNrRe3UrvhC1mHEx74SeXoB0wbHLD3-vu8-3Lb5mXr9kS5-vDqN61cYsatAs9jJ2bpI-SvwVOybEqt367exYHLikuPVEoFIVVzXiaDfzrgeJyKhBN*3XmKo5U8Uf-PdHSO4pKdflHYfAX9ytaoy7FlhzEefcdgFza5W38OK35Yuser8qe8UWufiRMfERLlOvyFz0vdydX64ux4d-YeApKAHuZpfJ-j1BcNsLie-*vu8TLnxo1dW7cn00dzhVG8dLeGysWWjp6Rr4Hw-SUcDVOjQAcojzsdxBebc2c7HKYm1*fF5NlI8vfUSxsK7AMF9-jWe4c2yejKcjjblcrpQ1WbLFRNJtLiYKwH9ny12cTqvX65QyRjWKFEEWxBik6NImDnz3PyLRBAGcBzmT*HEiD2VN7*4IemK6tC9XmiYsOqPvcg49oN5X2jFpGcPOytIL68xDHzxi1HO5elrcNe7CKv9QIVvamGLci39Kypc7dJgXVliFykebLlwhWcGpQ-hfamZD63FrtEVw8maKLeJqBh2WYKvFj4iIK1ANY-6sTUnGcL5ZR87bymZYAmMK-6e4U*NKzd37GN0fQ49uaRR8c8Dw-Vbr3E4Fg71fMrvFWlfwQ5q5Wikhlm-S-HRYvNK79uN1GkHTdL7*NQekpp0piQbko0sAisOSORGj92v-TOO5DvIhKOrXYYhroG1bSRb0jiT0*NDMBMVVOCW5ShWNvguEmuwGqJ*54-F4DbjidCXpDnhIoU8cUVZ*ZMCJeZhwfqIDxUcWDZiDRnQyBfcZEetkYpdPOsGvVJm8pMQcOV-LRD4Sre-xi6Eoh44gC0GD8saEv8lSC9z-ernKSPFUf2Ag6ayRGo*HgDThod-v5swmMEtbrK*88UKuxpbfQGY6f2ad5EMNOW849XXiC7*iY9mVEsW0aRA1lje6NXQHB9ylCXpSmlZm*bH9xNWL4EftRaNk5i17QeK-mp7y6fuIGK10yQ0dd908WUdd2ZiLbgr4Et*NgdUZshfGECEAsO199HU-bwamK-eo8jRxft6KtvuLLaDC7G4w4T5HXj4yW5aBOeoIUB2iOd69fAVMTLyMO85NtxIkAkMB9zWjZoAHwjvjCtj8W54EOJ2w4-5l8PTmHin5yTc3D6WG9N4SF0b7skrMBRRMD14JwY8Ojlrj3Tr14zTtACcPJWsYSCVbDeOHDh*2AX8GIGVnVn7YJQLephxabGRb-29*k*kuQACAAAAuty8CgAAAAA&amp;rclid=e6f5f27b47e3c810&amp;cost=202.21862&amp;tp=",
   "type": "iframe",
   "url": "https://dsp-rambler.ru/imp/631292055/?url=o0nLaHPZQ1EJEjMbfmmcs7Rdq1Luvl5Y0KZeCnkV0radZAyr6MG7q-UCgync9I6YMaeKP4Deg3UdvrrL1RUWCuFYylibicIg1E9ZLKLu5z8isao34WVvKBcWRQmCszMJ4Dc3VXhh2wg9lpCzmaywKRk-c4FBykilaSt3-cZhESIHQ3SU3ZIm3IIC*lwWGuSRMQP7KJSB5oTivZ3JOerZPk0uAmR63d8c5T9ZIFAPpOc1HrbA807tHcnRpsEP1yptbK8mAYVojPDswSH7st*mSpyCSLIQBgMyAqChi8oIQr5GScbyTWksOV2aPPTKMjbXBidsc5NhlY3GLvJuqO8qJi2mx*wV8ye7Uv6vzzzV5nooEB2U3j-tvjtCkhiDt-nvR8R7uUEAl8tL1qaw7YwP*QTvsBdLJHdi6f*zAEt8gpRqQiHDw*KGPxtOBr8oKAzD0ICvbJyoSjKThP3mxermGONqLm7alv5lv20cwB20lNW7GtcM32DYAKezJ3OzFSLwJFoeV1cil49WyTCFeIHQ8PBb05BcQ9eLbJEOnjZlfVY0aguRsc84VZ3rsJGgUSsLMNaaAQx4Y8nXW7kLIaDGIUEHS3nbF4w3gh7K-tcHp1XcnKLDLggceUe2Astev--Zl23gmU7sNLPZ1OGoxK8JbzOEPCNrRe3UrvhC1mHEx74SeXoB0wbHLD3-vu8-3Lb5mXr9kS5-vDqN61cYsatAs9jJ2bpI-SvwVOybEqt367exYHLikuPVEoFIVVzXiaDfzrgeJyKhBN*3XmKo5U8Uf-PdHSO4pKdflHYfAX9ytaoy7FlhzEefcdgFza5W38OK35Yuser8qe8UWufiRMfERLlOvyFz0vdydX64ux4d-YeApKAHuZpfJ-j1BcNsLie-*vu8TLnxo1dW7cn00dzhVG8dLeGysWWjp6Rr4Hw-SUcDVOjQAcojzsdxBebc2c7HKYm1*fF5NlI8vfUSxsK7AMF9-jWe4c2yejKcjjblcrpQ1WbLFRNJtLiYKwH9ny12cTqvX65QyRjWKFEEWxBik6NImDnz3PyLRBAGcBzmT*HEiD2VN7*4IemK6tC9XmiYsOqPvcg49oN5X2jFpGcPOytIL68xDHzxi1HO5elrcNe7CKv9QIVvamGLci39Kypc7dJgXVliFykebLlwhWcGpQ-hfamZD63FrtEVw8maKLeJqBh2WYKvFj4iIK1ANY-6sTUnGcL5ZR87bymZYAmMK-6e4U*NKzd37GN0fQ49uaRR8c8Dw-Vbr3E4Fg71fMrvFWlfwQ5q5Wikhlm-S-HRYvNK79uN1GkHTdL7*NQekpp0piQbko0sAisOSORGj92v-TOO5DvIhKOrXYYhroG1bSRb0jiT0*NDMBMVVOCW5ShWNvguEmuwGqJ*54-F4DbjidCXpDnhIoU8cUVZ*ZMCJeZhwfqIDxUcWDZiDRnQyBfcZEetkYpdPOsGvVJm8pMQcOV-LRD4Sre-xi6Eoh44gC0GD8saEv8lSC9z-ernKSPFUf2Ag6ayRGo*HgDThod-v5swmMEtbrK*88UKuxpbfQGY6f2ad5EMNOW849XXiC7*iY9mVEsW0aRA1lje6NXQHB9ylCXpSmlZm*bH9xNWL4EftRaNk5i17QeK-mp7y6fuIGK10yQ0dd908WUdd2ZiLbgr4Et*NgdUZshfGECEAsO199HU-bwamK-eo8jRxft6KtvuLLaDC7G4w4T5HXj4yW5aBOeoIUB2iOd69fAVMTLyMO85NtxIkAkMB9zWjZoAHwjvjCtj8W54EOJ2w4-5l8PTmHin5yTc3D6WG9N4SF0b7skrMBRRMD14JwY8Ojlrj3Tr14zTtACcPJWsYSCVbDeOHDh*2AX8GIGVnVn7YJQLephxabGRb-29*k*kuQACAAAAuty8CgAAAAA&rclid=e6f5f27b47e3c810&cost=202.21862&tp=",
   "webSocketDebuggerUrl": "ws://localhost:56370/devtools/page/9D347EC619C38B72199CAD9AAD4E364D"
}, {
   "description": "",
   "devtoolsFrontendUrl": "/devtools/inspector.html?ws=localhost:56370/devtools/page/F3EC318757F0505B82DA5C0D952E8103",
   "faviconUrl": "https://www.rambler.ru/favicon/favicon-32x32.png",
   "id": "F3EC318757F0505B82DA5C0D952E8103",
   "parentId": "F04678564F21ED2B83F8A3B03BF6A49A",
   "title": "https://ls.hit.gemius.pl/lsget.html",
   "type": "iframe",
   "url": "https://ls.hit.gemius.pl/lsget.html",
   "webSocketDebuggerUrl": "ws://localhost:56370/devtools/page/F3EC318757F0505B82DA5C0D952E8103"
}, {
   "description": "",
   "devtoolsFrontendUrl": "/devtools/inspector.html?ws=localhost:56370/devtools/page/F484F499216FC8B8CE60AFF6B193B869",
   "faviconUrl": "https://www.rambler.ru/favicon/favicon-32x32.png",
   "id": "F484F499216FC8B8CE60AFF6B193B869",
   "parentId": "F04678564F21ED2B83F8A3B03BF6A49A",
   "title": "https://www.google.com/recaptcha/api2/aframe",
   "type": "iframe",
   "url": "https://www.google.com/recaptcha/api2/aframe",
   "webSocketDebuggerUrl": "ws://localhost:56370/devtools/page/F484F499216FC8B8CE60AFF6B193B869"
}, {
   "description": "",
   "devtoolsFrontendUrl": "/devtools/inspector.html?ws=localhost:56370/devtools/page/C32AA4A4F2BA2890C9C7625444AA276F",
   "faviconUrl": "https://www.rambler.ru/favicon/favicon-32x32.png",
   "id": "C32AA4A4F2BA2890C9C7625444AA276F",
   "parentId": "F04678564F21ED2B83F8A3B03BF6A49A",
   "title": "https://www.google.com/recaptcha/api2/aframe",
   "type": "iframe",
   "url": "https://www.google.com/recaptcha/api2/aframe",
   "webSocketDebuggerUrl": "ws://localhost:56370/devtools/page/C32AA4A4F2BA2890C9C7625444AA276F"
}, {
   "description": "",
   "devtoolsFrontendUrl": "/devtools/inspector.html?ws=localhost:56370/devtools/page/6344B34A9CC8670D7F832C0D4B615D44",
   "faviconUrl": "https://www.rambler.ru/favicon/favicon-32x32.png",
   "id": "6344B34A9CC8670D7F832C0D4B615D44",
   "parentId": "F04678564F21ED2B83F8A3B03BF6A49A",
   "title": "https://13ab988306a97e83b928c4dac4459b8c.safeframe.googlesyndication.com/safeframe/1-0-38/html/container.html?n=1",
   "type": "iframe",
   "url": "https://13ab988306a97e83b928c4dac4459b8c.safeframe.googlesyndication.com/safeframe/1-0-38/html/container.html?n=1",
   "webSocketDebuggerUrl": "ws://localhost:56370/devtools/page/6344B34A9CC8670D7F832C0D4B615D44"
}, {
   "description": "",
   "devtoolsFrontendUrl": "/devtools/inspector.html?ws=localhost:56370/devtools/page/BB7003F7C30F7AB4C83A616F9A4D46BC",
   "id": "BB7003F7C30F7AB4C83A616F9A4D46BC",
   "title": "Service Worker https://www.rambler.ru/sw-desktop.js",
   "type": "service_worker",
   "url": "https://www.rambler.ru/sw-desktop.js",
   "webSocketDebuggerUrl": "ws://localhost:56370/devtools/page/BB7003F7C30F7AB4C83A616F9A4D46BC"
} ]

[1643918782.230][DEBUG]: DevTools HTTP Request: http://localhost:56370/json/list
[1643918782.233][DEBUG]: DevTools HTTP Response: [ {
   "description": "",
   "devtoolsFrontendUrl": "/devtools/inspector.html?ws=localhost:56370/devtools/page/FA4EFB36F17AB2A915AFF96FAA35A668",
   "faviconUrl": "https://www.rambler.ru/favicon/favicon-32x32.png",
   "id": "FA4EFB36F17AB2A915AFF96FAA35A668",
   "parentId": "F04678564F21ED2B83F8A3B03BF6A49A",
   "title": "https://eaea91cae776059ca52e3775bce47ff6.safeframe.googlesyndication.com/safeframe/1-0-38/html/container.html",
   "type": "iframe",
   "url": "https://eaea91cae776059ca52e3775bce47ff6.safeframe.googlesyndication.com/safeframe/1-0-38/html/container.html",
   "webSocketDebuggerUrl": "ws://localhost:56370/devtools/page/FA4EFB36F17AB2A915AFF96FAA35A668"
}, {
   "description": "",
   "devtoolsFrontendUrl": "/devtools/inspector.html?ws=localhost:56370/devtools/page/F04678564F21ED2B83F8A3B03BF6A49A",
   "faviconUrl": "https://www.rambler.ru/favicon/favicon-32x32.png",
   "id": "F04678564F21ED2B83F8A3B03BF6A49A",
   "title": "Рамблер/новости, почта и поиск — медийный портал: новости России и мира, электронная почта, погода, развлекательные и коммуникационные сервисы. Новости сегодня и сейчас",
   "type": "page",
   "url": "https://www.rambler.ru/",
   "webSocketDebuggerUrl": "ws://localhost:56370/devtools/page/F04678564F21ED2B83F8A3B03BF6A49A"
}, {
   "description": "",
   "devtoolsFrontendUrl": "/devtools/inspector.html?ws=localhost:56370/devtools/page/9D347EC619C38B72199CAD9AAD4E364D",
   "faviconUrl": "https://www.rambler.ru/favicon/favicon-32x32.png",
   "id": "9D347EC619C38B72199CAD9AAD4E364D",
   "parentId": "F04678564F21ED2B83F8A3B03BF6A49A",
   "title": "https://dsp-rambler.ru/imp/631292055/?url=o0nLaHPZQ1EJEjMbfmmcs7Rdq1Luvl5Y0KZeCnkV0radZAyr6MG7q-UCgync9I6YMaeKP4Deg3UdvrrL1RUWCuFYylibicIg1E9ZLKLu5z8isao34WVvKBcWRQmCszMJ4Dc3VXhh2wg9lpCzmaywKRk-c4FBykilaSt3-cZhESIHQ3SU3ZIm3IIC*lwWGuSRMQP7KJSB5oTivZ3JOerZPk0uAmR63d8c5T9ZIFAPpOc1HrbA807tHcnRpsEP1yptbK8mAYVojPDswSH7st*mSpyCSLIQBgMyAqChi8oIQr5GScbyTWksOV2aPPTKMjbXBidsc5NhlY3GLvJuqO8qJi2mx*wV8ye7Uv6vzzzV5nooEB2U3j-tvjtCkhiDt-nvR8R7uUEAl8tL1qaw7YwP*QTvsBdLJHdi6f*zAEt8gpRqQiHDw*KGPxtOBr8oKAzD0ICvbJyoSjKThP3mxermGONqLm7alv5lv20cwB20lNW7GtcM32DYAKezJ3OzFSLwJFoeV1cil49WyTCFeIHQ8PBb05BcQ9eLbJEOnjZlfVY0aguRsc84VZ3rsJGgUSsLMNaaAQx4Y8nXW7kLIaDGIUEHS3nbF4w3gh7K-tcHp1XcnKLDLggceUe2Astev--Zl23gmU7sNLPZ1OGoxK8JbzOEPCNrRe3UrvhC1mHEx74SeXoB0wbHLD3-vu8-3Lb5mXr9kS5-vDqN61cYsatAs9jJ2bpI-SvwVOybEqt367exYHLikuPVEoFIVVzXiaDfzrgeJyKhBN*3XmKo5U8Uf-PdHSO4pKdflHYfAX9ytaoy7FlhzEefcdgFza5W38OK35Yuser8qe8UWufiRMfERLlOvyFz0vdydX64ux4d-YeApKAHuZpfJ-j1BcNsLie-*vu8TLnxo1dW7cn00dzhVG8dLeGysWWjp6Rr4Hw-SUcDVOjQAcojzsdxBebc2c7HKYm1*fF5NlI8vfUSxsK7AMF9-jWe4c2yejKcjjblcrpQ1WbLFRNJtLiYKwH9ny12cTqvX65QyRjWKFEEWxBik6NImDnz3PyLRBAGcBzmT*HEiD2VN7*4IemK6tC9XmiYsOqPvcg49oN5X2jFpGcPOytIL68xDHzxi1HO5elrcNe7CKv9QIVvamGLci39Kypc7dJgXVliFykebLlwhWcGpQ-hfamZD63FrtEVw8maKLeJqBh2WYKvFj4iIK1ANY-6sTUnGcL5ZR87bymZYAmMK-6e4U*NKzd37GN0fQ49uaRR8c8Dw-Vbr3E4Fg71fMrvFWlfwQ5q5Wikhlm-S-HRYvNK79uN1GkHTdL7*NQekpp0piQbko0sAisOSORGj92v-TOO5DvIhKOrXYYhroG1bSRb0jiT0*NDMBMVVOCW5ShWNvguEmuwGqJ*54-F4DbjidCXpDnhIoU8cUVZ*ZMCJeZhwfqIDxUcWDZiDRnQyBfcZEetkYpdPOsGvVJm8pMQcOV-LRD4Sre-xi6Eoh44gC0GD8saEv8lSC9z-ernKSPFUf2Ag6ayRGo*HgDThod-v5swmMEtbrK*88UKuxpbfQGY6f2ad5EMNOW849XXiC7*iY9mVEsW0aRA1lje6NXQHB9ylCXpSmlZm*bH9xNWL4EftRaNk5i17QeK-mp7y6fuIGK10yQ0dd908WUdd2ZiLbgr4Et*NgdUZshfGECEAsO199HU-bwamK-eo8jRxft6KtvuLLaDC7G4w4T5HXj4yW5aBOeoIUB2iOd69fAVMTLyMO85NtxIkAkMB9zWjZoAHwjvjCtj8W54EOJ2w4-5l8PTmHin5yTc3D6WG9N4SF0b7skrMBRRMD14JwY8Ojlrj3Tr14zTtACcPJWsYSCVbDeOHDh*2AX8GIGVnVn7YJQLephxabGRb-29*k*kuQACAAAAuty8CgAAAAA&amp;rclid=e6f5f27b47e3c810&amp;cost=202.21862&amp;tp=",
   "type": "iframe",
   "url": "https://dsp-rambler.ru/imp/631292055/?url=o0nLaHPZQ1EJEjMbfmmcs7Rdq1Luvl5Y0KZeCnkV0radZAyr6MG7q-UCgync9I6YMaeKP4Deg3UdvrrL1RUWCuFYylibicIg1E9ZLKLu5z8isao34WVvKBcWRQmCszMJ4Dc3VXhh2wg9lpCzmaywKRk-c4FBykilaSt3-cZhESIHQ3SU3ZIm3IIC*lwWGuSRMQP7KJSB5oTivZ3JOerZPk0uAmR63d8c5T9ZIFAPpOc1HrbA807tHcnRpsEP1yptbK8mAYVojPDswSH7st*mSpyCSLIQBgMyAqChi8oIQr5GScbyTWksOV2aPPTKMjbXBidsc5NhlY3GLvJuqO8qJi2mx*wV8ye7Uv6vzzzV5nooEB2U3j-tvjtCkhiDt-nvR8R7uUEAl8tL1qaw7YwP*QTvsBdLJHdi6f*zAEt8gpRqQiHDw*KGPxtOBr8oKAzD0ICvbJyoSjKThP3mxermGONqLm7alv5lv20cwB20lNW7GtcM32DYAKezJ3OzFSLwJFoeV1cil49WyTCFeIHQ8PBb05BcQ9eLbJEOnjZlfVY0aguRsc84VZ3rsJGgUSsLMNaaAQx4Y8nXW7kLIaDGIUEHS3nbF4w3gh7K-tcHp1XcnKLDLggceUe2Astev--Zl23gmU7sNLPZ1OGoxK8JbzOEPCNrRe3UrvhC1mHEx74SeXoB0wbHLD3-vu8-3Lb5mXr9kS5-vDqN61cYsatAs9jJ2bpI-SvwVOybEqt367exYHLikuPVEoFIVVzXiaDfzrgeJyKhBN*3XmKo5U8Uf-PdHSO4pKdflHYfAX9ytaoy7FlhzEefcdgFza5W38OK35Yuser8qe8UWufiRMfERLlOvyFz0vdydX64ux4d-YeApKAHuZpfJ-j1BcNsLie-*vu8TLnxo1dW7cn00dzhVG8dLeGysWWjp6Rr4Hw-SUcDVOjQAcojzsdxBebc2c7HKYm1*fF5NlI8vfUSxsK7AMF9-jWe4c2yejKcjjblcrpQ1WbLFRNJtLiYKwH9ny12cTqvX65QyRjWKFEEWxBik6NImDnz3PyLRBAGcBzmT*HEiD2VN7*4IemK6tC9XmiYsOqPvcg49oN5X2jFpGcPOytIL68xDHzxi1HO5elrcNe7CKv9QIVvamGLci39Kypc7dJgXVliFykebLlwhWcGpQ-hfamZD63FrtEVw8maKLeJqBh2WYKvFj4iIK1ANY-6sTUnGcL5ZR87bymZYAmMK-6e4U*NKzd37GN0fQ49uaRR8c8Dw-Vbr3E4Fg71fMrvFWlfwQ5q5Wikhlm-S-HRYvNK79uN1GkHTdL7*NQekpp0piQbko0sAisOSORGj92v-TOO5DvIhKOrXYYhroG1bSRb0jiT0*NDMBMVVOCW5ShWNvguEmuwGqJ*54-F4DbjidCXpDnhIoU8cUVZ*ZMCJeZhwfqIDxUcWDZiDRnQyBfcZEetkYpdPOsGvVJm8pMQcOV-LRD4Sre-xi6Eoh44gC0GD8saEv8lSC9z-ernKSPFUf2Ag6ayRGo*HgDThod-v5swmMEtbrK*88UKuxpbfQGY6f2ad5EMNOW849XXiC7*iY9mVEsW0aRA1lje6NXQHB9ylCXpSmlZm*bH9xNWL4EftRaNk5i17QeK-mp7y6fuIGK10yQ0dd908WUdd2ZiLbgr4Et*NgdUZshfGECEAsO199HU-bwamK-eo8jRxft6KtvuLLaDC7G4w4T5HXj4yW5aBOeoIUB2iOd69fAVMTLyMO85NtxIkAkMB9zWjZoAHwjvjCtj8W54EOJ2w4-5l8PTmHin5yTc3D6WG9N4SF0b7skrMBRRMD14JwY8Ojlrj3Tr14zTtACcPJWsYSCVbDeOHDh*2AX8GIGVnVn7YJQLephxabGRb-29*k*kuQACAAAAuty8CgAAAAA&rclid=e6f5f27b47e3c810&cost=202.21862&tp=",
   "webSocketDebuggerUrl": "ws://localhost:56370/devtools/page/9D347EC619C38B72199CAD9AAD4E364D"
}, {
   "description": "",
   "devtoolsFrontendUrl": "/devtools/inspector.html?ws=localhost:56370/devtools/page/F3EC318757F0505B82DA5C0D952E8103",
   "faviconUrl": "https://www.rambler.ru/favicon/favicon-32x32.png",
   "id": "F3EC318757F0505B82DA5C0D952E8103",
   "parentId": "F04678564F21ED2B83F8A3B03BF6A49A",
   "title": "https://ls.hit.gemius.pl/lsget.html",
   "type": "iframe",
   "url": "https://ls.hit.gemius.pl/lsget.html",
   "webSocketDebuggerUrl": "ws://localhost:56370/devtools/page/F3EC318757F0505B82DA5C0D952E8103"
}, {
   "description": "",
   "devtoolsFrontendUrl": "/devtools/inspector.html?ws=localhost:56370/devtools/page/F484F499216FC8B8CE60AFF6B193B869",
   "faviconUrl": "https://www.rambler.ru/favicon/favicon-32x32.png",
   "id": "F484F499216FC8B8CE60AFF6B193B869",
   "parentId": "F04678564F21ED2B83F8A3B03BF6A49A",
   "title": "https://www.google.com/recaptcha/api2/aframe",
   "type": "iframe",
   "url": "https://www.google.com/recaptcha/api2/aframe",
   "webSocketDebuggerUrl": "ws://localhost:56370/devtools/page/F484F499216FC8B8CE60AFF6B193B869"
}, {
   "description": "",
   "devtoolsFrontendUrl": "/devtools/inspector.html?ws=localhost:56370/devtools/page/C32AA4A4F2BA2890C9C7625444AA276F",
   "faviconUrl": "https://www.rambler.ru/favicon/favicon-32x32.png",
   "id": "C32AA4A4F2BA2890C9C7625444AA276F",
   "parentId": "F04678564F21ED2B83F8A3B03BF6A49A",
   "title": "https://www.google.com/recaptcha/api2/aframe",
   "type": "iframe",
   "url": "https://www.google.com/recaptcha/api2/aframe",
   "webSocketDebuggerUrl": "ws://localhost:56370/devtools/page/C32AA4A4F2BA2890C9C7625444AA276F"
}, {
   "description": "",
   "devtoolsFrontendUrl": "/devtools/inspector.html?ws=localhost:56370/devtools/page/6344B34A9CC8670D7F832C0D4B615D44",
   "faviconUrl": "https://www.rambler.ru/favicon/favicon-32x32.png",
   "id": "6344B34A9CC8670D7F832C0D4B615D44",
   "parentId": "F04678564F21ED2B83F8A3B03BF6A49A",
   "title": "https://13ab988306a97e83b928c4dac4459b8c.safeframe.googlesyndication.com/safeframe/1-0-38/html/container.html?n=1",
   "type": "iframe",
   "url": "https://13ab988306a97e83b928c4dac4459b8c.safeframe.googlesyndication.com/safeframe/1-0-38/html/container.html?n=1",
   "webSocketDebuggerUrl": "ws://localhost:56370/devtools/page/6344B34A9CC8670D7F832C0D4B615D44"
}, {
   "description": "",
   "devtoolsFrontendUrl": "/devtools/inspector.html?ws=localhost:56370/devtools/page/BB7003F7C30F7AB4C83A616F9A4D46BC",
   "id": "BB7003F7C30F7AB4C83A616F9A4D46BC",
   "title": "Service Worker https://www.rambler.ru/sw-desktop.js",
   "type": "service_worker",
   "url": "https://www.rambler.ru/sw-desktop.js",
   "webSocketDebuggerUrl": "ws://localhost:56370/devtools/page/BB7003F7C30F7AB4C83A616F9A4D46BC"
} ]

[1643918782.285][DEBUG]: DevTools HTTP Request: http://localhost:56370/json/list
[1643918782.288][DEBUG]: DevTools HTTP Response: [ {
   "description": "",
   "devtoolsFrontendUrl": "/devtools/inspector.html?ws=localhost:56370/devtools/page/FA4EFB36F17AB2A915AFF96FAA35A668",
   "faviconUrl": "https://www.rambler.ru/favicon/favicon-32x32.png",
   "id": "FA4EFB36F17AB2A915AFF96FAA35A668",
   "parentId": "F04678564F21ED2B83F8A3B03BF6A49A",
   "title": "https://eaea91cae776059ca52e3775bce47ff6.safeframe.googlesyndication.com/safeframe/1-0-38/html/container.html",
   "type": "iframe",
   "url": "https://eaea91cae776059ca52e3775bce47ff6.safeframe.googlesyndication.com/safeframe/1-0-38/html/container.html",
   "webSocketDebuggerUrl": "ws://localhost:56370/devtools/page/FA4EFB36F17AB2A915AFF96FAA35A668"
}, {
   "description": "",
   "devtoolsFrontendUrl": "/devtools/inspector.html?ws=localhost:56370/devtools/page/F04678564F21ED2B83F8A3B03BF6A49A",
   "faviconUrl": "https://www.rambler.ru/favicon/favicon-32x32.png",
   "id": "F04678564F21ED2B83F8A3B03BF6A49A",
   "title": "Рамблер/новости, почта и поиск — медийный портал: новости России и мира, электронная почта, погода, развлекательные и коммуникационные сервисы. Новости сегодня и сейчас",
   "type": "page",
   "url": "https://www.rambler.ru/",
   "webSocketDebuggerUrl": "ws://localhost:56370/devtools/page/F04678564F21ED2B83F8A3B03BF6A49A"
}, {
   "description": "",
   "devtoolsFrontendUrl": "/devtools/inspector.html?ws=localhost:56370/devtools/page/9D347EC619C38B72199CAD9AAD4E364D",
   "faviconUrl": "https://www.rambler.ru/favicon/favicon-32x32.png",
   "id": "9D347EC619C38B72199CAD9AAD4E364D",
   "parentId": "F04678564F21ED2B83F8A3B03BF6A49A",
   "title": "https://dsp-rambler.ru/imp/631292055/?url=o0nLaHPZQ1EJEjMbfmmcs7Rdq1Luvl5Y0KZeCnkV0radZAyr6MG7q-UCgync9I6YMaeKP4Deg3UdvrrL1RUWCuFYylibicIg1E9ZLKLu5z8isao34WVvKBcWRQmCszMJ4Dc3VXhh2wg9lpCzmaywKRk-c4FBykilaSt3-cZhESIHQ3SU3ZIm3IIC*lwWGuSRMQP7KJSB5oTivZ3JOerZPk0uAmR63d8c5T9ZIFAPpOc1HrbA807tHcnRpsEP1yptbK8mAYVojPDswSH7st*mSpyCSLIQBgMyAqChi8oIQr5GScbyTWksOV2aPPTKMjbXBidsc5NhlY3GLvJuqO8qJi2mx*wV8ye7Uv6vzzzV5nooEB2U3j-tvjtCkhiDt-nvR8R7uUEAl8tL1qaw7YwP*QTvsBdLJHdi6f*zAEt8gpRqQiHDw*KGPxtOBr8oKAzD0ICvbJyoSjKThP3mxermGONqLm7alv5lv20cwB20lNW7GtcM32DYAKezJ3OzFSLwJFoeV1cil49WyTCFeIHQ8PBb05BcQ9eLbJEOnjZlfVY0aguRsc84VZ3rsJGgUSsLMNaaAQx4Y8nXW7kLIaDGIUEHS3nbF4w3gh7K-tcHp1XcnKLDLggceUe2Astev--Zl23gmU7sNLPZ1OGoxK8JbzOEPCNrRe3UrvhC1mHEx74SeXoB0wbHLD3-vu8-3Lb5mXr9kS5-vDqN61cYsatAs9jJ2bpI-SvwVOybEqt367exYHLikuPVEoFIVVzXiaDfzrgeJyKhBN*3XmKo5U8Uf-PdHSO4pKdflHYfAX9ytaoy7FlhzEefcdgFza5W38OK35Yuser8qe8UWufiRMfERLlOvyFz0vdydX64ux4d-YeApKAHuZpfJ-j1BcNsLie-*vu8TLnxo1dW7cn00dzhVG8dLeGysWWjp6Rr4Hw-SUcDVOjQAcojzsdxBebc2c7HKYm1*fF5NlI8vfUSxsK7AMF9-jWe4c2yejKcjjblcrpQ1WbLFRNJtLiYKwH9ny12cTqvX65QyRjWKFEEWxBik6NImDnz3PyLRBAGcBzmT*HEiD2VN7*4IemK6tC9XmiYsOqPvcg49oN5X2jFpGcPOytIL68xDHzxi1HO5elrcNe7CKv9QIVvamGLci39Kypc7dJgXVliFykebLlwhWcGpQ-hfamZD63FrtEVw8maKLeJqBh2WYKvFj4iIK1ANY-6sTUnGcL5ZR87bymZYAmMK-6e4U*NKzd37GN0fQ49uaRR8c8Dw-Vbr3E4Fg71fMrvFWlfwQ5q5Wikhlm-S-HRYvNK79uN1GkHTdL7*NQekpp0piQbko0sAisOSORGj92v-TOO5DvIhKOrXYYhroG1bSRb0jiT0*NDMBMVVOCW5ShWNvguEmuwGqJ*54-F4DbjidCXpDnhIoU8cUVZ*ZMCJeZhwfqIDxUcWDZiDRnQyBfcZEetkYpdPOsGvVJm8pMQcOV-LRD4Sre-xi6Eoh44gC0GD8saEv8lSC9z-ernKSPFUf2Ag6ayRGo*HgDThod-v5swmMEtbrK*88UKuxpbfQGY6f2ad5EMNOW849XXiC7*iY9mVEsW0aRA1lje6NXQHB9ylCXpSmlZm*bH9xNWL4EftRaNk5i17QeK-mp7y6fuIGK10yQ0dd908WUdd2ZiLbgr4Et*NgdUZshfGECEAsO199HU-bwamK-eo8jRxft6KtvuLLaDC7G4w4T5HXj4yW5aBOeoIUB2iOd69fAVMTLyMO85NtxIkAkMB9zWjZoAHwjvjCtj8W54EOJ2w4-5l8PTmHin5yTc3D6WG9N4SF0b7skrMBRRMD14JwY8Ojlrj3Tr14zTtACcPJWsYSCVbDeOHDh*2AX8GIGVnVn7YJQLephxabGRb-29*k*kuQACAAAAuty8CgAAAAA&amp;rclid=e6f5f27b47e3c810&amp;cost=202.21862&amp;tp=",
   "type": "iframe",
   "url": "https://dsp-rambler.ru/imp/631292055/?url=o0nLaHPZQ1EJEjMbfmmcs7Rdq1Luvl5Y0KZeCnkV0radZAyr6MG7q-UCgync9I6YMaeKP4Deg3UdvrrL1RUWCuFYylibicIg1E9ZLKLu5z8isao34WVvKBcWRQmCszMJ4Dc3VXhh2wg9lpCzmaywKRk-c4FBykilaSt3-cZhESIHQ3SU3ZIm3IIC*lwWGuSRMQP7KJSB5oTivZ3JOerZPk0uAmR63d8c5T9ZIFAPpOc1HrbA807tHcnRpsEP1yptbK8mAYVojPDswSH7st*mSpyCSLIQBgMyAqChi8oIQr5GScbyTWksOV2aPPTKMjbXBidsc5NhlY3GLvJuqO8qJi2mx*wV8ye7Uv6vzzzV5nooEB2U3j-tvjtCkhiDt-nvR8R7uUEAl8tL1qaw7YwP*QTvsBdLJHdi6f*zAEt8gpRqQiHDw*KGPxtOBr8oKAzD0ICvbJyoSjKThP3mxermGONqLm7alv5lv20cwB20lNW7GtcM32DYAKezJ3OzFSLwJFoeV1cil49WyTCFeIHQ8PBb05BcQ9eLbJEOnjZlfVY0aguRsc84VZ3rsJGgUSsLMNaaAQx4Y8nXW7kLIaDGIUEHS3nbF4w3gh7K-tcHp1XcnKLDLggceUe2Astev--Zl23gmU7sNLPZ1OGoxK8JbzOEPCNrRe3UrvhC1mHEx74SeXoB0wbHLD3-vu8-3Lb5mXr9kS5-vDqN61cYsatAs9jJ2bpI-SvwVOybEqt367exYHLikuPVEoFIVVzXiaDfzrgeJyKhBN*3XmKo5U8Uf-PdHSO4pKdflHYfAX9ytaoy7FlhzEefcdgFza5W38OK35Yuser8qe8UWufiRMfERLlOvyFz0vdydX64ux4d-YeApKAHuZpfJ-j1BcNsLie-*vu8TLnxo1dW7cn00dzhVG8dLeGysWWjp6Rr4Hw-SUcDVOjQAcojzsdxBebc2c7HKYm1*fF5NlI8vfUSxsK7AMF9-jWe4c2yejKcjjblcrpQ1WbLFRNJtLiYKwH9ny12cTqvX65QyRjWKFEEWxBik6NImDnz3PyLRBAGcBzmT*HEiD2VN7*4IemK6tC9XmiYsOqPvcg49oN5X2jFpGcPOytIL68xDHzxi1HO5elrcNe7CKv9QIVvamGLci39Kypc7dJgXVliFykebLlwhWcGpQ-hfamZD63FrtEVw8maKLeJqBh2WYKvFj4iIK1ANY-6sTUnGcL5ZR87bymZYAmMK-6e4U*NKzd37GN0fQ49uaRR8c8Dw-Vbr3E4Fg71fMrvFWlfwQ5q5Wikhlm-S-HRYvNK79uN1GkHTdL7*NQekpp0piQbko0sAisOSORGj92v-TOO5DvIhKOrXYYhroG1bSRb0jiT0*NDMBMVVOCW5ShWNvguEmuwGqJ*54-F4DbjidCXpDnhIoU8cUVZ*ZMCJeZhwfqIDxUcWDZiDRnQyBfcZEetkYpdPOsGvVJm8pMQcOV-LRD4Sre-xi6Eoh44gC0GD8saEv8lSC9z-ernKSPFUf2Ag6ayRGo*HgDThod-v5swmMEtbrK*88UKuxpbfQGY6f2ad5EMNOW849XXiC7*iY9mVEsW0aRA1lje6NXQHB9ylCXpSmlZm*bH9xNWL4EftRaNk5i17QeK-mp7y6fuIGK10yQ0dd908WUdd2ZiLbgr4Et*NgdUZshfGECEAsO199HU-bwamK-eo8jRxft6KtvuLLaDC7G4w4T5HXj4yW5aBOeoIUB2iOd69fAVMTLyMO85NtxIkAkMB9zWjZoAHwjvjCtj8W54EOJ2w4-5l8PTmHin5yTc3D6WG9N4SF0b7skrMBRRMD14JwY8Ojlrj3Tr14zTtACcPJWsYSCVbDeOHDh*2AX8GIGVnVn7YJQLephxabGRb-29*k*kuQACAAAAuty8CgAAAAA&rclid=e6f5f27b47e3c810&cost=202.21862&tp=",
   "webSocketDebuggerUrl": "ws://localhost:56370/devtools/page/9D347EC619C38B72199CAD9AAD4E364D"
}, {
   "description": "",
   "devtoolsFrontendUrl": "/devtools/inspector.html?ws=localhost:56370/devtools/page/F3EC318757F0505B82DA5C0D952E8103",
   "faviconUrl": "https://www.rambler.ru/favicon/favicon-32x32.png",
   "id": "F3EC318757F0505B82DA5C0D952E8103",
   "parentId": "F04678564F21ED2B83F8A3B03BF6A49A",
   "title": "https://ls.hit.gemius.pl/lsget.html",
   "type": "iframe",
   "url": "https://ls.hit.gemius.pl/lsget.html",
   "webSocketDebuggerUrl": "ws://localhost:56370/devtools/page/F3EC318757F0505B82DA5C0D952E8103"
}, {
   "description": "",
   "devtoolsFrontendUrl": "/devtools/inspector.html?ws=localhost:56370/devtools/page/F484F499216FC8B8CE60AFF6B193B869",
   "faviconUrl": "https://www.rambler.ru/favicon/favicon-32x32.png",
   "id": "F484F499216FC8B8CE60AFF6B193B869",
   "parentId": "F04678564F21ED2B83F8A3B03BF6A49A",
   "title": "https://www.google.com/recaptcha/api2/aframe",
   "type": "iframe",
   "url": "https://www.google.com/recaptcha/api2/aframe",
   "webSocketDebuggerUrl": "ws://localhost:56370/devtools/page/F484F499216FC8B8CE60AFF6B193B869"
}, {
   "description": "",
   "devtoolsFrontendUrl": "/devtools/inspector.html?ws=localhost:56370/devtools/page/C32AA4A4F2BA2890C9C7625444AA276F",
   "faviconUrl": "https://www.rambler.ru/favicon/favicon-32x32.png",
   "id": "C32AA4A4F2BA2890C9C7625444AA276F",
   "parentId": "F04678564F21ED2B83F8A3B03BF6A49A",
   "title": "https://www.google.com/recaptcha/api2/aframe",
   "type": "iframe",
   "url": "https://www.google.com/recaptcha/api2/aframe",
   "webSocketDebuggerUrl": "ws://localhost:56370/devtools/page/C32AA4A4F2BA2890C9C7625444AA276F"
}, {
   "description": "",
   "devtoolsFrontendUrl": "/devtools/inspector.html?ws=localhost:56370/devtools/page/6344B34A9CC8670D7F832C0D4B615D44",
   "faviconUrl": "https://www.rambler.ru/favicon/favicon-32x32.png",
   "id": "6344B34A9CC8670D7F832C0D4B615D44",
   "parentId": "F04678564F21ED2B83F8A3B03BF6A49A",
   "title": "https://13ab988306a97e83b928c4dac4459b8c.safeframe.googlesyndication.com/safeframe/1-0-38/html/container.html?n=1",
   "type": "iframe",
   "url": "https://13ab988306a97e83b928c4dac4459b8c.safeframe.googlesyndication.com/safeframe/1-0-38/html/container.html?n=1",
   "webSocketDebuggerUrl": "ws://localhost:56370/devtools/page/6344B34A9CC8670D7F832C0D4B615D44"
}, {
   "description": "",
   "devtoolsFrontendUrl": "/devtools/inspector.html?ws=localhost:56370/devtools/page/BB7003F7C30F7AB4C83A616F9A4D46BC",
   "id": "BB7003F7C30F7AB4C83A616F9A4D46BC",
   "title": "Service Worker https://www.rambler.ru/sw-desktop.js",
   "type": "service_worker",
   "url": "https://www.rambler.ru/sw-desktop.js",
   "webSocketDebuggerUrl": "ws://localhost:56370/devtools/page/BB7003F7C30F7AB4C83A616F9A4D46BC"
} ]

[1643918782.339][DEBUG]: DevTools HTTP Request: http://localhost:56370/json/list
[1643918782.341][DEBUG]: DevTools HTTP Response: [ {
   "description": "",
   "devtoolsFrontendUrl": "/devtools/inspector.html?ws=localhost:56370/devtools/page/FA4EFB36F17AB2A915AFF96FAA35A668",
   "faviconUrl": "https://www.rambler.ru/favicon/favicon-32x32.png",
   "id": "FA4EFB36F17AB2A915AFF96FAA35A668",
   "parentId": "F04678564F21ED2B83F8A3B03BF6A49A",
   "title": "https://eaea91cae776059ca52e3775bce47ff6.safeframe.googlesyndication.com/safeframe/1-0-38/html/container.html",
   "type": "iframe",
   "url": "https://eaea91cae776059ca52e3775bce47ff6.safeframe.googlesyndication.com/safeframe/1-0-38/html/container.html",
   "webSocketDebuggerUrl": "ws://localhost:56370/devtools/page/FA4EFB36F17AB2A915AFF96FAA35A668"
}, {
   "description": "",
   "devtoolsFrontendUrl": "/devtools/inspector.html?ws=localhost:56370/devtools/page/F04678564F21ED2B83F8A3B03BF6A49A",
   "faviconUrl": "https://www.rambler.ru/favicon/favicon-32x32.png",
   "id": "F04678564F21ED2B83F8A3B03BF6A49A",
   "title": "Рамблер/новости, почта и поиск — медийный портал: новости России и мира, электронная почта, погода, развлекательные и коммуникационные сервисы. Новости сегодня и сейчас",
   "type": "page",
   "url": "https://www.rambler.ru/",
   "webSocketDebuggerUrl": "ws://localhost:56370/devtools/page/F04678564F21ED2B83F8A3B03BF6A49A"
}, {
   "description": "",
   "devtoolsFrontendUrl": "/devtools/inspector.html?ws=localhost:56370/devtools/page/9D347EC619C38B72199CAD9AAD4E364D",
   "faviconUrl": "https://www.rambler.ru/favicon/favicon-32x32.png",
   "id": "9D347EC619C38B72199CAD9AAD4E364D",
   "parentId": "F04678564F21ED2B83F8A3B03BF6A49A",
   "title": "https://dsp-rambler.ru/imp/631292055/?url=o0nLaHPZQ1EJEjMbfmmcs7Rdq1Luvl5Y0KZeCnkV0radZAyr6MG7q-UCgync9I6YMaeKP4Deg3UdvrrL1RUWCuFYylibicIg1E9ZLKLu5z8isao34WVvKBcWRQmCszMJ4Dc3VXhh2wg9lpCzmaywKRk-c4FBykilaSt3-cZhESIHQ3SU3ZIm3IIC*lwWGuSRMQP7KJSB5oTivZ3JOerZPk0uAmR63d8c5T9ZIFAPpOc1HrbA807tHcnRpsEP1yptbK8mAYVojPDswSH7st*mSpyCSLIQBgMyAqChi8oIQr5GScbyTWksOV2aPPTKMjbXBidsc5NhlY3GLvJuqO8qJi2mx*wV8ye7Uv6vzzzV5nooEB2U3j-tvjtCkhiDt-nvR8R7uUEAl8tL1qaw7YwP*QTvsBdLJHdi6f*zAEt8gpRqQiHDw*KGPxtOBr8oKAzD0ICvbJyoSjKThP3mxermGONqLm7alv5lv20cwB20lNW7GtcM32DYAKezJ3OzFSLwJFoeV1cil49WyTCFeIHQ8PBb05BcQ9eLbJEOnjZlfVY0aguRsc84VZ3rsJGgUSsLMNaaAQx4Y8nXW7kLIaDGIUEHS3nbF4w3gh7K-tcHp1XcnKLDLggceUe2Astev--Zl23gmU7sNLPZ1OGoxK8JbzOEPCNrRe3UrvhC1mHEx74SeXoB0wbHLD3-vu8-3Lb5mXr9kS5-vDqN61cYsatAs9jJ2bpI-SvwVOybEqt367exYHLikuPVEoFIVVzXiaDfzrgeJyKhBN*3XmKo5U8Uf-PdHSO4pKdflHYfAX9ytaoy7FlhzEefcdgFza5W38OK35Yuser8qe8UWufiRMfERLlOvyFz0vdydX64ux4d-YeApKAHuZpfJ-j1BcNsLie-*vu8TLnxo1dW7cn00dzhVG8dLeGysWWjp6Rr4Hw-SUcDVOjQAcojzsdxBebc2c7HKYm1*fF5NlI8vfUSxsK7AMF9-jWe4c2yejKcjjblcrpQ1WbLFRNJtLiYKwH9ny12cTqvX65QyRjWKFEEWxBik6NImDnz3PyLRBAGcBzmT*HEiD2VN7*4IemK6tC9XmiYsOqPvcg49oN5X2jFpGcPOytIL68xDHzxi1HO5elrcNe7CKv9QIVvamGLci39Kypc7dJgXVliFykebLlwhWcGpQ-hfamZD63FrtEVw8maKLeJqBh2WYKvFj4iIK1ANY-6sTUnGcL5ZR87bymZYAmMK-6e4U*NKzd37GN0fQ49uaRR8c8Dw-Vbr3E4Fg71fMrvFWlfwQ5q5Wikhlm-S-HRYvNK79uN1GkHTdL7*NQekpp0piQbko0sAisOSORGj92v-TOO5DvIhKOrXYYhroG1bSRb0jiT0*NDMBMVVOCW5ShWNvguEmuwGqJ*54-F4DbjidCXpDnhIoU8cUVZ*ZMCJeZhwfqIDxUcWDZiDRnQyBfcZEetkYpdPOsGvVJm8pMQcOV-LRD4Sre-xi6Eoh44gC0GD8saEv8lSC9z-ernKSPFUf2Ag6ayRGo*HgDThod-v5swmMEtbrK*88UKuxpbfQGY6f2ad5EMNOW849XXiC7*iY9mVEsW0aRA1lje6NXQHB9ylCXpSmlZm*bH9xNWL4EftRaNk5i17QeK-mp7y6fuIGK10yQ0dd908WUdd2ZiLbgr4Et*NgdUZshfGECEAsO199HU-bwamK-eo8jRxft6KtvuLLaDC7G4w4T5HXj4yW5aBOeoIUB2iOd69fAVMTLyMO85NtxIkAkMB9zWjZoAHwjvjCtj8W54EOJ2w4-5l8PTmHin5yTc3D6WG9N4SF0b7skrMBRRMD14JwY8Ojlrj3Tr14zTtACcPJWsYSCVbDeOHDh*2AX8GIGVnVn7YJQLephxabGRb-29*k*kuQACAAAAuty8CgAAAAA&amp;rclid=e6f5f27b47e3c810&amp;cost=202.21862&amp;tp=",
   "type": "iframe",
   "url": "https://dsp-rambler.ru/imp/631292055/?url=o0nLaHPZQ1EJEjMbfmmcs7Rdq1Luvl5Y0KZeCnkV0radZAyr6MG7q-UCgync9I6YMaeKP4Deg3UdvrrL1RUWCuFYylibicIg1E9ZLKLu5z8isao34WVvKBcWRQmCszMJ4Dc3VXhh2wg9lpCzmaywKRk-c4FBykilaSt3-cZhESIHQ3SU3ZIm3IIC*lwWGuSRMQP7KJSB5oTivZ3JOerZPk0uAmR63d8c5T9ZIFAPpOc1HrbA807tHcnRpsEP1yptbK8mAYVojPDswSH7st*mSpyCSLIQBgMyAqChi8oIQr5GScbyTWksOV2aPPTKMjbXBidsc5NhlY3GLvJuqO8qJi2mx*wV8ye7Uv6vzzzV5nooEB2U3j-tvjtCkhiDt-nvR8R7uUEAl8tL1qaw7YwP*QTvsBdLJHdi6f*zAEt8gpRqQiHDw*KGPxtOBr8oKAzD0ICvbJyoSjKThP3mxermGONqLm7alv5lv20cwB20lNW7GtcM32DYAKezJ3OzFSLwJFoeV1cil49WyTCFeIHQ8PBb05BcQ9eLbJEOnjZlfVY0aguRsc84VZ3rsJGgUSsLMNaaAQx4Y8nXW7kLIaDGIUEHS3nbF4w3gh7K-tcHp1XcnKLDLggceUe2Astev--Zl23gmU7sNLPZ1OGoxK8JbzOEPCNrRe3UrvhC1mHEx74SeXoB0wbHLD3-vu8-3Lb5mXr9kS5-vDqN61cYsatAs9jJ2bpI-SvwVOybEqt367exYHLikuPVEoFIVVzXiaDfzrgeJyKhBN*3XmKo5U8Uf-PdHSO4pKdflHYfAX9ytaoy7FlhzEefcdgFza5W38OK35Yuser8qe8UWufiRMfERLlOvyFz0vdydX64ux4d-YeApKAHuZpfJ-j1BcNsLie-*vu8TLnxo1dW7cn00dzhVG8dLeGysWWjp6Rr4Hw-SUcDVOjQAcojzsdxBebc2c7HKYm1*fF5NlI8vfUSxsK7AMF9-jWe4c2yejKcjjblcrpQ1WbLFRNJtLiYKwH9ny12cTqvX65QyRjWKFEEWxBik6NImDnz3PyLRBAGcBzmT*HEiD2VN7*4IemK6tC9XmiYsOqPvcg49oN5X2jFpGcPOytIL68xDHzxi1HO5elrcNe7CKv9QIVvamGLci39Kypc7dJgXVliFykebLlwhWcGpQ-hfamZD63FrtEVw8maKLeJqBh2WYKvFj4iIK1ANY-6sTUnGcL5ZR87bymZYAmMK-6e4U*NKzd37GN0fQ49uaRR8c8Dw-Vbr3E4Fg71fMrvFWlfwQ5q5Wikhlm-S-HRYvNK79uN1GkHTdL7*NQekpp0piQbko0sAisOSORGj92v-TOO5DvIhKOrXYYhroG1bSRb0jiT0*NDMBMVVOCW5ShWNvguEmuwGqJ*54-F4DbjidCXpDnhIoU8cUVZ*ZMCJeZhwfqIDxUcWDZiDRnQyBfcZEetkYpdPOsGvVJm8pMQcOV-LRD4Sre-xi6Eoh44gC0GD8saEv8lSC9z-ernKSPFUf2Ag6ayRGo*HgDThod-v5swmMEtbrK*88UKuxpbfQGY6f2ad5EMNOW849XXiC7*iY9mVEsW0aRA1lje6NXQHB9ylCXpSmlZm*bH9xNWL4EftRaNk5i17QeK-mp7y6fuIGK10yQ0dd908WUdd2ZiLbgr4Et*NgdUZshfGECEAsO199HU-bwamK-eo8jRxft6KtvuLLaDC7G4w4T5HXj4yW5aBOeoIUB2iOd69fAVMTLyMO85NtxIkAkMB9zWjZoAHwjvjCtj8W54EOJ2w4-5l8PTmHin5yTc3D6WG9N4SF0b7skrMBRRMD14JwY8Ojlrj3Tr14zTtACcPJWsYSCVbDeOHDh*2AX8GIGVnVn7YJQLephxabGRb-29*k*kuQACAAAAuty8CgAAAAA&rclid=e6f5f27b47e3c810&cost=202.21862&tp=",
   "webSocketDebuggerUrl": "ws://localhost:56370/devtools/page/9D347EC619C38B72199CAD9AAD4E364D"
}, {
   "description": "",
   "devtoolsFrontendUrl": "/devtools/inspector.html?ws=localhost:56370/devtools/page/F3EC318757F0505B82DA5C0D952E8103",
   "faviconUrl": "https://www.rambler.ru/favicon/favicon-32x32.png",
   "id": "F3EC318757F0505B82DA5C0D952E8103",
   "parentId": "F04678564F21ED2B83F8A3B03BF6A49A",
   "title": "https://ls.hit.gemius.pl/lsget.html",
   "type": "iframe",
   "url": "https://ls.hit.gemius.pl/lsget.html",
   "webSocketDebuggerUrl": "ws://localhost:56370/devtools/page/F3EC318757F0505B82DA5C0D952E8103"
}, {
   "description": "",
   "devtoolsFrontendUrl": "/devtools/inspector.html?ws=localhost:56370/devtools/page/F484F499216FC8B8CE60AFF6B193B869",
   "faviconUrl": "https://www.rambler.ru/favicon/favicon-32x32.png",
   "id": "F484F499216FC8B8CE60AFF6B193B869",
   "parentId": "F04678564F21ED2B83F8A3B03BF6A49A",
   "title": "https://www.google.com/recaptcha/api2/aframe",
   "type": "iframe",
   "url": "https://www.google.com/recaptcha/api2/aframe",
   "webSocketDebuggerUrl": "ws://localhost:56370/devtools/page/F484F499216FC8B8CE60AFF6B193B869"
}, {
   "description": "",
   "devtoolsFrontendUrl": "/devtools/inspector.html?ws=localhost:56370/devtools/page/C32AA4A4F2BA2890C9C7625444AA276F",
   "faviconUrl": "https://www.rambler.ru/favicon/favicon-32x32.png",
   "id": "C32AA4A4F2BA2890C9C7625444AA276F",
   "parentId": "F04678564F21ED2B83F8A3B03BF6A49A",
   "title": "https://www.google.com/recaptcha/api2/aframe",
   "type": "iframe",
   "url": "https://www.google.com/recaptcha/api2/aframe",
   "webSocketDebuggerUrl": "ws://localhost:56370/devtools/page/C32AA4A4F2BA2890C9C7625444AA276F"
}, {
   "description": "",
   "devtoolsFrontendUrl": "/devtools/inspector.html?ws=localhost:56370/devtools/page/6344B34A9CC8670D7F832C0D4B615D44",
   "faviconUrl": "https://www.rambler.ru/favicon/favicon-32x32.png",
   "id": "6344B34A9CC8670D7F832C0D4B615D44",
   "parentId": "F04678564F21ED2B83F8A3B03BF6A49A",
   "title": "https://13ab988306a97e83b928c4dac4459b8c.safeframe.googlesyndication.com/safeframe/1-0-38/html/container.html?n=1",
   "type": "iframe",
   "url": "https://13ab988306a97e83b928c4dac4459b8c.safeframe.googlesyndication.com/safeframe/1-0-38/html/container.html?n=1",
   "webSocketDebuggerUrl": "ws://localhost:56370/devtools/page/6344B34A9CC8670D7F832C0D4B615D44"
}, {
   "description": "",
   "devtoolsFrontendUrl": "/devtools/inspector.html?ws=localhost:56370/devtools/page/BB7003F7C30F7AB4C83A616F9A4D46BC",
   "id": "BB7003F7C30F7AB4C83A616F9A4D46BC",
   "title": "Service Worker https://www.rambler.ru/sw-desktop.js",
   "type": "service_worker",
   "url": "https://www.rambler.ru/sw-desktop.js",
   "webSocketDebuggerUrl": "ws://localhost:56370/devtools/page/BB7003F7C30F7AB4C83A616F9A4D46BC"
} ]

[1643918782.391][DEBUG]: DevTools HTTP Request: http://localhost:56370/json/list
[1643918782.394][DEBUG]: DevTools HTTP Response: [ {
   "description": "",
   "devtoolsFrontendUrl": "/devtools/inspector.html?ws=localhost:56370/devtools/page/FA4EFB36F17AB2A915AFF96FAA35A668",
   "faviconUrl": "https://www.rambler.ru/favicon/favicon-32x32.png",
   "id": "FA4EFB36F17AB2A915AFF96FAA35A668",
   "parentId": "F04678564F21ED2B83F8A3B03BF6A49A",
   "title": "https://eaea91cae776059ca52e3775bce47ff6.safeframe.googlesyndication.com/safeframe/1-0-38/html/container.html",
   "type": "iframe",
   "url": "https://eaea91cae776059ca52e3775bce47ff6.safeframe.googlesyndication.com/safeframe/1-0-38/html/container.html",
   "webSocketDebuggerUrl": "ws://localhost:56370/devtools/page/FA4EFB36F17AB2A915AFF96FAA35A668"
}, {
   "description": "",
   "devtoolsFrontendUrl": "/devtools/inspector.html?ws=localhost:56370/devtools/page/F04678564F21ED2B83F8A3B03BF6A49A",
   "faviconUrl": "https://www.rambler.ru/favicon/favicon-32x32.png",
   "id": "F04678564F21ED2B83F8A3B03BF6A49A",
   "title": "Рамблер/новости, почта и поиск — медийный портал: новости России и мира, электронная почта, погода, развлекательные и коммуникационные сервисы. Новости сегодня и сейчас",
   "type": "page",
   "url": "https://www.rambler.ru/",
   "webSocketDebuggerUrl": "ws://localhost:56370/devtools/page/F04678564F21ED2B83F8A3B03BF6A49A"
}, {
   "description": "",
   "devtoolsFrontendUrl": "/devtools/inspector.html?ws=localhost:56370/devtools/page/9D347EC619C38B72199CAD9AAD4E364D",
   "faviconUrl": "https://www.rambler.ru/favicon/favicon-32x32.png",
   "id": "9D347EC619C38B72199CAD9AAD4E364D",
   "parentId": "F04678564F21ED2B83F8A3B03BF6A49A",
   "title": "https://dsp-rambler.ru/imp/631292055/?url=o0nLaHPZQ1EJEjMbfmmcs7Rdq1Luvl5Y0KZeCnkV0radZAyr6MG7q-UCgync9I6YMaeKP4Deg3UdvrrL1RUWCuFYylibicIg1E9ZLKLu5z8isao34WVvKBcWRQmCszMJ4Dc3VXhh2wg9lpCzmaywKRk-c4FBykilaSt3-cZhESIHQ3SU3ZIm3IIC*lwWGuSRMQP7KJSB5oTivZ3JOerZPk0uAmR63d8c5T9ZIFAPpOc1HrbA807tHcnRpsEP1yptbK8mAYVojPDswSH7st*mSpyCSLIQBgMyAqChi8oIQr5GScbyTWksOV2aPPTKMjbXBidsc5NhlY3GLvJuqO8qJi2mx*wV8ye7Uv6vzzzV5nooEB2U3j-tvjtCkhiDt-nvR8R7uUEAl8tL1qaw7YwP*QTvsBdLJHdi6f*zAEt8gpRqQiHDw*KGPxtOBr8oKAzD0ICvbJyoSjKThP3mxermGONqLm7alv5lv20cwB20lNW7GtcM32DYAKezJ3OzFSLwJFoeV1cil49WyTCFeIHQ8PBb05BcQ9eLbJEOnjZlfVY0aguRsc84VZ3rsJGgUSsLMNaaAQx4Y8nXW7kLIaDGIUEHS3nbF4w3gh7K-tcHp1XcnKLDLggceUe2Astev--Zl23gmU7sNLPZ1OGoxK8JbzOEPCNrRe3UrvhC1mHEx74SeXoB0wbHLD3-vu8-3Lb5mXr9kS5-vDqN61cYsatAs9jJ2bpI-SvwVOybEqt367exYHLikuPVEoFIVVzXiaDfzrgeJyKhBN*3XmKo5U8Uf-PdHSO4pKdflHYfAX9ytaoy7FlhzEefcdgFza5W38OK35Yuser8qe8UWufiRMfERLlOvyFz0vdydX64ux4d-YeApKAHuZpfJ-j1BcNsLie-*vu8TLnxo1dW7cn00dzhVG8dLeGysWWjp6Rr4Hw-SUcDVOjQAcojzsdxBebc2c7HKYm1*fF5NlI8vfUSxsK7AMF9-jWe4c2yejKcjjblcrpQ1WbLFRNJtLiYKwH9ny12cTqvX65QyRjWKFEEWxBik6NImDnz3PyLRBAGcBzmT*HEiD2VN7*4IemK6tC9XmiYsOqPvcg49oN5X2jFpGcPOytIL68xDHzxi1HO5elrcNe7CKv9QIVvamGLci39Kypc7dJgXVliFykebLlwhWcGpQ-hfamZD63FrtEVw8maKLeJqBh2WYKvFj4iIK1ANY-6sTUnGcL5ZR87bymZYAmMK-6e4U*NKzd37GN0fQ49uaRR8c8Dw-Vbr3E4Fg71fMrvFWlfwQ5q5Wikhlm-S-HRYvNK79uN1GkHTdL7*NQekpp0piQbko0sAisOSORGj92v-TOO5DvIhKOrXYYhroG1bSRb0jiT0*NDMBMVVOCW5ShWNvguEmuwGqJ*54-F4DbjidCXpDnhIoU8cUVZ*ZMCJeZhwfqIDxUcWDZiDRnQyBfcZEetkYpdPOsGvVJm8pMQcOV-LRD4Sre-xi6Eoh44gC0GD8saEv8lSC9z-ernKSPFUf2Ag6ayRGo*HgDThod-v5swmMEtbrK*88UKuxpbfQGY6f2ad5EMNOW849XXiC7*iY9mVEsW0aRA1lje6NXQHB9ylCXpSmlZm*bH9xNWL4EftRaNk5i17QeK-mp7y6fuIGK10yQ0dd908WUdd2ZiLbgr4Et*NgdUZshfGECEAsO199HU-bwamK-eo8jRxft6KtvuLLaDC7G4w4T5HXj4yW5aBOeoIUB2iOd69fAVMTLyMO85NtxIkAkMB9zWjZoAHwjvjCtj8W54EOJ2w4-5l8PTmHin5yTc3D6WG9N4SF0b7skrMBRRMD14JwY8Ojlrj3Tr14zTtACcPJWsYSCVbDeOHDh*2AX8GIGVnVn7YJQLephxabGRb-29*k*kuQACAAAAuty8CgAAAAA&amp;rclid=e6f5f27b47e3c810&amp;cost=202.21862&amp;tp=",
   "type": "iframe",
   "url": "https://dsp-rambler.ru/imp/631292055/?url=o0nLaHPZQ1EJEjMbfmmcs7Rdq1Luvl5Y0KZeCnkV0radZAyr6MG7q-UCgync9I6YMaeKP4Deg3UdvrrL1RUWCuFYylibicIg1E9ZLKLu5z8isao34WVvKBcWRQmCszMJ4Dc3VXhh2wg9lpCzmaywKRk-c4FBykilaSt3-cZhESIHQ3SU3ZIm3IIC*lwWGuSRMQP7KJSB5oTivZ3JOerZPk0uAmR63d8c5T9ZIFAPpOc1HrbA807tHcnRpsEP1yptbK8mAYVojPDswSH7st*mSpyCSLIQBgMyAqChi8oIQr5GScbyTWksOV2aPPTKMjbXBidsc5NhlY3GLvJuqO8qJi2mx*wV8ye7Uv6vzzzV5nooEB2U3j-tvjtCkhiDt-nvR8R7uUEAl8tL1qaw7YwP*QTvsBdLJHdi6f*zAEt8gpRqQiHDw*KGPxtOBr8oKAzD0ICvbJyoSjKThP3mxermGONqLm7alv5lv20cwB20lNW7GtcM32DYAKezJ3OzFSLwJFoeV1cil49WyTCFeIHQ8PBb05BcQ9eLbJEOnjZlfVY0aguRsc84VZ3rsJGgUSsLMNaaAQx4Y8nXW7kLIaDGIUEHS3nbF4w3gh7K-tcHp1XcnKLDLggceUe2Astev--Zl23gmU7sNLPZ1OGoxK8JbzOEPCNrRe3UrvhC1mHEx74SeXoB0wbHLD3-vu8-3Lb5mXr9kS5-vDqN61cYsatAs9jJ2bpI-SvwVOybEqt367exYHLikuPVEoFIVVzXiaDfzrgeJyKhBN*3XmKo5U8Uf-PdHSO4pKdflHYfAX9ytaoy7FlhzEefcdgFza5W38OK35Yuser8qe8UWufiRMfERLlOvyFz0vdydX64ux4d-YeApKAHuZpfJ-j1BcNsLie-*vu8TLnxo1dW7cn00dzhVG8dLeGysWWjp6Rr4Hw-SUcDVOjQAcojzsdxBebc2c7HKYm1*fF5NlI8vfUSxsK7AMF9-jWe4c2yejKcjjblcrpQ1WbLFRNJtLiYKwH9ny12cTqvX65QyRjWKFEEWxBik6NImDnz3PyLRBAGcBzmT*HEiD2VN7*4IemK6tC9XmiYsOqPvcg49oN5X2jFpGcPOytIL68xDHzxi1HO5elrcNe7CKv9QIVvamGLci39Kypc7dJgXVliFykebLlwhWcGpQ-hfamZD63FrtEVw8maKLeJqBh2WYKvFj4iIK1ANY-6sTUnGcL5ZR87bymZYAmMK-6e4U*NKzd37GN0fQ49uaRR8c8Dw-Vbr3E4Fg71fMrvFWlfwQ5q5Wikhlm-S-HRYvNK79uN1GkHTdL7*NQekpp0piQbko0sAisOSORGj92v-TOO5DvIhKOrXYYhroG1bSRb0jiT0*NDMBMVVOCW5ShWNvguEmuwGqJ*54-F4DbjidCXpDnhIoU8cUVZ*ZMCJeZhwfqIDxUcWDZiDRnQyBfcZEetkYpdPOsGvVJm8pMQcOV-LRD4Sre-xi6Eoh44gC0GD8saEv8lSC9z-ernKSPFUf2Ag6ayRGo*HgDThod-v5swmMEtbrK*88UKuxpbfQGY6f2ad5EMNOW849XXiC7*iY9mVEsW0aRA1lje6NXQHB9ylCXpSmlZm*bH9xNWL4EftRaNk5i17QeK-mp7y6fuIGK10yQ0dd908WUdd2ZiLbgr4Et*NgdUZshfGECEAsO199HU-bwamK-eo8jRxft6KtvuLLaDC7G4w4T5HXj4yW5aBOeoIUB2iOd69fAVMTLyMO85NtxIkAkMB9zWjZoAHwjvjCtj8W54EOJ2w4-5l8PTmHin5yTc3D6WG9N4SF0b7skrMBRRMD14JwY8Ojlrj3Tr14zTtACcPJWsYSCVbDeOHDh*2AX8GIGVnVn7YJQLephxabGRb-29*k*kuQACAAAAuty8CgAAAAA&rclid=e6f5f27b47e3c810&cost=202.21862&tp=",
   "webSocketDebuggerUrl": "ws://localhost:56370/devtools/page/9D347EC619C38B72199CAD9AAD4E364D"
}, {
   "description": "",
   "devtoolsFrontendUrl": "/devtools/inspector.html?ws=localhost:56370/devtools/page/F3EC318757F0505B82DA5C0D952E8103",
   "faviconUrl": "https://www.rambler.ru/favicon/favicon-32x32.png",
   "id": "F3EC318757F0505B82DA5C0D952E8103",
   "parentId": "F04678564F21ED2B83F8A3B03BF6A49A",
   "title": "https://ls.hit.gemius.pl/lsget.html",
   "type": "iframe",
   "url": "https://ls.hit.gemius.pl/lsget.html",
   "webSocketDebuggerUrl": "ws://localhost:56370/devtools/page/F3EC318757F0505B82DA5C0D952E8103"
}, {
   "description": "",
   "devtoolsFrontendUrl": "/devtools/inspector.html?ws=localhost:56370/devtools/page/F484F499216FC8B8CE60AFF6B193B869",
   "faviconUrl": "https://www.rambler.ru/favicon/favicon-32x32.png",
   "id": "F484F499216FC8B8CE60AFF6B193B869",
   "parentId": "F04678564F21ED2B83F8A3B03BF6A49A",
   "title": "https://www.google.com/recaptcha/api2/aframe",
   "type": "iframe",
   "url": "https://www.google.com/recaptcha/api2/aframe",
   "webSocketDebuggerUrl": "ws://localhost:56370/devtools/page/F484F499216FC8B8CE60AFF6B193B869"
}, {
   "description": "",
   "devtoolsFrontendUrl": "/devtools/inspector.html?ws=localhost:56370/devtools/page/C32AA4A4F2BA2890C9C7625444AA276F",
   "faviconUrl": "https://www.rambler.ru/favicon/favicon-32x32.png",
   "id": "C32AA4A4F2BA2890C9C7625444AA276F",
   "parentId": "F04678564F21ED2B83F8A3B03BF6A49A",
   "title": "https://www.google.com/recaptcha/api2/aframe",
   "type": "iframe",
   "url": "https://www.google.com/recaptcha/api2/aframe",
   "webSocketDebuggerUrl": "ws://localhost:56370/devtools/page/C32AA4A4F2BA2890C9C7625444AA276F"
}, {
   "description": "",
   "devtoolsFrontendUrl": "/devtools/inspector.html?ws=localhost:56370/devtools/page/6344B34A9CC8670D7F832C0D4B615D44",
   "faviconUrl": "https://www.rambler.ru/favicon/favicon-32x32.png",
   "id": "6344B34A9CC8670D7F832C0D4B615D44",
   "parentId": "F04678564F21ED2B83F8A3B03BF6A49A",
   "title": "https://13ab988306a97e83b928c4dac4459b8c.safeframe.googlesyndication.com/safeframe/1-0-38/html/container.html?n=1",
   "type": "iframe",
   "url": "https://13ab988306a97e83b928c4dac4459b8c.safeframe.googlesyndication.com/safeframe/1-0-38/html/container.html?n=1",
   "webSocketDebuggerUrl": "ws://localhost:56370/devtools/page/6344B34A9CC8670D7F832C0D4B615D44"
}, {
   "description": "",
   "devtoolsFrontendUrl": "/devtools/inspector.html?ws=localhost:56370/devtools/page/BB7003F7C30F7AB4C83A616F9A4D46BC",
   "id": "BB7003F7C30F7AB4C83A616F9A4D46BC",
   "title": "Service Worker https://www.rambler.ru/sw-desktop.js",
   "type": "service_worker",
   "url": "https://www.rambler.ru/sw-desktop.js",
   "webSocketDebuggerUrl": "ws://localhost:56370/devtools/page/BB7003F7C30F7AB4C83A616F9A4D46BC"
} ]

[1643918782.445][DEBUG]: DevTools HTTP Request: http://localhost:56370/json/list
[1643918782.447][DEBUG]: DevTools HTTP Response: [ {
   "description": "",
   "devtoolsFrontendUrl": "/devtools/inspector.html?ws=localhost:56370/devtools/page/FA4EFB36F17AB2A915AFF96FAA35A668",
   "faviconUrl": "https://www.rambler.ru/favicon/favicon-32x32.png",
   "id": "FA4EFB36F17AB2A915AFF96FAA35A668",
   "parentId": "F04678564F21ED2B83F8A3B03BF6A49A",
   "title": "https://eaea91cae776059ca52e3775bce47ff6.safeframe.googlesyndication.com/safeframe/1-0-38/html/container.html",
   "type": "iframe",
   "url": "https://eaea91cae776059ca52e3775bce47ff6.safeframe.googlesyndication.com/safeframe/1-0-38/html/container.html",
   "webSocketDebuggerUrl": "ws://localhost:56370/devtools/page/FA4EFB36F17AB2A915AFF96FAA35A668"
}, {
   "description": "",
   "devtoolsFrontendUrl": "/devtools/inspector.html?ws=localhost:56370/devtools/page/F04678564F21ED2B83F8A3B03BF6A49A",
   "faviconUrl": "https://www.rambler.ru/favicon/favicon-32x32.png",
   "id": "F04678564F21ED2B83F8A3B03BF6A49A",
   "title": "Рамблер/новости, почта и поиск — медийный портал: новости России и мира, электронная почта, погода, развлекательные и коммуникационные сервисы. Новости сегодня и сейчас",
   "type": "page",
   "url": "https://www.rambler.ru/",
   "webSocketDebuggerUrl": "ws://localhost:56370/devtools/page/F04678564F21ED2B83F8A3B03BF6A49A"
}, {
   "description": "",
   "devtoolsFrontendUrl": "/devtools/inspector.html?ws=localhost:56370/devtools/page/9D347EC619C38B72199CAD9AAD4E364D",
   "faviconUrl": "https://www.rambler.ru/favicon/favicon-32x32.png",
   "id": "9D347EC619C38B72199CAD9AAD4E364D",
   "parentId": "F04678564F21ED2B83F8A3B03BF6A49A",
   "title": "https://dsp-rambler.ru/imp/631292055/?url=o0nLaHPZQ1EJEjMbfmmcs7Rdq1Luvl5Y0KZeCnkV0radZAyr6MG7q-UCgync9I6YMaeKP4Deg3UdvrrL1RUWCuFYylibicIg1E9ZLKLu5z8isao34WVvKBcWRQmCszMJ4Dc3VXhh2wg9lpCzmaywKRk-c4FBykilaSt3-cZhESIHQ3SU3ZIm3IIC*lwWGuSRMQP7KJSB5oTivZ3JOerZPk0uAmR63d8c5T9ZIFAPpOc1HrbA807tHcnRpsEP1yptbK8mAYVojPDswSH7st*mSpyCSLIQBgMyAqChi8oIQr5GScbyTWksOV2aPPTKMjbXBidsc5NhlY3GLvJuqO8qJi2mx*wV8ye7Uv6vzzzV5nooEB2U3j-tvjtCkhiDt-nvR8R7uUEAl8tL1qaw7YwP*QTvsBdLJHdi6f*zAEt8gpRqQiHDw*KGPxtOBr8oKAzD0ICvbJyoSjKThP3mxermGONqLm7alv5lv20cwB20lNW7GtcM32DYAKezJ3OzFSLwJFoeV1cil49WyTCFeIHQ8PBb05BcQ9eLbJEOnjZlfVY0aguRsc84VZ3rsJGgUSsLMNaaAQx4Y8nXW7kLIaDGIUEHS3nbF4w3gh7K-tcHp1XcnKLDLggceUe2Astev--Zl23gmU7sNLPZ1OGoxK8JbzOEPCNrRe3UrvhC1mHEx74SeXoB0wbHLD3-vu8-3Lb5mXr9kS5-vDqN61cYsatAs9jJ2bpI-SvwVOybEqt367exYHLikuPVEoFIVVzXiaDfzrgeJyKhBN*3XmKo5U8Uf-PdHSO4pKdflHYfAX9ytaoy7FlhzEefcdgFza5W38OK35Yuser8qe8UWufiRMfERLlOvyFz0vdydX64ux4d-YeApKAHuZpfJ-j1BcNsLie-*vu8TLnxo1dW7cn00dzhVG8dLeGysWWjp6Rr4Hw-SUcDVOjQAcojzsdxBebc2c7HKYm1*fF5NlI8vfUSxsK7AMF9-jWe4c2yejKcjjblcrpQ1WbLFRNJtLiYKwH9ny12cTqvX65QyRjWKFEEWxBik6NImDnz3PyLRBAGcBzmT*HEiD2VN7*4IemK6tC9XmiYsOqPvcg49oN5X2jFpGcPOytIL68xDHzxi1HO5elrcNe7CKv9QIVvamGLci39Kypc7dJgXVliFykebLlwhWcGpQ-hfamZD63FrtEVw8maKLeJqBh2WYKvFj4iIK1ANY-6sTUnGcL5ZR87bymZYAmMK-6e4U*NKzd37GN0fQ49uaRR8c8Dw-Vbr3E4Fg71fMrvFWlfwQ5q5Wikhlm-S-HRYvNK79uN1GkHTdL7*NQekpp0piQbko0sAisOSORGj92v-TOO5DvIhKOrXYYhroG1bSRb0jiT0*NDMBMVVOCW5ShWNvguEmuwGqJ*54-F4DbjidCXpDnhIoU8cUVZ*ZMCJeZhwfqIDxUcWDZiDRnQyBfcZEetkYpdPOsGvVJm8pMQcOV-LRD4Sre-xi6Eoh44gC0GD8saEv8lSC9z-ernKSPFUf2Ag6ayRGo*HgDThod-v5swmMEtbrK*88UKuxpbfQGY6f2ad5EMNOW849XXiC7*iY9mVEsW0aRA1lje6NXQHB9ylCXpSmlZm*bH9xNWL4EftRaNk5i17QeK-mp7y6fuIGK10yQ0dd908WUdd2ZiLbgr4Et*NgdUZshfGECEAsO199HU-bwamK-eo8jRxft6KtvuLLaDC7G4w4T5HXj4yW5aBOeoIUB2iOd69fAVMTLyMO85NtxIkAkMB9zWjZoAHwjvjCtj8W54EOJ2w4-5l8PTmHin5yTc3D6WG9N4SF0b7skrMBRRMD14JwY8Ojlrj3Tr14zTtACcPJWsYSCVbDeOHDh*2AX8GIGVnVn7YJQLephxabGRb-29*k*kuQACAAAAuty8CgAAAAA&amp;rclid=e6f5f27b47e3c810&amp;cost=202.21862&amp;tp=",
   "type": "iframe",
   "url": "https://dsp-rambler.ru/imp/631292055/?url=o0nLaHPZQ1EJEjMbfmmcs7Rdq1Luvl5Y0KZeCnkV0radZAyr6MG7q-UCgync9I6YMaeKP4Deg3UdvrrL1RUWCuFYylibicIg1E9ZLKLu5z8isao34WVvKBcWRQmCszMJ4Dc3VXhh2wg9lpCzmaywKRk-c4FBykilaSt3-cZhESIHQ3SU3ZIm3IIC*lwWGuSRMQP7KJSB5oTivZ3JOerZPk0uAmR63d8c5T9ZIFAPpOc1HrbA807tHcnRpsEP1yptbK8mAYVojPDswSH7st*mSpyCSLIQBgMyAqChi8oIQr5GScbyTWksOV2aPPTKMjbXBidsc5NhlY3GLvJuqO8qJi2mx*wV8ye7Uv6vzzzV5nooEB2U3j-tvjtCkhiDt-nvR8R7uUEAl8tL1qaw7YwP*QTvsBdLJHdi6f*zAEt8gpRqQiHDw*KGPxtOBr8oKAzD0ICvbJyoSjKThP3mxermGONqLm7alv5lv20cwB20lNW7GtcM32DYAKezJ3OzFSLwJFoeV1cil49WyTCFeIHQ8PBb05BcQ9eLbJEOnjZlfVY0aguRsc84VZ3rsJGgUSsLMNaaAQx4Y8nXW7kLIaDGIUEHS3nbF4w3gh7K-tcHp1XcnKLDLggceUe2Astev--Zl23gmU7sNLPZ1OGoxK8JbzOEPCNrRe3UrvhC1mHEx74SeXoB0wbHLD3-vu8-3Lb5mXr9kS5-vDqN61cYsatAs9jJ2bpI-SvwVOybEqt367exYHLikuPVEoFIVVzXiaDfzrgeJyKhBN*3XmKo5U8Uf-PdHSO4pKdflHYfAX9ytaoy7FlhzEefcdgFza5W38OK35Yuser8qe8UWufiRMfERLlOvyFz0vdydX64ux4d-YeApKAHuZpfJ-j1BcNsLie-*vu8TLnxo1dW7cn00dzhVG8dLeGysWWjp6Rr4Hw-SUcDVOjQAcojzsdxBebc2c7HKYm1*fF5NlI8vfUSxsK7AMF9-jWe4c2yejKcjjblcrpQ1WbLFRNJtLiYKwH9ny12cTqvX65QyRjWKFEEWxBik6NImDnz3PyLRBAGcBzmT*HEiD2VN7*4IemK6tC9XmiYsOqPvcg49oN5X2jFpGcPOytIL68xDHzxi1HO5elrcNe7CKv9QIVvamGLci39Kypc7dJgXVliFykebLlwhWcGpQ-hfamZD63FrtEVw8maKLeJqBh2WYKvFj4iIK1ANY-6sTUnGcL5ZR87bymZYAmMK-6e4U*NKzd37GN0fQ49uaRR8c8Dw-Vbr3E4Fg71fMrvFWlfwQ5q5Wikhlm-S-HRYvNK79uN1GkHTdL7*NQekpp0piQbko0sAisOSORGj92v-TOO5DvIhKOrXYYhroG1bSRb0jiT0*NDMBMVVOCW5ShWNvguEmuwGqJ*54-F4DbjidCXpDnhIoU8cUVZ*ZMCJeZhwfqIDxUcWDZiDRnQyBfcZEetkYpdPOsGvVJm8pMQcOV-LRD4Sre-xi6Eoh44gC0GD8saEv8lSC9z-ernKSPFUf2Ag6ayRGo*HgDThod-v5swmMEtbrK*88UKuxpbfQGY6f2ad5EMNOW849XXiC7*iY9mVEsW0aRA1lje6NXQHB9ylCXpSmlZm*bH9xNWL4EftRaNk5i17QeK-mp7y6fuIGK10yQ0dd908WUdd2ZiLbgr4Et*NgdUZshfGECEAsO199HU-bwamK-eo8jRxft6KtvuLLaDC7G4w4T5HXj4yW5aBOeoIUB2iOd69fAVMTLyMO85NtxIkAkMB9zWjZoAHwjvjCtj8W54EOJ2w4-5l8PTmHin5yTc3D6WG9N4SF0b7skrMBRRMD14JwY8Ojlrj3Tr14zTtACcPJWsYSCVbDeOHDh*2AX8GIGVnVn7YJQLephxabGRb-29*k*kuQACAAAAuty8CgAAAAA&rclid=e6f5f27b47e3c810&cost=202.21862&tp=",
   "webSocketDebuggerUrl": "ws://localhost:56370/devtools/page/9D347EC619C38B72199CAD9AAD4E364D"
}, {
   "description": "",
   "devtoolsFrontendUrl": "/devtools/inspector.html?ws=localhost:56370/devtools/page/F3EC318757F0505B82DA5C0D952E8103",
   "faviconUrl": "https://www.rambler.ru/favicon/favicon-32x32.png",
   "id": "F3EC318757F0505B82DA5C0D952E8103",
   "parentId": "F04678564F21ED2B83F8A3B03BF6A49A",
   "title": "https://ls.hit.gemius.pl/lsget.html",
   "type": "iframe",
   "url": "https://ls.hit.gemius.pl/lsget.html",
   "webSocketDebuggerUrl": "ws://localhost:56370/devtools/page/F3EC318757F0505B82DA5C0D952E8103"
}, {
   "description": "",
   "devtoolsFrontendUrl": "/devtools/inspector.html?ws=localhost:56370/devtools/page/F484F499216FC8B8CE60AFF6B193B869",
   "faviconUrl": "https://www.rambler.ru/favicon/favicon-32x32.png",
   "id": "F484F499216FC8B8CE60AFF6B193B869",
   "parentId": "F04678564F21ED2B83F8A3B03BF6A49A",
   "title": "https://www.google.com/recaptcha/api2/aframe",
   "type": "iframe",
   "url": "https://www.google.com/recaptcha/api2/aframe",
   "webSocketDebuggerUrl": "ws://localhost:56370/devtools/page/F484F499216FC8B8CE60AFF6B193B869"
}, {
   "description": "",
   "devtoolsFrontendUrl": "/devtools/inspector.html?ws=localhost:56370/devtools/page/C32AA4A4F2BA2890C9C7625444AA276F",
   "faviconUrl": "https://www.rambler.ru/favicon/favicon-32x32.png",
   "id": "C32AA4A4F2BA2890C9C7625444AA276F",
   "parentId": "F04678564F21ED2B83F8A3B03BF6A49A",
   "title": "https://www.google.com/recaptcha/api2/aframe",
   "type": "iframe",
   "url": "https://www.google.com/recaptcha/api2/aframe",
   "webSocketDebuggerUrl": "ws://localhost:56370/devtools/page/C32AA4A4F2BA2890C9C7625444AA276F"
}, {
   "description": "",
   "devtoolsFrontendUrl": "/devtools/inspector.html?ws=localhost:56370/devtools/page/6344B34A9CC8670D7F832C0D4B615D44",
   "faviconUrl": "https://www.rambler.ru/favicon/favicon-32x32.png",
   "id": "6344B34A9CC8670D7F832C0D4B615D44",
   "parentId": "F04678564F21ED2B83F8A3B03BF6A49A",
   "title": "https://13ab988306a97e83b928c4dac4459b8c.safeframe.googlesyndication.com/safeframe/1-0-38/html/container.html?n=1",
   "type": "iframe",
   "url": "https://13ab988306a97e83b928c4dac4459b8c.safeframe.googlesyndication.com/safeframe/1-0-38/html/container.html?n=1",
   "webSocketDebuggerUrl": "ws://localhost:56370/devtools/page/6344B34A9CC8670D7F832C0D4B615D44"
}, {
   "description": "",
   "devtoolsFrontendUrl": "/devtools/inspector.html?ws=localhost:56370/devtools/page/BB7003F7C30F7AB4C83A616F9A4D46BC",
   "id": "BB7003F7C30F7AB4C83A616F9A4D46BC",
   "title": "Service Worker https://www.rambler.ru/sw-desktop.js",
   "type": "service_worker",
   "url": "https://www.rambler.ru/sw-desktop.js",
   "webSocketDebuggerUrl": "ws://localhost:56370/devtools/page/BB7003F7C30F7AB4C83A616F9A4D46BC"
} ]

[1643918782.498][DEBUG]: DevTools HTTP Request: http://localhost:56370/json/list
[1643918782.563][DEBUG]: DevTools HTTP Response: [ {
   "description": "",
   "devtoolsFrontendUrl": "/devtools/inspector.html?ws=localhost:56370/devtools/page/BB7003F7C30F7AB4C83A616F9A4D46BC",
   "id": "BB7003F7C30F7AB4C83A616F9A4D46BC",
   "title": "Service Worker https://www.rambler.ru/sw-desktop.js",
   "type": "service_worker",
   "url": "https://www.rambler.ru/sw-desktop.js",
   "webSocketDebuggerUrl": "ws://localhost:56370/devtools/page/BB7003F7C30F7AB4C83A616F9A4D46BC"
} ]

[1643918782.766][INFO]: [edca2231cae8720e2c64f44c6ba11a6c] RESPONSE CloseWindow [  ]
[1643918782.766][DEBUG]: Log type 'driver' lost 0 entries on destruction
[1643918782.766][DEBUG]: Log type 'browser' lost 3 entries on destruction
]]></system-err>
</testsuite>
