<?xml version="1.0" encoding="UTF-8"?>
<testsuite xmlns:xsi="http://www.w3.org/2001/XMLSchema-instance" xsi:noNamespaceSchemaLocation="https://maven.apache.org/surefire/maven-surefire-plugin/xsd/surefire-test-report.xsd" name="rest.RestTest" time="21.216" tests="2" errors="0" skipped="0" failures="0">
  <properties>
    <property name="gopherProxySet" value="false"/>
    <property name="awt.toolkit" value="sun.lwawt.macosx.LWCToolkit"/>
    <property name="file.encoding.pkg" value="sun.io"/>
    <property name="java.specification.version" value="1.8"/>
    <property name="sun.cpu.isalist" value=""/>
    <property name="sun.jnu.encoding" value="UTF-8"/>
    <property name="java.class.path" value="/Users/vnvc/IdeaProjects/java-basics/target/test-classes:/Users/vnvc/IdeaProjects/java-basics/target/classes:/Users/vnvc/.m2/repository/org/junit/platform/junit-platform-launcher/1.7.0/junit-platform-launcher-1.7.0.jar:/Users/vnvc/.m2/repository/org/apiguardian/apiguardian-api/1.1.0/apiguardian-api-1.1.0.jar:/Users/vnvc/.m2/repository/org/junit/platform/junit-platform-engine/1.7.0/junit-platform-engine-1.7.0.jar:/Users/vnvc/.m2/repository/org/opentest4j/opentest4j/1.2.0/opentest4j-1.2.0.jar:/Users/vnvc/.m2/repository/org/junit/platform/junit-platform-commons/1.7.0/junit-platform-commons-1.7.0.jar:/Users/vnvc/.m2/repository/org/junit/jupiter/junit-jupiter-engine/5.7.0/junit-jupiter-engine-5.7.0.jar:/Users/vnvc/.m2/repository/org/junit/jupiter/junit-jupiter-api/5.7.0/junit-jupiter-api-5.7.0.jar:/Users/vnvc/.m2/repository/org/junit/jupiter/junit-jupiter-params/5.7.0/junit-jupiter-params-5.7.0.jar:/Users/vnvc/.m2/repository/io/rest-assured/rest-assured/4.3.2/rest-assured-4.3.2.jar:/Users/vnvc/.m2/repository/org/codehaus/groovy/groovy/3.0.6/groovy-3.0.6.jar:/Users/vnvc/.m2/repository/org/codehaus/groovy/groovy-xml/3.0.6/groovy-xml-3.0.6.jar:/Users/vnvc/.m2/repository/org/apache/httpcomponents/httpclient/4.5.3/httpclient-4.5.3.jar:/Users/vnvc/.m2/repository/org/apache/httpcomponents/httpcore/4.4.6/httpcore-4.4.6.jar:/Users/vnvc/.m2/repository/commons-logging/commons-logging/1.2/commons-logging-1.2.jar:/Users/vnvc/.m2/repository/commons-codec/commons-codec/1.9/commons-codec-1.9.jar:/Users/vnvc/.m2/repository/org/apache/httpcomponents/httpmime/4.5.3/httpmime-4.5.3.jar:/Users/vnvc/.m2/repository/org/hamcrest/hamcrest/2.1/hamcrest-2.1.jar:/Users/vnvc/.m2/repository/org/ccil/cowan/tagsoup/tagsoup/1.2.1/tagsoup-1.2.1.jar:/Users/vnvc/.m2/repository/io/rest-assured/json-path/4.3.2/json-path-4.3.2.jar:/Users/vnvc/.m2/repository/org/codehaus/groovy/groovy-json/3.0.6/groovy-json-3.0.6.jar:/Users/vnvc/.m2/repository/io/rest-assured/rest-assured-common/4.3.2/rest-assured-common-4.3.2.jar:/Users/vnvc/.m2/repository/io/rest-assured/xml-path/4.3.2/xml-path-4.3.2.jar:/Users/vnvc/.m2/repository/org/apache/commons/commons-lang3/3.11/commons-lang3-3.11.jar:/Users/vnvc/.m2/repository/jakarta/xml/bind/jakarta.xml.bind-api/2.3.3/jakarta.xml.bind-api-2.3.3.jar:/Users/vnvc/.m2/repository/jakarta/activation/jakarta.activation-api/1.2.2/jakarta.activation-api-1.2.2.jar:/Users/vnvc/.m2/repository/com/sun/xml/bind/jaxb-impl/2.3.3/jaxb-impl-2.3.3.jar:/Users/vnvc/.m2/repository/com/fasterxml/jackson/core/jackson-annotations/2.10.4/jackson-annotations-2.10.4.jar:/Users/vnvc/.m2/repository/com/fasterxml/jackson/core/jackson-core/2.10.4/jackson-core-2.10.4.jar:/Users/vnvc/.m2/repository/com/fasterxml/jackson/core/jackson-databind/2.10.4/jackson-databind-2.10.4.jar:/Users/vnvc/.m2/repository/org/projectlombok/lombok/1.18.16/lombok-1.18.16.jar:/Users/vnvc/.m2/repository/org/assertj/assertj-core/3.19.0/assertj-core-3.19.0.jar:/Users/vnvc/.m2/repository/org/seleniumhq/selenium/selenium-java/4.0.0-beta-1/selenium-java-4.0.0-beta-1.jar:/Users/vnvc/.m2/repository/org/seleniumhq/selenium/selenium-api/4.0.0-beta-1/selenium-api-4.0.0-beta-1.jar:/Users/vnvc/.m2/repository/org/seleniumhq/selenium/selenium-chrome-driver/4.0.0-beta-1/selenium-chrome-driver-4.0.0-beta-1.jar:/Users/vnvc/.m2/repository/com/google/auto/service/auto-service-annotations/1.0-rc7/auto-service-annotations-1.0-rc7.jar:/Users/vnvc/.m2/repository/com/google/auto/service/auto-service/1.0-rc7/auto-service-1.0-rc7.jar:/Users/vnvc/.m2/repository/com/google/auto/auto-common/0.10/auto-common-0.10.jar:/Users/vnvc/.m2/repository/com/google/guava/guava/30.1-jre/guava-30.1-jre.jar:/Users/vnvc/.m2/repository/com/google/guava/failureaccess/1.0.1/failureaccess-1.0.1.jar:/Users/vnvc/.m2/repository/com/google/guava/listenablefuture/9999.0-empty-to-avoid-conflict-with-guava/listenablefuture-9999.0-empty-to-avoid-conflict-with-guava.jar:/Users/vnvc/.m2/repository/com/google/code/findbugs/jsr305/3.0.2/jsr305-3.0.2.jar:/Users/vnvc/.m2/repository/org/checkerframework/checker-qual/3.5.0/checker-qual-3.5.0.jar:/Users/vnvc/.m2/repository/com/google/errorprone/error_prone_annotations/2.3.4/error_prone_annotations-2.3.4.jar:/Users/vnvc/.m2/repository/com/google/j2objc/j2objc-annotations/1.3/j2objc-annotations-1.3.jar:/Users/vnvc/.m2/repository/org/seleniumhq/selenium/selenium-chromium-driver/4.0.0-beta-1/selenium-chromium-driver-4.0.0-beta-1.jar:/Users/vnvc/.m2/repository/org/seleniumhq/selenium/selenium-devtools/4.0.0-beta-1/selenium-devtools-4.0.0-beta-1.jar:/Users/vnvc/.m2/repository/org/seleniumhq/selenium/selenium-http/4.0.0-beta-1/selenium-http-4.0.0-beta-1.jar:/Users/vnvc/.m2/repository/org/seleniumhq/selenium/selenium-json/4.0.0-beta-1/selenium-json-4.0.0-beta-1.jar:/Users/vnvc/.m2/repository/org/seleniumhq/selenium/selenium-devtools-v86/4.0.0-beta-1/selenium-devtools-v86-4.0.0-beta-1.jar:/Users/vnvc/.m2/repository/org/seleniumhq/selenium/selenium-devtools-v87/4.0.0-beta-1/selenium-devtools-v87-4.0.0-beta-1.jar:/Users/vnvc/.m2/repository/org/seleniumhq/selenium/selenium-devtools-v88/4.0.0-beta-1/selenium-devtools-v88-4.0.0-beta-1.jar:/Users/vnvc/.m2/repository/org/seleniumhq/selenium/selenium-devtools-v89/4.0.0-beta-1/selenium-devtools-v89-4.0.0-beta-1.jar:/Users/vnvc/.m2/repository/org/seleniumhq/selenium/selenium-edge-driver/4.0.0-beta-1/selenium-edge-driver-4.0.0-beta-1.jar:/Users/vnvc/.m2/repository/org/seleniumhq/selenium/selenium-firefox-driver/4.0.0-beta-1/selenium-firefox-driver-4.0.0-beta-1.jar:/Users/vnvc/.m2/repository/org/seleniumhq/selenium/selenium-firefox-xpi-driver/4.0.0-beta-1/selenium-firefox-xpi-driver-4.0.0-beta-1.jar:/Users/vnvc/.m2/repository/org/seleniumhq/selenium/selenium-ie-driver/4.0.0-beta-1/selenium-ie-driver-4.0.0-beta-1.jar:/Users/vnvc/.m2/repository/org/seleniumhq/selenium/selenium-opera-driver/4.0.0-beta-1/selenium-opera-driver-4.0.0-beta-1.jar:/Users/vnvc/.m2/repository/org/seleniumhq/selenium/selenium-remote-driver/4.0.0-beta-1/selenium-remote-driver-4.0.0-beta-1.jar:/Users/vnvc/.m2/repository/io/netty/netty-buffer/4.1.58.Final/netty-buffer-4.1.58.Final.jar:/Users/vnvc/.m2/repository/io/netty/netty-codec-http/4.1.58.Final/netty-codec-http-4.1.58.Final.jar:/Users/vnvc/.m2/repository/io/netty/netty-codec/4.1.58.Final/netty-codec-4.1.58.Final.jar:/Users/vnvc/.m2/repository/io/netty/netty-handler/4.1.58.Final/netty-handler-4.1.58.Final.jar:/Users/vnvc/.m2/repository/io/netty/netty-common/4.1.58.Final/netty-common-4.1.58.Final.jar:/Users/vnvc/.m2/repository/io/netty/netty-transport-native-epoll/4.1.58.Final/netty-transport-native-epoll-4.1.58.Final.jar:/Users/vnvc/.m2/repository/io/netty/netty-transport-native-kqueue/4.1.58.Final/netty-transport-native-kqueue-4.1.58.Final.jar:/Users/vnvc/.m2/repository/io/netty/netty-transport-native-unix-common/4.1.58.Final/netty-transport-native-unix-common-4.1.58.Final.jar:/Users/vnvc/.m2/repository/io/netty/netty-transport/4.1.58.Final/netty-transport-4.1.58.Final.jar:/Users/vnvc/.m2/repository/io/netty/netty-resolver/4.1.58.Final/netty-resolver-4.1.58.Final.jar:/Users/vnvc/.m2/repository/io/opentelemetry/opentelemetry-api/0.14.1/opentelemetry-api-0.14.1.jar:/Users/vnvc/.m2/repository/io/opentelemetry/opentelemetry-context/0.14.1/opentelemetry-context-0.14.1.jar:/Users/vnvc/.m2/repository/io/opentelemetry/opentelemetry-exporter-logging/0.14.1/opentelemetry-exporter-logging-0.14.1.jar:/Users/vnvc/.m2/repository/io/opentelemetry/opentelemetry-sdk-metrics/0.14.1-alpha/opentelemetry-sdk-metrics-0.14.1-alpha.jar:/Users/vnvc/.m2/repository/io/opentelemetry/opentelemetry-sdk-common/0.14.1/opentelemetry-sdk-common-0.14.1.jar:/Users/vnvc/.m2/repository/io/opentelemetry/opentelemetry-sdk-trace/0.14.1/opentelemetry-sdk-trace-0.14.1.jar:/Users/vnvc/.m2/repository/io/opentelemetry/opentelemetry-api-metrics/0.14.1-alpha/opentelemetry-api-metrics-0.14.1-alpha.jar:/Users/vnvc/.m2/repository/io/opentelemetry/opentelemetry-sdk/0.14.1/opentelemetry-sdk-0.14.1.jar:/Users/vnvc/.m2/repository/io/opentelemetry/opentelemetry-semconv/0.14.1/opentelemetry-semconv-0.14.1.jar:/Users/vnvc/.m2/repository/net/bytebuddy/byte-buddy/1.10.19/byte-buddy-1.10.19.jar:/Users/vnvc/.m2/repository/org/apache/commons/commons-exec/1.3/commons-exec-1.3.jar:/Users/vnvc/.m2/repository/org/asynchttpclient/async-http-client/2.12.2/async-http-client-2.12.2.jar:/Users/vnvc/.m2/repository/org/asynchttpclient/async-http-client-netty-utils/2.12.2/async-http-client-netty-utils-2.12.2.jar:/Users/vnvc/.m2/repository/io/netty/netty-codec-socks/4.1.53.Final/netty-codec-socks-4.1.53.Final.jar:/Users/vnvc/.m2/repository/io/netty/netty-handler-proxy/4.1.53.Final/netty-handler-proxy-4.1.53.Final.jar:/Users/vnvc/.m2/repository/io/netty/netty-transport-native-epoll/4.1.53.Final/netty-transport-native-epoll-4.1.53.Final-linux-x86_64.jar:/Users/vnvc/.m2/repository/io/netty/netty-transport-native-kqueue/4.1.53.Final/netty-transport-native-kqueue-4.1.53.Final-osx-x86_64.jar:/Users/vnvc/.m2/repository/org/reactivestreams/reactive-streams/1.0.3/reactive-streams-1.0.3.jar:/Users/vnvc/.m2/repository/com/typesafe/netty/netty-reactive-streams/2.0.4/netty-reactive-streams-2.0.4.jar:/Users/vnvc/.m2/repository/com/sun/activation/jakarta.activation/1.2.2/jakarta.activation-1.2.2.jar:/Users/vnvc/.m2/repository/org/seleniumhq/selenium/selenium-safari-driver/4.0.0-beta-1/selenium-safari-driver-4.0.0-beta-1.jar:/Users/vnvc/.m2/repository/org/seleniumhq/selenium/selenium-support/4.0.0-beta-1/selenium-support-4.0.0-beta-1.jar:/Users/vnvc/.m2/repository/com/typesafe/config/1.4.1/config-1.4.1.jar:/Users/vnvc/.m2/repository/io/qameta/allure/allure-junit5/2.14.0/allure-junit5-2.14.0.jar:/Users/vnvc/.m2/repository/io/qameta/allure/allure-junit-platform/2.14.0/allure-junit-platform-2.14.0.jar:/Users/vnvc/.m2/repository/io/qameta/allure/allure-test-filter/2.14.0/allure-test-filter-2.14.0.jar:/Users/vnvc/.m2/repository/io/qameta/allure/allure-rest-assured/2.14.0/allure-rest-assured-2.14.0.jar:/Users/vnvc/.m2/repository/io/qameta/allure/allure-attachments/2.14.0/allure-attachments-2.14.0.jar:/Users/vnvc/.m2/repository/org/freemarker/freemarker/2.3.31/freemarker-2.3.31.jar:/Users/vnvc/.m2/repository/io/qameta/allure/allure-assertj/2.14.0/allure-assertj-2.14.0.jar:/Users/vnvc/.m2/repository/io/qameta/allure/allure-java-commons/2.14.0/allure-java-commons-2.14.0.jar:/Users/vnvc/.m2/repository/org/slf4j/slf4j-api/1.7.30/slf4j-api-1.7.30.jar:/Users/vnvc/.m2/repository/io/qameta/allure/allure-model/2.14.0/allure-model-2.14.0.jar:/Users/vnvc/.m2/repository/org/apache/tika/tika-core/1.26/tika-core-1.26.jar:/Users/vnvc/.m2/repository/org/jooq/joor-java-8/0.9.14/joor-java-8-0.9.14.jar:/Users/vnvc/.m2/repository/org/aspectj/aspectjweaver/1.9.6/aspectjweaver-1.9.6.jar:/Users/vnvc/.m2/repository/org/apache/logging/log4j/log4j-core/2.7/log4j-core-2.7.jar:/Users/vnvc/.m2/repository/org/apache/logging/log4j/log4j-api/2.7/log4j-api-2.7.jar:/Users/vnvc/.m2/repository/org/apache/logging/log4j/log4j-core/2.7/log4j-core-2.7-tests.jar:"/>
    <property name="java.vm.vendor" value="Oracle Corporation"/>
    <property name="sun.arch.data.model" value="64"/>
    <property name="java.vendor.url" value="http://java.oracle.com/"/>
    <property name="user.timezone" value="Asia/Nicosia"/>
    <property name="user.country.format" value="RU"/>
    <property name="java.vm.specification.version" value="1.8"/>
    <property name="os.name" value="Mac OS X"/>
    <property name="user.country" value="GB"/>
    <property name="sun.java.launcher" value="SUN_STANDARD"/>
    <property name="sun.boot.library.path" value="/Library/Java/JavaVirtualMachines/jdk1.8.0_241.jdk/Contents/Home/jre/lib"/>
    <property name="sun.java.command" value="/Users/vnvc/IdeaProjects/java-basics/target/surefire/surefirebooter4937593759530005290.jar /Users/vnvc/IdeaProjects/java-basics/target/surefire 2022-05-21T21-37-14_987-jvmRun1 surefire1231940616237937257tmp surefire_03400845865252831370tmp"/>
    <property name="http.nonProxyHosts" value="local|*.local|169.254/16|*.169.254/16"/>
    <property name="surefire.test.class.path" value="/Users/vnvc/IdeaProjects/java-basics/target/test-classes:/Users/vnvc/IdeaProjects/java-basics/target/classes:/Users/vnvc/.m2/repository/org/junit/platform/junit-platform-launcher/1.7.0/junit-platform-launcher-1.7.0.jar:/Users/vnvc/.m2/repository/org/apiguardian/apiguardian-api/1.1.0/apiguardian-api-1.1.0.jar:/Users/vnvc/.m2/repository/org/junit/platform/junit-platform-engine/1.7.0/junit-platform-engine-1.7.0.jar:/Users/vnvc/.m2/repository/org/opentest4j/opentest4j/1.2.0/opentest4j-1.2.0.jar:/Users/vnvc/.m2/repository/org/junit/platform/junit-platform-commons/1.7.0/junit-platform-commons-1.7.0.jar:/Users/vnvc/.m2/repository/org/junit/jupiter/junit-jupiter-engine/5.7.0/junit-jupiter-engine-5.7.0.jar:/Users/vnvc/.m2/repository/org/junit/jupiter/junit-jupiter-api/5.7.0/junit-jupiter-api-5.7.0.jar:/Users/vnvc/.m2/repository/org/junit/jupiter/junit-jupiter-params/5.7.0/junit-jupiter-params-5.7.0.jar:/Users/vnvc/.m2/repository/io/rest-assured/rest-assured/4.3.2/rest-assured-4.3.2.jar:/Users/vnvc/.m2/repository/org/codehaus/groovy/groovy/3.0.6/groovy-3.0.6.jar:/Users/vnvc/.m2/repository/org/codehaus/groovy/groovy-xml/3.0.6/groovy-xml-3.0.6.jar:/Users/vnvc/.m2/repository/org/apache/httpcomponents/httpclient/4.5.3/httpclient-4.5.3.jar:/Users/vnvc/.m2/repository/org/apache/httpcomponents/httpcore/4.4.6/httpcore-4.4.6.jar:/Users/vnvc/.m2/repository/commons-logging/commons-logging/1.2/commons-logging-1.2.jar:/Users/vnvc/.m2/repository/commons-codec/commons-codec/1.9/commons-codec-1.9.jar:/Users/vnvc/.m2/repository/org/apache/httpcomponents/httpmime/4.5.3/httpmime-4.5.3.jar:/Users/vnvc/.m2/repository/org/hamcrest/hamcrest/2.1/hamcrest-2.1.jar:/Users/vnvc/.m2/repository/org/ccil/cowan/tagsoup/tagsoup/1.2.1/tagsoup-1.2.1.jar:/Users/vnvc/.m2/repository/io/rest-assured/json-path/4.3.2/json-path-4.3.2.jar:/Users/vnvc/.m2/repository/org/codehaus/groovy/groovy-json/3.0.6/groovy-json-3.0.6.jar:/Users/vnvc/.m2/repository/io/rest-assured/rest-assured-common/4.3.2/rest-assured-common-4.3.2.jar:/Users/vnvc/.m2/repository/io/rest-assured/xml-path/4.3.2/xml-path-4.3.2.jar:/Users/vnvc/.m2/repository/org/apache/commons/commons-lang3/3.11/commons-lang3-3.11.jar:/Users/vnvc/.m2/repository/jakarta/xml/bind/jakarta.xml.bind-api/2.3.3/jakarta.xml.bind-api-2.3.3.jar:/Users/vnvc/.m2/repository/jakarta/activation/jakarta.activation-api/1.2.2/jakarta.activation-api-1.2.2.jar:/Users/vnvc/.m2/repository/com/sun/xml/bind/jaxb-impl/2.3.3/jaxb-impl-2.3.3.jar:/Users/vnvc/.m2/repository/com/fasterxml/jackson/core/jackson-annotations/2.10.4/jackson-annotations-2.10.4.jar:/Users/vnvc/.m2/repository/com/fasterxml/jackson/core/jackson-core/2.10.4/jackson-core-2.10.4.jar:/Users/vnvc/.m2/repository/com/fasterxml/jackson/core/jackson-databind/2.10.4/jackson-databind-2.10.4.jar:/Users/vnvc/.m2/repository/org/projectlombok/lombok/1.18.16/lombok-1.18.16.jar:/Users/vnvc/.m2/repository/org/assertj/assertj-core/3.19.0/assertj-core-3.19.0.jar:/Users/vnvc/.m2/repository/org/seleniumhq/selenium/selenium-java/4.0.0-beta-1/selenium-java-4.0.0-beta-1.jar:/Users/vnvc/.m2/repository/org/seleniumhq/selenium/selenium-api/4.0.0-beta-1/selenium-api-4.0.0-beta-1.jar:/Users/vnvc/.m2/repository/org/seleniumhq/selenium/selenium-chrome-driver/4.0.0-beta-1/selenium-chrome-driver-4.0.0-beta-1.jar:/Users/vnvc/.m2/repository/com/google/auto/service/auto-service-annotations/1.0-rc7/auto-service-annotations-1.0-rc7.jar:/Users/vnvc/.m2/repository/com/google/auto/service/auto-service/1.0-rc7/auto-service-1.0-rc7.jar:/Users/vnvc/.m2/repository/com/google/auto/auto-common/0.10/auto-common-0.10.jar:/Users/vnvc/.m2/repository/com/google/guava/guava/30.1-jre/guava-30.1-jre.jar:/Users/vnvc/.m2/repository/com/google/guava/failureaccess/1.0.1/failureaccess-1.0.1.jar:/Users/vnvc/.m2/repository/com/google/guava/listenablefuture/9999.0-empty-to-avoid-conflict-with-guava/listenablefuture-9999.0-empty-to-avoid-conflict-with-guava.jar:/Users/vnvc/.m2/repository/com/google/code/findbugs/jsr305/3.0.2/jsr305-3.0.2.jar:/Users/vnvc/.m2/repository/org/checkerframework/checker-qual/3.5.0/checker-qual-3.5.0.jar:/Users/vnvc/.m2/repository/com/google/errorprone/error_prone_annotations/2.3.4/error_prone_annotations-2.3.4.jar:/Users/vnvc/.m2/repository/com/google/j2objc/j2objc-annotations/1.3/j2objc-annotations-1.3.jar:/Users/vnvc/.m2/repository/org/seleniumhq/selenium/selenium-chromium-driver/4.0.0-beta-1/selenium-chromium-driver-4.0.0-beta-1.jar:/Users/vnvc/.m2/repository/org/seleniumhq/selenium/selenium-devtools/4.0.0-beta-1/selenium-devtools-4.0.0-beta-1.jar:/Users/vnvc/.m2/repository/org/seleniumhq/selenium/selenium-http/4.0.0-beta-1/selenium-http-4.0.0-beta-1.jar:/Users/vnvc/.m2/repository/org/seleniumhq/selenium/selenium-json/4.0.0-beta-1/selenium-json-4.0.0-beta-1.jar:/Users/vnvc/.m2/repository/org/seleniumhq/selenium/selenium-devtools-v86/4.0.0-beta-1/selenium-devtools-v86-4.0.0-beta-1.jar:/Users/vnvc/.m2/repository/org/seleniumhq/selenium/selenium-devtools-v87/4.0.0-beta-1/selenium-devtools-v87-4.0.0-beta-1.jar:/Users/vnvc/.m2/repository/org/seleniumhq/selenium/selenium-devtools-v88/4.0.0-beta-1/selenium-devtools-v88-4.0.0-beta-1.jar:/Users/vnvc/.m2/repository/org/seleniumhq/selenium/selenium-devtools-v89/4.0.0-beta-1/selenium-devtools-v89-4.0.0-beta-1.jar:/Users/vnvc/.m2/repository/org/seleniumhq/selenium/selenium-edge-driver/4.0.0-beta-1/selenium-edge-driver-4.0.0-beta-1.jar:/Users/vnvc/.m2/repository/org/seleniumhq/selenium/selenium-firefox-driver/4.0.0-beta-1/selenium-firefox-driver-4.0.0-beta-1.jar:/Users/vnvc/.m2/repository/org/seleniumhq/selenium/selenium-firefox-xpi-driver/4.0.0-beta-1/selenium-firefox-xpi-driver-4.0.0-beta-1.jar:/Users/vnvc/.m2/repository/org/seleniumhq/selenium/selenium-ie-driver/4.0.0-beta-1/selenium-ie-driver-4.0.0-beta-1.jar:/Users/vnvc/.m2/repository/org/seleniumhq/selenium/selenium-opera-driver/4.0.0-beta-1/selenium-opera-driver-4.0.0-beta-1.jar:/Users/vnvc/.m2/repository/org/seleniumhq/selenium/selenium-remote-driver/4.0.0-beta-1/selenium-remote-driver-4.0.0-beta-1.jar:/Users/vnvc/.m2/repository/io/netty/netty-buffer/4.1.58.Final/netty-buffer-4.1.58.Final.jar:/Users/vnvc/.m2/repository/io/netty/netty-codec-http/4.1.58.Final/netty-codec-http-4.1.58.Final.jar:/Users/vnvc/.m2/repository/io/netty/netty-codec/4.1.58.Final/netty-codec-4.1.58.Final.jar:/Users/vnvc/.m2/repository/io/netty/netty-handler/4.1.58.Final/netty-handler-4.1.58.Final.jar:/Users/vnvc/.m2/repository/io/netty/netty-common/4.1.58.Final/netty-common-4.1.58.Final.jar:/Users/vnvc/.m2/repository/io/netty/netty-transport-native-epoll/4.1.58.Final/netty-transport-native-epoll-4.1.58.Final.jar:/Users/vnvc/.m2/repository/io/netty/netty-transport-native-kqueue/4.1.58.Final/netty-transport-native-kqueue-4.1.58.Final.jar:/Users/vnvc/.m2/repository/io/netty/netty-transport-native-unix-common/4.1.58.Final/netty-transport-native-unix-common-4.1.58.Final.jar:/Users/vnvc/.m2/repository/io/netty/netty-transport/4.1.58.Final/netty-transport-4.1.58.Final.jar:/Users/vnvc/.m2/repository/io/netty/netty-resolver/4.1.58.Final/netty-resolver-4.1.58.Final.jar:/Users/vnvc/.m2/repository/io/opentelemetry/opentelemetry-api/0.14.1/opentelemetry-api-0.14.1.jar:/Users/vnvc/.m2/repository/io/opentelemetry/opentelemetry-context/0.14.1/opentelemetry-context-0.14.1.jar:/Users/vnvc/.m2/repository/io/opentelemetry/opentelemetry-exporter-logging/0.14.1/opentelemetry-exporter-logging-0.14.1.jar:/Users/vnvc/.m2/repository/io/opentelemetry/opentelemetry-sdk-metrics/0.14.1-alpha/opentelemetry-sdk-metrics-0.14.1-alpha.jar:/Users/vnvc/.m2/repository/io/opentelemetry/opentelemetry-sdk-common/0.14.1/opentelemetry-sdk-common-0.14.1.jar:/Users/vnvc/.m2/repository/io/opentelemetry/opentelemetry-sdk-trace/0.14.1/opentelemetry-sdk-trace-0.14.1.jar:/Users/vnvc/.m2/repository/io/opentelemetry/opentelemetry-api-metrics/0.14.1-alpha/opentelemetry-api-metrics-0.14.1-alpha.jar:/Users/vnvc/.m2/repository/io/opentelemetry/opentelemetry-sdk/0.14.1/opentelemetry-sdk-0.14.1.jar:/Users/vnvc/.m2/repository/io/opentelemetry/opentelemetry-semconv/0.14.1/opentelemetry-semconv-0.14.1.jar:/Users/vnvc/.m2/repository/net/bytebuddy/byte-buddy/1.10.19/byte-buddy-1.10.19.jar:/Users/vnvc/.m2/repository/org/apache/commons/commons-exec/1.3/commons-exec-1.3.jar:/Users/vnvc/.m2/repository/org/asynchttpclient/async-http-client/2.12.2/async-http-client-2.12.2.jar:/Users/vnvc/.m2/repository/org/asynchttpclient/async-http-client-netty-utils/2.12.2/async-http-client-netty-utils-2.12.2.jar:/Users/vnvc/.m2/repository/io/netty/netty-codec-socks/4.1.53.Final/netty-codec-socks-4.1.53.Final.jar:/Users/vnvc/.m2/repository/io/netty/netty-handler-proxy/4.1.53.Final/netty-handler-proxy-4.1.53.Final.jar:/Users/vnvc/.m2/repository/io/netty/netty-transport-native-epoll/4.1.53.Final/netty-transport-native-epoll-4.1.53.Final-linux-x86_64.jar:/Users/vnvc/.m2/repository/io/netty/netty-transport-native-kqueue/4.1.53.Final/netty-transport-native-kqueue-4.1.53.Final-osx-x86_64.jar:/Users/vnvc/.m2/repository/org/reactivestreams/reactive-streams/1.0.3/reactive-streams-1.0.3.jar:/Users/vnvc/.m2/repository/com/typesafe/netty/netty-reactive-streams/2.0.4/netty-reactive-streams-2.0.4.jar:/Users/vnvc/.m2/repository/com/sun/activation/jakarta.activation/1.2.2/jakarta.activation-1.2.2.jar:/Users/vnvc/.m2/repository/org/seleniumhq/selenium/selenium-safari-driver/4.0.0-beta-1/selenium-safari-driver-4.0.0-beta-1.jar:/Users/vnvc/.m2/repository/org/seleniumhq/selenium/selenium-support/4.0.0-beta-1/selenium-support-4.0.0-beta-1.jar:/Users/vnvc/.m2/repository/com/typesafe/config/1.4.1/config-1.4.1.jar:/Users/vnvc/.m2/repository/io/qameta/allure/allure-junit5/2.14.0/allure-junit5-2.14.0.jar:/Users/vnvc/.m2/repository/io/qameta/allure/allure-junit-platform/2.14.0/allure-junit-platform-2.14.0.jar:/Users/vnvc/.m2/repository/io/qameta/allure/allure-test-filter/2.14.0/allure-test-filter-2.14.0.jar:/Users/vnvc/.m2/repository/io/qameta/allure/allure-rest-assured/2.14.0/allure-rest-assured-2.14.0.jar:/Users/vnvc/.m2/repository/io/qameta/allure/allure-attachments/2.14.0/allure-attachments-2.14.0.jar:/Users/vnvc/.m2/repository/org/freemarker/freemarker/2.3.31/freemarker-2.3.31.jar:/Users/vnvc/.m2/repository/io/qameta/allure/allure-assertj/2.14.0/allure-assertj-2.14.0.jar:/Users/vnvc/.m2/repository/io/qameta/allure/allure-java-commons/2.14.0/allure-java-commons-2.14.0.jar:/Users/vnvc/.m2/repository/org/slf4j/slf4j-api/1.7.30/slf4j-api-1.7.30.jar:/Users/vnvc/.m2/repository/io/qameta/allure/allure-model/2.14.0/allure-model-2.14.0.jar:/Users/vnvc/.m2/repository/org/apache/tika/tika-core/1.26/tika-core-1.26.jar:/Users/vnvc/.m2/repository/org/jooq/joor-java-8/0.9.14/joor-java-8-0.9.14.jar:/Users/vnvc/.m2/repository/org/aspectj/aspectjweaver/1.9.6/aspectjweaver-1.9.6.jar:/Users/vnvc/.m2/repository/org/apache/logging/log4j/log4j-core/2.7/log4j-core-2.7.jar:/Users/vnvc/.m2/repository/org/apache/logging/log4j/log4j-api/2.7/log4j-api-2.7.jar:/Users/vnvc/.m2/repository/org/apache/logging/log4j/log4j-core/2.7/log4j-core-2.7-tests.jar:"/>
    <property name="sun.cpu.endian" value="little"/>
    <property name="user.home" value="/Users/vnvc"/>
    <property name="user.language" value="en"/>
    <property name="java.specification.vendor" value="Oracle Corporation"/>
    <property name="java.home" value="/Library/Java/JavaVirtualMachines/jdk1.8.0_241.jdk/Contents/Home/jre"/>
    <property name="basedir" value="/Users/vnvc/IdeaProjects/java-basics"/>
    <property name="file.separator" value="/"/>
    <property name="line.separator" value="&#10;"/>
    <property name="java.vm.specification.vendor" value="Oracle Corporation"/>
    <property name="java.specification.name" value="Java Platform API Specification"/>
    <property name="java.awt.graphicsenv" value="sun.awt.CGraphicsEnvironment"/>
    <property name="surefire.real.class.path" value="/Users/vnvc/IdeaProjects/java-basics/target/surefire/surefirebooter4937593759530005290.jar:/Users/vnvc/.m2/repository/org/aspectj/aspectjweaver/1.9.6/aspectjweaver-1.9.6.jar"/>
    <property name="sun.boot.class.path" value="/Library/Java/JavaVirtualMachines/jdk1.8.0_241.jdk/Contents/Home/jre/lib/resources.jar:/Library/Java/JavaVirtualMachines/jdk1.8.0_241.jdk/Contents/Home/jre/lib/rt.jar:/Library/Java/JavaVirtualMachines/jdk1.8.0_241.jdk/Contents/Home/jre/lib/sunrsasign.jar:/Library/Java/JavaVirtualMachines/jdk1.8.0_241.jdk/Contents/Home/jre/lib/jsse.jar:/Library/Java/JavaVirtualMachines/jdk1.8.0_241.jdk/Contents/Home/jre/lib/jce.jar:/Library/Java/JavaVirtualMachines/jdk1.8.0_241.jdk/Contents/Home/jre/lib/charsets.jar:/Library/Java/JavaVirtualMachines/jdk1.8.0_241.jdk/Contents/Home/jre/lib/jfr.jar:/Library/Java/JavaVirtualMachines/jdk1.8.0_241.jdk/Contents/Home/jre/classes"/>
    <property name="sun.management.compiler" value="HotSpot 64-Bit Tiered Compilers"/>
    <property name="ftp.nonProxyHosts" value="local|*.local|169.254/16|*.169.254/16"/>
    <property name="java.runtime.version" value="1.8.0_241-b07"/>
    <property name="user.name" value="vnvc"/>
    <property name="path.separator" value=":"/>
    <property name="os.version" value="10.16"/>
    <property name="java.endorsed.dirs" value="/Library/Java/JavaVirtualMachines/jdk1.8.0_241.jdk/Contents/Home/jre/lib/endorsed"/>
    <property name="java.runtime.name" value="Java(TM) SE Runtime Environment"/>
    <property name="file.encoding" value="UTF-8"/>
    <property name="java.vm.name" value="Java HotSpot(TM) 64-Bit Server VM"/>
    <property name="localRepository" value="/Users/vnvc/.m2/repository"/>
    <property name="java.vendor.url.bug" value="http://bugreport.sun.com/bugreport/"/>
    <property name="java.io.tmpdir" value="/var/folders/z9/0ccbxqr90rb3kcdy5ldw50g80000gn/T/"/>
    <property name="idea.version" value="2021.1"/>
    <property name="java.version" value="1.8.0_241"/>
    <property name="user.dir" value="/Users/vnvc/IdeaProjects/java-basics"/>
    <property name="os.arch" value="x86_64"/>
    <property name="java.vm.specification.name" value="Java Virtual Machine Specification"/>
    <property name="java.awt.printerjob" value="sun.lwawt.macosx.CPrinterJob"/>
    <property name="sun.os.patch.level" value="unknown"/>
    <property name="java.library.path" value="/Users/vnvc/Library/Java/Extensions:/Library/Java/Extensions:/Network/Library/Java/Extensions:/System/Library/Java/Extensions:/usr/lib/java:."/>
    <property name="java.vm.info" value="mixed mode"/>
    <property name="java.vendor" value="Oracle Corporation"/>
    <property name="java.vm.version" value="25.241-b07"/>
    <property name="java.ext.dirs" value="/Users/vnvc/Library/Java/Extensions:/Library/Java/JavaVirtualMachines/jdk1.8.0_241.jdk/Contents/Home/jre/lib/ext:/Library/Java/Extensions:/Network/Library/Java/Extensions:/System/Library/Java/Extensions:/usr/lib/java"/>
    <property name="sun.io.unicode.encoding" value="UnicodeBig"/>
    <property name="java.class.version" value="52.0"/>
    <property name="socksNonProxyHosts" value="local|*.local|169.254/16|*.169.254/16"/>
  </properties>
  <testcase name="createUser" classname="rest.RestTest" time="1.513"/>
  <testcase name="getUsers" classname="rest.RestTest" time="4.837"/>
</testsuite>